[2021-04-01 00:00:01,823] {scheduler_job.py:182} INFO - Started process (PID=127) to work on /home/airflow/.local/lib/python3.6/site-packages/airflow/example_dags/example_bash_operator.py
[2021-04-01 00:00:01,823] {scheduler_job.py:629} INFO - Processing file /home/airflow/.local/lib/python3.6/site-packages/airflow/example_dags/example_bash_operator.py for tasks to queue
[2021-04-01 00:00:01,824] {logging_mixin.py:104} INFO - [2021-04-01 00:00:01,824] {dagbag.py:448} INFO - Filling up the DagBag from /home/airflow/.local/lib/python3.6/site-packages/airflow/example_dags/example_bash_operator.py
[2021-04-01 00:00:01,830] {scheduler_job.py:639} INFO - DAG(s) dict_keys(['example_bash_operator']) retrieved from /home/airflow/.local/lib/python3.6/site-packages/airflow/example_dags/example_bash_operator.py
[2021-04-01 00:00:01,841] {logging_mixin.py:104} INFO - [2021-04-01 00:00:01,841] {dag.py:1818} INFO - Sync 1 DAGs
[2021-04-01 00:00:01,852] {logging_mixin.py:104} INFO - [2021-04-01 00:00:01,852] {dag.py:2273} INFO - Setting next_dagrun for example_bash_operator to 2021-03-30 00:00:00+00:00
[2021-04-01 00:00:01,860] {scheduler_job.py:190} INFO - Processing /home/airflow/.local/lib/python3.6/site-packages/airflow/example_dags/example_bash_operator.py took 0.038 seconds
[2021-04-01 00:00:32,488] {scheduler_job.py:182} INFO - Started process (PID=153) to work on /home/airflow/.local/lib/python3.6/site-packages/airflow/example_dags/example_bash_operator.py
[2021-04-01 00:00:32,489] {scheduler_job.py:629} INFO - Processing file /home/airflow/.local/lib/python3.6/site-packages/airflow/example_dags/example_bash_operator.py for tasks to queue
[2021-04-01 00:00:32,489] {logging_mixin.py:104} INFO - [2021-04-01 00:00:32,489] {dagbag.py:448} INFO - Filling up the DagBag from /home/airflow/.local/lib/python3.6/site-packages/airflow/example_dags/example_bash_operator.py
[2021-04-01 00:00:32,495] {scheduler_job.py:639} INFO - DAG(s) dict_keys(['example_bash_operator']) retrieved from /home/airflow/.local/lib/python3.6/site-packages/airflow/example_dags/example_bash_operator.py
[2021-04-01 00:00:32,506] {logging_mixin.py:104} INFO - [2021-04-01 00:00:32,506] {dag.py:1818} INFO - Sync 1 DAGs
[2021-04-01 00:00:32,517] {logging_mixin.py:104} INFO - [2021-04-01 00:00:32,517] {dag.py:2273} INFO - Setting next_dagrun for example_bash_operator to 2021-03-30 00:00:00+00:00
[2021-04-01 00:00:32,523] {scheduler_job.py:190} INFO - Processing /home/airflow/.local/lib/python3.6/site-packages/airflow/example_dags/example_bash_operator.py took 0.036 seconds
[2021-04-01 00:01:03,143] {scheduler_job.py:182} INFO - Started process (PID=179) to work on /home/airflow/.local/lib/python3.6/site-packages/airflow/example_dags/example_bash_operator.py
[2021-04-01 00:01:03,144] {scheduler_job.py:629} INFO - Processing file /home/airflow/.local/lib/python3.6/site-packages/airflow/example_dags/example_bash_operator.py for tasks to queue
[2021-04-01 00:01:03,144] {logging_mixin.py:104} INFO - [2021-04-01 00:01:03,144] {dagbag.py:448} INFO - Filling up the DagBag from /home/airflow/.local/lib/python3.6/site-packages/airflow/example_dags/example_bash_operator.py
[2021-04-01 00:01:03,151] {scheduler_job.py:639} INFO - DAG(s) dict_keys(['example_bash_operator']) retrieved from /home/airflow/.local/lib/python3.6/site-packages/airflow/example_dags/example_bash_operator.py
[2021-04-01 00:01:03,161] {logging_mixin.py:104} INFO - [2021-04-01 00:01:03,161] {dag.py:1818} INFO - Sync 1 DAGs
[2021-04-01 00:01:03,173] {logging_mixin.py:104} INFO - [2021-04-01 00:01:03,173] {dag.py:2273} INFO - Setting next_dagrun for example_bash_operator to 2021-03-30 00:00:00+00:00
[2021-04-01 00:01:03,179] {scheduler_job.py:190} INFO - Processing /home/airflow/.local/lib/python3.6/site-packages/airflow/example_dags/example_bash_operator.py took 0.037 seconds
[2021-04-01 00:01:33,819] {scheduler_job.py:182} INFO - Started process (PID=205) to work on /home/airflow/.local/lib/python3.6/site-packages/airflow/example_dags/example_bash_operator.py
[2021-04-01 00:01:33,819] {scheduler_job.py:629} INFO - Processing file /home/airflow/.local/lib/python3.6/site-packages/airflow/example_dags/example_bash_operator.py for tasks to queue
[2021-04-01 00:01:33,820] {logging_mixin.py:104} INFO - [2021-04-01 00:01:33,820] {dagbag.py:448} INFO - Filling up the DagBag from /home/airflow/.local/lib/python3.6/site-packages/airflow/example_dags/example_bash_operator.py
[2021-04-01 00:01:33,826] {scheduler_job.py:639} INFO - DAG(s) dict_keys(['example_bash_operator']) retrieved from /home/airflow/.local/lib/python3.6/site-packages/airflow/example_dags/example_bash_operator.py
[2021-04-01 00:01:33,836] {logging_mixin.py:104} INFO - [2021-04-01 00:01:33,836] {dag.py:1818} INFO - Sync 1 DAGs
[2021-04-01 00:01:33,847] {logging_mixin.py:104} INFO - [2021-04-01 00:01:33,847] {dag.py:2273} INFO - Setting next_dagrun for example_bash_operator to 2021-03-30 00:00:00+00:00
[2021-04-01 00:01:33,854] {scheduler_job.py:190} INFO - Processing /home/airflow/.local/lib/python3.6/site-packages/airflow/example_dags/example_bash_operator.py took 0.036 seconds
[2021-04-01 00:02:04,376] {scheduler_job.py:182} INFO - Started process (PID=231) to work on /home/airflow/.local/lib/python3.6/site-packages/airflow/example_dags/example_bash_operator.py
[2021-04-01 00:02:04,377] {scheduler_job.py:629} INFO - Processing file /home/airflow/.local/lib/python3.6/site-packages/airflow/example_dags/example_bash_operator.py for tasks to queue
[2021-04-01 00:02:04,377] {logging_mixin.py:104} INFO - [2021-04-01 00:02:04,377] {dagbag.py:448} INFO - Filling up the DagBag from /home/airflow/.local/lib/python3.6/site-packages/airflow/example_dags/example_bash_operator.py
[2021-04-01 00:02:04,384] {scheduler_job.py:639} INFO - DAG(s) dict_keys(['example_bash_operator']) retrieved from /home/airflow/.local/lib/python3.6/site-packages/airflow/example_dags/example_bash_operator.py
[2021-04-01 00:02:04,395] {logging_mixin.py:104} INFO - [2021-04-01 00:02:04,395] {dag.py:1818} INFO - Sync 1 DAGs
[2021-04-01 00:02:04,406] {logging_mixin.py:104} INFO - [2021-04-01 00:02:04,406] {dag.py:2273} INFO - Setting next_dagrun for example_bash_operator to 2021-03-30 00:00:00+00:00
[2021-04-01 00:02:04,412] {scheduler_job.py:190} INFO - Processing /home/airflow/.local/lib/python3.6/site-packages/airflow/example_dags/example_bash_operator.py took 0.037 seconds
[2021-04-01 00:02:34,999] {scheduler_job.py:182} INFO - Started process (PID=257) to work on /home/airflow/.local/lib/python3.6/site-packages/airflow/example_dags/example_bash_operator.py
[2021-04-01 00:02:35,000] {scheduler_job.py:629} INFO - Processing file /home/airflow/.local/lib/python3.6/site-packages/airflow/example_dags/example_bash_operator.py for tasks to queue
[2021-04-01 00:02:35,000] {logging_mixin.py:104} INFO - [2021-04-01 00:02:35,000] {dagbag.py:448} INFO - Filling up the DagBag from /home/airflow/.local/lib/python3.6/site-packages/airflow/example_dags/example_bash_operator.py
[2021-04-01 00:02:35,006] {scheduler_job.py:639} INFO - DAG(s) dict_keys(['example_bash_operator']) retrieved from /home/airflow/.local/lib/python3.6/site-packages/airflow/example_dags/example_bash_operator.py
[2021-04-01 00:02:35,016] {logging_mixin.py:104} INFO - [2021-04-01 00:02:35,016] {dag.py:1818} INFO - Sync 1 DAGs
[2021-04-01 00:02:35,027] {logging_mixin.py:104} INFO - [2021-04-01 00:02:35,027] {dag.py:2273} INFO - Setting next_dagrun for example_bash_operator to 2021-03-30 00:00:00+00:00
[2021-04-01 00:02:35,033] {scheduler_job.py:190} INFO - Processing /home/airflow/.local/lib/python3.6/site-packages/airflow/example_dags/example_bash_operator.py took 0.035 seconds
[2021-04-01 00:03:05,600] {scheduler_job.py:182} INFO - Started process (PID=283) to work on /home/airflow/.local/lib/python3.6/site-packages/airflow/example_dags/example_bash_operator.py
[2021-04-01 00:03:05,600] {scheduler_job.py:629} INFO - Processing file /home/airflow/.local/lib/python3.6/site-packages/airflow/example_dags/example_bash_operator.py for tasks to queue
[2021-04-01 00:03:05,600] {logging_mixin.py:104} INFO - [2021-04-01 00:03:05,600] {dagbag.py:448} INFO - Filling up the DagBag from /home/airflow/.local/lib/python3.6/site-packages/airflow/example_dags/example_bash_operator.py
[2021-04-01 00:03:05,607] {scheduler_job.py:639} INFO - DAG(s) dict_keys(['example_bash_operator']) retrieved from /home/airflow/.local/lib/python3.6/site-packages/airflow/example_dags/example_bash_operator.py
[2021-04-01 00:03:05,617] {logging_mixin.py:104} INFO - [2021-04-01 00:03:05,617] {dag.py:1818} INFO - Sync 1 DAGs
[2021-04-01 00:03:05,629] {logging_mixin.py:104} INFO - [2021-04-01 00:03:05,629] {dag.py:2273} INFO - Setting next_dagrun for example_bash_operator to 2021-03-30 00:00:00+00:00
[2021-04-01 00:03:05,636] {scheduler_job.py:190} INFO - Processing /home/airflow/.local/lib/python3.6/site-packages/airflow/example_dags/example_bash_operator.py took 0.038 seconds
[2021-04-01 00:03:36,216] {scheduler_job.py:182} INFO - Started process (PID=309) to work on /home/airflow/.local/lib/python3.6/site-packages/airflow/example_dags/example_bash_operator.py
[2021-04-01 00:03:36,216] {scheduler_job.py:629} INFO - Processing file /home/airflow/.local/lib/python3.6/site-packages/airflow/example_dags/example_bash_operator.py for tasks to queue
[2021-04-01 00:03:36,216] {logging_mixin.py:104} INFO - [2021-04-01 00:03:36,216] {dagbag.py:448} INFO - Filling up the DagBag from /home/airflow/.local/lib/python3.6/site-packages/airflow/example_dags/example_bash_operator.py
[2021-04-01 00:03:36,224] {scheduler_job.py:639} INFO - DAG(s) dict_keys(['example_bash_operator']) retrieved from /home/airflow/.local/lib/python3.6/site-packages/airflow/example_dags/example_bash_operator.py
[2021-04-01 00:03:36,234] {logging_mixin.py:104} INFO - [2021-04-01 00:03:36,234] {dag.py:1818} INFO - Sync 1 DAGs
[2021-04-01 00:03:36,247] {logging_mixin.py:104} INFO - [2021-04-01 00:03:36,247] {dag.py:2273} INFO - Setting next_dagrun for example_bash_operator to 2021-03-30 00:00:00+00:00
[2021-04-01 00:03:36,254] {scheduler_job.py:190} INFO - Processing /home/airflow/.local/lib/python3.6/site-packages/airflow/example_dags/example_bash_operator.py took 0.040 seconds
[2021-04-01 00:04:06,794] {scheduler_job.py:182} INFO - Started process (PID=335) to work on /home/airflow/.local/lib/python3.6/site-packages/airflow/example_dags/example_bash_operator.py
[2021-04-01 00:04:06,795] {scheduler_job.py:629} INFO - Processing file /home/airflow/.local/lib/python3.6/site-packages/airflow/example_dags/example_bash_operator.py for tasks to queue
[2021-04-01 00:04:06,795] {logging_mixin.py:104} INFO - [2021-04-01 00:04:06,795] {dagbag.py:448} INFO - Filling up the DagBag from /home/airflow/.local/lib/python3.6/site-packages/airflow/example_dags/example_bash_operator.py
[2021-04-01 00:04:06,801] {scheduler_job.py:639} INFO - DAG(s) dict_keys(['example_bash_operator']) retrieved from /home/airflow/.local/lib/python3.6/site-packages/airflow/example_dags/example_bash_operator.py
[2021-04-01 00:04:06,811] {logging_mixin.py:104} INFO - [2021-04-01 00:04:06,811] {dag.py:1818} INFO - Sync 1 DAGs
[2021-04-01 00:04:06,822] {logging_mixin.py:104} INFO - [2021-04-01 00:04:06,822] {dag.py:2273} INFO - Setting next_dagrun for example_bash_operator to 2021-03-30 00:00:00+00:00
[2021-04-01 00:04:06,830] {scheduler_job.py:190} INFO - Processing /home/airflow/.local/lib/python3.6/site-packages/airflow/example_dags/example_bash_operator.py took 0.037 seconds
[2021-04-01 00:04:37,384] {scheduler_job.py:182} INFO - Started process (PID=361) to work on /home/airflow/.local/lib/python3.6/site-packages/airflow/example_dags/example_bash_operator.py
[2021-04-01 00:04:37,385] {scheduler_job.py:629} INFO - Processing file /home/airflow/.local/lib/python3.6/site-packages/airflow/example_dags/example_bash_operator.py for tasks to queue
[2021-04-01 00:04:37,385] {logging_mixin.py:104} INFO - [2021-04-01 00:04:37,385] {dagbag.py:448} INFO - Filling up the DagBag from /home/airflow/.local/lib/python3.6/site-packages/airflow/example_dags/example_bash_operator.py
[2021-04-01 00:04:37,393] {scheduler_job.py:639} INFO - DAG(s) dict_keys(['example_bash_operator']) retrieved from /home/airflow/.local/lib/python3.6/site-packages/airflow/example_dags/example_bash_operator.py
[2021-04-01 00:04:37,404] {logging_mixin.py:104} INFO - [2021-04-01 00:04:37,403] {dag.py:1818} INFO - Sync 1 DAGs
[2021-04-01 00:04:37,417] {logging_mixin.py:104} INFO - [2021-04-01 00:04:37,417] {dag.py:2273} INFO - Setting next_dagrun for example_bash_operator to 2021-03-30 00:00:00+00:00
[2021-04-01 00:04:37,425] {scheduler_job.py:190} INFO - Processing /home/airflow/.local/lib/python3.6/site-packages/airflow/example_dags/example_bash_operator.py took 0.042 seconds
[2021-04-01 00:05:07,991] {scheduler_job.py:182} INFO - Started process (PID=387) to work on /home/airflow/.local/lib/python3.6/site-packages/airflow/example_dags/example_bash_operator.py
[2021-04-01 00:05:07,992] {scheduler_job.py:629} INFO - Processing file /home/airflow/.local/lib/python3.6/site-packages/airflow/example_dags/example_bash_operator.py for tasks to queue
[2021-04-01 00:05:07,992] {logging_mixin.py:104} INFO - [2021-04-01 00:05:07,992] {dagbag.py:448} INFO - Filling up the DagBag from /home/airflow/.local/lib/python3.6/site-packages/airflow/example_dags/example_bash_operator.py
[2021-04-01 00:05:07,999] {scheduler_job.py:639} INFO - DAG(s) dict_keys(['example_bash_operator']) retrieved from /home/airflow/.local/lib/python3.6/site-packages/airflow/example_dags/example_bash_operator.py
[2021-04-01 00:05:08,009] {logging_mixin.py:104} INFO - [2021-04-01 00:05:08,009] {dag.py:1818} INFO - Sync 1 DAGs
[2021-04-01 00:05:08,020] {logging_mixin.py:104} INFO - [2021-04-01 00:05:08,020] {dag.py:2273} INFO - Setting next_dagrun for example_bash_operator to 2021-03-30 00:00:00+00:00
[2021-04-01 00:05:08,028] {scheduler_job.py:190} INFO - Processing /home/airflow/.local/lib/python3.6/site-packages/airflow/example_dags/example_bash_operator.py took 0.038 seconds
[2021-04-01 00:05:38,621] {scheduler_job.py:182} INFO - Started process (PID=413) to work on /home/airflow/.local/lib/python3.6/site-packages/airflow/example_dags/example_bash_operator.py
[2021-04-01 00:05:38,622] {scheduler_job.py:629} INFO - Processing file /home/airflow/.local/lib/python3.6/site-packages/airflow/example_dags/example_bash_operator.py for tasks to queue
[2021-04-01 00:05:38,623] {logging_mixin.py:104} INFO - [2021-04-01 00:05:38,622] {dagbag.py:448} INFO - Filling up the DagBag from /home/airflow/.local/lib/python3.6/site-packages/airflow/example_dags/example_bash_operator.py
[2021-04-01 00:05:38,629] {scheduler_job.py:639} INFO - DAG(s) dict_keys(['example_bash_operator']) retrieved from /home/airflow/.local/lib/python3.6/site-packages/airflow/example_dags/example_bash_operator.py
[2021-04-01 00:05:38,639] {logging_mixin.py:104} INFO - [2021-04-01 00:05:38,639] {dag.py:1818} INFO - Sync 1 DAGs
[2021-04-01 00:05:38,651] {logging_mixin.py:104} INFO - [2021-04-01 00:05:38,651] {dag.py:2273} INFO - Setting next_dagrun for example_bash_operator to 2021-03-30 00:00:00+00:00
[2021-04-01 00:05:38,657] {scheduler_job.py:190} INFO - Processing /home/airflow/.local/lib/python3.6/site-packages/airflow/example_dags/example_bash_operator.py took 0.038 seconds
[2021-04-01 00:06:09,219] {scheduler_job.py:182} INFO - Started process (PID=439) to work on /home/airflow/.local/lib/python3.6/site-packages/airflow/example_dags/example_bash_operator.py
[2021-04-01 00:06:09,219] {scheduler_job.py:629} INFO - Processing file /home/airflow/.local/lib/python3.6/site-packages/airflow/example_dags/example_bash_operator.py for tasks to queue
[2021-04-01 00:06:09,219] {logging_mixin.py:104} INFO - [2021-04-01 00:06:09,219] {dagbag.py:448} INFO - Filling up the DagBag from /home/airflow/.local/lib/python3.6/site-packages/airflow/example_dags/example_bash_operator.py
[2021-04-01 00:06:09,226] {scheduler_job.py:639} INFO - DAG(s) dict_keys(['example_bash_operator']) retrieved from /home/airflow/.local/lib/python3.6/site-packages/airflow/example_dags/example_bash_operator.py
[2021-04-01 00:06:09,236] {logging_mixin.py:104} INFO - [2021-04-01 00:06:09,236] {dag.py:1818} INFO - Sync 1 DAGs
[2021-04-01 00:06:09,248] {logging_mixin.py:104} INFO - [2021-04-01 00:06:09,248] {dag.py:2273} INFO - Setting next_dagrun for example_bash_operator to 2021-03-30 00:00:00+00:00
[2021-04-01 00:06:09,254] {scheduler_job.py:190} INFO - Processing /home/airflow/.local/lib/python3.6/site-packages/airflow/example_dags/example_bash_operator.py took 0.037 seconds
[2021-04-01 00:06:39,878] {scheduler_job.py:182} INFO - Started process (PID=465) to work on /home/airflow/.local/lib/python3.6/site-packages/airflow/example_dags/example_bash_operator.py
[2021-04-01 00:06:39,878] {scheduler_job.py:629} INFO - Processing file /home/airflow/.local/lib/python3.6/site-packages/airflow/example_dags/example_bash_operator.py for tasks to queue
[2021-04-01 00:06:39,879] {logging_mixin.py:104} INFO - [2021-04-01 00:06:39,879] {dagbag.py:448} INFO - Filling up the DagBag from /home/airflow/.local/lib/python3.6/site-packages/airflow/example_dags/example_bash_operator.py
[2021-04-01 00:06:39,885] {scheduler_job.py:639} INFO - DAG(s) dict_keys(['example_bash_operator']) retrieved from /home/airflow/.local/lib/python3.6/site-packages/airflow/example_dags/example_bash_operator.py
[2021-04-01 00:06:39,895] {logging_mixin.py:104} INFO - [2021-04-01 00:06:39,895] {dag.py:1818} INFO - Sync 1 DAGs
[2021-04-01 00:06:39,909] {logging_mixin.py:104} INFO - [2021-04-01 00:06:39,909] {dag.py:2273} INFO - Setting next_dagrun for example_bash_operator to 2021-03-30 00:00:00+00:00
[2021-04-01 00:06:39,915] {scheduler_job.py:190} INFO - Processing /home/airflow/.local/lib/python3.6/site-packages/airflow/example_dags/example_bash_operator.py took 0.038 seconds
[2021-04-01 00:07:10,549] {scheduler_job.py:182} INFO - Started process (PID=491) to work on /home/airflow/.local/lib/python3.6/site-packages/airflow/example_dags/example_bash_operator.py
[2021-04-01 00:07:10,550] {scheduler_job.py:629} INFO - Processing file /home/airflow/.local/lib/python3.6/site-packages/airflow/example_dags/example_bash_operator.py for tasks to queue
[2021-04-01 00:07:10,550] {logging_mixin.py:104} INFO - [2021-04-01 00:07:10,550] {dagbag.py:448} INFO - Filling up the DagBag from /home/airflow/.local/lib/python3.6/site-packages/airflow/example_dags/example_bash_operator.py
[2021-04-01 00:07:10,556] {scheduler_job.py:639} INFO - DAG(s) dict_keys(['example_bash_operator']) retrieved from /home/airflow/.local/lib/python3.6/site-packages/airflow/example_dags/example_bash_operator.py
[2021-04-01 00:07:10,566] {logging_mixin.py:104} INFO - [2021-04-01 00:07:10,566] {dag.py:1818} INFO - Sync 1 DAGs
[2021-04-01 00:07:10,578] {logging_mixin.py:104} INFO - [2021-04-01 00:07:10,578] {dag.py:2273} INFO - Setting next_dagrun for example_bash_operator to 2021-03-30 00:00:00+00:00
[2021-04-01 00:07:10,584] {scheduler_job.py:190} INFO - Processing /home/airflow/.local/lib/python3.6/site-packages/airflow/example_dags/example_bash_operator.py took 0.036 seconds
[2021-04-01 00:07:41,227] {scheduler_job.py:182} INFO - Started process (PID=517) to work on /home/airflow/.local/lib/python3.6/site-packages/airflow/example_dags/example_bash_operator.py
[2021-04-01 00:07:41,228] {scheduler_job.py:629} INFO - Processing file /home/airflow/.local/lib/python3.6/site-packages/airflow/example_dags/example_bash_operator.py for tasks to queue
[2021-04-01 00:07:41,228] {logging_mixin.py:104} INFO - [2021-04-01 00:07:41,228] {dagbag.py:448} INFO - Filling up the DagBag from /home/airflow/.local/lib/python3.6/site-packages/airflow/example_dags/example_bash_operator.py
[2021-04-01 00:07:41,234] {scheduler_job.py:639} INFO - DAG(s) dict_keys(['example_bash_operator']) retrieved from /home/airflow/.local/lib/python3.6/site-packages/airflow/example_dags/example_bash_operator.py
[2021-04-01 00:07:41,244] {logging_mixin.py:104} INFO - [2021-04-01 00:07:41,244] {dag.py:1818} INFO - Sync 1 DAGs
[2021-04-01 00:07:41,256] {logging_mixin.py:104} INFO - [2021-04-01 00:07:41,256] {dag.py:2273} INFO - Setting next_dagrun for example_bash_operator to 2021-03-30 00:00:00+00:00
[2021-04-01 00:07:41,263] {scheduler_job.py:190} INFO - Processing /home/airflow/.local/lib/python3.6/site-packages/airflow/example_dags/example_bash_operator.py took 0.037 seconds
[2021-04-01 00:08:11,976] {scheduler_job.py:182} INFO - Started process (PID=543) to work on /home/airflow/.local/lib/python3.6/site-packages/airflow/example_dags/example_bash_operator.py
[2021-04-01 00:08:11,976] {scheduler_job.py:629} INFO - Processing file /home/airflow/.local/lib/python3.6/site-packages/airflow/example_dags/example_bash_operator.py for tasks to queue
[2021-04-01 00:08:11,977] {logging_mixin.py:104} INFO - [2021-04-01 00:08:11,977] {dagbag.py:448} INFO - Filling up the DagBag from /home/airflow/.local/lib/python3.6/site-packages/airflow/example_dags/example_bash_operator.py
[2021-04-01 00:08:11,983] {scheduler_job.py:639} INFO - DAG(s) dict_keys(['example_bash_operator']) retrieved from /home/airflow/.local/lib/python3.6/site-packages/airflow/example_dags/example_bash_operator.py
[2021-04-01 00:08:11,993] {logging_mixin.py:104} INFO - [2021-04-01 00:08:11,993] {dag.py:1818} INFO - Sync 1 DAGs
[2021-04-01 00:08:12,005] {logging_mixin.py:104} INFO - [2021-04-01 00:08:12,005] {dag.py:2273} INFO - Setting next_dagrun for example_bash_operator to 2021-03-30 00:00:00+00:00
[2021-04-01 00:08:12,011] {scheduler_job.py:190} INFO - Processing /home/airflow/.local/lib/python3.6/site-packages/airflow/example_dags/example_bash_operator.py took 0.037 seconds
[2021-04-01 00:08:42,690] {scheduler_job.py:182} INFO - Started process (PID=569) to work on /home/airflow/.local/lib/python3.6/site-packages/airflow/example_dags/example_bash_operator.py
[2021-04-01 00:08:42,691] {scheduler_job.py:629} INFO - Processing file /home/airflow/.local/lib/python3.6/site-packages/airflow/example_dags/example_bash_operator.py for tasks to queue
[2021-04-01 00:08:42,691] {logging_mixin.py:104} INFO - [2021-04-01 00:08:42,691] {dagbag.py:448} INFO - Filling up the DagBag from /home/airflow/.local/lib/python3.6/site-packages/airflow/example_dags/example_bash_operator.py
[2021-04-01 00:08:42,698] {scheduler_job.py:639} INFO - DAG(s) dict_keys(['example_bash_operator']) retrieved from /home/airflow/.local/lib/python3.6/site-packages/airflow/example_dags/example_bash_operator.py
[2021-04-01 00:08:42,709] {logging_mixin.py:104} INFO - [2021-04-01 00:08:42,709] {dag.py:1818} INFO - Sync 1 DAGs
[2021-04-01 00:08:42,720] {logging_mixin.py:104} INFO - [2021-04-01 00:08:42,720] {dag.py:2273} INFO - Setting next_dagrun for example_bash_operator to 2021-03-30 00:00:00+00:00
[2021-04-01 00:08:42,726] {scheduler_job.py:190} INFO - Processing /home/airflow/.local/lib/python3.6/site-packages/airflow/example_dags/example_bash_operator.py took 0.037 seconds
[2021-04-01 00:09:13,344] {scheduler_job.py:182} INFO - Started process (PID=595) to work on /home/airflow/.local/lib/python3.6/site-packages/airflow/example_dags/example_bash_operator.py
[2021-04-01 00:09:13,345] {scheduler_job.py:629} INFO - Processing file /home/airflow/.local/lib/python3.6/site-packages/airflow/example_dags/example_bash_operator.py for tasks to queue
[2021-04-01 00:09:13,345] {logging_mixin.py:104} INFO - [2021-04-01 00:09:13,345] {dagbag.py:448} INFO - Filling up the DagBag from /home/airflow/.local/lib/python3.6/site-packages/airflow/example_dags/example_bash_operator.py
[2021-04-01 00:09:13,351] {scheduler_job.py:639} INFO - DAG(s) dict_keys(['example_bash_operator']) retrieved from /home/airflow/.local/lib/python3.6/site-packages/airflow/example_dags/example_bash_operator.py
[2021-04-01 00:09:13,363] {logging_mixin.py:104} INFO - [2021-04-01 00:09:13,363] {dag.py:1818} INFO - Sync 1 DAGs
[2021-04-01 00:09:13,374] {logging_mixin.py:104} INFO - [2021-04-01 00:09:13,374] {dag.py:2273} INFO - Setting next_dagrun for example_bash_operator to 2021-03-30 00:00:00+00:00
[2021-04-01 00:09:13,379] {scheduler_job.py:190} INFO - Processing /home/airflow/.local/lib/python3.6/site-packages/airflow/example_dags/example_bash_operator.py took 0.037 seconds
[2021-04-01 00:09:44,058] {scheduler_job.py:182} INFO - Started process (PID=621) to work on /home/airflow/.local/lib/python3.6/site-packages/airflow/example_dags/example_bash_operator.py
[2021-04-01 00:09:44,058] {scheduler_job.py:629} INFO - Processing file /home/airflow/.local/lib/python3.6/site-packages/airflow/example_dags/example_bash_operator.py for tasks to queue
[2021-04-01 00:09:44,059] {logging_mixin.py:104} INFO - [2021-04-01 00:09:44,059] {dagbag.py:448} INFO - Filling up the DagBag from /home/airflow/.local/lib/python3.6/site-packages/airflow/example_dags/example_bash_operator.py
[2021-04-01 00:09:44,066] {scheduler_job.py:639} INFO - DAG(s) dict_keys(['example_bash_operator']) retrieved from /home/airflow/.local/lib/python3.6/site-packages/airflow/example_dags/example_bash_operator.py
[2021-04-01 00:09:44,079] {logging_mixin.py:104} INFO - [2021-04-01 00:09:44,079] {dag.py:1818} INFO - Sync 1 DAGs
[2021-04-01 00:09:44,090] {logging_mixin.py:104} INFO - [2021-04-01 00:09:44,090] {dag.py:2273} INFO - Setting next_dagrun for example_bash_operator to 2021-03-30 00:00:00+00:00
[2021-04-01 00:09:44,096] {scheduler_job.py:190} INFO - Processing /home/airflow/.local/lib/python3.6/site-packages/airflow/example_dags/example_bash_operator.py took 0.039 seconds
[2021-04-01 00:10:14,732] {scheduler_job.py:182} INFO - Started process (PID=647) to work on /home/airflow/.local/lib/python3.6/site-packages/airflow/example_dags/example_bash_operator.py
[2021-04-01 00:10:14,733] {scheduler_job.py:629} INFO - Processing file /home/airflow/.local/lib/python3.6/site-packages/airflow/example_dags/example_bash_operator.py for tasks to queue
[2021-04-01 00:10:14,733] {logging_mixin.py:104} INFO - [2021-04-01 00:10:14,733] {dagbag.py:448} INFO - Filling up the DagBag from /home/airflow/.local/lib/python3.6/site-packages/airflow/example_dags/example_bash_operator.py
[2021-04-01 00:10:14,739] {scheduler_job.py:639} INFO - DAG(s) dict_keys(['example_bash_operator']) retrieved from /home/airflow/.local/lib/python3.6/site-packages/airflow/example_dags/example_bash_operator.py
[2021-04-01 00:10:14,751] {logging_mixin.py:104} INFO - [2021-04-01 00:10:14,751] {dag.py:1818} INFO - Sync 1 DAGs
[2021-04-01 00:10:14,762] {logging_mixin.py:104} INFO - [2021-04-01 00:10:14,762] {dag.py:2273} INFO - Setting next_dagrun for example_bash_operator to 2021-03-30 00:00:00+00:00
[2021-04-01 00:10:14,769] {scheduler_job.py:190} INFO - Processing /home/airflow/.local/lib/python3.6/site-packages/airflow/example_dags/example_bash_operator.py took 0.038 seconds
[2021-04-01 00:10:45,399] {scheduler_job.py:182} INFO - Started process (PID=673) to work on /home/airflow/.local/lib/python3.6/site-packages/airflow/example_dags/example_bash_operator.py
[2021-04-01 00:10:45,399] {scheduler_job.py:629} INFO - Processing file /home/airflow/.local/lib/python3.6/site-packages/airflow/example_dags/example_bash_operator.py for tasks to queue
[2021-04-01 00:10:45,400] {logging_mixin.py:104} INFO - [2021-04-01 00:10:45,400] {dagbag.py:448} INFO - Filling up the DagBag from /home/airflow/.local/lib/python3.6/site-packages/airflow/example_dags/example_bash_operator.py
[2021-04-01 00:10:45,409] {scheduler_job.py:639} INFO - DAG(s) dict_keys(['example_bash_operator']) retrieved from /home/airflow/.local/lib/python3.6/site-packages/airflow/example_dags/example_bash_operator.py
[2021-04-01 00:10:45,422] {logging_mixin.py:104} INFO - [2021-04-01 00:10:45,422] {dag.py:1818} INFO - Sync 1 DAGs
[2021-04-01 00:10:45,435] {logging_mixin.py:104} INFO - [2021-04-01 00:10:45,435] {dag.py:2273} INFO - Setting next_dagrun for example_bash_operator to 2021-03-30 00:00:00+00:00
[2021-04-01 00:10:45,442] {scheduler_job.py:190} INFO - Processing /home/airflow/.local/lib/python3.6/site-packages/airflow/example_dags/example_bash_operator.py took 0.045 seconds
[2021-04-01 00:19:17,503] {scheduler_job.py:182} INFO - Started process (PID=43) to work on /home/airflow/.local/lib/python3.6/site-packages/airflow/example_dags/example_bash_operator.py
[2021-04-01 00:19:17,503] {scheduler_job.py:629} INFO - Processing file /home/airflow/.local/lib/python3.6/site-packages/airflow/example_dags/example_bash_operator.py for tasks to queue
[2021-04-01 00:19:17,503] {logging_mixin.py:104} INFO - [2021-04-01 00:19:17,503] {dagbag.py:448} INFO - Filling up the DagBag from /home/airflow/.local/lib/python3.6/site-packages/airflow/example_dags/example_bash_operator.py
[2021-04-01 00:19:17,509] {scheduler_job.py:639} INFO - DAG(s) dict_keys(['example_bash_operator']) retrieved from /home/airflow/.local/lib/python3.6/site-packages/airflow/example_dags/example_bash_operator.py
[2021-04-01 00:19:17,520] {logging_mixin.py:104} INFO - [2021-04-01 00:19:17,520] {dag.py:1818} INFO - Sync 1 DAGs
[2021-04-01 00:19:17,531] {logging_mixin.py:104} INFO - [2021-04-01 00:19:17,531] {dag.py:2273} INFO - Setting next_dagrun for example_bash_operator to 2021-03-30 00:00:00+00:00
[2021-04-01 00:19:17,537] {scheduler_job.py:190} INFO - Processing /home/airflow/.local/lib/python3.6/site-packages/airflow/example_dags/example_bash_operator.py took 0.036 seconds
[2021-04-01 00:19:48,210] {scheduler_job.py:182} INFO - Started process (PID=69) to work on /home/airflow/.local/lib/python3.6/site-packages/airflow/example_dags/example_bash_operator.py
[2021-04-01 00:19:48,211] {scheduler_job.py:629} INFO - Processing file /home/airflow/.local/lib/python3.6/site-packages/airflow/example_dags/example_bash_operator.py for tasks to queue
[2021-04-01 00:19:48,211] {logging_mixin.py:104} INFO - [2021-04-01 00:19:48,211] {dagbag.py:448} INFO - Filling up the DagBag from /home/airflow/.local/lib/python3.6/site-packages/airflow/example_dags/example_bash_operator.py
[2021-04-01 00:19:48,217] {scheduler_job.py:639} INFO - DAG(s) dict_keys(['example_bash_operator']) retrieved from /home/airflow/.local/lib/python3.6/site-packages/airflow/example_dags/example_bash_operator.py
[2021-04-01 00:19:48,226] {logging_mixin.py:104} INFO - [2021-04-01 00:19:48,226] {dag.py:1818} INFO - Sync 1 DAGs
[2021-04-01 00:19:48,237] {logging_mixin.py:104} INFO - [2021-04-01 00:19:48,237] {dag.py:2273} INFO - Setting next_dagrun for example_bash_operator to 2021-03-30 00:00:00+00:00
[2021-04-01 00:19:48,250] {scheduler_job.py:190} INFO - Processing /home/airflow/.local/lib/python3.6/site-packages/airflow/example_dags/example_bash_operator.py took 0.041 seconds
[2021-04-01 00:20:18,997] {scheduler_job.py:182} INFO - Started process (PID=95) to work on /home/airflow/.local/lib/python3.6/site-packages/airflow/example_dags/example_bash_operator.py
[2021-04-01 00:20:18,997] {scheduler_job.py:629} INFO - Processing file /home/airflow/.local/lib/python3.6/site-packages/airflow/example_dags/example_bash_operator.py for tasks to queue
[2021-04-01 00:20:18,997] {logging_mixin.py:104} INFO - [2021-04-01 00:20:18,997] {dagbag.py:448} INFO - Filling up the DagBag from /home/airflow/.local/lib/python3.6/site-packages/airflow/example_dags/example_bash_operator.py
[2021-04-01 00:20:19,004] {scheduler_job.py:639} INFO - DAG(s) dict_keys(['example_bash_operator']) retrieved from /home/airflow/.local/lib/python3.6/site-packages/airflow/example_dags/example_bash_operator.py
[2021-04-01 00:20:19,014] {logging_mixin.py:104} INFO - [2021-04-01 00:20:19,014] {dag.py:1818} INFO - Sync 1 DAGs
[2021-04-01 00:20:19,026] {logging_mixin.py:104} INFO - [2021-04-01 00:20:19,026] {dag.py:2273} INFO - Setting next_dagrun for example_bash_operator to 2021-03-30 00:00:00+00:00
[2021-04-01 00:20:19,033] {scheduler_job.py:190} INFO - Processing /home/airflow/.local/lib/python3.6/site-packages/airflow/example_dags/example_bash_operator.py took 0.038 seconds
[2021-04-01 00:20:49,704] {scheduler_job.py:182} INFO - Started process (PID=121) to work on /home/airflow/.local/lib/python3.6/site-packages/airflow/example_dags/example_bash_operator.py
[2021-04-01 00:20:49,705] {scheduler_job.py:629} INFO - Processing file /home/airflow/.local/lib/python3.6/site-packages/airflow/example_dags/example_bash_operator.py for tasks to queue
[2021-04-01 00:20:49,705] {logging_mixin.py:104} INFO - [2021-04-01 00:20:49,705] {dagbag.py:448} INFO - Filling up the DagBag from /home/airflow/.local/lib/python3.6/site-packages/airflow/example_dags/example_bash_operator.py
[2021-04-01 00:20:49,711] {scheduler_job.py:639} INFO - DAG(s) dict_keys(['example_bash_operator']) retrieved from /home/airflow/.local/lib/python3.6/site-packages/airflow/example_dags/example_bash_operator.py
[2021-04-01 00:20:49,722] {logging_mixin.py:104} INFO - [2021-04-01 00:20:49,722] {dag.py:1818} INFO - Sync 1 DAGs
[2021-04-01 00:20:49,735] {logging_mixin.py:104} INFO - [2021-04-01 00:20:49,735] {dag.py:2273} INFO - Setting next_dagrun for example_bash_operator to 2021-03-30 00:00:00+00:00
[2021-04-01 00:20:49,742] {scheduler_job.py:190} INFO - Processing /home/airflow/.local/lib/python3.6/site-packages/airflow/example_dags/example_bash_operator.py took 0.039 seconds
[2021-04-01 00:21:20,413] {scheduler_job.py:182} INFO - Started process (PID=147) to work on /home/airflow/.local/lib/python3.6/site-packages/airflow/example_dags/example_bash_operator.py
[2021-04-01 00:21:20,414] {scheduler_job.py:629} INFO - Processing file /home/airflow/.local/lib/python3.6/site-packages/airflow/example_dags/example_bash_operator.py for tasks to queue
[2021-04-01 00:21:20,414] {logging_mixin.py:104} INFO - [2021-04-01 00:21:20,414] {dagbag.py:448} INFO - Filling up the DagBag from /home/airflow/.local/lib/python3.6/site-packages/airflow/example_dags/example_bash_operator.py
[2021-04-01 00:21:20,420] {scheduler_job.py:639} INFO - DAG(s) dict_keys(['example_bash_operator']) retrieved from /home/airflow/.local/lib/python3.6/site-packages/airflow/example_dags/example_bash_operator.py
[2021-04-01 00:21:20,430] {logging_mixin.py:104} INFO - [2021-04-01 00:21:20,430] {dag.py:1818} INFO - Sync 1 DAGs
[2021-04-01 00:21:20,441] {logging_mixin.py:104} INFO - [2021-04-01 00:21:20,441] {dag.py:2273} INFO - Setting next_dagrun for example_bash_operator to 2021-03-30 00:00:00+00:00
[2021-04-01 00:21:20,448] {scheduler_job.py:190} INFO - Processing /home/airflow/.local/lib/python3.6/site-packages/airflow/example_dags/example_bash_operator.py took 0.037 seconds
[2021-04-01 00:21:51,060] {scheduler_job.py:182} INFO - Started process (PID=173) to work on /home/airflow/.local/lib/python3.6/site-packages/airflow/example_dags/example_bash_operator.py
[2021-04-01 00:21:51,061] {scheduler_job.py:629} INFO - Processing file /home/airflow/.local/lib/python3.6/site-packages/airflow/example_dags/example_bash_operator.py for tasks to queue
[2021-04-01 00:21:51,061] {logging_mixin.py:104} INFO - [2021-04-01 00:21:51,061] {dagbag.py:448} INFO - Filling up the DagBag from /home/airflow/.local/lib/python3.6/site-packages/airflow/example_dags/example_bash_operator.py
[2021-04-01 00:21:51,067] {scheduler_job.py:639} INFO - DAG(s) dict_keys(['example_bash_operator']) retrieved from /home/airflow/.local/lib/python3.6/site-packages/airflow/example_dags/example_bash_operator.py
[2021-04-01 00:21:51,077] {logging_mixin.py:104} INFO - [2021-04-01 00:21:51,077] {dag.py:1818} INFO - Sync 1 DAGs
[2021-04-01 00:21:51,089] {logging_mixin.py:104} INFO - [2021-04-01 00:21:51,089] {dag.py:2273} INFO - Setting next_dagrun for example_bash_operator to 2021-03-30 00:00:00+00:00
[2021-04-01 00:21:51,095] {scheduler_job.py:190} INFO - Processing /home/airflow/.local/lib/python3.6/site-packages/airflow/example_dags/example_bash_operator.py took 0.036 seconds
[2021-04-01 00:22:21,721] {scheduler_job.py:182} INFO - Started process (PID=199) to work on /home/airflow/.local/lib/python3.6/site-packages/airflow/example_dags/example_bash_operator.py
[2021-04-01 00:22:21,722] {scheduler_job.py:629} INFO - Processing file /home/airflow/.local/lib/python3.6/site-packages/airflow/example_dags/example_bash_operator.py for tasks to queue
[2021-04-01 00:22:21,722] {logging_mixin.py:104} INFO - [2021-04-01 00:22:21,722] {dagbag.py:448} INFO - Filling up the DagBag from /home/airflow/.local/lib/python3.6/site-packages/airflow/example_dags/example_bash_operator.py
[2021-04-01 00:22:21,728] {scheduler_job.py:639} INFO - DAG(s) dict_keys(['example_bash_operator']) retrieved from /home/airflow/.local/lib/python3.6/site-packages/airflow/example_dags/example_bash_operator.py
[2021-04-01 00:22:21,740] {logging_mixin.py:104} INFO - [2021-04-01 00:22:21,739] {dag.py:1818} INFO - Sync 1 DAGs
[2021-04-01 00:22:21,752] {logging_mixin.py:104} INFO - [2021-04-01 00:22:21,752] {dag.py:2273} INFO - Setting next_dagrun for example_bash_operator to 2021-03-30 00:00:00+00:00
[2021-04-01 00:22:21,758] {scheduler_job.py:190} INFO - Processing /home/airflow/.local/lib/python3.6/site-packages/airflow/example_dags/example_bash_operator.py took 0.038 seconds
[2021-04-01 00:22:52,344] {scheduler_job.py:182} INFO - Started process (PID=225) to work on /home/airflow/.local/lib/python3.6/site-packages/airflow/example_dags/example_bash_operator.py
[2021-04-01 00:22:52,344] {scheduler_job.py:629} INFO - Processing file /home/airflow/.local/lib/python3.6/site-packages/airflow/example_dags/example_bash_operator.py for tasks to queue
[2021-04-01 00:22:52,344] {logging_mixin.py:104} INFO - [2021-04-01 00:22:52,344] {dagbag.py:448} INFO - Filling up the DagBag from /home/airflow/.local/lib/python3.6/site-packages/airflow/example_dags/example_bash_operator.py
[2021-04-01 00:22:52,351] {scheduler_job.py:639} INFO - DAG(s) dict_keys(['example_bash_operator']) retrieved from /home/airflow/.local/lib/python3.6/site-packages/airflow/example_dags/example_bash_operator.py
[2021-04-01 00:22:52,362] {logging_mixin.py:104} INFO - [2021-04-01 00:22:52,362] {dag.py:1818} INFO - Sync 1 DAGs
[2021-04-01 00:22:52,373] {logging_mixin.py:104} INFO - [2021-04-01 00:22:52,373] {dag.py:2273} INFO - Setting next_dagrun for example_bash_operator to 2021-03-30 00:00:00+00:00
[2021-04-01 00:22:52,379] {scheduler_job.py:190} INFO - Processing /home/airflow/.local/lib/python3.6/site-packages/airflow/example_dags/example_bash_operator.py took 0.037 seconds
[2021-04-01 00:23:22,994] {scheduler_job.py:182} INFO - Started process (PID=251) to work on /home/airflow/.local/lib/python3.6/site-packages/airflow/example_dags/example_bash_operator.py
[2021-04-01 00:23:22,995] {scheduler_job.py:629} INFO - Processing file /home/airflow/.local/lib/python3.6/site-packages/airflow/example_dags/example_bash_operator.py for tasks to queue
[2021-04-01 00:23:22,995] {logging_mixin.py:104} INFO - [2021-04-01 00:23:22,995] {dagbag.py:448} INFO - Filling up the DagBag from /home/airflow/.local/lib/python3.6/site-packages/airflow/example_dags/example_bash_operator.py
[2021-04-01 00:23:23,001] {scheduler_job.py:639} INFO - DAG(s) dict_keys(['example_bash_operator']) retrieved from /home/airflow/.local/lib/python3.6/site-packages/airflow/example_dags/example_bash_operator.py
[2021-04-01 00:23:23,012] {logging_mixin.py:104} INFO - [2021-04-01 00:23:23,011] {dag.py:1818} INFO - Sync 1 DAGs
[2021-04-01 00:23:23,022] {logging_mixin.py:104} INFO - [2021-04-01 00:23:23,022] {dag.py:2273} INFO - Setting next_dagrun for example_bash_operator to 2021-03-30 00:00:00+00:00
[2021-04-01 00:23:23,028] {scheduler_job.py:190} INFO - Processing /home/airflow/.local/lib/python3.6/site-packages/airflow/example_dags/example_bash_operator.py took 0.036 seconds
[2021-04-01 00:23:53,631] {scheduler_job.py:182} INFO - Started process (PID=277) to work on /home/airflow/.local/lib/python3.6/site-packages/airflow/example_dags/example_bash_operator.py
[2021-04-01 00:23:53,631] {scheduler_job.py:629} INFO - Processing file /home/airflow/.local/lib/python3.6/site-packages/airflow/example_dags/example_bash_operator.py for tasks to queue
[2021-04-01 00:23:53,632] {logging_mixin.py:104} INFO - [2021-04-01 00:23:53,632] {dagbag.py:448} INFO - Filling up the DagBag from /home/airflow/.local/lib/python3.6/site-packages/airflow/example_dags/example_bash_operator.py
[2021-04-01 00:23:53,638] {scheduler_job.py:639} INFO - DAG(s) dict_keys(['example_bash_operator']) retrieved from /home/airflow/.local/lib/python3.6/site-packages/airflow/example_dags/example_bash_operator.py
[2021-04-01 00:23:53,648] {logging_mixin.py:104} INFO - [2021-04-01 00:23:53,648] {dag.py:1818} INFO - Sync 1 DAGs
[2021-04-01 00:23:53,659] {logging_mixin.py:104} INFO - [2021-04-01 00:23:53,659] {dag.py:2273} INFO - Setting next_dagrun for example_bash_operator to 2021-03-30 00:00:00+00:00
[2021-04-01 00:23:53,665] {scheduler_job.py:190} INFO - Processing /home/airflow/.local/lib/python3.6/site-packages/airflow/example_dags/example_bash_operator.py took 0.035 seconds
[2021-04-01 00:24:24,308] {scheduler_job.py:182} INFO - Started process (PID=303) to work on /home/airflow/.local/lib/python3.6/site-packages/airflow/example_dags/example_bash_operator.py
[2021-04-01 00:24:24,308] {scheduler_job.py:629} INFO - Processing file /home/airflow/.local/lib/python3.6/site-packages/airflow/example_dags/example_bash_operator.py for tasks to queue
[2021-04-01 00:24:24,309] {logging_mixin.py:104} INFO - [2021-04-01 00:24:24,309] {dagbag.py:448} INFO - Filling up the DagBag from /home/airflow/.local/lib/python3.6/site-packages/airflow/example_dags/example_bash_operator.py
[2021-04-01 00:24:24,315] {scheduler_job.py:639} INFO - DAG(s) dict_keys(['example_bash_operator']) retrieved from /home/airflow/.local/lib/python3.6/site-packages/airflow/example_dags/example_bash_operator.py
[2021-04-01 00:24:24,324] {logging_mixin.py:104} INFO - [2021-04-01 00:24:24,324] {dag.py:1818} INFO - Sync 1 DAGs
[2021-04-01 00:24:24,335] {logging_mixin.py:104} INFO - [2021-04-01 00:24:24,335] {dag.py:2273} INFO - Setting next_dagrun for example_bash_operator to 2021-03-30 00:00:00+00:00
[2021-04-01 00:24:24,344] {scheduler_job.py:190} INFO - Processing /home/airflow/.local/lib/python3.6/site-packages/airflow/example_dags/example_bash_operator.py took 0.038 seconds
[2021-04-01 00:24:54,928] {scheduler_job.py:182} INFO - Started process (PID=329) to work on /home/airflow/.local/lib/python3.6/site-packages/airflow/example_dags/example_bash_operator.py
[2021-04-01 00:24:54,928] {scheduler_job.py:629} INFO - Processing file /home/airflow/.local/lib/python3.6/site-packages/airflow/example_dags/example_bash_operator.py for tasks to queue
[2021-04-01 00:24:54,928] {logging_mixin.py:104} INFO - [2021-04-01 00:24:54,928] {dagbag.py:448} INFO - Filling up the DagBag from /home/airflow/.local/lib/python3.6/site-packages/airflow/example_dags/example_bash_operator.py
[2021-04-01 00:24:54,935] {scheduler_job.py:639} INFO - DAG(s) dict_keys(['example_bash_operator']) retrieved from /home/airflow/.local/lib/python3.6/site-packages/airflow/example_dags/example_bash_operator.py
[2021-04-01 00:24:54,945] {logging_mixin.py:104} INFO - [2021-04-01 00:24:54,945] {dag.py:1818} INFO - Sync 1 DAGs
[2021-04-01 00:24:54,956] {logging_mixin.py:104} INFO - [2021-04-01 00:24:54,956] {dag.py:2273} INFO - Setting next_dagrun for example_bash_operator to 2021-03-30 00:00:00+00:00
[2021-04-01 00:24:54,964] {scheduler_job.py:190} INFO - Processing /home/airflow/.local/lib/python3.6/site-packages/airflow/example_dags/example_bash_operator.py took 0.038 seconds
[2021-04-01 00:25:25,580] {scheduler_job.py:182} INFO - Started process (PID=355) to work on /home/airflow/.local/lib/python3.6/site-packages/airflow/example_dags/example_bash_operator.py
[2021-04-01 00:25:25,581] {scheduler_job.py:629} INFO - Processing file /home/airflow/.local/lib/python3.6/site-packages/airflow/example_dags/example_bash_operator.py for tasks to queue
[2021-04-01 00:25:25,581] {logging_mixin.py:104} INFO - [2021-04-01 00:25:25,581] {dagbag.py:448} INFO - Filling up the DagBag from /home/airflow/.local/lib/python3.6/site-packages/airflow/example_dags/example_bash_operator.py
[2021-04-01 00:25:25,587] {scheduler_job.py:639} INFO - DAG(s) dict_keys(['example_bash_operator']) retrieved from /home/airflow/.local/lib/python3.6/site-packages/airflow/example_dags/example_bash_operator.py
[2021-04-01 00:25:25,598] {logging_mixin.py:104} INFO - [2021-04-01 00:25:25,598] {dag.py:1818} INFO - Sync 1 DAGs
[2021-04-01 00:25:25,609] {logging_mixin.py:104} INFO - [2021-04-01 00:25:25,609] {dag.py:2273} INFO - Setting next_dagrun for example_bash_operator to 2021-03-30 00:00:00+00:00
[2021-04-01 00:25:25,617] {scheduler_job.py:190} INFO - Processing /home/airflow/.local/lib/python3.6/site-packages/airflow/example_dags/example_bash_operator.py took 0.038 seconds
[2021-04-01 00:25:56,210] {scheduler_job.py:182} INFO - Started process (PID=381) to work on /home/airflow/.local/lib/python3.6/site-packages/airflow/example_dags/example_bash_operator.py
[2021-04-01 00:25:56,211] {scheduler_job.py:629} INFO - Processing file /home/airflow/.local/lib/python3.6/site-packages/airflow/example_dags/example_bash_operator.py for tasks to queue
[2021-04-01 00:25:56,211] {logging_mixin.py:104} INFO - [2021-04-01 00:25:56,211] {dagbag.py:448} INFO - Filling up the DagBag from /home/airflow/.local/lib/python3.6/site-packages/airflow/example_dags/example_bash_operator.py
[2021-04-01 00:25:56,217] {scheduler_job.py:639} INFO - DAG(s) dict_keys(['example_bash_operator']) retrieved from /home/airflow/.local/lib/python3.6/site-packages/airflow/example_dags/example_bash_operator.py
[2021-04-01 00:25:56,228] {logging_mixin.py:104} INFO - [2021-04-01 00:25:56,228] {dag.py:1818} INFO - Sync 1 DAGs
[2021-04-01 00:25:56,239] {logging_mixin.py:104} INFO - [2021-04-01 00:25:56,239] {dag.py:2273} INFO - Setting next_dagrun for example_bash_operator to 2021-03-30 00:00:00+00:00
[2021-04-01 00:25:56,246] {scheduler_job.py:190} INFO - Processing /home/airflow/.local/lib/python3.6/site-packages/airflow/example_dags/example_bash_operator.py took 0.037 seconds
[2021-04-01 00:26:26,850] {scheduler_job.py:182} INFO - Started process (PID=407) to work on /home/airflow/.local/lib/python3.6/site-packages/airflow/example_dags/example_bash_operator.py
[2021-04-01 00:26:26,850] {scheduler_job.py:629} INFO - Processing file /home/airflow/.local/lib/python3.6/site-packages/airflow/example_dags/example_bash_operator.py for tasks to queue
[2021-04-01 00:26:26,851] {logging_mixin.py:104} INFO - [2021-04-01 00:26:26,851] {dagbag.py:448} INFO - Filling up the DagBag from /home/airflow/.local/lib/python3.6/site-packages/airflow/example_dags/example_bash_operator.py
[2021-04-01 00:26:26,857] {scheduler_job.py:639} INFO - DAG(s) dict_keys(['example_bash_operator']) retrieved from /home/airflow/.local/lib/python3.6/site-packages/airflow/example_dags/example_bash_operator.py
[2021-04-01 00:26:26,868] {logging_mixin.py:104} INFO - [2021-04-01 00:26:26,868] {dag.py:1818} INFO - Sync 1 DAGs
[2021-04-01 00:26:26,880] {logging_mixin.py:104} INFO - [2021-04-01 00:26:26,880] {dag.py:2273} INFO - Setting next_dagrun for example_bash_operator to 2021-03-30 00:00:00+00:00
[2021-04-01 00:26:26,886] {scheduler_job.py:190} INFO - Processing /home/airflow/.local/lib/python3.6/site-packages/airflow/example_dags/example_bash_operator.py took 0.037 seconds
[2021-04-01 00:26:57,507] {scheduler_job.py:182} INFO - Started process (PID=433) to work on /home/airflow/.local/lib/python3.6/site-packages/airflow/example_dags/example_bash_operator.py
[2021-04-01 00:26:57,508] {scheduler_job.py:629} INFO - Processing file /home/airflow/.local/lib/python3.6/site-packages/airflow/example_dags/example_bash_operator.py for tasks to queue
[2021-04-01 00:26:57,508] {logging_mixin.py:104} INFO - [2021-04-01 00:26:57,508] {dagbag.py:448} INFO - Filling up the DagBag from /home/airflow/.local/lib/python3.6/site-packages/airflow/example_dags/example_bash_operator.py
[2021-04-01 00:26:57,514] {scheduler_job.py:639} INFO - DAG(s) dict_keys(['example_bash_operator']) retrieved from /home/airflow/.local/lib/python3.6/site-packages/airflow/example_dags/example_bash_operator.py
[2021-04-01 00:26:57,525] {logging_mixin.py:104} INFO - [2021-04-01 00:26:57,525] {dag.py:1818} INFO - Sync 1 DAGs
[2021-04-01 00:26:57,537] {logging_mixin.py:104} INFO - [2021-04-01 00:26:57,536] {dag.py:2273} INFO - Setting next_dagrun for example_bash_operator to 2021-03-30 00:00:00+00:00
[2021-04-01 00:26:57,542] {scheduler_job.py:190} INFO - Processing /home/airflow/.local/lib/python3.6/site-packages/airflow/example_dags/example_bash_operator.py took 0.036 seconds
[2021-04-01 00:27:28,128] {scheduler_job.py:182} INFO - Started process (PID=459) to work on /home/airflow/.local/lib/python3.6/site-packages/airflow/example_dags/example_bash_operator.py
[2021-04-01 00:27:28,128] {scheduler_job.py:629} INFO - Processing file /home/airflow/.local/lib/python3.6/site-packages/airflow/example_dags/example_bash_operator.py for tasks to queue
[2021-04-01 00:27:28,129] {logging_mixin.py:104} INFO - [2021-04-01 00:27:28,129] {dagbag.py:448} INFO - Filling up the DagBag from /home/airflow/.local/lib/python3.6/site-packages/airflow/example_dags/example_bash_operator.py
[2021-04-01 00:27:28,135] {scheduler_job.py:639} INFO - DAG(s) dict_keys(['example_bash_operator']) retrieved from /home/airflow/.local/lib/python3.6/site-packages/airflow/example_dags/example_bash_operator.py
[2021-04-01 00:27:28,145] {logging_mixin.py:104} INFO - [2021-04-01 00:27:28,144] {dag.py:1818} INFO - Sync 1 DAGs
[2021-04-01 00:27:28,156] {logging_mixin.py:104} INFO - [2021-04-01 00:27:28,156] {dag.py:2273} INFO - Setting next_dagrun for example_bash_operator to 2021-03-30 00:00:00+00:00
[2021-04-01 00:27:28,162] {scheduler_job.py:190} INFO - Processing /home/airflow/.local/lib/python3.6/site-packages/airflow/example_dags/example_bash_operator.py took 0.036 seconds
[2021-04-01 00:27:58,800] {scheduler_job.py:182} INFO - Started process (PID=485) to work on /home/airflow/.local/lib/python3.6/site-packages/airflow/example_dags/example_bash_operator.py
[2021-04-01 00:27:58,800] {scheduler_job.py:629} INFO - Processing file /home/airflow/.local/lib/python3.6/site-packages/airflow/example_dags/example_bash_operator.py for tasks to queue
[2021-04-01 00:27:58,800] {logging_mixin.py:104} INFO - [2021-04-01 00:27:58,800] {dagbag.py:448} INFO - Filling up the DagBag from /home/airflow/.local/lib/python3.6/site-packages/airflow/example_dags/example_bash_operator.py
[2021-04-01 00:27:58,806] {scheduler_job.py:639} INFO - DAG(s) dict_keys(['example_bash_operator']) retrieved from /home/airflow/.local/lib/python3.6/site-packages/airflow/example_dags/example_bash_operator.py
[2021-04-01 00:27:58,817] {logging_mixin.py:104} INFO - [2021-04-01 00:27:58,817] {dag.py:1818} INFO - Sync 1 DAGs
[2021-04-01 00:27:58,828] {logging_mixin.py:104} INFO - [2021-04-01 00:27:58,828] {dag.py:2273} INFO - Setting next_dagrun for example_bash_operator to 2021-03-30 00:00:00+00:00
[2021-04-01 00:27:58,836] {scheduler_job.py:190} INFO - Processing /home/airflow/.local/lib/python3.6/site-packages/airflow/example_dags/example_bash_operator.py took 0.037 seconds
[2021-04-01 00:28:29,441] {scheduler_job.py:182} INFO - Started process (PID=511) to work on /home/airflow/.local/lib/python3.6/site-packages/airflow/example_dags/example_bash_operator.py
[2021-04-01 00:28:29,441] {scheduler_job.py:629} INFO - Processing file /home/airflow/.local/lib/python3.6/site-packages/airflow/example_dags/example_bash_operator.py for tasks to queue
[2021-04-01 00:28:29,441] {logging_mixin.py:104} INFO - [2021-04-01 00:28:29,441] {dagbag.py:448} INFO - Filling up the DagBag from /home/airflow/.local/lib/python3.6/site-packages/airflow/example_dags/example_bash_operator.py
[2021-04-01 00:28:29,447] {scheduler_job.py:639} INFO - DAG(s) dict_keys(['example_bash_operator']) retrieved from /home/airflow/.local/lib/python3.6/site-packages/airflow/example_dags/example_bash_operator.py
[2021-04-01 00:28:29,458] {logging_mixin.py:104} INFO - [2021-04-01 00:28:29,458] {dag.py:1818} INFO - Sync 1 DAGs
[2021-04-01 00:28:29,470] {logging_mixin.py:104} INFO - [2021-04-01 00:28:29,470] {dag.py:2273} INFO - Setting next_dagrun for example_bash_operator to 2021-03-30 00:00:00+00:00
[2021-04-01 00:28:29,477] {scheduler_job.py:190} INFO - Processing /home/airflow/.local/lib/python3.6/site-packages/airflow/example_dags/example_bash_operator.py took 0.038 seconds
[2021-04-01 00:29:00,081] {scheduler_job.py:182} INFO - Started process (PID=537) to work on /home/airflow/.local/lib/python3.6/site-packages/airflow/example_dags/example_bash_operator.py
[2021-04-01 00:29:00,082] {scheduler_job.py:629} INFO - Processing file /home/airflow/.local/lib/python3.6/site-packages/airflow/example_dags/example_bash_operator.py for tasks to queue
[2021-04-01 00:29:00,082] {logging_mixin.py:104} INFO - [2021-04-01 00:29:00,082] {dagbag.py:448} INFO - Filling up the DagBag from /home/airflow/.local/lib/python3.6/site-packages/airflow/example_dags/example_bash_operator.py
[2021-04-01 00:29:00,088] {scheduler_job.py:639} INFO - DAG(s) dict_keys(['example_bash_operator']) retrieved from /home/airflow/.local/lib/python3.6/site-packages/airflow/example_dags/example_bash_operator.py
[2021-04-01 00:29:00,099] {logging_mixin.py:104} INFO - [2021-04-01 00:29:00,099] {dag.py:1818} INFO - Sync 1 DAGs
[2021-04-01 00:29:00,111] {logging_mixin.py:104} INFO - [2021-04-01 00:29:00,111] {dag.py:2273} INFO - Setting next_dagrun for example_bash_operator to 2021-03-30 00:00:00+00:00
[2021-04-01 00:29:00,118] {scheduler_job.py:190} INFO - Processing /home/airflow/.local/lib/python3.6/site-packages/airflow/example_dags/example_bash_operator.py took 0.038 seconds
[2021-04-01 00:29:30,779] {scheduler_job.py:182} INFO - Started process (PID=563) to work on /home/airflow/.local/lib/python3.6/site-packages/airflow/example_dags/example_bash_operator.py
[2021-04-01 00:29:30,779] {scheduler_job.py:629} INFO - Processing file /home/airflow/.local/lib/python3.6/site-packages/airflow/example_dags/example_bash_operator.py for tasks to queue
[2021-04-01 00:29:30,780] {logging_mixin.py:104} INFO - [2021-04-01 00:29:30,780] {dagbag.py:448} INFO - Filling up the DagBag from /home/airflow/.local/lib/python3.6/site-packages/airflow/example_dags/example_bash_operator.py
[2021-04-01 00:29:30,786] {scheduler_job.py:639} INFO - DAG(s) dict_keys(['example_bash_operator']) retrieved from /home/airflow/.local/lib/python3.6/site-packages/airflow/example_dags/example_bash_operator.py
[2021-04-01 00:29:30,797] {logging_mixin.py:104} INFO - [2021-04-01 00:29:30,797] {dag.py:1818} INFO - Sync 1 DAGs
[2021-04-01 00:29:30,808] {logging_mixin.py:104} INFO - [2021-04-01 00:29:30,808] {dag.py:2273} INFO - Setting next_dagrun for example_bash_operator to 2021-03-30 00:00:00+00:00
[2021-04-01 00:29:30,814] {scheduler_job.py:190} INFO - Processing /home/airflow/.local/lib/python3.6/site-packages/airflow/example_dags/example_bash_operator.py took 0.036 seconds
[2021-04-01 00:30:01,400] {scheduler_job.py:182} INFO - Started process (PID=589) to work on /home/airflow/.local/lib/python3.6/site-packages/airflow/example_dags/example_bash_operator.py
[2021-04-01 00:30:01,400] {scheduler_job.py:629} INFO - Processing file /home/airflow/.local/lib/python3.6/site-packages/airflow/example_dags/example_bash_operator.py for tasks to queue
[2021-04-01 00:30:01,401] {logging_mixin.py:104} INFO - [2021-04-01 00:30:01,401] {dagbag.py:448} INFO - Filling up the DagBag from /home/airflow/.local/lib/python3.6/site-packages/airflow/example_dags/example_bash_operator.py
[2021-04-01 00:30:01,407] {scheduler_job.py:639} INFO - DAG(s) dict_keys(['example_bash_operator']) retrieved from /home/airflow/.local/lib/python3.6/site-packages/airflow/example_dags/example_bash_operator.py
[2021-04-01 00:30:01,418] {logging_mixin.py:104} INFO - [2021-04-01 00:30:01,418] {dag.py:1818} INFO - Sync 1 DAGs
[2021-04-01 00:30:01,429] {logging_mixin.py:104} INFO - [2021-04-01 00:30:01,429] {dag.py:2273} INFO - Setting next_dagrun for example_bash_operator to 2021-03-30 00:00:00+00:00
[2021-04-01 00:30:01,435] {scheduler_job.py:190} INFO - Processing /home/airflow/.local/lib/python3.6/site-packages/airflow/example_dags/example_bash_operator.py took 0.037 seconds
[2021-04-01 00:30:32,036] {scheduler_job.py:182} INFO - Started process (PID=615) to work on /home/airflow/.local/lib/python3.6/site-packages/airflow/example_dags/example_bash_operator.py
[2021-04-01 00:30:32,037] {scheduler_job.py:629} INFO - Processing file /home/airflow/.local/lib/python3.6/site-packages/airflow/example_dags/example_bash_operator.py for tasks to queue
[2021-04-01 00:30:32,037] {logging_mixin.py:104} INFO - [2021-04-01 00:30:32,037] {dagbag.py:448} INFO - Filling up the DagBag from /home/airflow/.local/lib/python3.6/site-packages/airflow/example_dags/example_bash_operator.py
[2021-04-01 00:30:32,043] {scheduler_job.py:639} INFO - DAG(s) dict_keys(['example_bash_operator']) retrieved from /home/airflow/.local/lib/python3.6/site-packages/airflow/example_dags/example_bash_operator.py
[2021-04-01 00:30:32,054] {logging_mixin.py:104} INFO - [2021-04-01 00:30:32,054] {dag.py:1818} INFO - Sync 1 DAGs
[2021-04-01 00:30:32,066] {logging_mixin.py:104} INFO - [2021-04-01 00:30:32,066] {dag.py:2273} INFO - Setting next_dagrun for example_bash_operator to 2021-03-30 00:00:00+00:00
[2021-04-01 00:30:32,072] {scheduler_job.py:190} INFO - Processing /home/airflow/.local/lib/python3.6/site-packages/airflow/example_dags/example_bash_operator.py took 0.037 seconds
[2021-04-01 00:31:02,664] {scheduler_job.py:182} INFO - Started process (PID=641) to work on /home/airflow/.local/lib/python3.6/site-packages/airflow/example_dags/example_bash_operator.py
[2021-04-01 00:31:02,664] {scheduler_job.py:629} INFO - Processing file /home/airflow/.local/lib/python3.6/site-packages/airflow/example_dags/example_bash_operator.py for tasks to queue
[2021-04-01 00:31:02,665] {logging_mixin.py:104} INFO - [2021-04-01 00:31:02,665] {dagbag.py:448} INFO - Filling up the DagBag from /home/airflow/.local/lib/python3.6/site-packages/airflow/example_dags/example_bash_operator.py
[2021-04-01 00:31:02,671] {scheduler_job.py:639} INFO - DAG(s) dict_keys(['example_bash_operator']) retrieved from /home/airflow/.local/lib/python3.6/site-packages/airflow/example_dags/example_bash_operator.py
[2021-04-01 00:31:02,682] {logging_mixin.py:104} INFO - [2021-04-01 00:31:02,682] {dag.py:1818} INFO - Sync 1 DAGs
[2021-04-01 00:31:02,693] {logging_mixin.py:104} INFO - [2021-04-01 00:31:02,693] {dag.py:2273} INFO - Setting next_dagrun for example_bash_operator to 2021-03-30 00:00:00+00:00
[2021-04-01 00:31:02,699] {scheduler_job.py:190} INFO - Processing /home/airflow/.local/lib/python3.6/site-packages/airflow/example_dags/example_bash_operator.py took 0.036 seconds
[2021-04-01 00:31:33,268] {scheduler_job.py:182} INFO - Started process (PID=667) to work on /home/airflow/.local/lib/python3.6/site-packages/airflow/example_dags/example_bash_operator.py
[2021-04-01 00:31:33,269] {scheduler_job.py:629} INFO - Processing file /home/airflow/.local/lib/python3.6/site-packages/airflow/example_dags/example_bash_operator.py for tasks to queue
[2021-04-01 00:31:33,269] {logging_mixin.py:104} INFO - [2021-04-01 00:31:33,269] {dagbag.py:448} INFO - Filling up the DagBag from /home/airflow/.local/lib/python3.6/site-packages/airflow/example_dags/example_bash_operator.py
[2021-04-01 00:31:33,276] {scheduler_job.py:639} INFO - DAG(s) dict_keys(['example_bash_operator']) retrieved from /home/airflow/.local/lib/python3.6/site-packages/airflow/example_dags/example_bash_operator.py
[2021-04-01 00:31:33,285] {logging_mixin.py:104} INFO - [2021-04-01 00:31:33,285] {dag.py:1818} INFO - Sync 1 DAGs
[2021-04-01 00:31:33,296] {logging_mixin.py:104} INFO - [2021-04-01 00:31:33,296] {dag.py:2273} INFO - Setting next_dagrun for example_bash_operator to 2021-03-30 00:00:00+00:00
[2021-04-01 00:31:33,304] {scheduler_job.py:190} INFO - Processing /home/airflow/.local/lib/python3.6/site-packages/airflow/example_dags/example_bash_operator.py took 0.038 seconds
