[2021-04-01 00:00:01,595] {scheduler_job.py:182} INFO - Started process (PID=116) to work on /home/airflow/.local/lib/python3.6/site-packages/airflow/example_dags/example_skip_dag.py
[2021-04-01 00:00:01,596] {scheduler_job.py:629} INFO - Processing file /home/airflow/.local/lib/python3.6/site-packages/airflow/example_dags/example_skip_dag.py for tasks to queue
[2021-04-01 00:00:01,596] {logging_mixin.py:104} INFO - [2021-04-01 00:00:01,596] {dagbag.py:448} INFO - Filling up the DagBag from /home/airflow/.local/lib/python3.6/site-packages/airflow/example_dags/example_skip_dag.py
[2021-04-01 00:00:01,601] {scheduler_job.py:639} INFO - DAG(s) dict_keys(['example_skip_dag']) retrieved from /home/airflow/.local/lib/python3.6/site-packages/airflow/example_dags/example_skip_dag.py
[2021-04-01 00:00:01,613] {logging_mixin.py:104} INFO - [2021-04-01 00:00:01,613] {dag.py:1818} INFO - Sync 1 DAGs
[2021-04-01 00:00:01,621] {logging_mixin.py:104} INFO - [2021-04-01 00:00:01,621] {dag.py:2273} INFO - Setting next_dagrun for example_skip_dag to 2021-03-30 00:00:00+00:00
[2021-04-01 00:00:01,628] {scheduler_job.py:190} INFO - Processing /home/airflow/.local/lib/python3.6/site-packages/airflow/example_dags/example_skip_dag.py took 0.034 seconds
[2021-04-01 00:00:32,268] {scheduler_job.py:182} INFO - Started process (PID=142) to work on /home/airflow/.local/lib/python3.6/site-packages/airflow/example_dags/example_skip_dag.py
[2021-04-01 00:00:32,268] {scheduler_job.py:629} INFO - Processing file /home/airflow/.local/lib/python3.6/site-packages/airflow/example_dags/example_skip_dag.py for tasks to queue
[2021-04-01 00:00:32,269] {logging_mixin.py:104} INFO - [2021-04-01 00:00:32,269] {dagbag.py:448} INFO - Filling up the DagBag from /home/airflow/.local/lib/python3.6/site-packages/airflow/example_dags/example_skip_dag.py
[2021-04-01 00:00:32,275] {scheduler_job.py:639} INFO - DAG(s) dict_keys(['example_skip_dag']) retrieved from /home/airflow/.local/lib/python3.6/site-packages/airflow/example_dags/example_skip_dag.py
[2021-04-01 00:00:32,287] {logging_mixin.py:104} INFO - [2021-04-01 00:00:32,287] {dag.py:1818} INFO - Sync 1 DAGs
[2021-04-01 00:00:32,295] {logging_mixin.py:104} INFO - [2021-04-01 00:00:32,295] {dag.py:2273} INFO - Setting next_dagrun for example_skip_dag to 2021-03-30 00:00:00+00:00
[2021-04-01 00:00:32,302] {scheduler_job.py:190} INFO - Processing /home/airflow/.local/lib/python3.6/site-packages/airflow/example_dags/example_skip_dag.py took 0.036 seconds
[2021-04-01 00:01:02,917] {scheduler_job.py:182} INFO - Started process (PID=168) to work on /home/airflow/.local/lib/python3.6/site-packages/airflow/example_dags/example_skip_dag.py
[2021-04-01 00:01:02,918] {scheduler_job.py:629} INFO - Processing file /home/airflow/.local/lib/python3.6/site-packages/airflow/example_dags/example_skip_dag.py for tasks to queue
[2021-04-01 00:01:02,918] {logging_mixin.py:104} INFO - [2021-04-01 00:01:02,918] {dagbag.py:448} INFO - Filling up the DagBag from /home/airflow/.local/lib/python3.6/site-packages/airflow/example_dags/example_skip_dag.py
[2021-04-01 00:01:02,925] {scheduler_job.py:639} INFO - DAG(s) dict_keys(['example_skip_dag']) retrieved from /home/airflow/.local/lib/python3.6/site-packages/airflow/example_dags/example_skip_dag.py
[2021-04-01 00:01:02,937] {logging_mixin.py:104} INFO - [2021-04-01 00:01:02,937] {dag.py:1818} INFO - Sync 1 DAGs
[2021-04-01 00:01:02,945] {logging_mixin.py:104} INFO - [2021-04-01 00:01:02,945] {dag.py:2273} INFO - Setting next_dagrun for example_skip_dag to 2021-03-30 00:00:00+00:00
[2021-04-01 00:01:02,952] {scheduler_job.py:190} INFO - Processing /home/airflow/.local/lib/python3.6/site-packages/airflow/example_dags/example_skip_dag.py took 0.037 seconds
[2021-04-01 00:01:33,583] {scheduler_job.py:182} INFO - Started process (PID=194) to work on /home/airflow/.local/lib/python3.6/site-packages/airflow/example_dags/example_skip_dag.py
[2021-04-01 00:01:33,584] {scheduler_job.py:629} INFO - Processing file /home/airflow/.local/lib/python3.6/site-packages/airflow/example_dags/example_skip_dag.py for tasks to queue
[2021-04-01 00:01:33,584] {logging_mixin.py:104} INFO - [2021-04-01 00:01:33,584] {dagbag.py:448} INFO - Filling up the DagBag from /home/airflow/.local/lib/python3.6/site-packages/airflow/example_dags/example_skip_dag.py
[2021-04-01 00:01:33,589] {scheduler_job.py:639} INFO - DAG(s) dict_keys(['example_skip_dag']) retrieved from /home/airflow/.local/lib/python3.6/site-packages/airflow/example_dags/example_skip_dag.py
[2021-04-01 00:01:33,599] {logging_mixin.py:104} INFO - [2021-04-01 00:01:33,599] {dag.py:1818} INFO - Sync 1 DAGs
[2021-04-01 00:01:33,606] {logging_mixin.py:104} INFO - [2021-04-01 00:01:33,606] {dag.py:2273} INFO - Setting next_dagrun for example_skip_dag to 2021-03-30 00:00:00+00:00
[2021-04-01 00:01:33,611] {scheduler_job.py:190} INFO - Processing /home/airflow/.local/lib/python3.6/site-packages/airflow/example_dags/example_skip_dag.py took 0.029 seconds
[2021-04-01 00:02:04,156] {scheduler_job.py:182} INFO - Started process (PID=220) to work on /home/airflow/.local/lib/python3.6/site-packages/airflow/example_dags/example_skip_dag.py
[2021-04-01 00:02:04,156] {scheduler_job.py:629} INFO - Processing file /home/airflow/.local/lib/python3.6/site-packages/airflow/example_dags/example_skip_dag.py for tasks to queue
[2021-04-01 00:02:04,157] {logging_mixin.py:104} INFO - [2021-04-01 00:02:04,157] {dagbag.py:448} INFO - Filling up the DagBag from /home/airflow/.local/lib/python3.6/site-packages/airflow/example_dags/example_skip_dag.py
[2021-04-01 00:02:04,163] {scheduler_job.py:639} INFO - DAG(s) dict_keys(['example_skip_dag']) retrieved from /home/airflow/.local/lib/python3.6/site-packages/airflow/example_dags/example_skip_dag.py
[2021-04-01 00:02:04,173] {logging_mixin.py:104} INFO - [2021-04-01 00:02:04,173] {dag.py:1818} INFO - Sync 1 DAGs
[2021-04-01 00:02:04,180] {logging_mixin.py:104} INFO - [2021-04-01 00:02:04,180] {dag.py:2273} INFO - Setting next_dagrun for example_skip_dag to 2021-03-30 00:00:00+00:00
[2021-04-01 00:02:04,187] {scheduler_job.py:190} INFO - Processing /home/airflow/.local/lib/python3.6/site-packages/airflow/example_dags/example_skip_dag.py took 0.033 seconds
[2021-04-01 00:02:34,780] {scheduler_job.py:182} INFO - Started process (PID=246) to work on /home/airflow/.local/lib/python3.6/site-packages/airflow/example_dags/example_skip_dag.py
[2021-04-01 00:02:34,780] {scheduler_job.py:629} INFO - Processing file /home/airflow/.local/lib/python3.6/site-packages/airflow/example_dags/example_skip_dag.py for tasks to queue
[2021-04-01 00:02:34,781] {logging_mixin.py:104} INFO - [2021-04-01 00:02:34,780] {dagbag.py:448} INFO - Filling up the DagBag from /home/airflow/.local/lib/python3.6/site-packages/airflow/example_dags/example_skip_dag.py
[2021-04-01 00:02:34,785] {scheduler_job.py:639} INFO - DAG(s) dict_keys(['example_skip_dag']) retrieved from /home/airflow/.local/lib/python3.6/site-packages/airflow/example_dags/example_skip_dag.py
[2021-04-01 00:02:34,796] {logging_mixin.py:104} INFO - [2021-04-01 00:02:34,795] {dag.py:1818} INFO - Sync 1 DAGs
[2021-04-01 00:02:34,802] {logging_mixin.py:104} INFO - [2021-04-01 00:02:34,802] {dag.py:2273} INFO - Setting next_dagrun for example_skip_dag to 2021-03-30 00:00:00+00:00
[2021-04-01 00:02:34,811] {scheduler_job.py:190} INFO - Processing /home/airflow/.local/lib/python3.6/site-packages/airflow/example_dags/example_skip_dag.py took 0.032 seconds
[2021-04-01 00:03:05,382] {scheduler_job.py:182} INFO - Started process (PID=272) to work on /home/airflow/.local/lib/python3.6/site-packages/airflow/example_dags/example_skip_dag.py
[2021-04-01 00:03:05,382] {scheduler_job.py:629} INFO - Processing file /home/airflow/.local/lib/python3.6/site-packages/airflow/example_dags/example_skip_dag.py for tasks to queue
[2021-04-01 00:03:05,383] {logging_mixin.py:104} INFO - [2021-04-01 00:03:05,383] {dagbag.py:448} INFO - Filling up the DagBag from /home/airflow/.local/lib/python3.6/site-packages/airflow/example_dags/example_skip_dag.py
[2021-04-01 00:03:05,388] {scheduler_job.py:639} INFO - DAG(s) dict_keys(['example_skip_dag']) retrieved from /home/airflow/.local/lib/python3.6/site-packages/airflow/example_dags/example_skip_dag.py
[2021-04-01 00:03:05,399] {logging_mixin.py:104} INFO - [2021-04-01 00:03:05,399] {dag.py:1818} INFO - Sync 1 DAGs
[2021-04-01 00:03:05,407] {logging_mixin.py:104} INFO - [2021-04-01 00:03:05,407] {dag.py:2273} INFO - Setting next_dagrun for example_skip_dag to 2021-03-30 00:00:00+00:00
[2021-04-01 00:03:05,414] {scheduler_job.py:190} INFO - Processing /home/airflow/.local/lib/python3.6/site-packages/airflow/example_dags/example_skip_dag.py took 0.034 seconds
[2021-04-01 00:03:35,998] {scheduler_job.py:182} INFO - Started process (PID=298) to work on /home/airflow/.local/lib/python3.6/site-packages/airflow/example_dags/example_skip_dag.py
[2021-04-01 00:03:35,999] {scheduler_job.py:629} INFO - Processing file /home/airflow/.local/lib/python3.6/site-packages/airflow/example_dags/example_skip_dag.py for tasks to queue
[2021-04-01 00:03:35,999] {logging_mixin.py:104} INFO - [2021-04-01 00:03:35,999] {dagbag.py:448} INFO - Filling up the DagBag from /home/airflow/.local/lib/python3.6/site-packages/airflow/example_dags/example_skip_dag.py
[2021-04-01 00:03:36,004] {scheduler_job.py:639} INFO - DAG(s) dict_keys(['example_skip_dag']) retrieved from /home/airflow/.local/lib/python3.6/site-packages/airflow/example_dags/example_skip_dag.py
[2021-04-01 00:03:36,015] {logging_mixin.py:104} INFO - [2021-04-01 00:03:36,015] {dag.py:1818} INFO - Sync 1 DAGs
[2021-04-01 00:03:36,022] {logging_mixin.py:104} INFO - [2021-04-01 00:03:36,022] {dag.py:2273} INFO - Setting next_dagrun for example_skip_dag to 2021-03-30 00:00:00+00:00
[2021-04-01 00:03:36,028] {scheduler_job.py:190} INFO - Processing /home/airflow/.local/lib/python3.6/site-packages/airflow/example_dags/example_skip_dag.py took 0.031 seconds
[2021-04-01 00:04:06,568] {scheduler_job.py:182} INFO - Started process (PID=324) to work on /home/airflow/.local/lib/python3.6/site-packages/airflow/example_dags/example_skip_dag.py
[2021-04-01 00:04:06,569] {scheduler_job.py:629} INFO - Processing file /home/airflow/.local/lib/python3.6/site-packages/airflow/example_dags/example_skip_dag.py for tasks to queue
[2021-04-01 00:04:06,569] {logging_mixin.py:104} INFO - [2021-04-01 00:04:06,569] {dagbag.py:448} INFO - Filling up the DagBag from /home/airflow/.local/lib/python3.6/site-packages/airflow/example_dags/example_skip_dag.py
[2021-04-01 00:04:06,574] {scheduler_job.py:639} INFO - DAG(s) dict_keys(['example_skip_dag']) retrieved from /home/airflow/.local/lib/python3.6/site-packages/airflow/example_dags/example_skip_dag.py
[2021-04-01 00:04:06,583] {logging_mixin.py:104} INFO - [2021-04-01 00:04:06,583] {dag.py:1818} INFO - Sync 1 DAGs
[2021-04-01 00:04:06,591] {logging_mixin.py:104} INFO - [2021-04-01 00:04:06,591] {dag.py:2273} INFO - Setting next_dagrun for example_skip_dag to 2021-03-30 00:00:00+00:00
[2021-04-01 00:04:06,597] {scheduler_job.py:190} INFO - Processing /home/airflow/.local/lib/python3.6/site-packages/airflow/example_dags/example_skip_dag.py took 0.030 seconds
[2021-04-01 00:04:37,152] {scheduler_job.py:182} INFO - Started process (PID=350) to work on /home/airflow/.local/lib/python3.6/site-packages/airflow/example_dags/example_skip_dag.py
[2021-04-01 00:04:37,152] {scheduler_job.py:629} INFO - Processing file /home/airflow/.local/lib/python3.6/site-packages/airflow/example_dags/example_skip_dag.py for tasks to queue
[2021-04-01 00:04:37,152] {logging_mixin.py:104} INFO - [2021-04-01 00:04:37,152] {dagbag.py:448} INFO - Filling up the DagBag from /home/airflow/.local/lib/python3.6/site-packages/airflow/example_dags/example_skip_dag.py
[2021-04-01 00:04:37,158] {scheduler_job.py:639} INFO - DAG(s) dict_keys(['example_skip_dag']) retrieved from /home/airflow/.local/lib/python3.6/site-packages/airflow/example_dags/example_skip_dag.py
[2021-04-01 00:04:37,167] {logging_mixin.py:104} INFO - [2021-04-01 00:04:37,167] {dag.py:1818} INFO - Sync 1 DAGs
[2021-04-01 00:04:37,174] {logging_mixin.py:104} INFO - [2021-04-01 00:04:37,174] {dag.py:2273} INFO - Setting next_dagrun for example_skip_dag to 2021-03-30 00:00:00+00:00
[2021-04-01 00:04:37,182] {scheduler_job.py:190} INFO - Processing /home/airflow/.local/lib/python3.6/site-packages/airflow/example_dags/example_skip_dag.py took 0.032 seconds
[2021-04-01 00:05:07,735] {scheduler_job.py:182} INFO - Started process (PID=376) to work on /home/airflow/.local/lib/python3.6/site-packages/airflow/example_dags/example_skip_dag.py
[2021-04-01 00:05:07,736] {scheduler_job.py:629} INFO - Processing file /home/airflow/.local/lib/python3.6/site-packages/airflow/example_dags/example_skip_dag.py for tasks to queue
[2021-04-01 00:05:07,736] {logging_mixin.py:104} INFO - [2021-04-01 00:05:07,736] {dagbag.py:448} INFO - Filling up the DagBag from /home/airflow/.local/lib/python3.6/site-packages/airflow/example_dags/example_skip_dag.py
[2021-04-01 00:05:07,741] {scheduler_job.py:639} INFO - DAG(s) dict_keys(['example_skip_dag']) retrieved from /home/airflow/.local/lib/python3.6/site-packages/airflow/example_dags/example_skip_dag.py
[2021-04-01 00:05:07,751] {logging_mixin.py:104} INFO - [2021-04-01 00:05:07,751] {dag.py:1818} INFO - Sync 1 DAGs
[2021-04-01 00:05:07,758] {logging_mixin.py:104} INFO - [2021-04-01 00:05:07,758] {dag.py:2273} INFO - Setting next_dagrun for example_skip_dag to 2021-03-30 00:00:00+00:00
[2021-04-01 00:05:07,766] {scheduler_job.py:190} INFO - Processing /home/airflow/.local/lib/python3.6/site-packages/airflow/example_dags/example_skip_dag.py took 0.032 seconds
[2021-04-01 00:05:38,382] {scheduler_job.py:182} INFO - Started process (PID=402) to work on /home/airflow/.local/lib/python3.6/site-packages/airflow/example_dags/example_skip_dag.py
[2021-04-01 00:05:38,383] {scheduler_job.py:629} INFO - Processing file /home/airflow/.local/lib/python3.6/site-packages/airflow/example_dags/example_skip_dag.py for tasks to queue
[2021-04-01 00:05:38,383] {logging_mixin.py:104} INFO - [2021-04-01 00:05:38,383] {dagbag.py:448} INFO - Filling up the DagBag from /home/airflow/.local/lib/python3.6/site-packages/airflow/example_dags/example_skip_dag.py
[2021-04-01 00:05:38,388] {scheduler_job.py:639} INFO - DAG(s) dict_keys(['example_skip_dag']) retrieved from /home/airflow/.local/lib/python3.6/site-packages/airflow/example_dags/example_skip_dag.py
[2021-04-01 00:05:38,399] {logging_mixin.py:104} INFO - [2021-04-01 00:05:38,399] {dag.py:1818} INFO - Sync 1 DAGs
[2021-04-01 00:05:38,408] {logging_mixin.py:104} INFO - [2021-04-01 00:05:38,408] {dag.py:2273} INFO - Setting next_dagrun for example_skip_dag to 2021-03-30 00:00:00+00:00
[2021-04-01 00:05:38,414] {scheduler_job.py:190} INFO - Processing /home/airflow/.local/lib/python3.6/site-packages/airflow/example_dags/example_skip_dag.py took 0.034 seconds
[2021-04-01 00:06:08,986] {scheduler_job.py:182} INFO - Started process (PID=428) to work on /home/airflow/.local/lib/python3.6/site-packages/airflow/example_dags/example_skip_dag.py
[2021-04-01 00:06:08,986] {scheduler_job.py:629} INFO - Processing file /home/airflow/.local/lib/python3.6/site-packages/airflow/example_dags/example_skip_dag.py for tasks to queue
[2021-04-01 00:06:08,986] {logging_mixin.py:104} INFO - [2021-04-01 00:06:08,986] {dagbag.py:448} INFO - Filling up the DagBag from /home/airflow/.local/lib/python3.6/site-packages/airflow/example_dags/example_skip_dag.py
[2021-04-01 00:06:08,991] {scheduler_job.py:639} INFO - DAG(s) dict_keys(['example_skip_dag']) retrieved from /home/airflow/.local/lib/python3.6/site-packages/airflow/example_dags/example_skip_dag.py
[2021-04-01 00:06:09,001] {logging_mixin.py:104} INFO - [2021-04-01 00:06:09,001] {dag.py:1818} INFO - Sync 1 DAGs
[2021-04-01 00:06:09,009] {logging_mixin.py:104} INFO - [2021-04-01 00:06:09,009] {dag.py:2273} INFO - Setting next_dagrun for example_skip_dag to 2021-03-30 00:00:00+00:00
[2021-04-01 00:06:09,015] {scheduler_job.py:190} INFO - Processing /home/airflow/.local/lib/python3.6/site-packages/airflow/example_dags/example_skip_dag.py took 0.030 seconds
[2021-04-01 00:06:39,652] {scheduler_job.py:182} INFO - Started process (PID=454) to work on /home/airflow/.local/lib/python3.6/site-packages/airflow/example_dags/example_skip_dag.py
[2021-04-01 00:06:39,652] {scheduler_job.py:629} INFO - Processing file /home/airflow/.local/lib/python3.6/site-packages/airflow/example_dags/example_skip_dag.py for tasks to queue
[2021-04-01 00:06:39,653] {logging_mixin.py:104} INFO - [2021-04-01 00:06:39,652] {dagbag.py:448} INFO - Filling up the DagBag from /home/airflow/.local/lib/python3.6/site-packages/airflow/example_dags/example_skip_dag.py
[2021-04-01 00:06:39,658] {scheduler_job.py:639} INFO - DAG(s) dict_keys(['example_skip_dag']) retrieved from /home/airflow/.local/lib/python3.6/site-packages/airflow/example_dags/example_skip_dag.py
[2021-04-01 00:06:39,667] {logging_mixin.py:104} INFO - [2021-04-01 00:06:39,667] {dag.py:1818} INFO - Sync 1 DAGs
[2021-04-01 00:06:39,676] {logging_mixin.py:104} INFO - [2021-04-01 00:06:39,676] {dag.py:2273} INFO - Setting next_dagrun for example_skip_dag to 2021-03-30 00:00:00+00:00
[2021-04-01 00:06:39,683] {scheduler_job.py:190} INFO - Processing /home/airflow/.local/lib/python3.6/site-packages/airflow/example_dags/example_skip_dag.py took 0.032 seconds
[2021-04-01 00:07:10,308] {scheduler_job.py:182} INFO - Started process (PID=480) to work on /home/airflow/.local/lib/python3.6/site-packages/airflow/example_dags/example_skip_dag.py
[2021-04-01 00:07:10,309] {scheduler_job.py:629} INFO - Processing file /home/airflow/.local/lib/python3.6/site-packages/airflow/example_dags/example_skip_dag.py for tasks to queue
[2021-04-01 00:07:10,309] {logging_mixin.py:104} INFO - [2021-04-01 00:07:10,309] {dagbag.py:448} INFO - Filling up the DagBag from /home/airflow/.local/lib/python3.6/site-packages/airflow/example_dags/example_skip_dag.py
[2021-04-01 00:07:10,314] {scheduler_job.py:639} INFO - DAG(s) dict_keys(['example_skip_dag']) retrieved from /home/airflow/.local/lib/python3.6/site-packages/airflow/example_dags/example_skip_dag.py
[2021-04-01 00:07:10,324] {logging_mixin.py:104} INFO - [2021-04-01 00:07:10,323] {dag.py:1818} INFO - Sync 1 DAGs
[2021-04-01 00:07:10,331] {logging_mixin.py:104} INFO - [2021-04-01 00:07:10,331] {dag.py:2273} INFO - Setting next_dagrun for example_skip_dag to 2021-03-30 00:00:00+00:00
[2021-04-01 00:07:10,340] {scheduler_job.py:190} INFO - Processing /home/airflow/.local/lib/python3.6/site-packages/airflow/example_dags/example_skip_dag.py took 0.033 seconds
[2021-04-01 00:07:41,005] {scheduler_job.py:182} INFO - Started process (PID=506) to work on /home/airflow/.local/lib/python3.6/site-packages/airflow/example_dags/example_skip_dag.py
[2021-04-01 00:07:41,006] {scheduler_job.py:629} INFO - Processing file /home/airflow/.local/lib/python3.6/site-packages/airflow/example_dags/example_skip_dag.py for tasks to queue
[2021-04-01 00:07:41,006] {logging_mixin.py:104} INFO - [2021-04-01 00:07:41,006] {dagbag.py:448} INFO - Filling up the DagBag from /home/airflow/.local/lib/python3.6/site-packages/airflow/example_dags/example_skip_dag.py
[2021-04-01 00:07:41,011] {scheduler_job.py:639} INFO - DAG(s) dict_keys(['example_skip_dag']) retrieved from /home/airflow/.local/lib/python3.6/site-packages/airflow/example_dags/example_skip_dag.py
[2021-04-01 00:07:41,021] {logging_mixin.py:104} INFO - [2021-04-01 00:07:41,021] {dag.py:1818} INFO - Sync 1 DAGs
[2021-04-01 00:07:41,029] {logging_mixin.py:104} INFO - [2021-04-01 00:07:41,029] {dag.py:2273} INFO - Setting next_dagrun for example_skip_dag to 2021-03-30 00:00:00+00:00
[2021-04-01 00:07:41,035] {scheduler_job.py:190} INFO - Processing /home/airflow/.local/lib/python3.6/site-packages/airflow/example_dags/example_skip_dag.py took 0.032 seconds
[2021-04-01 00:08:11,653] {scheduler_job.py:182} INFO - Started process (PID=532) to work on /home/airflow/.local/lib/python3.6/site-packages/airflow/example_dags/example_skip_dag.py
[2021-04-01 00:08:11,654] {scheduler_job.py:629} INFO - Processing file /home/airflow/.local/lib/python3.6/site-packages/airflow/example_dags/example_skip_dag.py for tasks to queue
[2021-04-01 00:08:11,654] {logging_mixin.py:104} INFO - [2021-04-01 00:08:11,654] {dagbag.py:448} INFO - Filling up the DagBag from /home/airflow/.local/lib/python3.6/site-packages/airflow/example_dags/example_skip_dag.py
[2021-04-01 00:08:11,659] {scheduler_job.py:639} INFO - DAG(s) dict_keys(['example_skip_dag']) retrieved from /home/airflow/.local/lib/python3.6/site-packages/airflow/example_dags/example_skip_dag.py
[2021-04-01 00:08:11,670] {logging_mixin.py:104} INFO - [2021-04-01 00:08:11,670] {dag.py:1818} INFO - Sync 1 DAGs
[2021-04-01 00:08:11,681] {logging_mixin.py:104} INFO - [2021-04-01 00:08:11,681] {dag.py:2273} INFO - Setting next_dagrun for example_skip_dag to 2021-03-30 00:00:00+00:00
[2021-04-01 00:08:11,689] {scheduler_job.py:190} INFO - Processing /home/airflow/.local/lib/python3.6/site-packages/airflow/example_dags/example_skip_dag.py took 0.037 seconds
[2021-04-01 00:08:42,426] {scheduler_job.py:182} INFO - Started process (PID=558) to work on /home/airflow/.local/lib/python3.6/site-packages/airflow/example_dags/example_skip_dag.py
[2021-04-01 00:08:42,427] {scheduler_job.py:629} INFO - Processing file /home/airflow/.local/lib/python3.6/site-packages/airflow/example_dags/example_skip_dag.py for tasks to queue
[2021-04-01 00:08:42,427] {logging_mixin.py:104} INFO - [2021-04-01 00:08:42,427] {dagbag.py:448} INFO - Filling up the DagBag from /home/airflow/.local/lib/python3.6/site-packages/airflow/example_dags/example_skip_dag.py
[2021-04-01 00:08:42,432] {scheduler_job.py:639} INFO - DAG(s) dict_keys(['example_skip_dag']) retrieved from /home/airflow/.local/lib/python3.6/site-packages/airflow/example_dags/example_skip_dag.py
[2021-04-01 00:08:42,443] {logging_mixin.py:104} INFO - [2021-04-01 00:08:42,443] {dag.py:1818} INFO - Sync 1 DAGs
[2021-04-01 00:08:42,450] {logging_mixin.py:104} INFO - [2021-04-01 00:08:42,450] {dag.py:2273} INFO - Setting next_dagrun for example_skip_dag to 2021-03-30 00:00:00+00:00
[2021-04-01 00:08:42,457] {scheduler_job.py:190} INFO - Processing /home/airflow/.local/lib/python3.6/site-packages/airflow/example_dags/example_skip_dag.py took 0.032 seconds
[2021-04-01 00:09:13,123] {scheduler_job.py:182} INFO - Started process (PID=584) to work on /home/airflow/.local/lib/python3.6/site-packages/airflow/example_dags/example_skip_dag.py
[2021-04-01 00:09:13,124] {scheduler_job.py:629} INFO - Processing file /home/airflow/.local/lib/python3.6/site-packages/airflow/example_dags/example_skip_dag.py for tasks to queue
[2021-04-01 00:09:13,124] {logging_mixin.py:104} INFO - [2021-04-01 00:09:13,124] {dagbag.py:448} INFO - Filling up the DagBag from /home/airflow/.local/lib/python3.6/site-packages/airflow/example_dags/example_skip_dag.py
[2021-04-01 00:09:13,129] {scheduler_job.py:639} INFO - DAG(s) dict_keys(['example_skip_dag']) retrieved from /home/airflow/.local/lib/python3.6/site-packages/airflow/example_dags/example_skip_dag.py
[2021-04-01 00:09:13,141] {logging_mixin.py:104} INFO - [2021-04-01 00:09:13,141] {dag.py:1818} INFO - Sync 1 DAGs
[2021-04-01 00:09:13,148] {logging_mixin.py:104} INFO - [2021-04-01 00:09:13,148] {dag.py:2273} INFO - Setting next_dagrun for example_skip_dag to 2021-03-30 00:00:00+00:00
[2021-04-01 00:09:13,154] {scheduler_job.py:190} INFO - Processing /home/airflow/.local/lib/python3.6/site-packages/airflow/example_dags/example_skip_dag.py took 0.032 seconds
[2021-04-01 00:09:43,824] {scheduler_job.py:182} INFO - Started process (PID=610) to work on /home/airflow/.local/lib/python3.6/site-packages/airflow/example_dags/example_skip_dag.py
[2021-04-01 00:09:43,825] {scheduler_job.py:629} INFO - Processing file /home/airflow/.local/lib/python3.6/site-packages/airflow/example_dags/example_skip_dag.py for tasks to queue
[2021-04-01 00:09:43,825] {logging_mixin.py:104} INFO - [2021-04-01 00:09:43,825] {dagbag.py:448} INFO - Filling up the DagBag from /home/airflow/.local/lib/python3.6/site-packages/airflow/example_dags/example_skip_dag.py
[2021-04-01 00:09:43,830] {scheduler_job.py:639} INFO - DAG(s) dict_keys(['example_skip_dag']) retrieved from /home/airflow/.local/lib/python3.6/site-packages/airflow/example_dags/example_skip_dag.py
[2021-04-01 00:09:43,841] {logging_mixin.py:104} INFO - [2021-04-01 00:09:43,841] {dag.py:1818} INFO - Sync 1 DAGs
[2021-04-01 00:09:43,848] {logging_mixin.py:104} INFO - [2021-04-01 00:09:43,848] {dag.py:2273} INFO - Setting next_dagrun for example_skip_dag to 2021-03-30 00:00:00+00:00
[2021-04-01 00:09:43,856] {scheduler_job.py:190} INFO - Processing /home/airflow/.local/lib/python3.6/site-packages/airflow/example_dags/example_skip_dag.py took 0.033 seconds
[2021-04-01 00:10:14,489] {scheduler_job.py:182} INFO - Started process (PID=636) to work on /home/airflow/.local/lib/python3.6/site-packages/airflow/example_dags/example_skip_dag.py
[2021-04-01 00:10:14,490] {scheduler_job.py:629} INFO - Processing file /home/airflow/.local/lib/python3.6/site-packages/airflow/example_dags/example_skip_dag.py for tasks to queue
[2021-04-01 00:10:14,490] {logging_mixin.py:104} INFO - [2021-04-01 00:10:14,490] {dagbag.py:448} INFO - Filling up the DagBag from /home/airflow/.local/lib/python3.6/site-packages/airflow/example_dags/example_skip_dag.py
[2021-04-01 00:10:14,495] {scheduler_job.py:639} INFO - DAG(s) dict_keys(['example_skip_dag']) retrieved from /home/airflow/.local/lib/python3.6/site-packages/airflow/example_dags/example_skip_dag.py
[2021-04-01 00:10:14,506] {logging_mixin.py:104} INFO - [2021-04-01 00:10:14,506] {dag.py:1818} INFO - Sync 1 DAGs
[2021-04-01 00:10:14,513] {logging_mixin.py:104} INFO - [2021-04-01 00:10:14,513] {dag.py:2273} INFO - Setting next_dagrun for example_skip_dag to 2021-03-30 00:00:00+00:00
[2021-04-01 00:10:14,519] {scheduler_job.py:190} INFO - Processing /home/airflow/.local/lib/python3.6/site-packages/airflow/example_dags/example_skip_dag.py took 0.031 seconds
[2021-04-01 00:10:45,160] {scheduler_job.py:182} INFO - Started process (PID=662) to work on /home/airflow/.local/lib/python3.6/site-packages/airflow/example_dags/example_skip_dag.py
[2021-04-01 00:10:45,161] {scheduler_job.py:629} INFO - Processing file /home/airflow/.local/lib/python3.6/site-packages/airflow/example_dags/example_skip_dag.py for tasks to queue
[2021-04-01 00:10:45,161] {logging_mixin.py:104} INFO - [2021-04-01 00:10:45,161] {dagbag.py:448} INFO - Filling up the DagBag from /home/airflow/.local/lib/python3.6/site-packages/airflow/example_dags/example_skip_dag.py
[2021-04-01 00:10:45,166] {scheduler_job.py:639} INFO - DAG(s) dict_keys(['example_skip_dag']) retrieved from /home/airflow/.local/lib/python3.6/site-packages/airflow/example_dags/example_skip_dag.py
[2021-04-01 00:10:45,177] {logging_mixin.py:104} INFO - [2021-04-01 00:10:45,177] {dag.py:1818} INFO - Sync 1 DAGs
[2021-04-01 00:10:45,184] {logging_mixin.py:104} INFO - [2021-04-01 00:10:45,184] {dag.py:2273} INFO - Setting next_dagrun for example_skip_dag to 2021-03-30 00:00:00+00:00
[2021-04-01 00:10:45,190] {scheduler_job.py:190} INFO - Processing /home/airflow/.local/lib/python3.6/site-packages/airflow/example_dags/example_skip_dag.py took 0.031 seconds
[2021-04-01 00:19:17,281] {scheduler_job.py:182} INFO - Started process (PID=34) to work on /home/airflow/.local/lib/python3.6/site-packages/airflow/example_dags/example_skip_dag.py
[2021-04-01 00:19:17,281] {scheduler_job.py:629} INFO - Processing file /home/airflow/.local/lib/python3.6/site-packages/airflow/example_dags/example_skip_dag.py for tasks to queue
[2021-04-01 00:19:17,282] {logging_mixin.py:104} INFO - [2021-04-01 00:19:17,282] {dagbag.py:448} INFO - Filling up the DagBag from /home/airflow/.local/lib/python3.6/site-packages/airflow/example_dags/example_skip_dag.py
[2021-04-01 00:19:17,288] {scheduler_job.py:639} INFO - DAG(s) dict_keys(['example_skip_dag']) retrieved from /home/airflow/.local/lib/python3.6/site-packages/airflow/example_dags/example_skip_dag.py
[2021-04-01 00:19:17,298] {logging_mixin.py:104} INFO - [2021-04-01 00:19:17,298] {dag.py:1818} INFO - Sync 1 DAGs
[2021-04-01 00:19:17,306] {logging_mixin.py:104} INFO - [2021-04-01 00:19:17,306] {dag.py:2273} INFO - Setting next_dagrun for example_skip_dag to 2021-03-30 00:00:00+00:00
[2021-04-01 00:19:17,313] {scheduler_job.py:190} INFO - Processing /home/airflow/.local/lib/python3.6/site-packages/airflow/example_dags/example_skip_dag.py took 0.034 seconds
[2021-04-01 00:19:48,016] {scheduler_job.py:182} INFO - Started process (PID=60) to work on /home/airflow/.local/lib/python3.6/site-packages/airflow/example_dags/example_skip_dag.py
[2021-04-01 00:19:48,017] {scheduler_job.py:629} INFO - Processing file /home/airflow/.local/lib/python3.6/site-packages/airflow/example_dags/example_skip_dag.py for tasks to queue
[2021-04-01 00:19:48,018] {logging_mixin.py:104} INFO - [2021-04-01 00:19:48,018] {dagbag.py:448} INFO - Filling up the DagBag from /home/airflow/.local/lib/python3.6/site-packages/airflow/example_dags/example_skip_dag.py
[2021-04-01 00:19:48,030] {scheduler_job.py:639} INFO - DAG(s) dict_keys(['example_skip_dag']) retrieved from /home/airflow/.local/lib/python3.6/site-packages/airflow/example_dags/example_skip_dag.py
[2021-04-01 00:19:48,045] {logging_mixin.py:104} INFO - [2021-04-01 00:19:48,045] {dag.py:1818} INFO - Sync 1 DAGs
[2021-04-01 00:19:48,054] {logging_mixin.py:104} INFO - [2021-04-01 00:19:48,054] {dag.py:2273} INFO - Setting next_dagrun for example_skip_dag to 2021-03-30 00:00:00+00:00
[2021-04-01 00:19:48,062] {scheduler_job.py:190} INFO - Processing /home/airflow/.local/lib/python3.6/site-packages/airflow/example_dags/example_skip_dag.py took 0.053 seconds
[2021-04-01 00:20:18,709] {scheduler_job.py:182} INFO - Started process (PID=86) to work on /home/airflow/.local/lib/python3.6/site-packages/airflow/example_dags/example_skip_dag.py
[2021-04-01 00:20:18,710] {scheduler_job.py:629} INFO - Processing file /home/airflow/.local/lib/python3.6/site-packages/airflow/example_dags/example_skip_dag.py for tasks to queue
[2021-04-01 00:20:18,711] {logging_mixin.py:104} INFO - [2021-04-01 00:20:18,711] {dagbag.py:448} INFO - Filling up the DagBag from /home/airflow/.local/lib/python3.6/site-packages/airflow/example_dags/example_skip_dag.py
[2021-04-01 00:20:18,723] {scheduler_job.py:639} INFO - DAG(s) dict_keys(['example_skip_dag']) retrieved from /home/airflow/.local/lib/python3.6/site-packages/airflow/example_dags/example_skip_dag.py
[2021-04-01 00:20:18,738] {logging_mixin.py:104} INFO - [2021-04-01 00:20:18,738] {dag.py:1818} INFO - Sync 1 DAGs
[2021-04-01 00:20:18,748] {logging_mixin.py:104} INFO - [2021-04-01 00:20:18,748] {dag.py:2273} INFO - Setting next_dagrun for example_skip_dag to 2021-03-30 00:00:00+00:00
[2021-04-01 00:20:18,756] {scheduler_job.py:190} INFO - Processing /home/airflow/.local/lib/python3.6/site-packages/airflow/example_dags/example_skip_dag.py took 0.051 seconds
[2021-04-01 00:20:49,480] {scheduler_job.py:182} INFO - Started process (PID=112) to work on /home/airflow/.local/lib/python3.6/site-packages/airflow/example_dags/example_skip_dag.py
[2021-04-01 00:20:49,482] {scheduler_job.py:629} INFO - Processing file /home/airflow/.local/lib/python3.6/site-packages/airflow/example_dags/example_skip_dag.py for tasks to queue
[2021-04-01 00:20:49,483] {logging_mixin.py:104} INFO - [2021-04-01 00:20:49,483] {dagbag.py:448} INFO - Filling up the DagBag from /home/airflow/.local/lib/python3.6/site-packages/airflow/example_dags/example_skip_dag.py
[2021-04-01 00:20:49,495] {scheduler_job.py:639} INFO - DAG(s) dict_keys(['example_skip_dag']) retrieved from /home/airflow/.local/lib/python3.6/site-packages/airflow/example_dags/example_skip_dag.py
[2021-04-01 00:20:49,555] {logging_mixin.py:104} INFO - [2021-04-01 00:20:49,555] {dag.py:1818} INFO - Sync 1 DAGs
[2021-04-01 00:20:49,563] {logging_mixin.py:104} INFO - [2021-04-01 00:20:49,563] {dag.py:2273} INFO - Setting next_dagrun for example_skip_dag to 2021-03-30 00:00:00+00:00
[2021-04-01 00:20:49,570] {scheduler_job.py:190} INFO - Processing /home/airflow/.local/lib/python3.6/site-packages/airflow/example_dags/example_skip_dag.py took 0.095 seconds
[2021-04-01 00:21:20,180] {scheduler_job.py:182} INFO - Started process (PID=138) to work on /home/airflow/.local/lib/python3.6/site-packages/airflow/example_dags/example_skip_dag.py
[2021-04-01 00:21:20,180] {scheduler_job.py:629} INFO - Processing file /home/airflow/.local/lib/python3.6/site-packages/airflow/example_dags/example_skip_dag.py for tasks to queue
[2021-04-01 00:21:20,181] {logging_mixin.py:104} INFO - [2021-04-01 00:21:20,181] {dagbag.py:448} INFO - Filling up the DagBag from /home/airflow/.local/lib/python3.6/site-packages/airflow/example_dags/example_skip_dag.py
[2021-04-01 00:21:20,186] {scheduler_job.py:639} INFO - DAG(s) dict_keys(['example_skip_dag']) retrieved from /home/airflow/.local/lib/python3.6/site-packages/airflow/example_dags/example_skip_dag.py
[2021-04-01 00:21:20,196] {logging_mixin.py:104} INFO - [2021-04-01 00:21:20,196] {dag.py:1818} INFO - Sync 1 DAGs
[2021-04-01 00:21:20,205] {logging_mixin.py:104} INFO - [2021-04-01 00:21:20,205] {dag.py:2273} INFO - Setting next_dagrun for example_skip_dag to 2021-03-30 00:00:00+00:00
[2021-04-01 00:21:20,223] {scheduler_job.py:190} INFO - Processing /home/airflow/.local/lib/python3.6/site-packages/airflow/example_dags/example_skip_dag.py took 0.045 seconds
[2021-04-01 00:21:50,841] {scheduler_job.py:182} INFO - Started process (PID=164) to work on /home/airflow/.local/lib/python3.6/site-packages/airflow/example_dags/example_skip_dag.py
[2021-04-01 00:21:50,842] {scheduler_job.py:629} INFO - Processing file /home/airflow/.local/lib/python3.6/site-packages/airflow/example_dags/example_skip_dag.py for tasks to queue
[2021-04-01 00:21:50,842] {logging_mixin.py:104} INFO - [2021-04-01 00:21:50,842] {dagbag.py:448} INFO - Filling up the DagBag from /home/airflow/.local/lib/python3.6/site-packages/airflow/example_dags/example_skip_dag.py
[2021-04-01 00:21:50,848] {scheduler_job.py:639} INFO - DAG(s) dict_keys(['example_skip_dag']) retrieved from /home/airflow/.local/lib/python3.6/site-packages/airflow/example_dags/example_skip_dag.py
[2021-04-01 00:21:50,860] {logging_mixin.py:104} INFO - [2021-04-01 00:21:50,860] {dag.py:1818} INFO - Sync 1 DAGs
[2021-04-01 00:21:50,870] {logging_mixin.py:104} INFO - [2021-04-01 00:21:50,870] {dag.py:2273} INFO - Setting next_dagrun for example_skip_dag to 2021-03-30 00:00:00+00:00
[2021-04-01 00:21:50,876] {scheduler_job.py:190} INFO - Processing /home/airflow/.local/lib/python3.6/site-packages/airflow/example_dags/example_skip_dag.py took 0.037 seconds
[2021-04-01 00:22:21,491] {scheduler_job.py:182} INFO - Started process (PID=190) to work on /home/airflow/.local/lib/python3.6/site-packages/airflow/example_dags/example_skip_dag.py
[2021-04-01 00:22:21,491] {scheduler_job.py:629} INFO - Processing file /home/airflow/.local/lib/python3.6/site-packages/airflow/example_dags/example_skip_dag.py for tasks to queue
[2021-04-01 00:22:21,492] {logging_mixin.py:104} INFO - [2021-04-01 00:22:21,492] {dagbag.py:448} INFO - Filling up the DagBag from /home/airflow/.local/lib/python3.6/site-packages/airflow/example_dags/example_skip_dag.py
[2021-04-01 00:22:21,497] {scheduler_job.py:639} INFO - DAG(s) dict_keys(['example_skip_dag']) retrieved from /home/airflow/.local/lib/python3.6/site-packages/airflow/example_dags/example_skip_dag.py
[2021-04-01 00:22:21,506] {logging_mixin.py:104} INFO - [2021-04-01 00:22:21,506] {dag.py:1818} INFO - Sync 1 DAGs
[2021-04-01 00:22:21,513] {logging_mixin.py:104} INFO - [2021-04-01 00:22:21,513] {dag.py:2273} INFO - Setting next_dagrun for example_skip_dag to 2021-03-30 00:00:00+00:00
[2021-04-01 00:22:21,519] {scheduler_job.py:190} INFO - Processing /home/airflow/.local/lib/python3.6/site-packages/airflow/example_dags/example_skip_dag.py took 0.030 seconds
[2021-04-01 00:22:52,151] {scheduler_job.py:182} INFO - Started process (PID=216) to work on /home/airflow/.local/lib/python3.6/site-packages/airflow/example_dags/example_skip_dag.py
[2021-04-01 00:22:52,152] {scheduler_job.py:629} INFO - Processing file /home/airflow/.local/lib/python3.6/site-packages/airflow/example_dags/example_skip_dag.py for tasks to queue
[2021-04-01 00:22:52,152] {logging_mixin.py:104} INFO - [2021-04-01 00:22:52,152] {dagbag.py:448} INFO - Filling up the DagBag from /home/airflow/.local/lib/python3.6/site-packages/airflow/example_dags/example_skip_dag.py
[2021-04-01 00:22:52,157] {scheduler_job.py:639} INFO - DAG(s) dict_keys(['example_skip_dag']) retrieved from /home/airflow/.local/lib/python3.6/site-packages/airflow/example_dags/example_skip_dag.py
[2021-04-01 00:22:52,168] {logging_mixin.py:104} INFO - [2021-04-01 00:22:52,168] {dag.py:1818} INFO - Sync 1 DAGs
[2021-04-01 00:22:52,175] {logging_mixin.py:104} INFO - [2021-04-01 00:22:52,175] {dag.py:2273} INFO - Setting next_dagrun for example_skip_dag to 2021-03-30 00:00:00+00:00
[2021-04-01 00:22:52,180] {scheduler_job.py:190} INFO - Processing /home/airflow/.local/lib/python3.6/site-packages/airflow/example_dags/example_skip_dag.py took 0.030 seconds
[2021-04-01 00:23:22,794] {scheduler_job.py:182} INFO - Started process (PID=242) to work on /home/airflow/.local/lib/python3.6/site-packages/airflow/example_dags/example_skip_dag.py
[2021-04-01 00:23:22,794] {scheduler_job.py:629} INFO - Processing file /home/airflow/.local/lib/python3.6/site-packages/airflow/example_dags/example_skip_dag.py for tasks to queue
[2021-04-01 00:23:22,794] {logging_mixin.py:104} INFO - [2021-04-01 00:23:22,794] {dagbag.py:448} INFO - Filling up the DagBag from /home/airflow/.local/lib/python3.6/site-packages/airflow/example_dags/example_skip_dag.py
[2021-04-01 00:23:22,799] {scheduler_job.py:639} INFO - DAG(s) dict_keys(['example_skip_dag']) retrieved from /home/airflow/.local/lib/python3.6/site-packages/airflow/example_dags/example_skip_dag.py
[2021-04-01 00:23:22,809] {logging_mixin.py:104} INFO - [2021-04-01 00:23:22,809] {dag.py:1818} INFO - Sync 1 DAGs
[2021-04-01 00:23:22,816] {logging_mixin.py:104} INFO - [2021-04-01 00:23:22,816] {dag.py:2273} INFO - Setting next_dagrun for example_skip_dag to 2021-03-30 00:00:00+00:00
[2021-04-01 00:23:22,824] {scheduler_job.py:190} INFO - Processing /home/airflow/.local/lib/python3.6/site-packages/airflow/example_dags/example_skip_dag.py took 0.032 seconds
[2021-04-01 00:23:53,431] {scheduler_job.py:182} INFO - Started process (PID=268) to work on /home/airflow/.local/lib/python3.6/site-packages/airflow/example_dags/example_skip_dag.py
[2021-04-01 00:23:53,432] {scheduler_job.py:629} INFO - Processing file /home/airflow/.local/lib/python3.6/site-packages/airflow/example_dags/example_skip_dag.py for tasks to queue
[2021-04-01 00:23:53,432] {logging_mixin.py:104} INFO - [2021-04-01 00:23:53,432] {dagbag.py:448} INFO - Filling up the DagBag from /home/airflow/.local/lib/python3.6/site-packages/airflow/example_dags/example_skip_dag.py
[2021-04-01 00:23:53,437] {scheduler_job.py:639} INFO - DAG(s) dict_keys(['example_skip_dag']) retrieved from /home/airflow/.local/lib/python3.6/site-packages/airflow/example_dags/example_skip_dag.py
[2021-04-01 00:23:53,446] {logging_mixin.py:104} INFO - [2021-04-01 00:23:53,446] {dag.py:1818} INFO - Sync 1 DAGs
[2021-04-01 00:23:53,453] {logging_mixin.py:104} INFO - [2021-04-01 00:23:53,453] {dag.py:2273} INFO - Setting next_dagrun for example_skip_dag to 2021-03-30 00:00:00+00:00
[2021-04-01 00:23:53,460] {scheduler_job.py:190} INFO - Processing /home/airflow/.local/lib/python3.6/site-packages/airflow/example_dags/example_skip_dag.py took 0.030 seconds
[2021-04-01 00:24:24,137] {scheduler_job.py:182} INFO - Started process (PID=294) to work on /home/airflow/.local/lib/python3.6/site-packages/airflow/example_dags/example_skip_dag.py
[2021-04-01 00:24:24,138] {scheduler_job.py:629} INFO - Processing file /home/airflow/.local/lib/python3.6/site-packages/airflow/example_dags/example_skip_dag.py for tasks to queue
[2021-04-01 00:24:24,138] {logging_mixin.py:104} INFO - [2021-04-01 00:24:24,138] {dagbag.py:448} INFO - Filling up the DagBag from /home/airflow/.local/lib/python3.6/site-packages/airflow/example_dags/example_skip_dag.py
[2021-04-01 00:24:24,143] {scheduler_job.py:639} INFO - DAG(s) dict_keys(['example_skip_dag']) retrieved from /home/airflow/.local/lib/python3.6/site-packages/airflow/example_dags/example_skip_dag.py
[2021-04-01 00:24:24,152] {logging_mixin.py:104} INFO - [2021-04-01 00:24:24,152] {dag.py:1818} INFO - Sync 1 DAGs
[2021-04-01 00:24:24,159] {logging_mixin.py:104} INFO - [2021-04-01 00:24:24,159] {dag.py:2273} INFO - Setting next_dagrun for example_skip_dag to 2021-03-30 00:00:00+00:00
[2021-04-01 00:24:24,166] {scheduler_job.py:190} INFO - Processing /home/airflow/.local/lib/python3.6/site-packages/airflow/example_dags/example_skip_dag.py took 0.030 seconds
[2021-04-01 00:24:54,756] {scheduler_job.py:182} INFO - Started process (PID=320) to work on /home/airflow/.local/lib/python3.6/site-packages/airflow/example_dags/example_skip_dag.py
[2021-04-01 00:24:54,757] {scheduler_job.py:629} INFO - Processing file /home/airflow/.local/lib/python3.6/site-packages/airflow/example_dags/example_skip_dag.py for tasks to queue
[2021-04-01 00:24:54,757] {logging_mixin.py:104} INFO - [2021-04-01 00:24:54,757] {dagbag.py:448} INFO - Filling up the DagBag from /home/airflow/.local/lib/python3.6/site-packages/airflow/example_dags/example_skip_dag.py
[2021-04-01 00:24:54,762] {scheduler_job.py:639} INFO - DAG(s) dict_keys(['example_skip_dag']) retrieved from /home/airflow/.local/lib/python3.6/site-packages/airflow/example_dags/example_skip_dag.py
[2021-04-01 00:24:54,772] {logging_mixin.py:104} INFO - [2021-04-01 00:24:54,772] {dag.py:1818} INFO - Sync 1 DAGs
[2021-04-01 00:24:54,779] {logging_mixin.py:104} INFO - [2021-04-01 00:24:54,779] {dag.py:2273} INFO - Setting next_dagrun for example_skip_dag to 2021-03-30 00:00:00+00:00
[2021-04-01 00:24:54,785] {scheduler_job.py:190} INFO - Processing /home/airflow/.local/lib/python3.6/site-packages/airflow/example_dags/example_skip_dag.py took 0.031 seconds
[2021-04-01 00:25:25,380] {scheduler_job.py:182} INFO - Started process (PID=346) to work on /home/airflow/.local/lib/python3.6/site-packages/airflow/example_dags/example_skip_dag.py
[2021-04-01 00:25:25,381] {scheduler_job.py:629} INFO - Processing file /home/airflow/.local/lib/python3.6/site-packages/airflow/example_dags/example_skip_dag.py for tasks to queue
[2021-04-01 00:25:25,381] {logging_mixin.py:104} INFO - [2021-04-01 00:25:25,381] {dagbag.py:448} INFO - Filling up the DagBag from /home/airflow/.local/lib/python3.6/site-packages/airflow/example_dags/example_skip_dag.py
[2021-04-01 00:25:25,386] {scheduler_job.py:639} INFO - DAG(s) dict_keys(['example_skip_dag']) retrieved from /home/airflow/.local/lib/python3.6/site-packages/airflow/example_dags/example_skip_dag.py
[2021-04-01 00:25:25,396] {logging_mixin.py:104} INFO - [2021-04-01 00:25:25,396] {dag.py:1818} INFO - Sync 1 DAGs
[2021-04-01 00:25:25,404] {logging_mixin.py:104} INFO - [2021-04-01 00:25:25,404] {dag.py:2273} INFO - Setting next_dagrun for example_skip_dag to 2021-03-30 00:00:00+00:00
[2021-04-01 00:25:25,410] {scheduler_job.py:190} INFO - Processing /home/airflow/.local/lib/python3.6/site-packages/airflow/example_dags/example_skip_dag.py took 0.031 seconds
[2021-04-01 00:25:56,004] {scheduler_job.py:182} INFO - Started process (PID=372) to work on /home/airflow/.local/lib/python3.6/site-packages/airflow/example_dags/example_skip_dag.py
[2021-04-01 00:25:56,005] {scheduler_job.py:629} INFO - Processing file /home/airflow/.local/lib/python3.6/site-packages/airflow/example_dags/example_skip_dag.py for tasks to queue
[2021-04-01 00:25:56,005] {logging_mixin.py:104} INFO - [2021-04-01 00:25:56,005] {dagbag.py:448} INFO - Filling up the DagBag from /home/airflow/.local/lib/python3.6/site-packages/airflow/example_dags/example_skip_dag.py
[2021-04-01 00:25:56,010] {scheduler_job.py:639} INFO - DAG(s) dict_keys(['example_skip_dag']) retrieved from /home/airflow/.local/lib/python3.6/site-packages/airflow/example_dags/example_skip_dag.py
[2021-04-01 00:25:56,019] {logging_mixin.py:104} INFO - [2021-04-01 00:25:56,019] {dag.py:1818} INFO - Sync 1 DAGs
[2021-04-01 00:25:56,026] {logging_mixin.py:104} INFO - [2021-04-01 00:25:56,026] {dag.py:2273} INFO - Setting next_dagrun for example_skip_dag to 2021-03-30 00:00:00+00:00
[2021-04-01 00:25:56,034] {scheduler_job.py:190} INFO - Processing /home/airflow/.local/lib/python3.6/site-packages/airflow/example_dags/example_skip_dag.py took 0.031 seconds
[2021-04-01 00:26:26,640] {scheduler_job.py:182} INFO - Started process (PID=398) to work on /home/airflow/.local/lib/python3.6/site-packages/airflow/example_dags/example_skip_dag.py
[2021-04-01 00:26:26,640] {scheduler_job.py:629} INFO - Processing file /home/airflow/.local/lib/python3.6/site-packages/airflow/example_dags/example_skip_dag.py for tasks to queue
[2021-04-01 00:26:26,640] {logging_mixin.py:104} INFO - [2021-04-01 00:26:26,640] {dagbag.py:448} INFO - Filling up the DagBag from /home/airflow/.local/lib/python3.6/site-packages/airflow/example_dags/example_skip_dag.py
[2021-04-01 00:26:26,645] {scheduler_job.py:639} INFO - DAG(s) dict_keys(['example_skip_dag']) retrieved from /home/airflow/.local/lib/python3.6/site-packages/airflow/example_dags/example_skip_dag.py
[2021-04-01 00:26:26,654] {logging_mixin.py:104} INFO - [2021-04-01 00:26:26,654] {dag.py:1818} INFO - Sync 1 DAGs
[2021-04-01 00:26:26,662] {logging_mixin.py:104} INFO - [2021-04-01 00:26:26,662] {dag.py:2273} INFO - Setting next_dagrun for example_skip_dag to 2021-03-30 00:00:00+00:00
[2021-04-01 00:26:26,669] {scheduler_job.py:190} INFO - Processing /home/airflow/.local/lib/python3.6/site-packages/airflow/example_dags/example_skip_dag.py took 0.031 seconds
[2021-04-01 00:26:57,299] {scheduler_job.py:182} INFO - Started process (PID=424) to work on /home/airflow/.local/lib/python3.6/site-packages/airflow/example_dags/example_skip_dag.py
[2021-04-01 00:26:57,299] {scheduler_job.py:629} INFO - Processing file /home/airflow/.local/lib/python3.6/site-packages/airflow/example_dags/example_skip_dag.py for tasks to queue
[2021-04-01 00:26:57,299] {logging_mixin.py:104} INFO - [2021-04-01 00:26:57,299] {dagbag.py:448} INFO - Filling up the DagBag from /home/airflow/.local/lib/python3.6/site-packages/airflow/example_dags/example_skip_dag.py
[2021-04-01 00:26:57,304] {scheduler_job.py:639} INFO - DAG(s) dict_keys(['example_skip_dag']) retrieved from /home/airflow/.local/lib/python3.6/site-packages/airflow/example_dags/example_skip_dag.py
[2021-04-01 00:26:57,314] {logging_mixin.py:104} INFO - [2021-04-01 00:26:57,314] {dag.py:1818} INFO - Sync 1 DAGs
[2021-04-01 00:26:57,322] {logging_mixin.py:104} INFO - [2021-04-01 00:26:57,322] {dag.py:2273} INFO - Setting next_dagrun for example_skip_dag to 2021-03-30 00:00:00+00:00
[2021-04-01 00:26:57,328] {scheduler_job.py:190} INFO - Processing /home/airflow/.local/lib/python3.6/site-packages/airflow/example_dags/example_skip_dag.py took 0.031 seconds
[2021-04-01 00:27:27,954] {scheduler_job.py:182} INFO - Started process (PID=450) to work on /home/airflow/.local/lib/python3.6/site-packages/airflow/example_dags/example_skip_dag.py
[2021-04-01 00:27:27,954] {scheduler_job.py:629} INFO - Processing file /home/airflow/.local/lib/python3.6/site-packages/airflow/example_dags/example_skip_dag.py for tasks to queue
[2021-04-01 00:27:27,955] {logging_mixin.py:104} INFO - [2021-04-01 00:27:27,955] {dagbag.py:448} INFO - Filling up the DagBag from /home/airflow/.local/lib/python3.6/site-packages/airflow/example_dags/example_skip_dag.py
[2021-04-01 00:27:27,960] {scheduler_job.py:639} INFO - DAG(s) dict_keys(['example_skip_dag']) retrieved from /home/airflow/.local/lib/python3.6/site-packages/airflow/example_dags/example_skip_dag.py
[2021-04-01 00:27:27,969] {logging_mixin.py:104} INFO - [2021-04-01 00:27:27,969] {dag.py:1818} INFO - Sync 1 DAGs
[2021-04-01 00:27:27,977] {logging_mixin.py:104} INFO - [2021-04-01 00:27:27,977] {dag.py:2273} INFO - Setting next_dagrun for example_skip_dag to 2021-03-30 00:00:00+00:00
[2021-04-01 00:27:27,986] {scheduler_job.py:190} INFO - Processing /home/airflow/.local/lib/python3.6/site-packages/airflow/example_dags/example_skip_dag.py took 0.033 seconds
[2021-04-01 00:27:58,599] {scheduler_job.py:182} INFO - Started process (PID=476) to work on /home/airflow/.local/lib/python3.6/site-packages/airflow/example_dags/example_skip_dag.py
[2021-04-01 00:27:58,599] {scheduler_job.py:629} INFO - Processing file /home/airflow/.local/lib/python3.6/site-packages/airflow/example_dags/example_skip_dag.py for tasks to queue
[2021-04-01 00:27:58,600] {logging_mixin.py:104} INFO - [2021-04-01 00:27:58,599] {dagbag.py:448} INFO - Filling up the DagBag from /home/airflow/.local/lib/python3.6/site-packages/airflow/example_dags/example_skip_dag.py
[2021-04-01 00:27:58,604] {scheduler_job.py:639} INFO - DAG(s) dict_keys(['example_skip_dag']) retrieved from /home/airflow/.local/lib/python3.6/site-packages/airflow/example_dags/example_skip_dag.py
[2021-04-01 00:27:58,614] {logging_mixin.py:104} INFO - [2021-04-01 00:27:58,614] {dag.py:1818} INFO - Sync 1 DAGs
[2021-04-01 00:27:58,622] {logging_mixin.py:104} INFO - [2021-04-01 00:27:58,622] {dag.py:2273} INFO - Setting next_dagrun for example_skip_dag to 2021-03-30 00:00:00+00:00
[2021-04-01 00:27:58,627] {scheduler_job.py:190} INFO - Processing /home/airflow/.local/lib/python3.6/site-packages/airflow/example_dags/example_skip_dag.py took 0.030 seconds
[2021-04-01 00:28:29,241] {scheduler_job.py:182} INFO - Started process (PID=502) to work on /home/airflow/.local/lib/python3.6/site-packages/airflow/example_dags/example_skip_dag.py
[2021-04-01 00:28:29,241] {scheduler_job.py:629} INFO - Processing file /home/airflow/.local/lib/python3.6/site-packages/airflow/example_dags/example_skip_dag.py for tasks to queue
[2021-04-01 00:28:29,241] {logging_mixin.py:104} INFO - [2021-04-01 00:28:29,241] {dagbag.py:448} INFO - Filling up the DagBag from /home/airflow/.local/lib/python3.6/site-packages/airflow/example_dags/example_skip_dag.py
[2021-04-01 00:28:29,246] {scheduler_job.py:639} INFO - DAG(s) dict_keys(['example_skip_dag']) retrieved from /home/airflow/.local/lib/python3.6/site-packages/airflow/example_dags/example_skip_dag.py
[2021-04-01 00:28:29,257] {logging_mixin.py:104} INFO - [2021-04-01 00:28:29,257] {dag.py:1818} INFO - Sync 1 DAGs
[2021-04-01 00:28:29,265] {logging_mixin.py:104} INFO - [2021-04-01 00:28:29,265] {dag.py:2273} INFO - Setting next_dagrun for example_skip_dag to 2021-03-30 00:00:00+00:00
[2021-04-01 00:28:29,272] {scheduler_job.py:190} INFO - Processing /home/airflow/.local/lib/python3.6/site-packages/airflow/example_dags/example_skip_dag.py took 0.032 seconds
[2021-04-01 00:28:59,879] {scheduler_job.py:182} INFO - Started process (PID=528) to work on /home/airflow/.local/lib/python3.6/site-packages/airflow/example_dags/example_skip_dag.py
[2021-04-01 00:28:59,879] {scheduler_job.py:629} INFO - Processing file /home/airflow/.local/lib/python3.6/site-packages/airflow/example_dags/example_skip_dag.py for tasks to queue
[2021-04-01 00:28:59,880] {logging_mixin.py:104} INFO - [2021-04-01 00:28:59,880] {dagbag.py:448} INFO - Filling up the DagBag from /home/airflow/.local/lib/python3.6/site-packages/airflow/example_dags/example_skip_dag.py
[2021-04-01 00:28:59,885] {scheduler_job.py:639} INFO - DAG(s) dict_keys(['example_skip_dag']) retrieved from /home/airflow/.local/lib/python3.6/site-packages/airflow/example_dags/example_skip_dag.py
[2021-04-01 00:28:59,894] {logging_mixin.py:104} INFO - [2021-04-01 00:28:59,894] {dag.py:1818} INFO - Sync 1 DAGs
[2021-04-01 00:28:59,902] {logging_mixin.py:104} INFO - [2021-04-01 00:28:59,902] {dag.py:2273} INFO - Setting next_dagrun for example_skip_dag to 2021-03-30 00:00:00+00:00
[2021-04-01 00:28:59,909] {scheduler_job.py:190} INFO - Processing /home/airflow/.local/lib/python3.6/site-packages/airflow/example_dags/example_skip_dag.py took 0.031 seconds
[2021-04-01 00:29:30,568] {scheduler_job.py:182} INFO - Started process (PID=554) to work on /home/airflow/.local/lib/python3.6/site-packages/airflow/example_dags/example_skip_dag.py
[2021-04-01 00:29:30,568] {scheduler_job.py:629} INFO - Processing file /home/airflow/.local/lib/python3.6/site-packages/airflow/example_dags/example_skip_dag.py for tasks to queue
[2021-04-01 00:29:30,569] {logging_mixin.py:104} INFO - [2021-04-01 00:29:30,569] {dagbag.py:448} INFO - Filling up the DagBag from /home/airflow/.local/lib/python3.6/site-packages/airflow/example_dags/example_skip_dag.py
[2021-04-01 00:29:30,573] {scheduler_job.py:639} INFO - DAG(s) dict_keys(['example_skip_dag']) retrieved from /home/airflow/.local/lib/python3.6/site-packages/airflow/example_dags/example_skip_dag.py
[2021-04-01 00:29:30,584] {logging_mixin.py:104} INFO - [2021-04-01 00:29:30,584] {dag.py:1818} INFO - Sync 1 DAGs
[2021-04-01 00:29:30,591] {logging_mixin.py:104} INFO - [2021-04-01 00:29:30,591] {dag.py:2273} INFO - Setting next_dagrun for example_skip_dag to 2021-03-30 00:00:00+00:00
[2021-04-01 00:29:30,597] {scheduler_job.py:190} INFO - Processing /home/airflow/.local/lib/python3.6/site-packages/airflow/example_dags/example_skip_dag.py took 0.031 seconds
[2021-04-01 00:30:01,203] {scheduler_job.py:182} INFO - Started process (PID=580) to work on /home/airflow/.local/lib/python3.6/site-packages/airflow/example_dags/example_skip_dag.py
[2021-04-01 00:30:01,203] {scheduler_job.py:629} INFO - Processing file /home/airflow/.local/lib/python3.6/site-packages/airflow/example_dags/example_skip_dag.py for tasks to queue
[2021-04-01 00:30:01,203] {logging_mixin.py:104} INFO - [2021-04-01 00:30:01,203] {dagbag.py:448} INFO - Filling up the DagBag from /home/airflow/.local/lib/python3.6/site-packages/airflow/example_dags/example_skip_dag.py
[2021-04-01 00:30:01,208] {scheduler_job.py:639} INFO - DAG(s) dict_keys(['example_skip_dag']) retrieved from /home/airflow/.local/lib/python3.6/site-packages/airflow/example_dags/example_skip_dag.py
[2021-04-01 00:30:01,219] {logging_mixin.py:104} INFO - [2021-04-01 00:30:01,219] {dag.py:1818} INFO - Sync 1 DAGs
[2021-04-01 00:30:01,226] {logging_mixin.py:104} INFO - [2021-04-01 00:30:01,226] {dag.py:2273} INFO - Setting next_dagrun for example_skip_dag to 2021-03-30 00:00:00+00:00
[2021-04-01 00:30:01,232] {scheduler_job.py:190} INFO - Processing /home/airflow/.local/lib/python3.6/site-packages/airflow/example_dags/example_skip_dag.py took 0.030 seconds
[2021-04-01 00:30:31,835] {scheduler_job.py:182} INFO - Started process (PID=606) to work on /home/airflow/.local/lib/python3.6/site-packages/airflow/example_dags/example_skip_dag.py
[2021-04-01 00:30:31,836] {scheduler_job.py:629} INFO - Processing file /home/airflow/.local/lib/python3.6/site-packages/airflow/example_dags/example_skip_dag.py for tasks to queue
[2021-04-01 00:30:31,836] {logging_mixin.py:104} INFO - [2021-04-01 00:30:31,836] {dagbag.py:448} INFO - Filling up the DagBag from /home/airflow/.local/lib/python3.6/site-packages/airflow/example_dags/example_skip_dag.py
[2021-04-01 00:30:31,841] {scheduler_job.py:639} INFO - DAG(s) dict_keys(['example_skip_dag']) retrieved from /home/airflow/.local/lib/python3.6/site-packages/airflow/example_dags/example_skip_dag.py
[2021-04-01 00:30:31,852] {logging_mixin.py:104} INFO - [2021-04-01 00:30:31,852] {dag.py:1818} INFO - Sync 1 DAGs
[2021-04-01 00:30:31,859] {logging_mixin.py:104} INFO - [2021-04-01 00:30:31,859] {dag.py:2273} INFO - Setting next_dagrun for example_skip_dag to 2021-03-30 00:00:00+00:00
[2021-04-01 00:30:31,865] {scheduler_job.py:190} INFO - Processing /home/airflow/.local/lib/python3.6/site-packages/airflow/example_dags/example_skip_dag.py took 0.031 seconds
[2021-04-01 00:31:02,465] {scheduler_job.py:182} INFO - Started process (PID=632) to work on /home/airflow/.local/lib/python3.6/site-packages/airflow/example_dags/example_skip_dag.py
[2021-04-01 00:31:02,466] {scheduler_job.py:629} INFO - Processing file /home/airflow/.local/lib/python3.6/site-packages/airflow/example_dags/example_skip_dag.py for tasks to queue
[2021-04-01 00:31:02,466] {logging_mixin.py:104} INFO - [2021-04-01 00:31:02,466] {dagbag.py:448} INFO - Filling up the DagBag from /home/airflow/.local/lib/python3.6/site-packages/airflow/example_dags/example_skip_dag.py
[2021-04-01 00:31:02,471] {scheduler_job.py:639} INFO - DAG(s) dict_keys(['example_skip_dag']) retrieved from /home/airflow/.local/lib/python3.6/site-packages/airflow/example_dags/example_skip_dag.py
[2021-04-01 00:31:02,481] {logging_mixin.py:104} INFO - [2021-04-01 00:31:02,481] {dag.py:1818} INFO - Sync 1 DAGs
[2021-04-01 00:31:02,488] {logging_mixin.py:104} INFO - [2021-04-01 00:31:02,488] {dag.py:2273} INFO - Setting next_dagrun for example_skip_dag to 2021-03-30 00:00:00+00:00
[2021-04-01 00:31:02,494] {scheduler_job.py:190} INFO - Processing /home/airflow/.local/lib/python3.6/site-packages/airflow/example_dags/example_skip_dag.py took 0.030 seconds
[2021-04-01 00:31:33,101] {scheduler_job.py:182} INFO - Started process (PID=658) to work on /home/airflow/.local/lib/python3.6/site-packages/airflow/example_dags/example_skip_dag.py
[2021-04-01 00:31:33,102] {scheduler_job.py:629} INFO - Processing file /home/airflow/.local/lib/python3.6/site-packages/airflow/example_dags/example_skip_dag.py for tasks to queue
[2021-04-01 00:31:33,102] {logging_mixin.py:104} INFO - [2021-04-01 00:31:33,102] {dagbag.py:448} INFO - Filling up the DagBag from /home/airflow/.local/lib/python3.6/site-packages/airflow/example_dags/example_skip_dag.py
[2021-04-01 00:31:33,106] {scheduler_job.py:639} INFO - DAG(s) dict_keys(['example_skip_dag']) retrieved from /home/airflow/.local/lib/python3.6/site-packages/airflow/example_dags/example_skip_dag.py
[2021-04-01 00:31:33,117] {logging_mixin.py:104} INFO - [2021-04-01 00:31:33,117] {dag.py:1818} INFO - Sync 1 DAGs
[2021-04-01 00:31:33,124] {logging_mixin.py:104} INFO - [2021-04-01 00:31:33,124] {dag.py:2273} INFO - Setting next_dagrun for example_skip_dag to 2021-03-30 00:00:00+00:00
[2021-04-01 00:31:33,130] {scheduler_job.py:190} INFO - Processing /home/airflow/.local/lib/python3.6/site-packages/airflow/example_dags/example_skip_dag.py took 0.030 seconds
