[2021-04-01 00:00:02,048] {scheduler_job.py:182} INFO - Started process (PID=138) to work on /home/airflow/.local/lib/python3.6/site-packages/airflow/example_dags/example_nested_branch_dag.py
[2021-04-01 00:00:02,048] {scheduler_job.py:629} INFO - Processing file /home/airflow/.local/lib/python3.6/site-packages/airflow/example_dags/example_nested_branch_dag.py for tasks to queue
[2021-04-01 00:00:02,049] {logging_mixin.py:104} INFO - [2021-04-01 00:00:02,049] {dagbag.py:448} INFO - Filling up the DagBag from /home/airflow/.local/lib/python3.6/site-packages/airflow/example_dags/example_nested_branch_dag.py
[2021-04-01 00:00:02,056] {scheduler_job.py:639} INFO - DAG(s) dict_keys(['example_nested_branch_dag']) retrieved from /home/airflow/.local/lib/python3.6/site-packages/airflow/example_dags/example_nested_branch_dag.py
[2021-04-01 00:00:02,068] {logging_mixin.py:104} INFO - [2021-04-01 00:00:02,068] {dag.py:1818} INFO - Sync 1 DAGs
[2021-04-01 00:00:02,079] {logging_mixin.py:104} INFO - [2021-04-01 00:00:02,079] {dag.py:2273} INFO - Setting next_dagrun for example_nested_branch_dag to 2021-03-30 00:00:00+00:00
[2021-04-01 00:00:02,087] {scheduler_job.py:190} INFO - Processing /home/airflow/.local/lib/python3.6/site-packages/airflow/example_dags/example_nested_branch_dag.py took 0.040 seconds
[2021-04-01 00:00:32,694] {scheduler_job.py:182} INFO - Started process (PID=164) to work on /home/airflow/.local/lib/python3.6/site-packages/airflow/example_dags/example_nested_branch_dag.py
[2021-04-01 00:00:32,695] {scheduler_job.py:629} INFO - Processing file /home/airflow/.local/lib/python3.6/site-packages/airflow/example_dags/example_nested_branch_dag.py for tasks to queue
[2021-04-01 00:00:32,695] {logging_mixin.py:104} INFO - [2021-04-01 00:00:32,695] {dagbag.py:448} INFO - Filling up the DagBag from /home/airflow/.local/lib/python3.6/site-packages/airflow/example_dags/example_nested_branch_dag.py
[2021-04-01 00:00:32,703] {scheduler_job.py:639} INFO - DAG(s) dict_keys(['example_nested_branch_dag']) retrieved from /home/airflow/.local/lib/python3.6/site-packages/airflow/example_dags/example_nested_branch_dag.py
[2021-04-01 00:00:32,713] {logging_mixin.py:104} INFO - [2021-04-01 00:00:32,712] {dag.py:1818} INFO - Sync 1 DAGs
[2021-04-01 00:00:32,724] {logging_mixin.py:104} INFO - [2021-04-01 00:00:32,723] {dag.py:2273} INFO - Setting next_dagrun for example_nested_branch_dag to 2021-03-30 00:00:00+00:00
[2021-04-01 00:00:32,729] {scheduler_job.py:190} INFO - Processing /home/airflow/.local/lib/python3.6/site-packages/airflow/example_dags/example_nested_branch_dag.py took 0.036 seconds
[2021-04-01 00:01:03,357] {scheduler_job.py:182} INFO - Started process (PID=190) to work on /home/airflow/.local/lib/python3.6/site-packages/airflow/example_dags/example_nested_branch_dag.py
[2021-04-01 00:01:03,358] {scheduler_job.py:629} INFO - Processing file /home/airflow/.local/lib/python3.6/site-packages/airflow/example_dags/example_nested_branch_dag.py for tasks to queue
[2021-04-01 00:01:03,358] {logging_mixin.py:104} INFO - [2021-04-01 00:01:03,358] {dagbag.py:448} INFO - Filling up the DagBag from /home/airflow/.local/lib/python3.6/site-packages/airflow/example_dags/example_nested_branch_dag.py
[2021-04-01 00:01:03,365] {scheduler_job.py:639} INFO - DAG(s) dict_keys(['example_nested_branch_dag']) retrieved from /home/airflow/.local/lib/python3.6/site-packages/airflow/example_dags/example_nested_branch_dag.py
[2021-04-01 00:01:03,376] {logging_mixin.py:104} INFO - [2021-04-01 00:01:03,376] {dag.py:1818} INFO - Sync 1 DAGs
[2021-04-01 00:01:03,387] {logging_mixin.py:104} INFO - [2021-04-01 00:01:03,387] {dag.py:2273} INFO - Setting next_dagrun for example_nested_branch_dag to 2021-03-30 00:00:00+00:00
[2021-04-01 00:01:03,393] {scheduler_job.py:190} INFO - Processing /home/airflow/.local/lib/python3.6/site-packages/airflow/example_dags/example_nested_branch_dag.py took 0.038 seconds
[2021-04-01 00:01:34,024] {scheduler_job.py:182} INFO - Started process (PID=216) to work on /home/airflow/.local/lib/python3.6/site-packages/airflow/example_dags/example_nested_branch_dag.py
[2021-04-01 00:01:34,024] {scheduler_job.py:629} INFO - Processing file /home/airflow/.local/lib/python3.6/site-packages/airflow/example_dags/example_nested_branch_dag.py for tasks to queue
[2021-04-01 00:01:34,024] {logging_mixin.py:104} INFO - [2021-04-01 00:01:34,024] {dagbag.py:448} INFO - Filling up the DagBag from /home/airflow/.local/lib/python3.6/site-packages/airflow/example_dags/example_nested_branch_dag.py
[2021-04-01 00:01:34,032] {scheduler_job.py:639} INFO - DAG(s) dict_keys(['example_nested_branch_dag']) retrieved from /home/airflow/.local/lib/python3.6/site-packages/airflow/example_dags/example_nested_branch_dag.py
[2021-04-01 00:01:34,042] {logging_mixin.py:104} INFO - [2021-04-01 00:01:34,042] {dag.py:1818} INFO - Sync 1 DAGs
[2021-04-01 00:01:34,053] {logging_mixin.py:104} INFO - [2021-04-01 00:01:34,053] {dag.py:2273} INFO - Setting next_dagrun for example_nested_branch_dag to 2021-03-30 00:00:00+00:00
[2021-04-01 00:01:34,060] {scheduler_job.py:190} INFO - Processing /home/airflow/.local/lib/python3.6/site-packages/airflow/example_dags/example_nested_branch_dag.py took 0.037 seconds
[2021-04-01 00:02:04,585] {scheduler_job.py:182} INFO - Started process (PID=242) to work on /home/airflow/.local/lib/python3.6/site-packages/airflow/example_dags/example_nested_branch_dag.py
[2021-04-01 00:02:04,585] {scheduler_job.py:629} INFO - Processing file /home/airflow/.local/lib/python3.6/site-packages/airflow/example_dags/example_nested_branch_dag.py for tasks to queue
[2021-04-01 00:02:04,586] {logging_mixin.py:104} INFO - [2021-04-01 00:02:04,586] {dagbag.py:448} INFO - Filling up the DagBag from /home/airflow/.local/lib/python3.6/site-packages/airflow/example_dags/example_nested_branch_dag.py
[2021-04-01 00:02:04,593] {scheduler_job.py:639} INFO - DAG(s) dict_keys(['example_nested_branch_dag']) retrieved from /home/airflow/.local/lib/python3.6/site-packages/airflow/example_dags/example_nested_branch_dag.py
[2021-04-01 00:02:04,603] {logging_mixin.py:104} INFO - [2021-04-01 00:02:04,603] {dag.py:1818} INFO - Sync 1 DAGs
[2021-04-01 00:02:04,615] {logging_mixin.py:104} INFO - [2021-04-01 00:02:04,615] {dag.py:2273} INFO - Setting next_dagrun for example_nested_branch_dag to 2021-03-30 00:00:00+00:00
[2021-04-01 00:02:04,621] {scheduler_job.py:190} INFO - Processing /home/airflow/.local/lib/python3.6/site-packages/airflow/example_dags/example_nested_branch_dag.py took 0.038 seconds
[2021-04-01 00:02:35,240] {scheduler_job.py:182} INFO - Started process (PID=268) to work on /home/airflow/.local/lib/python3.6/site-packages/airflow/example_dags/example_nested_branch_dag.py
[2021-04-01 00:02:35,240] {scheduler_job.py:629} INFO - Processing file /home/airflow/.local/lib/python3.6/site-packages/airflow/example_dags/example_nested_branch_dag.py for tasks to queue
[2021-04-01 00:02:35,240] {logging_mixin.py:104} INFO - [2021-04-01 00:02:35,240] {dagbag.py:448} INFO - Filling up the DagBag from /home/airflow/.local/lib/python3.6/site-packages/airflow/example_dags/example_nested_branch_dag.py
[2021-04-01 00:02:35,247] {scheduler_job.py:639} INFO - DAG(s) dict_keys(['example_nested_branch_dag']) retrieved from /home/airflow/.local/lib/python3.6/site-packages/airflow/example_dags/example_nested_branch_dag.py
[2021-04-01 00:02:35,258] {logging_mixin.py:104} INFO - [2021-04-01 00:02:35,258] {dag.py:1818} INFO - Sync 1 DAGs
[2021-04-01 00:02:35,269] {logging_mixin.py:104} INFO - [2021-04-01 00:02:35,269] {dag.py:2273} INFO - Setting next_dagrun for example_nested_branch_dag to 2021-03-30 00:00:00+00:00
[2021-04-01 00:02:35,275] {scheduler_job.py:190} INFO - Processing /home/airflow/.local/lib/python3.6/site-packages/airflow/example_dags/example_nested_branch_dag.py took 0.037 seconds
[2021-04-01 00:03:05,848] {scheduler_job.py:182} INFO - Started process (PID=294) to work on /home/airflow/.local/lib/python3.6/site-packages/airflow/example_dags/example_nested_branch_dag.py
[2021-04-01 00:03:05,848] {scheduler_job.py:629} INFO - Processing file /home/airflow/.local/lib/python3.6/site-packages/airflow/example_dags/example_nested_branch_dag.py for tasks to queue
[2021-04-01 00:03:05,848] {logging_mixin.py:104} INFO - [2021-04-01 00:03:05,848] {dagbag.py:448} INFO - Filling up the DagBag from /home/airflow/.local/lib/python3.6/site-packages/airflow/example_dags/example_nested_branch_dag.py
[2021-04-01 00:03:05,856] {scheduler_job.py:639} INFO - DAG(s) dict_keys(['example_nested_branch_dag']) retrieved from /home/airflow/.local/lib/python3.6/site-packages/airflow/example_dags/example_nested_branch_dag.py
[2021-04-01 00:03:05,866] {logging_mixin.py:104} INFO - [2021-04-01 00:03:05,866] {dag.py:1818} INFO - Sync 1 DAGs
[2021-04-01 00:03:05,877] {logging_mixin.py:104} INFO - [2021-04-01 00:03:05,877] {dag.py:2273} INFO - Setting next_dagrun for example_nested_branch_dag to 2021-03-30 00:00:00+00:00
[2021-04-01 00:03:05,884] {scheduler_job.py:190} INFO - Processing /home/airflow/.local/lib/python3.6/site-packages/airflow/example_dags/example_nested_branch_dag.py took 0.038 seconds
[2021-04-01 00:03:36,470] {scheduler_job.py:182} INFO - Started process (PID=320) to work on /home/airflow/.local/lib/python3.6/site-packages/airflow/example_dags/example_nested_branch_dag.py
[2021-04-01 00:03:36,471] {scheduler_job.py:629} INFO - Processing file /home/airflow/.local/lib/python3.6/site-packages/airflow/example_dags/example_nested_branch_dag.py for tasks to queue
[2021-04-01 00:03:36,471] {logging_mixin.py:104} INFO - [2021-04-01 00:03:36,471] {dagbag.py:448} INFO - Filling up the DagBag from /home/airflow/.local/lib/python3.6/site-packages/airflow/example_dags/example_nested_branch_dag.py
[2021-04-01 00:03:36,480] {scheduler_job.py:639} INFO - DAG(s) dict_keys(['example_nested_branch_dag']) retrieved from /home/airflow/.local/lib/python3.6/site-packages/airflow/example_dags/example_nested_branch_dag.py
[2021-04-01 00:03:36,491] {logging_mixin.py:104} INFO - [2021-04-01 00:03:36,491] {dag.py:1818} INFO - Sync 1 DAGs
[2021-04-01 00:03:36,504] {logging_mixin.py:104} INFO - [2021-04-01 00:03:36,504] {dag.py:2273} INFO - Setting next_dagrun for example_nested_branch_dag to 2021-03-30 00:00:00+00:00
[2021-04-01 00:03:36,510] {scheduler_job.py:190} INFO - Processing /home/airflow/.local/lib/python3.6/site-packages/airflow/example_dags/example_nested_branch_dag.py took 0.041 seconds
[2021-04-01 00:04:07,051] {scheduler_job.py:182} INFO - Started process (PID=346) to work on /home/airflow/.local/lib/python3.6/site-packages/airflow/example_dags/example_nested_branch_dag.py
[2021-04-01 00:04:07,052] {scheduler_job.py:629} INFO - Processing file /home/airflow/.local/lib/python3.6/site-packages/airflow/example_dags/example_nested_branch_dag.py for tasks to queue
[2021-04-01 00:04:07,052] {logging_mixin.py:104} INFO - [2021-04-01 00:04:07,052] {dagbag.py:448} INFO - Filling up the DagBag from /home/airflow/.local/lib/python3.6/site-packages/airflow/example_dags/example_nested_branch_dag.py
[2021-04-01 00:04:07,060] {scheduler_job.py:639} INFO - DAG(s) dict_keys(['example_nested_branch_dag']) retrieved from /home/airflow/.local/lib/python3.6/site-packages/airflow/example_dags/example_nested_branch_dag.py
[2021-04-01 00:04:07,071] {logging_mixin.py:104} INFO - [2021-04-01 00:04:07,070] {dag.py:1818} INFO - Sync 1 DAGs
[2021-04-01 00:04:07,084] {logging_mixin.py:104} INFO - [2021-04-01 00:04:07,084] {dag.py:2273} INFO - Setting next_dagrun for example_nested_branch_dag to 2021-03-30 00:00:00+00:00
[2021-04-01 00:04:07,090] {scheduler_job.py:190} INFO - Processing /home/airflow/.local/lib/python3.6/site-packages/airflow/example_dags/example_nested_branch_dag.py took 0.040 seconds
[2021-04-01 00:04:37,635] {scheduler_job.py:182} INFO - Started process (PID=372) to work on /home/airflow/.local/lib/python3.6/site-packages/airflow/example_dags/example_nested_branch_dag.py
[2021-04-01 00:04:37,635] {scheduler_job.py:629} INFO - Processing file /home/airflow/.local/lib/python3.6/site-packages/airflow/example_dags/example_nested_branch_dag.py for tasks to queue
[2021-04-01 00:04:37,635] {logging_mixin.py:104} INFO - [2021-04-01 00:04:37,635] {dagbag.py:448} INFO - Filling up the DagBag from /home/airflow/.local/lib/python3.6/site-packages/airflow/example_dags/example_nested_branch_dag.py
[2021-04-01 00:04:37,643] {scheduler_job.py:639} INFO - DAG(s) dict_keys(['example_nested_branch_dag']) retrieved from /home/airflow/.local/lib/python3.6/site-packages/airflow/example_dags/example_nested_branch_dag.py
[2021-04-01 00:04:37,653] {logging_mixin.py:104} INFO - [2021-04-01 00:04:37,653] {dag.py:1818} INFO - Sync 1 DAGs
[2021-04-01 00:04:37,665] {logging_mixin.py:104} INFO - [2021-04-01 00:04:37,665] {dag.py:2273} INFO - Setting next_dagrun for example_nested_branch_dag to 2021-03-30 00:00:00+00:00
[2021-04-01 00:04:37,670] {scheduler_job.py:190} INFO - Processing /home/airflow/.local/lib/python3.6/site-packages/airflow/example_dags/example_nested_branch_dag.py took 0.037 seconds
[2021-04-01 00:05:08,212] {scheduler_job.py:182} INFO - Started process (PID=398) to work on /home/airflow/.local/lib/python3.6/site-packages/airflow/example_dags/example_nested_branch_dag.py
[2021-04-01 00:05:08,213] {scheduler_job.py:629} INFO - Processing file /home/airflow/.local/lib/python3.6/site-packages/airflow/example_dags/example_nested_branch_dag.py for tasks to queue
[2021-04-01 00:05:08,213] {logging_mixin.py:104} INFO - [2021-04-01 00:05:08,213] {dagbag.py:448} INFO - Filling up the DagBag from /home/airflow/.local/lib/python3.6/site-packages/airflow/example_dags/example_nested_branch_dag.py
[2021-04-01 00:05:08,221] {scheduler_job.py:639} INFO - DAG(s) dict_keys(['example_nested_branch_dag']) retrieved from /home/airflow/.local/lib/python3.6/site-packages/airflow/example_dags/example_nested_branch_dag.py
[2021-04-01 00:05:08,231] {logging_mixin.py:104} INFO - [2021-04-01 00:05:08,231] {dag.py:1818} INFO - Sync 1 DAGs
[2021-04-01 00:05:08,243] {logging_mixin.py:104} INFO - [2021-04-01 00:05:08,243] {dag.py:2273} INFO - Setting next_dagrun for example_nested_branch_dag to 2021-03-30 00:00:00+00:00
[2021-04-01 00:05:08,250] {scheduler_job.py:190} INFO - Processing /home/airflow/.local/lib/python3.6/site-packages/airflow/example_dags/example_nested_branch_dag.py took 0.039 seconds
[2021-04-01 00:05:38,864] {scheduler_job.py:182} INFO - Started process (PID=424) to work on /home/airflow/.local/lib/python3.6/site-packages/airflow/example_dags/example_nested_branch_dag.py
[2021-04-01 00:05:38,865] {scheduler_job.py:629} INFO - Processing file /home/airflow/.local/lib/python3.6/site-packages/airflow/example_dags/example_nested_branch_dag.py for tasks to queue
[2021-04-01 00:05:38,865] {logging_mixin.py:104} INFO - [2021-04-01 00:05:38,865] {dagbag.py:448} INFO - Filling up the DagBag from /home/airflow/.local/lib/python3.6/site-packages/airflow/example_dags/example_nested_branch_dag.py
[2021-04-01 00:05:38,873] {scheduler_job.py:639} INFO - DAG(s) dict_keys(['example_nested_branch_dag']) retrieved from /home/airflow/.local/lib/python3.6/site-packages/airflow/example_dags/example_nested_branch_dag.py
[2021-04-01 00:05:38,884] {logging_mixin.py:104} INFO - [2021-04-01 00:05:38,884] {dag.py:1818} INFO - Sync 1 DAGs
[2021-04-01 00:05:38,899] {logging_mixin.py:104} INFO - [2021-04-01 00:05:38,899] {dag.py:2273} INFO - Setting next_dagrun for example_nested_branch_dag to 2021-03-30 00:00:00+00:00
[2021-04-01 00:05:38,905] {scheduler_job.py:190} INFO - Processing /home/airflow/.local/lib/python3.6/site-packages/airflow/example_dags/example_nested_branch_dag.py took 0.043 seconds
[2021-04-01 00:06:09,473] {scheduler_job.py:182} INFO - Started process (PID=450) to work on /home/airflow/.local/lib/python3.6/site-packages/airflow/example_dags/example_nested_branch_dag.py
[2021-04-01 00:06:09,474] {scheduler_job.py:629} INFO - Processing file /home/airflow/.local/lib/python3.6/site-packages/airflow/example_dags/example_nested_branch_dag.py for tasks to queue
[2021-04-01 00:06:09,474] {logging_mixin.py:104} INFO - [2021-04-01 00:06:09,474] {dagbag.py:448} INFO - Filling up the DagBag from /home/airflow/.local/lib/python3.6/site-packages/airflow/example_dags/example_nested_branch_dag.py
[2021-04-01 00:06:09,481] {scheduler_job.py:639} INFO - DAG(s) dict_keys(['example_nested_branch_dag']) retrieved from /home/airflow/.local/lib/python3.6/site-packages/airflow/example_dags/example_nested_branch_dag.py
[2021-04-01 00:06:09,492] {logging_mixin.py:104} INFO - [2021-04-01 00:06:09,492] {dag.py:1818} INFO - Sync 1 DAGs
[2021-04-01 00:06:09,504] {logging_mixin.py:104} INFO - [2021-04-01 00:06:09,504] {dag.py:2273} INFO - Setting next_dagrun for example_nested_branch_dag to 2021-03-30 00:00:00+00:00
[2021-04-01 00:06:09,510] {scheduler_job.py:190} INFO - Processing /home/airflow/.local/lib/python3.6/site-packages/airflow/example_dags/example_nested_branch_dag.py took 0.038 seconds
[2021-04-01 00:06:40,149] {scheduler_job.py:182} INFO - Started process (PID=476) to work on /home/airflow/.local/lib/python3.6/site-packages/airflow/example_dags/example_nested_branch_dag.py
[2021-04-01 00:06:40,149] {scheduler_job.py:629} INFO - Processing file /home/airflow/.local/lib/python3.6/site-packages/airflow/example_dags/example_nested_branch_dag.py for tasks to queue
[2021-04-01 00:06:40,149] {logging_mixin.py:104} INFO - [2021-04-01 00:06:40,149] {dagbag.py:448} INFO - Filling up the DagBag from /home/airflow/.local/lib/python3.6/site-packages/airflow/example_dags/example_nested_branch_dag.py
[2021-04-01 00:06:40,158] {scheduler_job.py:639} INFO - DAG(s) dict_keys(['example_nested_branch_dag']) retrieved from /home/airflow/.local/lib/python3.6/site-packages/airflow/example_dags/example_nested_branch_dag.py
[2021-04-01 00:06:40,171] {logging_mixin.py:104} INFO - [2021-04-01 00:06:40,171] {dag.py:1818} INFO - Sync 1 DAGs
[2021-04-01 00:06:40,186] {logging_mixin.py:104} INFO - [2021-04-01 00:06:40,186] {dag.py:2273} INFO - Setting next_dagrun for example_nested_branch_dag to 2021-03-30 00:00:00+00:00
[2021-04-01 00:06:40,193] {scheduler_job.py:190} INFO - Processing /home/airflow/.local/lib/python3.6/site-packages/airflow/example_dags/example_nested_branch_dag.py took 0.046 seconds
[2021-04-01 00:07:10,793] {scheduler_job.py:182} INFO - Started process (PID=502) to work on /home/airflow/.local/lib/python3.6/site-packages/airflow/example_dags/example_nested_branch_dag.py
[2021-04-01 00:07:10,793] {scheduler_job.py:629} INFO - Processing file /home/airflow/.local/lib/python3.6/site-packages/airflow/example_dags/example_nested_branch_dag.py for tasks to queue
[2021-04-01 00:07:10,794] {logging_mixin.py:104} INFO - [2021-04-01 00:07:10,793] {dagbag.py:448} INFO - Filling up the DagBag from /home/airflow/.local/lib/python3.6/site-packages/airflow/example_dags/example_nested_branch_dag.py
[2021-04-01 00:07:10,801] {scheduler_job.py:639} INFO - DAG(s) dict_keys(['example_nested_branch_dag']) retrieved from /home/airflow/.local/lib/python3.6/site-packages/airflow/example_dags/example_nested_branch_dag.py
[2021-04-01 00:07:10,811] {logging_mixin.py:104} INFO - [2021-04-01 00:07:10,811] {dag.py:1818} INFO - Sync 1 DAGs
[2021-04-01 00:07:10,823] {logging_mixin.py:104} INFO - [2021-04-01 00:07:10,823] {dag.py:2273} INFO - Setting next_dagrun for example_nested_branch_dag to 2021-03-30 00:00:00+00:00
[2021-04-01 00:07:10,829] {scheduler_job.py:190} INFO - Processing /home/airflow/.local/lib/python3.6/site-packages/airflow/example_dags/example_nested_branch_dag.py took 0.037 seconds
[2021-04-01 00:07:41,473] {scheduler_job.py:182} INFO - Started process (PID=528) to work on /home/airflow/.local/lib/python3.6/site-packages/airflow/example_dags/example_nested_branch_dag.py
[2021-04-01 00:07:41,473] {scheduler_job.py:629} INFO - Processing file /home/airflow/.local/lib/python3.6/site-packages/airflow/example_dags/example_nested_branch_dag.py for tasks to queue
[2021-04-01 00:07:41,474] {logging_mixin.py:104} INFO - [2021-04-01 00:07:41,474] {dagbag.py:448} INFO - Filling up the DagBag from /home/airflow/.local/lib/python3.6/site-packages/airflow/example_dags/example_nested_branch_dag.py
[2021-04-01 00:07:41,481] {scheduler_job.py:639} INFO - DAG(s) dict_keys(['example_nested_branch_dag']) retrieved from /home/airflow/.local/lib/python3.6/site-packages/airflow/example_dags/example_nested_branch_dag.py
[2021-04-01 00:07:41,492] {logging_mixin.py:104} INFO - [2021-04-01 00:07:41,492] {dag.py:1818} INFO - Sync 1 DAGs
[2021-04-01 00:07:41,502] {logging_mixin.py:104} INFO - [2021-04-01 00:07:41,502] {dag.py:2273} INFO - Setting next_dagrun for example_nested_branch_dag to 2021-03-30 00:00:00+00:00
[2021-04-01 00:07:41,511] {scheduler_job.py:190} INFO - Processing /home/airflow/.local/lib/python3.6/site-packages/airflow/example_dags/example_nested_branch_dag.py took 0.040 seconds
[2021-04-01 00:08:12,217] {scheduler_job.py:182} INFO - Started process (PID=554) to work on /home/airflow/.local/lib/python3.6/site-packages/airflow/example_dags/example_nested_branch_dag.py
[2021-04-01 00:08:12,217] {scheduler_job.py:629} INFO - Processing file /home/airflow/.local/lib/python3.6/site-packages/airflow/example_dags/example_nested_branch_dag.py for tasks to queue
[2021-04-01 00:08:12,217] {logging_mixin.py:104} INFO - [2021-04-01 00:08:12,217] {dagbag.py:448} INFO - Filling up the DagBag from /home/airflow/.local/lib/python3.6/site-packages/airflow/example_dags/example_nested_branch_dag.py
[2021-04-01 00:08:12,224] {scheduler_job.py:639} INFO - DAG(s) dict_keys(['example_nested_branch_dag']) retrieved from /home/airflow/.local/lib/python3.6/site-packages/airflow/example_dags/example_nested_branch_dag.py
[2021-04-01 00:08:12,236] {logging_mixin.py:104} INFO - [2021-04-01 00:08:12,236] {dag.py:1818} INFO - Sync 1 DAGs
[2021-04-01 00:08:12,246] {logging_mixin.py:104} INFO - [2021-04-01 00:08:12,246] {dag.py:2273} INFO - Setting next_dagrun for example_nested_branch_dag to 2021-03-30 00:00:00+00:00
[2021-04-01 00:08:12,252] {scheduler_job.py:190} INFO - Processing /home/airflow/.local/lib/python3.6/site-packages/airflow/example_dags/example_nested_branch_dag.py took 0.037 seconds
[2021-04-01 00:08:42,923] {scheduler_job.py:182} INFO - Started process (PID=580) to work on /home/airflow/.local/lib/python3.6/site-packages/airflow/example_dags/example_nested_branch_dag.py
[2021-04-01 00:08:42,923] {scheduler_job.py:629} INFO - Processing file /home/airflow/.local/lib/python3.6/site-packages/airflow/example_dags/example_nested_branch_dag.py for tasks to queue
[2021-04-01 00:08:42,923] {logging_mixin.py:104} INFO - [2021-04-01 00:08:42,923] {dagbag.py:448} INFO - Filling up the DagBag from /home/airflow/.local/lib/python3.6/site-packages/airflow/example_dags/example_nested_branch_dag.py
[2021-04-01 00:08:42,931] {scheduler_job.py:639} INFO - DAG(s) dict_keys(['example_nested_branch_dag']) retrieved from /home/airflow/.local/lib/python3.6/site-packages/airflow/example_dags/example_nested_branch_dag.py
[2021-04-01 00:08:42,942] {logging_mixin.py:104} INFO - [2021-04-01 00:08:42,942] {dag.py:1818} INFO - Sync 1 DAGs
[2021-04-01 00:08:42,953] {logging_mixin.py:104} INFO - [2021-04-01 00:08:42,953] {dag.py:2273} INFO - Setting next_dagrun for example_nested_branch_dag to 2021-03-30 00:00:00+00:00
[2021-04-01 00:08:42,962] {scheduler_job.py:190} INFO - Processing /home/airflow/.local/lib/python3.6/site-packages/airflow/example_dags/example_nested_branch_dag.py took 0.041 seconds
[2021-04-01 00:09:13,634] {scheduler_job.py:182} INFO - Started process (PID=606) to work on /home/airflow/.local/lib/python3.6/site-packages/airflow/example_dags/example_nested_branch_dag.py
[2021-04-01 00:09:13,634] {scheduler_job.py:629} INFO - Processing file /home/airflow/.local/lib/python3.6/site-packages/airflow/example_dags/example_nested_branch_dag.py for tasks to queue
[2021-04-01 00:09:13,634] {logging_mixin.py:104} INFO - [2021-04-01 00:09:13,634] {dagbag.py:448} INFO - Filling up the DagBag from /home/airflow/.local/lib/python3.6/site-packages/airflow/example_dags/example_nested_branch_dag.py
[2021-04-01 00:09:13,643] {scheduler_job.py:639} INFO - DAG(s) dict_keys(['example_nested_branch_dag']) retrieved from /home/airflow/.local/lib/python3.6/site-packages/airflow/example_dags/example_nested_branch_dag.py
[2021-04-01 00:09:13,653] {logging_mixin.py:104} INFO - [2021-04-01 00:09:13,653] {dag.py:1818} INFO - Sync 1 DAGs
[2021-04-01 00:09:13,664] {logging_mixin.py:104} INFO - [2021-04-01 00:09:13,664] {dag.py:2273} INFO - Setting next_dagrun for example_nested_branch_dag to 2021-03-30 00:00:00+00:00
[2021-04-01 00:09:13,671] {scheduler_job.py:190} INFO - Processing /home/airflow/.local/lib/python3.6/site-packages/airflow/example_dags/example_nested_branch_dag.py took 0.038 seconds
[2021-04-01 00:09:44,279] {scheduler_job.py:182} INFO - Started process (PID=632) to work on /home/airflow/.local/lib/python3.6/site-packages/airflow/example_dags/example_nested_branch_dag.py
[2021-04-01 00:09:44,280] {scheduler_job.py:629} INFO - Processing file /home/airflow/.local/lib/python3.6/site-packages/airflow/example_dags/example_nested_branch_dag.py for tasks to queue
[2021-04-01 00:09:44,280] {logging_mixin.py:104} INFO - [2021-04-01 00:09:44,280] {dagbag.py:448} INFO - Filling up the DagBag from /home/airflow/.local/lib/python3.6/site-packages/airflow/example_dags/example_nested_branch_dag.py
[2021-04-01 00:09:44,289] {scheduler_job.py:639} INFO - DAG(s) dict_keys(['example_nested_branch_dag']) retrieved from /home/airflow/.local/lib/python3.6/site-packages/airflow/example_dags/example_nested_branch_dag.py
[2021-04-01 00:09:44,300] {logging_mixin.py:104} INFO - [2021-04-01 00:09:44,300] {dag.py:1818} INFO - Sync 1 DAGs
[2021-04-01 00:09:44,314] {logging_mixin.py:104} INFO - [2021-04-01 00:09:44,314] {dag.py:2273} INFO - Setting next_dagrun for example_nested_branch_dag to 2021-03-30 00:00:00+00:00
[2021-04-01 00:09:44,322] {scheduler_job.py:190} INFO - Processing /home/airflow/.local/lib/python3.6/site-packages/airflow/example_dags/example_nested_branch_dag.py took 0.044 seconds
[2021-04-01 00:10:15,003] {scheduler_job.py:182} INFO - Started process (PID=658) to work on /home/airflow/.local/lib/python3.6/site-packages/airflow/example_dags/example_nested_branch_dag.py
[2021-04-01 00:10:15,006] {scheduler_job.py:629} INFO - Processing file /home/airflow/.local/lib/python3.6/site-packages/airflow/example_dags/example_nested_branch_dag.py for tasks to queue
[2021-04-01 00:10:15,007] {logging_mixin.py:104} INFO - [2021-04-01 00:10:15,007] {dagbag.py:448} INFO - Filling up the DagBag from /home/airflow/.local/lib/python3.6/site-packages/airflow/example_dags/example_nested_branch_dag.py
[2021-04-01 00:10:15,038] {scheduler_job.py:639} INFO - DAG(s) dict_keys(['example_nested_branch_dag']) retrieved from /home/airflow/.local/lib/python3.6/site-packages/airflow/example_dags/example_nested_branch_dag.py
[2021-04-01 00:10:15,053] {logging_mixin.py:104} INFO - [2021-04-01 00:10:15,053] {dag.py:1818} INFO - Sync 1 DAGs
[2021-04-01 00:10:15,065] {logging_mixin.py:104} INFO - [2021-04-01 00:10:15,065] {dag.py:2273} INFO - Setting next_dagrun for example_nested_branch_dag to 2021-03-30 00:00:00+00:00
[2021-04-01 00:10:15,071] {scheduler_job.py:190} INFO - Processing /home/airflow/.local/lib/python3.6/site-packages/airflow/example_dags/example_nested_branch_dag.py took 0.075 seconds
[2021-04-01 00:10:45,623] {scheduler_job.py:182} INFO - Started process (PID=684) to work on /home/airflow/.local/lib/python3.6/site-packages/airflow/example_dags/example_nested_branch_dag.py
[2021-04-01 00:10:45,623] {scheduler_job.py:629} INFO - Processing file /home/airflow/.local/lib/python3.6/site-packages/airflow/example_dags/example_nested_branch_dag.py for tasks to queue
[2021-04-01 00:10:45,624] {logging_mixin.py:104} INFO - [2021-04-01 00:10:45,624] {dagbag.py:448} INFO - Filling up the DagBag from /home/airflow/.local/lib/python3.6/site-packages/airflow/example_dags/example_nested_branch_dag.py
[2021-04-01 00:10:45,632] {scheduler_job.py:639} INFO - DAG(s) dict_keys(['example_nested_branch_dag']) retrieved from /home/airflow/.local/lib/python3.6/site-packages/airflow/example_dags/example_nested_branch_dag.py
[2021-04-01 00:10:45,643] {logging_mixin.py:104} INFO - [2021-04-01 00:10:45,643] {dag.py:1818} INFO - Sync 1 DAGs
[2021-04-01 00:10:45,654] {logging_mixin.py:104} INFO - [2021-04-01 00:10:45,654] {dag.py:2273} INFO - Setting next_dagrun for example_nested_branch_dag to 2021-03-30 00:00:00+00:00
[2021-04-01 00:10:45,660] {scheduler_job.py:190} INFO - Processing /home/airflow/.local/lib/python3.6/site-packages/airflow/example_dags/example_nested_branch_dag.py took 0.039 seconds
[2021-04-01 00:19:17,322] {scheduler_job.py:182} INFO - Started process (PID=35) to work on /home/airflow/.local/lib/python3.6/site-packages/airflow/example_dags/example_nested_branch_dag.py
[2021-04-01 00:19:17,323] {scheduler_job.py:629} INFO - Processing file /home/airflow/.local/lib/python3.6/site-packages/airflow/example_dags/example_nested_branch_dag.py for tasks to queue
[2021-04-01 00:19:17,323] {logging_mixin.py:104} INFO - [2021-04-01 00:19:17,323] {dagbag.py:448} INFO - Filling up the DagBag from /home/airflow/.local/lib/python3.6/site-packages/airflow/example_dags/example_nested_branch_dag.py
[2021-04-01 00:19:17,331] {scheduler_job.py:639} INFO - DAG(s) dict_keys(['example_nested_branch_dag']) retrieved from /home/airflow/.local/lib/python3.6/site-packages/airflow/example_dags/example_nested_branch_dag.py
[2021-04-01 00:19:17,372] {logging_mixin.py:104} INFO - [2021-04-01 00:19:17,372] {dag.py:1818} INFO - Sync 1 DAGs
[2021-04-01 00:19:17,385] {logging_mixin.py:104} INFO - [2021-04-01 00:19:17,385] {dag.py:2273} INFO - Setting next_dagrun for example_nested_branch_dag to 2021-03-30 00:00:00+00:00
[2021-04-01 00:19:17,392] {scheduler_job.py:190} INFO - Processing /home/airflow/.local/lib/python3.6/site-packages/airflow/example_dags/example_nested_branch_dag.py took 0.073 seconds
[2021-04-01 00:19:48,081] {scheduler_job.py:182} INFO - Started process (PID=61) to work on /home/airflow/.local/lib/python3.6/site-packages/airflow/example_dags/example_nested_branch_dag.py
[2021-04-01 00:19:48,081] {scheduler_job.py:629} INFO - Processing file /home/airflow/.local/lib/python3.6/site-packages/airflow/example_dags/example_nested_branch_dag.py for tasks to queue
[2021-04-01 00:19:48,081] {logging_mixin.py:104} INFO - [2021-04-01 00:19:48,081] {dagbag.py:448} INFO - Filling up the DagBag from /home/airflow/.local/lib/python3.6/site-packages/airflow/example_dags/example_nested_branch_dag.py
[2021-04-01 00:19:48,089] {scheduler_job.py:639} INFO - DAG(s) dict_keys(['example_nested_branch_dag']) retrieved from /home/airflow/.local/lib/python3.6/site-packages/airflow/example_dags/example_nested_branch_dag.py
[2021-04-01 00:19:48,100] {logging_mixin.py:104} INFO - [2021-04-01 00:19:48,100] {dag.py:1818} INFO - Sync 1 DAGs
[2021-04-01 00:19:48,111] {logging_mixin.py:104} INFO - [2021-04-01 00:19:48,111] {dag.py:2273} INFO - Setting next_dagrun for example_nested_branch_dag to 2021-03-30 00:00:00+00:00
[2021-04-01 00:19:48,117] {scheduler_job.py:190} INFO - Processing /home/airflow/.local/lib/python3.6/site-packages/airflow/example_dags/example_nested_branch_dag.py took 0.038 seconds
[2021-04-01 00:20:18,761] {scheduler_job.py:182} INFO - Started process (PID=87) to work on /home/airflow/.local/lib/python3.6/site-packages/airflow/example_dags/example_nested_branch_dag.py
[2021-04-01 00:20:18,761] {scheduler_job.py:629} INFO - Processing file /home/airflow/.local/lib/python3.6/site-packages/airflow/example_dags/example_nested_branch_dag.py for tasks to queue
[2021-04-01 00:20:18,761] {logging_mixin.py:104} INFO - [2021-04-01 00:20:18,761] {dagbag.py:448} INFO - Filling up the DagBag from /home/airflow/.local/lib/python3.6/site-packages/airflow/example_dags/example_nested_branch_dag.py
[2021-04-01 00:20:18,769] {scheduler_job.py:639} INFO - DAG(s) dict_keys(['example_nested_branch_dag']) retrieved from /home/airflow/.local/lib/python3.6/site-packages/airflow/example_dags/example_nested_branch_dag.py
[2021-04-01 00:20:18,779] {logging_mixin.py:104} INFO - [2021-04-01 00:20:18,779] {dag.py:1818} INFO - Sync 1 DAGs
[2021-04-01 00:20:18,790] {logging_mixin.py:104} INFO - [2021-04-01 00:20:18,790] {dag.py:2273} INFO - Setting next_dagrun for example_nested_branch_dag to 2021-03-30 00:00:00+00:00
[2021-04-01 00:20:18,796] {scheduler_job.py:190} INFO - Processing /home/airflow/.local/lib/python3.6/site-packages/airflow/example_dags/example_nested_branch_dag.py took 0.037 seconds
[2021-04-01 00:20:49,554] {scheduler_job.py:182} INFO - Started process (PID=113) to work on /home/airflow/.local/lib/python3.6/site-packages/airflow/example_dags/example_nested_branch_dag.py
[2021-04-01 00:20:49,555] {scheduler_job.py:629} INFO - Processing file /home/airflow/.local/lib/python3.6/site-packages/airflow/example_dags/example_nested_branch_dag.py for tasks to queue
[2021-04-01 00:20:49,555] {logging_mixin.py:104} INFO - [2021-04-01 00:20:49,555] {dagbag.py:448} INFO - Filling up the DagBag from /home/airflow/.local/lib/python3.6/site-packages/airflow/example_dags/example_nested_branch_dag.py
[2021-04-01 00:20:49,563] {scheduler_job.py:639} INFO - DAG(s) dict_keys(['example_nested_branch_dag']) retrieved from /home/airflow/.local/lib/python3.6/site-packages/airflow/example_dags/example_nested_branch_dag.py
[2021-04-01 00:20:49,574] {logging_mixin.py:104} INFO - [2021-04-01 00:20:49,574] {dag.py:1818} INFO - Sync 1 DAGs
[2021-04-01 00:20:49,586] {logging_mixin.py:104} INFO - [2021-04-01 00:20:49,586] {dag.py:2273} INFO - Setting next_dagrun for example_nested_branch_dag to 2021-03-30 00:00:00+00:00
[2021-04-01 00:20:49,592] {scheduler_job.py:190} INFO - Processing /home/airflow/.local/lib/python3.6/site-packages/airflow/example_dags/example_nested_branch_dag.py took 0.039 seconds
[2021-04-01 00:21:20,231] {scheduler_job.py:182} INFO - Started process (PID=139) to work on /home/airflow/.local/lib/python3.6/site-packages/airflow/example_dags/example_nested_branch_dag.py
[2021-04-01 00:21:20,231] {scheduler_job.py:629} INFO - Processing file /home/airflow/.local/lib/python3.6/site-packages/airflow/example_dags/example_nested_branch_dag.py for tasks to queue
[2021-04-01 00:21:20,231] {logging_mixin.py:104} INFO - [2021-04-01 00:21:20,231] {dagbag.py:448} INFO - Filling up the DagBag from /home/airflow/.local/lib/python3.6/site-packages/airflow/example_dags/example_nested_branch_dag.py
[2021-04-01 00:21:20,239] {scheduler_job.py:639} INFO - DAG(s) dict_keys(['example_nested_branch_dag']) retrieved from /home/airflow/.local/lib/python3.6/site-packages/airflow/example_dags/example_nested_branch_dag.py
[2021-04-01 00:21:20,249] {logging_mixin.py:104} INFO - [2021-04-01 00:21:20,249] {dag.py:1818} INFO - Sync 1 DAGs
[2021-04-01 00:21:20,260] {logging_mixin.py:104} INFO - [2021-04-01 00:21:20,260] {dag.py:2273} INFO - Setting next_dagrun for example_nested_branch_dag to 2021-03-30 00:00:00+00:00
[2021-04-01 00:21:20,267] {scheduler_job.py:190} INFO - Processing /home/airflow/.local/lib/python3.6/site-packages/airflow/example_dags/example_nested_branch_dag.py took 0.038 seconds
[2021-04-01 00:21:50,883] {scheduler_job.py:182} INFO - Started process (PID=165) to work on /home/airflow/.local/lib/python3.6/site-packages/airflow/example_dags/example_nested_branch_dag.py
[2021-04-01 00:21:50,884] {scheduler_job.py:629} INFO - Processing file /home/airflow/.local/lib/python3.6/site-packages/airflow/example_dags/example_nested_branch_dag.py for tasks to queue
[2021-04-01 00:21:50,884] {logging_mixin.py:104} INFO - [2021-04-01 00:21:50,884] {dagbag.py:448} INFO - Filling up the DagBag from /home/airflow/.local/lib/python3.6/site-packages/airflow/example_dags/example_nested_branch_dag.py
[2021-04-01 00:21:50,891] {scheduler_job.py:639} INFO - DAG(s) dict_keys(['example_nested_branch_dag']) retrieved from /home/airflow/.local/lib/python3.6/site-packages/airflow/example_dags/example_nested_branch_dag.py
[2021-04-01 00:21:50,902] {logging_mixin.py:104} INFO - [2021-04-01 00:21:50,902] {dag.py:1818} INFO - Sync 1 DAGs
[2021-04-01 00:21:50,914] {logging_mixin.py:104} INFO - [2021-04-01 00:21:50,914] {dag.py:2273} INFO - Setting next_dagrun for example_nested_branch_dag to 2021-03-30 00:00:00+00:00
[2021-04-01 00:21:50,922] {scheduler_job.py:190} INFO - Processing /home/airflow/.local/lib/python3.6/site-packages/airflow/example_dags/example_nested_branch_dag.py took 0.040 seconds
[2021-04-01 00:22:21,526] {scheduler_job.py:182} INFO - Started process (PID=191) to work on /home/airflow/.local/lib/python3.6/site-packages/airflow/example_dags/example_nested_branch_dag.py
[2021-04-01 00:22:21,526] {scheduler_job.py:629} INFO - Processing file /home/airflow/.local/lib/python3.6/site-packages/airflow/example_dags/example_nested_branch_dag.py for tasks to queue
[2021-04-01 00:22:21,527] {logging_mixin.py:104} INFO - [2021-04-01 00:22:21,527] {dagbag.py:448} INFO - Filling up the DagBag from /home/airflow/.local/lib/python3.6/site-packages/airflow/example_dags/example_nested_branch_dag.py
[2021-04-01 00:22:21,534] {scheduler_job.py:639} INFO - DAG(s) dict_keys(['example_nested_branch_dag']) retrieved from /home/airflow/.local/lib/python3.6/site-packages/airflow/example_dags/example_nested_branch_dag.py
[2021-04-01 00:22:21,544] {logging_mixin.py:104} INFO - [2021-04-01 00:22:21,544] {dag.py:1818} INFO - Sync 1 DAGs
[2021-04-01 00:22:21,556] {logging_mixin.py:104} INFO - [2021-04-01 00:22:21,556] {dag.py:2273} INFO - Setting next_dagrun for example_nested_branch_dag to 2021-03-30 00:00:00+00:00
[2021-04-01 00:22:21,563] {scheduler_job.py:190} INFO - Processing /home/airflow/.local/lib/python3.6/site-packages/airflow/example_dags/example_nested_branch_dag.py took 0.039 seconds
[2021-04-01 00:22:52,185] {scheduler_job.py:182} INFO - Started process (PID=217) to work on /home/airflow/.local/lib/python3.6/site-packages/airflow/example_dags/example_nested_branch_dag.py
[2021-04-01 00:22:52,186] {scheduler_job.py:629} INFO - Processing file /home/airflow/.local/lib/python3.6/site-packages/airflow/example_dags/example_nested_branch_dag.py for tasks to queue
[2021-04-01 00:22:52,186] {logging_mixin.py:104} INFO - [2021-04-01 00:22:52,186] {dagbag.py:448} INFO - Filling up the DagBag from /home/airflow/.local/lib/python3.6/site-packages/airflow/example_dags/example_nested_branch_dag.py
[2021-04-01 00:22:52,193] {scheduler_job.py:639} INFO - DAG(s) dict_keys(['example_nested_branch_dag']) retrieved from /home/airflow/.local/lib/python3.6/site-packages/airflow/example_dags/example_nested_branch_dag.py
[2021-04-01 00:22:52,203] {logging_mixin.py:104} INFO - [2021-04-01 00:22:52,203] {dag.py:1818} INFO - Sync 1 DAGs
[2021-04-01 00:22:52,214] {logging_mixin.py:104} INFO - [2021-04-01 00:22:52,214] {dag.py:2273} INFO - Setting next_dagrun for example_nested_branch_dag to 2021-03-30 00:00:00+00:00
[2021-04-01 00:22:52,220] {scheduler_job.py:190} INFO - Processing /home/airflow/.local/lib/python3.6/site-packages/airflow/example_dags/example_nested_branch_dag.py took 0.036 seconds
[2021-04-01 00:23:22,828] {scheduler_job.py:182} INFO - Started process (PID=243) to work on /home/airflow/.local/lib/python3.6/site-packages/airflow/example_dags/example_nested_branch_dag.py
[2021-04-01 00:23:22,829] {scheduler_job.py:629} INFO - Processing file /home/airflow/.local/lib/python3.6/site-packages/airflow/example_dags/example_nested_branch_dag.py for tasks to queue
[2021-04-01 00:23:22,829] {logging_mixin.py:104} INFO - [2021-04-01 00:23:22,829] {dagbag.py:448} INFO - Filling up the DagBag from /home/airflow/.local/lib/python3.6/site-packages/airflow/example_dags/example_nested_branch_dag.py
[2021-04-01 00:23:22,836] {scheduler_job.py:639} INFO - DAG(s) dict_keys(['example_nested_branch_dag']) retrieved from /home/airflow/.local/lib/python3.6/site-packages/airflow/example_dags/example_nested_branch_dag.py
[2021-04-01 00:23:22,846] {logging_mixin.py:104} INFO - [2021-04-01 00:23:22,846] {dag.py:1818} INFO - Sync 1 DAGs
[2021-04-01 00:23:22,857] {logging_mixin.py:104} INFO - [2021-04-01 00:23:22,857] {dag.py:2273} INFO - Setting next_dagrun for example_nested_branch_dag to 2021-03-30 00:00:00+00:00
[2021-04-01 00:23:22,863] {scheduler_job.py:190} INFO - Processing /home/airflow/.local/lib/python3.6/site-packages/airflow/example_dags/example_nested_branch_dag.py took 0.037 seconds
[2021-04-01 00:23:53,466] {scheduler_job.py:182} INFO - Started process (PID=269) to work on /home/airflow/.local/lib/python3.6/site-packages/airflow/example_dags/example_nested_branch_dag.py
[2021-04-01 00:23:53,467] {scheduler_job.py:629} INFO - Processing file /home/airflow/.local/lib/python3.6/site-packages/airflow/example_dags/example_nested_branch_dag.py for tasks to queue
[2021-04-01 00:23:53,467] {logging_mixin.py:104} INFO - [2021-04-01 00:23:53,467] {dagbag.py:448} INFO - Filling up the DagBag from /home/airflow/.local/lib/python3.6/site-packages/airflow/example_dags/example_nested_branch_dag.py
[2021-04-01 00:23:53,474] {scheduler_job.py:639} INFO - DAG(s) dict_keys(['example_nested_branch_dag']) retrieved from /home/airflow/.local/lib/python3.6/site-packages/airflow/example_dags/example_nested_branch_dag.py
[2021-04-01 00:23:53,484] {logging_mixin.py:104} INFO - [2021-04-01 00:23:53,484] {dag.py:1818} INFO - Sync 1 DAGs
[2021-04-01 00:23:53,495] {logging_mixin.py:104} INFO - [2021-04-01 00:23:53,495] {dag.py:2273} INFO - Setting next_dagrun for example_nested_branch_dag to 2021-03-30 00:00:00+00:00
[2021-04-01 00:23:53,501] {scheduler_job.py:190} INFO - Processing /home/airflow/.local/lib/python3.6/site-packages/airflow/example_dags/example_nested_branch_dag.py took 0.036 seconds
[2021-04-01 00:24:24,172] {scheduler_job.py:182} INFO - Started process (PID=295) to work on /home/airflow/.local/lib/python3.6/site-packages/airflow/example_dags/example_nested_branch_dag.py
[2021-04-01 00:24:24,173] {scheduler_job.py:629} INFO - Processing file /home/airflow/.local/lib/python3.6/site-packages/airflow/example_dags/example_nested_branch_dag.py for tasks to queue
[2021-04-01 00:24:24,173] {logging_mixin.py:104} INFO - [2021-04-01 00:24:24,173] {dagbag.py:448} INFO - Filling up the DagBag from /home/airflow/.local/lib/python3.6/site-packages/airflow/example_dags/example_nested_branch_dag.py
[2021-04-01 00:24:24,181] {scheduler_job.py:639} INFO - DAG(s) dict_keys(['example_nested_branch_dag']) retrieved from /home/airflow/.local/lib/python3.6/site-packages/airflow/example_dags/example_nested_branch_dag.py
[2021-04-01 00:24:24,192] {logging_mixin.py:104} INFO - [2021-04-01 00:24:24,191] {dag.py:1818} INFO - Sync 1 DAGs
[2021-04-01 00:24:24,203] {logging_mixin.py:104} INFO - [2021-04-01 00:24:24,203] {dag.py:2273} INFO - Setting next_dagrun for example_nested_branch_dag to 2021-03-30 00:00:00+00:00
[2021-04-01 00:24:24,210] {scheduler_job.py:190} INFO - Processing /home/airflow/.local/lib/python3.6/site-packages/airflow/example_dags/example_nested_branch_dag.py took 0.039 seconds
[2021-04-01 00:24:54,792] {scheduler_job.py:182} INFO - Started process (PID=321) to work on /home/airflow/.local/lib/python3.6/site-packages/airflow/example_dags/example_nested_branch_dag.py
[2021-04-01 00:24:54,793] {scheduler_job.py:629} INFO - Processing file /home/airflow/.local/lib/python3.6/site-packages/airflow/example_dags/example_nested_branch_dag.py for tasks to queue
[2021-04-01 00:24:54,793] {logging_mixin.py:104} INFO - [2021-04-01 00:24:54,793] {dagbag.py:448} INFO - Filling up the DagBag from /home/airflow/.local/lib/python3.6/site-packages/airflow/example_dags/example_nested_branch_dag.py
[2021-04-01 00:24:54,800] {scheduler_job.py:639} INFO - DAG(s) dict_keys(['example_nested_branch_dag']) retrieved from /home/airflow/.local/lib/python3.6/site-packages/airflow/example_dags/example_nested_branch_dag.py
[2021-04-01 00:24:54,811] {logging_mixin.py:104} INFO - [2021-04-01 00:24:54,811] {dag.py:1818} INFO - Sync 1 DAGs
[2021-04-01 00:24:54,823] {logging_mixin.py:104} INFO - [2021-04-01 00:24:54,823] {dag.py:2273} INFO - Setting next_dagrun for example_nested_branch_dag to 2021-03-30 00:00:00+00:00
[2021-04-01 00:24:54,829] {scheduler_job.py:190} INFO - Processing /home/airflow/.local/lib/python3.6/site-packages/airflow/example_dags/example_nested_branch_dag.py took 0.039 seconds
[2021-04-01 00:25:25,416] {scheduler_job.py:182} INFO - Started process (PID=347) to work on /home/airflow/.local/lib/python3.6/site-packages/airflow/example_dags/example_nested_branch_dag.py
[2021-04-01 00:25:25,417] {scheduler_job.py:629} INFO - Processing file /home/airflow/.local/lib/python3.6/site-packages/airflow/example_dags/example_nested_branch_dag.py for tasks to queue
[2021-04-01 00:25:25,417] {logging_mixin.py:104} INFO - [2021-04-01 00:25:25,417] {dagbag.py:448} INFO - Filling up the DagBag from /home/airflow/.local/lib/python3.6/site-packages/airflow/example_dags/example_nested_branch_dag.py
[2021-04-01 00:25:25,424] {scheduler_job.py:639} INFO - DAG(s) dict_keys(['example_nested_branch_dag']) retrieved from /home/airflow/.local/lib/python3.6/site-packages/airflow/example_dags/example_nested_branch_dag.py
[2021-04-01 00:25:25,435] {logging_mixin.py:104} INFO - [2021-04-01 00:25:25,435] {dag.py:1818} INFO - Sync 1 DAGs
[2021-04-01 00:25:25,446] {logging_mixin.py:104} INFO - [2021-04-01 00:25:25,446] {dag.py:2273} INFO - Setting next_dagrun for example_nested_branch_dag to 2021-03-30 00:00:00+00:00
[2021-04-01 00:25:25,452] {scheduler_job.py:190} INFO - Processing /home/airflow/.local/lib/python3.6/site-packages/airflow/example_dags/example_nested_branch_dag.py took 0.037 seconds
[2021-04-01 00:25:56,039] {scheduler_job.py:182} INFO - Started process (PID=373) to work on /home/airflow/.local/lib/python3.6/site-packages/airflow/example_dags/example_nested_branch_dag.py
[2021-04-01 00:25:56,040] {scheduler_job.py:629} INFO - Processing file /home/airflow/.local/lib/python3.6/site-packages/airflow/example_dags/example_nested_branch_dag.py for tasks to queue
[2021-04-01 00:25:56,040] {logging_mixin.py:104} INFO - [2021-04-01 00:25:56,040] {dagbag.py:448} INFO - Filling up the DagBag from /home/airflow/.local/lib/python3.6/site-packages/airflow/example_dags/example_nested_branch_dag.py
[2021-04-01 00:25:56,048] {scheduler_job.py:639} INFO - DAG(s) dict_keys(['example_nested_branch_dag']) retrieved from /home/airflow/.local/lib/python3.6/site-packages/airflow/example_dags/example_nested_branch_dag.py
[2021-04-01 00:25:56,058] {logging_mixin.py:104} INFO - [2021-04-01 00:25:56,058] {dag.py:1818} INFO - Sync 1 DAGs
[2021-04-01 00:25:56,071] {logging_mixin.py:104} INFO - [2021-04-01 00:25:56,070] {dag.py:2273} INFO - Setting next_dagrun for example_nested_branch_dag to 2021-03-30 00:00:00+00:00
[2021-04-01 00:25:56,077] {scheduler_job.py:190} INFO - Processing /home/airflow/.local/lib/python3.6/site-packages/airflow/example_dags/example_nested_branch_dag.py took 0.039 seconds
[2021-04-01 00:26:26,676] {scheduler_job.py:182} INFO - Started process (PID=399) to work on /home/airflow/.local/lib/python3.6/site-packages/airflow/example_dags/example_nested_branch_dag.py
[2021-04-01 00:26:26,676] {scheduler_job.py:629} INFO - Processing file /home/airflow/.local/lib/python3.6/site-packages/airflow/example_dags/example_nested_branch_dag.py for tasks to queue
[2021-04-01 00:26:26,677] {logging_mixin.py:104} INFO - [2021-04-01 00:26:26,677] {dagbag.py:448} INFO - Filling up the DagBag from /home/airflow/.local/lib/python3.6/site-packages/airflow/example_dags/example_nested_branch_dag.py
[2021-04-01 00:26:26,684] {scheduler_job.py:639} INFO - DAG(s) dict_keys(['example_nested_branch_dag']) retrieved from /home/airflow/.local/lib/python3.6/site-packages/airflow/example_dags/example_nested_branch_dag.py
[2021-04-01 00:26:26,694] {logging_mixin.py:104} INFO - [2021-04-01 00:26:26,694] {dag.py:1818} INFO - Sync 1 DAGs
[2021-04-01 00:26:26,706] {logging_mixin.py:104} INFO - [2021-04-01 00:26:26,706] {dag.py:2273} INFO - Setting next_dagrun for example_nested_branch_dag to 2021-03-30 00:00:00+00:00
[2021-04-01 00:26:26,713] {scheduler_job.py:190} INFO - Processing /home/airflow/.local/lib/python3.6/site-packages/airflow/example_dags/example_nested_branch_dag.py took 0.039 seconds
[2021-04-01 00:26:57,335] {scheduler_job.py:182} INFO - Started process (PID=425) to work on /home/airflow/.local/lib/python3.6/site-packages/airflow/example_dags/example_nested_branch_dag.py
[2021-04-01 00:26:57,335] {scheduler_job.py:629} INFO - Processing file /home/airflow/.local/lib/python3.6/site-packages/airflow/example_dags/example_nested_branch_dag.py for tasks to queue
[2021-04-01 00:26:57,336] {logging_mixin.py:104} INFO - [2021-04-01 00:26:57,336] {dagbag.py:448} INFO - Filling up the DagBag from /home/airflow/.local/lib/python3.6/site-packages/airflow/example_dags/example_nested_branch_dag.py
[2021-04-01 00:26:57,343] {scheduler_job.py:639} INFO - DAG(s) dict_keys(['example_nested_branch_dag']) retrieved from /home/airflow/.local/lib/python3.6/site-packages/airflow/example_dags/example_nested_branch_dag.py
[2021-04-01 00:26:57,354] {logging_mixin.py:104} INFO - [2021-04-01 00:26:57,354] {dag.py:1818} INFO - Sync 1 DAGs
[2021-04-01 00:26:57,365] {logging_mixin.py:104} INFO - [2021-04-01 00:26:57,365] {dag.py:2273} INFO - Setting next_dagrun for example_nested_branch_dag to 2021-03-30 00:00:00+00:00
[2021-04-01 00:26:57,372] {scheduler_job.py:190} INFO - Processing /home/airflow/.local/lib/python3.6/site-packages/airflow/example_dags/example_nested_branch_dag.py took 0.038 seconds
[2021-04-01 00:27:27,990] {scheduler_job.py:182} INFO - Started process (PID=451) to work on /home/airflow/.local/lib/python3.6/site-packages/airflow/example_dags/example_nested_branch_dag.py
[2021-04-01 00:27:27,991] {scheduler_job.py:629} INFO - Processing file /home/airflow/.local/lib/python3.6/site-packages/airflow/example_dags/example_nested_branch_dag.py for tasks to queue
[2021-04-01 00:27:27,991] {logging_mixin.py:104} INFO - [2021-04-01 00:27:27,991] {dagbag.py:448} INFO - Filling up the DagBag from /home/airflow/.local/lib/python3.6/site-packages/airflow/example_dags/example_nested_branch_dag.py
[2021-04-01 00:27:27,998] {scheduler_job.py:639} INFO - DAG(s) dict_keys(['example_nested_branch_dag']) retrieved from /home/airflow/.local/lib/python3.6/site-packages/airflow/example_dags/example_nested_branch_dag.py
[2021-04-01 00:27:28,008] {logging_mixin.py:104} INFO - [2021-04-01 00:27:28,008] {dag.py:1818} INFO - Sync 1 DAGs
[2021-04-01 00:27:28,020] {logging_mixin.py:104} INFO - [2021-04-01 00:27:28,020] {dag.py:2273} INFO - Setting next_dagrun for example_nested_branch_dag to 2021-03-30 00:00:00+00:00
[2021-04-01 00:27:28,027] {scheduler_job.py:190} INFO - Processing /home/airflow/.local/lib/python3.6/site-packages/airflow/example_dags/example_nested_branch_dag.py took 0.038 seconds
[2021-04-01 00:27:58,634] {scheduler_job.py:182} INFO - Started process (PID=477) to work on /home/airflow/.local/lib/python3.6/site-packages/airflow/example_dags/example_nested_branch_dag.py
[2021-04-01 00:27:58,634] {scheduler_job.py:629} INFO - Processing file /home/airflow/.local/lib/python3.6/site-packages/airflow/example_dags/example_nested_branch_dag.py for tasks to queue
[2021-04-01 00:27:58,634] {logging_mixin.py:104} INFO - [2021-04-01 00:27:58,634] {dagbag.py:448} INFO - Filling up the DagBag from /home/airflow/.local/lib/python3.6/site-packages/airflow/example_dags/example_nested_branch_dag.py
[2021-04-01 00:27:58,641] {scheduler_job.py:639} INFO - DAG(s) dict_keys(['example_nested_branch_dag']) retrieved from /home/airflow/.local/lib/python3.6/site-packages/airflow/example_dags/example_nested_branch_dag.py
[2021-04-01 00:27:58,652] {logging_mixin.py:104} INFO - [2021-04-01 00:27:58,652] {dag.py:1818} INFO - Sync 1 DAGs
[2021-04-01 00:27:58,663] {logging_mixin.py:104} INFO - [2021-04-01 00:27:58,663] {dag.py:2273} INFO - Setting next_dagrun for example_nested_branch_dag to 2021-03-30 00:00:00+00:00
[2021-04-01 00:27:58,669] {scheduler_job.py:190} INFO - Processing /home/airflow/.local/lib/python3.6/site-packages/airflow/example_dags/example_nested_branch_dag.py took 0.037 seconds
[2021-04-01 00:28:29,276] {scheduler_job.py:182} INFO - Started process (PID=503) to work on /home/airflow/.local/lib/python3.6/site-packages/airflow/example_dags/example_nested_branch_dag.py
[2021-04-01 00:28:29,277] {scheduler_job.py:629} INFO - Processing file /home/airflow/.local/lib/python3.6/site-packages/airflow/example_dags/example_nested_branch_dag.py for tasks to queue
[2021-04-01 00:28:29,277] {logging_mixin.py:104} INFO - [2021-04-01 00:28:29,277] {dagbag.py:448} INFO - Filling up the DagBag from /home/airflow/.local/lib/python3.6/site-packages/airflow/example_dags/example_nested_branch_dag.py
[2021-04-01 00:28:29,284] {scheduler_job.py:639} INFO - DAG(s) dict_keys(['example_nested_branch_dag']) retrieved from /home/airflow/.local/lib/python3.6/site-packages/airflow/example_dags/example_nested_branch_dag.py
[2021-04-01 00:28:29,295] {logging_mixin.py:104} INFO - [2021-04-01 00:28:29,295] {dag.py:1818} INFO - Sync 1 DAGs
[2021-04-01 00:28:29,306] {logging_mixin.py:104} INFO - [2021-04-01 00:28:29,306] {dag.py:2273} INFO - Setting next_dagrun for example_nested_branch_dag to 2021-03-30 00:00:00+00:00
[2021-04-01 00:28:29,311] {scheduler_job.py:190} INFO - Processing /home/airflow/.local/lib/python3.6/site-packages/airflow/example_dags/example_nested_branch_dag.py took 0.036 seconds
[2021-04-01 00:28:59,914] {scheduler_job.py:182} INFO - Started process (PID=529) to work on /home/airflow/.local/lib/python3.6/site-packages/airflow/example_dags/example_nested_branch_dag.py
[2021-04-01 00:28:59,915] {scheduler_job.py:629} INFO - Processing file /home/airflow/.local/lib/python3.6/site-packages/airflow/example_dags/example_nested_branch_dag.py for tasks to queue
[2021-04-01 00:28:59,915] {logging_mixin.py:104} INFO - [2021-04-01 00:28:59,915] {dagbag.py:448} INFO - Filling up the DagBag from /home/airflow/.local/lib/python3.6/site-packages/airflow/example_dags/example_nested_branch_dag.py
[2021-04-01 00:28:59,922] {scheduler_job.py:639} INFO - DAG(s) dict_keys(['example_nested_branch_dag']) retrieved from /home/airflow/.local/lib/python3.6/site-packages/airflow/example_dags/example_nested_branch_dag.py
[2021-04-01 00:28:59,934] {logging_mixin.py:104} INFO - [2021-04-01 00:28:59,934] {dag.py:1818} INFO - Sync 1 DAGs
[2021-04-01 00:28:59,944] {logging_mixin.py:104} INFO - [2021-04-01 00:28:59,944] {dag.py:2273} INFO - Setting next_dagrun for example_nested_branch_dag to 2021-03-30 00:00:00+00:00
[2021-04-01 00:28:59,951] {scheduler_job.py:190} INFO - Processing /home/airflow/.local/lib/python3.6/site-packages/airflow/example_dags/example_nested_branch_dag.py took 0.038 seconds
[2021-04-01 00:29:30,604] {scheduler_job.py:182} INFO - Started process (PID=555) to work on /home/airflow/.local/lib/python3.6/site-packages/airflow/example_dags/example_nested_branch_dag.py
[2021-04-01 00:29:30,604] {scheduler_job.py:629} INFO - Processing file /home/airflow/.local/lib/python3.6/site-packages/airflow/example_dags/example_nested_branch_dag.py for tasks to queue
[2021-04-01 00:29:30,605] {logging_mixin.py:104} INFO - [2021-04-01 00:29:30,605] {dagbag.py:448} INFO - Filling up the DagBag from /home/airflow/.local/lib/python3.6/site-packages/airflow/example_dags/example_nested_branch_dag.py
[2021-04-01 00:29:30,612] {scheduler_job.py:639} INFO - DAG(s) dict_keys(['example_nested_branch_dag']) retrieved from /home/airflow/.local/lib/python3.6/site-packages/airflow/example_dags/example_nested_branch_dag.py
[2021-04-01 00:29:30,623] {logging_mixin.py:104} INFO - [2021-04-01 00:29:30,623] {dag.py:1818} INFO - Sync 1 DAGs
[2021-04-01 00:29:30,636] {logging_mixin.py:104} INFO - [2021-04-01 00:29:30,636] {dag.py:2273} INFO - Setting next_dagrun for example_nested_branch_dag to 2021-03-30 00:00:00+00:00
[2021-04-01 00:29:30,642] {scheduler_job.py:190} INFO - Processing /home/airflow/.local/lib/python3.6/site-packages/airflow/example_dags/example_nested_branch_dag.py took 0.040 seconds
[2021-04-01 00:30:01,237] {scheduler_job.py:182} INFO - Started process (PID=581) to work on /home/airflow/.local/lib/python3.6/site-packages/airflow/example_dags/example_nested_branch_dag.py
[2021-04-01 00:30:01,237] {scheduler_job.py:629} INFO - Processing file /home/airflow/.local/lib/python3.6/site-packages/airflow/example_dags/example_nested_branch_dag.py for tasks to queue
[2021-04-01 00:30:01,237] {logging_mixin.py:104} INFO - [2021-04-01 00:30:01,237] {dagbag.py:448} INFO - Filling up the DagBag from /home/airflow/.local/lib/python3.6/site-packages/airflow/example_dags/example_nested_branch_dag.py
[2021-04-01 00:30:01,245] {scheduler_job.py:639} INFO - DAG(s) dict_keys(['example_nested_branch_dag']) retrieved from /home/airflow/.local/lib/python3.6/site-packages/airflow/example_dags/example_nested_branch_dag.py
[2021-04-01 00:30:01,255] {logging_mixin.py:104} INFO - [2021-04-01 00:30:01,255] {dag.py:1818} INFO - Sync 1 DAGs
[2021-04-01 00:30:01,266] {logging_mixin.py:104} INFO - [2021-04-01 00:30:01,266] {dag.py:2273} INFO - Setting next_dagrun for example_nested_branch_dag to 2021-03-30 00:00:00+00:00
[2021-04-01 00:30:01,271] {scheduler_job.py:190} INFO - Processing /home/airflow/.local/lib/python3.6/site-packages/airflow/example_dags/example_nested_branch_dag.py took 0.036 seconds
[2021-04-01 00:30:31,870] {scheduler_job.py:182} INFO - Started process (PID=607) to work on /home/airflow/.local/lib/python3.6/site-packages/airflow/example_dags/example_nested_branch_dag.py
[2021-04-01 00:30:31,871] {scheduler_job.py:629} INFO - Processing file /home/airflow/.local/lib/python3.6/site-packages/airflow/example_dags/example_nested_branch_dag.py for tasks to queue
[2021-04-01 00:30:31,871] {logging_mixin.py:104} INFO - [2021-04-01 00:30:31,871] {dagbag.py:448} INFO - Filling up the DagBag from /home/airflow/.local/lib/python3.6/site-packages/airflow/example_dags/example_nested_branch_dag.py
[2021-04-01 00:30:31,879] {scheduler_job.py:639} INFO - DAG(s) dict_keys(['example_nested_branch_dag']) retrieved from /home/airflow/.local/lib/python3.6/site-packages/airflow/example_dags/example_nested_branch_dag.py
[2021-04-01 00:30:31,888] {logging_mixin.py:104} INFO - [2021-04-01 00:30:31,888] {dag.py:1818} INFO - Sync 1 DAGs
[2021-04-01 00:30:31,899] {logging_mixin.py:104} INFO - [2021-04-01 00:30:31,899] {dag.py:2273} INFO - Setting next_dagrun for example_nested_branch_dag to 2021-03-30 00:00:00+00:00
[2021-04-01 00:30:31,906] {scheduler_job.py:190} INFO - Processing /home/airflow/.local/lib/python3.6/site-packages/airflow/example_dags/example_nested_branch_dag.py took 0.037 seconds
[2021-04-01 00:31:02,501] {scheduler_job.py:182} INFO - Started process (PID=633) to work on /home/airflow/.local/lib/python3.6/site-packages/airflow/example_dags/example_nested_branch_dag.py
[2021-04-01 00:31:02,501] {scheduler_job.py:629} INFO - Processing file /home/airflow/.local/lib/python3.6/site-packages/airflow/example_dags/example_nested_branch_dag.py for tasks to queue
[2021-04-01 00:31:02,501] {logging_mixin.py:104} INFO - [2021-04-01 00:31:02,501] {dagbag.py:448} INFO - Filling up the DagBag from /home/airflow/.local/lib/python3.6/site-packages/airflow/example_dags/example_nested_branch_dag.py
[2021-04-01 00:31:02,509] {scheduler_job.py:639} INFO - DAG(s) dict_keys(['example_nested_branch_dag']) retrieved from /home/airflow/.local/lib/python3.6/site-packages/airflow/example_dags/example_nested_branch_dag.py
[2021-04-01 00:31:02,519] {logging_mixin.py:104} INFO - [2021-04-01 00:31:02,519] {dag.py:1818} INFO - Sync 1 DAGs
[2021-04-01 00:31:02,530] {logging_mixin.py:104} INFO - [2021-04-01 00:31:02,530] {dag.py:2273} INFO - Setting next_dagrun for example_nested_branch_dag to 2021-03-30 00:00:00+00:00
[2021-04-01 00:31:02,535] {scheduler_job.py:190} INFO - Processing /home/airflow/.local/lib/python3.6/site-packages/airflow/example_dags/example_nested_branch_dag.py took 0.036 seconds
[2021-04-01 00:31:33,137] {scheduler_job.py:182} INFO - Started process (PID=659) to work on /home/airflow/.local/lib/python3.6/site-packages/airflow/example_dags/example_nested_branch_dag.py
[2021-04-01 00:31:33,137] {scheduler_job.py:629} INFO - Processing file /home/airflow/.local/lib/python3.6/site-packages/airflow/example_dags/example_nested_branch_dag.py for tasks to queue
[2021-04-01 00:31:33,137] {logging_mixin.py:104} INFO - [2021-04-01 00:31:33,137] {dagbag.py:448} INFO - Filling up the DagBag from /home/airflow/.local/lib/python3.6/site-packages/airflow/example_dags/example_nested_branch_dag.py
[2021-04-01 00:31:33,145] {scheduler_job.py:639} INFO - DAG(s) dict_keys(['example_nested_branch_dag']) retrieved from /home/airflow/.local/lib/python3.6/site-packages/airflow/example_dags/example_nested_branch_dag.py
[2021-04-01 00:31:33,156] {logging_mixin.py:104} INFO - [2021-04-01 00:31:33,155] {dag.py:1818} INFO - Sync 1 DAGs
[2021-04-01 00:31:33,166] {logging_mixin.py:104} INFO - [2021-04-01 00:31:33,166] {dag.py:2273} INFO - Setting next_dagrun for example_nested_branch_dag to 2021-03-30 00:00:00+00:00
[2021-04-01 00:31:33,172] {scheduler_job.py:190} INFO - Processing /home/airflow/.local/lib/python3.6/site-packages/airflow/example_dags/example_nested_branch_dag.py took 0.037 seconds
