[2021-04-01 00:00:01,930] {scheduler_job.py:182} INFO - Started process (PID=132) to work on /home/airflow/.local/lib/python3.6/site-packages/airflow/example_dags/example_kubernetes_executor.py
[2021-04-01 00:00:01,930] {scheduler_job.py:629} INFO - Processing file /home/airflow/.local/lib/python3.6/site-packages/airflow/example_dags/example_kubernetes_executor.py for tasks to queue
[2021-04-01 00:00:01,931] {logging_mixin.py:104} INFO - [2021-04-01 00:00:01,931] {dagbag.py:448} INFO - Filling up the DagBag from /home/airflow/.local/lib/python3.6/site-packages/airflow/example_dags/example_kubernetes_executor.py
[2021-04-01 00:00:01,937] {scheduler_job.py:639} INFO - DAG(s) dict_keys(['example_kubernetes_executor']) retrieved from /home/airflow/.local/lib/python3.6/site-packages/airflow/example_dags/example_kubernetes_executor.py
[2021-04-01 00:00:01,950] {logging_mixin.py:104} INFO - [2021-04-01 00:00:01,950] {dag.py:1818} INFO - Sync 1 DAGs
[2021-04-01 00:00:01,957] {logging_mixin.py:104} INFO - [2021-04-01 00:00:01,957] {dag.py:2273} INFO - Setting next_dagrun for example_kubernetes_executor to None
[2021-04-01 00:00:01,964] {scheduler_job.py:190} INFO - Processing /home/airflow/.local/lib/python3.6/site-packages/airflow/example_dags/example_kubernetes_executor.py took 0.036 seconds
[2021-04-01 00:00:32,588] {scheduler_job.py:182} INFO - Started process (PID=158) to work on /home/airflow/.local/lib/python3.6/site-packages/airflow/example_dags/example_kubernetes_executor.py
[2021-04-01 00:00:32,589] {scheduler_job.py:629} INFO - Processing file /home/airflow/.local/lib/python3.6/site-packages/airflow/example_dags/example_kubernetes_executor.py for tasks to queue
[2021-04-01 00:00:32,589] {logging_mixin.py:104} INFO - [2021-04-01 00:00:32,589] {dagbag.py:448} INFO - Filling up the DagBag from /home/airflow/.local/lib/python3.6/site-packages/airflow/example_dags/example_kubernetes_executor.py
[2021-04-01 00:00:32,595] {scheduler_job.py:639} INFO - DAG(s) dict_keys(['example_kubernetes_executor']) retrieved from /home/airflow/.local/lib/python3.6/site-packages/airflow/example_dags/example_kubernetes_executor.py
[2021-04-01 00:00:32,605] {logging_mixin.py:104} INFO - [2021-04-01 00:00:32,605] {dag.py:1818} INFO - Sync 1 DAGs
[2021-04-01 00:00:32,613] {logging_mixin.py:104} INFO - [2021-04-01 00:00:32,613] {dag.py:2273} INFO - Setting next_dagrun for example_kubernetes_executor to None
[2021-04-01 00:00:32,618] {scheduler_job.py:190} INFO - Processing /home/airflow/.local/lib/python3.6/site-packages/airflow/example_dags/example_kubernetes_executor.py took 0.031 seconds
[2021-04-01 00:01:03,246] {scheduler_job.py:182} INFO - Started process (PID=184) to work on /home/airflow/.local/lib/python3.6/site-packages/airflow/example_dags/example_kubernetes_executor.py
[2021-04-01 00:01:03,247] {scheduler_job.py:629} INFO - Processing file /home/airflow/.local/lib/python3.6/site-packages/airflow/example_dags/example_kubernetes_executor.py for tasks to queue
[2021-04-01 00:01:03,247] {logging_mixin.py:104} INFO - [2021-04-01 00:01:03,247] {dagbag.py:448} INFO - Filling up the DagBag from /home/airflow/.local/lib/python3.6/site-packages/airflow/example_dags/example_kubernetes_executor.py
[2021-04-01 00:01:03,253] {scheduler_job.py:639} INFO - DAG(s) dict_keys(['example_kubernetes_executor']) retrieved from /home/airflow/.local/lib/python3.6/site-packages/airflow/example_dags/example_kubernetes_executor.py
[2021-04-01 00:01:03,264] {logging_mixin.py:104} INFO - [2021-04-01 00:01:03,264] {dag.py:1818} INFO - Sync 1 DAGs
[2021-04-01 00:01:03,271] {logging_mixin.py:104} INFO - [2021-04-01 00:01:03,271] {dag.py:2273} INFO - Setting next_dagrun for example_kubernetes_executor to None
[2021-04-01 00:01:03,277] {scheduler_job.py:190} INFO - Processing /home/airflow/.local/lib/python3.6/site-packages/airflow/example_dags/example_kubernetes_executor.py took 0.032 seconds
[2021-04-01 00:01:33,910] {scheduler_job.py:182} INFO - Started process (PID=210) to work on /home/airflow/.local/lib/python3.6/site-packages/airflow/example_dags/example_kubernetes_executor.py
[2021-04-01 00:01:33,910] {scheduler_job.py:629} INFO - Processing file /home/airflow/.local/lib/python3.6/site-packages/airflow/example_dags/example_kubernetes_executor.py for tasks to queue
[2021-04-01 00:01:33,911] {logging_mixin.py:104} INFO - [2021-04-01 00:01:33,911] {dagbag.py:448} INFO - Filling up the DagBag from /home/airflow/.local/lib/python3.6/site-packages/airflow/example_dags/example_kubernetes_executor.py
[2021-04-01 00:01:33,917] {scheduler_job.py:639} INFO - DAG(s) dict_keys(['example_kubernetes_executor']) retrieved from /home/airflow/.local/lib/python3.6/site-packages/airflow/example_dags/example_kubernetes_executor.py
[2021-04-01 00:01:33,927] {logging_mixin.py:104} INFO - [2021-04-01 00:01:33,927] {dag.py:1818} INFO - Sync 1 DAGs
[2021-04-01 00:01:33,934] {logging_mixin.py:104} INFO - [2021-04-01 00:01:33,934] {dag.py:2273} INFO - Setting next_dagrun for example_kubernetes_executor to None
[2021-04-01 00:01:33,941] {scheduler_job.py:190} INFO - Processing /home/airflow/.local/lib/python3.6/site-packages/airflow/example_dags/example_kubernetes_executor.py took 0.032 seconds
[2021-04-01 00:02:04,467] {scheduler_job.py:182} INFO - Started process (PID=236) to work on /home/airflow/.local/lib/python3.6/site-packages/airflow/example_dags/example_kubernetes_executor.py
[2021-04-01 00:02:04,467] {scheduler_job.py:629} INFO - Processing file /home/airflow/.local/lib/python3.6/site-packages/airflow/example_dags/example_kubernetes_executor.py for tasks to queue
[2021-04-01 00:02:04,468] {logging_mixin.py:104} INFO - [2021-04-01 00:02:04,468] {dagbag.py:448} INFO - Filling up the DagBag from /home/airflow/.local/lib/python3.6/site-packages/airflow/example_dags/example_kubernetes_executor.py
[2021-04-01 00:02:04,474] {scheduler_job.py:639} INFO - DAG(s) dict_keys(['example_kubernetes_executor']) retrieved from /home/airflow/.local/lib/python3.6/site-packages/airflow/example_dags/example_kubernetes_executor.py
[2021-04-01 00:02:04,485] {logging_mixin.py:104} INFO - [2021-04-01 00:02:04,485] {dag.py:1818} INFO - Sync 1 DAGs
[2021-04-01 00:02:04,493] {logging_mixin.py:104} INFO - [2021-04-01 00:02:04,493] {dag.py:2273} INFO - Setting next_dagrun for example_kubernetes_executor to None
[2021-04-01 00:02:04,500] {scheduler_job.py:190} INFO - Processing /home/airflow/.local/lib/python3.6/site-packages/airflow/example_dags/example_kubernetes_executor.py took 0.034 seconds
[2021-04-01 00:02:35,094] {scheduler_job.py:182} INFO - Started process (PID=262) to work on /home/airflow/.local/lib/python3.6/site-packages/airflow/example_dags/example_kubernetes_executor.py
[2021-04-01 00:02:35,095] {scheduler_job.py:629} INFO - Processing file /home/airflow/.local/lib/python3.6/site-packages/airflow/example_dags/example_kubernetes_executor.py for tasks to queue
[2021-04-01 00:02:35,095] {logging_mixin.py:104} INFO - [2021-04-01 00:02:35,095] {dagbag.py:448} INFO - Filling up the DagBag from /home/airflow/.local/lib/python3.6/site-packages/airflow/example_dags/example_kubernetes_executor.py
[2021-04-01 00:02:35,101] {scheduler_job.py:639} INFO - DAG(s) dict_keys(['example_kubernetes_executor']) retrieved from /home/airflow/.local/lib/python3.6/site-packages/airflow/example_dags/example_kubernetes_executor.py
[2021-04-01 00:02:35,111] {logging_mixin.py:104} INFO - [2021-04-01 00:02:35,111] {dag.py:1818} INFO - Sync 1 DAGs
[2021-04-01 00:02:35,118] {logging_mixin.py:104} INFO - [2021-04-01 00:02:35,118] {dag.py:2273} INFO - Setting next_dagrun for example_kubernetes_executor to None
[2021-04-01 00:02:35,124] {scheduler_job.py:190} INFO - Processing /home/airflow/.local/lib/python3.6/site-packages/airflow/example_dags/example_kubernetes_executor.py took 0.031 seconds
[2021-04-01 00:03:05,692] {scheduler_job.py:182} INFO - Started process (PID=288) to work on /home/airflow/.local/lib/python3.6/site-packages/airflow/example_dags/example_kubernetes_executor.py
[2021-04-01 00:03:05,692] {scheduler_job.py:629} INFO - Processing file /home/airflow/.local/lib/python3.6/site-packages/airflow/example_dags/example_kubernetes_executor.py for tasks to queue
[2021-04-01 00:03:05,693] {logging_mixin.py:104} INFO - [2021-04-01 00:03:05,693] {dagbag.py:448} INFO - Filling up the DagBag from /home/airflow/.local/lib/python3.6/site-packages/airflow/example_dags/example_kubernetes_executor.py
[2021-04-01 00:03:05,699] {scheduler_job.py:639} INFO - DAG(s) dict_keys(['example_kubernetes_executor']) retrieved from /home/airflow/.local/lib/python3.6/site-packages/airflow/example_dags/example_kubernetes_executor.py
[2021-04-01 00:03:05,709] {logging_mixin.py:104} INFO - [2021-04-01 00:03:05,709] {dag.py:1818} INFO - Sync 1 DAGs
[2021-04-01 00:03:05,716] {logging_mixin.py:104} INFO - [2021-04-01 00:03:05,716] {dag.py:2273} INFO - Setting next_dagrun for example_kubernetes_executor to None
[2021-04-01 00:03:05,722] {scheduler_job.py:190} INFO - Processing /home/airflow/.local/lib/python3.6/site-packages/airflow/example_dags/example_kubernetes_executor.py took 0.032 seconds
[2021-04-01 00:03:36,317] {scheduler_job.py:182} INFO - Started process (PID=314) to work on /home/airflow/.local/lib/python3.6/site-packages/airflow/example_dags/example_kubernetes_executor.py
[2021-04-01 00:03:36,318] {scheduler_job.py:629} INFO - Processing file /home/airflow/.local/lib/python3.6/site-packages/airflow/example_dags/example_kubernetes_executor.py for tasks to queue
[2021-04-01 00:03:36,318] {logging_mixin.py:104} INFO - [2021-04-01 00:03:36,318] {dagbag.py:448} INFO - Filling up the DagBag from /home/airflow/.local/lib/python3.6/site-packages/airflow/example_dags/example_kubernetes_executor.py
[2021-04-01 00:03:36,325] {scheduler_job.py:639} INFO - DAG(s) dict_keys(['example_kubernetes_executor']) retrieved from /home/airflow/.local/lib/python3.6/site-packages/airflow/example_dags/example_kubernetes_executor.py
[2021-04-01 00:03:36,337] {logging_mixin.py:104} INFO - [2021-04-01 00:03:36,337] {dag.py:1818} INFO - Sync 1 DAGs
[2021-04-01 00:03:36,345] {logging_mixin.py:104} INFO - [2021-04-01 00:03:36,345] {dag.py:2273} INFO - Setting next_dagrun for example_kubernetes_executor to None
[2021-04-01 00:03:36,353] {scheduler_job.py:190} INFO - Processing /home/airflow/.local/lib/python3.6/site-packages/airflow/example_dags/example_kubernetes_executor.py took 0.037 seconds
[2021-04-01 00:04:06,900] {scheduler_job.py:182} INFO - Started process (PID=340) to work on /home/airflow/.local/lib/python3.6/site-packages/airflow/example_dags/example_kubernetes_executor.py
[2021-04-01 00:04:06,901] {scheduler_job.py:629} INFO - Processing file /home/airflow/.local/lib/python3.6/site-packages/airflow/example_dags/example_kubernetes_executor.py for tasks to queue
[2021-04-01 00:04:06,901] {logging_mixin.py:104} INFO - [2021-04-01 00:04:06,901] {dagbag.py:448} INFO - Filling up the DagBag from /home/airflow/.local/lib/python3.6/site-packages/airflow/example_dags/example_kubernetes_executor.py
[2021-04-01 00:04:06,907] {scheduler_job.py:639} INFO - DAG(s) dict_keys(['example_kubernetes_executor']) retrieved from /home/airflow/.local/lib/python3.6/site-packages/airflow/example_dags/example_kubernetes_executor.py
[2021-04-01 00:04:06,917] {logging_mixin.py:104} INFO - [2021-04-01 00:04:06,917] {dag.py:1818} INFO - Sync 1 DAGs
[2021-04-01 00:04:06,927] {logging_mixin.py:104} INFO - [2021-04-01 00:04:06,927] {dag.py:2273} INFO - Setting next_dagrun for example_kubernetes_executor to None
[2021-04-01 00:04:06,935] {scheduler_job.py:190} INFO - Processing /home/airflow/.local/lib/python3.6/site-packages/airflow/example_dags/example_kubernetes_executor.py took 0.036 seconds
[2021-04-01 00:04:37,479] {scheduler_job.py:182} INFO - Started process (PID=366) to work on /home/airflow/.local/lib/python3.6/site-packages/airflow/example_dags/example_kubernetes_executor.py
[2021-04-01 00:04:37,480] {scheduler_job.py:629} INFO - Processing file /home/airflow/.local/lib/python3.6/site-packages/airflow/example_dags/example_kubernetes_executor.py for tasks to queue
[2021-04-01 00:04:37,480] {logging_mixin.py:104} INFO - [2021-04-01 00:04:37,480] {dagbag.py:448} INFO - Filling up the DagBag from /home/airflow/.local/lib/python3.6/site-packages/airflow/example_dags/example_kubernetes_executor.py
[2021-04-01 00:04:37,487] {scheduler_job.py:639} INFO - DAG(s) dict_keys(['example_kubernetes_executor']) retrieved from /home/airflow/.local/lib/python3.6/site-packages/airflow/example_dags/example_kubernetes_executor.py
[2021-04-01 00:04:37,497] {logging_mixin.py:104} INFO - [2021-04-01 00:04:37,497] {dag.py:1818} INFO - Sync 1 DAGs
[2021-04-01 00:04:37,505] {logging_mixin.py:104} INFO - [2021-04-01 00:04:37,505] {dag.py:2273} INFO - Setting next_dagrun for example_kubernetes_executor to None
[2021-04-01 00:04:37,511] {scheduler_job.py:190} INFO - Processing /home/airflow/.local/lib/python3.6/site-packages/airflow/example_dags/example_kubernetes_executor.py took 0.033 seconds
[2021-04-01 00:05:08,093] {scheduler_job.py:182} INFO - Started process (PID=392) to work on /home/airflow/.local/lib/python3.6/site-packages/airflow/example_dags/example_kubernetes_executor.py
[2021-04-01 00:05:08,094] {scheduler_job.py:629} INFO - Processing file /home/airflow/.local/lib/python3.6/site-packages/airflow/example_dags/example_kubernetes_executor.py for tasks to queue
[2021-04-01 00:05:08,094] {logging_mixin.py:104} INFO - [2021-04-01 00:05:08,094] {dagbag.py:448} INFO - Filling up the DagBag from /home/airflow/.local/lib/python3.6/site-packages/airflow/example_dags/example_kubernetes_executor.py
[2021-04-01 00:05:08,100] {scheduler_job.py:639} INFO - DAG(s) dict_keys(['example_kubernetes_executor']) retrieved from /home/airflow/.local/lib/python3.6/site-packages/airflow/example_dags/example_kubernetes_executor.py
[2021-04-01 00:05:08,111] {logging_mixin.py:104} INFO - [2021-04-01 00:05:08,111] {dag.py:1818} INFO - Sync 1 DAGs
[2021-04-01 00:05:08,121] {logging_mixin.py:104} INFO - [2021-04-01 00:05:08,120] {dag.py:2273} INFO - Setting next_dagrun for example_kubernetes_executor to None
[2021-04-01 00:05:08,127] {scheduler_job.py:190} INFO - Processing /home/airflow/.local/lib/python3.6/site-packages/airflow/example_dags/example_kubernetes_executor.py took 0.035 seconds
[2021-04-01 00:05:38,741] {scheduler_job.py:182} INFO - Started process (PID=418) to work on /home/airflow/.local/lib/python3.6/site-packages/airflow/example_dags/example_kubernetes_executor.py
[2021-04-01 00:05:38,741] {scheduler_job.py:629} INFO - Processing file /home/airflow/.local/lib/python3.6/site-packages/airflow/example_dags/example_kubernetes_executor.py for tasks to queue
[2021-04-01 00:05:38,742] {logging_mixin.py:104} INFO - [2021-04-01 00:05:38,742] {dagbag.py:448} INFO - Filling up the DagBag from /home/airflow/.local/lib/python3.6/site-packages/airflow/example_dags/example_kubernetes_executor.py
[2021-04-01 00:05:38,748] {scheduler_job.py:639} INFO - DAG(s) dict_keys(['example_kubernetes_executor']) retrieved from /home/airflow/.local/lib/python3.6/site-packages/airflow/example_dags/example_kubernetes_executor.py
[2021-04-01 00:05:38,760] {logging_mixin.py:104} INFO - [2021-04-01 00:05:38,760] {dag.py:1818} INFO - Sync 1 DAGs
[2021-04-01 00:05:38,769] {logging_mixin.py:104} INFO - [2021-04-01 00:05:38,769] {dag.py:2273} INFO - Setting next_dagrun for example_kubernetes_executor to None
[2021-04-01 00:05:38,776] {scheduler_job.py:190} INFO - Processing /home/airflow/.local/lib/python3.6/site-packages/airflow/example_dags/example_kubernetes_executor.py took 0.036 seconds
[2021-04-01 00:06:09,321] {scheduler_job.py:182} INFO - Started process (PID=444) to work on /home/airflow/.local/lib/python3.6/site-packages/airflow/example_dags/example_kubernetes_executor.py
[2021-04-01 00:06:09,322] {scheduler_job.py:629} INFO - Processing file /home/airflow/.local/lib/python3.6/site-packages/airflow/example_dags/example_kubernetes_executor.py for tasks to queue
[2021-04-01 00:06:09,322] {logging_mixin.py:104} INFO - [2021-04-01 00:06:09,322] {dagbag.py:448} INFO - Filling up the DagBag from /home/airflow/.local/lib/python3.6/site-packages/airflow/example_dags/example_kubernetes_executor.py
[2021-04-01 00:06:09,330] {scheduler_job.py:639} INFO - DAG(s) dict_keys(['example_kubernetes_executor']) retrieved from /home/airflow/.local/lib/python3.6/site-packages/airflow/example_dags/example_kubernetes_executor.py
[2021-04-01 00:06:09,341] {logging_mixin.py:104} INFO - [2021-04-01 00:06:09,341] {dag.py:1818} INFO - Sync 1 DAGs
[2021-04-01 00:06:09,350] {logging_mixin.py:104} INFO - [2021-04-01 00:06:09,350] {dag.py:2273} INFO - Setting next_dagrun for example_kubernetes_executor to None
[2021-04-01 00:06:09,357] {scheduler_job.py:190} INFO - Processing /home/airflow/.local/lib/python3.6/site-packages/airflow/example_dags/example_kubernetes_executor.py took 0.038 seconds
[2021-04-01 00:06:39,974] {scheduler_job.py:182} INFO - Started process (PID=470) to work on /home/airflow/.local/lib/python3.6/site-packages/airflow/example_dags/example_kubernetes_executor.py
[2021-04-01 00:06:39,974] {scheduler_job.py:629} INFO - Processing file /home/airflow/.local/lib/python3.6/site-packages/airflow/example_dags/example_kubernetes_executor.py for tasks to queue
[2021-04-01 00:06:39,974] {logging_mixin.py:104} INFO - [2021-04-01 00:06:39,974] {dagbag.py:448} INFO - Filling up the DagBag from /home/airflow/.local/lib/python3.6/site-packages/airflow/example_dags/example_kubernetes_executor.py
[2021-04-01 00:06:39,980] {scheduler_job.py:639} INFO - DAG(s) dict_keys(['example_kubernetes_executor']) retrieved from /home/airflow/.local/lib/python3.6/site-packages/airflow/example_dags/example_kubernetes_executor.py
[2021-04-01 00:06:39,990] {logging_mixin.py:104} INFO - [2021-04-01 00:06:39,990] {dag.py:1818} INFO - Sync 1 DAGs
[2021-04-01 00:06:39,999] {logging_mixin.py:104} INFO - [2021-04-01 00:06:39,998] {dag.py:2273} INFO - Setting next_dagrun for example_kubernetes_executor to None
[2021-04-01 00:06:40,004] {scheduler_job.py:190} INFO - Processing /home/airflow/.local/lib/python3.6/site-packages/airflow/example_dags/example_kubernetes_executor.py took 0.032 seconds
[2021-04-01 00:07:10,648] {scheduler_job.py:182} INFO - Started process (PID=496) to work on /home/airflow/.local/lib/python3.6/site-packages/airflow/example_dags/example_kubernetes_executor.py
[2021-04-01 00:07:10,648] {scheduler_job.py:629} INFO - Processing file /home/airflow/.local/lib/python3.6/site-packages/airflow/example_dags/example_kubernetes_executor.py for tasks to queue
[2021-04-01 00:07:10,649] {logging_mixin.py:104} INFO - [2021-04-01 00:07:10,649] {dagbag.py:448} INFO - Filling up the DagBag from /home/airflow/.local/lib/python3.6/site-packages/airflow/example_dags/example_kubernetes_executor.py
[2021-04-01 00:07:10,655] {scheduler_job.py:639} INFO - DAG(s) dict_keys(['example_kubernetes_executor']) retrieved from /home/airflow/.local/lib/python3.6/site-packages/airflow/example_dags/example_kubernetes_executor.py
[2021-04-01 00:07:10,664] {logging_mixin.py:104} INFO - [2021-04-01 00:07:10,664] {dag.py:1818} INFO - Sync 1 DAGs
[2021-04-01 00:07:10,673] {logging_mixin.py:104} INFO - [2021-04-01 00:07:10,673] {dag.py:2273} INFO - Setting next_dagrun for example_kubernetes_executor to None
[2021-04-01 00:07:10,679] {scheduler_job.py:190} INFO - Processing /home/airflow/.local/lib/python3.6/site-packages/airflow/example_dags/example_kubernetes_executor.py took 0.032 seconds
[2021-04-01 00:07:41,323] {scheduler_job.py:182} INFO - Started process (PID=522) to work on /home/airflow/.local/lib/python3.6/site-packages/airflow/example_dags/example_kubernetes_executor.py
[2021-04-01 00:07:41,324] {scheduler_job.py:629} INFO - Processing file /home/airflow/.local/lib/python3.6/site-packages/airflow/example_dags/example_kubernetes_executor.py for tasks to queue
[2021-04-01 00:07:41,324] {logging_mixin.py:104} INFO - [2021-04-01 00:07:41,324] {dagbag.py:448} INFO - Filling up the DagBag from /home/airflow/.local/lib/python3.6/site-packages/airflow/example_dags/example_kubernetes_executor.py
[2021-04-01 00:07:41,330] {scheduler_job.py:639} INFO - DAG(s) dict_keys(['example_kubernetes_executor']) retrieved from /home/airflow/.local/lib/python3.6/site-packages/airflow/example_dags/example_kubernetes_executor.py
[2021-04-01 00:07:41,340] {logging_mixin.py:104} INFO - [2021-04-01 00:07:41,340] {dag.py:1818} INFO - Sync 1 DAGs
[2021-04-01 00:07:41,349] {logging_mixin.py:104} INFO - [2021-04-01 00:07:41,349] {dag.py:2273} INFO - Setting next_dagrun for example_kubernetes_executor to None
[2021-04-01 00:07:41,356] {scheduler_job.py:190} INFO - Processing /home/airflow/.local/lib/python3.6/site-packages/airflow/example_dags/example_kubernetes_executor.py took 0.034 seconds
[2021-04-01 00:08:12,072] {scheduler_job.py:182} INFO - Started process (PID=548) to work on /home/airflow/.local/lib/python3.6/site-packages/airflow/example_dags/example_kubernetes_executor.py
[2021-04-01 00:08:12,073] {scheduler_job.py:629} INFO - Processing file /home/airflow/.local/lib/python3.6/site-packages/airflow/example_dags/example_kubernetes_executor.py for tasks to queue
[2021-04-01 00:08:12,073] {logging_mixin.py:104} INFO - [2021-04-01 00:08:12,073] {dagbag.py:448} INFO - Filling up the DagBag from /home/airflow/.local/lib/python3.6/site-packages/airflow/example_dags/example_kubernetes_executor.py
[2021-04-01 00:08:12,079] {scheduler_job.py:639} INFO - DAG(s) dict_keys(['example_kubernetes_executor']) retrieved from /home/airflow/.local/lib/python3.6/site-packages/airflow/example_dags/example_kubernetes_executor.py
[2021-04-01 00:08:12,090] {logging_mixin.py:104} INFO - [2021-04-01 00:08:12,090] {dag.py:1818} INFO - Sync 1 DAGs
[2021-04-01 00:08:12,098] {logging_mixin.py:104} INFO - [2021-04-01 00:08:12,098] {dag.py:2273} INFO - Setting next_dagrun for example_kubernetes_executor to None
[2021-04-01 00:08:12,103] {scheduler_job.py:190} INFO - Processing /home/airflow/.local/lib/python3.6/site-packages/airflow/example_dags/example_kubernetes_executor.py took 0.033 seconds
[2021-04-01 00:08:42,811] {scheduler_job.py:182} INFO - Started process (PID=574) to work on /home/airflow/.local/lib/python3.6/site-packages/airflow/example_dags/example_kubernetes_executor.py
[2021-04-01 00:08:42,812] {scheduler_job.py:629} INFO - Processing file /home/airflow/.local/lib/python3.6/site-packages/airflow/example_dags/example_kubernetes_executor.py for tasks to queue
[2021-04-01 00:08:42,812] {logging_mixin.py:104} INFO - [2021-04-01 00:08:42,812] {dagbag.py:448} INFO - Filling up the DagBag from /home/airflow/.local/lib/python3.6/site-packages/airflow/example_dags/example_kubernetes_executor.py
[2021-04-01 00:08:42,818] {scheduler_job.py:639} INFO - DAG(s) dict_keys(['example_kubernetes_executor']) retrieved from /home/airflow/.local/lib/python3.6/site-packages/airflow/example_dags/example_kubernetes_executor.py
[2021-04-01 00:08:42,830] {logging_mixin.py:104} INFO - [2021-04-01 00:08:42,830] {dag.py:1818} INFO - Sync 1 DAGs
[2021-04-01 00:08:42,837] {logging_mixin.py:104} INFO - [2021-04-01 00:08:42,837] {dag.py:2273} INFO - Setting next_dagrun for example_kubernetes_executor to None
[2021-04-01 00:08:42,843] {scheduler_job.py:190} INFO - Processing /home/airflow/.local/lib/python3.6/site-packages/airflow/example_dags/example_kubernetes_executor.py took 0.033 seconds
[2021-04-01 00:09:13,521] {scheduler_job.py:182} INFO - Started process (PID=600) to work on /home/airflow/.local/lib/python3.6/site-packages/airflow/example_dags/example_kubernetes_executor.py
[2021-04-01 00:09:13,522] {scheduler_job.py:629} INFO - Processing file /home/airflow/.local/lib/python3.6/site-packages/airflow/example_dags/example_kubernetes_executor.py for tasks to queue
[2021-04-01 00:09:13,522] {logging_mixin.py:104} INFO - [2021-04-01 00:09:13,522] {dagbag.py:448} INFO - Filling up the DagBag from /home/airflow/.local/lib/python3.6/site-packages/airflow/example_dags/example_kubernetes_executor.py
[2021-04-01 00:09:13,528] {scheduler_job.py:639} INFO - DAG(s) dict_keys(['example_kubernetes_executor']) retrieved from /home/airflow/.local/lib/python3.6/site-packages/airflow/example_dags/example_kubernetes_executor.py
[2021-04-01 00:09:13,540] {logging_mixin.py:104} INFO - [2021-04-01 00:09:13,540] {dag.py:1818} INFO - Sync 1 DAGs
[2021-04-01 00:09:13,547] {logging_mixin.py:104} INFO - [2021-04-01 00:09:13,547] {dag.py:2273} INFO - Setting next_dagrun for example_kubernetes_executor to None
[2021-04-01 00:09:13,553] {scheduler_job.py:190} INFO - Processing /home/airflow/.local/lib/python3.6/site-packages/airflow/example_dags/example_kubernetes_executor.py took 0.034 seconds
[2021-04-01 00:09:44,153] {scheduler_job.py:182} INFO - Started process (PID=626) to work on /home/airflow/.local/lib/python3.6/site-packages/airflow/example_dags/example_kubernetes_executor.py
[2021-04-01 00:09:44,154] {scheduler_job.py:629} INFO - Processing file /home/airflow/.local/lib/python3.6/site-packages/airflow/example_dags/example_kubernetes_executor.py for tasks to queue
[2021-04-01 00:09:44,154] {logging_mixin.py:104} INFO - [2021-04-01 00:09:44,154] {dagbag.py:448} INFO - Filling up the DagBag from /home/airflow/.local/lib/python3.6/site-packages/airflow/example_dags/example_kubernetes_executor.py
[2021-04-01 00:09:44,162] {scheduler_job.py:639} INFO - DAG(s) dict_keys(['example_kubernetes_executor']) retrieved from /home/airflow/.local/lib/python3.6/site-packages/airflow/example_dags/example_kubernetes_executor.py
[2021-04-01 00:09:44,172] {logging_mixin.py:104} INFO - [2021-04-01 00:09:44,172] {dag.py:1818} INFO - Sync 1 DAGs
[2021-04-01 00:09:44,180] {logging_mixin.py:104} INFO - [2021-04-01 00:09:44,180] {dag.py:2273} INFO - Setting next_dagrun for example_kubernetes_executor to None
[2021-04-01 00:09:44,186] {scheduler_job.py:190} INFO - Processing /home/airflow/.local/lib/python3.6/site-packages/airflow/example_dags/example_kubernetes_executor.py took 0.034 seconds
[2021-04-01 00:10:14,827] {scheduler_job.py:182} INFO - Started process (PID=652) to work on /home/airflow/.local/lib/python3.6/site-packages/airflow/example_dags/example_kubernetes_executor.py
[2021-04-01 00:10:14,828] {scheduler_job.py:629} INFO - Processing file /home/airflow/.local/lib/python3.6/site-packages/airflow/example_dags/example_kubernetes_executor.py for tasks to queue
[2021-04-01 00:10:14,828] {logging_mixin.py:104} INFO - [2021-04-01 00:10:14,828] {dagbag.py:448} INFO - Filling up the DagBag from /home/airflow/.local/lib/python3.6/site-packages/airflow/example_dags/example_kubernetes_executor.py
[2021-04-01 00:10:14,835] {scheduler_job.py:639} INFO - DAG(s) dict_keys(['example_kubernetes_executor']) retrieved from /home/airflow/.local/lib/python3.6/site-packages/airflow/example_dags/example_kubernetes_executor.py
[2021-04-01 00:10:14,845] {logging_mixin.py:104} INFO - [2021-04-01 00:10:14,845] {dag.py:1818} INFO - Sync 1 DAGs
[2021-04-01 00:10:14,852] {logging_mixin.py:104} INFO - [2021-04-01 00:10:14,852] {dag.py:2273} INFO - Setting next_dagrun for example_kubernetes_executor to None
[2021-04-01 00:10:14,858] {scheduler_job.py:190} INFO - Processing /home/airflow/.local/lib/python3.6/site-packages/airflow/example_dags/example_kubernetes_executor.py took 0.032 seconds
[2021-04-01 00:10:45,508] {scheduler_job.py:182} INFO - Started process (PID=678) to work on /home/airflow/.local/lib/python3.6/site-packages/airflow/example_dags/example_kubernetes_executor.py
[2021-04-01 00:10:45,508] {scheduler_job.py:629} INFO - Processing file /home/airflow/.local/lib/python3.6/site-packages/airflow/example_dags/example_kubernetes_executor.py for tasks to queue
[2021-04-01 00:10:45,509] {logging_mixin.py:104} INFO - [2021-04-01 00:10:45,509] {dagbag.py:448} INFO - Filling up the DagBag from /home/airflow/.local/lib/python3.6/site-packages/airflow/example_dags/example_kubernetes_executor.py
[2021-04-01 00:10:45,515] {scheduler_job.py:639} INFO - DAG(s) dict_keys(['example_kubernetes_executor']) retrieved from /home/airflow/.local/lib/python3.6/site-packages/airflow/example_dags/example_kubernetes_executor.py
[2021-04-01 00:10:45,526] {logging_mixin.py:104} INFO - [2021-04-01 00:10:45,526] {dag.py:1818} INFO - Sync 1 DAGs
[2021-04-01 00:10:45,533] {logging_mixin.py:104} INFO - [2021-04-01 00:10:45,533] {dag.py:2273} INFO - Setting next_dagrun for example_kubernetes_executor to None
[2021-04-01 00:10:45,539] {scheduler_job.py:190} INFO - Processing /home/airflow/.local/lib/python3.6/site-packages/airflow/example_dags/example_kubernetes_executor.py took 0.033 seconds
[2021-04-01 00:19:17,667] {scheduler_job.py:182} INFO - Started process (PID=49) to work on /home/airflow/.local/lib/python3.6/site-packages/airflow/example_dags/example_kubernetes_executor.py
[2021-04-01 00:19:17,668] {scheduler_job.py:629} INFO - Processing file /home/airflow/.local/lib/python3.6/site-packages/airflow/example_dags/example_kubernetes_executor.py for tasks to queue
[2021-04-01 00:19:17,668] {logging_mixin.py:104} INFO - [2021-04-01 00:19:17,668] {dagbag.py:448} INFO - Filling up the DagBag from /home/airflow/.local/lib/python3.6/site-packages/airflow/example_dags/example_kubernetes_executor.py
[2021-04-01 00:19:17,674] {scheduler_job.py:639} INFO - DAG(s) dict_keys(['example_kubernetes_executor']) retrieved from /home/airflow/.local/lib/python3.6/site-packages/airflow/example_dags/example_kubernetes_executor.py
[2021-04-01 00:19:17,686] {logging_mixin.py:104} INFO - [2021-04-01 00:19:17,686] {dag.py:1818} INFO - Sync 1 DAGs
[2021-04-01 00:19:17,693] {logging_mixin.py:104} INFO - [2021-04-01 00:19:17,693] {dag.py:2273} INFO - Setting next_dagrun for example_kubernetes_executor to None
[2021-04-01 00:19:17,700] {scheduler_job.py:190} INFO - Processing /home/airflow/.local/lib/python3.6/site-packages/airflow/example_dags/example_kubernetes_executor.py took 0.034 seconds
[2021-04-01 00:19:48,393] {scheduler_job.py:182} INFO - Started process (PID=75) to work on /home/airflow/.local/lib/python3.6/site-packages/airflow/example_dags/example_kubernetes_executor.py
[2021-04-01 00:19:48,393] {scheduler_job.py:629} INFO - Processing file /home/airflow/.local/lib/python3.6/site-packages/airflow/example_dags/example_kubernetes_executor.py for tasks to queue
[2021-04-01 00:19:48,393] {logging_mixin.py:104} INFO - [2021-04-01 00:19:48,393] {dagbag.py:448} INFO - Filling up the DagBag from /home/airflow/.local/lib/python3.6/site-packages/airflow/example_dags/example_kubernetes_executor.py
[2021-04-01 00:19:48,399] {scheduler_job.py:639} INFO - DAG(s) dict_keys(['example_kubernetes_executor']) retrieved from /home/airflow/.local/lib/python3.6/site-packages/airflow/example_dags/example_kubernetes_executor.py
[2021-04-01 00:19:48,410] {logging_mixin.py:104} INFO - [2021-04-01 00:19:48,410] {dag.py:1818} INFO - Sync 1 DAGs
[2021-04-01 00:19:48,418] {logging_mixin.py:104} INFO - [2021-04-01 00:19:48,418] {dag.py:2273} INFO - Setting next_dagrun for example_kubernetes_executor to None
[2021-04-01 00:19:48,424] {scheduler_job.py:190} INFO - Processing /home/airflow/.local/lib/python3.6/site-packages/airflow/example_dags/example_kubernetes_executor.py took 0.032 seconds
[2021-04-01 00:20:19,122] {scheduler_job.py:182} INFO - Started process (PID=101) to work on /home/airflow/.local/lib/python3.6/site-packages/airflow/example_dags/example_kubernetes_executor.py
[2021-04-01 00:20:19,123] {scheduler_job.py:629} INFO - Processing file /home/airflow/.local/lib/python3.6/site-packages/airflow/example_dags/example_kubernetes_executor.py for tasks to queue
[2021-04-01 00:20:19,123] {logging_mixin.py:104} INFO - [2021-04-01 00:20:19,123] {dagbag.py:448} INFO - Filling up the DagBag from /home/airflow/.local/lib/python3.6/site-packages/airflow/example_dags/example_kubernetes_executor.py
[2021-04-01 00:20:19,129] {scheduler_job.py:639} INFO - DAG(s) dict_keys(['example_kubernetes_executor']) retrieved from /home/airflow/.local/lib/python3.6/site-packages/airflow/example_dags/example_kubernetes_executor.py
[2021-04-01 00:20:19,142] {logging_mixin.py:104} INFO - [2021-04-01 00:20:19,142] {dag.py:1818} INFO - Sync 1 DAGs
[2021-04-01 00:20:19,152] {logging_mixin.py:104} INFO - [2021-04-01 00:20:19,151] {dag.py:2273} INFO - Setting next_dagrun for example_kubernetes_executor to None
[2021-04-01 00:20:19,158] {scheduler_job.py:190} INFO - Processing /home/airflow/.local/lib/python3.6/site-packages/airflow/example_dags/example_kubernetes_executor.py took 0.037 seconds
[2021-04-01 00:20:49,848] {scheduler_job.py:182} INFO - Started process (PID=127) to work on /home/airflow/.local/lib/python3.6/site-packages/airflow/example_dags/example_kubernetes_executor.py
[2021-04-01 00:20:49,848] {scheduler_job.py:629} INFO - Processing file /home/airflow/.local/lib/python3.6/site-packages/airflow/example_dags/example_kubernetes_executor.py for tasks to queue
[2021-04-01 00:20:49,849] {logging_mixin.py:104} INFO - [2021-04-01 00:20:49,849] {dagbag.py:448} INFO - Filling up the DagBag from /home/airflow/.local/lib/python3.6/site-packages/airflow/example_dags/example_kubernetes_executor.py
[2021-04-01 00:20:49,857] {scheduler_job.py:639} INFO - DAG(s) dict_keys(['example_kubernetes_executor']) retrieved from /home/airflow/.local/lib/python3.6/site-packages/airflow/example_dags/example_kubernetes_executor.py
[2021-04-01 00:20:49,868] {logging_mixin.py:104} INFO - [2021-04-01 00:20:49,868] {dag.py:1818} INFO - Sync 1 DAGs
[2021-04-01 00:20:49,875] {logging_mixin.py:104} INFO - [2021-04-01 00:20:49,875] {dag.py:2273} INFO - Setting next_dagrun for example_kubernetes_executor to None
[2021-04-01 00:20:49,882] {scheduler_job.py:190} INFO - Processing /home/airflow/.local/lib/python3.6/site-packages/airflow/example_dags/example_kubernetes_executor.py took 0.036 seconds
[2021-04-01 00:21:20,537] {scheduler_job.py:182} INFO - Started process (PID=153) to work on /home/airflow/.local/lib/python3.6/site-packages/airflow/example_dags/example_kubernetes_executor.py
[2021-04-01 00:21:20,537] {scheduler_job.py:629} INFO - Processing file /home/airflow/.local/lib/python3.6/site-packages/airflow/example_dags/example_kubernetes_executor.py for tasks to queue
[2021-04-01 00:21:20,537] {logging_mixin.py:104} INFO - [2021-04-01 00:21:20,537] {dagbag.py:448} INFO - Filling up the DagBag from /home/airflow/.local/lib/python3.6/site-packages/airflow/example_dags/example_kubernetes_executor.py
[2021-04-01 00:21:20,543] {scheduler_job.py:639} INFO - DAG(s) dict_keys(['example_kubernetes_executor']) retrieved from /home/airflow/.local/lib/python3.6/site-packages/airflow/example_dags/example_kubernetes_executor.py
[2021-04-01 00:21:20,554] {logging_mixin.py:104} INFO - [2021-04-01 00:21:20,554] {dag.py:1818} INFO - Sync 1 DAGs
[2021-04-01 00:21:20,561] {logging_mixin.py:104} INFO - [2021-04-01 00:21:20,561] {dag.py:2273} INFO - Setting next_dagrun for example_kubernetes_executor to None
[2021-04-01 00:21:20,567] {scheduler_job.py:190} INFO - Processing /home/airflow/.local/lib/python3.6/site-packages/airflow/example_dags/example_kubernetes_executor.py took 0.032 seconds
[2021-04-01 00:21:51,187] {scheduler_job.py:182} INFO - Started process (PID=179) to work on /home/airflow/.local/lib/python3.6/site-packages/airflow/example_dags/example_kubernetes_executor.py
[2021-04-01 00:21:51,187] {scheduler_job.py:629} INFO - Processing file /home/airflow/.local/lib/python3.6/site-packages/airflow/example_dags/example_kubernetes_executor.py for tasks to queue
[2021-04-01 00:21:51,188] {logging_mixin.py:104} INFO - [2021-04-01 00:21:51,188] {dagbag.py:448} INFO - Filling up the DagBag from /home/airflow/.local/lib/python3.6/site-packages/airflow/example_dags/example_kubernetes_executor.py
[2021-04-01 00:21:51,193] {scheduler_job.py:639} INFO - DAG(s) dict_keys(['example_kubernetes_executor']) retrieved from /home/airflow/.local/lib/python3.6/site-packages/airflow/example_dags/example_kubernetes_executor.py
[2021-04-01 00:21:51,204] {logging_mixin.py:104} INFO - [2021-04-01 00:21:51,204] {dag.py:1818} INFO - Sync 1 DAGs
[2021-04-01 00:21:51,211] {logging_mixin.py:104} INFO - [2021-04-01 00:21:51,211] {dag.py:2273} INFO - Setting next_dagrun for example_kubernetes_executor to None
[2021-04-01 00:21:51,217] {scheduler_job.py:190} INFO - Processing /home/airflow/.local/lib/python3.6/site-packages/airflow/example_dags/example_kubernetes_executor.py took 0.032 seconds
[2021-04-01 00:22:21,844] {scheduler_job.py:182} INFO - Started process (PID=205) to work on /home/airflow/.local/lib/python3.6/site-packages/airflow/example_dags/example_kubernetes_executor.py
[2021-04-01 00:22:21,844] {scheduler_job.py:629} INFO - Processing file /home/airflow/.local/lib/python3.6/site-packages/airflow/example_dags/example_kubernetes_executor.py for tasks to queue
[2021-04-01 00:22:21,845] {logging_mixin.py:104} INFO - [2021-04-01 00:22:21,845] {dagbag.py:448} INFO - Filling up the DagBag from /home/airflow/.local/lib/python3.6/site-packages/airflow/example_dags/example_kubernetes_executor.py
[2021-04-01 00:22:21,851] {scheduler_job.py:639} INFO - DAG(s) dict_keys(['example_kubernetes_executor']) retrieved from /home/airflow/.local/lib/python3.6/site-packages/airflow/example_dags/example_kubernetes_executor.py
[2021-04-01 00:22:21,861] {logging_mixin.py:104} INFO - [2021-04-01 00:22:21,861] {dag.py:1818} INFO - Sync 1 DAGs
[2021-04-01 00:22:21,870] {logging_mixin.py:104} INFO - [2021-04-01 00:22:21,869] {dag.py:2273} INFO - Setting next_dagrun for example_kubernetes_executor to None
[2021-04-01 00:22:21,876] {scheduler_job.py:190} INFO - Processing /home/airflow/.local/lib/python3.6/site-packages/airflow/example_dags/example_kubernetes_executor.py took 0.034 seconds
[2021-04-01 00:22:52,495] {scheduler_job.py:182} INFO - Started process (PID=231) to work on /home/airflow/.local/lib/python3.6/site-packages/airflow/example_dags/example_kubernetes_executor.py
[2021-04-01 00:22:52,495] {scheduler_job.py:629} INFO - Processing file /home/airflow/.local/lib/python3.6/site-packages/airflow/example_dags/example_kubernetes_executor.py for tasks to queue
[2021-04-01 00:22:52,496] {logging_mixin.py:104} INFO - [2021-04-01 00:22:52,495] {dagbag.py:448} INFO - Filling up the DagBag from /home/airflow/.local/lib/python3.6/site-packages/airflow/example_dags/example_kubernetes_executor.py
[2021-04-01 00:22:52,501] {scheduler_job.py:639} INFO - DAG(s) dict_keys(['example_kubernetes_executor']) retrieved from /home/airflow/.local/lib/python3.6/site-packages/airflow/example_dags/example_kubernetes_executor.py
[2021-04-01 00:22:52,511] {logging_mixin.py:104} INFO - [2021-04-01 00:22:52,511] {dag.py:1818} INFO - Sync 1 DAGs
[2021-04-01 00:22:52,519] {logging_mixin.py:104} INFO - [2021-04-01 00:22:52,519] {dag.py:2273} INFO - Setting next_dagrun for example_kubernetes_executor to None
[2021-04-01 00:22:52,525] {scheduler_job.py:190} INFO - Processing /home/airflow/.local/lib/python3.6/site-packages/airflow/example_dags/example_kubernetes_executor.py took 0.031 seconds
[2021-04-01 00:23:23,116] {scheduler_job.py:182} INFO - Started process (PID=257) to work on /home/airflow/.local/lib/python3.6/site-packages/airflow/example_dags/example_kubernetes_executor.py
[2021-04-01 00:23:23,117] {scheduler_job.py:629} INFO - Processing file /home/airflow/.local/lib/python3.6/site-packages/airflow/example_dags/example_kubernetes_executor.py for tasks to queue
[2021-04-01 00:23:23,117] {logging_mixin.py:104} INFO - [2021-04-01 00:23:23,117] {dagbag.py:448} INFO - Filling up the DagBag from /home/airflow/.local/lib/python3.6/site-packages/airflow/example_dags/example_kubernetes_executor.py
[2021-04-01 00:23:23,123] {scheduler_job.py:639} INFO - DAG(s) dict_keys(['example_kubernetes_executor']) retrieved from /home/airflow/.local/lib/python3.6/site-packages/airflow/example_dags/example_kubernetes_executor.py
[2021-04-01 00:23:23,134] {logging_mixin.py:104} INFO - [2021-04-01 00:23:23,134] {dag.py:1818} INFO - Sync 1 DAGs
[2021-04-01 00:23:23,142] {logging_mixin.py:104} INFO - [2021-04-01 00:23:23,141] {dag.py:2273} INFO - Setting next_dagrun for example_kubernetes_executor to None
[2021-04-01 00:23:23,147] {scheduler_job.py:190} INFO - Processing /home/airflow/.local/lib/python3.6/site-packages/airflow/example_dags/example_kubernetes_executor.py took 0.033 seconds
[2021-04-01 00:23:53,750] {scheduler_job.py:182} INFO - Started process (PID=283) to work on /home/airflow/.local/lib/python3.6/site-packages/airflow/example_dags/example_kubernetes_executor.py
[2021-04-01 00:23:53,750] {scheduler_job.py:629} INFO - Processing file /home/airflow/.local/lib/python3.6/site-packages/airflow/example_dags/example_kubernetes_executor.py for tasks to queue
[2021-04-01 00:23:53,750] {logging_mixin.py:104} INFO - [2021-04-01 00:23:53,750] {dagbag.py:448} INFO - Filling up the DagBag from /home/airflow/.local/lib/python3.6/site-packages/airflow/example_dags/example_kubernetes_executor.py
[2021-04-01 00:23:53,757] {scheduler_job.py:639} INFO - DAG(s) dict_keys(['example_kubernetes_executor']) retrieved from /home/airflow/.local/lib/python3.6/site-packages/airflow/example_dags/example_kubernetes_executor.py
[2021-04-01 00:23:53,768] {logging_mixin.py:104} INFO - [2021-04-01 00:23:53,768] {dag.py:1818} INFO - Sync 1 DAGs
[2021-04-01 00:23:53,775] {logging_mixin.py:104} INFO - [2021-04-01 00:23:53,775] {dag.py:2273} INFO - Setting next_dagrun for example_kubernetes_executor to None
[2021-04-01 00:23:53,781] {scheduler_job.py:190} INFO - Processing /home/airflow/.local/lib/python3.6/site-packages/airflow/example_dags/example_kubernetes_executor.py took 0.033 seconds
[2021-04-01 00:24:24,444] {scheduler_job.py:182} INFO - Started process (PID=309) to work on /home/airflow/.local/lib/python3.6/site-packages/airflow/example_dags/example_kubernetes_executor.py
[2021-04-01 00:24:24,444] {scheduler_job.py:629} INFO - Processing file /home/airflow/.local/lib/python3.6/site-packages/airflow/example_dags/example_kubernetes_executor.py for tasks to queue
[2021-04-01 00:24:24,444] {logging_mixin.py:104} INFO - [2021-04-01 00:24:24,444] {dagbag.py:448} INFO - Filling up the DagBag from /home/airflow/.local/lib/python3.6/site-packages/airflow/example_dags/example_kubernetes_executor.py
[2021-04-01 00:24:24,451] {scheduler_job.py:639} INFO - DAG(s) dict_keys(['example_kubernetes_executor']) retrieved from /home/airflow/.local/lib/python3.6/site-packages/airflow/example_dags/example_kubernetes_executor.py
[2021-04-01 00:24:24,461] {logging_mixin.py:104} INFO - [2021-04-01 00:24:24,461] {dag.py:1818} INFO - Sync 1 DAGs
[2021-04-01 00:24:24,469] {logging_mixin.py:104} INFO - [2021-04-01 00:24:24,469] {dag.py:2273} INFO - Setting next_dagrun for example_kubernetes_executor to None
[2021-04-01 00:24:24,475] {scheduler_job.py:190} INFO - Processing /home/airflow/.local/lib/python3.6/site-packages/airflow/example_dags/example_kubernetes_executor.py took 0.033 seconds
[2021-04-01 00:24:55,064] {scheduler_job.py:182} INFO - Started process (PID=335) to work on /home/airflow/.local/lib/python3.6/site-packages/airflow/example_dags/example_kubernetes_executor.py
[2021-04-01 00:24:55,064] {scheduler_job.py:629} INFO - Processing file /home/airflow/.local/lib/python3.6/site-packages/airflow/example_dags/example_kubernetes_executor.py for tasks to queue
[2021-04-01 00:24:55,064] {logging_mixin.py:104} INFO - [2021-04-01 00:24:55,064] {dagbag.py:448} INFO - Filling up the DagBag from /home/airflow/.local/lib/python3.6/site-packages/airflow/example_dags/example_kubernetes_executor.py
[2021-04-01 00:24:55,070] {scheduler_job.py:639} INFO - DAG(s) dict_keys(['example_kubernetes_executor']) retrieved from /home/airflow/.local/lib/python3.6/site-packages/airflow/example_dags/example_kubernetes_executor.py
[2021-04-01 00:24:55,080] {logging_mixin.py:104} INFO - [2021-04-01 00:24:55,080] {dag.py:1818} INFO - Sync 1 DAGs
[2021-04-01 00:24:55,088] {logging_mixin.py:104} INFO - [2021-04-01 00:24:55,088] {dag.py:2273} INFO - Setting next_dagrun for example_kubernetes_executor to None
[2021-04-01 00:24:55,096] {scheduler_job.py:190} INFO - Processing /home/airflow/.local/lib/python3.6/site-packages/airflow/example_dags/example_kubernetes_executor.py took 0.034 seconds
[2021-04-01 00:25:25,707] {scheduler_job.py:182} INFO - Started process (PID=361) to work on /home/airflow/.local/lib/python3.6/site-packages/airflow/example_dags/example_kubernetes_executor.py
[2021-04-01 00:25:25,707] {scheduler_job.py:629} INFO - Processing file /home/airflow/.local/lib/python3.6/site-packages/airflow/example_dags/example_kubernetes_executor.py for tasks to queue
[2021-04-01 00:25:25,707] {logging_mixin.py:104} INFO - [2021-04-01 00:25:25,707] {dagbag.py:448} INFO - Filling up the DagBag from /home/airflow/.local/lib/python3.6/site-packages/airflow/example_dags/example_kubernetes_executor.py
[2021-04-01 00:25:25,713] {scheduler_job.py:639} INFO - DAG(s) dict_keys(['example_kubernetes_executor']) retrieved from /home/airflow/.local/lib/python3.6/site-packages/airflow/example_dags/example_kubernetes_executor.py
[2021-04-01 00:25:25,724] {logging_mixin.py:104} INFO - [2021-04-01 00:25:25,724] {dag.py:1818} INFO - Sync 1 DAGs
[2021-04-01 00:25:25,732] {logging_mixin.py:104} INFO - [2021-04-01 00:25:25,732] {dag.py:2273} INFO - Setting next_dagrun for example_kubernetes_executor to None
[2021-04-01 00:25:25,738] {scheduler_job.py:190} INFO - Processing /home/airflow/.local/lib/python3.6/site-packages/airflow/example_dags/example_kubernetes_executor.py took 0.033 seconds
[2021-04-01 00:25:56,333] {scheduler_job.py:182} INFO - Started process (PID=387) to work on /home/airflow/.local/lib/python3.6/site-packages/airflow/example_dags/example_kubernetes_executor.py
[2021-04-01 00:25:56,333] {scheduler_job.py:629} INFO - Processing file /home/airflow/.local/lib/python3.6/site-packages/airflow/example_dags/example_kubernetes_executor.py for tasks to queue
[2021-04-01 00:25:56,334] {logging_mixin.py:104} INFO - [2021-04-01 00:25:56,334] {dagbag.py:448} INFO - Filling up the DagBag from /home/airflow/.local/lib/python3.6/site-packages/airflow/example_dags/example_kubernetes_executor.py
[2021-04-01 00:25:56,340] {scheduler_job.py:639} INFO - DAG(s) dict_keys(['example_kubernetes_executor']) retrieved from /home/airflow/.local/lib/python3.6/site-packages/airflow/example_dags/example_kubernetes_executor.py
[2021-04-01 00:25:56,350] {logging_mixin.py:104} INFO - [2021-04-01 00:25:56,350] {dag.py:1818} INFO - Sync 1 DAGs
[2021-04-01 00:25:56,358] {logging_mixin.py:104} INFO - [2021-04-01 00:25:56,358] {dag.py:2273} INFO - Setting next_dagrun for example_kubernetes_executor to None
[2021-04-01 00:25:56,364] {scheduler_job.py:190} INFO - Processing /home/airflow/.local/lib/python3.6/site-packages/airflow/example_dags/example_kubernetes_executor.py took 0.032 seconds
[2021-04-01 00:26:26,984] {scheduler_job.py:182} INFO - Started process (PID=413) to work on /home/airflow/.local/lib/python3.6/site-packages/airflow/example_dags/example_kubernetes_executor.py
[2021-04-01 00:26:26,985] {scheduler_job.py:629} INFO - Processing file /home/airflow/.local/lib/python3.6/site-packages/airflow/example_dags/example_kubernetes_executor.py for tasks to queue
[2021-04-01 00:26:26,985] {logging_mixin.py:104} INFO - [2021-04-01 00:26:26,985] {dagbag.py:448} INFO - Filling up the DagBag from /home/airflow/.local/lib/python3.6/site-packages/airflow/example_dags/example_kubernetes_executor.py
[2021-04-01 00:26:26,991] {scheduler_job.py:639} INFO - DAG(s) dict_keys(['example_kubernetes_executor']) retrieved from /home/airflow/.local/lib/python3.6/site-packages/airflow/example_dags/example_kubernetes_executor.py
[2021-04-01 00:26:27,001] {logging_mixin.py:104} INFO - [2021-04-01 00:26:27,001] {dag.py:1818} INFO - Sync 1 DAGs
[2021-04-01 00:26:27,009] {logging_mixin.py:104} INFO - [2021-04-01 00:26:27,009] {dag.py:2273} INFO - Setting next_dagrun for example_kubernetes_executor to None
[2021-04-01 00:26:27,015] {scheduler_job.py:190} INFO - Processing /home/airflow/.local/lib/python3.6/site-packages/airflow/example_dags/example_kubernetes_executor.py took 0.032 seconds
[2021-04-01 00:26:57,632] {scheduler_job.py:182} INFO - Started process (PID=439) to work on /home/airflow/.local/lib/python3.6/site-packages/airflow/example_dags/example_kubernetes_executor.py
[2021-04-01 00:26:57,632] {scheduler_job.py:629} INFO - Processing file /home/airflow/.local/lib/python3.6/site-packages/airflow/example_dags/example_kubernetes_executor.py for tasks to queue
[2021-04-01 00:26:57,632] {logging_mixin.py:104} INFO - [2021-04-01 00:26:57,632] {dagbag.py:448} INFO - Filling up the DagBag from /home/airflow/.local/lib/python3.6/site-packages/airflow/example_dags/example_kubernetes_executor.py
[2021-04-01 00:26:57,639] {scheduler_job.py:639} INFO - DAG(s) dict_keys(['example_kubernetes_executor']) retrieved from /home/airflow/.local/lib/python3.6/site-packages/airflow/example_dags/example_kubernetes_executor.py
[2021-04-01 00:26:57,649] {logging_mixin.py:104} INFO - [2021-04-01 00:26:57,649] {dag.py:1818} INFO - Sync 1 DAGs
[2021-04-01 00:26:57,659] {logging_mixin.py:104} INFO - [2021-04-01 00:26:57,659] {dag.py:2273} INFO - Setting next_dagrun for example_kubernetes_executor to None
[2021-04-01 00:26:57,665] {scheduler_job.py:190} INFO - Processing /home/airflow/.local/lib/python3.6/site-packages/airflow/example_dags/example_kubernetes_executor.py took 0.035 seconds
[2021-04-01 00:27:28,291] {scheduler_job.py:182} INFO - Started process (PID=465) to work on /home/airflow/.local/lib/python3.6/site-packages/airflow/example_dags/example_kubernetes_executor.py
[2021-04-01 00:27:28,292] {scheduler_job.py:629} INFO - Processing file /home/airflow/.local/lib/python3.6/site-packages/airflow/example_dags/example_kubernetes_executor.py for tasks to queue
[2021-04-01 00:27:28,292] {logging_mixin.py:104} INFO - [2021-04-01 00:27:28,292] {dagbag.py:448} INFO - Filling up the DagBag from /home/airflow/.local/lib/python3.6/site-packages/airflow/example_dags/example_kubernetes_executor.py
[2021-04-01 00:27:28,298] {scheduler_job.py:639} INFO - DAG(s) dict_keys(['example_kubernetes_executor']) retrieved from /home/airflow/.local/lib/python3.6/site-packages/airflow/example_dags/example_kubernetes_executor.py
[2021-04-01 00:27:28,309] {logging_mixin.py:104} INFO - [2021-04-01 00:27:28,309] {dag.py:1818} INFO - Sync 1 DAGs
[2021-04-01 00:27:28,318] {logging_mixin.py:104} INFO - [2021-04-01 00:27:28,318] {dag.py:2273} INFO - Setting next_dagrun for example_kubernetes_executor to None
[2021-04-01 00:27:28,324] {scheduler_job.py:190} INFO - Processing /home/airflow/.local/lib/python3.6/site-packages/airflow/example_dags/example_kubernetes_executor.py took 0.034 seconds
[2021-04-01 00:27:58,923] {scheduler_job.py:182} INFO - Started process (PID=491) to work on /home/airflow/.local/lib/python3.6/site-packages/airflow/example_dags/example_kubernetes_executor.py
[2021-04-01 00:27:58,924] {scheduler_job.py:629} INFO - Processing file /home/airflow/.local/lib/python3.6/site-packages/airflow/example_dags/example_kubernetes_executor.py for tasks to queue
[2021-04-01 00:27:58,924] {logging_mixin.py:104} INFO - [2021-04-01 00:27:58,924] {dagbag.py:448} INFO - Filling up the DagBag from /home/airflow/.local/lib/python3.6/site-packages/airflow/example_dags/example_kubernetes_executor.py
[2021-04-01 00:27:58,930] {scheduler_job.py:639} INFO - DAG(s) dict_keys(['example_kubernetes_executor']) retrieved from /home/airflow/.local/lib/python3.6/site-packages/airflow/example_dags/example_kubernetes_executor.py
[2021-04-01 00:27:58,940] {logging_mixin.py:104} INFO - [2021-04-01 00:27:58,940] {dag.py:1818} INFO - Sync 1 DAGs
[2021-04-01 00:27:58,949] {logging_mixin.py:104} INFO - [2021-04-01 00:27:58,949] {dag.py:2273} INFO - Setting next_dagrun for example_kubernetes_executor to None
[2021-04-01 00:27:58,956] {scheduler_job.py:190} INFO - Processing /home/airflow/.local/lib/python3.6/site-packages/airflow/example_dags/example_kubernetes_executor.py took 0.034 seconds
[2021-04-01 00:28:29,566] {scheduler_job.py:182} INFO - Started process (PID=517) to work on /home/airflow/.local/lib/python3.6/site-packages/airflow/example_dags/example_kubernetes_executor.py
[2021-04-01 00:28:29,566] {scheduler_job.py:629} INFO - Processing file /home/airflow/.local/lib/python3.6/site-packages/airflow/example_dags/example_kubernetes_executor.py for tasks to queue
[2021-04-01 00:28:29,567] {logging_mixin.py:104} INFO - [2021-04-01 00:28:29,567] {dagbag.py:448} INFO - Filling up the DagBag from /home/airflow/.local/lib/python3.6/site-packages/airflow/example_dags/example_kubernetes_executor.py
[2021-04-01 00:28:29,573] {scheduler_job.py:639} INFO - DAG(s) dict_keys(['example_kubernetes_executor']) retrieved from /home/airflow/.local/lib/python3.6/site-packages/airflow/example_dags/example_kubernetes_executor.py
[2021-04-01 00:28:29,583] {logging_mixin.py:104} INFO - [2021-04-01 00:28:29,583] {dag.py:1818} INFO - Sync 1 DAGs
[2021-04-01 00:28:29,592] {logging_mixin.py:104} INFO - [2021-04-01 00:28:29,591] {dag.py:2273} INFO - Setting next_dagrun for example_kubernetes_executor to None
[2021-04-01 00:28:29,598] {scheduler_job.py:190} INFO - Processing /home/airflow/.local/lib/python3.6/site-packages/airflow/example_dags/example_kubernetes_executor.py took 0.034 seconds
[2021-04-01 00:29:00,206] {scheduler_job.py:182} INFO - Started process (PID=543) to work on /home/airflow/.local/lib/python3.6/site-packages/airflow/example_dags/example_kubernetes_executor.py
[2021-04-01 00:29:00,206] {scheduler_job.py:629} INFO - Processing file /home/airflow/.local/lib/python3.6/site-packages/airflow/example_dags/example_kubernetes_executor.py for tasks to queue
[2021-04-01 00:29:00,207] {logging_mixin.py:104} INFO - [2021-04-01 00:29:00,207] {dagbag.py:448} INFO - Filling up the DagBag from /home/airflow/.local/lib/python3.6/site-packages/airflow/example_dags/example_kubernetes_executor.py
[2021-04-01 00:29:00,213] {scheduler_job.py:639} INFO - DAG(s) dict_keys(['example_kubernetes_executor']) retrieved from /home/airflow/.local/lib/python3.6/site-packages/airflow/example_dags/example_kubernetes_executor.py
[2021-04-01 00:29:00,224] {logging_mixin.py:104} INFO - [2021-04-01 00:29:00,224] {dag.py:1818} INFO - Sync 1 DAGs
[2021-04-01 00:29:00,231] {logging_mixin.py:104} INFO - [2021-04-01 00:29:00,231] {dag.py:2273} INFO - Setting next_dagrun for example_kubernetes_executor to None
[2021-04-01 00:29:00,238] {scheduler_job.py:190} INFO - Processing /home/airflow/.local/lib/python3.6/site-packages/airflow/example_dags/example_kubernetes_executor.py took 0.033 seconds
[2021-04-01 00:29:30,903] {scheduler_job.py:182} INFO - Started process (PID=569) to work on /home/airflow/.local/lib/python3.6/site-packages/airflow/example_dags/example_kubernetes_executor.py
[2021-04-01 00:29:30,903] {scheduler_job.py:629} INFO - Processing file /home/airflow/.local/lib/python3.6/site-packages/airflow/example_dags/example_kubernetes_executor.py for tasks to queue
[2021-04-01 00:29:30,904] {logging_mixin.py:104} INFO - [2021-04-01 00:29:30,904] {dagbag.py:448} INFO - Filling up the DagBag from /home/airflow/.local/lib/python3.6/site-packages/airflow/example_dags/example_kubernetes_executor.py
[2021-04-01 00:29:30,910] {scheduler_job.py:639} INFO - DAG(s) dict_keys(['example_kubernetes_executor']) retrieved from /home/airflow/.local/lib/python3.6/site-packages/airflow/example_dags/example_kubernetes_executor.py
[2021-04-01 00:29:30,921] {logging_mixin.py:104} INFO - [2021-04-01 00:29:30,921] {dag.py:1818} INFO - Sync 1 DAGs
[2021-04-01 00:29:30,928] {logging_mixin.py:104} INFO - [2021-04-01 00:29:30,928] {dag.py:2273} INFO - Setting next_dagrun for example_kubernetes_executor to None
[2021-04-01 00:29:30,934] {scheduler_job.py:190} INFO - Processing /home/airflow/.local/lib/python3.6/site-packages/airflow/example_dags/example_kubernetes_executor.py took 0.033 seconds
[2021-04-01 00:30:01,523] {scheduler_job.py:182} INFO - Started process (PID=595) to work on /home/airflow/.local/lib/python3.6/site-packages/airflow/example_dags/example_kubernetes_executor.py
[2021-04-01 00:30:01,523] {scheduler_job.py:629} INFO - Processing file /home/airflow/.local/lib/python3.6/site-packages/airflow/example_dags/example_kubernetes_executor.py for tasks to queue
[2021-04-01 00:30:01,524] {logging_mixin.py:104} INFO - [2021-04-01 00:30:01,524] {dagbag.py:448} INFO - Filling up the DagBag from /home/airflow/.local/lib/python3.6/site-packages/airflow/example_dags/example_kubernetes_executor.py
[2021-04-01 00:30:01,530] {scheduler_job.py:639} INFO - DAG(s) dict_keys(['example_kubernetes_executor']) retrieved from /home/airflow/.local/lib/python3.6/site-packages/airflow/example_dags/example_kubernetes_executor.py
[2021-04-01 00:30:01,540] {logging_mixin.py:104} INFO - [2021-04-01 00:30:01,540] {dag.py:1818} INFO - Sync 1 DAGs
[2021-04-01 00:30:01,548] {logging_mixin.py:104} INFO - [2021-04-01 00:30:01,548] {dag.py:2273} INFO - Setting next_dagrun for example_kubernetes_executor to None
[2021-04-01 00:30:01,554] {scheduler_job.py:190} INFO - Processing /home/airflow/.local/lib/python3.6/site-packages/airflow/example_dags/example_kubernetes_executor.py took 0.033 seconds
[2021-04-01 00:30:32,162] {scheduler_job.py:182} INFO - Started process (PID=621) to work on /home/airflow/.local/lib/python3.6/site-packages/airflow/example_dags/example_kubernetes_executor.py
[2021-04-01 00:30:32,162] {scheduler_job.py:629} INFO - Processing file /home/airflow/.local/lib/python3.6/site-packages/airflow/example_dags/example_kubernetes_executor.py for tasks to queue
[2021-04-01 00:30:32,163] {logging_mixin.py:104} INFO - [2021-04-01 00:30:32,163] {dagbag.py:448} INFO - Filling up the DagBag from /home/airflow/.local/lib/python3.6/site-packages/airflow/example_dags/example_kubernetes_executor.py
[2021-04-01 00:30:32,170] {scheduler_job.py:639} INFO - DAG(s) dict_keys(['example_kubernetes_executor']) retrieved from /home/airflow/.local/lib/python3.6/site-packages/airflow/example_dags/example_kubernetes_executor.py
[2021-04-01 00:30:32,180] {logging_mixin.py:104} INFO - [2021-04-01 00:30:32,180] {dag.py:1818} INFO - Sync 1 DAGs
[2021-04-01 00:30:32,188] {logging_mixin.py:104} INFO - [2021-04-01 00:30:32,188] {dag.py:2273} INFO - Setting next_dagrun for example_kubernetes_executor to None
[2021-04-01 00:30:32,194] {scheduler_job.py:190} INFO - Processing /home/airflow/.local/lib/python3.6/site-packages/airflow/example_dags/example_kubernetes_executor.py took 0.033 seconds
[2021-04-01 00:31:02,790] {scheduler_job.py:182} INFO - Started process (PID=647) to work on /home/airflow/.local/lib/python3.6/site-packages/airflow/example_dags/example_kubernetes_executor.py
[2021-04-01 00:31:02,790] {scheduler_job.py:629} INFO - Processing file /home/airflow/.local/lib/python3.6/site-packages/airflow/example_dags/example_kubernetes_executor.py for tasks to queue
[2021-04-01 00:31:02,791] {logging_mixin.py:104} INFO - [2021-04-01 00:31:02,790] {dagbag.py:448} INFO - Filling up the DagBag from /home/airflow/.local/lib/python3.6/site-packages/airflow/example_dags/example_kubernetes_executor.py
[2021-04-01 00:31:02,798] {scheduler_job.py:639} INFO - DAG(s) dict_keys(['example_kubernetes_executor']) retrieved from /home/airflow/.local/lib/python3.6/site-packages/airflow/example_dags/example_kubernetes_executor.py
[2021-04-01 00:31:02,808] {logging_mixin.py:104} INFO - [2021-04-01 00:31:02,808] {dag.py:1818} INFO - Sync 1 DAGs
[2021-04-01 00:31:02,816] {logging_mixin.py:104} INFO - [2021-04-01 00:31:02,816] {dag.py:2273} INFO - Setting next_dagrun for example_kubernetes_executor to None
[2021-04-01 00:31:02,822] {scheduler_job.py:190} INFO - Processing /home/airflow/.local/lib/python3.6/site-packages/airflow/example_dags/example_kubernetes_executor.py took 0.034 seconds
[2021-04-01 00:31:33,437] {scheduler_job.py:182} INFO - Started process (PID=673) to work on /home/airflow/.local/lib/python3.6/site-packages/airflow/example_dags/example_kubernetes_executor.py
[2021-04-01 00:31:33,438] {scheduler_job.py:629} INFO - Processing file /home/airflow/.local/lib/python3.6/site-packages/airflow/example_dags/example_kubernetes_executor.py for tasks to queue
[2021-04-01 00:31:33,438] {logging_mixin.py:104} INFO - [2021-04-01 00:31:33,438] {dagbag.py:448} INFO - Filling up the DagBag from /home/airflow/.local/lib/python3.6/site-packages/airflow/example_dags/example_kubernetes_executor.py
[2021-04-01 00:31:33,445] {scheduler_job.py:639} INFO - DAG(s) dict_keys(['example_kubernetes_executor']) retrieved from /home/airflow/.local/lib/python3.6/site-packages/airflow/example_dags/example_kubernetes_executor.py
[2021-04-01 00:31:33,455] {logging_mixin.py:104} INFO - [2021-04-01 00:31:33,455] {dag.py:1818} INFO - Sync 1 DAGs
[2021-04-01 00:31:33,462] {logging_mixin.py:104} INFO - [2021-04-01 00:31:33,462] {dag.py:2273} INFO - Setting next_dagrun for example_kubernetes_executor to None
[2021-04-01 00:31:33,471] {scheduler_job.py:190} INFO - Processing /home/airflow/.local/lib/python3.6/site-packages/airflow/example_dags/example_kubernetes_executor.py took 0.035 seconds
