[2021-04-01 00:00:01,591] {scheduler_job.py:182} INFO - Started process (PID=115) to work on /home/airflow/.local/lib/python3.6/site-packages/airflow/example_dags/example_xcom.py
[2021-04-01 00:00:01,591] {scheduler_job.py:629} INFO - Processing file /home/airflow/.local/lib/python3.6/site-packages/airflow/example_dags/example_xcom.py for tasks to queue
[2021-04-01 00:00:01,592] {logging_mixin.py:104} INFO - [2021-04-01 00:00:01,592] {dagbag.py:448} INFO - Filling up the DagBag from /home/airflow/.local/lib/python3.6/site-packages/airflow/example_dags/example_xcom.py
[2021-04-01 00:00:01,597] {scheduler_job.py:639} INFO - DAG(s) dict_keys(['example_xcom']) retrieved from /home/airflow/.local/lib/python3.6/site-packages/airflow/example_dags/example_xcom.py
[2021-04-01 00:00:01,609] {logging_mixin.py:104} INFO - [2021-04-01 00:00:01,609] {dag.py:1818} INFO - Sync 1 DAGs
[2021-04-01 00:00:01,617] {logging_mixin.py:104} INFO - [2021-04-01 00:00:01,617] {dag.py:2273} INFO - Setting next_dagrun for example_xcom to 2021-03-30 00:00:00+00:00
[2021-04-01 00:00:01,623] {scheduler_job.py:190} INFO - Processing /home/airflow/.local/lib/python3.6/site-packages/airflow/example_dags/example_xcom.py took 0.034 seconds
[2021-04-01 00:00:32,262] {scheduler_job.py:182} INFO - Started process (PID=141) to work on /home/airflow/.local/lib/python3.6/site-packages/airflow/example_dags/example_xcom.py
[2021-04-01 00:00:32,263] {scheduler_job.py:629} INFO - Processing file /home/airflow/.local/lib/python3.6/site-packages/airflow/example_dags/example_xcom.py for tasks to queue
[2021-04-01 00:00:32,263] {logging_mixin.py:104} INFO - [2021-04-01 00:00:32,263] {dagbag.py:448} INFO - Filling up the DagBag from /home/airflow/.local/lib/python3.6/site-packages/airflow/example_dags/example_xcom.py
[2021-04-01 00:00:32,271] {scheduler_job.py:639} INFO - DAG(s) dict_keys(['example_xcom']) retrieved from /home/airflow/.local/lib/python3.6/site-packages/airflow/example_dags/example_xcom.py
[2021-04-01 00:00:32,283] {logging_mixin.py:104} INFO - [2021-04-01 00:00:32,283] {dag.py:1818} INFO - Sync 1 DAGs
[2021-04-01 00:00:32,292] {logging_mixin.py:104} INFO - [2021-04-01 00:00:32,292] {dag.py:2273} INFO - Setting next_dagrun for example_xcom to 2021-03-30 00:00:00+00:00
[2021-04-01 00:00:32,299] {scheduler_job.py:190} INFO - Processing /home/airflow/.local/lib/python3.6/site-packages/airflow/example_dags/example_xcom.py took 0.038 seconds
[2021-04-01 00:01:02,912] {scheduler_job.py:182} INFO - Started process (PID=167) to work on /home/airflow/.local/lib/python3.6/site-packages/airflow/example_dags/example_xcom.py
[2021-04-01 00:01:02,913] {scheduler_job.py:629} INFO - Processing file /home/airflow/.local/lib/python3.6/site-packages/airflow/example_dags/example_xcom.py for tasks to queue
[2021-04-01 00:01:02,914] {logging_mixin.py:104} INFO - [2021-04-01 00:01:02,914] {dagbag.py:448} INFO - Filling up the DagBag from /home/airflow/.local/lib/python3.6/site-packages/airflow/example_dags/example_xcom.py
[2021-04-01 00:01:02,920] {scheduler_job.py:639} INFO - DAG(s) dict_keys(['example_xcom']) retrieved from /home/airflow/.local/lib/python3.6/site-packages/airflow/example_dags/example_xcom.py
[2021-04-01 00:01:02,932] {logging_mixin.py:104} INFO - [2021-04-01 00:01:02,932] {dag.py:1818} INFO - Sync 1 DAGs
[2021-04-01 00:01:02,941] {logging_mixin.py:104} INFO - [2021-04-01 00:01:02,941] {dag.py:2273} INFO - Setting next_dagrun for example_xcom to 2021-03-30 00:00:00+00:00
[2021-04-01 00:01:02,948] {scheduler_job.py:190} INFO - Processing /home/airflow/.local/lib/python3.6/site-packages/airflow/example_dags/example_xcom.py took 0.037 seconds
[2021-04-01 00:01:33,580] {scheduler_job.py:182} INFO - Started process (PID=193) to work on /home/airflow/.local/lib/python3.6/site-packages/airflow/example_dags/example_xcom.py
[2021-04-01 00:01:33,581] {scheduler_job.py:629} INFO - Processing file /home/airflow/.local/lib/python3.6/site-packages/airflow/example_dags/example_xcom.py for tasks to queue
[2021-04-01 00:01:33,581] {logging_mixin.py:104} INFO - [2021-04-01 00:01:33,581] {dagbag.py:448} INFO - Filling up the DagBag from /home/airflow/.local/lib/python3.6/site-packages/airflow/example_dags/example_xcom.py
[2021-04-01 00:01:33,586] {scheduler_job.py:639} INFO - DAG(s) dict_keys(['example_xcom']) retrieved from /home/airflow/.local/lib/python3.6/site-packages/airflow/example_dags/example_xcom.py
[2021-04-01 00:01:33,597] {logging_mixin.py:104} INFO - [2021-04-01 00:01:33,597] {dag.py:1818} INFO - Sync 1 DAGs
[2021-04-01 00:01:33,604] {logging_mixin.py:104} INFO - [2021-04-01 00:01:33,604] {dag.py:2273} INFO - Setting next_dagrun for example_xcom to 2021-03-30 00:00:00+00:00
[2021-04-01 00:01:33,609] {scheduler_job.py:190} INFO - Processing /home/airflow/.local/lib/python3.6/site-packages/airflow/example_dags/example_xcom.py took 0.031 seconds
[2021-04-01 00:02:04,151] {scheduler_job.py:182} INFO - Started process (PID=219) to work on /home/airflow/.local/lib/python3.6/site-packages/airflow/example_dags/example_xcom.py
[2021-04-01 00:02:04,151] {scheduler_job.py:629} INFO - Processing file /home/airflow/.local/lib/python3.6/site-packages/airflow/example_dags/example_xcom.py for tasks to queue
[2021-04-01 00:02:04,152] {logging_mixin.py:104} INFO - [2021-04-01 00:02:04,152] {dagbag.py:448} INFO - Filling up the DagBag from /home/airflow/.local/lib/python3.6/site-packages/airflow/example_dags/example_xcom.py
[2021-04-01 00:02:04,157] {scheduler_job.py:639} INFO - DAG(s) dict_keys(['example_xcom']) retrieved from /home/airflow/.local/lib/python3.6/site-packages/airflow/example_dags/example_xcom.py
[2021-04-01 00:02:04,167] {logging_mixin.py:104} INFO - [2021-04-01 00:02:04,167] {dag.py:1818} INFO - Sync 1 DAGs
[2021-04-01 00:02:04,174] {logging_mixin.py:104} INFO - [2021-04-01 00:02:04,174] {dag.py:2273} INFO - Setting next_dagrun for example_xcom to 2021-03-30 00:00:00+00:00
[2021-04-01 00:02:04,181] {scheduler_job.py:190} INFO - Processing /home/airflow/.local/lib/python3.6/site-packages/airflow/example_dags/example_xcom.py took 0.031 seconds
[2021-04-01 00:02:34,777] {scheduler_job.py:182} INFO - Started process (PID=245) to work on /home/airflow/.local/lib/python3.6/site-packages/airflow/example_dags/example_xcom.py
[2021-04-01 00:02:34,778] {scheduler_job.py:629} INFO - Processing file /home/airflow/.local/lib/python3.6/site-packages/airflow/example_dags/example_xcom.py for tasks to queue
[2021-04-01 00:02:34,778] {logging_mixin.py:104} INFO - [2021-04-01 00:02:34,778] {dagbag.py:448} INFO - Filling up the DagBag from /home/airflow/.local/lib/python3.6/site-packages/airflow/example_dags/example_xcom.py
[2021-04-01 00:02:34,784] {scheduler_job.py:639} INFO - DAG(s) dict_keys(['example_xcom']) retrieved from /home/airflow/.local/lib/python3.6/site-packages/airflow/example_dags/example_xcom.py
[2021-04-01 00:02:34,794] {logging_mixin.py:104} INFO - [2021-04-01 00:02:34,794] {dag.py:1818} INFO - Sync 1 DAGs
[2021-04-01 00:02:34,801] {logging_mixin.py:104} INFO - [2021-04-01 00:02:34,801] {dag.py:2273} INFO - Setting next_dagrun for example_xcom to 2021-03-30 00:00:00+00:00
[2021-04-01 00:02:34,808] {scheduler_job.py:190} INFO - Processing /home/airflow/.local/lib/python3.6/site-packages/airflow/example_dags/example_xcom.py took 0.032 seconds
[2021-04-01 00:03:05,345] {scheduler_job.py:182} INFO - Started process (PID=271) to work on /home/airflow/.local/lib/python3.6/site-packages/airflow/example_dags/example_xcom.py
[2021-04-01 00:03:05,345] {scheduler_job.py:629} INFO - Processing file /home/airflow/.local/lib/python3.6/site-packages/airflow/example_dags/example_xcom.py for tasks to queue
[2021-04-01 00:03:05,346] {logging_mixin.py:104} INFO - [2021-04-01 00:03:05,346] {dagbag.py:448} INFO - Filling up the DagBag from /home/airflow/.local/lib/python3.6/site-packages/airflow/example_dags/example_xcom.py
[2021-04-01 00:03:05,351] {scheduler_job.py:639} INFO - DAG(s) dict_keys(['example_xcom']) retrieved from /home/airflow/.local/lib/python3.6/site-packages/airflow/example_dags/example_xcom.py
[2021-04-01 00:03:05,361] {logging_mixin.py:104} INFO - [2021-04-01 00:03:05,361] {dag.py:1818} INFO - Sync 1 DAGs
[2021-04-01 00:03:05,369] {logging_mixin.py:104} INFO - [2021-04-01 00:03:05,369] {dag.py:2273} INFO - Setting next_dagrun for example_xcom to 2021-03-30 00:00:00+00:00
[2021-04-01 00:03:05,375] {scheduler_job.py:190} INFO - Processing /home/airflow/.local/lib/python3.6/site-packages/airflow/example_dags/example_xcom.py took 0.032 seconds
[2021-04-01 00:03:35,961] {scheduler_job.py:182} INFO - Started process (PID=297) to work on /home/airflow/.local/lib/python3.6/site-packages/airflow/example_dags/example_xcom.py
[2021-04-01 00:03:35,962] {scheduler_job.py:629} INFO - Processing file /home/airflow/.local/lib/python3.6/site-packages/airflow/example_dags/example_xcom.py for tasks to queue
[2021-04-01 00:03:35,962] {logging_mixin.py:104} INFO - [2021-04-01 00:03:35,962] {dagbag.py:448} INFO - Filling up the DagBag from /home/airflow/.local/lib/python3.6/site-packages/airflow/example_dags/example_xcom.py
[2021-04-01 00:03:35,967] {scheduler_job.py:639} INFO - DAG(s) dict_keys(['example_xcom']) retrieved from /home/airflow/.local/lib/python3.6/site-packages/airflow/example_dags/example_xcom.py
[2021-04-01 00:03:35,978] {logging_mixin.py:104} INFO - [2021-04-01 00:03:35,978] {dag.py:1818} INFO - Sync 1 DAGs
[2021-04-01 00:03:35,985] {logging_mixin.py:104} INFO - [2021-04-01 00:03:35,985] {dag.py:2273} INFO - Setting next_dagrun for example_xcom to 2021-03-30 00:00:00+00:00
[2021-04-01 00:03:35,991] {scheduler_job.py:190} INFO - Processing /home/airflow/.local/lib/python3.6/site-packages/airflow/example_dags/example_xcom.py took 0.031 seconds
[2021-04-01 00:04:06,566] {scheduler_job.py:182} INFO - Started process (PID=323) to work on /home/airflow/.local/lib/python3.6/site-packages/airflow/example_dags/example_xcom.py
[2021-04-01 00:04:06,566] {scheduler_job.py:629} INFO - Processing file /home/airflow/.local/lib/python3.6/site-packages/airflow/example_dags/example_xcom.py for tasks to queue
[2021-04-01 00:04:06,566] {logging_mixin.py:104} INFO - [2021-04-01 00:04:06,566] {dagbag.py:448} INFO - Filling up the DagBag from /home/airflow/.local/lib/python3.6/site-packages/airflow/example_dags/example_xcom.py
[2021-04-01 00:04:06,573] {scheduler_job.py:639} INFO - DAG(s) dict_keys(['example_xcom']) retrieved from /home/airflow/.local/lib/python3.6/site-packages/airflow/example_dags/example_xcom.py
[2021-04-01 00:04:06,583] {logging_mixin.py:104} INFO - [2021-04-01 00:04:06,583] {dag.py:1818} INFO - Sync 1 DAGs
[2021-04-01 00:04:06,591] {logging_mixin.py:104} INFO - [2021-04-01 00:04:06,591] {dag.py:2273} INFO - Setting next_dagrun for example_xcom to 2021-03-30 00:00:00+00:00
[2021-04-01 00:04:06,599] {scheduler_job.py:190} INFO - Processing /home/airflow/.local/lib/python3.6/site-packages/airflow/example_dags/example_xcom.py took 0.035 seconds
[2021-04-01 00:04:37,149] {scheduler_job.py:182} INFO - Started process (PID=349) to work on /home/airflow/.local/lib/python3.6/site-packages/airflow/example_dags/example_xcom.py
[2021-04-01 00:04:37,150] {scheduler_job.py:629} INFO - Processing file /home/airflow/.local/lib/python3.6/site-packages/airflow/example_dags/example_xcom.py for tasks to queue
[2021-04-01 00:04:37,150] {logging_mixin.py:104} INFO - [2021-04-01 00:04:37,150] {dagbag.py:448} INFO - Filling up the DagBag from /home/airflow/.local/lib/python3.6/site-packages/airflow/example_dags/example_xcom.py
[2021-04-01 00:04:37,156] {scheduler_job.py:639} INFO - DAG(s) dict_keys(['example_xcom']) retrieved from /home/airflow/.local/lib/python3.6/site-packages/airflow/example_dags/example_xcom.py
[2021-04-01 00:04:37,166] {logging_mixin.py:104} INFO - [2021-04-01 00:04:37,166] {dag.py:1818} INFO - Sync 1 DAGs
[2021-04-01 00:04:37,173] {logging_mixin.py:104} INFO - [2021-04-01 00:04:37,173] {dag.py:2273} INFO - Setting next_dagrun for example_xcom to 2021-03-30 00:00:00+00:00
[2021-04-01 00:04:37,180] {scheduler_job.py:190} INFO - Processing /home/airflow/.local/lib/python3.6/site-packages/airflow/example_dags/example_xcom.py took 0.032 seconds
[2021-04-01 00:05:07,732] {scheduler_job.py:182} INFO - Started process (PID=375) to work on /home/airflow/.local/lib/python3.6/site-packages/airflow/example_dags/example_xcom.py
[2021-04-01 00:05:07,732] {scheduler_job.py:629} INFO - Processing file /home/airflow/.local/lib/python3.6/site-packages/airflow/example_dags/example_xcom.py for tasks to queue
[2021-04-01 00:05:07,732] {logging_mixin.py:104} INFO - [2021-04-01 00:05:07,732] {dagbag.py:448} INFO - Filling up the DagBag from /home/airflow/.local/lib/python3.6/site-packages/airflow/example_dags/example_xcom.py
[2021-04-01 00:05:07,738] {scheduler_job.py:639} INFO - DAG(s) dict_keys(['example_xcom']) retrieved from /home/airflow/.local/lib/python3.6/site-packages/airflow/example_dags/example_xcom.py
[2021-04-01 00:05:07,749] {logging_mixin.py:104} INFO - [2021-04-01 00:05:07,748] {dag.py:1818} INFO - Sync 1 DAGs
[2021-04-01 00:05:07,758] {logging_mixin.py:104} INFO - [2021-04-01 00:05:07,758] {dag.py:2273} INFO - Setting next_dagrun for example_xcom to 2021-03-30 00:00:00+00:00
[2021-04-01 00:05:07,764] {scheduler_job.py:190} INFO - Processing /home/airflow/.local/lib/python3.6/site-packages/airflow/example_dags/example_xcom.py took 0.033 seconds
[2021-04-01 00:05:38,342] {scheduler_job.py:182} INFO - Started process (PID=401) to work on /home/airflow/.local/lib/python3.6/site-packages/airflow/example_dags/example_xcom.py
[2021-04-01 00:05:38,342] {scheduler_job.py:629} INFO - Processing file /home/airflow/.local/lib/python3.6/site-packages/airflow/example_dags/example_xcom.py for tasks to queue
[2021-04-01 00:05:38,343] {logging_mixin.py:104} INFO - [2021-04-01 00:05:38,343] {dagbag.py:448} INFO - Filling up the DagBag from /home/airflow/.local/lib/python3.6/site-packages/airflow/example_dags/example_xcom.py
[2021-04-01 00:05:38,348] {scheduler_job.py:639} INFO - DAG(s) dict_keys(['example_xcom']) retrieved from /home/airflow/.local/lib/python3.6/site-packages/airflow/example_dags/example_xcom.py
[2021-04-01 00:05:38,359] {logging_mixin.py:104} INFO - [2021-04-01 00:05:38,359] {dag.py:1818} INFO - Sync 1 DAGs
[2021-04-01 00:05:38,369] {logging_mixin.py:104} INFO - [2021-04-01 00:05:38,369] {dag.py:2273} INFO - Setting next_dagrun for example_xcom to 2021-03-30 00:00:00+00:00
[2021-04-01 00:05:38,375] {scheduler_job.py:190} INFO - Processing /home/airflow/.local/lib/python3.6/site-packages/airflow/example_dags/example_xcom.py took 0.035 seconds
[2021-04-01 00:06:08,983] {scheduler_job.py:182} INFO - Started process (PID=427) to work on /home/airflow/.local/lib/python3.6/site-packages/airflow/example_dags/example_xcom.py
[2021-04-01 00:06:08,983] {scheduler_job.py:629} INFO - Processing file /home/airflow/.local/lib/python3.6/site-packages/airflow/example_dags/example_xcom.py for tasks to queue
[2021-04-01 00:06:08,983] {logging_mixin.py:104} INFO - [2021-04-01 00:06:08,983] {dagbag.py:448} INFO - Filling up the DagBag from /home/airflow/.local/lib/python3.6/site-packages/airflow/example_dags/example_xcom.py
[2021-04-01 00:06:08,989] {scheduler_job.py:639} INFO - DAG(s) dict_keys(['example_xcom']) retrieved from /home/airflow/.local/lib/python3.6/site-packages/airflow/example_dags/example_xcom.py
[2021-04-01 00:06:09,000] {logging_mixin.py:104} INFO - [2021-04-01 00:06:09,000] {dag.py:1818} INFO - Sync 1 DAGs
[2021-04-01 00:06:09,009] {logging_mixin.py:104} INFO - [2021-04-01 00:06:09,009] {dag.py:2273} INFO - Setting next_dagrun for example_xcom to 2021-03-30 00:00:00+00:00
[2021-04-01 00:06:09,017] {scheduler_job.py:190} INFO - Processing /home/airflow/.local/lib/python3.6/site-packages/airflow/example_dags/example_xcom.py took 0.036 seconds
[2021-04-01 00:06:39,649] {scheduler_job.py:182} INFO - Started process (PID=453) to work on /home/airflow/.local/lib/python3.6/site-packages/airflow/example_dags/example_xcom.py
[2021-04-01 00:06:39,650] {scheduler_job.py:629} INFO - Processing file /home/airflow/.local/lib/python3.6/site-packages/airflow/example_dags/example_xcom.py for tasks to queue
[2021-04-01 00:06:39,650] {logging_mixin.py:104} INFO - [2021-04-01 00:06:39,650] {dagbag.py:448} INFO - Filling up the DagBag from /home/airflow/.local/lib/python3.6/site-packages/airflow/example_dags/example_xcom.py
[2021-04-01 00:06:39,656] {scheduler_job.py:639} INFO - DAG(s) dict_keys(['example_xcom']) retrieved from /home/airflow/.local/lib/python3.6/site-packages/airflow/example_dags/example_xcom.py
[2021-04-01 00:06:39,665] {logging_mixin.py:104} INFO - [2021-04-01 00:06:39,665] {dag.py:1818} INFO - Sync 1 DAGs
[2021-04-01 00:06:39,674] {logging_mixin.py:104} INFO - [2021-04-01 00:06:39,674] {dag.py:2273} INFO - Setting next_dagrun for example_xcom to 2021-03-30 00:00:00+00:00
[2021-04-01 00:06:39,680] {scheduler_job.py:190} INFO - Processing /home/airflow/.local/lib/python3.6/site-packages/airflow/example_dags/example_xcom.py took 0.033 seconds
[2021-04-01 00:07:10,306] {scheduler_job.py:182} INFO - Started process (PID=479) to work on /home/airflow/.local/lib/python3.6/site-packages/airflow/example_dags/example_xcom.py
[2021-04-01 00:07:10,307] {scheduler_job.py:629} INFO - Processing file /home/airflow/.local/lib/python3.6/site-packages/airflow/example_dags/example_xcom.py for tasks to queue
[2021-04-01 00:07:10,307] {logging_mixin.py:104} INFO - [2021-04-01 00:07:10,307] {dagbag.py:448} INFO - Filling up the DagBag from /home/airflow/.local/lib/python3.6/site-packages/airflow/example_dags/example_xcom.py
[2021-04-01 00:07:10,312] {scheduler_job.py:639} INFO - DAG(s) dict_keys(['example_xcom']) retrieved from /home/airflow/.local/lib/python3.6/site-packages/airflow/example_dags/example_xcom.py
[2021-04-01 00:07:10,323] {logging_mixin.py:104} INFO - [2021-04-01 00:07:10,323] {dag.py:1818} INFO - Sync 1 DAGs
[2021-04-01 00:07:10,331] {logging_mixin.py:104} INFO - [2021-04-01 00:07:10,331] {dag.py:2273} INFO - Setting next_dagrun for example_xcom to 2021-03-30 00:00:00+00:00
[2021-04-01 00:07:10,338] {scheduler_job.py:190} INFO - Processing /home/airflow/.local/lib/python3.6/site-packages/airflow/example_dags/example_xcom.py took 0.033 seconds
[2021-04-01 00:07:40,994] {scheduler_job.py:182} INFO - Started process (PID=505) to work on /home/airflow/.local/lib/python3.6/site-packages/airflow/example_dags/example_xcom.py
[2021-04-01 00:07:40,995] {scheduler_job.py:629} INFO - Processing file /home/airflow/.local/lib/python3.6/site-packages/airflow/example_dags/example_xcom.py for tasks to queue
[2021-04-01 00:07:40,995] {logging_mixin.py:104} INFO - [2021-04-01 00:07:40,995] {dagbag.py:448} INFO - Filling up the DagBag from /home/airflow/.local/lib/python3.6/site-packages/airflow/example_dags/example_xcom.py
[2021-04-01 00:07:41,001] {scheduler_job.py:639} INFO - DAG(s) dict_keys(['example_xcom']) retrieved from /home/airflow/.local/lib/python3.6/site-packages/airflow/example_dags/example_xcom.py
[2021-04-01 00:07:41,010] {logging_mixin.py:104} INFO - [2021-04-01 00:07:41,010] {dag.py:1818} INFO - Sync 1 DAGs
[2021-04-01 00:07:41,019] {logging_mixin.py:104} INFO - [2021-04-01 00:07:41,019] {dag.py:2273} INFO - Setting next_dagrun for example_xcom to 2021-03-30 00:00:00+00:00
[2021-04-01 00:07:41,024] {scheduler_job.py:190} INFO - Processing /home/airflow/.local/lib/python3.6/site-packages/airflow/example_dags/example_xcom.py took 0.032 seconds
[2021-04-01 00:08:11,651] {scheduler_job.py:182} INFO - Started process (PID=531) to work on /home/airflow/.local/lib/python3.6/site-packages/airflow/example_dags/example_xcom.py
[2021-04-01 00:08:11,652] {scheduler_job.py:629} INFO - Processing file /home/airflow/.local/lib/python3.6/site-packages/airflow/example_dags/example_xcom.py for tasks to queue
[2021-04-01 00:08:11,652] {logging_mixin.py:104} INFO - [2021-04-01 00:08:11,652] {dagbag.py:448} INFO - Filling up the DagBag from /home/airflow/.local/lib/python3.6/site-packages/airflow/example_dags/example_xcom.py
[2021-04-01 00:08:11,657] {scheduler_job.py:639} INFO - DAG(s) dict_keys(['example_xcom']) retrieved from /home/airflow/.local/lib/python3.6/site-packages/airflow/example_dags/example_xcom.py
[2021-04-01 00:08:11,669] {logging_mixin.py:104} INFO - [2021-04-01 00:08:11,669] {dag.py:1818} INFO - Sync 1 DAGs
[2021-04-01 00:08:11,680] {logging_mixin.py:104} INFO - [2021-04-01 00:08:11,680] {dag.py:2273} INFO - Setting next_dagrun for example_xcom to 2021-03-30 00:00:00+00:00
[2021-04-01 00:08:11,687] {scheduler_job.py:190} INFO - Processing /home/airflow/.local/lib/python3.6/site-packages/airflow/example_dags/example_xcom.py took 0.037 seconds
[2021-04-01 00:08:42,423] {scheduler_job.py:182} INFO - Started process (PID=557) to work on /home/airflow/.local/lib/python3.6/site-packages/airflow/example_dags/example_xcom.py
[2021-04-01 00:08:42,424] {scheduler_job.py:629} INFO - Processing file /home/airflow/.local/lib/python3.6/site-packages/airflow/example_dags/example_xcom.py for tasks to queue
[2021-04-01 00:08:42,424] {logging_mixin.py:104} INFO - [2021-04-01 00:08:42,424] {dagbag.py:448} INFO - Filling up the DagBag from /home/airflow/.local/lib/python3.6/site-packages/airflow/example_dags/example_xcom.py
[2021-04-01 00:08:42,430] {scheduler_job.py:639} INFO - DAG(s) dict_keys(['example_xcom']) retrieved from /home/airflow/.local/lib/python3.6/site-packages/airflow/example_dags/example_xcom.py
[2021-04-01 00:08:42,441] {logging_mixin.py:104} INFO - [2021-04-01 00:08:42,441] {dag.py:1818} INFO - Sync 1 DAGs
[2021-04-01 00:08:42,448] {logging_mixin.py:104} INFO - [2021-04-01 00:08:42,448] {dag.py:2273} INFO - Setting next_dagrun for example_xcom to 2021-03-30 00:00:00+00:00
[2021-04-01 00:08:42,454] {scheduler_job.py:190} INFO - Processing /home/airflow/.local/lib/python3.6/site-packages/airflow/example_dags/example_xcom.py took 0.032 seconds
[2021-04-01 00:09:13,120] {scheduler_job.py:182} INFO - Started process (PID=583) to work on /home/airflow/.local/lib/python3.6/site-packages/airflow/example_dags/example_xcom.py
[2021-04-01 00:09:13,121] {scheduler_job.py:629} INFO - Processing file /home/airflow/.local/lib/python3.6/site-packages/airflow/example_dags/example_xcom.py for tasks to queue
[2021-04-01 00:09:13,121] {logging_mixin.py:104} INFO - [2021-04-01 00:09:13,121] {dagbag.py:448} INFO - Filling up the DagBag from /home/airflow/.local/lib/python3.6/site-packages/airflow/example_dags/example_xcom.py
[2021-04-01 00:09:13,127] {scheduler_job.py:639} INFO - DAG(s) dict_keys(['example_xcom']) retrieved from /home/airflow/.local/lib/python3.6/site-packages/airflow/example_dags/example_xcom.py
[2021-04-01 00:09:13,138] {logging_mixin.py:104} INFO - [2021-04-01 00:09:13,138] {dag.py:1818} INFO - Sync 1 DAGs
[2021-04-01 00:09:13,145] {logging_mixin.py:104} INFO - [2021-04-01 00:09:13,145] {dag.py:2273} INFO - Setting next_dagrun for example_xcom to 2021-03-30 00:00:00+00:00
[2021-04-01 00:09:13,152] {scheduler_job.py:190} INFO - Processing /home/airflow/.local/lib/python3.6/site-packages/airflow/example_dags/example_xcom.py took 0.033 seconds
[2021-04-01 00:09:43,822] {scheduler_job.py:182} INFO - Started process (PID=609) to work on /home/airflow/.local/lib/python3.6/site-packages/airflow/example_dags/example_xcom.py
[2021-04-01 00:09:43,822] {scheduler_job.py:629} INFO - Processing file /home/airflow/.local/lib/python3.6/site-packages/airflow/example_dags/example_xcom.py for tasks to queue
[2021-04-01 00:09:43,822] {logging_mixin.py:104} INFO - [2021-04-01 00:09:43,822] {dagbag.py:448} INFO - Filling up the DagBag from /home/airflow/.local/lib/python3.6/site-packages/airflow/example_dags/example_xcom.py
[2021-04-01 00:09:43,828] {scheduler_job.py:639} INFO - DAG(s) dict_keys(['example_xcom']) retrieved from /home/airflow/.local/lib/python3.6/site-packages/airflow/example_dags/example_xcom.py
[2021-04-01 00:09:43,839] {logging_mixin.py:104} INFO - [2021-04-01 00:09:43,839] {dag.py:1818} INFO - Sync 1 DAGs
[2021-04-01 00:09:43,847] {logging_mixin.py:104} INFO - [2021-04-01 00:09:43,847] {dag.py:2273} INFO - Setting next_dagrun for example_xcom to 2021-03-30 00:00:00+00:00
[2021-04-01 00:09:43,854] {scheduler_job.py:190} INFO - Processing /home/airflow/.local/lib/python3.6/site-packages/airflow/example_dags/example_xcom.py took 0.033 seconds
[2021-04-01 00:10:14,487] {scheduler_job.py:182} INFO - Started process (PID=635) to work on /home/airflow/.local/lib/python3.6/site-packages/airflow/example_dags/example_xcom.py
[2021-04-01 00:10:14,488] {scheduler_job.py:629} INFO - Processing file /home/airflow/.local/lib/python3.6/site-packages/airflow/example_dags/example_xcom.py for tasks to queue
[2021-04-01 00:10:14,488] {logging_mixin.py:104} INFO - [2021-04-01 00:10:14,488] {dagbag.py:448} INFO - Filling up the DagBag from /home/airflow/.local/lib/python3.6/site-packages/airflow/example_dags/example_xcom.py
[2021-04-01 00:10:14,495] {scheduler_job.py:639} INFO - DAG(s) dict_keys(['example_xcom']) retrieved from /home/airflow/.local/lib/python3.6/site-packages/airflow/example_dags/example_xcom.py
[2021-04-01 00:10:14,505] {logging_mixin.py:104} INFO - [2021-04-01 00:10:14,505] {dag.py:1818} INFO - Sync 1 DAGs
[2021-04-01 00:10:14,512] {logging_mixin.py:104} INFO - [2021-04-01 00:10:14,512] {dag.py:2273} INFO - Setting next_dagrun for example_xcom to 2021-03-30 00:00:00+00:00
[2021-04-01 00:10:14,517] {scheduler_job.py:190} INFO - Processing /home/airflow/.local/lib/python3.6/site-packages/airflow/example_dags/example_xcom.py took 0.031 seconds
[2021-04-01 00:10:45,158] {scheduler_job.py:182} INFO - Started process (PID=661) to work on /home/airflow/.local/lib/python3.6/site-packages/airflow/example_dags/example_xcom.py
[2021-04-01 00:10:45,158] {scheduler_job.py:629} INFO - Processing file /home/airflow/.local/lib/python3.6/site-packages/airflow/example_dags/example_xcom.py for tasks to queue
[2021-04-01 00:10:45,159] {logging_mixin.py:104} INFO - [2021-04-01 00:10:45,159] {dagbag.py:448} INFO - Filling up the DagBag from /home/airflow/.local/lib/python3.6/site-packages/airflow/example_dags/example_xcom.py
[2021-04-01 00:10:45,165] {scheduler_job.py:639} INFO - DAG(s) dict_keys(['example_xcom']) retrieved from /home/airflow/.local/lib/python3.6/site-packages/airflow/example_dags/example_xcom.py
[2021-04-01 00:10:45,176] {logging_mixin.py:104} INFO - [2021-04-01 00:10:45,176] {dag.py:1818} INFO - Sync 1 DAGs
[2021-04-01 00:10:45,183] {logging_mixin.py:104} INFO - [2021-04-01 00:10:45,183] {dag.py:2273} INFO - Setting next_dagrun for example_xcom to 2021-03-30 00:00:00+00:00
[2021-04-01 00:10:45,188] {scheduler_job.py:190} INFO - Processing /home/airflow/.local/lib/python3.6/site-packages/airflow/example_dags/example_xcom.py took 0.032 seconds
[2021-04-01 00:19:17,279] {scheduler_job.py:182} INFO - Started process (PID=33) to work on /home/airflow/.local/lib/python3.6/site-packages/airflow/example_dags/example_xcom.py
[2021-04-01 00:19:17,279] {scheduler_job.py:629} INFO - Processing file /home/airflow/.local/lib/python3.6/site-packages/airflow/example_dags/example_xcom.py for tasks to queue
[2021-04-01 00:19:17,280] {logging_mixin.py:104} INFO - [2021-04-01 00:19:17,280] {dagbag.py:448} INFO - Filling up the DagBag from /home/airflow/.local/lib/python3.6/site-packages/airflow/example_dags/example_xcom.py
[2021-04-01 00:19:17,286] {scheduler_job.py:639} INFO - DAG(s) dict_keys(['example_xcom']) retrieved from /home/airflow/.local/lib/python3.6/site-packages/airflow/example_dags/example_xcom.py
[2021-04-01 00:19:17,298] {logging_mixin.py:104} INFO - [2021-04-01 00:19:17,298] {dag.py:1818} INFO - Sync 1 DAGs
[2021-04-01 00:19:17,306] {logging_mixin.py:104} INFO - [2021-04-01 00:19:17,306] {dag.py:2273} INFO - Setting next_dagrun for example_xcom to 2021-03-30 00:00:00+00:00
[2021-04-01 00:19:17,313] {scheduler_job.py:190} INFO - Processing /home/airflow/.local/lib/python3.6/site-packages/airflow/example_dags/example_xcom.py took 0.036 seconds
[2021-04-01 00:19:48,009] {scheduler_job.py:182} INFO - Started process (PID=59) to work on /home/airflow/.local/lib/python3.6/site-packages/airflow/example_dags/example_xcom.py
[2021-04-01 00:19:48,011] {scheduler_job.py:629} INFO - Processing file /home/airflow/.local/lib/python3.6/site-packages/airflow/example_dags/example_xcom.py for tasks to queue
[2021-04-01 00:19:48,012] {logging_mixin.py:104} INFO - [2021-04-01 00:19:48,012] {dagbag.py:448} INFO - Filling up the DagBag from /home/airflow/.local/lib/python3.6/site-packages/airflow/example_dags/example_xcom.py
[2021-04-01 00:19:48,028] {scheduler_job.py:639} INFO - DAG(s) dict_keys(['example_xcom']) retrieved from /home/airflow/.local/lib/python3.6/site-packages/airflow/example_dags/example_xcom.py
[2021-04-01 00:19:48,044] {logging_mixin.py:104} INFO - [2021-04-01 00:19:48,044] {dag.py:1818} INFO - Sync 1 DAGs
[2021-04-01 00:19:48,053] {logging_mixin.py:104} INFO - [2021-04-01 00:19:48,053] {dag.py:2273} INFO - Setting next_dagrun for example_xcom to 2021-03-30 00:00:00+00:00
[2021-04-01 00:19:48,060] {scheduler_job.py:190} INFO - Processing /home/airflow/.local/lib/python3.6/site-packages/airflow/example_dags/example_xcom.py took 0.058 seconds
[2021-04-01 00:20:18,705] {scheduler_job.py:182} INFO - Started process (PID=85) to work on /home/airflow/.local/lib/python3.6/site-packages/airflow/example_dags/example_xcom.py
[2021-04-01 00:20:18,707] {scheduler_job.py:629} INFO - Processing file /home/airflow/.local/lib/python3.6/site-packages/airflow/example_dags/example_xcom.py for tasks to queue
[2021-04-01 00:20:18,708] {logging_mixin.py:104} INFO - [2021-04-01 00:20:18,708] {dagbag.py:448} INFO - Filling up the DagBag from /home/airflow/.local/lib/python3.6/site-packages/airflow/example_dags/example_xcom.py
[2021-04-01 00:20:18,722] {scheduler_job.py:639} INFO - DAG(s) dict_keys(['example_xcom']) retrieved from /home/airflow/.local/lib/python3.6/site-packages/airflow/example_dags/example_xcom.py
[2021-04-01 00:20:18,738] {logging_mixin.py:104} INFO - [2021-04-01 00:20:18,738] {dag.py:1818} INFO - Sync 1 DAGs
[2021-04-01 00:20:18,748] {logging_mixin.py:104} INFO - [2021-04-01 00:20:18,747] {dag.py:2273} INFO - Setting next_dagrun for example_xcom to 2021-03-30 00:00:00+00:00
[2021-04-01 00:20:18,754] {scheduler_job.py:190} INFO - Processing /home/airflow/.local/lib/python3.6/site-packages/airflow/example_dags/example_xcom.py took 0.055 seconds
[2021-04-01 00:20:49,475] {scheduler_job.py:182} INFO - Started process (PID=111) to work on /home/airflow/.local/lib/python3.6/site-packages/airflow/example_dags/example_xcom.py
[2021-04-01 00:20:49,476] {scheduler_job.py:629} INFO - Processing file /home/airflow/.local/lib/python3.6/site-packages/airflow/example_dags/example_xcom.py for tasks to queue
[2021-04-01 00:20:49,477] {logging_mixin.py:104} INFO - [2021-04-01 00:20:49,477] {dagbag.py:448} INFO - Filling up the DagBag from /home/airflow/.local/lib/python3.6/site-packages/airflow/example_dags/example_xcom.py
[2021-04-01 00:20:49,492] {scheduler_job.py:639} INFO - DAG(s) dict_keys(['example_xcom']) retrieved from /home/airflow/.local/lib/python3.6/site-packages/airflow/example_dags/example_xcom.py
[2021-04-01 00:20:49,507] {logging_mixin.py:104} INFO - [2021-04-01 00:20:49,507] {dag.py:1818} INFO - Sync 1 DAGs
[2021-04-01 00:20:49,516] {logging_mixin.py:104} INFO - [2021-04-01 00:20:49,516] {dag.py:2273} INFO - Setting next_dagrun for example_xcom to 2021-03-30 00:00:00+00:00
[2021-04-01 00:20:49,522] {scheduler_job.py:190} INFO - Processing /home/airflow/.local/lib/python3.6/site-packages/airflow/example_dags/example_xcom.py took 0.055 seconds
[2021-04-01 00:21:20,177] {scheduler_job.py:182} INFO - Started process (PID=137) to work on /home/airflow/.local/lib/python3.6/site-packages/airflow/example_dags/example_xcom.py
[2021-04-01 00:21:20,178] {scheduler_job.py:629} INFO - Processing file /home/airflow/.local/lib/python3.6/site-packages/airflow/example_dags/example_xcom.py for tasks to queue
[2021-04-01 00:21:20,178] {logging_mixin.py:104} INFO - [2021-04-01 00:21:20,178] {dagbag.py:448} INFO - Filling up the DagBag from /home/airflow/.local/lib/python3.6/site-packages/airflow/example_dags/example_xcom.py
[2021-04-01 00:21:20,184] {scheduler_job.py:639} INFO - DAG(s) dict_keys(['example_xcom']) retrieved from /home/airflow/.local/lib/python3.6/site-packages/airflow/example_dags/example_xcom.py
[2021-04-01 00:21:20,194] {logging_mixin.py:104} INFO - [2021-04-01 00:21:20,194] {dag.py:1818} INFO - Sync 1 DAGs
[2021-04-01 00:21:20,202] {logging_mixin.py:104} INFO - [2021-04-01 00:21:20,202] {dag.py:2273} INFO - Setting next_dagrun for example_xcom to 2021-03-30 00:00:00+00:00
[2021-04-01 00:21:20,223] {scheduler_job.py:190} INFO - Processing /home/airflow/.local/lib/python3.6/site-packages/airflow/example_dags/example_xcom.py took 0.047 seconds
[2021-04-01 00:21:50,839] {scheduler_job.py:182} INFO - Started process (PID=163) to work on /home/airflow/.local/lib/python3.6/site-packages/airflow/example_dags/example_xcom.py
[2021-04-01 00:21:50,840] {scheduler_job.py:629} INFO - Processing file /home/airflow/.local/lib/python3.6/site-packages/airflow/example_dags/example_xcom.py for tasks to queue
[2021-04-01 00:21:50,840] {logging_mixin.py:104} INFO - [2021-04-01 00:21:50,840] {dagbag.py:448} INFO - Filling up the DagBag from /home/airflow/.local/lib/python3.6/site-packages/airflow/example_dags/example_xcom.py
[2021-04-01 00:21:50,848] {scheduler_job.py:639} INFO - DAG(s) dict_keys(['example_xcom']) retrieved from /home/airflow/.local/lib/python3.6/site-packages/airflow/example_dags/example_xcom.py
[2021-04-01 00:21:50,866] {logging_mixin.py:104} INFO - [2021-04-01 00:21:50,866] {dag.py:1818} INFO - Sync 1 DAGs
[2021-04-01 00:21:50,874] {logging_mixin.py:104} INFO - [2021-04-01 00:21:50,874] {dag.py:2273} INFO - Setting next_dagrun for example_xcom to 2021-03-30 00:00:00+00:00
[2021-04-01 00:21:50,881] {scheduler_job.py:190} INFO - Processing /home/airflow/.local/lib/python3.6/site-packages/airflow/example_dags/example_xcom.py took 0.044 seconds
[2021-04-01 00:22:21,489] {scheduler_job.py:182} INFO - Started process (PID=189) to work on /home/airflow/.local/lib/python3.6/site-packages/airflow/example_dags/example_xcom.py
[2021-04-01 00:22:21,490] {scheduler_job.py:629} INFO - Processing file /home/airflow/.local/lib/python3.6/site-packages/airflow/example_dags/example_xcom.py for tasks to queue
[2021-04-01 00:22:21,490] {logging_mixin.py:104} INFO - [2021-04-01 00:22:21,490] {dagbag.py:448} INFO - Filling up the DagBag from /home/airflow/.local/lib/python3.6/site-packages/airflow/example_dags/example_xcom.py
[2021-04-01 00:22:21,496] {scheduler_job.py:639} INFO - DAG(s) dict_keys(['example_xcom']) retrieved from /home/airflow/.local/lib/python3.6/site-packages/airflow/example_dags/example_xcom.py
[2021-04-01 00:22:21,506] {logging_mixin.py:104} INFO - [2021-04-01 00:22:21,506] {dag.py:1818} INFO - Sync 1 DAGs
[2021-04-01 00:22:21,513] {logging_mixin.py:104} INFO - [2021-04-01 00:22:21,513] {dag.py:2273} INFO - Setting next_dagrun for example_xcom to 2021-03-30 00:00:00+00:00
[2021-04-01 00:22:21,522] {scheduler_job.py:190} INFO - Processing /home/airflow/.local/lib/python3.6/site-packages/airflow/example_dags/example_xcom.py took 0.034 seconds
[2021-04-01 00:22:52,150] {scheduler_job.py:182} INFO - Started process (PID=215) to work on /home/airflow/.local/lib/python3.6/site-packages/airflow/example_dags/example_xcom.py
[2021-04-01 00:22:52,150] {scheduler_job.py:629} INFO - Processing file /home/airflow/.local/lib/python3.6/site-packages/airflow/example_dags/example_xcom.py for tasks to queue
[2021-04-01 00:22:52,150] {logging_mixin.py:104} INFO - [2021-04-01 00:22:52,150] {dagbag.py:448} INFO - Filling up the DagBag from /home/airflow/.local/lib/python3.6/site-packages/airflow/example_dags/example_xcom.py
[2021-04-01 00:22:52,156] {scheduler_job.py:639} INFO - DAG(s) dict_keys(['example_xcom']) retrieved from /home/airflow/.local/lib/python3.6/site-packages/airflow/example_dags/example_xcom.py
[2021-04-01 00:22:52,166] {logging_mixin.py:104} INFO - [2021-04-01 00:22:52,166] {dag.py:1818} INFO - Sync 1 DAGs
[2021-04-01 00:22:52,173] {logging_mixin.py:104} INFO - [2021-04-01 00:22:52,173] {dag.py:2273} INFO - Setting next_dagrun for example_xcom to 2021-03-30 00:00:00+00:00
[2021-04-01 00:22:52,179] {scheduler_job.py:190} INFO - Processing /home/airflow/.local/lib/python3.6/site-packages/airflow/example_dags/example_xcom.py took 0.031 seconds
[2021-04-01 00:23:22,792] {scheduler_job.py:182} INFO - Started process (PID=241) to work on /home/airflow/.local/lib/python3.6/site-packages/airflow/example_dags/example_xcom.py
[2021-04-01 00:23:22,792] {scheduler_job.py:629} INFO - Processing file /home/airflow/.local/lib/python3.6/site-packages/airflow/example_dags/example_xcom.py for tasks to queue
[2021-04-01 00:23:22,792] {logging_mixin.py:104} INFO - [2021-04-01 00:23:22,792] {dagbag.py:448} INFO - Filling up the DagBag from /home/airflow/.local/lib/python3.6/site-packages/airflow/example_dags/example_xcom.py
[2021-04-01 00:23:22,798] {scheduler_job.py:639} INFO - DAG(s) dict_keys(['example_xcom']) retrieved from /home/airflow/.local/lib/python3.6/site-packages/airflow/example_dags/example_xcom.py
[2021-04-01 00:23:22,808] {logging_mixin.py:104} INFO - [2021-04-01 00:23:22,808] {dag.py:1818} INFO - Sync 1 DAGs
[2021-04-01 00:23:22,815] {logging_mixin.py:104} INFO - [2021-04-01 00:23:22,815] {dag.py:2273} INFO - Setting next_dagrun for example_xcom to 2021-03-30 00:00:00+00:00
[2021-04-01 00:23:22,821] {scheduler_job.py:190} INFO - Processing /home/airflow/.local/lib/python3.6/site-packages/airflow/example_dags/example_xcom.py took 0.031 seconds
[2021-04-01 00:23:53,430] {scheduler_job.py:182} INFO - Started process (PID=267) to work on /home/airflow/.local/lib/python3.6/site-packages/airflow/example_dags/example_xcom.py
[2021-04-01 00:23:53,430] {scheduler_job.py:629} INFO - Processing file /home/airflow/.local/lib/python3.6/site-packages/airflow/example_dags/example_xcom.py for tasks to queue
[2021-04-01 00:23:53,431] {logging_mixin.py:104} INFO - [2021-04-01 00:23:53,430] {dagbag.py:448} INFO - Filling up the DagBag from /home/airflow/.local/lib/python3.6/site-packages/airflow/example_dags/example_xcom.py
[2021-04-01 00:23:53,436] {scheduler_job.py:639} INFO - DAG(s) dict_keys(['example_xcom']) retrieved from /home/airflow/.local/lib/python3.6/site-packages/airflow/example_dags/example_xcom.py
[2021-04-01 00:23:53,446] {logging_mixin.py:104} INFO - [2021-04-01 00:23:53,446] {dag.py:1818} INFO - Sync 1 DAGs
[2021-04-01 00:23:53,453] {logging_mixin.py:104} INFO - [2021-04-01 00:23:53,453] {dag.py:2273} INFO - Setting next_dagrun for example_xcom to 2021-03-30 00:00:00+00:00
[2021-04-01 00:23:53,460] {scheduler_job.py:190} INFO - Processing /home/airflow/.local/lib/python3.6/site-packages/airflow/example_dags/example_xcom.py took 0.031 seconds
[2021-04-01 00:24:24,135] {scheduler_job.py:182} INFO - Started process (PID=293) to work on /home/airflow/.local/lib/python3.6/site-packages/airflow/example_dags/example_xcom.py
[2021-04-01 00:24:24,136] {scheduler_job.py:629} INFO - Processing file /home/airflow/.local/lib/python3.6/site-packages/airflow/example_dags/example_xcom.py for tasks to queue
[2021-04-01 00:24:24,136] {logging_mixin.py:104} INFO - [2021-04-01 00:24:24,136] {dagbag.py:448} INFO - Filling up the DagBag from /home/airflow/.local/lib/python3.6/site-packages/airflow/example_dags/example_xcom.py
[2021-04-01 00:24:24,142] {scheduler_job.py:639} INFO - DAG(s) dict_keys(['example_xcom']) retrieved from /home/airflow/.local/lib/python3.6/site-packages/airflow/example_dags/example_xcom.py
[2021-04-01 00:24:24,152] {logging_mixin.py:104} INFO - [2021-04-01 00:24:24,152] {dag.py:1818} INFO - Sync 1 DAGs
[2021-04-01 00:24:24,159] {logging_mixin.py:104} INFO - [2021-04-01 00:24:24,159] {dag.py:2273} INFO - Setting next_dagrun for example_xcom to 2021-03-30 00:00:00+00:00
[2021-04-01 00:24:24,168] {scheduler_job.py:190} INFO - Processing /home/airflow/.local/lib/python3.6/site-packages/airflow/example_dags/example_xcom.py took 0.034 seconds
[2021-04-01 00:24:54,755] {scheduler_job.py:182} INFO - Started process (PID=319) to work on /home/airflow/.local/lib/python3.6/site-packages/airflow/example_dags/example_xcom.py
[2021-04-01 00:24:54,755] {scheduler_job.py:629} INFO - Processing file /home/airflow/.local/lib/python3.6/site-packages/airflow/example_dags/example_xcom.py for tasks to queue
[2021-04-01 00:24:54,755] {logging_mixin.py:104} INFO - [2021-04-01 00:24:54,755] {dagbag.py:448} INFO - Filling up the DagBag from /home/airflow/.local/lib/python3.6/site-packages/airflow/example_dags/example_xcom.py
[2021-04-01 00:24:54,761] {scheduler_job.py:639} INFO - DAG(s) dict_keys(['example_xcom']) retrieved from /home/airflow/.local/lib/python3.6/site-packages/airflow/example_dags/example_xcom.py
[2021-04-01 00:24:54,771] {logging_mixin.py:104} INFO - [2021-04-01 00:24:54,771] {dag.py:1818} INFO - Sync 1 DAGs
[2021-04-01 00:24:54,778] {logging_mixin.py:104} INFO - [2021-04-01 00:24:54,778] {dag.py:2273} INFO - Setting next_dagrun for example_xcom to 2021-03-30 00:00:00+00:00
[2021-04-01 00:24:54,788] {scheduler_job.py:190} INFO - Processing /home/airflow/.local/lib/python3.6/site-packages/airflow/example_dags/example_xcom.py took 0.035 seconds
[2021-04-01 00:25:25,379] {scheduler_job.py:182} INFO - Started process (PID=345) to work on /home/airflow/.local/lib/python3.6/site-packages/airflow/example_dags/example_xcom.py
[2021-04-01 00:25:25,379] {scheduler_job.py:629} INFO - Processing file /home/airflow/.local/lib/python3.6/site-packages/airflow/example_dags/example_xcom.py for tasks to queue
[2021-04-01 00:25:25,379] {logging_mixin.py:104} INFO - [2021-04-01 00:25:25,379] {dagbag.py:448} INFO - Filling up the DagBag from /home/airflow/.local/lib/python3.6/site-packages/airflow/example_dags/example_xcom.py
[2021-04-01 00:25:25,385] {scheduler_job.py:639} INFO - DAG(s) dict_keys(['example_xcom']) retrieved from /home/airflow/.local/lib/python3.6/site-packages/airflow/example_dags/example_xcom.py
[2021-04-01 00:25:25,396] {logging_mixin.py:104} INFO - [2021-04-01 00:25:25,396] {dag.py:1818} INFO - Sync 1 DAGs
[2021-04-01 00:25:25,404] {logging_mixin.py:104} INFO - [2021-04-01 00:25:25,404] {dag.py:2273} INFO - Setting next_dagrun for example_xcom to 2021-03-30 00:00:00+00:00
[2021-04-01 00:25:25,412] {scheduler_job.py:190} INFO - Processing /home/airflow/.local/lib/python3.6/site-packages/airflow/example_dags/example_xcom.py took 0.034 seconds
[2021-04-01 00:25:56,002] {scheduler_job.py:182} INFO - Started process (PID=371) to work on /home/airflow/.local/lib/python3.6/site-packages/airflow/example_dags/example_xcom.py
[2021-04-01 00:25:56,003] {scheduler_job.py:629} INFO - Processing file /home/airflow/.local/lib/python3.6/site-packages/airflow/example_dags/example_xcom.py for tasks to queue
[2021-04-01 00:25:56,003] {logging_mixin.py:104} INFO - [2021-04-01 00:25:56,003] {dagbag.py:448} INFO - Filling up the DagBag from /home/airflow/.local/lib/python3.6/site-packages/airflow/example_dags/example_xcom.py
[2021-04-01 00:25:56,009] {scheduler_job.py:639} INFO - DAG(s) dict_keys(['example_xcom']) retrieved from /home/airflow/.local/lib/python3.6/site-packages/airflow/example_dags/example_xcom.py
[2021-04-01 00:25:56,019] {logging_mixin.py:104} INFO - [2021-04-01 00:25:56,019] {dag.py:1818} INFO - Sync 1 DAGs
[2021-04-01 00:25:56,027] {logging_mixin.py:104} INFO - [2021-04-01 00:25:56,027] {dag.py:2273} INFO - Setting next_dagrun for example_xcom to 2021-03-30 00:00:00+00:00
[2021-04-01 00:25:56,033] {scheduler_job.py:190} INFO - Processing /home/airflow/.local/lib/python3.6/site-packages/airflow/example_dags/example_xcom.py took 0.032 seconds
[2021-04-01 00:26:26,638] {scheduler_job.py:182} INFO - Started process (PID=397) to work on /home/airflow/.local/lib/python3.6/site-packages/airflow/example_dags/example_xcom.py
[2021-04-01 00:26:26,639] {scheduler_job.py:629} INFO - Processing file /home/airflow/.local/lib/python3.6/site-packages/airflow/example_dags/example_xcom.py for tasks to queue
[2021-04-01 00:26:26,639] {logging_mixin.py:104} INFO - [2021-04-01 00:26:26,639] {dagbag.py:448} INFO - Filling up the DagBag from /home/airflow/.local/lib/python3.6/site-packages/airflow/example_dags/example_xcom.py
[2021-04-01 00:26:26,644] {scheduler_job.py:639} INFO - DAG(s) dict_keys(['example_xcom']) retrieved from /home/airflow/.local/lib/python3.6/site-packages/airflow/example_dags/example_xcom.py
[2021-04-01 00:26:26,654] {logging_mixin.py:104} INFO - [2021-04-01 00:26:26,654] {dag.py:1818} INFO - Sync 1 DAGs
[2021-04-01 00:26:26,663] {logging_mixin.py:104} INFO - [2021-04-01 00:26:26,663] {dag.py:2273} INFO - Setting next_dagrun for example_xcom to 2021-03-30 00:00:00+00:00
[2021-04-01 00:26:26,672] {scheduler_job.py:190} INFO - Processing /home/airflow/.local/lib/python3.6/site-packages/airflow/example_dags/example_xcom.py took 0.035 seconds
[2021-04-01 00:26:57,297] {scheduler_job.py:182} INFO - Started process (PID=423) to work on /home/airflow/.local/lib/python3.6/site-packages/airflow/example_dags/example_xcom.py
[2021-04-01 00:26:57,298] {scheduler_job.py:629} INFO - Processing file /home/airflow/.local/lib/python3.6/site-packages/airflow/example_dags/example_xcom.py for tasks to queue
[2021-04-01 00:26:57,298] {logging_mixin.py:104} INFO - [2021-04-01 00:26:57,298] {dagbag.py:448} INFO - Filling up the DagBag from /home/airflow/.local/lib/python3.6/site-packages/airflow/example_dags/example_xcom.py
[2021-04-01 00:26:57,303] {scheduler_job.py:639} INFO - DAG(s) dict_keys(['example_xcom']) retrieved from /home/airflow/.local/lib/python3.6/site-packages/airflow/example_dags/example_xcom.py
[2021-04-01 00:26:57,314] {logging_mixin.py:104} INFO - [2021-04-01 00:26:57,314] {dag.py:1818} INFO - Sync 1 DAGs
[2021-04-01 00:26:57,322] {logging_mixin.py:104} INFO - [2021-04-01 00:26:57,322] {dag.py:2273} INFO - Setting next_dagrun for example_xcom to 2021-03-30 00:00:00+00:00
[2021-04-01 00:26:57,331] {scheduler_job.py:190} INFO - Processing /home/airflow/.local/lib/python3.6/site-packages/airflow/example_dags/example_xcom.py took 0.035 seconds
[2021-04-01 00:27:27,952] {scheduler_job.py:182} INFO - Started process (PID=449) to work on /home/airflow/.local/lib/python3.6/site-packages/airflow/example_dags/example_xcom.py
[2021-04-01 00:27:27,953] {scheduler_job.py:629} INFO - Processing file /home/airflow/.local/lib/python3.6/site-packages/airflow/example_dags/example_xcom.py for tasks to queue
[2021-04-01 00:27:27,953] {logging_mixin.py:104} INFO - [2021-04-01 00:27:27,953] {dagbag.py:448} INFO - Filling up the DagBag from /home/airflow/.local/lib/python3.6/site-packages/airflow/example_dags/example_xcom.py
[2021-04-01 00:27:27,958] {scheduler_job.py:639} INFO - DAG(s) dict_keys(['example_xcom']) retrieved from /home/airflow/.local/lib/python3.6/site-packages/airflow/example_dags/example_xcom.py
[2021-04-01 00:27:27,969] {logging_mixin.py:104} INFO - [2021-04-01 00:27:27,969] {dag.py:1818} INFO - Sync 1 DAGs
[2021-04-01 00:27:27,977] {logging_mixin.py:104} INFO - [2021-04-01 00:27:27,977] {dag.py:2273} INFO - Setting next_dagrun for example_xcom to 2021-03-30 00:00:00+00:00
[2021-04-01 00:27:27,984] {scheduler_job.py:190} INFO - Processing /home/airflow/.local/lib/python3.6/site-packages/airflow/example_dags/example_xcom.py took 0.033 seconds
[2021-04-01 00:27:58,597] {scheduler_job.py:182} INFO - Started process (PID=475) to work on /home/airflow/.local/lib/python3.6/site-packages/airflow/example_dags/example_xcom.py
[2021-04-01 00:27:58,598] {scheduler_job.py:629} INFO - Processing file /home/airflow/.local/lib/python3.6/site-packages/airflow/example_dags/example_xcom.py for tasks to queue
[2021-04-01 00:27:58,598] {logging_mixin.py:104} INFO - [2021-04-01 00:27:58,598] {dagbag.py:448} INFO - Filling up the DagBag from /home/airflow/.local/lib/python3.6/site-packages/airflow/example_dags/example_xcom.py
[2021-04-01 00:27:58,604] {scheduler_job.py:639} INFO - DAG(s) dict_keys(['example_xcom']) retrieved from /home/airflow/.local/lib/python3.6/site-packages/airflow/example_dags/example_xcom.py
[2021-04-01 00:27:58,614] {logging_mixin.py:104} INFO - [2021-04-01 00:27:58,614] {dag.py:1818} INFO - Sync 1 DAGs
[2021-04-01 00:27:58,622] {logging_mixin.py:104} INFO - [2021-04-01 00:27:58,622] {dag.py:2273} INFO - Setting next_dagrun for example_xcom to 2021-03-30 00:00:00+00:00
[2021-04-01 00:27:58,629] {scheduler_job.py:190} INFO - Processing /home/airflow/.local/lib/python3.6/site-packages/airflow/example_dags/example_xcom.py took 0.033 seconds
[2021-04-01 00:28:29,239] {scheduler_job.py:182} INFO - Started process (PID=501) to work on /home/airflow/.local/lib/python3.6/site-packages/airflow/example_dags/example_xcom.py
[2021-04-01 00:28:29,239] {scheduler_job.py:629} INFO - Processing file /home/airflow/.local/lib/python3.6/site-packages/airflow/example_dags/example_xcom.py for tasks to queue
[2021-04-01 00:28:29,240] {logging_mixin.py:104} INFO - [2021-04-01 00:28:29,240] {dagbag.py:448} INFO - Filling up the DagBag from /home/airflow/.local/lib/python3.6/site-packages/airflow/example_dags/example_xcom.py
[2021-04-01 00:28:29,245] {scheduler_job.py:639} INFO - DAG(s) dict_keys(['example_xcom']) retrieved from /home/airflow/.local/lib/python3.6/site-packages/airflow/example_dags/example_xcom.py
[2021-04-01 00:28:29,256] {logging_mixin.py:104} INFO - [2021-04-01 00:28:29,256] {dag.py:1818} INFO - Sync 1 DAGs
[2021-04-01 00:28:29,264] {logging_mixin.py:104} INFO - [2021-04-01 00:28:29,264] {dag.py:2273} INFO - Setting next_dagrun for example_xcom to 2021-03-30 00:00:00+00:00
[2021-04-01 00:28:29,270] {scheduler_job.py:190} INFO - Processing /home/airflow/.local/lib/python3.6/site-packages/airflow/example_dags/example_xcom.py took 0.032 seconds
[2021-04-01 00:28:59,877] {scheduler_job.py:182} INFO - Started process (PID=527) to work on /home/airflow/.local/lib/python3.6/site-packages/airflow/example_dags/example_xcom.py
[2021-04-01 00:28:59,878] {scheduler_job.py:629} INFO - Processing file /home/airflow/.local/lib/python3.6/site-packages/airflow/example_dags/example_xcom.py for tasks to queue
[2021-04-01 00:28:59,878] {logging_mixin.py:104} INFO - [2021-04-01 00:28:59,878] {dagbag.py:448} INFO - Filling up the DagBag from /home/airflow/.local/lib/python3.6/site-packages/airflow/example_dags/example_xcom.py
[2021-04-01 00:28:59,884] {scheduler_job.py:639} INFO - DAG(s) dict_keys(['example_xcom']) retrieved from /home/airflow/.local/lib/python3.6/site-packages/airflow/example_dags/example_xcom.py
[2021-04-01 00:28:59,893] {logging_mixin.py:104} INFO - [2021-04-01 00:28:59,893] {dag.py:1818} INFO - Sync 1 DAGs
[2021-04-01 00:28:59,902] {logging_mixin.py:104} INFO - [2021-04-01 00:28:59,902] {dag.py:2273} INFO - Setting next_dagrun for example_xcom to 2021-03-30 00:00:00+00:00
[2021-04-01 00:28:59,907] {scheduler_job.py:190} INFO - Processing /home/airflow/.local/lib/python3.6/site-packages/airflow/example_dags/example_xcom.py took 0.031 seconds
[2021-04-01 00:29:30,567] {scheduler_job.py:182} INFO - Started process (PID=553) to work on /home/airflow/.local/lib/python3.6/site-packages/airflow/example_dags/example_xcom.py
[2021-04-01 00:29:30,567] {scheduler_job.py:629} INFO - Processing file /home/airflow/.local/lib/python3.6/site-packages/airflow/example_dags/example_xcom.py for tasks to queue
[2021-04-01 00:29:30,567] {logging_mixin.py:104} INFO - [2021-04-01 00:29:30,567] {dagbag.py:448} INFO - Filling up the DagBag from /home/airflow/.local/lib/python3.6/site-packages/airflow/example_dags/example_xcom.py
[2021-04-01 00:29:30,573] {scheduler_job.py:639} INFO - DAG(s) dict_keys(['example_xcom']) retrieved from /home/airflow/.local/lib/python3.6/site-packages/airflow/example_dags/example_xcom.py
[2021-04-01 00:29:30,584] {logging_mixin.py:104} INFO - [2021-04-01 00:29:30,584] {dag.py:1818} INFO - Sync 1 DAGs
[2021-04-01 00:29:30,591] {logging_mixin.py:104} INFO - [2021-04-01 00:29:30,591] {dag.py:2273} INFO - Setting next_dagrun for example_xcom to 2021-03-30 00:00:00+00:00
[2021-04-01 00:29:30,597] {scheduler_job.py:190} INFO - Processing /home/airflow/.local/lib/python3.6/site-packages/airflow/example_dags/example_xcom.py took 0.032 seconds
[2021-04-01 00:30:01,201] {scheduler_job.py:182} INFO - Started process (PID=579) to work on /home/airflow/.local/lib/python3.6/site-packages/airflow/example_dags/example_xcom.py
[2021-04-01 00:30:01,201] {scheduler_job.py:629} INFO - Processing file /home/airflow/.local/lib/python3.6/site-packages/airflow/example_dags/example_xcom.py for tasks to queue
[2021-04-01 00:30:01,202] {logging_mixin.py:104} INFO - [2021-04-01 00:30:01,202] {dagbag.py:448} INFO - Filling up the DagBag from /home/airflow/.local/lib/python3.6/site-packages/airflow/example_dags/example_xcom.py
[2021-04-01 00:30:01,207] {scheduler_job.py:639} INFO - DAG(s) dict_keys(['example_xcom']) retrieved from /home/airflow/.local/lib/python3.6/site-packages/airflow/example_dags/example_xcom.py
[2021-04-01 00:30:01,218] {logging_mixin.py:104} INFO - [2021-04-01 00:30:01,218] {dag.py:1818} INFO - Sync 1 DAGs
[2021-04-01 00:30:01,225] {logging_mixin.py:104} INFO - [2021-04-01 00:30:01,225] {dag.py:2273} INFO - Setting next_dagrun for example_xcom to 2021-03-30 00:00:00+00:00
[2021-04-01 00:30:01,230] {scheduler_job.py:190} INFO - Processing /home/airflow/.local/lib/python3.6/site-packages/airflow/example_dags/example_xcom.py took 0.031 seconds
[2021-04-01 00:30:31,833] {scheduler_job.py:182} INFO - Started process (PID=605) to work on /home/airflow/.local/lib/python3.6/site-packages/airflow/example_dags/example_xcom.py
[2021-04-01 00:30:31,834] {scheduler_job.py:629} INFO - Processing file /home/airflow/.local/lib/python3.6/site-packages/airflow/example_dags/example_xcom.py for tasks to queue
[2021-04-01 00:30:31,834] {logging_mixin.py:104} INFO - [2021-04-01 00:30:31,834] {dagbag.py:448} INFO - Filling up the DagBag from /home/airflow/.local/lib/python3.6/site-packages/airflow/example_dags/example_xcom.py
[2021-04-01 00:30:31,839] {scheduler_job.py:639} INFO - DAG(s) dict_keys(['example_xcom']) retrieved from /home/airflow/.local/lib/python3.6/site-packages/airflow/example_dags/example_xcom.py
[2021-04-01 00:30:31,850] {logging_mixin.py:104} INFO - [2021-04-01 00:30:31,850] {dag.py:1818} INFO - Sync 1 DAGs
[2021-04-01 00:30:31,858] {logging_mixin.py:104} INFO - [2021-04-01 00:30:31,858] {dag.py:2273} INFO - Setting next_dagrun for example_xcom to 2021-03-30 00:00:00+00:00
[2021-04-01 00:30:31,863] {scheduler_job.py:190} INFO - Processing /home/airflow/.local/lib/python3.6/site-packages/airflow/example_dags/example_xcom.py took 0.031 seconds
[2021-04-01 00:31:02,463] {scheduler_job.py:182} INFO - Started process (PID=631) to work on /home/airflow/.local/lib/python3.6/site-packages/airflow/example_dags/example_xcom.py
[2021-04-01 00:31:02,464] {scheduler_job.py:629} INFO - Processing file /home/airflow/.local/lib/python3.6/site-packages/airflow/example_dags/example_xcom.py for tasks to queue
[2021-04-01 00:31:02,464] {logging_mixin.py:104} INFO - [2021-04-01 00:31:02,464] {dagbag.py:448} INFO - Filling up the DagBag from /home/airflow/.local/lib/python3.6/site-packages/airflow/example_dags/example_xcom.py
[2021-04-01 00:31:02,470] {scheduler_job.py:639} INFO - DAG(s) dict_keys(['example_xcom']) retrieved from /home/airflow/.local/lib/python3.6/site-packages/airflow/example_dags/example_xcom.py
[2021-04-01 00:31:02,480] {logging_mixin.py:104} INFO - [2021-04-01 00:31:02,480] {dag.py:1818} INFO - Sync 1 DAGs
[2021-04-01 00:31:02,488] {logging_mixin.py:104} INFO - [2021-04-01 00:31:02,487] {dag.py:2273} INFO - Setting next_dagrun for example_xcom to 2021-03-30 00:00:00+00:00
[2021-04-01 00:31:02,496] {scheduler_job.py:190} INFO - Processing /home/airflow/.local/lib/python3.6/site-packages/airflow/example_dags/example_xcom.py took 0.034 seconds
[2021-04-01 00:31:33,099] {scheduler_job.py:182} INFO - Started process (PID=657) to work on /home/airflow/.local/lib/python3.6/site-packages/airflow/example_dags/example_xcom.py
[2021-04-01 00:31:33,100] {scheduler_job.py:629} INFO - Processing file /home/airflow/.local/lib/python3.6/site-packages/airflow/example_dags/example_xcom.py for tasks to queue
[2021-04-01 00:31:33,100] {logging_mixin.py:104} INFO - [2021-04-01 00:31:33,100] {dagbag.py:448} INFO - Filling up the DagBag from /home/airflow/.local/lib/python3.6/site-packages/airflow/example_dags/example_xcom.py
[2021-04-01 00:31:33,106] {scheduler_job.py:639} INFO - DAG(s) dict_keys(['example_xcom']) retrieved from /home/airflow/.local/lib/python3.6/site-packages/airflow/example_dags/example_xcom.py
[2021-04-01 00:31:33,117] {logging_mixin.py:104} INFO - [2021-04-01 00:31:33,117] {dag.py:1818} INFO - Sync 1 DAGs
[2021-04-01 00:31:33,124] {logging_mixin.py:104} INFO - [2021-04-01 00:31:33,124] {dag.py:2273} INFO - Setting next_dagrun for example_xcom to 2021-03-30 00:00:00+00:00
[2021-04-01 00:31:33,132] {scheduler_job.py:190} INFO - Processing /home/airflow/.local/lib/python3.6/site-packages/airflow/example_dags/example_xcom.py took 0.034 seconds
