[2021-04-01 00:00:01,782] {scheduler_job.py:182} INFO - Started process (PID=125) to work on /home/airflow/.local/lib/python3.6/site-packages/airflow/example_dags/example_external_task_marker_dag.py
[2021-04-01 00:00:01,783] {scheduler_job.py:629} INFO - Processing file /home/airflow/.local/lib/python3.6/site-packages/airflow/example_dags/example_external_task_marker_dag.py for tasks to queue
[2021-04-01 00:00:01,783] {logging_mixin.py:104} INFO - [2021-04-01 00:00:01,783] {dagbag.py:448} INFO - Filling up the DagBag from /home/airflow/.local/lib/python3.6/site-packages/airflow/example_dags/example_external_task_marker_dag.py
[2021-04-01 00:00:01,789] {scheduler_job.py:639} INFO - DAG(s) dict_keys(['example_external_task_marker_parent', 'example_external_task_marker_child']) retrieved from /home/airflow/.local/lib/python3.6/site-packages/airflow/example_dags/example_external_task_marker_dag.py
[2021-04-01 00:00:01,801] {logging_mixin.py:104} INFO - [2021-04-01 00:00:01,801] {dag.py:1818} INFO - Sync 2 DAGs
[2021-04-01 00:00:01,809] {logging_mixin.py:104} INFO - [2021-04-01 00:00:01,809] {dag.py:2273} INFO - Setting next_dagrun for example_external_task_marker_child to None
[2021-04-01 00:00:01,809] {logging_mixin.py:104} INFO - [2021-04-01 00:00:01,809] {dag.py:2273} INFO - Setting next_dagrun for example_external_task_marker_parent to None
[2021-04-01 00:00:01,815] {scheduler_job.py:190} INFO - Processing /home/airflow/.local/lib/python3.6/site-packages/airflow/example_dags/example_external_task_marker_dag.py took 0.035 seconds
[2021-04-01 00:00:32,449] {scheduler_job.py:182} INFO - Started process (PID=151) to work on /home/airflow/.local/lib/python3.6/site-packages/airflow/example_dags/example_external_task_marker_dag.py
[2021-04-01 00:00:32,450] {scheduler_job.py:629} INFO - Processing file /home/airflow/.local/lib/python3.6/site-packages/airflow/example_dags/example_external_task_marker_dag.py for tasks to queue
[2021-04-01 00:00:32,450] {logging_mixin.py:104} INFO - [2021-04-01 00:00:32,450] {dagbag.py:448} INFO - Filling up the DagBag from /home/airflow/.local/lib/python3.6/site-packages/airflow/example_dags/example_external_task_marker_dag.py
[2021-04-01 00:00:32,456] {scheduler_job.py:639} INFO - DAG(s) dict_keys(['example_external_task_marker_parent', 'example_external_task_marker_child']) retrieved from /home/airflow/.local/lib/python3.6/site-packages/airflow/example_dags/example_external_task_marker_dag.py
[2021-04-01 00:00:32,467] {logging_mixin.py:104} INFO - [2021-04-01 00:00:32,467] {dag.py:1818} INFO - Sync 2 DAGs
[2021-04-01 00:00:32,475] {logging_mixin.py:104} INFO - [2021-04-01 00:00:32,475] {dag.py:2273} INFO - Setting next_dagrun for example_external_task_marker_child to None
[2021-04-01 00:00:32,475] {logging_mixin.py:104} INFO - [2021-04-01 00:00:32,475] {dag.py:2273} INFO - Setting next_dagrun for example_external_task_marker_parent to None
[2021-04-01 00:00:32,481] {scheduler_job.py:190} INFO - Processing /home/airflow/.local/lib/python3.6/site-packages/airflow/example_dags/example_external_task_marker_dag.py took 0.033 seconds
[2021-04-01 00:01:03,104] {scheduler_job.py:182} INFO - Started process (PID=177) to work on /home/airflow/.local/lib/python3.6/site-packages/airflow/example_dags/example_external_task_marker_dag.py
[2021-04-01 00:01:03,105] {scheduler_job.py:629} INFO - Processing file /home/airflow/.local/lib/python3.6/site-packages/airflow/example_dags/example_external_task_marker_dag.py for tasks to queue
[2021-04-01 00:01:03,106] {logging_mixin.py:104} INFO - [2021-04-01 00:01:03,106] {dagbag.py:448} INFO - Filling up the DagBag from /home/airflow/.local/lib/python3.6/site-packages/airflow/example_dags/example_external_task_marker_dag.py
[2021-04-01 00:01:03,111] {scheduler_job.py:639} INFO - DAG(s) dict_keys(['example_external_task_marker_parent', 'example_external_task_marker_child']) retrieved from /home/airflow/.local/lib/python3.6/site-packages/airflow/example_dags/example_external_task_marker_dag.py
[2021-04-01 00:01:03,123] {logging_mixin.py:104} INFO - [2021-04-01 00:01:03,123] {dag.py:1818} INFO - Sync 2 DAGs
[2021-04-01 00:01:03,130] {logging_mixin.py:104} INFO - [2021-04-01 00:01:03,130] {dag.py:2273} INFO - Setting next_dagrun for example_external_task_marker_child to None
[2021-04-01 00:01:03,131] {logging_mixin.py:104} INFO - [2021-04-01 00:01:03,131] {dag.py:2273} INFO - Setting next_dagrun for example_external_task_marker_parent to None
[2021-04-01 00:01:03,137] {scheduler_job.py:190} INFO - Processing /home/airflow/.local/lib/python3.6/site-packages/airflow/example_dags/example_external_task_marker_dag.py took 0.034 seconds
[2021-04-01 00:01:33,776] {scheduler_job.py:182} INFO - Started process (PID=203) to work on /home/airflow/.local/lib/python3.6/site-packages/airflow/example_dags/example_external_task_marker_dag.py
[2021-04-01 00:01:33,777] {scheduler_job.py:629} INFO - Processing file /home/airflow/.local/lib/python3.6/site-packages/airflow/example_dags/example_external_task_marker_dag.py for tasks to queue
[2021-04-01 00:01:33,777] {logging_mixin.py:104} INFO - [2021-04-01 00:01:33,777] {dagbag.py:448} INFO - Filling up the DagBag from /home/airflow/.local/lib/python3.6/site-packages/airflow/example_dags/example_external_task_marker_dag.py
[2021-04-01 00:01:33,782] {scheduler_job.py:639} INFO - DAG(s) dict_keys(['example_external_task_marker_parent', 'example_external_task_marker_child']) retrieved from /home/airflow/.local/lib/python3.6/site-packages/airflow/example_dags/example_external_task_marker_dag.py
[2021-04-01 00:01:33,797] {logging_mixin.py:104} INFO - [2021-04-01 00:01:33,797] {dag.py:1818} INFO - Sync 2 DAGs
[2021-04-01 00:01:33,804] {logging_mixin.py:104} INFO - [2021-04-01 00:01:33,804] {dag.py:2273} INFO - Setting next_dagrun for example_external_task_marker_child to None
[2021-04-01 00:01:33,805] {logging_mixin.py:104} INFO - [2021-04-01 00:01:33,805] {dag.py:2273} INFO - Setting next_dagrun for example_external_task_marker_parent to None
[2021-04-01 00:01:33,812] {scheduler_job.py:190} INFO - Processing /home/airflow/.local/lib/python3.6/site-packages/airflow/example_dags/example_external_task_marker_dag.py took 0.037 seconds
[2021-04-01 00:02:04,335] {scheduler_job.py:182} INFO - Started process (PID=229) to work on /home/airflow/.local/lib/python3.6/site-packages/airflow/example_dags/example_external_task_marker_dag.py
[2021-04-01 00:02:04,336] {scheduler_job.py:629} INFO - Processing file /home/airflow/.local/lib/python3.6/site-packages/airflow/example_dags/example_external_task_marker_dag.py for tasks to queue
[2021-04-01 00:02:04,336] {logging_mixin.py:104} INFO - [2021-04-01 00:02:04,336] {dagbag.py:448} INFO - Filling up the DagBag from /home/airflow/.local/lib/python3.6/site-packages/airflow/example_dags/example_external_task_marker_dag.py
[2021-04-01 00:02:04,342] {scheduler_job.py:639} INFO - DAG(s) dict_keys(['example_external_task_marker_parent', 'example_external_task_marker_child']) retrieved from /home/airflow/.local/lib/python3.6/site-packages/airflow/example_dags/example_external_task_marker_dag.py
[2021-04-01 00:02:04,355] {logging_mixin.py:104} INFO - [2021-04-01 00:02:04,355] {dag.py:1818} INFO - Sync 2 DAGs
[2021-04-01 00:02:04,362] {logging_mixin.py:104} INFO - [2021-04-01 00:02:04,362] {dag.py:2273} INFO - Setting next_dagrun for example_external_task_marker_child to None
[2021-04-01 00:02:04,363] {logging_mixin.py:104} INFO - [2021-04-01 00:02:04,363] {dag.py:2273} INFO - Setting next_dagrun for example_external_task_marker_parent to None
[2021-04-01 00:02:04,369] {scheduler_job.py:190} INFO - Processing /home/airflow/.local/lib/python3.6/site-packages/airflow/example_dags/example_external_task_marker_dag.py took 0.035 seconds
[2021-04-01 00:02:34,959] {scheduler_job.py:182} INFO - Started process (PID=255) to work on /home/airflow/.local/lib/python3.6/site-packages/airflow/example_dags/example_external_task_marker_dag.py
[2021-04-01 00:02:34,959] {scheduler_job.py:629} INFO - Processing file /home/airflow/.local/lib/python3.6/site-packages/airflow/example_dags/example_external_task_marker_dag.py for tasks to queue
[2021-04-01 00:02:34,960] {logging_mixin.py:104} INFO - [2021-04-01 00:02:34,960] {dagbag.py:448} INFO - Filling up the DagBag from /home/airflow/.local/lib/python3.6/site-packages/airflow/example_dags/example_external_task_marker_dag.py
[2021-04-01 00:02:34,965] {scheduler_job.py:639} INFO - DAG(s) dict_keys(['example_external_task_marker_parent', 'example_external_task_marker_child']) retrieved from /home/airflow/.local/lib/python3.6/site-packages/airflow/example_dags/example_external_task_marker_dag.py
[2021-04-01 00:02:34,978] {logging_mixin.py:104} INFO - [2021-04-01 00:02:34,978] {dag.py:1818} INFO - Sync 2 DAGs
[2021-04-01 00:02:34,985] {logging_mixin.py:104} INFO - [2021-04-01 00:02:34,985] {dag.py:2273} INFO - Setting next_dagrun for example_external_task_marker_child to None
[2021-04-01 00:02:34,986] {logging_mixin.py:104} INFO - [2021-04-01 00:02:34,986] {dag.py:2273} INFO - Setting next_dagrun for example_external_task_marker_parent to None
[2021-04-01 00:02:34,992] {scheduler_job.py:190} INFO - Processing /home/airflow/.local/lib/python3.6/site-packages/airflow/example_dags/example_external_task_marker_dag.py took 0.035 seconds
[2021-04-01 00:03:05,553] {scheduler_job.py:182} INFO - Started process (PID=281) to work on /home/airflow/.local/lib/python3.6/site-packages/airflow/example_dags/example_external_task_marker_dag.py
[2021-04-01 00:03:05,554] {scheduler_job.py:629} INFO - Processing file /home/airflow/.local/lib/python3.6/site-packages/airflow/example_dags/example_external_task_marker_dag.py for tasks to queue
[2021-04-01 00:03:05,554] {logging_mixin.py:104} INFO - [2021-04-01 00:03:05,554] {dagbag.py:448} INFO - Filling up the DagBag from /home/airflow/.local/lib/python3.6/site-packages/airflow/example_dags/example_external_task_marker_dag.py
[2021-04-01 00:03:05,561] {scheduler_job.py:639} INFO - DAG(s) dict_keys(['example_external_task_marker_parent', 'example_external_task_marker_child']) retrieved from /home/airflow/.local/lib/python3.6/site-packages/airflow/example_dags/example_external_task_marker_dag.py
[2021-04-01 00:03:05,574] {logging_mixin.py:104} INFO - [2021-04-01 00:03:05,574] {dag.py:1818} INFO - Sync 2 DAGs
[2021-04-01 00:03:05,583] {logging_mixin.py:104} INFO - [2021-04-01 00:03:05,583] {dag.py:2273} INFO - Setting next_dagrun for example_external_task_marker_child to None
[2021-04-01 00:03:05,584] {logging_mixin.py:104} INFO - [2021-04-01 00:03:05,584] {dag.py:2273} INFO - Setting next_dagrun for example_external_task_marker_parent to None
[2021-04-01 00:03:05,592] {scheduler_job.py:190} INFO - Processing /home/airflow/.local/lib/python3.6/site-packages/airflow/example_dags/example_external_task_marker_dag.py took 0.040 seconds
[2021-04-01 00:03:36,169] {scheduler_job.py:182} INFO - Started process (PID=307) to work on /home/airflow/.local/lib/python3.6/site-packages/airflow/example_dags/example_external_task_marker_dag.py
[2021-04-01 00:03:36,170] {scheduler_job.py:629} INFO - Processing file /home/airflow/.local/lib/python3.6/site-packages/airflow/example_dags/example_external_task_marker_dag.py for tasks to queue
[2021-04-01 00:03:36,170] {logging_mixin.py:104} INFO - [2021-04-01 00:03:36,170] {dagbag.py:448} INFO - Filling up the DagBag from /home/airflow/.local/lib/python3.6/site-packages/airflow/example_dags/example_external_task_marker_dag.py
[2021-04-01 00:03:36,176] {scheduler_job.py:639} INFO - DAG(s) dict_keys(['example_external_task_marker_parent', 'example_external_task_marker_child']) retrieved from /home/airflow/.local/lib/python3.6/site-packages/airflow/example_dags/example_external_task_marker_dag.py
[2021-04-01 00:03:36,190] {logging_mixin.py:104} INFO - [2021-04-01 00:03:36,190] {dag.py:1818} INFO - Sync 2 DAGs
[2021-04-01 00:03:36,199] {logging_mixin.py:104} INFO - [2021-04-01 00:03:36,199] {dag.py:2273} INFO - Setting next_dagrun for example_external_task_marker_child to None
[2021-04-01 00:03:36,200] {logging_mixin.py:104} INFO - [2021-04-01 00:03:36,200] {dag.py:2273} INFO - Setting next_dagrun for example_external_task_marker_parent to None
[2021-04-01 00:03:36,207] {scheduler_job.py:190} INFO - Processing /home/airflow/.local/lib/python3.6/site-packages/airflow/example_dags/example_external_task_marker_dag.py took 0.040 seconds
[2021-04-01 00:04:06,749] {scheduler_job.py:182} INFO - Started process (PID=333) to work on /home/airflow/.local/lib/python3.6/site-packages/airflow/example_dags/example_external_task_marker_dag.py
[2021-04-01 00:04:06,749] {scheduler_job.py:629} INFO - Processing file /home/airflow/.local/lib/python3.6/site-packages/airflow/example_dags/example_external_task_marker_dag.py for tasks to queue
[2021-04-01 00:04:06,749] {logging_mixin.py:104} INFO - [2021-04-01 00:04:06,749] {dagbag.py:448} INFO - Filling up the DagBag from /home/airflow/.local/lib/python3.6/site-packages/airflow/example_dags/example_external_task_marker_dag.py
[2021-04-01 00:04:06,755] {scheduler_job.py:639} INFO - DAG(s) dict_keys(['example_external_task_marker_parent', 'example_external_task_marker_child']) retrieved from /home/airflow/.local/lib/python3.6/site-packages/airflow/example_dags/example_external_task_marker_dag.py
[2021-04-01 00:04:06,769] {logging_mixin.py:104} INFO - [2021-04-01 00:04:06,769] {dag.py:1818} INFO - Sync 2 DAGs
[2021-04-01 00:04:06,779] {logging_mixin.py:104} INFO - [2021-04-01 00:04:06,779] {dag.py:2273} INFO - Setting next_dagrun for example_external_task_marker_child to None
[2021-04-01 00:04:06,779] {logging_mixin.py:104} INFO - [2021-04-01 00:04:06,779] {dag.py:2273} INFO - Setting next_dagrun for example_external_task_marker_parent to None
[2021-04-01 00:04:06,786] {scheduler_job.py:190} INFO - Processing /home/airflow/.local/lib/python3.6/site-packages/airflow/example_dags/example_external_task_marker_dag.py took 0.039 seconds
[2021-04-01 00:04:37,340] {scheduler_job.py:182} INFO - Started process (PID=359) to work on /home/airflow/.local/lib/python3.6/site-packages/airflow/example_dags/example_external_task_marker_dag.py
[2021-04-01 00:04:37,341] {scheduler_job.py:629} INFO - Processing file /home/airflow/.local/lib/python3.6/site-packages/airflow/example_dags/example_external_task_marker_dag.py for tasks to queue
[2021-04-01 00:04:37,341] {logging_mixin.py:104} INFO - [2021-04-01 00:04:37,341] {dagbag.py:448} INFO - Filling up the DagBag from /home/airflow/.local/lib/python3.6/site-packages/airflow/example_dags/example_external_task_marker_dag.py
[2021-04-01 00:04:37,346] {scheduler_job.py:639} INFO - DAG(s) dict_keys(['example_external_task_marker_parent', 'example_external_task_marker_child']) retrieved from /home/airflow/.local/lib/python3.6/site-packages/airflow/example_dags/example_external_task_marker_dag.py
[2021-04-01 00:04:37,360] {logging_mixin.py:104} INFO - [2021-04-01 00:04:37,360] {dag.py:1818} INFO - Sync 2 DAGs
[2021-04-01 00:04:37,369] {logging_mixin.py:104} INFO - [2021-04-01 00:04:37,369] {dag.py:2273} INFO - Setting next_dagrun for example_external_task_marker_child to None
[2021-04-01 00:04:37,369] {logging_mixin.py:104} INFO - [2021-04-01 00:04:37,369] {dag.py:2273} INFO - Setting next_dagrun for example_external_task_marker_parent to None
[2021-04-01 00:04:37,376] {scheduler_job.py:190} INFO - Processing /home/airflow/.local/lib/python3.6/site-packages/airflow/example_dags/example_external_task_marker_dag.py took 0.037 seconds
[2021-04-01 00:05:07,947] {scheduler_job.py:182} INFO - Started process (PID=385) to work on /home/airflow/.local/lib/python3.6/site-packages/airflow/example_dags/example_external_task_marker_dag.py
[2021-04-01 00:05:07,947] {scheduler_job.py:629} INFO - Processing file /home/airflow/.local/lib/python3.6/site-packages/airflow/example_dags/example_external_task_marker_dag.py for tasks to queue
[2021-04-01 00:05:07,947] {logging_mixin.py:104} INFO - [2021-04-01 00:05:07,947] {dagbag.py:448} INFO - Filling up the DagBag from /home/airflow/.local/lib/python3.6/site-packages/airflow/example_dags/example_external_task_marker_dag.py
[2021-04-01 00:05:07,953] {scheduler_job.py:639} INFO - DAG(s) dict_keys(['example_external_task_marker_parent', 'example_external_task_marker_child']) retrieved from /home/airflow/.local/lib/python3.6/site-packages/airflow/example_dags/example_external_task_marker_dag.py
[2021-04-01 00:05:07,966] {logging_mixin.py:104} INFO - [2021-04-01 00:05:07,966] {dag.py:1818} INFO - Sync 2 DAGs
[2021-04-01 00:05:07,976] {logging_mixin.py:104} INFO - [2021-04-01 00:05:07,976] {dag.py:2273} INFO - Setting next_dagrun for example_external_task_marker_child to None
[2021-04-01 00:05:07,977] {logging_mixin.py:104} INFO - [2021-04-01 00:05:07,977] {dag.py:2273} INFO - Setting next_dagrun for example_external_task_marker_parent to None
[2021-04-01 00:05:07,984] {scheduler_job.py:190} INFO - Processing /home/airflow/.local/lib/python3.6/site-packages/airflow/example_dags/example_external_task_marker_dag.py took 0.038 seconds
[2021-04-01 00:05:38,573] {scheduler_job.py:182} INFO - Started process (PID=411) to work on /home/airflow/.local/lib/python3.6/site-packages/airflow/example_dags/example_external_task_marker_dag.py
[2021-04-01 00:05:38,574] {scheduler_job.py:629} INFO - Processing file /home/airflow/.local/lib/python3.6/site-packages/airflow/example_dags/example_external_task_marker_dag.py for tasks to queue
[2021-04-01 00:05:38,574] {logging_mixin.py:104} INFO - [2021-04-01 00:05:38,574] {dagbag.py:448} INFO - Filling up the DagBag from /home/airflow/.local/lib/python3.6/site-packages/airflow/example_dags/example_external_task_marker_dag.py
[2021-04-01 00:05:38,580] {scheduler_job.py:639} INFO - DAG(s) dict_keys(['example_external_task_marker_parent', 'example_external_task_marker_child']) retrieved from /home/airflow/.local/lib/python3.6/site-packages/airflow/example_dags/example_external_task_marker_dag.py
[2021-04-01 00:05:38,596] {logging_mixin.py:104} INFO - [2021-04-01 00:05:38,595] {dag.py:1818} INFO - Sync 2 DAGs
[2021-04-01 00:05:38,607] {logging_mixin.py:104} INFO - [2021-04-01 00:05:38,607] {dag.py:2273} INFO - Setting next_dagrun for example_external_task_marker_child to None
[2021-04-01 00:05:38,607] {logging_mixin.py:104} INFO - [2021-04-01 00:05:38,607] {dag.py:2273} INFO - Setting next_dagrun for example_external_task_marker_parent to None
[2021-04-01 00:05:38,615] {scheduler_job.py:190} INFO - Processing /home/airflow/.local/lib/python3.6/site-packages/airflow/example_dags/example_external_task_marker_dag.py took 0.044 seconds
[2021-04-01 00:06:09,176] {scheduler_job.py:182} INFO - Started process (PID=437) to work on /home/airflow/.local/lib/python3.6/site-packages/airflow/example_dags/example_external_task_marker_dag.py
[2021-04-01 00:06:09,177] {scheduler_job.py:629} INFO - Processing file /home/airflow/.local/lib/python3.6/site-packages/airflow/example_dags/example_external_task_marker_dag.py for tasks to queue
[2021-04-01 00:06:09,177] {logging_mixin.py:104} INFO - [2021-04-01 00:06:09,177] {dagbag.py:448} INFO - Filling up the DagBag from /home/airflow/.local/lib/python3.6/site-packages/airflow/example_dags/example_external_task_marker_dag.py
[2021-04-01 00:06:09,182] {scheduler_job.py:639} INFO - DAG(s) dict_keys(['example_external_task_marker_parent', 'example_external_task_marker_child']) retrieved from /home/airflow/.local/lib/python3.6/site-packages/airflow/example_dags/example_external_task_marker_dag.py
[2021-04-01 00:06:09,195] {logging_mixin.py:104} INFO - [2021-04-01 00:06:09,195] {dag.py:1818} INFO - Sync 2 DAGs
[2021-04-01 00:06:09,204] {logging_mixin.py:104} INFO - [2021-04-01 00:06:09,204] {dag.py:2273} INFO - Setting next_dagrun for example_external_task_marker_child to None
[2021-04-01 00:06:09,205] {logging_mixin.py:104} INFO - [2021-04-01 00:06:09,205] {dag.py:2273} INFO - Setting next_dagrun for example_external_task_marker_parent to None
[2021-04-01 00:06:09,211] {scheduler_job.py:190} INFO - Processing /home/airflow/.local/lib/python3.6/site-packages/airflow/example_dags/example_external_task_marker_dag.py took 0.037 seconds
[2021-04-01 00:06:39,836] {scheduler_job.py:182} INFO - Started process (PID=463) to work on /home/airflow/.local/lib/python3.6/site-packages/airflow/example_dags/example_external_task_marker_dag.py
[2021-04-01 00:06:39,836] {scheduler_job.py:629} INFO - Processing file /home/airflow/.local/lib/python3.6/site-packages/airflow/example_dags/example_external_task_marker_dag.py for tasks to queue
[2021-04-01 00:06:39,836] {logging_mixin.py:104} INFO - [2021-04-01 00:06:39,836] {dagbag.py:448} INFO - Filling up the DagBag from /home/airflow/.local/lib/python3.6/site-packages/airflow/example_dags/example_external_task_marker_dag.py
[2021-04-01 00:06:39,842] {scheduler_job.py:639} INFO - DAG(s) dict_keys(['example_external_task_marker_parent', 'example_external_task_marker_child']) retrieved from /home/airflow/.local/lib/python3.6/site-packages/airflow/example_dags/example_external_task_marker_dag.py
[2021-04-01 00:06:39,855] {logging_mixin.py:104} INFO - [2021-04-01 00:06:39,855] {dag.py:1818} INFO - Sync 2 DAGs
[2021-04-01 00:06:39,864] {logging_mixin.py:104} INFO - [2021-04-01 00:06:39,864] {dag.py:2273} INFO - Setting next_dagrun for example_external_task_marker_child to None
[2021-04-01 00:06:39,864] {logging_mixin.py:104} INFO - [2021-04-01 00:06:39,864] {dag.py:2273} INFO - Setting next_dagrun for example_external_task_marker_parent to None
[2021-04-01 00:06:39,871] {scheduler_job.py:190} INFO - Processing /home/airflow/.local/lib/python3.6/site-packages/airflow/example_dags/example_external_task_marker_dag.py took 0.037 seconds
[2021-04-01 00:07:10,510] {scheduler_job.py:182} INFO - Started process (PID=489) to work on /home/airflow/.local/lib/python3.6/site-packages/airflow/example_dags/example_external_task_marker_dag.py
[2021-04-01 00:07:10,510] {scheduler_job.py:629} INFO - Processing file /home/airflow/.local/lib/python3.6/site-packages/airflow/example_dags/example_external_task_marker_dag.py for tasks to queue
[2021-04-01 00:07:10,511] {logging_mixin.py:104} INFO - [2021-04-01 00:07:10,511] {dagbag.py:448} INFO - Filling up the DagBag from /home/airflow/.local/lib/python3.6/site-packages/airflow/example_dags/example_external_task_marker_dag.py
[2021-04-01 00:07:10,516] {scheduler_job.py:639} INFO - DAG(s) dict_keys(['example_external_task_marker_parent', 'example_external_task_marker_child']) retrieved from /home/airflow/.local/lib/python3.6/site-packages/airflow/example_dags/example_external_task_marker_dag.py
[2021-04-01 00:07:10,528] {logging_mixin.py:104} INFO - [2021-04-01 00:07:10,528] {dag.py:1818} INFO - Sync 2 DAGs
[2021-04-01 00:07:10,536] {logging_mixin.py:104} INFO - [2021-04-01 00:07:10,536] {dag.py:2273} INFO - Setting next_dagrun for example_external_task_marker_child to None
[2021-04-01 00:07:10,537] {logging_mixin.py:104} INFO - [2021-04-01 00:07:10,537] {dag.py:2273} INFO - Setting next_dagrun for example_external_task_marker_parent to None
[2021-04-01 00:07:10,542] {scheduler_job.py:190} INFO - Processing /home/airflow/.local/lib/python3.6/site-packages/airflow/example_dags/example_external_task_marker_dag.py took 0.034 seconds
[2021-04-01 00:07:41,185] {scheduler_job.py:182} INFO - Started process (PID=515) to work on /home/airflow/.local/lib/python3.6/site-packages/airflow/example_dags/example_external_task_marker_dag.py
[2021-04-01 00:07:41,185] {scheduler_job.py:629} INFO - Processing file /home/airflow/.local/lib/python3.6/site-packages/airflow/example_dags/example_external_task_marker_dag.py for tasks to queue
[2021-04-01 00:07:41,186] {logging_mixin.py:104} INFO - [2021-04-01 00:07:41,185] {dagbag.py:448} INFO - Filling up the DagBag from /home/airflow/.local/lib/python3.6/site-packages/airflow/example_dags/example_external_task_marker_dag.py
[2021-04-01 00:07:41,191] {scheduler_job.py:639} INFO - DAG(s) dict_keys(['example_external_task_marker_parent', 'example_external_task_marker_child']) retrieved from /home/airflow/.local/lib/python3.6/site-packages/airflow/example_dags/example_external_task_marker_dag.py
[2021-04-01 00:07:41,204] {logging_mixin.py:104} INFO - [2021-04-01 00:07:41,203] {dag.py:1818} INFO - Sync 2 DAGs
[2021-04-01 00:07:41,212] {logging_mixin.py:104} INFO - [2021-04-01 00:07:41,212] {dag.py:2273} INFO - Setting next_dagrun for example_external_task_marker_child to None
[2021-04-01 00:07:41,212] {logging_mixin.py:104} INFO - [2021-04-01 00:07:41,212] {dag.py:2273} INFO - Setting next_dagrun for example_external_task_marker_parent to None
[2021-04-01 00:07:41,220] {scheduler_job.py:190} INFO - Processing /home/airflow/.local/lib/python3.6/site-packages/airflow/example_dags/example_external_task_marker_dag.py took 0.037 seconds
[2021-04-01 00:08:11,934] {scheduler_job.py:182} INFO - Started process (PID=541) to work on /home/airflow/.local/lib/python3.6/site-packages/airflow/example_dags/example_external_task_marker_dag.py
[2021-04-01 00:08:11,934] {scheduler_job.py:629} INFO - Processing file /home/airflow/.local/lib/python3.6/site-packages/airflow/example_dags/example_external_task_marker_dag.py for tasks to queue
[2021-04-01 00:08:11,934] {logging_mixin.py:104} INFO - [2021-04-01 00:08:11,934] {dagbag.py:448} INFO - Filling up the DagBag from /home/airflow/.local/lib/python3.6/site-packages/airflow/example_dags/example_external_task_marker_dag.py
[2021-04-01 00:08:11,940] {scheduler_job.py:639} INFO - DAG(s) dict_keys(['example_external_task_marker_parent', 'example_external_task_marker_child']) retrieved from /home/airflow/.local/lib/python3.6/site-packages/airflow/example_dags/example_external_task_marker_dag.py
[2021-04-01 00:08:11,954] {logging_mixin.py:104} INFO - [2021-04-01 00:08:11,954] {dag.py:1818} INFO - Sync 2 DAGs
[2021-04-01 00:08:11,961] {logging_mixin.py:104} INFO - [2021-04-01 00:08:11,961] {dag.py:2273} INFO - Setting next_dagrun for example_external_task_marker_child to None
[2021-04-01 00:08:11,962] {logging_mixin.py:104} INFO - [2021-04-01 00:08:11,962] {dag.py:2273} INFO - Setting next_dagrun for example_external_task_marker_parent to None
[2021-04-01 00:08:11,969] {scheduler_job.py:190} INFO - Processing /home/airflow/.local/lib/python3.6/site-packages/airflow/example_dags/example_external_task_marker_dag.py took 0.036 seconds
[2021-04-01 00:08:42,649] {scheduler_job.py:182} INFO - Started process (PID=567) to work on /home/airflow/.local/lib/python3.6/site-packages/airflow/example_dags/example_external_task_marker_dag.py
[2021-04-01 00:08:42,649] {scheduler_job.py:629} INFO - Processing file /home/airflow/.local/lib/python3.6/site-packages/airflow/example_dags/example_external_task_marker_dag.py for tasks to queue
[2021-04-01 00:08:42,650] {logging_mixin.py:104} INFO - [2021-04-01 00:08:42,649] {dagbag.py:448} INFO - Filling up the DagBag from /home/airflow/.local/lib/python3.6/site-packages/airflow/example_dags/example_external_task_marker_dag.py
[2021-04-01 00:08:42,655] {scheduler_job.py:639} INFO - DAG(s) dict_keys(['example_external_task_marker_parent', 'example_external_task_marker_child']) retrieved from /home/airflow/.local/lib/python3.6/site-packages/airflow/example_dags/example_external_task_marker_dag.py
[2021-04-01 00:08:42,669] {logging_mixin.py:104} INFO - [2021-04-01 00:08:42,669] {dag.py:1818} INFO - Sync 2 DAGs
[2021-04-01 00:08:42,676] {logging_mixin.py:104} INFO - [2021-04-01 00:08:42,676] {dag.py:2273} INFO - Setting next_dagrun for example_external_task_marker_child to None
[2021-04-01 00:08:42,677] {logging_mixin.py:104} INFO - [2021-04-01 00:08:42,677] {dag.py:2273} INFO - Setting next_dagrun for example_external_task_marker_parent to None
[2021-04-01 00:08:42,683] {scheduler_job.py:190} INFO - Processing /home/airflow/.local/lib/python3.6/site-packages/airflow/example_dags/example_external_task_marker_dag.py took 0.036 seconds
[2021-04-01 00:09:13,302] {scheduler_job.py:182} INFO - Started process (PID=593) to work on /home/airflow/.local/lib/python3.6/site-packages/airflow/example_dags/example_external_task_marker_dag.py
[2021-04-01 00:09:13,303] {scheduler_job.py:629} INFO - Processing file /home/airflow/.local/lib/python3.6/site-packages/airflow/example_dags/example_external_task_marker_dag.py for tasks to queue
[2021-04-01 00:09:13,303] {logging_mixin.py:104} INFO - [2021-04-01 00:09:13,303] {dagbag.py:448} INFO - Filling up the DagBag from /home/airflow/.local/lib/python3.6/site-packages/airflow/example_dags/example_external_task_marker_dag.py
[2021-04-01 00:09:13,308] {scheduler_job.py:639} INFO - DAG(s) dict_keys(['example_external_task_marker_parent', 'example_external_task_marker_child']) retrieved from /home/airflow/.local/lib/python3.6/site-packages/airflow/example_dags/example_external_task_marker_dag.py
[2021-04-01 00:09:13,322] {logging_mixin.py:104} INFO - [2021-04-01 00:09:13,322] {dag.py:1818} INFO - Sync 2 DAGs
[2021-04-01 00:09:13,329] {logging_mixin.py:104} INFO - [2021-04-01 00:09:13,329] {dag.py:2273} INFO - Setting next_dagrun for example_external_task_marker_child to None
[2021-04-01 00:09:13,330] {logging_mixin.py:104} INFO - [2021-04-01 00:09:13,330] {dag.py:2273} INFO - Setting next_dagrun for example_external_task_marker_parent to None
[2021-04-01 00:09:13,337] {scheduler_job.py:190} INFO - Processing /home/airflow/.local/lib/python3.6/site-packages/airflow/example_dags/example_external_task_marker_dag.py took 0.036 seconds
[2021-04-01 00:09:44,014] {scheduler_job.py:182} INFO - Started process (PID=619) to work on /home/airflow/.local/lib/python3.6/site-packages/airflow/example_dags/example_external_task_marker_dag.py
[2021-04-01 00:09:44,015] {scheduler_job.py:629} INFO - Processing file /home/airflow/.local/lib/python3.6/site-packages/airflow/example_dags/example_external_task_marker_dag.py for tasks to queue
[2021-04-01 00:09:44,015] {logging_mixin.py:104} INFO - [2021-04-01 00:09:44,015] {dagbag.py:448} INFO - Filling up the DagBag from /home/airflow/.local/lib/python3.6/site-packages/airflow/example_dags/example_external_task_marker_dag.py
[2021-04-01 00:09:44,021] {scheduler_job.py:639} INFO - DAG(s) dict_keys(['example_external_task_marker_parent', 'example_external_task_marker_child']) retrieved from /home/airflow/.local/lib/python3.6/site-packages/airflow/example_dags/example_external_task_marker_dag.py
[2021-04-01 00:09:44,035] {logging_mixin.py:104} INFO - [2021-04-01 00:09:44,035] {dag.py:1818} INFO - Sync 2 DAGs
[2021-04-01 00:09:44,043] {logging_mixin.py:104} INFO - [2021-04-01 00:09:44,043] {dag.py:2273} INFO - Setting next_dagrun for example_external_task_marker_child to None
[2021-04-01 00:09:44,044] {logging_mixin.py:104} INFO - [2021-04-01 00:09:44,044] {dag.py:2273} INFO - Setting next_dagrun for example_external_task_marker_parent to None
[2021-04-01 00:09:44,050] {scheduler_job.py:190} INFO - Processing /home/airflow/.local/lib/python3.6/site-packages/airflow/example_dags/example_external_task_marker_dag.py took 0.037 seconds
[2021-04-01 00:10:14,691] {scheduler_job.py:182} INFO - Started process (PID=645) to work on /home/airflow/.local/lib/python3.6/site-packages/airflow/example_dags/example_external_task_marker_dag.py
[2021-04-01 00:10:14,691] {scheduler_job.py:629} INFO - Processing file /home/airflow/.local/lib/python3.6/site-packages/airflow/example_dags/example_external_task_marker_dag.py for tasks to queue
[2021-04-01 00:10:14,691] {logging_mixin.py:104} INFO - [2021-04-01 00:10:14,691] {dagbag.py:448} INFO - Filling up the DagBag from /home/airflow/.local/lib/python3.6/site-packages/airflow/example_dags/example_external_task_marker_dag.py
[2021-04-01 00:10:14,697] {scheduler_job.py:639} INFO - DAG(s) dict_keys(['example_external_task_marker_parent', 'example_external_task_marker_child']) retrieved from /home/airflow/.local/lib/python3.6/site-packages/airflow/example_dags/example_external_task_marker_dag.py
[2021-04-01 00:10:14,710] {logging_mixin.py:104} INFO - [2021-04-01 00:10:14,710] {dag.py:1818} INFO - Sync 2 DAGs
[2021-04-01 00:10:14,718] {logging_mixin.py:104} INFO - [2021-04-01 00:10:14,718] {dag.py:2273} INFO - Setting next_dagrun for example_external_task_marker_child to None
[2021-04-01 00:10:14,718] {logging_mixin.py:104} INFO - [2021-04-01 00:10:14,718] {dag.py:2273} INFO - Setting next_dagrun for example_external_task_marker_parent to None
[2021-04-01 00:10:14,725] {scheduler_job.py:190} INFO - Processing /home/airflow/.local/lib/python3.6/site-packages/airflow/example_dags/example_external_task_marker_dag.py took 0.036 seconds
[2021-04-01 00:10:45,357] {scheduler_job.py:182} INFO - Started process (PID=671) to work on /home/airflow/.local/lib/python3.6/site-packages/airflow/example_dags/example_external_task_marker_dag.py
[2021-04-01 00:10:45,358] {scheduler_job.py:629} INFO - Processing file /home/airflow/.local/lib/python3.6/site-packages/airflow/example_dags/example_external_task_marker_dag.py for tasks to queue
[2021-04-01 00:10:45,358] {logging_mixin.py:104} INFO - [2021-04-01 00:10:45,358] {dagbag.py:448} INFO - Filling up the DagBag from /home/airflow/.local/lib/python3.6/site-packages/airflow/example_dags/example_external_task_marker_dag.py
[2021-04-01 00:10:45,365] {scheduler_job.py:639} INFO - DAG(s) dict_keys(['example_external_task_marker_parent', 'example_external_task_marker_child']) retrieved from /home/airflow/.local/lib/python3.6/site-packages/airflow/example_dags/example_external_task_marker_dag.py
[2021-04-01 00:10:45,376] {logging_mixin.py:104} INFO - [2021-04-01 00:10:45,376] {dag.py:1818} INFO - Sync 2 DAGs
[2021-04-01 00:10:45,384] {logging_mixin.py:104} INFO - [2021-04-01 00:10:45,384] {dag.py:2273} INFO - Setting next_dagrun for example_external_task_marker_child to None
[2021-04-01 00:10:45,384] {logging_mixin.py:104} INFO - [2021-04-01 00:10:45,384] {dag.py:2273} INFO - Setting next_dagrun for example_external_task_marker_parent to None
[2021-04-01 00:10:45,390] {scheduler_job.py:190} INFO - Processing /home/airflow/.local/lib/python3.6/site-packages/airflow/example_dags/example_external_task_marker_dag.py took 0.035 seconds
[2021-04-01 00:19:17,819] {scheduler_job.py:182} INFO - Started process (PID=55) to work on /home/airflow/.local/lib/python3.6/site-packages/airflow/example_dags/example_external_task_marker_dag.py
[2021-04-01 00:19:17,819] {scheduler_job.py:629} INFO - Processing file /home/airflow/.local/lib/python3.6/site-packages/airflow/example_dags/example_external_task_marker_dag.py for tasks to queue
[2021-04-01 00:19:17,820] {logging_mixin.py:104} INFO - [2021-04-01 00:19:17,820] {dagbag.py:448} INFO - Filling up the DagBag from /home/airflow/.local/lib/python3.6/site-packages/airflow/example_dags/example_external_task_marker_dag.py
[2021-04-01 00:19:17,825] {scheduler_job.py:639} INFO - DAG(s) dict_keys(['example_external_task_marker_parent', 'example_external_task_marker_child']) retrieved from /home/airflow/.local/lib/python3.6/site-packages/airflow/example_dags/example_external_task_marker_dag.py
[2021-04-01 00:19:17,837] {logging_mixin.py:104} INFO - [2021-04-01 00:19:17,837] {dag.py:1818} INFO - Sync 2 DAGs
[2021-04-01 00:19:17,845] {logging_mixin.py:104} INFO - [2021-04-01 00:19:17,845] {dag.py:2273} INFO - Setting next_dagrun for example_external_task_marker_child to None
[2021-04-01 00:19:17,845] {logging_mixin.py:104} INFO - [2021-04-01 00:19:17,845] {dag.py:2273} INFO - Setting next_dagrun for example_external_task_marker_parent to None
[2021-04-01 00:19:17,852] {scheduler_job.py:190} INFO - Processing /home/airflow/.local/lib/python3.6/site-packages/airflow/example_dags/example_external_task_marker_dag.py took 0.035 seconds
[2021-04-01 00:19:48,505] {scheduler_job.py:182} INFO - Started process (PID=81) to work on /home/airflow/.local/lib/python3.6/site-packages/airflow/example_dags/example_external_task_marker_dag.py
[2021-04-01 00:19:48,506] {scheduler_job.py:629} INFO - Processing file /home/airflow/.local/lib/python3.6/site-packages/airflow/example_dags/example_external_task_marker_dag.py for tasks to queue
[2021-04-01 00:19:48,506] {logging_mixin.py:104} INFO - [2021-04-01 00:19:48,506] {dagbag.py:448} INFO - Filling up the DagBag from /home/airflow/.local/lib/python3.6/site-packages/airflow/example_dags/example_external_task_marker_dag.py
[2021-04-01 00:19:48,511] {scheduler_job.py:639} INFO - DAG(s) dict_keys(['example_external_task_marker_parent', 'example_external_task_marker_child']) retrieved from /home/airflow/.local/lib/python3.6/site-packages/airflow/example_dags/example_external_task_marker_dag.py
[2021-04-01 00:19:48,525] {logging_mixin.py:104} INFO - [2021-04-01 00:19:48,525] {dag.py:1818} INFO - Sync 2 DAGs
[2021-04-01 00:19:48,532] {logging_mixin.py:104} INFO - [2021-04-01 00:19:48,532] {dag.py:2273} INFO - Setting next_dagrun for example_external_task_marker_child to None
[2021-04-01 00:19:48,532] {logging_mixin.py:104} INFO - [2021-04-01 00:19:48,532] {dag.py:2273} INFO - Setting next_dagrun for example_external_task_marker_parent to None
[2021-04-01 00:19:48,539] {scheduler_job.py:190} INFO - Processing /home/airflow/.local/lib/python3.6/site-packages/airflow/example_dags/example_external_task_marker_dag.py took 0.035 seconds
[2021-04-01 00:20:19,253] {scheduler_job.py:182} INFO - Started process (PID=107) to work on /home/airflow/.local/lib/python3.6/site-packages/airflow/example_dags/example_external_task_marker_dag.py
[2021-04-01 00:20:19,254] {scheduler_job.py:629} INFO - Processing file /home/airflow/.local/lib/python3.6/site-packages/airflow/example_dags/example_external_task_marker_dag.py for tasks to queue
[2021-04-01 00:20:19,254] {logging_mixin.py:104} INFO - [2021-04-01 00:20:19,254] {dagbag.py:448} INFO - Filling up the DagBag from /home/airflow/.local/lib/python3.6/site-packages/airflow/example_dags/example_external_task_marker_dag.py
[2021-04-01 00:20:19,259] {scheduler_job.py:639} INFO - DAG(s) dict_keys(['example_external_task_marker_parent', 'example_external_task_marker_child']) retrieved from /home/airflow/.local/lib/python3.6/site-packages/airflow/example_dags/example_external_task_marker_dag.py
[2021-04-01 00:20:19,272] {logging_mixin.py:104} INFO - [2021-04-01 00:20:19,272] {dag.py:1818} INFO - Sync 2 DAGs
[2021-04-01 00:20:19,280] {logging_mixin.py:104} INFO - [2021-04-01 00:20:19,280] {dag.py:2273} INFO - Setting next_dagrun for example_external_task_marker_child to None
[2021-04-01 00:20:19,280] {logging_mixin.py:104} INFO - [2021-04-01 00:20:19,280] {dag.py:2273} INFO - Setting next_dagrun for example_external_task_marker_parent to None
[2021-04-01 00:20:19,286] {scheduler_job.py:190} INFO - Processing /home/airflow/.local/lib/python3.6/site-packages/airflow/example_dags/example_external_task_marker_dag.py took 0.034 seconds
[2021-04-01 00:20:49,963] {scheduler_job.py:182} INFO - Started process (PID=133) to work on /home/airflow/.local/lib/python3.6/site-packages/airflow/example_dags/example_external_task_marker_dag.py
[2021-04-01 00:20:49,964] {scheduler_job.py:629} INFO - Processing file /home/airflow/.local/lib/python3.6/site-packages/airflow/example_dags/example_external_task_marker_dag.py for tasks to queue
[2021-04-01 00:20:49,965] {logging_mixin.py:104} INFO - [2021-04-01 00:20:49,965] {dagbag.py:448} INFO - Filling up the DagBag from /home/airflow/.local/lib/python3.6/site-packages/airflow/example_dags/example_external_task_marker_dag.py
[2021-04-01 00:20:49,970] {scheduler_job.py:639} INFO - DAG(s) dict_keys(['example_external_task_marker_parent', 'example_external_task_marker_child']) retrieved from /home/airflow/.local/lib/python3.6/site-packages/airflow/example_dags/example_external_task_marker_dag.py
[2021-04-01 00:20:49,984] {logging_mixin.py:104} INFO - [2021-04-01 00:20:49,984] {dag.py:1818} INFO - Sync 2 DAGs
[2021-04-01 00:20:49,991] {logging_mixin.py:104} INFO - [2021-04-01 00:20:49,991] {dag.py:2273} INFO - Setting next_dagrun for example_external_task_marker_child to None
[2021-04-01 00:20:49,992] {logging_mixin.py:104} INFO - [2021-04-01 00:20:49,992] {dag.py:2273} INFO - Setting next_dagrun for example_external_task_marker_parent to None
[2021-04-01 00:20:49,999] {scheduler_job.py:190} INFO - Processing /home/airflow/.local/lib/python3.6/site-packages/airflow/example_dags/example_external_task_marker_dag.py took 0.037 seconds
[2021-04-01 00:21:20,648] {scheduler_job.py:182} INFO - Started process (PID=159) to work on /home/airflow/.local/lib/python3.6/site-packages/airflow/example_dags/example_external_task_marker_dag.py
[2021-04-01 00:21:20,649] {scheduler_job.py:629} INFO - Processing file /home/airflow/.local/lib/python3.6/site-packages/airflow/example_dags/example_external_task_marker_dag.py for tasks to queue
[2021-04-01 00:21:20,649] {logging_mixin.py:104} INFO - [2021-04-01 00:21:20,649] {dagbag.py:448} INFO - Filling up the DagBag from /home/airflow/.local/lib/python3.6/site-packages/airflow/example_dags/example_external_task_marker_dag.py
[2021-04-01 00:21:20,654] {scheduler_job.py:639} INFO - DAG(s) dict_keys(['example_external_task_marker_parent', 'example_external_task_marker_child']) retrieved from /home/airflow/.local/lib/python3.6/site-packages/airflow/example_dags/example_external_task_marker_dag.py
[2021-04-01 00:21:20,667] {logging_mixin.py:104} INFO - [2021-04-01 00:21:20,667] {dag.py:1818} INFO - Sync 2 DAGs
[2021-04-01 00:21:20,675] {logging_mixin.py:104} INFO - [2021-04-01 00:21:20,675] {dag.py:2273} INFO - Setting next_dagrun for example_external_task_marker_child to None
[2021-04-01 00:21:20,675] {logging_mixin.py:104} INFO - [2021-04-01 00:21:20,675] {dag.py:2273} INFO - Setting next_dagrun for example_external_task_marker_parent to None
[2021-04-01 00:21:20,681] {scheduler_job.py:190} INFO - Processing /home/airflow/.local/lib/python3.6/site-packages/airflow/example_dags/example_external_task_marker_dag.py took 0.035 seconds
[2021-04-01 00:21:51,295] {scheduler_job.py:182} INFO - Started process (PID=185) to work on /home/airflow/.local/lib/python3.6/site-packages/airflow/example_dags/example_external_task_marker_dag.py
[2021-04-01 00:21:51,296] {scheduler_job.py:629} INFO - Processing file /home/airflow/.local/lib/python3.6/site-packages/airflow/example_dags/example_external_task_marker_dag.py for tasks to queue
[2021-04-01 00:21:51,296] {logging_mixin.py:104} INFO - [2021-04-01 00:21:51,296] {dagbag.py:448} INFO - Filling up the DagBag from /home/airflow/.local/lib/python3.6/site-packages/airflow/example_dags/example_external_task_marker_dag.py
[2021-04-01 00:21:51,302] {scheduler_job.py:639} INFO - DAG(s) dict_keys(['example_external_task_marker_parent', 'example_external_task_marker_child']) retrieved from /home/airflow/.local/lib/python3.6/site-packages/airflow/example_dags/example_external_task_marker_dag.py
[2021-04-01 00:21:51,315] {logging_mixin.py:104} INFO - [2021-04-01 00:21:51,315] {dag.py:1818} INFO - Sync 2 DAGs
[2021-04-01 00:21:51,322] {logging_mixin.py:104} INFO - [2021-04-01 00:21:51,322] {dag.py:2273} INFO - Setting next_dagrun for example_external_task_marker_child to None
[2021-04-01 00:21:51,323] {logging_mixin.py:104} INFO - [2021-04-01 00:21:51,323] {dag.py:2273} INFO - Setting next_dagrun for example_external_task_marker_parent to None
[2021-04-01 00:21:51,330] {scheduler_job.py:190} INFO - Processing /home/airflow/.local/lib/python3.6/site-packages/airflow/example_dags/example_external_task_marker_dag.py took 0.037 seconds
[2021-04-01 00:22:21,957] {scheduler_job.py:182} INFO - Started process (PID=211) to work on /home/airflow/.local/lib/python3.6/site-packages/airflow/example_dags/example_external_task_marker_dag.py
[2021-04-01 00:22:21,957] {scheduler_job.py:629} INFO - Processing file /home/airflow/.local/lib/python3.6/site-packages/airflow/example_dags/example_external_task_marker_dag.py for tasks to queue
[2021-04-01 00:22:21,957] {logging_mixin.py:104} INFO - [2021-04-01 00:22:21,957] {dagbag.py:448} INFO - Filling up the DagBag from /home/airflow/.local/lib/python3.6/site-packages/airflow/example_dags/example_external_task_marker_dag.py
[2021-04-01 00:22:21,962] {scheduler_job.py:639} INFO - DAG(s) dict_keys(['example_external_task_marker_parent', 'example_external_task_marker_child']) retrieved from /home/airflow/.local/lib/python3.6/site-packages/airflow/example_dags/example_external_task_marker_dag.py
[2021-04-01 00:22:21,975] {logging_mixin.py:104} INFO - [2021-04-01 00:22:21,975] {dag.py:1818} INFO - Sync 2 DAGs
[2021-04-01 00:22:21,983] {logging_mixin.py:104} INFO - [2021-04-01 00:22:21,983] {dag.py:2273} INFO - Setting next_dagrun for example_external_task_marker_child to None
[2021-04-01 00:22:21,983] {logging_mixin.py:104} INFO - [2021-04-01 00:22:21,983] {dag.py:2273} INFO - Setting next_dagrun for example_external_task_marker_parent to None
[2021-04-01 00:22:21,990] {scheduler_job.py:190} INFO - Processing /home/airflow/.local/lib/python3.6/site-packages/airflow/example_dags/example_external_task_marker_dag.py took 0.035 seconds
[2021-04-01 00:22:52,605] {scheduler_job.py:182} INFO - Started process (PID=237) to work on /home/airflow/.local/lib/python3.6/site-packages/airflow/example_dags/example_external_task_marker_dag.py
[2021-04-01 00:22:52,605] {scheduler_job.py:629} INFO - Processing file /home/airflow/.local/lib/python3.6/site-packages/airflow/example_dags/example_external_task_marker_dag.py for tasks to queue
[2021-04-01 00:22:52,606] {logging_mixin.py:104} INFO - [2021-04-01 00:22:52,606] {dagbag.py:448} INFO - Filling up the DagBag from /home/airflow/.local/lib/python3.6/site-packages/airflow/example_dags/example_external_task_marker_dag.py
[2021-04-01 00:22:52,611] {scheduler_job.py:639} INFO - DAG(s) dict_keys(['example_external_task_marker_parent', 'example_external_task_marker_child']) retrieved from /home/airflow/.local/lib/python3.6/site-packages/airflow/example_dags/example_external_task_marker_dag.py
[2021-04-01 00:22:52,625] {logging_mixin.py:104} INFO - [2021-04-01 00:22:52,625] {dag.py:1818} INFO - Sync 2 DAGs
[2021-04-01 00:22:52,632] {logging_mixin.py:104} INFO - [2021-04-01 00:22:52,632] {dag.py:2273} INFO - Setting next_dagrun for example_external_task_marker_child to None
[2021-04-01 00:22:52,633] {logging_mixin.py:104} INFO - [2021-04-01 00:22:52,633] {dag.py:2273} INFO - Setting next_dagrun for example_external_task_marker_parent to None
[2021-04-01 00:22:52,639] {scheduler_job.py:190} INFO - Processing /home/airflow/.local/lib/python3.6/site-packages/airflow/example_dags/example_external_task_marker_dag.py took 0.035 seconds
[2021-04-01 00:23:23,276] {scheduler_job.py:182} INFO - Started process (PID=263) to work on /home/airflow/.local/lib/python3.6/site-packages/airflow/example_dags/example_external_task_marker_dag.py
[2021-04-01 00:23:23,276] {scheduler_job.py:629} INFO - Processing file /home/airflow/.local/lib/python3.6/site-packages/airflow/example_dags/example_external_task_marker_dag.py for tasks to queue
[2021-04-01 00:23:23,277] {logging_mixin.py:104} INFO - [2021-04-01 00:23:23,277] {dagbag.py:448} INFO - Filling up the DagBag from /home/airflow/.local/lib/python3.6/site-packages/airflow/example_dags/example_external_task_marker_dag.py
[2021-04-01 00:23:23,283] {scheduler_job.py:639} INFO - DAG(s) dict_keys(['example_external_task_marker_parent', 'example_external_task_marker_child']) retrieved from /home/airflow/.local/lib/python3.6/site-packages/airflow/example_dags/example_external_task_marker_dag.py
[2021-04-01 00:23:23,298] {logging_mixin.py:104} INFO - [2021-04-01 00:23:23,297] {dag.py:1818} INFO - Sync 2 DAGs
[2021-04-01 00:23:23,306] {logging_mixin.py:104} INFO - [2021-04-01 00:23:23,305] {dag.py:2273} INFO - Setting next_dagrun for example_external_task_marker_child to None
[2021-04-01 00:23:23,306] {logging_mixin.py:104} INFO - [2021-04-01 00:23:23,306] {dag.py:2273} INFO - Setting next_dagrun for example_external_task_marker_parent to None
[2021-04-01 00:23:23,313] {scheduler_job.py:190} INFO - Processing /home/airflow/.local/lib/python3.6/site-packages/airflow/example_dags/example_external_task_marker_dag.py took 0.038 seconds
[2021-04-01 00:23:53,864] {scheduler_job.py:182} INFO - Started process (PID=289) to work on /home/airflow/.local/lib/python3.6/site-packages/airflow/example_dags/example_external_task_marker_dag.py
[2021-04-01 00:23:53,864] {scheduler_job.py:629} INFO - Processing file /home/airflow/.local/lib/python3.6/site-packages/airflow/example_dags/example_external_task_marker_dag.py for tasks to queue
[2021-04-01 00:23:53,865] {logging_mixin.py:104} INFO - [2021-04-01 00:23:53,865] {dagbag.py:448} INFO - Filling up the DagBag from /home/airflow/.local/lib/python3.6/site-packages/airflow/example_dags/example_external_task_marker_dag.py
[2021-04-01 00:23:53,871] {scheduler_job.py:639} INFO - DAG(s) dict_keys(['example_external_task_marker_parent', 'example_external_task_marker_child']) retrieved from /home/airflow/.local/lib/python3.6/site-packages/airflow/example_dags/example_external_task_marker_dag.py
[2021-04-01 00:23:53,883] {logging_mixin.py:104} INFO - [2021-04-01 00:23:53,883] {dag.py:1818} INFO - Sync 2 DAGs
[2021-04-01 00:23:53,890] {logging_mixin.py:104} INFO - [2021-04-01 00:23:53,890] {dag.py:2273} INFO - Setting next_dagrun for example_external_task_marker_child to None
[2021-04-01 00:23:53,891] {logging_mixin.py:104} INFO - [2021-04-01 00:23:53,891] {dag.py:2273} INFO - Setting next_dagrun for example_external_task_marker_parent to None
[2021-04-01 00:23:53,897] {scheduler_job.py:190} INFO - Processing /home/airflow/.local/lib/python3.6/site-packages/airflow/example_dags/example_external_task_marker_dag.py took 0.035 seconds
[2021-04-01 00:24:24,557] {scheduler_job.py:182} INFO - Started process (PID=315) to work on /home/airflow/.local/lib/python3.6/site-packages/airflow/example_dags/example_external_task_marker_dag.py
[2021-04-01 00:24:24,557] {scheduler_job.py:629} INFO - Processing file /home/airflow/.local/lib/python3.6/site-packages/airflow/example_dags/example_external_task_marker_dag.py for tasks to queue
[2021-04-01 00:24:24,558] {logging_mixin.py:104} INFO - [2021-04-01 00:24:24,558] {dagbag.py:448} INFO - Filling up the DagBag from /home/airflow/.local/lib/python3.6/site-packages/airflow/example_dags/example_external_task_marker_dag.py
[2021-04-01 00:24:24,563] {scheduler_job.py:639} INFO - DAG(s) dict_keys(['example_external_task_marker_parent', 'example_external_task_marker_child']) retrieved from /home/airflow/.local/lib/python3.6/site-packages/airflow/example_dags/example_external_task_marker_dag.py
[2021-04-01 00:24:24,574] {logging_mixin.py:104} INFO - [2021-04-01 00:24:24,574] {dag.py:1818} INFO - Sync 2 DAGs
[2021-04-01 00:24:24,583] {logging_mixin.py:104} INFO - [2021-04-01 00:24:24,583] {dag.py:2273} INFO - Setting next_dagrun for example_external_task_marker_child to None
[2021-04-01 00:24:24,584] {logging_mixin.py:104} INFO - [2021-04-01 00:24:24,584] {dag.py:2273} INFO - Setting next_dagrun for example_external_task_marker_parent to None
[2021-04-01 00:24:24,591] {scheduler_job.py:190} INFO - Processing /home/airflow/.local/lib/python3.6/site-packages/airflow/example_dags/example_external_task_marker_dag.py took 0.035 seconds
[2021-04-01 00:24:55,181] {scheduler_job.py:182} INFO - Started process (PID=341) to work on /home/airflow/.local/lib/python3.6/site-packages/airflow/example_dags/example_external_task_marker_dag.py
[2021-04-01 00:24:55,182] {scheduler_job.py:629} INFO - Processing file /home/airflow/.local/lib/python3.6/site-packages/airflow/example_dags/example_external_task_marker_dag.py for tasks to queue
[2021-04-01 00:24:55,182] {logging_mixin.py:104} INFO - [2021-04-01 00:24:55,182] {dagbag.py:448} INFO - Filling up the DagBag from /home/airflow/.local/lib/python3.6/site-packages/airflow/example_dags/example_external_task_marker_dag.py
[2021-04-01 00:24:55,187] {scheduler_job.py:639} INFO - DAG(s) dict_keys(['example_external_task_marker_parent', 'example_external_task_marker_child']) retrieved from /home/airflow/.local/lib/python3.6/site-packages/airflow/example_dags/example_external_task_marker_dag.py
[2021-04-01 00:24:55,199] {logging_mixin.py:104} INFO - [2021-04-01 00:24:55,199] {dag.py:1818} INFO - Sync 2 DAGs
[2021-04-01 00:24:55,206] {logging_mixin.py:104} INFO - [2021-04-01 00:24:55,206] {dag.py:2273} INFO - Setting next_dagrun for example_external_task_marker_child to None
[2021-04-01 00:24:55,206] {logging_mixin.py:104} INFO - [2021-04-01 00:24:55,206] {dag.py:2273} INFO - Setting next_dagrun for example_external_task_marker_parent to None
[2021-04-01 00:24:55,214] {scheduler_job.py:190} INFO - Processing /home/airflow/.local/lib/python3.6/site-packages/airflow/example_dags/example_external_task_marker_dag.py took 0.034 seconds
[2021-04-01 00:25:25,818] {scheduler_job.py:182} INFO - Started process (PID=367) to work on /home/airflow/.local/lib/python3.6/site-packages/airflow/example_dags/example_external_task_marker_dag.py
[2021-04-01 00:25:25,818] {scheduler_job.py:629} INFO - Processing file /home/airflow/.local/lib/python3.6/site-packages/airflow/example_dags/example_external_task_marker_dag.py for tasks to queue
[2021-04-01 00:25:25,819] {logging_mixin.py:104} INFO - [2021-04-01 00:25:25,819] {dagbag.py:448} INFO - Filling up the DagBag from /home/airflow/.local/lib/python3.6/site-packages/airflow/example_dags/example_external_task_marker_dag.py
[2021-04-01 00:25:25,824] {scheduler_job.py:639} INFO - DAG(s) dict_keys(['example_external_task_marker_parent', 'example_external_task_marker_child']) retrieved from /home/airflow/.local/lib/python3.6/site-packages/airflow/example_dags/example_external_task_marker_dag.py
[2021-04-01 00:25:25,836] {logging_mixin.py:104} INFO - [2021-04-01 00:25:25,836] {dag.py:1818} INFO - Sync 2 DAGs
[2021-04-01 00:25:25,843] {logging_mixin.py:104} INFO - [2021-04-01 00:25:25,843] {dag.py:2273} INFO - Setting next_dagrun for example_external_task_marker_child to None
[2021-04-01 00:25:25,844] {logging_mixin.py:104} INFO - [2021-04-01 00:25:25,844] {dag.py:2273} INFO - Setting next_dagrun for example_external_task_marker_parent to None
[2021-04-01 00:25:25,850] {scheduler_job.py:190} INFO - Processing /home/airflow/.local/lib/python3.6/site-packages/airflow/example_dags/example_external_task_marker_dag.py took 0.034 seconds
[2021-04-01 00:25:56,445] {scheduler_job.py:182} INFO - Started process (PID=393) to work on /home/airflow/.local/lib/python3.6/site-packages/airflow/example_dags/example_external_task_marker_dag.py
[2021-04-01 00:25:56,446] {scheduler_job.py:629} INFO - Processing file /home/airflow/.local/lib/python3.6/site-packages/airflow/example_dags/example_external_task_marker_dag.py for tasks to queue
[2021-04-01 00:25:56,446] {logging_mixin.py:104} INFO - [2021-04-01 00:25:56,446] {dagbag.py:448} INFO - Filling up the DagBag from /home/airflow/.local/lib/python3.6/site-packages/airflow/example_dags/example_external_task_marker_dag.py
[2021-04-01 00:25:56,452] {scheduler_job.py:639} INFO - DAG(s) dict_keys(['example_external_task_marker_parent', 'example_external_task_marker_child']) retrieved from /home/airflow/.local/lib/python3.6/site-packages/airflow/example_dags/example_external_task_marker_dag.py
[2021-04-01 00:25:56,463] {logging_mixin.py:104} INFO - [2021-04-01 00:25:56,463] {dag.py:1818} INFO - Sync 2 DAGs
[2021-04-01 00:25:56,471] {logging_mixin.py:104} INFO - [2021-04-01 00:25:56,470] {dag.py:2273} INFO - Setting next_dagrun for example_external_task_marker_child to None
[2021-04-01 00:25:56,471] {logging_mixin.py:104} INFO - [2021-04-01 00:25:56,471] {dag.py:2273} INFO - Setting next_dagrun for example_external_task_marker_parent to None
[2021-04-01 00:25:56,478] {scheduler_job.py:190} INFO - Processing /home/airflow/.local/lib/python3.6/site-packages/airflow/example_dags/example_external_task_marker_dag.py took 0.034 seconds
[2021-04-01 00:26:27,100] {scheduler_job.py:182} INFO - Started process (PID=419) to work on /home/airflow/.local/lib/python3.6/site-packages/airflow/example_dags/example_external_task_marker_dag.py
[2021-04-01 00:26:27,101] {scheduler_job.py:629} INFO - Processing file /home/airflow/.local/lib/python3.6/site-packages/airflow/example_dags/example_external_task_marker_dag.py for tasks to queue
[2021-04-01 00:26:27,101] {logging_mixin.py:104} INFO - [2021-04-01 00:26:27,101] {dagbag.py:448} INFO - Filling up the DagBag from /home/airflow/.local/lib/python3.6/site-packages/airflow/example_dags/example_external_task_marker_dag.py
[2021-04-01 00:26:27,107] {scheduler_job.py:639} INFO - DAG(s) dict_keys(['example_external_task_marker_parent', 'example_external_task_marker_child']) retrieved from /home/airflow/.local/lib/python3.6/site-packages/airflow/example_dags/example_external_task_marker_dag.py
[2021-04-01 00:26:27,120] {logging_mixin.py:104} INFO - [2021-04-01 00:26:27,120] {dag.py:1818} INFO - Sync 2 DAGs
[2021-04-01 00:26:27,128] {logging_mixin.py:104} INFO - [2021-04-01 00:26:27,128] {dag.py:2273} INFO - Setting next_dagrun for example_external_task_marker_child to None
[2021-04-01 00:26:27,128] {logging_mixin.py:104} INFO - [2021-04-01 00:26:27,128] {dag.py:2273} INFO - Setting next_dagrun for example_external_task_marker_parent to None
[2021-04-01 00:26:27,136] {scheduler_job.py:190} INFO - Processing /home/airflow/.local/lib/python3.6/site-packages/airflow/example_dags/example_external_task_marker_dag.py took 0.037 seconds
[2021-04-01 00:26:57,750] {scheduler_job.py:182} INFO - Started process (PID=445) to work on /home/airflow/.local/lib/python3.6/site-packages/airflow/example_dags/example_external_task_marker_dag.py
[2021-04-01 00:26:57,751] {scheduler_job.py:629} INFO - Processing file /home/airflow/.local/lib/python3.6/site-packages/airflow/example_dags/example_external_task_marker_dag.py for tasks to queue
[2021-04-01 00:26:57,751] {logging_mixin.py:104} INFO - [2021-04-01 00:26:57,751] {dagbag.py:448} INFO - Filling up the DagBag from /home/airflow/.local/lib/python3.6/site-packages/airflow/example_dags/example_external_task_marker_dag.py
[2021-04-01 00:26:57,757] {scheduler_job.py:639} INFO - DAG(s) dict_keys(['example_external_task_marker_parent', 'example_external_task_marker_child']) retrieved from /home/airflow/.local/lib/python3.6/site-packages/airflow/example_dags/example_external_task_marker_dag.py
[2021-04-01 00:26:57,770] {logging_mixin.py:104} INFO - [2021-04-01 00:26:57,770] {dag.py:1818} INFO - Sync 2 DAGs
[2021-04-01 00:26:57,778] {logging_mixin.py:104} INFO - [2021-04-01 00:26:57,778] {dag.py:2273} INFO - Setting next_dagrun for example_external_task_marker_child to None
[2021-04-01 00:26:57,779] {logging_mixin.py:104} INFO - [2021-04-01 00:26:57,779] {dag.py:2273} INFO - Setting next_dagrun for example_external_task_marker_parent to None
[2021-04-01 00:26:57,786] {scheduler_job.py:190} INFO - Processing /home/airflow/.local/lib/python3.6/site-packages/airflow/example_dags/example_external_task_marker_dag.py took 0.037 seconds
[2021-04-01 00:27:28,407] {scheduler_job.py:182} INFO - Started process (PID=471) to work on /home/airflow/.local/lib/python3.6/site-packages/airflow/example_dags/example_external_task_marker_dag.py
[2021-04-01 00:27:28,408] {scheduler_job.py:629} INFO - Processing file /home/airflow/.local/lib/python3.6/site-packages/airflow/example_dags/example_external_task_marker_dag.py for tasks to queue
[2021-04-01 00:27:28,408] {logging_mixin.py:104} INFO - [2021-04-01 00:27:28,408] {dagbag.py:448} INFO - Filling up the DagBag from /home/airflow/.local/lib/python3.6/site-packages/airflow/example_dags/example_external_task_marker_dag.py
[2021-04-01 00:27:28,413] {scheduler_job.py:639} INFO - DAG(s) dict_keys(['example_external_task_marker_parent', 'example_external_task_marker_child']) retrieved from /home/airflow/.local/lib/python3.6/site-packages/airflow/example_dags/example_external_task_marker_dag.py
[2021-04-01 00:27:28,426] {logging_mixin.py:104} INFO - [2021-04-01 00:27:28,426] {dag.py:1818} INFO - Sync 2 DAGs
[2021-04-01 00:27:28,434] {logging_mixin.py:104} INFO - [2021-04-01 00:27:28,434] {dag.py:2273} INFO - Setting next_dagrun for example_external_task_marker_child to None
[2021-04-01 00:27:28,434] {logging_mixin.py:104} INFO - [2021-04-01 00:27:28,434] {dag.py:2273} INFO - Setting next_dagrun for example_external_task_marker_parent to None
[2021-04-01 00:27:28,441] {scheduler_job.py:190} INFO - Processing /home/airflow/.local/lib/python3.6/site-packages/airflow/example_dags/example_external_task_marker_dag.py took 0.035 seconds
[2021-04-01 00:27:59,038] {scheduler_job.py:182} INFO - Started process (PID=497) to work on /home/airflow/.local/lib/python3.6/site-packages/airflow/example_dags/example_external_task_marker_dag.py
[2021-04-01 00:27:59,039] {scheduler_job.py:629} INFO - Processing file /home/airflow/.local/lib/python3.6/site-packages/airflow/example_dags/example_external_task_marker_dag.py for tasks to queue
[2021-04-01 00:27:59,039] {logging_mixin.py:104} INFO - [2021-04-01 00:27:59,039] {dagbag.py:448} INFO - Filling up the DagBag from /home/airflow/.local/lib/python3.6/site-packages/airflow/example_dags/example_external_task_marker_dag.py
[2021-04-01 00:27:59,044] {scheduler_job.py:639} INFO - DAG(s) dict_keys(['example_external_task_marker_parent', 'example_external_task_marker_child']) retrieved from /home/airflow/.local/lib/python3.6/site-packages/airflow/example_dags/example_external_task_marker_dag.py
[2021-04-01 00:27:59,057] {logging_mixin.py:104} INFO - [2021-04-01 00:27:59,057] {dag.py:1818} INFO - Sync 2 DAGs
[2021-04-01 00:27:59,065] {logging_mixin.py:104} INFO - [2021-04-01 00:27:59,065] {dag.py:2273} INFO - Setting next_dagrun for example_external_task_marker_child to None
[2021-04-01 00:27:59,065] {logging_mixin.py:104} INFO - [2021-04-01 00:27:59,065] {dag.py:2273} INFO - Setting next_dagrun for example_external_task_marker_parent to None
[2021-04-01 00:27:59,072] {scheduler_job.py:190} INFO - Processing /home/airflow/.local/lib/python3.6/site-packages/airflow/example_dags/example_external_task_marker_dag.py took 0.036 seconds
[2021-04-01 00:28:29,682] {scheduler_job.py:182} INFO - Started process (PID=523) to work on /home/airflow/.local/lib/python3.6/site-packages/airflow/example_dags/example_external_task_marker_dag.py
[2021-04-01 00:28:29,682] {scheduler_job.py:629} INFO - Processing file /home/airflow/.local/lib/python3.6/site-packages/airflow/example_dags/example_external_task_marker_dag.py for tasks to queue
[2021-04-01 00:28:29,682] {logging_mixin.py:104} INFO - [2021-04-01 00:28:29,682] {dagbag.py:448} INFO - Filling up the DagBag from /home/airflow/.local/lib/python3.6/site-packages/airflow/example_dags/example_external_task_marker_dag.py
[2021-04-01 00:28:29,688] {scheduler_job.py:639} INFO - DAG(s) dict_keys(['example_external_task_marker_parent', 'example_external_task_marker_child']) retrieved from /home/airflow/.local/lib/python3.6/site-packages/airflow/example_dags/example_external_task_marker_dag.py
[2021-04-01 00:28:29,700] {logging_mixin.py:104} INFO - [2021-04-01 00:28:29,700] {dag.py:1818} INFO - Sync 2 DAGs
[2021-04-01 00:28:29,708] {logging_mixin.py:104} INFO - [2021-04-01 00:28:29,708] {dag.py:2273} INFO - Setting next_dagrun for example_external_task_marker_child to None
[2021-04-01 00:28:29,709] {logging_mixin.py:104} INFO - [2021-04-01 00:28:29,709] {dag.py:2273} INFO - Setting next_dagrun for example_external_task_marker_parent to None
[2021-04-01 00:28:29,715] {scheduler_job.py:190} INFO - Processing /home/airflow/.local/lib/python3.6/site-packages/airflow/example_dags/example_external_task_marker_dag.py took 0.035 seconds
[2021-04-01 00:29:00,319] {scheduler_job.py:182} INFO - Started process (PID=549) to work on /home/airflow/.local/lib/python3.6/site-packages/airflow/example_dags/example_external_task_marker_dag.py
[2021-04-01 00:29:00,320] {scheduler_job.py:629} INFO - Processing file /home/airflow/.local/lib/python3.6/site-packages/airflow/example_dags/example_external_task_marker_dag.py for tasks to queue
[2021-04-01 00:29:00,320] {logging_mixin.py:104} INFO - [2021-04-01 00:29:00,320] {dagbag.py:448} INFO - Filling up the DagBag from /home/airflow/.local/lib/python3.6/site-packages/airflow/example_dags/example_external_task_marker_dag.py
[2021-04-01 00:29:00,325] {scheduler_job.py:639} INFO - DAG(s) dict_keys(['example_external_task_marker_parent', 'example_external_task_marker_child']) retrieved from /home/airflow/.local/lib/python3.6/site-packages/airflow/example_dags/example_external_task_marker_dag.py
[2021-04-01 00:29:00,337] {logging_mixin.py:104} INFO - [2021-04-01 00:29:00,336] {dag.py:1818} INFO - Sync 2 DAGs
[2021-04-01 00:29:00,345] {logging_mixin.py:104} INFO - [2021-04-01 00:29:00,344] {dag.py:2273} INFO - Setting next_dagrun for example_external_task_marker_child to None
[2021-04-01 00:29:00,345] {logging_mixin.py:104} INFO - [2021-04-01 00:29:00,345] {dag.py:2273} INFO - Setting next_dagrun for example_external_task_marker_parent to None
[2021-04-01 00:29:00,351] {scheduler_job.py:190} INFO - Processing /home/airflow/.local/lib/python3.6/site-packages/airflow/example_dags/example_external_task_marker_dag.py took 0.033 seconds
[2021-04-01 00:29:31,015] {scheduler_job.py:182} INFO - Started process (PID=575) to work on /home/airflow/.local/lib/python3.6/site-packages/airflow/example_dags/example_external_task_marker_dag.py
[2021-04-01 00:29:31,015] {scheduler_job.py:629} INFO - Processing file /home/airflow/.local/lib/python3.6/site-packages/airflow/example_dags/example_external_task_marker_dag.py for tasks to queue
[2021-04-01 00:29:31,016] {logging_mixin.py:104} INFO - [2021-04-01 00:29:31,016] {dagbag.py:448} INFO - Filling up the DagBag from /home/airflow/.local/lib/python3.6/site-packages/airflow/example_dags/example_external_task_marker_dag.py
[2021-04-01 00:29:31,021] {scheduler_job.py:639} INFO - DAG(s) dict_keys(['example_external_task_marker_parent', 'example_external_task_marker_child']) retrieved from /home/airflow/.local/lib/python3.6/site-packages/airflow/example_dags/example_external_task_marker_dag.py
[2021-04-01 00:29:31,035] {logging_mixin.py:104} INFO - [2021-04-01 00:29:31,035] {dag.py:1818} INFO - Sync 2 DAGs
[2021-04-01 00:29:31,042] {logging_mixin.py:104} INFO - [2021-04-01 00:29:31,042] {dag.py:2273} INFO - Setting next_dagrun for example_external_task_marker_child to None
[2021-04-01 00:29:31,043] {logging_mixin.py:104} INFO - [2021-04-01 00:29:31,043] {dag.py:2273} INFO - Setting next_dagrun for example_external_task_marker_parent to None
[2021-04-01 00:29:31,049] {scheduler_job.py:190} INFO - Processing /home/airflow/.local/lib/python3.6/site-packages/airflow/example_dags/example_external_task_marker_dag.py took 0.036 seconds
[2021-04-01 00:30:01,637] {scheduler_job.py:182} INFO - Started process (PID=601) to work on /home/airflow/.local/lib/python3.6/site-packages/airflow/example_dags/example_external_task_marker_dag.py
[2021-04-01 00:30:01,637] {scheduler_job.py:629} INFO - Processing file /home/airflow/.local/lib/python3.6/site-packages/airflow/example_dags/example_external_task_marker_dag.py for tasks to queue
[2021-04-01 00:30:01,637] {logging_mixin.py:104} INFO - [2021-04-01 00:30:01,637] {dagbag.py:448} INFO - Filling up the DagBag from /home/airflow/.local/lib/python3.6/site-packages/airflow/example_dags/example_external_task_marker_dag.py
[2021-04-01 00:30:01,643] {scheduler_job.py:639} INFO - DAG(s) dict_keys(['example_external_task_marker_parent', 'example_external_task_marker_child']) retrieved from /home/airflow/.local/lib/python3.6/site-packages/airflow/example_dags/example_external_task_marker_dag.py
[2021-04-01 00:30:01,657] {logging_mixin.py:104} INFO - [2021-04-01 00:30:01,657] {dag.py:1818} INFO - Sync 2 DAGs
[2021-04-01 00:30:01,665] {logging_mixin.py:104} INFO - [2021-04-01 00:30:01,665] {dag.py:2273} INFO - Setting next_dagrun for example_external_task_marker_child to None
[2021-04-01 00:30:01,665] {logging_mixin.py:104} INFO - [2021-04-01 00:30:01,665] {dag.py:2273} INFO - Setting next_dagrun for example_external_task_marker_parent to None
[2021-04-01 00:30:01,672] {scheduler_job.py:190} INFO - Processing /home/airflow/.local/lib/python3.6/site-packages/airflow/example_dags/example_external_task_marker_dag.py took 0.037 seconds
[2021-04-01 00:30:32,275] {scheduler_job.py:182} INFO - Started process (PID=627) to work on /home/airflow/.local/lib/python3.6/site-packages/airflow/example_dags/example_external_task_marker_dag.py
[2021-04-01 00:30:32,276] {scheduler_job.py:629} INFO - Processing file /home/airflow/.local/lib/python3.6/site-packages/airflow/example_dags/example_external_task_marker_dag.py for tasks to queue
[2021-04-01 00:30:32,276] {logging_mixin.py:104} INFO - [2021-04-01 00:30:32,276] {dagbag.py:448} INFO - Filling up the DagBag from /home/airflow/.local/lib/python3.6/site-packages/airflow/example_dags/example_external_task_marker_dag.py
[2021-04-01 00:30:32,281] {scheduler_job.py:639} INFO - DAG(s) dict_keys(['example_external_task_marker_parent', 'example_external_task_marker_child']) retrieved from /home/airflow/.local/lib/python3.6/site-packages/airflow/example_dags/example_external_task_marker_dag.py
[2021-04-01 00:30:32,294] {logging_mixin.py:104} INFO - [2021-04-01 00:30:32,294] {dag.py:1818} INFO - Sync 2 DAGs
[2021-04-01 00:30:32,301] {logging_mixin.py:104} INFO - [2021-04-01 00:30:32,301] {dag.py:2273} INFO - Setting next_dagrun for example_external_task_marker_child to None
[2021-04-01 00:30:32,302] {logging_mixin.py:104} INFO - [2021-04-01 00:30:32,302] {dag.py:2273} INFO - Setting next_dagrun for example_external_task_marker_parent to None
[2021-04-01 00:30:32,307] {scheduler_job.py:190} INFO - Processing /home/airflow/.local/lib/python3.6/site-packages/airflow/example_dags/example_external_task_marker_dag.py took 0.033 seconds
[2021-04-01 00:31:02,906] {scheduler_job.py:182} INFO - Started process (PID=653) to work on /home/airflow/.local/lib/python3.6/site-packages/airflow/example_dags/example_external_task_marker_dag.py
[2021-04-01 00:31:02,906] {scheduler_job.py:629} INFO - Processing file /home/airflow/.local/lib/python3.6/site-packages/airflow/example_dags/example_external_task_marker_dag.py for tasks to queue
[2021-04-01 00:31:02,907] {logging_mixin.py:104} INFO - [2021-04-01 00:31:02,906] {dagbag.py:448} INFO - Filling up the DagBag from /home/airflow/.local/lib/python3.6/site-packages/airflow/example_dags/example_external_task_marker_dag.py
[2021-04-01 00:31:02,912] {scheduler_job.py:639} INFO - DAG(s) dict_keys(['example_external_task_marker_parent', 'example_external_task_marker_child']) retrieved from /home/airflow/.local/lib/python3.6/site-packages/airflow/example_dags/example_external_task_marker_dag.py
[2021-04-01 00:31:02,925] {logging_mixin.py:104} INFO - [2021-04-01 00:31:02,925] {dag.py:1818} INFO - Sync 2 DAGs
[2021-04-01 00:31:02,933] {logging_mixin.py:104} INFO - [2021-04-01 00:31:02,933] {dag.py:2273} INFO - Setting next_dagrun for example_external_task_marker_child to None
[2021-04-01 00:31:02,933] {logging_mixin.py:104} INFO - [2021-04-01 00:31:02,933] {dag.py:2273} INFO - Setting next_dagrun for example_external_task_marker_parent to None
[2021-04-01 00:31:02,940] {scheduler_job.py:190} INFO - Processing /home/airflow/.local/lib/python3.6/site-packages/airflow/example_dags/example_external_task_marker_dag.py took 0.036 seconds
[2021-04-01 00:31:33,549] {scheduler_job.py:182} INFO - Started process (PID=679) to work on /home/airflow/.local/lib/python3.6/site-packages/airflow/example_dags/example_external_task_marker_dag.py
[2021-04-01 00:31:33,550] {scheduler_job.py:629} INFO - Processing file /home/airflow/.local/lib/python3.6/site-packages/airflow/example_dags/example_external_task_marker_dag.py for tasks to queue
[2021-04-01 00:31:33,550] {logging_mixin.py:104} INFO - [2021-04-01 00:31:33,550] {dagbag.py:448} INFO - Filling up the DagBag from /home/airflow/.local/lib/python3.6/site-packages/airflow/example_dags/example_external_task_marker_dag.py
[2021-04-01 00:31:33,556] {scheduler_job.py:639} INFO - DAG(s) dict_keys(['example_external_task_marker_parent', 'example_external_task_marker_child']) retrieved from /home/airflow/.local/lib/python3.6/site-packages/airflow/example_dags/example_external_task_marker_dag.py
[2021-04-01 00:31:33,570] {logging_mixin.py:104} INFO - [2021-04-01 00:31:33,569] {dag.py:1818} INFO - Sync 2 DAGs
[2021-04-01 00:31:33,578] {logging_mixin.py:104} INFO - [2021-04-01 00:31:33,578] {dag.py:2273} INFO - Setting next_dagrun for example_external_task_marker_child to None
[2021-04-01 00:31:33,579] {logging_mixin.py:104} INFO - [2021-04-01 00:31:33,578] {dag.py:2273} INFO - Setting next_dagrun for example_external_task_marker_parent to None
[2021-04-01 00:31:33,587] {scheduler_job.py:190} INFO - Processing /home/airflow/.local/lib/python3.6/site-packages/airflow/example_dags/example_external_task_marker_dag.py took 0.039 seconds
