[2021-04-01 00:00:01,669] {scheduler_job.py:182} INFO - Started process (PID=120) to work on /home/airflow/.local/lib/python3.6/site-packages/airflow/example_dags/example_branch_python_dop_operator_3.py
[2021-04-01 00:00:01,669] {scheduler_job.py:629} INFO - Processing file /home/airflow/.local/lib/python3.6/site-packages/airflow/example_dags/example_branch_python_dop_operator_3.py for tasks to queue
[2021-04-01 00:00:01,669] {logging_mixin.py:104} INFO - [2021-04-01 00:00:01,669] {dagbag.py:448} INFO - Filling up the DagBag from /home/airflow/.local/lib/python3.6/site-packages/airflow/example_dags/example_branch_python_dop_operator_3.py
[2021-04-01 00:00:01,677] {scheduler_job.py:639} INFO - DAG(s) dict_keys(['example_branch_dop_operator_v3']) retrieved from /home/airflow/.local/lib/python3.6/site-packages/airflow/example_dags/example_branch_python_dop_operator_3.py
[2021-04-01 00:00:01,689] {logging_mixin.py:104} INFO - [2021-04-01 00:00:01,689] {dag.py:1818} INFO - Sync 1 DAGs
[2021-04-01 00:00:01,705] {logging_mixin.py:104} INFO - [2021-04-01 00:00:01,704] {dag.py:2273} INFO - Setting next_dagrun for example_branch_dop_operator_v3 to 2021-03-30 00:00:00+00:00
[2021-04-01 00:00:01,712] {scheduler_job.py:190} INFO - Processing /home/airflow/.local/lib/python3.6/site-packages/airflow/example_dags/example_branch_python_dop_operator_3.py took 0.045 seconds
[2021-04-01 00:00:32,344] {scheduler_job.py:182} INFO - Started process (PID=146) to work on /home/airflow/.local/lib/python3.6/site-packages/airflow/example_dags/example_branch_python_dop_operator_3.py
[2021-04-01 00:00:32,344] {scheduler_job.py:629} INFO - Processing file /home/airflow/.local/lib/python3.6/site-packages/airflow/example_dags/example_branch_python_dop_operator_3.py for tasks to queue
[2021-04-01 00:00:32,344] {logging_mixin.py:104} INFO - [2021-04-01 00:00:32,344] {dagbag.py:448} INFO - Filling up the DagBag from /home/airflow/.local/lib/python3.6/site-packages/airflow/example_dags/example_branch_python_dop_operator_3.py
[2021-04-01 00:00:32,351] {scheduler_job.py:639} INFO - DAG(s) dict_keys(['example_branch_dop_operator_v3']) retrieved from /home/airflow/.local/lib/python3.6/site-packages/airflow/example_dags/example_branch_python_dop_operator_3.py
[2021-04-01 00:00:32,361] {logging_mixin.py:104} INFO - [2021-04-01 00:00:32,361] {dag.py:1818} INFO - Sync 1 DAGs
[2021-04-01 00:00:32,377] {logging_mixin.py:104} INFO - [2021-04-01 00:00:32,377] {dag.py:2273} INFO - Setting next_dagrun for example_branch_dop_operator_v3 to 2021-03-30 00:00:00+00:00
[2021-04-01 00:00:32,384] {scheduler_job.py:190} INFO - Processing /home/airflow/.local/lib/python3.6/site-packages/airflow/example_dags/example_branch_python_dop_operator_3.py took 0.042 seconds
[2021-04-01 00:01:02,996] {scheduler_job.py:182} INFO - Started process (PID=172) to work on /home/airflow/.local/lib/python3.6/site-packages/airflow/example_dags/example_branch_python_dop_operator_3.py
[2021-04-01 00:01:02,997] {scheduler_job.py:629} INFO - Processing file /home/airflow/.local/lib/python3.6/site-packages/airflow/example_dags/example_branch_python_dop_operator_3.py for tasks to queue
[2021-04-01 00:01:02,998] {logging_mixin.py:104} INFO - [2021-04-01 00:01:02,997] {dagbag.py:448} INFO - Filling up the DagBag from /home/airflow/.local/lib/python3.6/site-packages/airflow/example_dags/example_branch_python_dop_operator_3.py
[2021-04-01 00:01:03,006] {scheduler_job.py:639} INFO - DAG(s) dict_keys(['example_branch_dop_operator_v3']) retrieved from /home/airflow/.local/lib/python3.6/site-packages/airflow/example_dags/example_branch_python_dop_operator_3.py
[2021-04-01 00:01:03,018] {logging_mixin.py:104} INFO - [2021-04-01 00:01:03,017] {dag.py:1818} INFO - Sync 1 DAGs
[2021-04-01 00:01:03,035] {logging_mixin.py:104} INFO - [2021-04-01 00:01:03,035] {dag.py:2273} INFO - Setting next_dagrun for example_branch_dop_operator_v3 to 2021-03-30 00:00:00+00:00
[2021-04-01 00:01:03,041] {scheduler_job.py:190} INFO - Processing /home/airflow/.local/lib/python3.6/site-packages/airflow/example_dags/example_branch_python_dop_operator_3.py took 0.046 seconds
[2021-04-01 00:01:33,668] {scheduler_job.py:182} INFO - Started process (PID=198) to work on /home/airflow/.local/lib/python3.6/site-packages/airflow/example_dags/example_branch_python_dop_operator_3.py
[2021-04-01 00:01:33,668] {scheduler_job.py:629} INFO - Processing file /home/airflow/.local/lib/python3.6/site-packages/airflow/example_dags/example_branch_python_dop_operator_3.py for tasks to queue
[2021-04-01 00:01:33,668] {logging_mixin.py:104} INFO - [2021-04-01 00:01:33,668] {dagbag.py:448} INFO - Filling up the DagBag from /home/airflow/.local/lib/python3.6/site-packages/airflow/example_dags/example_branch_python_dop_operator_3.py
[2021-04-01 00:01:33,675] {scheduler_job.py:639} INFO - DAG(s) dict_keys(['example_branch_dop_operator_v3']) retrieved from /home/airflow/.local/lib/python3.6/site-packages/airflow/example_dags/example_branch_python_dop_operator_3.py
[2021-04-01 00:01:33,685] {logging_mixin.py:104} INFO - [2021-04-01 00:01:33,685] {dag.py:1818} INFO - Sync 1 DAGs
[2021-04-01 00:01:33,701] {logging_mixin.py:104} INFO - [2021-04-01 00:01:33,701] {dag.py:2273} INFO - Setting next_dagrun for example_branch_dop_operator_v3 to 2021-03-30 00:00:00+00:00
[2021-04-01 00:01:33,707] {scheduler_job.py:190} INFO - Processing /home/airflow/.local/lib/python3.6/site-packages/airflow/example_dags/example_branch_python_dop_operator_3.py took 0.040 seconds
[2021-04-01 00:02:04,226] {scheduler_job.py:182} INFO - Started process (PID=224) to work on /home/airflow/.local/lib/python3.6/site-packages/airflow/example_dags/example_branch_python_dop_operator_3.py
[2021-04-01 00:02:04,226] {scheduler_job.py:629} INFO - Processing file /home/airflow/.local/lib/python3.6/site-packages/airflow/example_dags/example_branch_python_dop_operator_3.py for tasks to queue
[2021-04-01 00:02:04,227] {logging_mixin.py:104} INFO - [2021-04-01 00:02:04,226] {dagbag.py:448} INFO - Filling up the DagBag from /home/airflow/.local/lib/python3.6/site-packages/airflow/example_dags/example_branch_python_dop_operator_3.py
[2021-04-01 00:02:04,234] {scheduler_job.py:639} INFO - DAG(s) dict_keys(['example_branch_dop_operator_v3']) retrieved from /home/airflow/.local/lib/python3.6/site-packages/airflow/example_dags/example_branch_python_dop_operator_3.py
[2021-04-01 00:02:04,243] {logging_mixin.py:104} INFO - [2021-04-01 00:02:04,243] {dag.py:1818} INFO - Sync 1 DAGs
[2021-04-01 00:02:04,259] {logging_mixin.py:104} INFO - [2021-04-01 00:02:04,259] {dag.py:2273} INFO - Setting next_dagrun for example_branch_dop_operator_v3 to 2021-03-30 00:00:00+00:00
[2021-04-01 00:02:04,265] {scheduler_job.py:190} INFO - Processing /home/airflow/.local/lib/python3.6/site-packages/airflow/example_dags/example_branch_python_dop_operator_3.py took 0.041 seconds
[2021-04-01 00:02:34,853] {scheduler_job.py:182} INFO - Started process (PID=250) to work on /home/airflow/.local/lib/python3.6/site-packages/airflow/example_dags/example_branch_python_dop_operator_3.py
[2021-04-01 00:02:34,853] {scheduler_job.py:629} INFO - Processing file /home/airflow/.local/lib/python3.6/site-packages/airflow/example_dags/example_branch_python_dop_operator_3.py for tasks to queue
[2021-04-01 00:02:34,854] {logging_mixin.py:104} INFO - [2021-04-01 00:02:34,854] {dagbag.py:448} INFO - Filling up the DagBag from /home/airflow/.local/lib/python3.6/site-packages/airflow/example_dags/example_branch_python_dop_operator_3.py
[2021-04-01 00:02:34,861] {scheduler_job.py:639} INFO - DAG(s) dict_keys(['example_branch_dop_operator_v3']) retrieved from /home/airflow/.local/lib/python3.6/site-packages/airflow/example_dags/example_branch_python_dop_operator_3.py
[2021-04-01 00:02:34,871] {logging_mixin.py:104} INFO - [2021-04-01 00:02:34,870] {dag.py:1818} INFO - Sync 1 DAGs
[2021-04-01 00:02:34,887] {logging_mixin.py:104} INFO - [2021-04-01 00:02:34,886] {dag.py:2273} INFO - Setting next_dagrun for example_branch_dop_operator_v3 to 2021-03-30 00:00:00+00:00
[2021-04-01 00:02:34,892] {scheduler_job.py:190} INFO - Processing /home/airflow/.local/lib/python3.6/site-packages/airflow/example_dags/example_branch_python_dop_operator_3.py took 0.041 seconds
[2021-04-01 00:03:05,437] {scheduler_job.py:182} INFO - Started process (PID=276) to work on /home/airflow/.local/lib/python3.6/site-packages/airflow/example_dags/example_branch_python_dop_operator_3.py
[2021-04-01 00:03:05,438] {scheduler_job.py:629} INFO - Processing file /home/airflow/.local/lib/python3.6/site-packages/airflow/example_dags/example_branch_python_dop_operator_3.py for tasks to queue
[2021-04-01 00:03:05,438] {logging_mixin.py:104} INFO - [2021-04-01 00:03:05,438] {dagbag.py:448} INFO - Filling up the DagBag from /home/airflow/.local/lib/python3.6/site-packages/airflow/example_dags/example_branch_python_dop_operator_3.py
[2021-04-01 00:03:05,445] {scheduler_job.py:639} INFO - DAG(s) dict_keys(['example_branch_dop_operator_v3']) retrieved from /home/airflow/.local/lib/python3.6/site-packages/airflow/example_dags/example_branch_python_dop_operator_3.py
[2021-04-01 00:03:05,454] {logging_mixin.py:104} INFO - [2021-04-01 00:03:05,454] {dag.py:1818} INFO - Sync 1 DAGs
[2021-04-01 00:03:05,474] {logging_mixin.py:104} INFO - [2021-04-01 00:03:05,474] {dag.py:2273} INFO - Setting next_dagrun for example_branch_dop_operator_v3 to 2021-03-30 00:00:00+00:00
[2021-04-01 00:03:05,482] {scheduler_job.py:190} INFO - Processing /home/airflow/.local/lib/python3.6/site-packages/airflow/example_dags/example_branch_python_dop_operator_3.py took 0.047 seconds
[2021-04-01 00:03:36,050] {scheduler_job.py:182} INFO - Started process (PID=302) to work on /home/airflow/.local/lib/python3.6/site-packages/airflow/example_dags/example_branch_python_dop_operator_3.py
[2021-04-01 00:03:36,050] {scheduler_job.py:629} INFO - Processing file /home/airflow/.local/lib/python3.6/site-packages/airflow/example_dags/example_branch_python_dop_operator_3.py for tasks to queue
[2021-04-01 00:03:36,051] {logging_mixin.py:104} INFO - [2021-04-01 00:03:36,050] {dagbag.py:448} INFO - Filling up the DagBag from /home/airflow/.local/lib/python3.6/site-packages/airflow/example_dags/example_branch_python_dop_operator_3.py
[2021-04-01 00:03:36,058] {scheduler_job.py:639} INFO - DAG(s) dict_keys(['example_branch_dop_operator_v3']) retrieved from /home/airflow/.local/lib/python3.6/site-packages/airflow/example_dags/example_branch_python_dop_operator_3.py
[2021-04-01 00:03:36,067] {logging_mixin.py:104} INFO - [2021-04-01 00:03:36,067] {dag.py:1818} INFO - Sync 1 DAGs
[2021-04-01 00:03:36,084] {logging_mixin.py:104} INFO - [2021-04-01 00:03:36,084] {dag.py:2273} INFO - Setting next_dagrun for example_branch_dop_operator_v3 to 2021-03-30 00:00:00+00:00
[2021-04-01 00:03:36,091] {scheduler_job.py:190} INFO - Processing /home/airflow/.local/lib/python3.6/site-packages/airflow/example_dags/example_branch_python_dop_operator_3.py took 0.042 seconds
[2021-04-01 00:04:06,645] {scheduler_job.py:182} INFO - Started process (PID=328) to work on /home/airflow/.local/lib/python3.6/site-packages/airflow/example_dags/example_branch_python_dop_operator_3.py
[2021-04-01 00:04:06,646] {scheduler_job.py:629} INFO - Processing file /home/airflow/.local/lib/python3.6/site-packages/airflow/example_dags/example_branch_python_dop_operator_3.py for tasks to queue
[2021-04-01 00:04:06,646] {logging_mixin.py:104} INFO - [2021-04-01 00:04:06,646] {dagbag.py:448} INFO - Filling up the DagBag from /home/airflow/.local/lib/python3.6/site-packages/airflow/example_dags/example_branch_python_dop_operator_3.py
[2021-04-01 00:04:06,653] {scheduler_job.py:639} INFO - DAG(s) dict_keys(['example_branch_dop_operator_v3']) retrieved from /home/airflow/.local/lib/python3.6/site-packages/airflow/example_dags/example_branch_python_dop_operator_3.py
[2021-04-01 00:04:06,664] {logging_mixin.py:104} INFO - [2021-04-01 00:04:06,664] {dag.py:1818} INFO - Sync 1 DAGs
[2021-04-01 00:04:06,682] {logging_mixin.py:104} INFO - [2021-04-01 00:04:06,682] {dag.py:2273} INFO - Setting next_dagrun for example_branch_dop_operator_v3 to 2021-03-30 00:00:00+00:00
[2021-04-01 00:04:06,688] {scheduler_job.py:190} INFO - Processing /home/airflow/.local/lib/python3.6/site-packages/airflow/example_dags/example_branch_python_dop_operator_3.py took 0.044 seconds
[2021-04-01 00:04:37,226] {scheduler_job.py:182} INFO - Started process (PID=354) to work on /home/airflow/.local/lib/python3.6/site-packages/airflow/example_dags/example_branch_python_dop_operator_3.py
[2021-04-01 00:04:37,226] {scheduler_job.py:629} INFO - Processing file /home/airflow/.local/lib/python3.6/site-packages/airflow/example_dags/example_branch_python_dop_operator_3.py for tasks to queue
[2021-04-01 00:04:37,226] {logging_mixin.py:104} INFO - [2021-04-01 00:04:37,226] {dagbag.py:448} INFO - Filling up the DagBag from /home/airflow/.local/lib/python3.6/site-packages/airflow/example_dags/example_branch_python_dop_operator_3.py
[2021-04-01 00:04:37,233] {scheduler_job.py:639} INFO - DAG(s) dict_keys(['example_branch_dop_operator_v3']) retrieved from /home/airflow/.local/lib/python3.6/site-packages/airflow/example_dags/example_branch_python_dop_operator_3.py
[2021-04-01 00:04:37,243] {logging_mixin.py:104} INFO - [2021-04-01 00:04:37,243] {dag.py:1818} INFO - Sync 1 DAGs
[2021-04-01 00:04:37,263] {logging_mixin.py:104} INFO - [2021-04-01 00:04:37,263] {dag.py:2273} INFO - Setting next_dagrun for example_branch_dop_operator_v3 to 2021-03-30 00:00:00+00:00
[2021-04-01 00:04:37,270] {scheduler_job.py:190} INFO - Processing /home/airflow/.local/lib/python3.6/site-packages/airflow/example_dags/example_branch_python_dop_operator_3.py took 0.046 seconds
[2021-04-01 00:05:07,823] {scheduler_job.py:182} INFO - Started process (PID=380) to work on /home/airflow/.local/lib/python3.6/site-packages/airflow/example_dags/example_branch_python_dop_operator_3.py
[2021-04-01 00:05:07,823] {scheduler_job.py:629} INFO - Processing file /home/airflow/.local/lib/python3.6/site-packages/airflow/example_dags/example_branch_python_dop_operator_3.py for tasks to queue
[2021-04-01 00:05:07,824] {logging_mixin.py:104} INFO - [2021-04-01 00:05:07,824] {dagbag.py:448} INFO - Filling up the DagBag from /home/airflow/.local/lib/python3.6/site-packages/airflow/example_dags/example_branch_python_dop_operator_3.py
[2021-04-01 00:05:07,832] {scheduler_job.py:639} INFO - DAG(s) dict_keys(['example_branch_dop_operator_v3']) retrieved from /home/airflow/.local/lib/python3.6/site-packages/airflow/example_dags/example_branch_python_dop_operator_3.py
[2021-04-01 00:05:07,843] {logging_mixin.py:104} INFO - [2021-04-01 00:05:07,843] {dag.py:1818} INFO - Sync 1 DAGs
[2021-04-01 00:05:07,867] {logging_mixin.py:104} INFO - [2021-04-01 00:05:07,867] {dag.py:2273} INFO - Setting next_dagrun for example_branch_dop_operator_v3 to 2021-03-30 00:00:00+00:00
[2021-04-01 00:05:07,874] {scheduler_job.py:190} INFO - Processing /home/airflow/.local/lib/python3.6/site-packages/airflow/example_dags/example_branch_python_dop_operator_3.py took 0.052 seconds
[2021-04-01 00:05:38,436] {scheduler_job.py:182} INFO - Started process (PID=406) to work on /home/airflow/.local/lib/python3.6/site-packages/airflow/example_dags/example_branch_python_dop_operator_3.py
[2021-04-01 00:05:38,437] {scheduler_job.py:629} INFO - Processing file /home/airflow/.local/lib/python3.6/site-packages/airflow/example_dags/example_branch_python_dop_operator_3.py for tasks to queue
[2021-04-01 00:05:38,437] {logging_mixin.py:104} INFO - [2021-04-01 00:05:38,437] {dagbag.py:448} INFO - Filling up the DagBag from /home/airflow/.local/lib/python3.6/site-packages/airflow/example_dags/example_branch_python_dop_operator_3.py
[2021-04-01 00:05:38,444] {scheduler_job.py:639} INFO - DAG(s) dict_keys(['example_branch_dop_operator_v3']) retrieved from /home/airflow/.local/lib/python3.6/site-packages/airflow/example_dags/example_branch_python_dop_operator_3.py
[2021-04-01 00:05:38,453] {logging_mixin.py:104} INFO - [2021-04-01 00:05:38,453] {dag.py:1818} INFO - Sync 1 DAGs
[2021-04-01 00:05:38,470] {logging_mixin.py:104} INFO - [2021-04-01 00:05:38,470] {dag.py:2273} INFO - Setting next_dagrun for example_branch_dop_operator_v3 to 2021-03-30 00:00:00+00:00
[2021-04-01 00:05:38,476] {scheduler_job.py:190} INFO - Processing /home/airflow/.local/lib/python3.6/site-packages/airflow/example_dags/example_branch_python_dop_operator_3.py took 0.042 seconds
[2021-04-01 00:06:09,060] {scheduler_job.py:182} INFO - Started process (PID=432) to work on /home/airflow/.local/lib/python3.6/site-packages/airflow/example_dags/example_branch_python_dop_operator_3.py
[2021-04-01 00:06:09,060] {scheduler_job.py:629} INFO - Processing file /home/airflow/.local/lib/python3.6/site-packages/airflow/example_dags/example_branch_python_dop_operator_3.py for tasks to queue
[2021-04-01 00:06:09,061] {logging_mixin.py:104} INFO - [2021-04-01 00:06:09,061] {dagbag.py:448} INFO - Filling up the DagBag from /home/airflow/.local/lib/python3.6/site-packages/airflow/example_dags/example_branch_python_dop_operator_3.py
[2021-04-01 00:06:09,068] {scheduler_job.py:639} INFO - DAG(s) dict_keys(['example_branch_dop_operator_v3']) retrieved from /home/airflow/.local/lib/python3.6/site-packages/airflow/example_dags/example_branch_python_dop_operator_3.py
[2021-04-01 00:06:09,078] {logging_mixin.py:104} INFO - [2021-04-01 00:06:09,078] {dag.py:1818} INFO - Sync 1 DAGs
[2021-04-01 00:06:09,096] {logging_mixin.py:104} INFO - [2021-04-01 00:06:09,096] {dag.py:2273} INFO - Setting next_dagrun for example_branch_dop_operator_v3 to 2021-03-30 00:00:00+00:00
[2021-04-01 00:06:09,101] {scheduler_job.py:190} INFO - Processing /home/airflow/.local/lib/python3.6/site-packages/airflow/example_dags/example_branch_python_dop_operator_3.py took 0.043 seconds
[2021-04-01 00:06:39,725] {scheduler_job.py:182} INFO - Started process (PID=458) to work on /home/airflow/.local/lib/python3.6/site-packages/airflow/example_dags/example_branch_python_dop_operator_3.py
[2021-04-01 00:06:39,726] {scheduler_job.py:629} INFO - Processing file /home/airflow/.local/lib/python3.6/site-packages/airflow/example_dags/example_branch_python_dop_operator_3.py for tasks to queue
[2021-04-01 00:06:39,726] {logging_mixin.py:104} INFO - [2021-04-01 00:06:39,726] {dagbag.py:448} INFO - Filling up the DagBag from /home/airflow/.local/lib/python3.6/site-packages/airflow/example_dags/example_branch_python_dop_operator_3.py
[2021-04-01 00:06:39,733] {scheduler_job.py:639} INFO - DAG(s) dict_keys(['example_branch_dop_operator_v3']) retrieved from /home/airflow/.local/lib/python3.6/site-packages/airflow/example_dags/example_branch_python_dop_operator_3.py
[2021-04-01 00:06:39,743] {logging_mixin.py:104} INFO - [2021-04-01 00:06:39,743] {dag.py:1818} INFO - Sync 1 DAGs
[2021-04-01 00:06:39,760] {logging_mixin.py:104} INFO - [2021-04-01 00:06:39,760] {dag.py:2273} INFO - Setting next_dagrun for example_branch_dop_operator_v3 to 2021-03-30 00:00:00+00:00
[2021-04-01 00:06:39,767] {scheduler_job.py:190} INFO - Processing /home/airflow/.local/lib/python3.6/site-packages/airflow/example_dags/example_branch_python_dop_operator_3.py took 0.043 seconds
[2021-04-01 00:07:10,398] {scheduler_job.py:182} INFO - Started process (PID=484) to work on /home/airflow/.local/lib/python3.6/site-packages/airflow/example_dags/example_branch_python_dop_operator_3.py
[2021-04-01 00:07:10,398] {scheduler_job.py:629} INFO - Processing file /home/airflow/.local/lib/python3.6/site-packages/airflow/example_dags/example_branch_python_dop_operator_3.py for tasks to queue
[2021-04-01 00:07:10,399] {logging_mixin.py:104} INFO - [2021-04-01 00:07:10,398] {dagbag.py:448} INFO - Filling up the DagBag from /home/airflow/.local/lib/python3.6/site-packages/airflow/example_dags/example_branch_python_dop_operator_3.py
[2021-04-01 00:07:10,406] {scheduler_job.py:639} INFO - DAG(s) dict_keys(['example_branch_dop_operator_v3']) retrieved from /home/airflow/.local/lib/python3.6/site-packages/airflow/example_dags/example_branch_python_dop_operator_3.py
[2021-04-01 00:07:10,415] {logging_mixin.py:104} INFO - [2021-04-01 00:07:10,415] {dag.py:1818} INFO - Sync 1 DAGs
[2021-04-01 00:07:10,432] {logging_mixin.py:104} INFO - [2021-04-01 00:07:10,432] {dag.py:2273} INFO - Setting next_dagrun for example_branch_dop_operator_v3 to 2021-03-30 00:00:00+00:00
[2021-04-01 00:07:10,439] {scheduler_job.py:190} INFO - Processing /home/airflow/.local/lib/python3.6/site-packages/airflow/example_dags/example_branch_python_dop_operator_3.py took 0.042 seconds
[2021-04-01 00:07:41,070] {scheduler_job.py:182} INFO - Started process (PID=510) to work on /home/airflow/.local/lib/python3.6/site-packages/airflow/example_dags/example_branch_python_dop_operator_3.py
[2021-04-01 00:07:41,070] {scheduler_job.py:629} INFO - Processing file /home/airflow/.local/lib/python3.6/site-packages/airflow/example_dags/example_branch_python_dop_operator_3.py for tasks to queue
[2021-04-01 00:07:41,070] {logging_mixin.py:104} INFO - [2021-04-01 00:07:41,070] {dagbag.py:448} INFO - Filling up the DagBag from /home/airflow/.local/lib/python3.6/site-packages/airflow/example_dags/example_branch_python_dop_operator_3.py
[2021-04-01 00:07:41,077] {scheduler_job.py:639} INFO - DAG(s) dict_keys(['example_branch_dop_operator_v3']) retrieved from /home/airflow/.local/lib/python3.6/site-packages/airflow/example_dags/example_branch_python_dop_operator_3.py
[2021-04-01 00:07:41,087] {logging_mixin.py:104} INFO - [2021-04-01 00:07:41,087] {dag.py:1818} INFO - Sync 1 DAGs
[2021-04-01 00:07:41,104] {logging_mixin.py:104} INFO - [2021-04-01 00:07:41,104] {dag.py:2273} INFO - Setting next_dagrun for example_branch_dop_operator_v3 to 2021-03-30 00:00:00+00:00
[2021-04-01 00:07:41,110] {scheduler_job.py:190} INFO - Processing /home/airflow/.local/lib/python3.6/site-packages/airflow/example_dags/example_branch_python_dop_operator_3.py took 0.042 seconds
[2021-04-01 00:08:11,816] {scheduler_job.py:182} INFO - Started process (PID=536) to work on /home/airflow/.local/lib/python3.6/site-packages/airflow/example_dags/example_branch_python_dop_operator_3.py
[2021-04-01 00:08:11,817] {scheduler_job.py:629} INFO - Processing file /home/airflow/.local/lib/python3.6/site-packages/airflow/example_dags/example_branch_python_dop_operator_3.py for tasks to queue
[2021-04-01 00:08:11,817] {logging_mixin.py:104} INFO - [2021-04-01 00:08:11,817] {dagbag.py:448} INFO - Filling up the DagBag from /home/airflow/.local/lib/python3.6/site-packages/airflow/example_dags/example_branch_python_dop_operator_3.py
[2021-04-01 00:08:11,826] {scheduler_job.py:639} INFO - DAG(s) dict_keys(['example_branch_dop_operator_v3']) retrieved from /home/airflow/.local/lib/python3.6/site-packages/airflow/example_dags/example_branch_python_dop_operator_3.py
[2021-04-01 00:08:11,837] {logging_mixin.py:104} INFO - [2021-04-01 00:08:11,837] {dag.py:1818} INFO - Sync 1 DAGs
[2021-04-01 00:08:11,853] {logging_mixin.py:104} INFO - [2021-04-01 00:08:11,853] {dag.py:2273} INFO - Setting next_dagrun for example_branch_dop_operator_v3 to 2021-03-30 00:00:00+00:00
[2021-04-01 00:08:11,860] {scheduler_job.py:190} INFO - Processing /home/airflow/.local/lib/python3.6/site-packages/airflow/example_dags/example_branch_python_dop_operator_3.py took 0.047 seconds
[2021-04-01 00:08:42,500] {scheduler_job.py:182} INFO - Started process (PID=562) to work on /home/airflow/.local/lib/python3.6/site-packages/airflow/example_dags/example_branch_python_dop_operator_3.py
[2021-04-01 00:08:42,501] {scheduler_job.py:629} INFO - Processing file /home/airflow/.local/lib/python3.6/site-packages/airflow/example_dags/example_branch_python_dop_operator_3.py for tasks to queue
[2021-04-01 00:08:42,501] {logging_mixin.py:104} INFO - [2021-04-01 00:08:42,501] {dagbag.py:448} INFO - Filling up the DagBag from /home/airflow/.local/lib/python3.6/site-packages/airflow/example_dags/example_branch_python_dop_operator_3.py
[2021-04-01 00:08:42,508] {scheduler_job.py:639} INFO - DAG(s) dict_keys(['example_branch_dop_operator_v3']) retrieved from /home/airflow/.local/lib/python3.6/site-packages/airflow/example_dags/example_branch_python_dop_operator_3.py
[2021-04-01 00:08:42,520] {logging_mixin.py:104} INFO - [2021-04-01 00:08:42,520] {dag.py:1818} INFO - Sync 1 DAGs
[2021-04-01 00:08:42,535] {logging_mixin.py:104} INFO - [2021-04-01 00:08:42,535] {dag.py:2273} INFO - Setting next_dagrun for example_branch_dop_operator_v3 to 2021-03-30 00:00:00+00:00
[2021-04-01 00:08:42,542] {scheduler_job.py:190} INFO - Processing /home/airflow/.local/lib/python3.6/site-packages/airflow/example_dags/example_branch_python_dop_operator_3.py took 0.043 seconds
[2021-04-01 00:09:13,197] {scheduler_job.py:182} INFO - Started process (PID=588) to work on /home/airflow/.local/lib/python3.6/site-packages/airflow/example_dags/example_branch_python_dop_operator_3.py
[2021-04-01 00:09:13,197] {scheduler_job.py:629} INFO - Processing file /home/airflow/.local/lib/python3.6/site-packages/airflow/example_dags/example_branch_python_dop_operator_3.py for tasks to queue
[2021-04-01 00:09:13,198] {logging_mixin.py:104} INFO - [2021-04-01 00:09:13,197] {dagbag.py:448} INFO - Filling up the DagBag from /home/airflow/.local/lib/python3.6/site-packages/airflow/example_dags/example_branch_python_dop_operator_3.py
[2021-04-01 00:09:13,204] {scheduler_job.py:639} INFO - DAG(s) dict_keys(['example_branch_dop_operator_v3']) retrieved from /home/airflow/.local/lib/python3.6/site-packages/airflow/example_dags/example_branch_python_dop_operator_3.py
[2021-04-01 00:09:13,216] {logging_mixin.py:104} INFO - [2021-04-01 00:09:13,216] {dag.py:1818} INFO - Sync 1 DAGs
[2021-04-01 00:09:13,231] {logging_mixin.py:104} INFO - [2021-04-01 00:09:13,231] {dag.py:2273} INFO - Setting next_dagrun for example_branch_dop_operator_v3 to 2021-03-30 00:00:00+00:00
[2021-04-01 00:09:13,237] {scheduler_job.py:190} INFO - Processing /home/airflow/.local/lib/python3.6/site-packages/airflow/example_dags/example_branch_python_dop_operator_3.py took 0.042 seconds
[2021-04-01 00:09:43,901] {scheduler_job.py:182} INFO - Started process (PID=614) to work on /home/airflow/.local/lib/python3.6/site-packages/airflow/example_dags/example_branch_python_dop_operator_3.py
[2021-04-01 00:09:43,901] {scheduler_job.py:629} INFO - Processing file /home/airflow/.local/lib/python3.6/site-packages/airflow/example_dags/example_branch_python_dop_operator_3.py for tasks to queue
[2021-04-01 00:09:43,902] {logging_mixin.py:104} INFO - [2021-04-01 00:09:43,902] {dagbag.py:448} INFO - Filling up the DagBag from /home/airflow/.local/lib/python3.6/site-packages/airflow/example_dags/example_branch_python_dop_operator_3.py
[2021-04-01 00:09:43,910] {scheduler_job.py:639} INFO - DAG(s) dict_keys(['example_branch_dop_operator_v3']) retrieved from /home/airflow/.local/lib/python3.6/site-packages/airflow/example_dags/example_branch_python_dop_operator_3.py
[2021-04-01 00:09:43,920] {logging_mixin.py:104} INFO - [2021-04-01 00:09:43,920] {dag.py:1818} INFO - Sync 1 DAGs
[2021-04-01 00:09:43,936] {logging_mixin.py:104} INFO - [2021-04-01 00:09:43,936] {dag.py:2273} INFO - Setting next_dagrun for example_branch_dop_operator_v3 to 2021-03-30 00:00:00+00:00
[2021-04-01 00:09:43,943] {scheduler_job.py:190} INFO - Processing /home/airflow/.local/lib/python3.6/site-packages/airflow/example_dags/example_branch_python_dop_operator_3.py took 0.043 seconds
[2021-04-01 00:10:14,576] {scheduler_job.py:182} INFO - Started process (PID=640) to work on /home/airflow/.local/lib/python3.6/site-packages/airflow/example_dags/example_branch_python_dop_operator_3.py
[2021-04-01 00:10:14,577] {scheduler_job.py:629} INFO - Processing file /home/airflow/.local/lib/python3.6/site-packages/airflow/example_dags/example_branch_python_dop_operator_3.py for tasks to queue
[2021-04-01 00:10:14,577] {logging_mixin.py:104} INFO - [2021-04-01 00:10:14,577] {dagbag.py:448} INFO - Filling up the DagBag from /home/airflow/.local/lib/python3.6/site-packages/airflow/example_dags/example_branch_python_dop_operator_3.py
[2021-04-01 00:10:14,585] {scheduler_job.py:639} INFO - DAG(s) dict_keys(['example_branch_dop_operator_v3']) retrieved from /home/airflow/.local/lib/python3.6/site-packages/airflow/example_dags/example_branch_python_dop_operator_3.py
[2021-04-01 00:10:14,595] {logging_mixin.py:104} INFO - [2021-04-01 00:10:14,595] {dag.py:1818} INFO - Sync 1 DAGs
[2021-04-01 00:10:14,610] {logging_mixin.py:104} INFO - [2021-04-01 00:10:14,610] {dag.py:2273} INFO - Setting next_dagrun for example_branch_dop_operator_v3 to 2021-03-30 00:00:00+00:00
[2021-04-01 00:10:14,617] {scheduler_job.py:190} INFO - Processing /home/airflow/.local/lib/python3.6/site-packages/airflow/example_dags/example_branch_python_dop_operator_3.py took 0.042 seconds
[2021-04-01 00:10:45,247] {scheduler_job.py:182} INFO - Started process (PID=666) to work on /home/airflow/.local/lib/python3.6/site-packages/airflow/example_dags/example_branch_python_dop_operator_3.py
[2021-04-01 00:10:45,248] {scheduler_job.py:629} INFO - Processing file /home/airflow/.local/lib/python3.6/site-packages/airflow/example_dags/example_branch_python_dop_operator_3.py for tasks to queue
[2021-04-01 00:10:45,248] {logging_mixin.py:104} INFO - [2021-04-01 00:10:45,248] {dagbag.py:448} INFO - Filling up the DagBag from /home/airflow/.local/lib/python3.6/site-packages/airflow/example_dags/example_branch_python_dop_operator_3.py
[2021-04-01 00:10:45,256] {scheduler_job.py:639} INFO - DAG(s) dict_keys(['example_branch_dop_operator_v3']) retrieved from /home/airflow/.local/lib/python3.6/site-packages/airflow/example_dags/example_branch_python_dop_operator_3.py
[2021-04-01 00:10:45,266] {logging_mixin.py:104} INFO - [2021-04-01 00:10:45,266] {dag.py:1818} INFO - Sync 1 DAGs
[2021-04-01 00:10:45,282] {logging_mixin.py:104} INFO - [2021-04-01 00:10:45,282] {dag.py:2273} INFO - Setting next_dagrun for example_branch_dop_operator_v3 to 2021-03-30 00:00:00+00:00
[2021-04-01 00:10:45,287] {scheduler_job.py:190} INFO - Processing /home/airflow/.local/lib/python3.6/site-packages/airflow/example_dags/example_branch_python_dop_operator_3.py took 0.042 seconds
[2021-04-01 00:19:17,859] {scheduler_job.py:182} INFO - Started process (PID=57) to work on /home/airflow/.local/lib/python3.6/site-packages/airflow/example_dags/example_branch_python_dop_operator_3.py
[2021-04-01 00:19:17,859] {scheduler_job.py:629} INFO - Processing file /home/airflow/.local/lib/python3.6/site-packages/airflow/example_dags/example_branch_python_dop_operator_3.py for tasks to queue
[2021-04-01 00:19:17,860] {logging_mixin.py:104} INFO - [2021-04-01 00:19:17,860] {dagbag.py:448} INFO - Filling up the DagBag from /home/airflow/.local/lib/python3.6/site-packages/airflow/example_dags/example_branch_python_dop_operator_3.py
[2021-04-01 00:19:17,867] {scheduler_job.py:639} INFO - DAG(s) dict_keys(['example_branch_dop_operator_v3']) retrieved from /home/airflow/.local/lib/python3.6/site-packages/airflow/example_dags/example_branch_python_dop_operator_3.py
[2021-04-01 00:19:17,877] {logging_mixin.py:104} INFO - [2021-04-01 00:19:17,877] {dag.py:1818} INFO - Sync 1 DAGs
[2021-04-01 00:19:17,892] {logging_mixin.py:104} INFO - [2021-04-01 00:19:17,892] {dag.py:2273} INFO - Setting next_dagrun for example_branch_dop_operator_v3 to 2021-03-30 00:00:00+00:00
[2021-04-01 00:19:17,899] {scheduler_job.py:190} INFO - Processing /home/airflow/.local/lib/python3.6/site-packages/airflow/example_dags/example_branch_python_dop_operator_3.py took 0.041 seconds
[2021-04-01 00:19:48,546] {scheduler_job.py:182} INFO - Started process (PID=83) to work on /home/airflow/.local/lib/python3.6/site-packages/airflow/example_dags/example_branch_python_dop_operator_3.py
[2021-04-01 00:19:48,546] {scheduler_job.py:629} INFO - Processing file /home/airflow/.local/lib/python3.6/site-packages/airflow/example_dags/example_branch_python_dop_operator_3.py for tasks to queue
[2021-04-01 00:19:48,546] {logging_mixin.py:104} INFO - [2021-04-01 00:19:48,546] {dagbag.py:448} INFO - Filling up the DagBag from /home/airflow/.local/lib/python3.6/site-packages/airflow/example_dags/example_branch_python_dop_operator_3.py
[2021-04-01 00:19:48,554] {scheduler_job.py:639} INFO - DAG(s) dict_keys(['example_branch_dop_operator_v3']) retrieved from /home/airflow/.local/lib/python3.6/site-packages/airflow/example_dags/example_branch_python_dop_operator_3.py
[2021-04-01 00:19:48,563] {logging_mixin.py:104} INFO - [2021-04-01 00:19:48,563] {dag.py:1818} INFO - Sync 1 DAGs
[2021-04-01 00:19:48,578] {logging_mixin.py:104} INFO - [2021-04-01 00:19:48,578] {dag.py:2273} INFO - Setting next_dagrun for example_branch_dop_operator_v3 to 2021-03-30 00:00:00+00:00
[2021-04-01 00:19:48,584] {scheduler_job.py:190} INFO - Processing /home/airflow/.local/lib/python3.6/site-packages/airflow/example_dags/example_branch_python_dop_operator_3.py took 0.040 seconds
[2021-04-01 00:20:19,292] {scheduler_job.py:182} INFO - Started process (PID=109) to work on /home/airflow/.local/lib/python3.6/site-packages/airflow/example_dags/example_branch_python_dop_operator_3.py
[2021-04-01 00:20:19,293] {scheduler_job.py:629} INFO - Processing file /home/airflow/.local/lib/python3.6/site-packages/airflow/example_dags/example_branch_python_dop_operator_3.py for tasks to queue
[2021-04-01 00:20:19,293] {logging_mixin.py:104} INFO - [2021-04-01 00:20:19,293] {dagbag.py:448} INFO - Filling up the DagBag from /home/airflow/.local/lib/python3.6/site-packages/airflow/example_dags/example_branch_python_dop_operator_3.py
[2021-04-01 00:20:19,300] {scheduler_job.py:639} INFO - DAG(s) dict_keys(['example_branch_dop_operator_v3']) retrieved from /home/airflow/.local/lib/python3.6/site-packages/airflow/example_dags/example_branch_python_dop_operator_3.py
[2021-04-01 00:20:19,310] {logging_mixin.py:104} INFO - [2021-04-01 00:20:19,310] {dag.py:1818} INFO - Sync 1 DAGs
[2021-04-01 00:20:19,326] {logging_mixin.py:104} INFO - [2021-04-01 00:20:19,326] {dag.py:2273} INFO - Setting next_dagrun for example_branch_dop_operator_v3 to 2021-03-30 00:00:00+00:00
[2021-04-01 00:20:19,332] {scheduler_job.py:190} INFO - Processing /home/airflow/.local/lib/python3.6/site-packages/airflow/example_dags/example_branch_python_dop_operator_3.py took 0.041 seconds
[2021-04-01 00:20:50,006] {scheduler_job.py:182} INFO - Started process (PID=135) to work on /home/airflow/.local/lib/python3.6/site-packages/airflow/example_dags/example_branch_python_dop_operator_3.py
[2021-04-01 00:20:50,007] {scheduler_job.py:629} INFO - Processing file /home/airflow/.local/lib/python3.6/site-packages/airflow/example_dags/example_branch_python_dop_operator_3.py for tasks to queue
[2021-04-01 00:20:50,007] {logging_mixin.py:104} INFO - [2021-04-01 00:20:50,007] {dagbag.py:448} INFO - Filling up the DagBag from /home/airflow/.local/lib/python3.6/site-packages/airflow/example_dags/example_branch_python_dop_operator_3.py
[2021-04-01 00:20:50,014] {scheduler_job.py:639} INFO - DAG(s) dict_keys(['example_branch_dop_operator_v3']) retrieved from /home/airflow/.local/lib/python3.6/site-packages/airflow/example_dags/example_branch_python_dop_operator_3.py
[2021-04-01 00:20:50,024] {logging_mixin.py:104} INFO - [2021-04-01 00:20:50,024] {dag.py:1818} INFO - Sync 1 DAGs
[2021-04-01 00:20:50,040] {logging_mixin.py:104} INFO - [2021-04-01 00:20:50,040] {dag.py:2273} INFO - Setting next_dagrun for example_branch_dop_operator_v3 to 2021-03-30 00:00:00+00:00
[2021-04-01 00:20:50,047] {scheduler_job.py:190} INFO - Processing /home/airflow/.local/lib/python3.6/site-packages/airflow/example_dags/example_branch_python_dop_operator_3.py took 0.042 seconds
[2021-04-01 00:21:20,688] {scheduler_job.py:182} INFO - Started process (PID=161) to work on /home/airflow/.local/lib/python3.6/site-packages/airflow/example_dags/example_branch_python_dop_operator_3.py
[2021-04-01 00:21:20,688] {scheduler_job.py:629} INFO - Processing file /home/airflow/.local/lib/python3.6/site-packages/airflow/example_dags/example_branch_python_dop_operator_3.py for tasks to queue
[2021-04-01 00:21:20,689] {logging_mixin.py:104} INFO - [2021-04-01 00:21:20,689] {dagbag.py:448} INFO - Filling up the DagBag from /home/airflow/.local/lib/python3.6/site-packages/airflow/example_dags/example_branch_python_dop_operator_3.py
[2021-04-01 00:21:20,696] {scheduler_job.py:639} INFO - DAG(s) dict_keys(['example_branch_dop_operator_v3']) retrieved from /home/airflow/.local/lib/python3.6/site-packages/airflow/example_dags/example_branch_python_dop_operator_3.py
[2021-04-01 00:21:20,707] {logging_mixin.py:104} INFO - [2021-04-01 00:21:20,707] {dag.py:1818} INFO - Sync 1 DAGs
[2021-04-01 00:21:20,723] {logging_mixin.py:104} INFO - [2021-04-01 00:21:20,723] {dag.py:2273} INFO - Setting next_dagrun for example_branch_dop_operator_v3 to 2021-03-30 00:00:00+00:00
[2021-04-01 00:21:20,728] {scheduler_job.py:190} INFO - Processing /home/airflow/.local/lib/python3.6/site-packages/airflow/example_dags/example_branch_python_dop_operator_3.py took 0.041 seconds
[2021-04-01 00:21:51,338] {scheduler_job.py:182} INFO - Started process (PID=187) to work on /home/airflow/.local/lib/python3.6/site-packages/airflow/example_dags/example_branch_python_dop_operator_3.py
[2021-04-01 00:21:51,339] {scheduler_job.py:629} INFO - Processing file /home/airflow/.local/lib/python3.6/site-packages/airflow/example_dags/example_branch_python_dop_operator_3.py for tasks to queue
[2021-04-01 00:21:51,339] {logging_mixin.py:104} INFO - [2021-04-01 00:21:51,339] {dagbag.py:448} INFO - Filling up the DagBag from /home/airflow/.local/lib/python3.6/site-packages/airflow/example_dags/example_branch_python_dop_operator_3.py
[2021-04-01 00:21:51,346] {scheduler_job.py:639} INFO - DAG(s) dict_keys(['example_branch_dop_operator_v3']) retrieved from /home/airflow/.local/lib/python3.6/site-packages/airflow/example_dags/example_branch_python_dop_operator_3.py
[2021-04-01 00:21:51,356] {logging_mixin.py:104} INFO - [2021-04-01 00:21:51,356] {dag.py:1818} INFO - Sync 1 DAGs
[2021-04-01 00:21:51,372] {logging_mixin.py:104} INFO - [2021-04-01 00:21:51,372] {dag.py:2273} INFO - Setting next_dagrun for example_branch_dop_operator_v3 to 2021-03-30 00:00:00+00:00
[2021-04-01 00:21:51,378] {scheduler_job.py:190} INFO - Processing /home/airflow/.local/lib/python3.6/site-packages/airflow/example_dags/example_branch_python_dop_operator_3.py took 0.042 seconds
[2021-04-01 00:22:21,997] {scheduler_job.py:182} INFO - Started process (PID=213) to work on /home/airflow/.local/lib/python3.6/site-packages/airflow/example_dags/example_branch_python_dop_operator_3.py
[2021-04-01 00:22:21,998] {scheduler_job.py:629} INFO - Processing file /home/airflow/.local/lib/python3.6/site-packages/airflow/example_dags/example_branch_python_dop_operator_3.py for tasks to queue
[2021-04-01 00:22:21,998] {logging_mixin.py:104} INFO - [2021-04-01 00:22:21,998] {dagbag.py:448} INFO - Filling up the DagBag from /home/airflow/.local/lib/python3.6/site-packages/airflow/example_dags/example_branch_python_dop_operator_3.py
[2021-04-01 00:22:22,005] {scheduler_job.py:639} INFO - DAG(s) dict_keys(['example_branch_dop_operator_v3']) retrieved from /home/airflow/.local/lib/python3.6/site-packages/airflow/example_dags/example_branch_python_dop_operator_3.py
[2021-04-01 00:22:22,016] {logging_mixin.py:104} INFO - [2021-04-01 00:22:22,016] {dag.py:1818} INFO - Sync 1 DAGs
[2021-04-01 00:22:22,031] {logging_mixin.py:104} INFO - [2021-04-01 00:22:22,031] {dag.py:2273} INFO - Setting next_dagrun for example_branch_dop_operator_v3 to 2021-03-30 00:00:00+00:00
[2021-04-01 00:22:22,038] {scheduler_job.py:190} INFO - Processing /home/airflow/.local/lib/python3.6/site-packages/airflow/example_dags/example_branch_python_dop_operator_3.py took 0.042 seconds
[2021-04-01 00:22:52,646] {scheduler_job.py:182} INFO - Started process (PID=239) to work on /home/airflow/.local/lib/python3.6/site-packages/airflow/example_dags/example_branch_python_dop_operator_3.py
[2021-04-01 00:22:52,647] {scheduler_job.py:629} INFO - Processing file /home/airflow/.local/lib/python3.6/site-packages/airflow/example_dags/example_branch_python_dop_operator_3.py for tasks to queue
[2021-04-01 00:22:52,647] {logging_mixin.py:104} INFO - [2021-04-01 00:22:52,647] {dagbag.py:448} INFO - Filling up the DagBag from /home/airflow/.local/lib/python3.6/site-packages/airflow/example_dags/example_branch_python_dop_operator_3.py
[2021-04-01 00:22:52,654] {scheduler_job.py:639} INFO - DAG(s) dict_keys(['example_branch_dop_operator_v3']) retrieved from /home/airflow/.local/lib/python3.6/site-packages/airflow/example_dags/example_branch_python_dop_operator_3.py
[2021-04-01 00:22:52,664] {logging_mixin.py:104} INFO - [2021-04-01 00:22:52,664] {dag.py:1818} INFO - Sync 1 DAGs
[2021-04-01 00:22:52,679] {logging_mixin.py:104} INFO - [2021-04-01 00:22:52,679] {dag.py:2273} INFO - Setting next_dagrun for example_branch_dop_operator_v3 to 2021-03-30 00:00:00+00:00
[2021-04-01 00:22:52,686] {scheduler_job.py:190} INFO - Processing /home/airflow/.local/lib/python3.6/site-packages/airflow/example_dags/example_branch_python_dop_operator_3.py took 0.041 seconds
[2021-04-01 00:23:23,321] {scheduler_job.py:182} INFO - Started process (PID=265) to work on /home/airflow/.local/lib/python3.6/site-packages/airflow/example_dags/example_branch_python_dop_operator_3.py
[2021-04-01 00:23:23,321] {scheduler_job.py:629} INFO - Processing file /home/airflow/.local/lib/python3.6/site-packages/airflow/example_dags/example_branch_python_dop_operator_3.py for tasks to queue
[2021-04-01 00:23:23,321] {logging_mixin.py:104} INFO - [2021-04-01 00:23:23,321] {dagbag.py:448} INFO - Filling up the DagBag from /home/airflow/.local/lib/python3.6/site-packages/airflow/example_dags/example_branch_python_dop_operator_3.py
[2021-04-01 00:23:23,331] {scheduler_job.py:639} INFO - DAG(s) dict_keys(['example_branch_dop_operator_v3']) retrieved from /home/airflow/.local/lib/python3.6/site-packages/airflow/example_dags/example_branch_python_dop_operator_3.py
[2021-04-01 00:23:23,342] {logging_mixin.py:104} INFO - [2021-04-01 00:23:23,342] {dag.py:1818} INFO - Sync 1 DAGs
[2021-04-01 00:23:23,358] {logging_mixin.py:104} INFO - [2021-04-01 00:23:23,358] {dag.py:2273} INFO - Setting next_dagrun for example_branch_dop_operator_v3 to 2021-03-30 00:00:00+00:00
[2021-04-01 00:23:23,364] {scheduler_job.py:190} INFO - Processing /home/airflow/.local/lib/python3.6/site-packages/airflow/example_dags/example_branch_python_dop_operator_3.py took 0.046 seconds
[2021-04-01 00:23:53,904] {scheduler_job.py:182} INFO - Started process (PID=291) to work on /home/airflow/.local/lib/python3.6/site-packages/airflow/example_dags/example_branch_python_dop_operator_3.py
[2021-04-01 00:23:53,905] {scheduler_job.py:629} INFO - Processing file /home/airflow/.local/lib/python3.6/site-packages/airflow/example_dags/example_branch_python_dop_operator_3.py for tasks to queue
[2021-04-01 00:23:53,905] {logging_mixin.py:104} INFO - [2021-04-01 00:23:53,905] {dagbag.py:448} INFO - Filling up the DagBag from /home/airflow/.local/lib/python3.6/site-packages/airflow/example_dags/example_branch_python_dop_operator_3.py
[2021-04-01 00:23:53,912] {scheduler_job.py:639} INFO - DAG(s) dict_keys(['example_branch_dop_operator_v3']) retrieved from /home/airflow/.local/lib/python3.6/site-packages/airflow/example_dags/example_branch_python_dop_operator_3.py
[2021-04-01 00:23:53,922] {logging_mixin.py:104} INFO - [2021-04-01 00:23:53,922] {dag.py:1818} INFO - Sync 1 DAGs
[2021-04-01 00:23:53,937] {logging_mixin.py:104} INFO - [2021-04-01 00:23:53,937] {dag.py:2273} INFO - Setting next_dagrun for example_branch_dop_operator_v3 to 2021-03-30 00:00:00+00:00
[2021-04-01 00:23:53,946] {scheduler_job.py:190} INFO - Processing /home/airflow/.local/lib/python3.6/site-packages/airflow/example_dags/example_branch_python_dop_operator_3.py took 0.043 seconds
[2021-04-01 00:24:24,599] {scheduler_job.py:182} INFO - Started process (PID=317) to work on /home/airflow/.local/lib/python3.6/site-packages/airflow/example_dags/example_branch_python_dop_operator_3.py
[2021-04-01 00:24:24,599] {scheduler_job.py:629} INFO - Processing file /home/airflow/.local/lib/python3.6/site-packages/airflow/example_dags/example_branch_python_dop_operator_3.py for tasks to queue
[2021-04-01 00:24:24,599] {logging_mixin.py:104} INFO - [2021-04-01 00:24:24,599] {dagbag.py:448} INFO - Filling up the DagBag from /home/airflow/.local/lib/python3.6/site-packages/airflow/example_dags/example_branch_python_dop_operator_3.py
[2021-04-01 00:24:24,607] {scheduler_job.py:639} INFO - DAG(s) dict_keys(['example_branch_dop_operator_v3']) retrieved from /home/airflow/.local/lib/python3.6/site-packages/airflow/example_dags/example_branch_python_dop_operator_3.py
[2021-04-01 00:24:24,617] {logging_mixin.py:104} INFO - [2021-04-01 00:24:24,617] {dag.py:1818} INFO - Sync 1 DAGs
[2021-04-01 00:24:24,634] {logging_mixin.py:104} INFO - [2021-04-01 00:24:24,634] {dag.py:2273} INFO - Setting next_dagrun for example_branch_dop_operator_v3 to 2021-03-30 00:00:00+00:00
[2021-04-01 00:24:24,639] {scheduler_job.py:190} INFO - Processing /home/airflow/.local/lib/python3.6/site-packages/airflow/example_dags/example_branch_python_dop_operator_3.py took 0.042 seconds
[2021-04-01 00:24:55,221] {scheduler_job.py:182} INFO - Started process (PID=343) to work on /home/airflow/.local/lib/python3.6/site-packages/airflow/example_dags/example_branch_python_dop_operator_3.py
[2021-04-01 00:24:55,221] {scheduler_job.py:629} INFO - Processing file /home/airflow/.local/lib/python3.6/site-packages/airflow/example_dags/example_branch_python_dop_operator_3.py for tasks to queue
[2021-04-01 00:24:55,221] {logging_mixin.py:104} INFO - [2021-04-01 00:24:55,221] {dagbag.py:448} INFO - Filling up the DagBag from /home/airflow/.local/lib/python3.6/site-packages/airflow/example_dags/example_branch_python_dop_operator_3.py
[2021-04-01 00:24:55,229] {scheduler_job.py:639} INFO - DAG(s) dict_keys(['example_branch_dop_operator_v3']) retrieved from /home/airflow/.local/lib/python3.6/site-packages/airflow/example_dags/example_branch_python_dop_operator_3.py
[2021-04-01 00:24:55,239] {logging_mixin.py:104} INFO - [2021-04-01 00:24:55,239] {dag.py:1818} INFO - Sync 1 DAGs
[2021-04-01 00:24:55,255] {logging_mixin.py:104} INFO - [2021-04-01 00:24:55,255] {dag.py:2273} INFO - Setting next_dagrun for example_branch_dop_operator_v3 to 2021-03-30 00:00:00+00:00
[2021-04-01 00:24:55,262] {scheduler_job.py:190} INFO - Processing /home/airflow/.local/lib/python3.6/site-packages/airflow/example_dags/example_branch_python_dop_operator_3.py took 0.043 seconds
[2021-04-01 00:25:25,858] {scheduler_job.py:182} INFO - Started process (PID=369) to work on /home/airflow/.local/lib/python3.6/site-packages/airflow/example_dags/example_branch_python_dop_operator_3.py
[2021-04-01 00:25:25,858] {scheduler_job.py:629} INFO - Processing file /home/airflow/.local/lib/python3.6/site-packages/airflow/example_dags/example_branch_python_dop_operator_3.py for tasks to queue
[2021-04-01 00:25:25,859] {logging_mixin.py:104} INFO - [2021-04-01 00:25:25,858] {dagbag.py:448} INFO - Filling up the DagBag from /home/airflow/.local/lib/python3.6/site-packages/airflow/example_dags/example_branch_python_dop_operator_3.py
[2021-04-01 00:25:25,866] {scheduler_job.py:639} INFO - DAG(s) dict_keys(['example_branch_dop_operator_v3']) retrieved from /home/airflow/.local/lib/python3.6/site-packages/airflow/example_dags/example_branch_python_dop_operator_3.py
[2021-04-01 00:25:25,876] {logging_mixin.py:104} INFO - [2021-04-01 00:25:25,875] {dag.py:1818} INFO - Sync 1 DAGs
[2021-04-01 00:25:25,893] {logging_mixin.py:104} INFO - [2021-04-01 00:25:25,893] {dag.py:2273} INFO - Setting next_dagrun for example_branch_dop_operator_v3 to 2021-03-30 00:00:00+00:00
[2021-04-01 00:25:25,899] {scheduler_job.py:190} INFO - Processing /home/airflow/.local/lib/python3.6/site-packages/airflow/example_dags/example_branch_python_dop_operator_3.py took 0.042 seconds
[2021-04-01 00:25:56,485] {scheduler_job.py:182} INFO - Started process (PID=395) to work on /home/airflow/.local/lib/python3.6/site-packages/airflow/example_dags/example_branch_python_dop_operator_3.py
[2021-04-01 00:25:56,485] {scheduler_job.py:629} INFO - Processing file /home/airflow/.local/lib/python3.6/site-packages/airflow/example_dags/example_branch_python_dop_operator_3.py for tasks to queue
[2021-04-01 00:25:56,486] {logging_mixin.py:104} INFO - [2021-04-01 00:25:56,486] {dagbag.py:448} INFO - Filling up the DagBag from /home/airflow/.local/lib/python3.6/site-packages/airflow/example_dags/example_branch_python_dop_operator_3.py
[2021-04-01 00:25:56,493] {scheduler_job.py:639} INFO - DAG(s) dict_keys(['example_branch_dop_operator_v3']) retrieved from /home/airflow/.local/lib/python3.6/site-packages/airflow/example_dags/example_branch_python_dop_operator_3.py
[2021-04-01 00:25:56,503] {logging_mixin.py:104} INFO - [2021-04-01 00:25:56,503] {dag.py:1818} INFO - Sync 1 DAGs
[2021-04-01 00:25:56,519] {logging_mixin.py:104} INFO - [2021-04-01 00:25:56,519] {dag.py:2273} INFO - Setting next_dagrun for example_branch_dop_operator_v3 to 2021-03-30 00:00:00+00:00
[2021-04-01 00:25:56,525] {scheduler_job.py:190} INFO - Processing /home/airflow/.local/lib/python3.6/site-packages/airflow/example_dags/example_branch_python_dop_operator_3.py took 0.042 seconds
[2021-04-01 00:26:27,143] {scheduler_job.py:182} INFO - Started process (PID=421) to work on /home/airflow/.local/lib/python3.6/site-packages/airflow/example_dags/example_branch_python_dop_operator_3.py
[2021-04-01 00:26:27,144] {scheduler_job.py:629} INFO - Processing file /home/airflow/.local/lib/python3.6/site-packages/airflow/example_dags/example_branch_python_dop_operator_3.py for tasks to queue
[2021-04-01 00:26:27,144] {logging_mixin.py:104} INFO - [2021-04-01 00:26:27,144] {dagbag.py:448} INFO - Filling up the DagBag from /home/airflow/.local/lib/python3.6/site-packages/airflow/example_dags/example_branch_python_dop_operator_3.py
[2021-04-01 00:26:27,151] {scheduler_job.py:639} INFO - DAG(s) dict_keys(['example_branch_dop_operator_v3']) retrieved from /home/airflow/.local/lib/python3.6/site-packages/airflow/example_dags/example_branch_python_dop_operator_3.py
[2021-04-01 00:26:27,161] {logging_mixin.py:104} INFO - [2021-04-01 00:26:27,161] {dag.py:1818} INFO - Sync 1 DAGs
[2021-04-01 00:26:27,177] {logging_mixin.py:104} INFO - [2021-04-01 00:26:27,177] {dag.py:2273} INFO - Setting next_dagrun for example_branch_dop_operator_v3 to 2021-03-30 00:00:00+00:00
[2021-04-01 00:26:27,183] {scheduler_job.py:190} INFO - Processing /home/airflow/.local/lib/python3.6/site-packages/airflow/example_dags/example_branch_python_dop_operator_3.py took 0.041 seconds
[2021-04-01 00:26:57,793] {scheduler_job.py:182} INFO - Started process (PID=447) to work on /home/airflow/.local/lib/python3.6/site-packages/airflow/example_dags/example_branch_python_dop_operator_3.py
[2021-04-01 00:26:57,793] {scheduler_job.py:629} INFO - Processing file /home/airflow/.local/lib/python3.6/site-packages/airflow/example_dags/example_branch_python_dop_operator_3.py for tasks to queue
[2021-04-01 00:26:57,794] {logging_mixin.py:104} INFO - [2021-04-01 00:26:57,794] {dagbag.py:448} INFO - Filling up the DagBag from /home/airflow/.local/lib/python3.6/site-packages/airflow/example_dags/example_branch_python_dop_operator_3.py
[2021-04-01 00:26:57,801] {scheduler_job.py:639} INFO - DAG(s) dict_keys(['example_branch_dop_operator_v3']) retrieved from /home/airflow/.local/lib/python3.6/site-packages/airflow/example_dags/example_branch_python_dop_operator_3.py
[2021-04-01 00:26:57,811] {logging_mixin.py:104} INFO - [2021-04-01 00:26:57,811] {dag.py:1818} INFO - Sync 1 DAGs
[2021-04-01 00:26:57,827] {logging_mixin.py:104} INFO - [2021-04-01 00:26:57,827] {dag.py:2273} INFO - Setting next_dagrun for example_branch_dop_operator_v3 to 2021-03-30 00:00:00+00:00
[2021-04-01 00:26:57,834] {scheduler_job.py:190} INFO - Processing /home/airflow/.local/lib/python3.6/site-packages/airflow/example_dags/example_branch_python_dop_operator_3.py took 0.043 seconds
[2021-04-01 00:27:28,448] {scheduler_job.py:182} INFO - Started process (PID=473) to work on /home/airflow/.local/lib/python3.6/site-packages/airflow/example_dags/example_branch_python_dop_operator_3.py
[2021-04-01 00:27:28,448] {scheduler_job.py:629} INFO - Processing file /home/airflow/.local/lib/python3.6/site-packages/airflow/example_dags/example_branch_python_dop_operator_3.py for tasks to queue
[2021-04-01 00:27:28,448] {logging_mixin.py:104} INFO - [2021-04-01 00:27:28,448] {dagbag.py:448} INFO - Filling up the DagBag from /home/airflow/.local/lib/python3.6/site-packages/airflow/example_dags/example_branch_python_dop_operator_3.py
[2021-04-01 00:27:28,455] {scheduler_job.py:639} INFO - DAG(s) dict_keys(['example_branch_dop_operator_v3']) retrieved from /home/airflow/.local/lib/python3.6/site-packages/airflow/example_dags/example_branch_python_dop_operator_3.py
[2021-04-01 00:27:28,465] {logging_mixin.py:104} INFO - [2021-04-01 00:27:28,465] {dag.py:1818} INFO - Sync 1 DAGs
[2021-04-01 00:27:28,481] {logging_mixin.py:104} INFO - [2021-04-01 00:27:28,481] {dag.py:2273} INFO - Setting next_dagrun for example_branch_dop_operator_v3 to 2021-03-30 00:00:00+00:00
[2021-04-01 00:27:28,488] {scheduler_job.py:190} INFO - Processing /home/airflow/.local/lib/python3.6/site-packages/airflow/example_dags/example_branch_python_dop_operator_3.py took 0.042 seconds
[2021-04-01 00:27:59,080] {scheduler_job.py:182} INFO - Started process (PID=499) to work on /home/airflow/.local/lib/python3.6/site-packages/airflow/example_dags/example_branch_python_dop_operator_3.py
[2021-04-01 00:27:59,080] {scheduler_job.py:629} INFO - Processing file /home/airflow/.local/lib/python3.6/site-packages/airflow/example_dags/example_branch_python_dop_operator_3.py for tasks to queue
[2021-04-01 00:27:59,081] {logging_mixin.py:104} INFO - [2021-04-01 00:27:59,081] {dagbag.py:448} INFO - Filling up the DagBag from /home/airflow/.local/lib/python3.6/site-packages/airflow/example_dags/example_branch_python_dop_operator_3.py
[2021-04-01 00:27:59,088] {scheduler_job.py:639} INFO - DAG(s) dict_keys(['example_branch_dop_operator_v3']) retrieved from /home/airflow/.local/lib/python3.6/site-packages/airflow/example_dags/example_branch_python_dop_operator_3.py
[2021-04-01 00:27:59,100] {logging_mixin.py:104} INFO - [2021-04-01 00:27:59,100] {dag.py:1818} INFO - Sync 1 DAGs
[2021-04-01 00:27:59,118] {logging_mixin.py:104} INFO - [2021-04-01 00:27:59,118] {dag.py:2273} INFO - Setting next_dagrun for example_branch_dop_operator_v3 to 2021-03-30 00:00:00+00:00
[2021-04-01 00:27:59,124] {scheduler_job.py:190} INFO - Processing /home/airflow/.local/lib/python3.6/site-packages/airflow/example_dags/example_branch_python_dop_operator_3.py took 0.046 seconds
[2021-04-01 00:28:29,722] {scheduler_job.py:182} INFO - Started process (PID=525) to work on /home/airflow/.local/lib/python3.6/site-packages/airflow/example_dags/example_branch_python_dop_operator_3.py
[2021-04-01 00:28:29,723] {scheduler_job.py:629} INFO - Processing file /home/airflow/.local/lib/python3.6/site-packages/airflow/example_dags/example_branch_python_dop_operator_3.py for tasks to queue
[2021-04-01 00:28:29,723] {logging_mixin.py:104} INFO - [2021-04-01 00:28:29,723] {dagbag.py:448} INFO - Filling up the DagBag from /home/airflow/.local/lib/python3.6/site-packages/airflow/example_dags/example_branch_python_dop_operator_3.py
[2021-04-01 00:28:29,730] {scheduler_job.py:639} INFO - DAG(s) dict_keys(['example_branch_dop_operator_v3']) retrieved from /home/airflow/.local/lib/python3.6/site-packages/airflow/example_dags/example_branch_python_dop_operator_3.py
[2021-04-01 00:28:29,740] {logging_mixin.py:104} INFO - [2021-04-01 00:28:29,740] {dag.py:1818} INFO - Sync 1 DAGs
[2021-04-01 00:28:29,757] {logging_mixin.py:104} INFO - [2021-04-01 00:28:29,756] {dag.py:2273} INFO - Setting next_dagrun for example_branch_dop_operator_v3 to 2021-03-30 00:00:00+00:00
[2021-04-01 00:28:29,762] {scheduler_job.py:190} INFO - Processing /home/airflow/.local/lib/python3.6/site-packages/airflow/example_dags/example_branch_python_dop_operator_3.py took 0.041 seconds
[2021-04-01 00:29:00,358] {scheduler_job.py:182} INFO - Started process (PID=551) to work on /home/airflow/.local/lib/python3.6/site-packages/airflow/example_dags/example_branch_python_dop_operator_3.py
[2021-04-01 00:29:00,358] {scheduler_job.py:629} INFO - Processing file /home/airflow/.local/lib/python3.6/site-packages/airflow/example_dags/example_branch_python_dop_operator_3.py for tasks to queue
[2021-04-01 00:29:00,358] {logging_mixin.py:104} INFO - [2021-04-01 00:29:00,358] {dagbag.py:448} INFO - Filling up the DagBag from /home/airflow/.local/lib/python3.6/site-packages/airflow/example_dags/example_branch_python_dop_operator_3.py
[2021-04-01 00:29:00,366] {scheduler_job.py:639} INFO - DAG(s) dict_keys(['example_branch_dop_operator_v3']) retrieved from /home/airflow/.local/lib/python3.6/site-packages/airflow/example_dags/example_branch_python_dop_operator_3.py
[2021-04-01 00:29:00,376] {logging_mixin.py:104} INFO - [2021-04-01 00:29:00,376] {dag.py:1818} INFO - Sync 1 DAGs
[2021-04-01 00:29:00,392] {logging_mixin.py:104} INFO - [2021-04-01 00:29:00,392] {dag.py:2273} INFO - Setting next_dagrun for example_branch_dop_operator_v3 to 2021-03-30 00:00:00+00:00
[2021-04-01 00:29:00,398] {scheduler_job.py:190} INFO - Processing /home/airflow/.local/lib/python3.6/site-packages/airflow/example_dags/example_branch_python_dop_operator_3.py took 0.041 seconds
[2021-04-01 00:29:31,056] {scheduler_job.py:182} INFO - Started process (PID=577) to work on /home/airflow/.local/lib/python3.6/site-packages/airflow/example_dags/example_branch_python_dop_operator_3.py
[2021-04-01 00:29:31,056] {scheduler_job.py:629} INFO - Processing file /home/airflow/.local/lib/python3.6/site-packages/airflow/example_dags/example_branch_python_dop_operator_3.py for tasks to queue
[2021-04-01 00:29:31,056] {logging_mixin.py:104} INFO - [2021-04-01 00:29:31,056] {dagbag.py:448} INFO - Filling up the DagBag from /home/airflow/.local/lib/python3.6/site-packages/airflow/example_dags/example_branch_python_dop_operator_3.py
[2021-04-01 00:29:31,063] {scheduler_job.py:639} INFO - DAG(s) dict_keys(['example_branch_dop_operator_v3']) retrieved from /home/airflow/.local/lib/python3.6/site-packages/airflow/example_dags/example_branch_python_dop_operator_3.py
[2021-04-01 00:29:31,073] {logging_mixin.py:104} INFO - [2021-04-01 00:29:31,073] {dag.py:1818} INFO - Sync 1 DAGs
[2021-04-01 00:29:31,089] {logging_mixin.py:104} INFO - [2021-04-01 00:29:31,088] {dag.py:2273} INFO - Setting next_dagrun for example_branch_dop_operator_v3 to 2021-03-30 00:00:00+00:00
[2021-04-01 00:29:31,095] {scheduler_job.py:190} INFO - Processing /home/airflow/.local/lib/python3.6/site-packages/airflow/example_dags/example_branch_python_dop_operator_3.py took 0.041 seconds
[2021-04-01 00:30:01,680] {scheduler_job.py:182} INFO - Started process (PID=603) to work on /home/airflow/.local/lib/python3.6/site-packages/airflow/example_dags/example_branch_python_dop_operator_3.py
[2021-04-01 00:30:01,681] {scheduler_job.py:629} INFO - Processing file /home/airflow/.local/lib/python3.6/site-packages/airflow/example_dags/example_branch_python_dop_operator_3.py for tasks to queue
[2021-04-01 00:30:01,681] {logging_mixin.py:104} INFO - [2021-04-01 00:30:01,681] {dagbag.py:448} INFO - Filling up the DagBag from /home/airflow/.local/lib/python3.6/site-packages/airflow/example_dags/example_branch_python_dop_operator_3.py
[2021-04-01 00:30:01,688] {scheduler_job.py:639} INFO - DAG(s) dict_keys(['example_branch_dop_operator_v3']) retrieved from /home/airflow/.local/lib/python3.6/site-packages/airflow/example_dags/example_branch_python_dop_operator_3.py
[2021-04-01 00:30:01,700] {logging_mixin.py:104} INFO - [2021-04-01 00:30:01,700] {dag.py:1818} INFO - Sync 1 DAGs
[2021-04-01 00:30:01,716] {logging_mixin.py:104} INFO - [2021-04-01 00:30:01,716] {dag.py:2273} INFO - Setting next_dagrun for example_branch_dop_operator_v3 to 2021-03-30 00:00:00+00:00
[2021-04-01 00:30:01,722] {scheduler_job.py:190} INFO - Processing /home/airflow/.local/lib/python3.6/site-packages/airflow/example_dags/example_branch_python_dop_operator_3.py took 0.044 seconds
[2021-04-01 00:30:32,314] {scheduler_job.py:182} INFO - Started process (PID=629) to work on /home/airflow/.local/lib/python3.6/site-packages/airflow/example_dags/example_branch_python_dop_operator_3.py
[2021-04-01 00:30:32,315] {scheduler_job.py:629} INFO - Processing file /home/airflow/.local/lib/python3.6/site-packages/airflow/example_dags/example_branch_python_dop_operator_3.py for tasks to queue
[2021-04-01 00:30:32,315] {logging_mixin.py:104} INFO - [2021-04-01 00:30:32,315] {dagbag.py:448} INFO - Filling up the DagBag from /home/airflow/.local/lib/python3.6/site-packages/airflow/example_dags/example_branch_python_dop_operator_3.py
[2021-04-01 00:30:32,323] {scheduler_job.py:639} INFO - DAG(s) dict_keys(['example_branch_dop_operator_v3']) retrieved from /home/airflow/.local/lib/python3.6/site-packages/airflow/example_dags/example_branch_python_dop_operator_3.py
[2021-04-01 00:30:32,333] {logging_mixin.py:104} INFO - [2021-04-01 00:30:32,333] {dag.py:1818} INFO - Sync 1 DAGs
[2021-04-01 00:30:32,348] {logging_mixin.py:104} INFO - [2021-04-01 00:30:32,348] {dag.py:2273} INFO - Setting next_dagrun for example_branch_dop_operator_v3 to 2021-03-30 00:00:00+00:00
[2021-04-01 00:30:32,354] {scheduler_job.py:190} INFO - Processing /home/airflow/.local/lib/python3.6/site-packages/airflow/example_dags/example_branch_python_dop_operator_3.py took 0.041 seconds
[2021-04-01 00:31:02,948] {scheduler_job.py:182} INFO - Started process (PID=655) to work on /home/airflow/.local/lib/python3.6/site-packages/airflow/example_dags/example_branch_python_dop_operator_3.py
[2021-04-01 00:31:02,948] {scheduler_job.py:629} INFO - Processing file /home/airflow/.local/lib/python3.6/site-packages/airflow/example_dags/example_branch_python_dop_operator_3.py for tasks to queue
[2021-04-01 00:31:02,948] {logging_mixin.py:104} INFO - [2021-04-01 00:31:02,948] {dagbag.py:448} INFO - Filling up the DagBag from /home/airflow/.local/lib/python3.6/site-packages/airflow/example_dags/example_branch_python_dop_operator_3.py
[2021-04-01 00:31:02,956] {scheduler_job.py:639} INFO - DAG(s) dict_keys(['example_branch_dop_operator_v3']) retrieved from /home/airflow/.local/lib/python3.6/site-packages/airflow/example_dags/example_branch_python_dop_operator_3.py
[2021-04-01 00:31:02,966] {logging_mixin.py:104} INFO - [2021-04-01 00:31:02,966] {dag.py:1818} INFO - Sync 1 DAGs
[2021-04-01 00:31:02,982] {logging_mixin.py:104} INFO - [2021-04-01 00:31:02,981] {dag.py:2273} INFO - Setting next_dagrun for example_branch_dop_operator_v3 to 2021-03-30 00:00:00+00:00
[2021-04-01 00:31:02,988] {scheduler_job.py:190} INFO - Processing /home/airflow/.local/lib/python3.6/site-packages/airflow/example_dags/example_branch_python_dop_operator_3.py took 0.042 seconds
[2021-04-01 00:31:33,615] {scheduler_job.py:182} INFO - Started process (PID=681) to work on /home/airflow/.local/lib/python3.6/site-packages/airflow/example_dags/example_branch_python_dop_operator_3.py
[2021-04-01 00:31:33,616] {scheduler_job.py:629} INFO - Processing file /home/airflow/.local/lib/python3.6/site-packages/airflow/example_dags/example_branch_python_dop_operator_3.py for tasks to queue
[2021-04-01 00:31:33,616] {logging_mixin.py:104} INFO - [2021-04-01 00:31:33,616] {dagbag.py:448} INFO - Filling up the DagBag from /home/airflow/.local/lib/python3.6/site-packages/airflow/example_dags/example_branch_python_dop_operator_3.py
[2021-04-01 00:31:33,627] {scheduler_job.py:639} INFO - DAG(s) dict_keys(['example_branch_dop_operator_v3']) retrieved from /home/airflow/.local/lib/python3.6/site-packages/airflow/example_dags/example_branch_python_dop_operator_3.py
[2021-04-01 00:31:33,638] {logging_mixin.py:104} INFO - [2021-04-01 00:31:33,638] {dag.py:1818} INFO - Sync 1 DAGs
[2021-04-01 00:31:33,655] {logging_mixin.py:104} INFO - [2021-04-01 00:31:33,655] {dag.py:2273} INFO - Setting next_dagrun for example_branch_dop_operator_v3 to 2021-03-30 00:00:00+00:00
[2021-04-01 00:31:33,663] {scheduler_job.py:190} INFO - Processing /home/airflow/.local/lib/python3.6/site-packages/airflow/example_dags/example_branch_python_dop_operator_3.py took 0.050 seconds
