[2021-04-01 00:00:01,690] {scheduler_job.py:182} INFO - Started process (PID=121) to work on /home/airflow/.local/lib/python3.6/site-packages/airflow/example_dags/example_xcomargs.py
[2021-04-01 00:00:01,690] {scheduler_job.py:629} INFO - Processing file /home/airflow/.local/lib/python3.6/site-packages/airflow/example_dags/example_xcomargs.py for tasks to queue
[2021-04-01 00:00:01,691] {logging_mixin.py:104} INFO - [2021-04-01 00:00:01,691] {dagbag.py:448} INFO - Filling up the DagBag from /home/airflow/.local/lib/python3.6/site-packages/airflow/example_dags/example_xcomargs.py
[2021-04-01 00:00:01,698] {scheduler_job.py:639} INFO - DAG(s) dict_keys(['example_xcom_args', 'example_xcom_args_with_operators']) retrieved from /home/airflow/.local/lib/python3.6/site-packages/airflow/example_dags/example_xcomargs.py
[2021-04-01 00:00:01,711] {logging_mixin.py:104} INFO - [2021-04-01 00:00:01,711] {dag.py:1818} INFO - Sync 2 DAGs
[2021-04-01 00:00:01,719] {logging_mixin.py:104} INFO - [2021-04-01 00:00:01,719] {dag.py:2273} INFO - Setting next_dagrun for example_xcom_args to None
[2021-04-01 00:00:01,720] {logging_mixin.py:104} INFO - [2021-04-01 00:00:01,720] {dag.py:2273} INFO - Setting next_dagrun for example_xcom_args_with_operators to None
[2021-04-01 00:00:01,727] {scheduler_job.py:190} INFO - Processing /home/airflow/.local/lib/python3.6/site-packages/airflow/example_dags/example_xcomargs.py took 0.038 seconds
[2021-04-01 00:00:32,362] {scheduler_job.py:182} INFO - Started process (PID=147) to work on /home/airflow/.local/lib/python3.6/site-packages/airflow/example_dags/example_xcomargs.py
[2021-04-01 00:00:32,362] {scheduler_job.py:629} INFO - Processing file /home/airflow/.local/lib/python3.6/site-packages/airflow/example_dags/example_xcomargs.py for tasks to queue
[2021-04-01 00:00:32,362] {logging_mixin.py:104} INFO - [2021-04-01 00:00:32,362] {dagbag.py:448} INFO - Filling up the DagBag from /home/airflow/.local/lib/python3.6/site-packages/airflow/example_dags/example_xcomargs.py
[2021-04-01 00:00:32,370] {scheduler_job.py:639} INFO - DAG(s) dict_keys(['example_xcom_args', 'example_xcom_args_with_operators']) retrieved from /home/airflow/.local/lib/python3.6/site-packages/airflow/example_dags/example_xcomargs.py
[2021-04-01 00:00:32,383] {logging_mixin.py:104} INFO - [2021-04-01 00:00:32,383] {dag.py:1818} INFO - Sync 2 DAGs
[2021-04-01 00:00:32,391] {logging_mixin.py:104} INFO - [2021-04-01 00:00:32,391] {dag.py:2273} INFO - Setting next_dagrun for example_xcom_args to None
[2021-04-01 00:00:32,392] {logging_mixin.py:104} INFO - [2021-04-01 00:00:32,392] {dag.py:2273} INFO - Setting next_dagrun for example_xcom_args_with_operators to None
[2021-04-01 00:00:32,399] {scheduler_job.py:190} INFO - Processing /home/airflow/.local/lib/python3.6/site-packages/airflow/example_dags/example_xcomargs.py took 0.039 seconds
[2021-04-01 00:01:03,018] {scheduler_job.py:182} INFO - Started process (PID=173) to work on /home/airflow/.local/lib/python3.6/site-packages/airflow/example_dags/example_xcomargs.py
[2021-04-01 00:01:03,019] {scheduler_job.py:629} INFO - Processing file /home/airflow/.local/lib/python3.6/site-packages/airflow/example_dags/example_xcomargs.py for tasks to queue
[2021-04-01 00:01:03,019] {logging_mixin.py:104} INFO - [2021-04-01 00:01:03,019] {dagbag.py:448} INFO - Filling up the DagBag from /home/airflow/.local/lib/python3.6/site-packages/airflow/example_dags/example_xcomargs.py
[2021-04-01 00:01:03,026] {scheduler_job.py:639} INFO - DAG(s) dict_keys(['example_xcom_args', 'example_xcom_args_with_operators']) retrieved from /home/airflow/.local/lib/python3.6/site-packages/airflow/example_dags/example_xcomargs.py
[2021-04-01 00:01:03,040] {logging_mixin.py:104} INFO - [2021-04-01 00:01:03,040] {dag.py:1818} INFO - Sync 2 DAGs
[2021-04-01 00:01:03,047] {logging_mixin.py:104} INFO - [2021-04-01 00:01:03,047] {dag.py:2273} INFO - Setting next_dagrun for example_xcom_args to None
[2021-04-01 00:01:03,048] {logging_mixin.py:104} INFO - [2021-04-01 00:01:03,048] {dag.py:2273} INFO - Setting next_dagrun for example_xcom_args_with_operators to None
[2021-04-01 00:01:03,054] {scheduler_job.py:190} INFO - Processing /home/airflow/.local/lib/python3.6/site-packages/airflow/example_dags/example_xcomargs.py took 0.038 seconds
[2021-04-01 00:01:33,691] {scheduler_job.py:182} INFO - Started process (PID=199) to work on /home/airflow/.local/lib/python3.6/site-packages/airflow/example_dags/example_xcomargs.py
[2021-04-01 00:01:33,692] {scheduler_job.py:629} INFO - Processing file /home/airflow/.local/lib/python3.6/site-packages/airflow/example_dags/example_xcomargs.py for tasks to queue
[2021-04-01 00:01:33,692] {logging_mixin.py:104} INFO - [2021-04-01 00:01:33,692] {dagbag.py:448} INFO - Filling up the DagBag from /home/airflow/.local/lib/python3.6/site-packages/airflow/example_dags/example_xcomargs.py
[2021-04-01 00:01:33,699] {scheduler_job.py:639} INFO - DAG(s) dict_keys(['example_xcom_args', 'example_xcom_args_with_operators']) retrieved from /home/airflow/.local/lib/python3.6/site-packages/airflow/example_dags/example_xcomargs.py
[2021-04-01 00:01:33,712] {logging_mixin.py:104} INFO - [2021-04-01 00:01:33,712] {dag.py:1818} INFO - Sync 2 DAGs
[2021-04-01 00:01:33,720] {logging_mixin.py:104} INFO - [2021-04-01 00:01:33,720] {dag.py:2273} INFO - Setting next_dagrun for example_xcom_args to None
[2021-04-01 00:01:33,720] {logging_mixin.py:104} INFO - [2021-04-01 00:01:33,720] {dag.py:2273} INFO - Setting next_dagrun for example_xcom_args_with_operators to None
[2021-04-01 00:01:33,726] {scheduler_job.py:190} INFO - Processing /home/airflow/.local/lib/python3.6/site-packages/airflow/example_dags/example_xcomargs.py took 0.037 seconds
[2021-04-01 00:02:04,248] {scheduler_job.py:182} INFO - Started process (PID=225) to work on /home/airflow/.local/lib/python3.6/site-packages/airflow/example_dags/example_xcomargs.py
[2021-04-01 00:02:04,249] {scheduler_job.py:629} INFO - Processing file /home/airflow/.local/lib/python3.6/site-packages/airflow/example_dags/example_xcomargs.py for tasks to queue
[2021-04-01 00:02:04,249] {logging_mixin.py:104} INFO - [2021-04-01 00:02:04,249] {dagbag.py:448} INFO - Filling up the DagBag from /home/airflow/.local/lib/python3.6/site-packages/airflow/example_dags/example_xcomargs.py
[2021-04-01 00:02:04,256] {scheduler_job.py:639} INFO - DAG(s) dict_keys(['example_xcom_args', 'example_xcom_args_with_operators']) retrieved from /home/airflow/.local/lib/python3.6/site-packages/airflow/example_dags/example_xcomargs.py
[2021-04-01 00:02:04,269] {logging_mixin.py:104} INFO - [2021-04-01 00:02:04,269] {dag.py:1818} INFO - Sync 2 DAGs
[2021-04-01 00:02:04,276] {logging_mixin.py:104} INFO - [2021-04-01 00:02:04,276] {dag.py:2273} INFO - Setting next_dagrun for example_xcom_args to None
[2021-04-01 00:02:04,276] {logging_mixin.py:104} INFO - [2021-04-01 00:02:04,276] {dag.py:2273} INFO - Setting next_dagrun for example_xcom_args_with_operators to None
[2021-04-01 00:02:04,284] {scheduler_job.py:190} INFO - Processing /home/airflow/.local/lib/python3.6/site-packages/airflow/example_dags/example_xcomargs.py took 0.037 seconds
[2021-04-01 00:02:34,870] {scheduler_job.py:182} INFO - Started process (PID=251) to work on /home/airflow/.local/lib/python3.6/site-packages/airflow/example_dags/example_xcomargs.py
[2021-04-01 00:02:34,871] {scheduler_job.py:629} INFO - Processing file /home/airflow/.local/lib/python3.6/site-packages/airflow/example_dags/example_xcomargs.py for tasks to queue
[2021-04-01 00:02:34,871] {logging_mixin.py:104} INFO - [2021-04-01 00:02:34,871] {dagbag.py:448} INFO - Filling up the DagBag from /home/airflow/.local/lib/python3.6/site-packages/airflow/example_dags/example_xcomargs.py
[2021-04-01 00:02:34,878] {scheduler_job.py:639} INFO - DAG(s) dict_keys(['example_xcom_args', 'example_xcom_args_with_operators']) retrieved from /home/airflow/.local/lib/python3.6/site-packages/airflow/example_dags/example_xcomargs.py
[2021-04-01 00:02:34,891] {logging_mixin.py:104} INFO - [2021-04-01 00:02:34,891] {dag.py:1818} INFO - Sync 2 DAGs
[2021-04-01 00:02:34,899] {logging_mixin.py:104} INFO - [2021-04-01 00:02:34,899] {dag.py:2273} INFO - Setting next_dagrun for example_xcom_args to None
[2021-04-01 00:02:34,899] {logging_mixin.py:104} INFO - [2021-04-01 00:02:34,899] {dag.py:2273} INFO - Setting next_dagrun for example_xcom_args_with_operators to None
[2021-04-01 00:02:34,907] {scheduler_job.py:190} INFO - Processing /home/airflow/.local/lib/python3.6/site-packages/airflow/example_dags/example_xcomargs.py took 0.038 seconds
[2021-04-01 00:03:05,464] {scheduler_job.py:182} INFO - Started process (PID=277) to work on /home/airflow/.local/lib/python3.6/site-packages/airflow/example_dags/example_xcomargs.py
[2021-04-01 00:03:05,465] {scheduler_job.py:629} INFO - Processing file /home/airflow/.local/lib/python3.6/site-packages/airflow/example_dags/example_xcomargs.py for tasks to queue
[2021-04-01 00:03:05,465] {logging_mixin.py:104} INFO - [2021-04-01 00:03:05,465] {dagbag.py:448} INFO - Filling up the DagBag from /home/airflow/.local/lib/python3.6/site-packages/airflow/example_dags/example_xcomargs.py
[2021-04-01 00:03:05,472] {scheduler_job.py:639} INFO - DAG(s) dict_keys(['example_xcom_args', 'example_xcom_args_with_operators']) retrieved from /home/airflow/.local/lib/python3.6/site-packages/airflow/example_dags/example_xcomargs.py
[2021-04-01 00:03:05,484] {logging_mixin.py:104} INFO - [2021-04-01 00:03:05,484] {dag.py:1818} INFO - Sync 2 DAGs
[2021-04-01 00:03:05,492] {logging_mixin.py:104} INFO - [2021-04-01 00:03:05,492] {dag.py:2273} INFO - Setting next_dagrun for example_xcom_args to None
[2021-04-01 00:03:05,492] {logging_mixin.py:104} INFO - [2021-04-01 00:03:05,492] {dag.py:2273} INFO - Setting next_dagrun for example_xcom_args_with_operators to None
[2021-04-01 00:03:05,501] {scheduler_job.py:190} INFO - Processing /home/airflow/.local/lib/python3.6/site-packages/airflow/example_dags/example_xcomargs.py took 0.038 seconds
[2021-04-01 00:03:36,078] {scheduler_job.py:182} INFO - Started process (PID=303) to work on /home/airflow/.local/lib/python3.6/site-packages/airflow/example_dags/example_xcomargs.py
[2021-04-01 00:03:36,078] {scheduler_job.py:629} INFO - Processing file /home/airflow/.local/lib/python3.6/site-packages/airflow/example_dags/example_xcomargs.py for tasks to queue
[2021-04-01 00:03:36,078] {logging_mixin.py:104} INFO - [2021-04-01 00:03:36,078] {dagbag.py:448} INFO - Filling up the DagBag from /home/airflow/.local/lib/python3.6/site-packages/airflow/example_dags/example_xcomargs.py
[2021-04-01 00:03:36,085] {scheduler_job.py:639} INFO - DAG(s) dict_keys(['example_xcom_args', 'example_xcom_args_with_operators']) retrieved from /home/airflow/.local/lib/python3.6/site-packages/airflow/example_dags/example_xcomargs.py
[2021-04-01 00:03:36,099] {logging_mixin.py:104} INFO - [2021-04-01 00:03:36,099] {dag.py:1818} INFO - Sync 2 DAGs
[2021-04-01 00:03:36,109] {logging_mixin.py:104} INFO - [2021-04-01 00:03:36,109] {dag.py:2273} INFO - Setting next_dagrun for example_xcom_args to None
[2021-04-01 00:03:36,109] {logging_mixin.py:104} INFO - [2021-04-01 00:03:36,109] {dag.py:2273} INFO - Setting next_dagrun for example_xcom_args_with_operators to None
[2021-04-01 00:03:36,117] {scheduler_job.py:190} INFO - Processing /home/airflow/.local/lib/python3.6/site-packages/airflow/example_dags/example_xcomargs.py took 0.040 seconds
[2021-04-01 00:04:06,659] {scheduler_job.py:182} INFO - Started process (PID=329) to work on /home/airflow/.local/lib/python3.6/site-packages/airflow/example_dags/example_xcomargs.py
[2021-04-01 00:04:06,660] {scheduler_job.py:629} INFO - Processing file /home/airflow/.local/lib/python3.6/site-packages/airflow/example_dags/example_xcomargs.py for tasks to queue
[2021-04-01 00:04:06,660] {logging_mixin.py:104} INFO - [2021-04-01 00:04:06,660] {dagbag.py:448} INFO - Filling up the DagBag from /home/airflow/.local/lib/python3.6/site-packages/airflow/example_dags/example_xcomargs.py
[2021-04-01 00:04:06,667] {scheduler_job.py:639} INFO - DAG(s) dict_keys(['example_xcom_args', 'example_xcom_args_with_operators']) retrieved from /home/airflow/.local/lib/python3.6/site-packages/airflow/example_dags/example_xcomargs.py
[2021-04-01 00:04:06,680] {logging_mixin.py:104} INFO - [2021-04-01 00:04:06,680] {dag.py:1818} INFO - Sync 2 DAGs
[2021-04-01 00:04:06,689] {logging_mixin.py:104} INFO - [2021-04-01 00:04:06,688] {dag.py:2273} INFO - Setting next_dagrun for example_xcom_args to None
[2021-04-01 00:04:06,689] {logging_mixin.py:104} INFO - [2021-04-01 00:04:06,689] {dag.py:2273} INFO - Setting next_dagrun for example_xcom_args_with_operators to None
[2021-04-01 00:04:06,696] {scheduler_job.py:190} INFO - Processing /home/airflow/.local/lib/python3.6/site-packages/airflow/example_dags/example_xcomargs.py took 0.038 seconds
[2021-04-01 00:04:37,245] {scheduler_job.py:182} INFO - Started process (PID=355) to work on /home/airflow/.local/lib/python3.6/site-packages/airflow/example_dags/example_xcomargs.py
[2021-04-01 00:04:37,245] {scheduler_job.py:629} INFO - Processing file /home/airflow/.local/lib/python3.6/site-packages/airflow/example_dags/example_xcomargs.py for tasks to queue
[2021-04-01 00:04:37,245] {logging_mixin.py:104} INFO - [2021-04-01 00:04:37,245] {dagbag.py:448} INFO - Filling up the DagBag from /home/airflow/.local/lib/python3.6/site-packages/airflow/example_dags/example_xcomargs.py
[2021-04-01 00:04:37,252] {scheduler_job.py:639} INFO - DAG(s) dict_keys(['example_xcom_args', 'example_xcom_args_with_operators']) retrieved from /home/airflow/.local/lib/python3.6/site-packages/airflow/example_dags/example_xcomargs.py
[2021-04-01 00:04:37,266] {logging_mixin.py:104} INFO - [2021-04-01 00:04:37,266] {dag.py:1818} INFO - Sync 2 DAGs
[2021-04-01 00:04:37,276] {logging_mixin.py:104} INFO - [2021-04-01 00:04:37,276] {dag.py:2273} INFO - Setting next_dagrun for example_xcom_args to None
[2021-04-01 00:04:37,276] {logging_mixin.py:104} INFO - [2021-04-01 00:04:37,276] {dag.py:2273} INFO - Setting next_dagrun for example_xcom_args_with_operators to None
[2021-04-01 00:04:37,283] {scheduler_job.py:190} INFO - Processing /home/airflow/.local/lib/python3.6/site-packages/airflow/example_dags/example_xcomargs.py took 0.040 seconds
[2021-04-01 00:05:07,849] {scheduler_job.py:182} INFO - Started process (PID=381) to work on /home/airflow/.local/lib/python3.6/site-packages/airflow/example_dags/example_xcomargs.py
[2021-04-01 00:05:07,849] {scheduler_job.py:629} INFO - Processing file /home/airflow/.local/lib/python3.6/site-packages/airflow/example_dags/example_xcomargs.py for tasks to queue
[2021-04-01 00:05:07,849] {logging_mixin.py:104} INFO - [2021-04-01 00:05:07,849] {dagbag.py:448} INFO - Filling up the DagBag from /home/airflow/.local/lib/python3.6/site-packages/airflow/example_dags/example_xcomargs.py
[2021-04-01 00:05:07,858] {scheduler_job.py:639} INFO - DAG(s) dict_keys(['example_xcom_args', 'example_xcom_args_with_operators']) retrieved from /home/airflow/.local/lib/python3.6/site-packages/airflow/example_dags/example_xcomargs.py
[2021-04-01 00:05:07,870] {logging_mixin.py:104} INFO - [2021-04-01 00:05:07,870] {dag.py:1818} INFO - Sync 2 DAGs
[2021-04-01 00:05:07,879] {logging_mixin.py:104} INFO - [2021-04-01 00:05:07,879] {dag.py:2273} INFO - Setting next_dagrun for example_xcom_args to None
[2021-04-01 00:05:07,879] {logging_mixin.py:104} INFO - [2021-04-01 00:05:07,879] {dag.py:2273} INFO - Setting next_dagrun for example_xcom_args_with_operators to None
[2021-04-01 00:05:07,886] {scheduler_job.py:190} INFO - Processing /home/airflow/.local/lib/python3.6/site-packages/airflow/example_dags/example_xcomargs.py took 0.038 seconds
[2021-04-01 00:05:38,477] {scheduler_job.py:182} INFO - Started process (PID=407) to work on /home/airflow/.local/lib/python3.6/site-packages/airflow/example_dags/example_xcomargs.py
[2021-04-01 00:05:38,478] {scheduler_job.py:629} INFO - Processing file /home/airflow/.local/lib/python3.6/site-packages/airflow/example_dags/example_xcomargs.py for tasks to queue
[2021-04-01 00:05:38,478] {logging_mixin.py:104} INFO - [2021-04-01 00:05:38,478] {dagbag.py:448} INFO - Filling up the DagBag from /home/airflow/.local/lib/python3.6/site-packages/airflow/example_dags/example_xcomargs.py
[2021-04-01 00:05:38,486] {scheduler_job.py:639} INFO - DAG(s) dict_keys(['example_xcom_args', 'example_xcom_args_with_operators']) retrieved from /home/airflow/.local/lib/python3.6/site-packages/airflow/example_dags/example_xcomargs.py
[2021-04-01 00:05:38,499] {logging_mixin.py:104} INFO - [2021-04-01 00:05:38,499] {dag.py:1818} INFO - Sync 2 DAGs
[2021-04-01 00:05:38,509] {logging_mixin.py:104} INFO - [2021-04-01 00:05:38,509] {dag.py:2273} INFO - Setting next_dagrun for example_xcom_args to None
[2021-04-01 00:05:38,510] {logging_mixin.py:104} INFO - [2021-04-01 00:05:38,510] {dag.py:2273} INFO - Setting next_dagrun for example_xcom_args_with_operators to None
[2021-04-01 00:05:38,516] {scheduler_job.py:190} INFO - Processing /home/airflow/.local/lib/python3.6/site-packages/airflow/example_dags/example_xcomargs.py took 0.041 seconds
[2021-04-01 00:06:09,084] {scheduler_job.py:182} INFO - Started process (PID=433) to work on /home/airflow/.local/lib/python3.6/site-packages/airflow/example_dags/example_xcomargs.py
[2021-04-01 00:06:09,084] {scheduler_job.py:629} INFO - Processing file /home/airflow/.local/lib/python3.6/site-packages/airflow/example_dags/example_xcomargs.py for tasks to queue
[2021-04-01 00:06:09,084] {logging_mixin.py:104} INFO - [2021-04-01 00:06:09,084] {dagbag.py:448} INFO - Filling up the DagBag from /home/airflow/.local/lib/python3.6/site-packages/airflow/example_dags/example_xcomargs.py
[2021-04-01 00:06:09,092] {scheduler_job.py:639} INFO - DAG(s) dict_keys(['example_xcom_args', 'example_xcom_args_with_operators']) retrieved from /home/airflow/.local/lib/python3.6/site-packages/airflow/example_dags/example_xcomargs.py
[2021-04-01 00:06:09,107] {logging_mixin.py:104} INFO - [2021-04-01 00:06:09,107] {dag.py:1818} INFO - Sync 2 DAGs
[2021-04-01 00:06:09,114] {logging_mixin.py:104} INFO - [2021-04-01 00:06:09,114] {dag.py:2273} INFO - Setting next_dagrun for example_xcom_args to None
[2021-04-01 00:06:09,115] {logging_mixin.py:104} INFO - [2021-04-01 00:06:09,115] {dag.py:2273} INFO - Setting next_dagrun for example_xcom_args_with_operators to None
[2021-04-01 00:06:09,121] {scheduler_job.py:190} INFO - Processing /home/airflow/.local/lib/python3.6/site-packages/airflow/example_dags/example_xcomargs.py took 0.039 seconds
[2021-04-01 00:06:39,745] {scheduler_job.py:182} INFO - Started process (PID=459) to work on /home/airflow/.local/lib/python3.6/site-packages/airflow/example_dags/example_xcomargs.py
[2021-04-01 00:06:39,746] {scheduler_job.py:629} INFO - Processing file /home/airflow/.local/lib/python3.6/site-packages/airflow/example_dags/example_xcomargs.py for tasks to queue
[2021-04-01 00:06:39,746] {logging_mixin.py:104} INFO - [2021-04-01 00:06:39,746] {dagbag.py:448} INFO - Filling up the DagBag from /home/airflow/.local/lib/python3.6/site-packages/airflow/example_dags/example_xcomargs.py
[2021-04-01 00:06:39,753] {scheduler_job.py:639} INFO - DAG(s) dict_keys(['example_xcom_args', 'example_xcom_args_with_operators']) retrieved from /home/airflow/.local/lib/python3.6/site-packages/airflow/example_dags/example_xcomargs.py
[2021-04-01 00:06:39,767] {logging_mixin.py:104} INFO - [2021-04-01 00:06:39,767] {dag.py:1818} INFO - Sync 2 DAGs
[2021-04-01 00:06:39,775] {logging_mixin.py:104} INFO - [2021-04-01 00:06:39,775] {dag.py:2273} INFO - Setting next_dagrun for example_xcom_args to None
[2021-04-01 00:06:39,775] {logging_mixin.py:104} INFO - [2021-04-01 00:06:39,775] {dag.py:2273} INFO - Setting next_dagrun for example_xcom_args_with_operators to None
[2021-04-01 00:06:39,781] {scheduler_job.py:190} INFO - Processing /home/airflow/.local/lib/python3.6/site-packages/airflow/example_dags/example_xcomargs.py took 0.038 seconds
[2021-04-01 00:07:10,422] {scheduler_job.py:182} INFO - Started process (PID=485) to work on /home/airflow/.local/lib/python3.6/site-packages/airflow/example_dags/example_xcomargs.py
[2021-04-01 00:07:10,423] {scheduler_job.py:629} INFO - Processing file /home/airflow/.local/lib/python3.6/site-packages/airflow/example_dags/example_xcomargs.py for tasks to queue
[2021-04-01 00:07:10,423] {logging_mixin.py:104} INFO - [2021-04-01 00:07:10,423] {dagbag.py:448} INFO - Filling up the DagBag from /home/airflow/.local/lib/python3.6/site-packages/airflow/example_dags/example_xcomargs.py
[2021-04-01 00:07:10,430] {scheduler_job.py:639} INFO - DAG(s) dict_keys(['example_xcom_args', 'example_xcom_args_with_operators']) retrieved from /home/airflow/.local/lib/python3.6/site-packages/airflow/example_dags/example_xcomargs.py
[2021-04-01 00:07:10,444] {logging_mixin.py:104} INFO - [2021-04-01 00:07:10,444] {dag.py:1818} INFO - Sync 2 DAGs
[2021-04-01 00:07:10,451] {logging_mixin.py:104} INFO - [2021-04-01 00:07:10,451] {dag.py:2273} INFO - Setting next_dagrun for example_xcom_args to None
[2021-04-01 00:07:10,451] {logging_mixin.py:104} INFO - [2021-04-01 00:07:10,451] {dag.py:2273} INFO - Setting next_dagrun for example_xcom_args_with_operators to None
[2021-04-01 00:07:10,459] {scheduler_job.py:190} INFO - Processing /home/airflow/.local/lib/python3.6/site-packages/airflow/example_dags/example_xcomargs.py took 0.038 seconds
[2021-04-01 00:07:41,095] {scheduler_job.py:182} INFO - Started process (PID=511) to work on /home/airflow/.local/lib/python3.6/site-packages/airflow/example_dags/example_xcomargs.py
[2021-04-01 00:07:41,096] {scheduler_job.py:629} INFO - Processing file /home/airflow/.local/lib/python3.6/site-packages/airflow/example_dags/example_xcomargs.py for tasks to queue
[2021-04-01 00:07:41,096] {logging_mixin.py:104} INFO - [2021-04-01 00:07:41,096] {dagbag.py:448} INFO - Filling up the DagBag from /home/airflow/.local/lib/python3.6/site-packages/airflow/example_dags/example_xcomargs.py
[2021-04-01 00:07:41,103] {scheduler_job.py:639} INFO - DAG(s) dict_keys(['example_xcom_args', 'example_xcom_args_with_operators']) retrieved from /home/airflow/.local/lib/python3.6/site-packages/airflow/example_dags/example_xcomargs.py
[2021-04-01 00:07:41,118] {logging_mixin.py:104} INFO - [2021-04-01 00:07:41,118] {dag.py:1818} INFO - Sync 2 DAGs
[2021-04-01 00:07:41,125] {logging_mixin.py:104} INFO - [2021-04-01 00:07:41,125] {dag.py:2273} INFO - Setting next_dagrun for example_xcom_args to None
[2021-04-01 00:07:41,125] {logging_mixin.py:104} INFO - [2021-04-01 00:07:41,125] {dag.py:2273} INFO - Setting next_dagrun for example_xcom_args_with_operators to None
[2021-04-01 00:07:41,133] {scheduler_job.py:190} INFO - Processing /home/airflow/.local/lib/python3.6/site-packages/airflow/example_dags/example_xcomargs.py took 0.039 seconds
[2021-04-01 00:08:11,845] {scheduler_job.py:182} INFO - Started process (PID=537) to work on /home/airflow/.local/lib/python3.6/site-packages/airflow/example_dags/example_xcomargs.py
[2021-04-01 00:08:11,845] {scheduler_job.py:629} INFO - Processing file /home/airflow/.local/lib/python3.6/site-packages/airflow/example_dags/example_xcomargs.py for tasks to queue
[2021-04-01 00:08:11,845] {logging_mixin.py:104} INFO - [2021-04-01 00:08:11,845] {dagbag.py:448} INFO - Filling up the DagBag from /home/airflow/.local/lib/python3.6/site-packages/airflow/example_dags/example_xcomargs.py
[2021-04-01 00:08:11,852] {scheduler_job.py:639} INFO - DAG(s) dict_keys(['example_xcom_args', 'example_xcom_args_with_operators']) retrieved from /home/airflow/.local/lib/python3.6/site-packages/airflow/example_dags/example_xcomargs.py
[2021-04-01 00:08:11,867] {logging_mixin.py:104} INFO - [2021-04-01 00:08:11,867] {dag.py:1818} INFO - Sync 2 DAGs
[2021-04-01 00:08:11,874] {logging_mixin.py:104} INFO - [2021-04-01 00:08:11,874] {dag.py:2273} INFO - Setting next_dagrun for example_xcom_args to None
[2021-04-01 00:08:11,875] {logging_mixin.py:104} INFO - [2021-04-01 00:08:11,875] {dag.py:2273} INFO - Setting next_dagrun for example_xcom_args_with_operators to None
[2021-04-01 00:08:11,882] {scheduler_job.py:190} INFO - Processing /home/airflow/.local/lib/python3.6/site-packages/airflow/example_dags/example_xcomargs.py took 0.039 seconds
[2021-04-01 00:08:42,518] {scheduler_job.py:182} INFO - Started process (PID=563) to work on /home/airflow/.local/lib/python3.6/site-packages/airflow/example_dags/example_xcomargs.py
[2021-04-01 00:08:42,519] {scheduler_job.py:629} INFO - Processing file /home/airflow/.local/lib/python3.6/site-packages/airflow/example_dags/example_xcomargs.py for tasks to queue
[2021-04-01 00:08:42,519] {logging_mixin.py:104} INFO - [2021-04-01 00:08:42,519] {dagbag.py:448} INFO - Filling up the DagBag from /home/airflow/.local/lib/python3.6/site-packages/airflow/example_dags/example_xcomargs.py
[2021-04-01 00:08:42,526] {scheduler_job.py:639} INFO - DAG(s) dict_keys(['example_xcom_args', 'example_xcom_args_with_operators']) retrieved from /home/airflow/.local/lib/python3.6/site-packages/airflow/example_dags/example_xcomargs.py
[2021-04-01 00:08:42,574] {logging_mixin.py:104} INFO - [2021-04-01 00:08:42,574] {dag.py:1818} INFO - Sync 2 DAGs
[2021-04-01 00:08:42,586] {logging_mixin.py:104} INFO - [2021-04-01 00:08:42,586] {dag.py:2273} INFO - Setting next_dagrun for example_xcom_args to None
[2021-04-01 00:08:42,587] {logging_mixin.py:104} INFO - [2021-04-01 00:08:42,586] {dag.py:2273} INFO - Setting next_dagrun for example_xcom_args_with_operators to None
[2021-04-01 00:08:42,596] {scheduler_job.py:190} INFO - Processing /home/airflow/.local/lib/python3.6/site-packages/airflow/example_dags/example_xcomargs.py took 0.079 seconds
[2021-04-01 00:09:13,214] {scheduler_job.py:182} INFO - Started process (PID=589) to work on /home/airflow/.local/lib/python3.6/site-packages/airflow/example_dags/example_xcomargs.py
[2021-04-01 00:09:13,215] {scheduler_job.py:629} INFO - Processing file /home/airflow/.local/lib/python3.6/site-packages/airflow/example_dags/example_xcomargs.py for tasks to queue
[2021-04-01 00:09:13,215] {logging_mixin.py:104} INFO - [2021-04-01 00:09:13,215] {dagbag.py:448} INFO - Filling up the DagBag from /home/airflow/.local/lib/python3.6/site-packages/airflow/example_dags/example_xcomargs.py
[2021-04-01 00:09:13,223] {scheduler_job.py:639} INFO - DAG(s) dict_keys(['example_xcom_args', 'example_xcom_args_with_operators']) retrieved from /home/airflow/.local/lib/python3.6/site-packages/airflow/example_dags/example_xcomargs.py
[2021-04-01 00:09:13,236] {logging_mixin.py:104} INFO - [2021-04-01 00:09:13,236] {dag.py:1818} INFO - Sync 2 DAGs
[2021-04-01 00:09:13,243] {logging_mixin.py:104} INFO - [2021-04-01 00:09:13,243] {dag.py:2273} INFO - Setting next_dagrun for example_xcom_args to None
[2021-04-01 00:09:13,243] {logging_mixin.py:104} INFO - [2021-04-01 00:09:13,243] {dag.py:2273} INFO - Setting next_dagrun for example_xcom_args_with_operators to None
[2021-04-01 00:09:13,251] {scheduler_job.py:190} INFO - Processing /home/airflow/.local/lib/python3.6/site-packages/airflow/example_dags/example_xcomargs.py took 0.038 seconds
[2021-04-01 00:09:43,921] {scheduler_job.py:182} INFO - Started process (PID=615) to work on /home/airflow/.local/lib/python3.6/site-packages/airflow/example_dags/example_xcomargs.py
[2021-04-01 00:09:43,922] {scheduler_job.py:629} INFO - Processing file /home/airflow/.local/lib/python3.6/site-packages/airflow/example_dags/example_xcomargs.py for tasks to queue
[2021-04-01 00:09:43,922] {logging_mixin.py:104} INFO - [2021-04-01 00:09:43,922] {dagbag.py:448} INFO - Filling up the DagBag from /home/airflow/.local/lib/python3.6/site-packages/airflow/example_dags/example_xcomargs.py
[2021-04-01 00:09:43,931] {scheduler_job.py:639} INFO - DAG(s) dict_keys(['example_xcom_args', 'example_xcom_args_with_operators']) retrieved from /home/airflow/.local/lib/python3.6/site-packages/airflow/example_dags/example_xcomargs.py
[2021-04-01 00:09:43,945] {logging_mixin.py:104} INFO - [2021-04-01 00:09:43,945] {dag.py:1818} INFO - Sync 2 DAGs
[2021-04-01 00:09:43,953] {logging_mixin.py:104} INFO - [2021-04-01 00:09:43,952] {dag.py:2273} INFO - Setting next_dagrun for example_xcom_args to None
[2021-04-01 00:09:43,953] {logging_mixin.py:104} INFO - [2021-04-01 00:09:43,953] {dag.py:2273} INFO - Setting next_dagrun for example_xcom_args_with_operators to None
[2021-04-01 00:09:43,961] {scheduler_job.py:190} INFO - Processing /home/airflow/.local/lib/python3.6/site-packages/airflow/example_dags/example_xcomargs.py took 0.041 seconds
[2021-04-01 00:10:14,602] {scheduler_job.py:182} INFO - Started process (PID=641) to work on /home/airflow/.local/lib/python3.6/site-packages/airflow/example_dags/example_xcomargs.py
[2021-04-01 00:10:14,602] {scheduler_job.py:629} INFO - Processing file /home/airflow/.local/lib/python3.6/site-packages/airflow/example_dags/example_xcomargs.py for tasks to queue
[2021-04-01 00:10:14,602] {logging_mixin.py:104} INFO - [2021-04-01 00:10:14,602] {dagbag.py:448} INFO - Filling up the DagBag from /home/airflow/.local/lib/python3.6/site-packages/airflow/example_dags/example_xcomargs.py
[2021-04-01 00:10:14,611] {scheduler_job.py:639} INFO - DAG(s) dict_keys(['example_xcom_args', 'example_xcom_args_with_operators']) retrieved from /home/airflow/.local/lib/python3.6/site-packages/airflow/example_dags/example_xcomargs.py
[2021-04-01 00:10:14,623] {logging_mixin.py:104} INFO - [2021-04-01 00:10:14,623] {dag.py:1818} INFO - Sync 2 DAGs
[2021-04-01 00:10:14,631] {logging_mixin.py:104} INFO - [2021-04-01 00:10:14,631] {dag.py:2273} INFO - Setting next_dagrun for example_xcom_args to None
[2021-04-01 00:10:14,631] {logging_mixin.py:104} INFO - [2021-04-01 00:10:14,631] {dag.py:2273} INFO - Setting next_dagrun for example_xcom_args_with_operators to None
[2021-04-01 00:10:14,638] {scheduler_job.py:190} INFO - Processing /home/airflow/.local/lib/python3.6/site-packages/airflow/example_dags/example_xcomargs.py took 0.038 seconds
[2021-04-01 00:10:45,270] {scheduler_job.py:182} INFO - Started process (PID=667) to work on /home/airflow/.local/lib/python3.6/site-packages/airflow/example_dags/example_xcomargs.py
[2021-04-01 00:10:45,271] {scheduler_job.py:629} INFO - Processing file /home/airflow/.local/lib/python3.6/site-packages/airflow/example_dags/example_xcomargs.py for tasks to queue
[2021-04-01 00:10:45,271] {logging_mixin.py:104} INFO - [2021-04-01 00:10:45,271] {dagbag.py:448} INFO - Filling up the DagBag from /home/airflow/.local/lib/python3.6/site-packages/airflow/example_dags/example_xcomargs.py
[2021-04-01 00:10:45,279] {scheduler_job.py:639} INFO - DAG(s) dict_keys(['example_xcom_args', 'example_xcom_args_with_operators']) retrieved from /home/airflow/.local/lib/python3.6/site-packages/airflow/example_dags/example_xcomargs.py
[2021-04-01 00:10:45,292] {logging_mixin.py:104} INFO - [2021-04-01 00:10:45,292] {dag.py:1818} INFO - Sync 2 DAGs
[2021-04-01 00:10:45,299] {logging_mixin.py:104} INFO - [2021-04-01 00:10:45,299] {dag.py:2273} INFO - Setting next_dagrun for example_xcom_args to None
[2021-04-01 00:10:45,300] {logging_mixin.py:104} INFO - [2021-04-01 00:10:45,300] {dag.py:2273} INFO - Setting next_dagrun for example_xcom_args_with_operators to None
[2021-04-01 00:10:45,306] {scheduler_job.py:190} INFO - Processing /home/airflow/.local/lib/python3.6/site-packages/airflow/example_dags/example_xcomargs.py took 0.037 seconds
[2021-04-01 00:19:17,495] {scheduler_job.py:182} INFO - Started process (PID=42) to work on /home/airflow/.local/lib/python3.6/site-packages/airflow/example_dags/example_xcomargs.py
[2021-04-01 00:19:17,495] {scheduler_job.py:629} INFO - Processing file /home/airflow/.local/lib/python3.6/site-packages/airflow/example_dags/example_xcomargs.py for tasks to queue
[2021-04-01 00:19:17,495] {logging_mixin.py:104} INFO - [2021-04-01 00:19:17,495] {dagbag.py:448} INFO - Filling up the DagBag from /home/airflow/.local/lib/python3.6/site-packages/airflow/example_dags/example_xcomargs.py
[2021-04-01 00:19:17,503] {scheduler_job.py:639} INFO - DAG(s) dict_keys(['example_xcom_args', 'example_xcom_args_with_operators']) retrieved from /home/airflow/.local/lib/python3.6/site-packages/airflow/example_dags/example_xcomargs.py
[2021-04-01 00:19:17,516] {logging_mixin.py:104} INFO - [2021-04-01 00:19:17,516] {dag.py:1818} INFO - Sync 2 DAGs
[2021-04-01 00:19:17,524] {logging_mixin.py:104} INFO - [2021-04-01 00:19:17,524] {dag.py:2273} INFO - Setting next_dagrun for example_xcom_args to None
[2021-04-01 00:19:17,524] {logging_mixin.py:104} INFO - [2021-04-01 00:19:17,524] {dag.py:2273} INFO - Setting next_dagrun for example_xcom_args_with_operators to None
[2021-04-01 00:19:17,530] {scheduler_job.py:190} INFO - Processing /home/airflow/.local/lib/python3.6/site-packages/airflow/example_dags/example_xcomargs.py took 0.037 seconds
[2021-04-01 00:19:48,208] {scheduler_job.py:182} INFO - Started process (PID=68) to work on /home/airflow/.local/lib/python3.6/site-packages/airflow/example_dags/example_xcomargs.py
[2021-04-01 00:19:48,209] {scheduler_job.py:629} INFO - Processing file /home/airflow/.local/lib/python3.6/site-packages/airflow/example_dags/example_xcomargs.py for tasks to queue
[2021-04-01 00:19:48,209] {logging_mixin.py:104} INFO - [2021-04-01 00:19:48,209] {dagbag.py:448} INFO - Filling up the DagBag from /home/airflow/.local/lib/python3.6/site-packages/airflow/example_dags/example_xcomargs.py
[2021-04-01 00:19:48,216] {scheduler_job.py:639} INFO - DAG(s) dict_keys(['example_xcom_args', 'example_xcom_args_with_operators']) retrieved from /home/airflow/.local/lib/python3.6/site-packages/airflow/example_dags/example_xcomargs.py
[2021-04-01 00:19:48,229] {logging_mixin.py:104} INFO - [2021-04-01 00:19:48,229] {dag.py:1818} INFO - Sync 2 DAGs
[2021-04-01 00:19:48,236] {logging_mixin.py:104} INFO - [2021-04-01 00:19:48,236] {dag.py:2273} INFO - Setting next_dagrun for example_xcom_args to None
[2021-04-01 00:19:48,236] {logging_mixin.py:104} INFO - [2021-04-01 00:19:48,236] {dag.py:2273} INFO - Setting next_dagrun for example_xcom_args_with_operators to None
[2021-04-01 00:19:48,248] {scheduler_job.py:190} INFO - Processing /home/airflow/.local/lib/python3.6/site-packages/airflow/example_dags/example_xcomargs.py took 0.041 seconds
[2021-04-01 00:20:18,966] {scheduler_job.py:182} INFO - Started process (PID=94) to work on /home/airflow/.local/lib/python3.6/site-packages/airflow/example_dags/example_xcomargs.py
[2021-04-01 00:20:18,967] {scheduler_job.py:629} INFO - Processing file /home/airflow/.local/lib/python3.6/site-packages/airflow/example_dags/example_xcomargs.py for tasks to queue
[2021-04-01 00:20:18,967] {logging_mixin.py:104} INFO - [2021-04-01 00:20:18,967] {dagbag.py:448} INFO - Filling up the DagBag from /home/airflow/.local/lib/python3.6/site-packages/airflow/example_dags/example_xcomargs.py
[2021-04-01 00:20:18,975] {scheduler_job.py:639} INFO - DAG(s) dict_keys(['example_xcom_args', 'example_xcom_args_with_operators']) retrieved from /home/airflow/.local/lib/python3.6/site-packages/airflow/example_dags/example_xcomargs.py
[2021-04-01 00:20:18,988] {logging_mixin.py:104} INFO - [2021-04-01 00:20:18,988] {dag.py:1818} INFO - Sync 2 DAGs
[2021-04-01 00:20:18,996] {logging_mixin.py:104} INFO - [2021-04-01 00:20:18,996] {dag.py:2273} INFO - Setting next_dagrun for example_xcom_args to None
[2021-04-01 00:20:18,996] {logging_mixin.py:104} INFO - [2021-04-01 00:20:18,996] {dag.py:2273} INFO - Setting next_dagrun for example_xcom_args_with_operators to None
[2021-04-01 00:20:19,004] {scheduler_job.py:190} INFO - Processing /home/airflow/.local/lib/python3.6/site-packages/airflow/example_dags/example_xcomargs.py took 0.039 seconds
[2021-04-01 00:20:49,687] {scheduler_job.py:182} INFO - Started process (PID=120) to work on /home/airflow/.local/lib/python3.6/site-packages/airflow/example_dags/example_xcomargs.py
[2021-04-01 00:20:49,688] {scheduler_job.py:629} INFO - Processing file /home/airflow/.local/lib/python3.6/site-packages/airflow/example_dags/example_xcomargs.py for tasks to queue
[2021-04-01 00:20:49,688] {logging_mixin.py:104} INFO - [2021-04-01 00:20:49,688] {dagbag.py:448} INFO - Filling up the DagBag from /home/airflow/.local/lib/python3.6/site-packages/airflow/example_dags/example_xcomargs.py
[2021-04-01 00:20:49,695] {scheduler_job.py:639} INFO - DAG(s) dict_keys(['example_xcom_args', 'example_xcom_args_with_operators']) retrieved from /home/airflow/.local/lib/python3.6/site-packages/airflow/example_dags/example_xcomargs.py
[2021-04-01 00:20:49,708] {logging_mixin.py:104} INFO - [2021-04-01 00:20:49,708] {dag.py:1818} INFO - Sync 2 DAGs
[2021-04-01 00:20:49,716] {logging_mixin.py:104} INFO - [2021-04-01 00:20:49,716] {dag.py:2273} INFO - Setting next_dagrun for example_xcom_args to None
[2021-04-01 00:20:49,716] {logging_mixin.py:104} INFO - [2021-04-01 00:20:49,716] {dag.py:2273} INFO - Setting next_dagrun for example_xcom_args_with_operators to None
[2021-04-01 00:20:49,722] {scheduler_job.py:190} INFO - Processing /home/airflow/.local/lib/python3.6/site-packages/airflow/example_dags/example_xcomargs.py took 0.036 seconds
[2021-04-01 00:21:20,383] {scheduler_job.py:182} INFO - Started process (PID=146) to work on /home/airflow/.local/lib/python3.6/site-packages/airflow/example_dags/example_xcomargs.py
[2021-04-01 00:21:20,384] {scheduler_job.py:629} INFO - Processing file /home/airflow/.local/lib/python3.6/site-packages/airflow/example_dags/example_xcomargs.py for tasks to queue
[2021-04-01 00:21:20,384] {logging_mixin.py:104} INFO - [2021-04-01 00:21:20,384] {dagbag.py:448} INFO - Filling up the DagBag from /home/airflow/.local/lib/python3.6/site-packages/airflow/example_dags/example_xcomargs.py
[2021-04-01 00:21:20,391] {scheduler_job.py:639} INFO - DAG(s) dict_keys(['example_xcom_args', 'example_xcom_args_with_operators']) retrieved from /home/airflow/.local/lib/python3.6/site-packages/airflow/example_dags/example_xcomargs.py
[2021-04-01 00:21:20,403] {logging_mixin.py:104} INFO - [2021-04-01 00:21:20,403] {dag.py:1818} INFO - Sync 2 DAGs
[2021-04-01 00:21:20,410] {logging_mixin.py:104} INFO - [2021-04-01 00:21:20,410] {dag.py:2273} INFO - Setting next_dagrun for example_xcom_args to None
[2021-04-01 00:21:20,411] {logging_mixin.py:104} INFO - [2021-04-01 00:21:20,411] {dag.py:2273} INFO - Setting next_dagrun for example_xcom_args_with_operators to None
[2021-04-01 00:21:20,418] {scheduler_job.py:190} INFO - Processing /home/airflow/.local/lib/python3.6/site-packages/airflow/example_dags/example_xcomargs.py took 0.037 seconds
[2021-04-01 00:21:51,052] {scheduler_job.py:182} INFO - Started process (PID=172) to work on /home/airflow/.local/lib/python3.6/site-packages/airflow/example_dags/example_xcomargs.py
[2021-04-01 00:21:51,053] {scheduler_job.py:629} INFO - Processing file /home/airflow/.local/lib/python3.6/site-packages/airflow/example_dags/example_xcomargs.py for tasks to queue
[2021-04-01 00:21:51,053] {logging_mixin.py:104} INFO - [2021-04-01 00:21:51,053] {dagbag.py:448} INFO - Filling up the DagBag from /home/airflow/.local/lib/python3.6/site-packages/airflow/example_dags/example_xcomargs.py
[2021-04-01 00:21:51,060] {scheduler_job.py:639} INFO - DAG(s) dict_keys(['example_xcom_args', 'example_xcom_args_with_operators']) retrieved from /home/airflow/.local/lib/python3.6/site-packages/airflow/example_dags/example_xcomargs.py
[2021-04-01 00:21:51,073] {logging_mixin.py:104} INFO - [2021-04-01 00:21:51,073] {dag.py:1818} INFO - Sync 2 DAGs
[2021-04-01 00:21:51,081] {logging_mixin.py:104} INFO - [2021-04-01 00:21:51,080] {dag.py:2273} INFO - Setting next_dagrun for example_xcom_args to None
[2021-04-01 00:21:51,081] {logging_mixin.py:104} INFO - [2021-04-01 00:21:51,081] {dag.py:2273} INFO - Setting next_dagrun for example_xcom_args_with_operators to None
[2021-04-01 00:21:51,088] {scheduler_job.py:190} INFO - Processing /home/airflow/.local/lib/python3.6/site-packages/airflow/example_dags/example_xcomargs.py took 0.037 seconds
[2021-04-01 00:22:21,656] {scheduler_job.py:182} INFO - Started process (PID=198) to work on /home/airflow/.local/lib/python3.6/site-packages/airflow/example_dags/example_xcomargs.py
[2021-04-01 00:22:21,657] {scheduler_job.py:629} INFO - Processing file /home/airflow/.local/lib/python3.6/site-packages/airflow/example_dags/example_xcomargs.py for tasks to queue
[2021-04-01 00:22:21,657] {logging_mixin.py:104} INFO - [2021-04-01 00:22:21,657] {dagbag.py:448} INFO - Filling up the DagBag from /home/airflow/.local/lib/python3.6/site-packages/airflow/example_dags/example_xcomargs.py
[2021-04-01 00:22:21,664] {scheduler_job.py:639} INFO - DAG(s) dict_keys(['example_xcom_args', 'example_xcom_args_with_operators']) retrieved from /home/airflow/.local/lib/python3.6/site-packages/airflow/example_dags/example_xcomargs.py
[2021-04-01 00:22:21,679] {logging_mixin.py:104} INFO - [2021-04-01 00:22:21,679] {dag.py:1818} INFO - Sync 2 DAGs
[2021-04-01 00:22:21,687] {logging_mixin.py:104} INFO - [2021-04-01 00:22:21,687] {dag.py:2273} INFO - Setting next_dagrun for example_xcom_args to None
[2021-04-01 00:22:21,687] {logging_mixin.py:104} INFO - [2021-04-01 00:22:21,687] {dag.py:2273} INFO - Setting next_dagrun for example_xcom_args_with_operators to None
[2021-04-01 00:22:21,693] {scheduler_job.py:190} INFO - Processing /home/airflow/.local/lib/python3.6/site-packages/airflow/example_dags/example_xcomargs.py took 0.038 seconds
[2021-04-01 00:22:52,320] {scheduler_job.py:182} INFO - Started process (PID=224) to work on /home/airflow/.local/lib/python3.6/site-packages/airflow/example_dags/example_xcomargs.py
[2021-04-01 00:22:52,321] {scheduler_job.py:629} INFO - Processing file /home/airflow/.local/lib/python3.6/site-packages/airflow/example_dags/example_xcomargs.py for tasks to queue
[2021-04-01 00:22:52,321] {logging_mixin.py:104} INFO - [2021-04-01 00:22:52,321] {dagbag.py:448} INFO - Filling up the DagBag from /home/airflow/.local/lib/python3.6/site-packages/airflow/example_dags/example_xcomargs.py
[2021-04-01 00:22:52,328] {scheduler_job.py:639} INFO - DAG(s) dict_keys(['example_xcom_args', 'example_xcom_args_with_operators']) retrieved from /home/airflow/.local/lib/python3.6/site-packages/airflow/example_dags/example_xcomargs.py
[2021-04-01 00:22:52,340] {logging_mixin.py:104} INFO - [2021-04-01 00:22:52,340] {dag.py:1818} INFO - Sync 2 DAGs
[2021-04-01 00:22:52,348] {logging_mixin.py:104} INFO - [2021-04-01 00:22:52,348] {dag.py:2273} INFO - Setting next_dagrun for example_xcom_args to None
[2021-04-01 00:22:52,349] {logging_mixin.py:104} INFO - [2021-04-01 00:22:52,349] {dag.py:2273} INFO - Setting next_dagrun for example_xcom_args_with_operators to None
[2021-04-01 00:22:52,355] {scheduler_job.py:190} INFO - Processing /home/airflow/.local/lib/python3.6/site-packages/airflow/example_dags/example_xcomargs.py took 0.037 seconds
[2021-04-01 00:23:22,953] {scheduler_job.py:182} INFO - Started process (PID=250) to work on /home/airflow/.local/lib/python3.6/site-packages/airflow/example_dags/example_xcomargs.py
[2021-04-01 00:23:22,953] {scheduler_job.py:629} INFO - Processing file /home/airflow/.local/lib/python3.6/site-packages/airflow/example_dags/example_xcomargs.py for tasks to queue
[2021-04-01 00:23:22,954] {logging_mixin.py:104} INFO - [2021-04-01 00:23:22,954] {dagbag.py:448} INFO - Filling up the DagBag from /home/airflow/.local/lib/python3.6/site-packages/airflow/example_dags/example_xcomargs.py
[2021-04-01 00:23:22,961] {scheduler_job.py:639} INFO - DAG(s) dict_keys(['example_xcom_args', 'example_xcom_args_with_operators']) retrieved from /home/airflow/.local/lib/python3.6/site-packages/airflow/example_dags/example_xcomargs.py
[2021-04-01 00:23:22,973] {logging_mixin.py:104} INFO - [2021-04-01 00:23:22,973] {dag.py:1818} INFO - Sync 2 DAGs
[2021-04-01 00:23:22,980] {logging_mixin.py:104} INFO - [2021-04-01 00:23:22,980] {dag.py:2273} INFO - Setting next_dagrun for example_xcom_args to None
[2021-04-01 00:23:22,980] {logging_mixin.py:104} INFO - [2021-04-01 00:23:22,980] {dag.py:2273} INFO - Setting next_dagrun for example_xcom_args_with_operators to None
[2021-04-01 00:23:22,987] {scheduler_job.py:190} INFO - Processing /home/airflow/.local/lib/python3.6/site-packages/airflow/example_dags/example_xcomargs.py took 0.035 seconds
[2021-04-01 00:23:53,589] {scheduler_job.py:182} INFO - Started process (PID=276) to work on /home/airflow/.local/lib/python3.6/site-packages/airflow/example_dags/example_xcomargs.py
[2021-04-01 00:23:53,590] {scheduler_job.py:629} INFO - Processing file /home/airflow/.local/lib/python3.6/site-packages/airflow/example_dags/example_xcomargs.py for tasks to queue
[2021-04-01 00:23:53,590] {logging_mixin.py:104} INFO - [2021-04-01 00:23:53,590] {dagbag.py:448} INFO - Filling up the DagBag from /home/airflow/.local/lib/python3.6/site-packages/airflow/example_dags/example_xcomargs.py
[2021-04-01 00:23:53,597] {scheduler_job.py:639} INFO - DAG(s) dict_keys(['example_xcom_args', 'example_xcom_args_with_operators']) retrieved from /home/airflow/.local/lib/python3.6/site-packages/airflow/example_dags/example_xcomargs.py
[2021-04-01 00:23:53,610] {logging_mixin.py:104} INFO - [2021-04-01 00:23:53,610] {dag.py:1818} INFO - Sync 2 DAGs
[2021-04-01 00:23:53,617] {logging_mixin.py:104} INFO - [2021-04-01 00:23:53,617] {dag.py:2273} INFO - Setting next_dagrun for example_xcom_args to None
[2021-04-01 00:23:53,617] {logging_mixin.py:104} INFO - [2021-04-01 00:23:53,617] {dag.py:2273} INFO - Setting next_dagrun for example_xcom_args_with_operators to None
[2021-04-01 00:23:53,624] {scheduler_job.py:190} INFO - Processing /home/airflow/.local/lib/python3.6/site-packages/airflow/example_dags/example_xcomargs.py took 0.036 seconds
[2021-04-01 00:24:24,306] {scheduler_job.py:182} INFO - Started process (PID=302) to work on /home/airflow/.local/lib/python3.6/site-packages/airflow/example_dags/example_xcomargs.py
[2021-04-01 00:24:24,306] {scheduler_job.py:629} INFO - Processing file /home/airflow/.local/lib/python3.6/site-packages/airflow/example_dags/example_xcomargs.py for tasks to queue
[2021-04-01 00:24:24,306] {logging_mixin.py:104} INFO - [2021-04-01 00:24:24,306] {dagbag.py:448} INFO - Filling up the DagBag from /home/airflow/.local/lib/python3.6/site-packages/airflow/example_dags/example_xcomargs.py
[2021-04-01 00:24:24,313] {scheduler_job.py:639} INFO - DAG(s) dict_keys(['example_xcom_args', 'example_xcom_args_with_operators']) retrieved from /home/airflow/.local/lib/python3.6/site-packages/airflow/example_dags/example_xcomargs.py
[2021-04-01 00:24:24,326] {logging_mixin.py:104} INFO - [2021-04-01 00:24:24,326] {dag.py:1818} INFO - Sync 2 DAGs
[2021-04-01 00:24:24,334] {logging_mixin.py:104} INFO - [2021-04-01 00:24:24,334] {dag.py:2273} INFO - Setting next_dagrun for example_xcom_args to None
[2021-04-01 00:24:24,335] {logging_mixin.py:104} INFO - [2021-04-01 00:24:24,335] {dag.py:2273} INFO - Setting next_dagrun for example_xcom_args_with_operators to None
[2021-04-01 00:24:24,342] {scheduler_job.py:190} INFO - Processing /home/airflow/.local/lib/python3.6/site-packages/airflow/example_dags/example_xcomargs.py took 0.038 seconds
[2021-04-01 00:24:54,925] {scheduler_job.py:182} INFO - Started process (PID=328) to work on /home/airflow/.local/lib/python3.6/site-packages/airflow/example_dags/example_xcomargs.py
[2021-04-01 00:24:54,926] {scheduler_job.py:629} INFO - Processing file /home/airflow/.local/lib/python3.6/site-packages/airflow/example_dags/example_xcomargs.py for tasks to queue
[2021-04-01 00:24:54,926] {logging_mixin.py:104} INFO - [2021-04-01 00:24:54,926] {dagbag.py:448} INFO - Filling up the DagBag from /home/airflow/.local/lib/python3.6/site-packages/airflow/example_dags/example_xcomargs.py
[2021-04-01 00:24:54,933] {scheduler_job.py:639} INFO - DAG(s) dict_keys(['example_xcom_args', 'example_xcom_args_with_operators']) retrieved from /home/airflow/.local/lib/python3.6/site-packages/airflow/example_dags/example_xcomargs.py
[2021-04-01 00:24:54,946] {logging_mixin.py:104} INFO - [2021-04-01 00:24:54,946] {dag.py:1818} INFO - Sync 2 DAGs
[2021-04-01 00:24:54,953] {logging_mixin.py:104} INFO - [2021-04-01 00:24:54,953] {dag.py:2273} INFO - Setting next_dagrun for example_xcom_args to None
[2021-04-01 00:24:54,954] {logging_mixin.py:104} INFO - [2021-04-01 00:24:54,954] {dag.py:2273} INFO - Setting next_dagrun for example_xcom_args_with_operators to None
[2021-04-01 00:24:54,961] {scheduler_job.py:190} INFO - Processing /home/airflow/.local/lib/python3.6/site-packages/airflow/example_dags/example_xcomargs.py took 0.037 seconds
[2021-04-01 00:25:25,555] {scheduler_job.py:182} INFO - Started process (PID=354) to work on /home/airflow/.local/lib/python3.6/site-packages/airflow/example_dags/example_xcomargs.py
[2021-04-01 00:25:25,555] {scheduler_job.py:629} INFO - Processing file /home/airflow/.local/lib/python3.6/site-packages/airflow/example_dags/example_xcomargs.py for tasks to queue
[2021-04-01 00:25:25,555] {logging_mixin.py:104} INFO - [2021-04-01 00:25:25,555] {dagbag.py:448} INFO - Filling up the DagBag from /home/airflow/.local/lib/python3.6/site-packages/airflow/example_dags/example_xcomargs.py
[2021-04-01 00:25:25,562] {scheduler_job.py:639} INFO - DAG(s) dict_keys(['example_xcom_args', 'example_xcom_args_with_operators']) retrieved from /home/airflow/.local/lib/python3.6/site-packages/airflow/example_dags/example_xcomargs.py
[2021-04-01 00:25:25,576] {logging_mixin.py:104} INFO - [2021-04-01 00:25:25,576] {dag.py:1818} INFO - Sync 2 DAGs
[2021-04-01 00:25:25,585] {logging_mixin.py:104} INFO - [2021-04-01 00:25:25,585] {dag.py:2273} INFO - Setting next_dagrun for example_xcom_args to None
[2021-04-01 00:25:25,585] {logging_mixin.py:104} INFO - [2021-04-01 00:25:25,585] {dag.py:2273} INFO - Setting next_dagrun for example_xcom_args_with_operators to None
[2021-04-01 00:25:25,592] {scheduler_job.py:190} INFO - Processing /home/airflow/.local/lib/python3.6/site-packages/airflow/example_dags/example_xcomargs.py took 0.039 seconds
[2021-04-01 00:25:56,186] {scheduler_job.py:182} INFO - Started process (PID=380) to work on /home/airflow/.local/lib/python3.6/site-packages/airflow/example_dags/example_xcomargs.py
[2021-04-01 00:25:56,186] {scheduler_job.py:629} INFO - Processing file /home/airflow/.local/lib/python3.6/site-packages/airflow/example_dags/example_xcomargs.py for tasks to queue
[2021-04-01 00:25:56,186] {logging_mixin.py:104} INFO - [2021-04-01 00:25:56,186] {dagbag.py:448} INFO - Filling up the DagBag from /home/airflow/.local/lib/python3.6/site-packages/airflow/example_dags/example_xcomargs.py
[2021-04-01 00:25:56,193] {scheduler_job.py:639} INFO - DAG(s) dict_keys(['example_xcom_args', 'example_xcom_args_with_operators']) retrieved from /home/airflow/.local/lib/python3.6/site-packages/airflow/example_dags/example_xcomargs.py
[2021-04-01 00:25:56,206] {logging_mixin.py:104} INFO - [2021-04-01 00:25:56,206] {dag.py:1818} INFO - Sync 2 DAGs
[2021-04-01 00:25:56,215] {logging_mixin.py:104} INFO - [2021-04-01 00:25:56,215] {dag.py:2273} INFO - Setting next_dagrun for example_xcom_args to None
[2021-04-01 00:25:56,215] {logging_mixin.py:104} INFO - [2021-04-01 00:25:56,215] {dag.py:2273} INFO - Setting next_dagrun for example_xcom_args_with_operators to None
[2021-04-01 00:25:56,222] {scheduler_job.py:190} INFO - Processing /home/airflow/.local/lib/python3.6/site-packages/airflow/example_dags/example_xcomargs.py took 0.037 seconds
[2021-04-01 00:26:26,808] {scheduler_job.py:182} INFO - Started process (PID=406) to work on /home/airflow/.local/lib/python3.6/site-packages/airflow/example_dags/example_xcomargs.py
[2021-04-01 00:26:26,808] {scheduler_job.py:629} INFO - Processing file /home/airflow/.local/lib/python3.6/site-packages/airflow/example_dags/example_xcomargs.py for tasks to queue
[2021-04-01 00:26:26,809] {logging_mixin.py:104} INFO - [2021-04-01 00:26:26,809] {dagbag.py:448} INFO - Filling up the DagBag from /home/airflow/.local/lib/python3.6/site-packages/airflow/example_dags/example_xcomargs.py
[2021-04-01 00:26:26,815] {scheduler_job.py:639} INFO - DAG(s) dict_keys(['example_xcom_args', 'example_xcom_args_with_operators']) retrieved from /home/airflow/.local/lib/python3.6/site-packages/airflow/example_dags/example_xcomargs.py
[2021-04-01 00:26:26,828] {logging_mixin.py:104} INFO - [2021-04-01 00:26:26,828] {dag.py:1818} INFO - Sync 2 DAGs
[2021-04-01 00:26:26,836] {logging_mixin.py:104} INFO - [2021-04-01 00:26:26,836] {dag.py:2273} INFO - Setting next_dagrun for example_xcom_args to None
[2021-04-01 00:26:26,837] {logging_mixin.py:104} INFO - [2021-04-01 00:26:26,837] {dag.py:2273} INFO - Setting next_dagrun for example_xcom_args_with_operators to None
[2021-04-01 00:26:26,843] {scheduler_job.py:190} INFO - Processing /home/airflow/.local/lib/python3.6/site-packages/airflow/example_dags/example_xcomargs.py took 0.037 seconds
[2021-04-01 00:26:57,466] {scheduler_job.py:182} INFO - Started process (PID=432) to work on /home/airflow/.local/lib/python3.6/site-packages/airflow/example_dags/example_xcomargs.py
[2021-04-01 00:26:57,466] {scheduler_job.py:629} INFO - Processing file /home/airflow/.local/lib/python3.6/site-packages/airflow/example_dags/example_xcomargs.py for tasks to queue
[2021-04-01 00:26:57,466] {logging_mixin.py:104} INFO - [2021-04-01 00:26:57,466] {dagbag.py:448} INFO - Filling up the DagBag from /home/airflow/.local/lib/python3.6/site-packages/airflow/example_dags/example_xcomargs.py
[2021-04-01 00:26:57,473] {scheduler_job.py:639} INFO - DAG(s) dict_keys(['example_xcom_args', 'example_xcom_args_with_operators']) retrieved from /home/airflow/.local/lib/python3.6/site-packages/airflow/example_dags/example_xcomargs.py
[2021-04-01 00:26:57,487] {logging_mixin.py:104} INFO - [2021-04-01 00:26:57,487] {dag.py:1818} INFO - Sync 2 DAGs
[2021-04-01 00:26:57,494] {logging_mixin.py:104} INFO - [2021-04-01 00:26:57,494] {dag.py:2273} INFO - Setting next_dagrun for example_xcom_args to None
[2021-04-01 00:26:57,495] {logging_mixin.py:104} INFO - [2021-04-01 00:26:57,495] {dag.py:2273} INFO - Setting next_dagrun for example_xcom_args_with_operators to None
[2021-04-01 00:26:57,501] {scheduler_job.py:190} INFO - Processing /home/airflow/.local/lib/python3.6/site-packages/airflow/example_dags/example_xcomargs.py took 0.036 seconds
[2021-04-01 00:27:28,125] {scheduler_job.py:182} INFO - Started process (PID=458) to work on /home/airflow/.local/lib/python3.6/site-packages/airflow/example_dags/example_xcomargs.py
[2021-04-01 00:27:28,125] {scheduler_job.py:629} INFO - Processing file /home/airflow/.local/lib/python3.6/site-packages/airflow/example_dags/example_xcomargs.py for tasks to queue
[2021-04-01 00:27:28,126] {logging_mixin.py:104} INFO - [2021-04-01 00:27:28,126] {dagbag.py:448} INFO - Filling up the DagBag from /home/airflow/.local/lib/python3.6/site-packages/airflow/example_dags/example_xcomargs.py
[2021-04-01 00:27:28,133] {scheduler_job.py:639} INFO - DAG(s) dict_keys(['example_xcom_args', 'example_xcom_args_with_operators']) retrieved from /home/airflow/.local/lib/python3.6/site-packages/airflow/example_dags/example_xcomargs.py
[2021-04-01 00:27:28,147] {logging_mixin.py:104} INFO - [2021-04-01 00:27:28,147] {dag.py:1818} INFO - Sync 2 DAGs
[2021-04-01 00:27:28,154] {logging_mixin.py:104} INFO - [2021-04-01 00:27:28,154] {dag.py:2273} INFO - Setting next_dagrun for example_xcom_args to None
[2021-04-01 00:27:28,154] {logging_mixin.py:104} INFO - [2021-04-01 00:27:28,154] {dag.py:2273} INFO - Setting next_dagrun for example_xcom_args_with_operators to None
[2021-04-01 00:27:28,161] {scheduler_job.py:190} INFO - Processing /home/airflow/.local/lib/python3.6/site-packages/airflow/example_dags/example_xcomargs.py took 0.037 seconds
[2021-04-01 00:27:58,777] {scheduler_job.py:182} INFO - Started process (PID=484) to work on /home/airflow/.local/lib/python3.6/site-packages/airflow/example_dags/example_xcomargs.py
[2021-04-01 00:27:58,778] {scheduler_job.py:629} INFO - Processing file /home/airflow/.local/lib/python3.6/site-packages/airflow/example_dags/example_xcomargs.py for tasks to queue
[2021-04-01 00:27:58,778] {logging_mixin.py:104} INFO - [2021-04-01 00:27:58,778] {dagbag.py:448} INFO - Filling up the DagBag from /home/airflow/.local/lib/python3.6/site-packages/airflow/example_dags/example_xcomargs.py
[2021-04-01 00:27:58,785] {scheduler_job.py:639} INFO - DAG(s) dict_keys(['example_xcom_args', 'example_xcom_args_with_operators']) retrieved from /home/airflow/.local/lib/python3.6/site-packages/airflow/example_dags/example_xcomargs.py
[2021-04-01 00:27:58,799] {logging_mixin.py:104} INFO - [2021-04-01 00:27:58,799] {dag.py:1818} INFO - Sync 2 DAGs
[2021-04-01 00:27:58,807] {logging_mixin.py:104} INFO - [2021-04-01 00:27:58,807] {dag.py:2273} INFO - Setting next_dagrun for example_xcom_args to None
[2021-04-01 00:27:58,807] {logging_mixin.py:104} INFO - [2021-04-01 00:27:58,807] {dag.py:2273} INFO - Setting next_dagrun for example_xcom_args_with_operators to None
[2021-04-01 00:27:58,814] {scheduler_job.py:190} INFO - Processing /home/airflow/.local/lib/python3.6/site-packages/airflow/example_dags/example_xcomargs.py took 0.038 seconds
[2021-04-01 00:28:29,412] {scheduler_job.py:182} INFO - Started process (PID=510) to work on /home/airflow/.local/lib/python3.6/site-packages/airflow/example_dags/example_xcomargs.py
[2021-04-01 00:28:29,412] {scheduler_job.py:629} INFO - Processing file /home/airflow/.local/lib/python3.6/site-packages/airflow/example_dags/example_xcomargs.py for tasks to queue
[2021-04-01 00:28:29,412] {logging_mixin.py:104} INFO - [2021-04-01 00:28:29,412] {dagbag.py:448} INFO - Filling up the DagBag from /home/airflow/.local/lib/python3.6/site-packages/airflow/example_dags/example_xcomargs.py
[2021-04-01 00:28:29,420] {scheduler_job.py:639} INFO - DAG(s) dict_keys(['example_xcom_args', 'example_xcom_args_with_operators']) retrieved from /home/airflow/.local/lib/python3.6/site-packages/airflow/example_dags/example_xcomargs.py
[2021-04-01 00:28:29,434] {logging_mixin.py:104} INFO - [2021-04-01 00:28:29,434] {dag.py:1818} INFO - Sync 2 DAGs
[2021-04-01 00:28:29,441] {logging_mixin.py:104} INFO - [2021-04-01 00:28:29,441] {dag.py:2273} INFO - Setting next_dagrun for example_xcom_args to None
[2021-04-01 00:28:29,441] {logging_mixin.py:104} INFO - [2021-04-01 00:28:29,441] {dag.py:2273} INFO - Setting next_dagrun for example_xcom_args_with_operators to None
[2021-04-01 00:28:29,449] {scheduler_job.py:190} INFO - Processing /home/airflow/.local/lib/python3.6/site-packages/airflow/example_dags/example_xcomargs.py took 0.039 seconds
[2021-04-01 00:29:00,054] {scheduler_job.py:182} INFO - Started process (PID=536) to work on /home/airflow/.local/lib/python3.6/site-packages/airflow/example_dags/example_xcomargs.py
[2021-04-01 00:29:00,055] {scheduler_job.py:629} INFO - Processing file /home/airflow/.local/lib/python3.6/site-packages/airflow/example_dags/example_xcomargs.py for tasks to queue
[2021-04-01 00:29:00,055] {logging_mixin.py:104} INFO - [2021-04-01 00:29:00,055] {dagbag.py:448} INFO - Filling up the DagBag from /home/airflow/.local/lib/python3.6/site-packages/airflow/example_dags/example_xcomargs.py
[2021-04-01 00:29:00,062] {scheduler_job.py:639} INFO - DAG(s) dict_keys(['example_xcom_args', 'example_xcom_args_with_operators']) retrieved from /home/airflow/.local/lib/python3.6/site-packages/airflow/example_dags/example_xcomargs.py
[2021-04-01 00:29:00,075] {logging_mixin.py:104} INFO - [2021-04-01 00:29:00,075] {dag.py:1818} INFO - Sync 2 DAGs
[2021-04-01 00:29:00,083] {logging_mixin.py:104} INFO - [2021-04-01 00:29:00,083] {dag.py:2273} INFO - Setting next_dagrun for example_xcom_args to None
[2021-04-01 00:29:00,084] {logging_mixin.py:104} INFO - [2021-04-01 00:29:00,084] {dag.py:2273} INFO - Setting next_dagrun for example_xcom_args_with_operators to None
[2021-04-01 00:29:00,091] {scheduler_job.py:190} INFO - Processing /home/airflow/.local/lib/python3.6/site-packages/airflow/example_dags/example_xcomargs.py took 0.038 seconds
[2021-04-01 00:29:30,737] {scheduler_job.py:182} INFO - Started process (PID=562) to work on /home/airflow/.local/lib/python3.6/site-packages/airflow/example_dags/example_xcomargs.py
[2021-04-01 00:29:30,737] {scheduler_job.py:629} INFO - Processing file /home/airflow/.local/lib/python3.6/site-packages/airflow/example_dags/example_xcomargs.py for tasks to queue
[2021-04-01 00:29:30,737] {logging_mixin.py:104} INFO - [2021-04-01 00:29:30,737] {dagbag.py:448} INFO - Filling up the DagBag from /home/airflow/.local/lib/python3.6/site-packages/airflow/example_dags/example_xcomargs.py
[2021-04-01 00:29:30,744] {scheduler_job.py:639} INFO - DAG(s) dict_keys(['example_xcom_args', 'example_xcom_args_with_operators']) retrieved from /home/airflow/.local/lib/python3.6/site-packages/airflow/example_dags/example_xcomargs.py
[2021-04-01 00:29:30,758] {logging_mixin.py:104} INFO - [2021-04-01 00:29:30,758] {dag.py:1818} INFO - Sync 2 DAGs
[2021-04-01 00:29:30,765] {logging_mixin.py:104} INFO - [2021-04-01 00:29:30,765] {dag.py:2273} INFO - Setting next_dagrun for example_xcom_args to None
[2021-04-01 00:29:30,765] {logging_mixin.py:104} INFO - [2021-04-01 00:29:30,765] {dag.py:2273} INFO - Setting next_dagrun for example_xcom_args_with_operators to None
[2021-04-01 00:29:30,772] {scheduler_job.py:190} INFO - Processing /home/airflow/.local/lib/python3.6/site-packages/airflow/example_dags/example_xcomargs.py took 0.037 seconds
[2021-04-01 00:30:01,373] {scheduler_job.py:182} INFO - Started process (PID=588) to work on /home/airflow/.local/lib/python3.6/site-packages/airflow/example_dags/example_xcomargs.py
[2021-04-01 00:30:01,373] {scheduler_job.py:629} INFO - Processing file /home/airflow/.local/lib/python3.6/site-packages/airflow/example_dags/example_xcomargs.py for tasks to queue
[2021-04-01 00:30:01,373] {logging_mixin.py:104} INFO - [2021-04-01 00:30:01,373] {dagbag.py:448} INFO - Filling up the DagBag from /home/airflow/.local/lib/python3.6/site-packages/airflow/example_dags/example_xcomargs.py
[2021-04-01 00:30:01,381] {scheduler_job.py:639} INFO - DAG(s) dict_keys(['example_xcom_args', 'example_xcom_args_with_operators']) retrieved from /home/airflow/.local/lib/python3.6/site-packages/airflow/example_dags/example_xcomargs.py
[2021-04-01 00:30:01,394] {logging_mixin.py:104} INFO - [2021-04-01 00:30:01,394] {dag.py:1818} INFO - Sync 2 DAGs
[2021-04-01 00:30:01,401] {logging_mixin.py:104} INFO - [2021-04-01 00:30:01,401] {dag.py:2273} INFO - Setting next_dagrun for example_xcom_args to None
[2021-04-01 00:30:01,402] {logging_mixin.py:104} INFO - [2021-04-01 00:30:01,402] {dag.py:2273} INFO - Setting next_dagrun for example_xcom_args_with_operators to None
[2021-04-01 00:30:01,408] {scheduler_job.py:190} INFO - Processing /home/airflow/.local/lib/python3.6/site-packages/airflow/example_dags/example_xcomargs.py took 0.037 seconds
[2021-04-01 00:30:32,009] {scheduler_job.py:182} INFO - Started process (PID=614) to work on /home/airflow/.local/lib/python3.6/site-packages/airflow/example_dags/example_xcomargs.py
[2021-04-01 00:30:32,009] {scheduler_job.py:629} INFO - Processing file /home/airflow/.local/lib/python3.6/site-packages/airflow/example_dags/example_xcomargs.py for tasks to queue
[2021-04-01 00:30:32,010] {logging_mixin.py:104} INFO - [2021-04-01 00:30:32,010] {dagbag.py:448} INFO - Filling up the DagBag from /home/airflow/.local/lib/python3.6/site-packages/airflow/example_dags/example_xcomargs.py
[2021-04-01 00:30:32,018] {scheduler_job.py:639} INFO - DAG(s) dict_keys(['example_xcom_args', 'example_xcom_args_with_operators']) retrieved from /home/airflow/.local/lib/python3.6/site-packages/airflow/example_dags/example_xcomargs.py
[2021-04-01 00:30:32,031] {logging_mixin.py:104} INFO - [2021-04-01 00:30:32,030] {dag.py:1818} INFO - Sync 2 DAGs
[2021-04-01 00:30:32,038] {logging_mixin.py:104} INFO - [2021-04-01 00:30:32,038] {dag.py:2273} INFO - Setting next_dagrun for example_xcom_args to None
[2021-04-01 00:30:32,038] {logging_mixin.py:104} INFO - [2021-04-01 00:30:32,038] {dag.py:2273} INFO - Setting next_dagrun for example_xcom_args_with_operators to None
[2021-04-01 00:30:32,046] {scheduler_job.py:190} INFO - Processing /home/airflow/.local/lib/python3.6/site-packages/airflow/example_dags/example_xcomargs.py took 0.038 seconds
[2021-04-01 00:31:02,637] {scheduler_job.py:182} INFO - Started process (PID=640) to work on /home/airflow/.local/lib/python3.6/site-packages/airflow/example_dags/example_xcomargs.py
[2021-04-01 00:31:02,638] {scheduler_job.py:629} INFO - Processing file /home/airflow/.local/lib/python3.6/site-packages/airflow/example_dags/example_xcomargs.py for tasks to queue
[2021-04-01 00:31:02,638] {logging_mixin.py:104} INFO - [2021-04-01 00:31:02,638] {dagbag.py:448} INFO - Filling up the DagBag from /home/airflow/.local/lib/python3.6/site-packages/airflow/example_dags/example_xcomargs.py
[2021-04-01 00:31:02,646] {scheduler_job.py:639} INFO - DAG(s) dict_keys(['example_xcom_args', 'example_xcom_args_with_operators']) retrieved from /home/airflow/.local/lib/python3.6/site-packages/airflow/example_dags/example_xcomargs.py
[2021-04-01 00:31:02,658] {logging_mixin.py:104} INFO - [2021-04-01 00:31:02,658] {dag.py:1818} INFO - Sync 2 DAGs
[2021-04-01 00:31:02,666] {logging_mixin.py:104} INFO - [2021-04-01 00:31:02,666] {dag.py:2273} INFO - Setting next_dagrun for example_xcom_args to None
[2021-04-01 00:31:02,666] {logging_mixin.py:104} INFO - [2021-04-01 00:31:02,666] {dag.py:2273} INFO - Setting next_dagrun for example_xcom_args_with_operators to None
[2021-04-01 00:31:02,673] {scheduler_job.py:190} INFO - Processing /home/airflow/.local/lib/python3.6/site-packages/airflow/example_dags/example_xcomargs.py took 0.037 seconds
[2021-04-01 00:31:33,266] {scheduler_job.py:182} INFO - Started process (PID=666) to work on /home/airflow/.local/lib/python3.6/site-packages/airflow/example_dags/example_xcomargs.py
[2021-04-01 00:31:33,267] {scheduler_job.py:629} INFO - Processing file /home/airflow/.local/lib/python3.6/site-packages/airflow/example_dags/example_xcomargs.py for tasks to queue
[2021-04-01 00:31:33,267] {logging_mixin.py:104} INFO - [2021-04-01 00:31:33,267] {dagbag.py:448} INFO - Filling up the DagBag from /home/airflow/.local/lib/python3.6/site-packages/airflow/example_dags/example_xcomargs.py
[2021-04-01 00:31:33,274] {scheduler_job.py:639} INFO - DAG(s) dict_keys(['example_xcom_args', 'example_xcom_args_with_operators']) retrieved from /home/airflow/.local/lib/python3.6/site-packages/airflow/example_dags/example_xcomargs.py
[2021-04-01 00:31:33,287] {logging_mixin.py:104} INFO - [2021-04-01 00:31:33,287] {dag.py:1818} INFO - Sync 2 DAGs
[2021-04-01 00:31:33,294] {logging_mixin.py:104} INFO - [2021-04-01 00:31:33,294] {dag.py:2273} INFO - Setting next_dagrun for example_xcom_args to None
[2021-04-01 00:31:33,295] {logging_mixin.py:104} INFO - [2021-04-01 00:31:33,295] {dag.py:2273} INFO - Setting next_dagrun for example_xcom_args_with_operators to None
[2021-04-01 00:31:33,302] {scheduler_job.py:190} INFO - Processing /home/airflow/.local/lib/python3.6/site-packages/airflow/example_dags/example_xcomargs.py took 0.037 seconds
