[2021-04-03 12:21:06,679] {scheduler_job.py:182} INFO - Started process (PID=53) to work on /home/airflow/.local/lib/python3.6/site-packages/airflow/example_dags/example_kubernetes_executor_config.py
[2021-04-03 12:21:06,679] {scheduler_job.py:629} INFO - Processing file /home/airflow/.local/lib/python3.6/site-packages/airflow/example_dags/example_kubernetes_executor_config.py for tasks to queue
[2021-04-03 12:21:06,680] {logging_mixin.py:104} INFO - [2021-04-03 12:21:06,680] {dagbag.py:448} INFO - Filling up the DagBag from /home/airflow/.local/lib/python3.6/site-packages/airflow/example_dags/example_kubernetes_executor_config.py
[2021-04-03 12:21:06,686] {scheduler_job.py:639} INFO - DAG(s) dict_keys(['example_kubernetes_executor_config']) retrieved from /home/airflow/.local/lib/python3.6/site-packages/airflow/example_dags/example_kubernetes_executor_config.py
[2021-04-03 12:21:06,699] {logging_mixin.py:104} INFO - [2021-04-03 12:21:06,699] {dag.py:1818} INFO - Sync 1 DAGs
[2021-04-03 12:21:06,706] {logging_mixin.py:104} INFO - [2021-04-03 12:21:06,706] {dag.py:2273} INFO - Setting next_dagrun for example_kubernetes_executor_config to None
[2021-04-03 12:21:06,713] {scheduler_job.py:190} INFO - Processing /home/airflow/.local/lib/python3.6/site-packages/airflow/example_dags/example_kubernetes_executor_config.py took 0.035 seconds
[2021-04-03 15:21:20,975] {scheduler_job.py:182} INFO - Started process (PID=79) to work on /home/airflow/.local/lib/python3.6/site-packages/airflow/example_dags/example_kubernetes_executor_config.py
[2021-04-03 15:21:20,975] {scheduler_job.py:629} INFO - Processing file /home/airflow/.local/lib/python3.6/site-packages/airflow/example_dags/example_kubernetes_executor_config.py for tasks to queue
[2021-04-03 15:21:20,976] {logging_mixin.py:104} INFO - [2021-04-03 15:21:20,976] {dagbag.py:448} INFO - Filling up the DagBag from /home/airflow/.local/lib/python3.6/site-packages/airflow/example_dags/example_kubernetes_executor_config.py
[2021-04-03 15:21:20,986] {scheduler_job.py:639} INFO - DAG(s) dict_keys(['example_kubernetes_executor_config']) retrieved from /home/airflow/.local/lib/python3.6/site-packages/airflow/example_dags/example_kubernetes_executor_config.py
[2021-04-03 15:21:21,000] {logging_mixin.py:104} INFO - [2021-04-03 15:21:21,000] {dag.py:1818} INFO - Sync 1 DAGs
[2021-04-03 15:21:21,011] {logging_mixin.py:104} INFO - [2021-04-03 15:21:21,011] {dag.py:2273} INFO - Setting next_dagrun for example_kubernetes_executor_config to None
[2021-04-03 15:21:21,019] {scheduler_job.py:190} INFO - Processing /home/airflow/.local/lib/python3.6/site-packages/airflow/example_dags/example_kubernetes_executor_config.py took 0.046 seconds
[2021-04-03 15:21:51,645] {scheduler_job.py:182} INFO - Started process (PID=105) to work on /home/airflow/.local/lib/python3.6/site-packages/airflow/example_dags/example_kubernetes_executor_config.py
[2021-04-03 15:21:51,645] {scheduler_job.py:629} INFO - Processing file /home/airflow/.local/lib/python3.6/site-packages/airflow/example_dags/example_kubernetes_executor_config.py for tasks to queue
[2021-04-03 15:21:51,646] {logging_mixin.py:104} INFO - [2021-04-03 15:21:51,646] {dagbag.py:448} INFO - Filling up the DagBag from /home/airflow/.local/lib/python3.6/site-packages/airflow/example_dags/example_kubernetes_executor_config.py
[2021-04-03 15:21:51,653] {scheduler_job.py:639} INFO - DAG(s) dict_keys(['example_kubernetes_executor_config']) retrieved from /home/airflow/.local/lib/python3.6/site-packages/airflow/example_dags/example_kubernetes_executor_config.py
[2021-04-03 15:21:51,664] {logging_mixin.py:104} INFO - [2021-04-03 15:21:51,664] {dag.py:1818} INFO - Sync 1 DAGs
[2021-04-03 15:21:51,671] {logging_mixin.py:104} INFO - [2021-04-03 15:21:51,671] {dag.py:2273} INFO - Setting next_dagrun for example_kubernetes_executor_config to None
[2021-04-03 15:21:51,677] {scheduler_job.py:190} INFO - Processing /home/airflow/.local/lib/python3.6/site-packages/airflow/example_dags/example_kubernetes_executor_config.py took 0.033 seconds
[2021-04-03 15:22:22,228] {scheduler_job.py:182} INFO - Started process (PID=131) to work on /home/airflow/.local/lib/python3.6/site-packages/airflow/example_dags/example_kubernetes_executor_config.py
[2021-04-03 15:22:22,228] {scheduler_job.py:629} INFO - Processing file /home/airflow/.local/lib/python3.6/site-packages/airflow/example_dags/example_kubernetes_executor_config.py for tasks to queue
[2021-04-03 15:22:22,228] {logging_mixin.py:104} INFO - [2021-04-03 15:22:22,228] {dagbag.py:448} INFO - Filling up the DagBag from /home/airflow/.local/lib/python3.6/site-packages/airflow/example_dags/example_kubernetes_executor_config.py
[2021-04-03 15:22:22,235] {scheduler_job.py:639} INFO - DAG(s) dict_keys(['example_kubernetes_executor_config']) retrieved from /home/airflow/.local/lib/python3.6/site-packages/airflow/example_dags/example_kubernetes_executor_config.py
[2021-04-03 15:22:22,245] {logging_mixin.py:104} INFO - [2021-04-03 15:22:22,245] {dag.py:1818} INFO - Sync 1 DAGs
[2021-04-03 15:22:22,252] {logging_mixin.py:104} INFO - [2021-04-03 15:22:22,252] {dag.py:2273} INFO - Setting next_dagrun for example_kubernetes_executor_config to None
[2021-04-03 15:22:22,257] {scheduler_job.py:190} INFO - Processing /home/airflow/.local/lib/python3.6/site-packages/airflow/example_dags/example_kubernetes_executor_config.py took 0.031 seconds
[2021-04-03 15:22:52,791] {scheduler_job.py:182} INFO - Started process (PID=157) to work on /home/airflow/.local/lib/python3.6/site-packages/airflow/example_dags/example_kubernetes_executor_config.py
[2021-04-03 15:22:52,791] {scheduler_job.py:629} INFO - Processing file /home/airflow/.local/lib/python3.6/site-packages/airflow/example_dags/example_kubernetes_executor_config.py for tasks to queue
[2021-04-03 15:22:52,792] {logging_mixin.py:104} INFO - [2021-04-03 15:22:52,791] {dagbag.py:448} INFO - Filling up the DagBag from /home/airflow/.local/lib/python3.6/site-packages/airflow/example_dags/example_kubernetes_executor_config.py
[2021-04-03 15:22:52,798] {scheduler_job.py:639} INFO - DAG(s) dict_keys(['example_kubernetes_executor_config']) retrieved from /home/airflow/.local/lib/python3.6/site-packages/airflow/example_dags/example_kubernetes_executor_config.py
[2021-04-03 15:22:52,808] {logging_mixin.py:104} INFO - [2021-04-03 15:22:52,807] {dag.py:1818} INFO - Sync 1 DAGs
[2021-04-03 15:22:52,814] {logging_mixin.py:104} INFO - [2021-04-03 15:22:52,814] {dag.py:2273} INFO - Setting next_dagrun for example_kubernetes_executor_config to None
[2021-04-03 15:22:52,820] {scheduler_job.py:190} INFO - Processing /home/airflow/.local/lib/python3.6/site-packages/airflow/example_dags/example_kubernetes_executor_config.py took 0.030 seconds
[2021-04-03 15:23:23,442] {scheduler_job.py:182} INFO - Started process (PID=183) to work on /home/airflow/.local/lib/python3.6/site-packages/airflow/example_dags/example_kubernetes_executor_config.py
[2021-04-03 15:23:23,443] {scheduler_job.py:629} INFO - Processing file /home/airflow/.local/lib/python3.6/site-packages/airflow/example_dags/example_kubernetes_executor_config.py for tasks to queue
[2021-04-03 15:23:23,443] {logging_mixin.py:104} INFO - [2021-04-03 15:23:23,443] {dagbag.py:448} INFO - Filling up the DagBag from /home/airflow/.local/lib/python3.6/site-packages/airflow/example_dags/example_kubernetes_executor_config.py
[2021-04-03 15:23:23,449] {scheduler_job.py:639} INFO - DAG(s) dict_keys(['example_kubernetes_executor_config']) retrieved from /home/airflow/.local/lib/python3.6/site-packages/airflow/example_dags/example_kubernetes_executor_config.py
[2021-04-03 15:23:23,460] {logging_mixin.py:104} INFO - [2021-04-03 15:23:23,460] {dag.py:1818} INFO - Sync 1 DAGs
[2021-04-03 15:23:23,467] {logging_mixin.py:104} INFO - [2021-04-03 15:23:23,467] {dag.py:2273} INFO - Setting next_dagrun for example_kubernetes_executor_config to None
[2021-04-03 15:23:23,473] {scheduler_job.py:190} INFO - Processing /home/airflow/.local/lib/python3.6/site-packages/airflow/example_dags/example_kubernetes_executor_config.py took 0.032 seconds
[2021-04-03 15:23:53,981] {scheduler_job.py:182} INFO - Started process (PID=209) to work on /home/airflow/.local/lib/python3.6/site-packages/airflow/example_dags/example_kubernetes_executor_config.py
[2021-04-03 15:23:53,981] {scheduler_job.py:629} INFO - Processing file /home/airflow/.local/lib/python3.6/site-packages/airflow/example_dags/example_kubernetes_executor_config.py for tasks to queue
[2021-04-03 15:23:53,981] {logging_mixin.py:104} INFO - [2021-04-03 15:23:53,981] {dagbag.py:448} INFO - Filling up the DagBag from /home/airflow/.local/lib/python3.6/site-packages/airflow/example_dags/example_kubernetes_executor_config.py
[2021-04-03 15:23:53,988] {scheduler_job.py:639} INFO - DAG(s) dict_keys(['example_kubernetes_executor_config']) retrieved from /home/airflow/.local/lib/python3.6/site-packages/airflow/example_dags/example_kubernetes_executor_config.py
[2021-04-03 15:23:53,998] {logging_mixin.py:104} INFO - [2021-04-03 15:23:53,998] {dag.py:1818} INFO - Sync 1 DAGs
[2021-04-03 15:23:54,005] {logging_mixin.py:104} INFO - [2021-04-03 15:23:54,005] {dag.py:2273} INFO - Setting next_dagrun for example_kubernetes_executor_config to None
[2021-04-03 15:23:54,011] {scheduler_job.py:190} INFO - Processing /home/airflow/.local/lib/python3.6/site-packages/airflow/example_dags/example_kubernetes_executor_config.py took 0.031 seconds
[2021-04-03 15:24:24,571] {scheduler_job.py:182} INFO - Started process (PID=235) to work on /home/airflow/.local/lib/python3.6/site-packages/airflow/example_dags/example_kubernetes_executor_config.py
[2021-04-03 15:24:24,572] {scheduler_job.py:629} INFO - Processing file /home/airflow/.local/lib/python3.6/site-packages/airflow/example_dags/example_kubernetes_executor_config.py for tasks to queue
[2021-04-03 15:24:24,572] {logging_mixin.py:104} INFO - [2021-04-03 15:24:24,572] {dagbag.py:448} INFO - Filling up the DagBag from /home/airflow/.local/lib/python3.6/site-packages/airflow/example_dags/example_kubernetes_executor_config.py
[2021-04-03 15:24:24,578] {scheduler_job.py:639} INFO - DAG(s) dict_keys(['example_kubernetes_executor_config']) retrieved from /home/airflow/.local/lib/python3.6/site-packages/airflow/example_dags/example_kubernetes_executor_config.py
[2021-04-03 15:24:24,588] {logging_mixin.py:104} INFO - [2021-04-03 15:24:24,588] {dag.py:1818} INFO - Sync 1 DAGs
[2021-04-03 15:24:24,595] {logging_mixin.py:104} INFO - [2021-04-03 15:24:24,595] {dag.py:2273} INFO - Setting next_dagrun for example_kubernetes_executor_config to None
[2021-04-03 15:24:24,601] {scheduler_job.py:190} INFO - Processing /home/airflow/.local/lib/python3.6/site-packages/airflow/example_dags/example_kubernetes_executor_config.py took 0.032 seconds
[2021-04-03 15:24:55,140] {scheduler_job.py:182} INFO - Started process (PID=261) to work on /home/airflow/.local/lib/python3.6/site-packages/airflow/example_dags/example_kubernetes_executor_config.py
[2021-04-03 15:24:55,141] {scheduler_job.py:629} INFO - Processing file /home/airflow/.local/lib/python3.6/site-packages/airflow/example_dags/example_kubernetes_executor_config.py for tasks to queue
[2021-04-03 15:24:55,141] {logging_mixin.py:104} INFO - [2021-04-03 15:24:55,141] {dagbag.py:448} INFO - Filling up the DagBag from /home/airflow/.local/lib/python3.6/site-packages/airflow/example_dags/example_kubernetes_executor_config.py
[2021-04-03 15:24:55,147] {scheduler_job.py:639} INFO - DAG(s) dict_keys(['example_kubernetes_executor_config']) retrieved from /home/airflow/.local/lib/python3.6/site-packages/airflow/example_dags/example_kubernetes_executor_config.py
[2021-04-03 15:24:55,158] {logging_mixin.py:104} INFO - [2021-04-03 15:24:55,158] {dag.py:1818} INFO - Sync 1 DAGs
[2021-04-03 15:24:55,164] {logging_mixin.py:104} INFO - [2021-04-03 15:24:55,164] {dag.py:2273} INFO - Setting next_dagrun for example_kubernetes_executor_config to None
[2021-04-03 15:24:55,170] {scheduler_job.py:190} INFO - Processing /home/airflow/.local/lib/python3.6/site-packages/airflow/example_dags/example_kubernetes_executor_config.py took 0.031 seconds
[2021-04-03 15:25:25,721] {scheduler_job.py:182} INFO - Started process (PID=287) to work on /home/airflow/.local/lib/python3.6/site-packages/airflow/example_dags/example_kubernetes_executor_config.py
[2021-04-03 15:25:25,721] {scheduler_job.py:629} INFO - Processing file /home/airflow/.local/lib/python3.6/site-packages/airflow/example_dags/example_kubernetes_executor_config.py for tasks to queue
[2021-04-03 15:25:25,722] {logging_mixin.py:104} INFO - [2021-04-03 15:25:25,722] {dagbag.py:448} INFO - Filling up the DagBag from /home/airflow/.local/lib/python3.6/site-packages/airflow/example_dags/example_kubernetes_executor_config.py
[2021-04-03 15:25:25,728] {scheduler_job.py:639} INFO - DAG(s) dict_keys(['example_kubernetes_executor_config']) retrieved from /home/airflow/.local/lib/python3.6/site-packages/airflow/example_dags/example_kubernetes_executor_config.py
[2021-04-03 15:25:25,738] {logging_mixin.py:104} INFO - [2021-04-03 15:25:25,738] {dag.py:1818} INFO - Sync 1 DAGs
[2021-04-03 15:25:25,744] {logging_mixin.py:104} INFO - [2021-04-03 15:25:25,744] {dag.py:2273} INFO - Setting next_dagrun for example_kubernetes_executor_config to None
[2021-04-03 15:25:25,751] {scheduler_job.py:190} INFO - Processing /home/airflow/.local/lib/python3.6/site-packages/airflow/example_dags/example_kubernetes_executor_config.py took 0.031 seconds
[2021-04-03 15:25:56,313] {scheduler_job.py:182} INFO - Started process (PID=313) to work on /home/airflow/.local/lib/python3.6/site-packages/airflow/example_dags/example_kubernetes_executor_config.py
[2021-04-03 15:25:56,314] {scheduler_job.py:629} INFO - Processing file /home/airflow/.local/lib/python3.6/site-packages/airflow/example_dags/example_kubernetes_executor_config.py for tasks to queue
[2021-04-03 15:25:56,314] {logging_mixin.py:104} INFO - [2021-04-03 15:25:56,314] {dagbag.py:448} INFO - Filling up the DagBag from /home/airflow/.local/lib/python3.6/site-packages/airflow/example_dags/example_kubernetes_executor_config.py
[2021-04-03 15:25:56,320] {scheduler_job.py:639} INFO - DAG(s) dict_keys(['example_kubernetes_executor_config']) retrieved from /home/airflow/.local/lib/python3.6/site-packages/airflow/example_dags/example_kubernetes_executor_config.py
[2021-04-03 15:25:56,331] {logging_mixin.py:104} INFO - [2021-04-03 15:25:56,331] {dag.py:1818} INFO - Sync 1 DAGs
[2021-04-03 15:25:56,338] {logging_mixin.py:104} INFO - [2021-04-03 15:25:56,338] {dag.py:2273} INFO - Setting next_dagrun for example_kubernetes_executor_config to None
[2021-04-03 15:25:56,345] {scheduler_job.py:190} INFO - Processing /home/airflow/.local/lib/python3.6/site-packages/airflow/example_dags/example_kubernetes_executor_config.py took 0.033 seconds
[2021-04-03 15:26:26,895] {scheduler_job.py:182} INFO - Started process (PID=339) to work on /home/airflow/.local/lib/python3.6/site-packages/airflow/example_dags/example_kubernetes_executor_config.py
[2021-04-03 15:26:26,895] {scheduler_job.py:629} INFO - Processing file /home/airflow/.local/lib/python3.6/site-packages/airflow/example_dags/example_kubernetes_executor_config.py for tasks to queue
[2021-04-03 15:26:26,896] {logging_mixin.py:104} INFO - [2021-04-03 15:26:26,895] {dagbag.py:448} INFO - Filling up the DagBag from /home/airflow/.local/lib/python3.6/site-packages/airflow/example_dags/example_kubernetes_executor_config.py
[2021-04-03 15:26:26,902] {scheduler_job.py:639} INFO - DAG(s) dict_keys(['example_kubernetes_executor_config']) retrieved from /home/airflow/.local/lib/python3.6/site-packages/airflow/example_dags/example_kubernetes_executor_config.py
[2021-04-03 15:26:26,913] {logging_mixin.py:104} INFO - [2021-04-03 15:26:26,912] {dag.py:1818} INFO - Sync 1 DAGs
[2021-04-03 15:26:26,920] {logging_mixin.py:104} INFO - [2021-04-03 15:26:26,920] {dag.py:2273} INFO - Setting next_dagrun for example_kubernetes_executor_config to None
[2021-04-03 15:26:26,925] {scheduler_job.py:190} INFO - Processing /home/airflow/.local/lib/python3.6/site-packages/airflow/example_dags/example_kubernetes_executor_config.py took 0.032 seconds
[2021-04-03 15:26:57,474] {scheduler_job.py:182} INFO - Started process (PID=365) to work on /home/airflow/.local/lib/python3.6/site-packages/airflow/example_dags/example_kubernetes_executor_config.py
[2021-04-03 15:26:57,474] {scheduler_job.py:629} INFO - Processing file /home/airflow/.local/lib/python3.6/site-packages/airflow/example_dags/example_kubernetes_executor_config.py for tasks to queue
[2021-04-03 15:26:57,474] {logging_mixin.py:104} INFO - [2021-04-03 15:26:57,474] {dagbag.py:448} INFO - Filling up the DagBag from /home/airflow/.local/lib/python3.6/site-packages/airflow/example_dags/example_kubernetes_executor_config.py
[2021-04-03 15:26:57,481] {scheduler_job.py:639} INFO - DAG(s) dict_keys(['example_kubernetes_executor_config']) retrieved from /home/airflow/.local/lib/python3.6/site-packages/airflow/example_dags/example_kubernetes_executor_config.py
[2021-04-03 15:26:57,491] {logging_mixin.py:104} INFO - [2021-04-03 15:26:57,491] {dag.py:1818} INFO - Sync 1 DAGs
[2021-04-03 15:26:57,499] {logging_mixin.py:104} INFO - [2021-04-03 15:26:57,499] {dag.py:2273} INFO - Setting next_dagrun for example_kubernetes_executor_config to None
[2021-04-03 15:26:57,505] {scheduler_job.py:190} INFO - Processing /home/airflow/.local/lib/python3.6/site-packages/airflow/example_dags/example_kubernetes_executor_config.py took 0.033 seconds
[2021-04-03 15:27:28,094] {scheduler_job.py:182} INFO - Started process (PID=391) to work on /home/airflow/.local/lib/python3.6/site-packages/airflow/example_dags/example_kubernetes_executor_config.py
[2021-04-03 15:27:28,095] {scheduler_job.py:629} INFO - Processing file /home/airflow/.local/lib/python3.6/site-packages/airflow/example_dags/example_kubernetes_executor_config.py for tasks to queue
[2021-04-03 15:27:28,095] {logging_mixin.py:104} INFO - [2021-04-03 15:27:28,095] {dagbag.py:448} INFO - Filling up the DagBag from /home/airflow/.local/lib/python3.6/site-packages/airflow/example_dags/example_kubernetes_executor_config.py
[2021-04-03 15:27:28,101] {scheduler_job.py:639} INFO - DAG(s) dict_keys(['example_kubernetes_executor_config']) retrieved from /home/airflow/.local/lib/python3.6/site-packages/airflow/example_dags/example_kubernetes_executor_config.py
[2021-04-03 15:27:28,113] {logging_mixin.py:104} INFO - [2021-04-03 15:27:28,113] {dag.py:1818} INFO - Sync 1 DAGs
[2021-04-03 15:27:28,121] {logging_mixin.py:104} INFO - [2021-04-03 15:27:28,120] {dag.py:2273} INFO - Setting next_dagrun for example_kubernetes_executor_config to None
[2021-04-03 15:27:28,127] {scheduler_job.py:190} INFO - Processing /home/airflow/.local/lib/python3.6/site-packages/airflow/example_dags/example_kubernetes_executor_config.py took 0.034 seconds
[2021-04-03 15:27:58,677] {scheduler_job.py:182} INFO - Started process (PID=417) to work on /home/airflow/.local/lib/python3.6/site-packages/airflow/example_dags/example_kubernetes_executor_config.py
[2021-04-03 15:27:58,677] {scheduler_job.py:629} INFO - Processing file /home/airflow/.local/lib/python3.6/site-packages/airflow/example_dags/example_kubernetes_executor_config.py for tasks to queue
[2021-04-03 15:27:58,678] {logging_mixin.py:104} INFO - [2021-04-03 15:27:58,678] {dagbag.py:448} INFO - Filling up the DagBag from /home/airflow/.local/lib/python3.6/site-packages/airflow/example_dags/example_kubernetes_executor_config.py
[2021-04-03 15:27:58,684] {scheduler_job.py:639} INFO - DAG(s) dict_keys(['example_kubernetes_executor_config']) retrieved from /home/airflow/.local/lib/python3.6/site-packages/airflow/example_dags/example_kubernetes_executor_config.py
[2021-04-03 15:27:58,695] {logging_mixin.py:104} INFO - [2021-04-03 15:27:58,694] {dag.py:1818} INFO - Sync 1 DAGs
[2021-04-03 15:27:58,702] {logging_mixin.py:104} INFO - [2021-04-03 15:27:58,702] {dag.py:2273} INFO - Setting next_dagrun for example_kubernetes_executor_config to None
[2021-04-03 15:27:58,709] {scheduler_job.py:190} INFO - Processing /home/airflow/.local/lib/python3.6/site-packages/airflow/example_dags/example_kubernetes_executor_config.py took 0.034 seconds
[2021-04-03 15:28:29,264] {scheduler_job.py:182} INFO - Started process (PID=443) to work on /home/airflow/.local/lib/python3.6/site-packages/airflow/example_dags/example_kubernetes_executor_config.py
[2021-04-03 15:28:29,264] {scheduler_job.py:629} INFO - Processing file /home/airflow/.local/lib/python3.6/site-packages/airflow/example_dags/example_kubernetes_executor_config.py for tasks to queue
[2021-04-03 15:28:29,264] {logging_mixin.py:104} INFO - [2021-04-03 15:28:29,264] {dagbag.py:448} INFO - Filling up the DagBag from /home/airflow/.local/lib/python3.6/site-packages/airflow/example_dags/example_kubernetes_executor_config.py
[2021-04-03 15:28:29,271] {scheduler_job.py:639} INFO - DAG(s) dict_keys(['example_kubernetes_executor_config']) retrieved from /home/airflow/.local/lib/python3.6/site-packages/airflow/example_dags/example_kubernetes_executor_config.py
[2021-04-03 15:28:29,281] {logging_mixin.py:104} INFO - [2021-04-03 15:28:29,281] {dag.py:1818} INFO - Sync 1 DAGs
[2021-04-03 15:28:29,288] {logging_mixin.py:104} INFO - [2021-04-03 15:28:29,288] {dag.py:2273} INFO - Setting next_dagrun for example_kubernetes_executor_config to None
[2021-04-03 15:28:29,294] {scheduler_job.py:190} INFO - Processing /home/airflow/.local/lib/python3.6/site-packages/airflow/example_dags/example_kubernetes_executor_config.py took 0.032 seconds
[2021-04-03 15:28:59,837] {scheduler_job.py:182} INFO - Started process (PID=469) to work on /home/airflow/.local/lib/python3.6/site-packages/airflow/example_dags/example_kubernetes_executor_config.py
[2021-04-03 15:28:59,838] {scheduler_job.py:629} INFO - Processing file /home/airflow/.local/lib/python3.6/site-packages/airflow/example_dags/example_kubernetes_executor_config.py for tasks to queue
[2021-04-03 15:28:59,838] {logging_mixin.py:104} INFO - [2021-04-03 15:28:59,838] {dagbag.py:448} INFO - Filling up the DagBag from /home/airflow/.local/lib/python3.6/site-packages/airflow/example_dags/example_kubernetes_executor_config.py
[2021-04-03 15:28:59,844] {scheduler_job.py:639} INFO - DAG(s) dict_keys(['example_kubernetes_executor_config']) retrieved from /home/airflow/.local/lib/python3.6/site-packages/airflow/example_dags/example_kubernetes_executor_config.py
[2021-04-03 15:28:59,856] {logging_mixin.py:104} INFO - [2021-04-03 15:28:59,856] {dag.py:1818} INFO - Sync 1 DAGs
[2021-04-03 15:28:59,863] {logging_mixin.py:104} INFO - [2021-04-03 15:28:59,863] {dag.py:2273} INFO - Setting next_dagrun for example_kubernetes_executor_config to None
[2021-04-03 15:28:59,868] {scheduler_job.py:190} INFO - Processing /home/airflow/.local/lib/python3.6/site-packages/airflow/example_dags/example_kubernetes_executor_config.py took 0.032 seconds
[2021-04-03 15:29:30,411] {scheduler_job.py:182} INFO - Started process (PID=495) to work on /home/airflow/.local/lib/python3.6/site-packages/airflow/example_dags/example_kubernetes_executor_config.py
[2021-04-03 15:29:30,412] {scheduler_job.py:629} INFO - Processing file /home/airflow/.local/lib/python3.6/site-packages/airflow/example_dags/example_kubernetes_executor_config.py for tasks to queue
[2021-04-03 15:29:30,412] {logging_mixin.py:104} INFO - [2021-04-03 15:29:30,412] {dagbag.py:448} INFO - Filling up the DagBag from /home/airflow/.local/lib/python3.6/site-packages/airflow/example_dags/example_kubernetes_executor_config.py
[2021-04-03 15:29:30,418] {scheduler_job.py:639} INFO - DAG(s) dict_keys(['example_kubernetes_executor_config']) retrieved from /home/airflow/.local/lib/python3.6/site-packages/airflow/example_dags/example_kubernetes_executor_config.py
[2021-04-03 15:29:30,429] {logging_mixin.py:104} INFO - [2021-04-03 15:29:30,429] {dag.py:1818} INFO - Sync 1 DAGs
[2021-04-03 15:29:30,436] {logging_mixin.py:104} INFO - [2021-04-03 15:29:30,436] {dag.py:2273} INFO - Setting next_dagrun for example_kubernetes_executor_config to None
[2021-04-03 15:29:30,442] {scheduler_job.py:190} INFO - Processing /home/airflow/.local/lib/python3.6/site-packages/airflow/example_dags/example_kubernetes_executor_config.py took 0.032 seconds
[2021-04-03 15:30:01,038] {scheduler_job.py:182} INFO - Started process (PID=521) to work on /home/airflow/.local/lib/python3.6/site-packages/airflow/example_dags/example_kubernetes_executor_config.py
[2021-04-03 15:30:01,038] {scheduler_job.py:629} INFO - Processing file /home/airflow/.local/lib/python3.6/site-packages/airflow/example_dags/example_kubernetes_executor_config.py for tasks to queue
[2021-04-03 15:30:01,038] {logging_mixin.py:104} INFO - [2021-04-03 15:30:01,038] {dagbag.py:448} INFO - Filling up the DagBag from /home/airflow/.local/lib/python3.6/site-packages/airflow/example_dags/example_kubernetes_executor_config.py
[2021-04-03 15:30:01,045] {scheduler_job.py:639} INFO - DAG(s) dict_keys(['example_kubernetes_executor_config']) retrieved from /home/airflow/.local/lib/python3.6/site-packages/airflow/example_dags/example_kubernetes_executor_config.py
[2021-04-03 15:30:01,056] {logging_mixin.py:104} INFO - [2021-04-03 15:30:01,056] {dag.py:1818} INFO - Sync 1 DAGs
[2021-04-03 15:30:01,063] {logging_mixin.py:104} INFO - [2021-04-03 15:30:01,063] {dag.py:2273} INFO - Setting next_dagrun for example_kubernetes_executor_config to None
[2021-04-03 15:30:01,070] {scheduler_job.py:190} INFO - Processing /home/airflow/.local/lib/python3.6/site-packages/airflow/example_dags/example_kubernetes_executor_config.py took 0.034 seconds
[2021-04-03 15:30:31,689] {scheduler_job.py:182} INFO - Started process (PID=547) to work on /home/airflow/.local/lib/python3.6/site-packages/airflow/example_dags/example_kubernetes_executor_config.py
[2021-04-03 15:30:31,689] {scheduler_job.py:629} INFO - Processing file /home/airflow/.local/lib/python3.6/site-packages/airflow/example_dags/example_kubernetes_executor_config.py for tasks to queue
[2021-04-03 15:30:31,689] {logging_mixin.py:104} INFO - [2021-04-03 15:30:31,689] {dagbag.py:448} INFO - Filling up the DagBag from /home/airflow/.local/lib/python3.6/site-packages/airflow/example_dags/example_kubernetes_executor_config.py
[2021-04-03 15:30:31,696] {scheduler_job.py:639} INFO - DAG(s) dict_keys(['example_kubernetes_executor_config']) retrieved from /home/airflow/.local/lib/python3.6/site-packages/airflow/example_dags/example_kubernetes_executor_config.py
[2021-04-03 15:30:31,707] {logging_mixin.py:104} INFO - [2021-04-03 15:30:31,707] {dag.py:1818} INFO - Sync 1 DAGs
[2021-04-03 15:30:31,714] {logging_mixin.py:104} INFO - [2021-04-03 15:30:31,714] {dag.py:2273} INFO - Setting next_dagrun for example_kubernetes_executor_config to None
[2021-04-03 15:30:31,721] {scheduler_job.py:190} INFO - Processing /home/airflow/.local/lib/python3.6/site-packages/airflow/example_dags/example_kubernetes_executor_config.py took 0.033 seconds
[2021-04-03 15:31:02,300] {scheduler_job.py:182} INFO - Started process (PID=573) to work on /home/airflow/.local/lib/python3.6/site-packages/airflow/example_dags/example_kubernetes_executor_config.py
[2021-04-03 15:31:02,301] {scheduler_job.py:629} INFO - Processing file /home/airflow/.local/lib/python3.6/site-packages/airflow/example_dags/example_kubernetes_executor_config.py for tasks to queue
[2021-04-03 15:31:02,301] {logging_mixin.py:104} INFO - [2021-04-03 15:31:02,301] {dagbag.py:448} INFO - Filling up the DagBag from /home/airflow/.local/lib/python3.6/site-packages/airflow/example_dags/example_kubernetes_executor_config.py
[2021-04-03 15:31:02,307] {scheduler_job.py:639} INFO - DAG(s) dict_keys(['example_kubernetes_executor_config']) retrieved from /home/airflow/.local/lib/python3.6/site-packages/airflow/example_dags/example_kubernetes_executor_config.py
[2021-04-03 15:31:02,318] {logging_mixin.py:104} INFO - [2021-04-03 15:31:02,318] {dag.py:1818} INFO - Sync 1 DAGs
[2021-04-03 15:31:02,325] {logging_mixin.py:104} INFO - [2021-04-03 15:31:02,325] {dag.py:2273} INFO - Setting next_dagrun for example_kubernetes_executor_config to None
[2021-04-03 15:31:02,330] {scheduler_job.py:190} INFO - Processing /home/airflow/.local/lib/python3.6/site-packages/airflow/example_dags/example_kubernetes_executor_config.py took 0.031 seconds
[2021-04-03 15:31:32,905] {scheduler_job.py:182} INFO - Started process (PID=599) to work on /home/airflow/.local/lib/python3.6/site-packages/airflow/example_dags/example_kubernetes_executor_config.py
[2021-04-03 15:31:32,906] {scheduler_job.py:629} INFO - Processing file /home/airflow/.local/lib/python3.6/site-packages/airflow/example_dags/example_kubernetes_executor_config.py for tasks to queue
[2021-04-03 15:31:32,906] {logging_mixin.py:104} INFO - [2021-04-03 15:31:32,906] {dagbag.py:448} INFO - Filling up the DagBag from /home/airflow/.local/lib/python3.6/site-packages/airflow/example_dags/example_kubernetes_executor_config.py
[2021-04-03 15:31:32,912] {scheduler_job.py:639} INFO - DAG(s) dict_keys(['example_kubernetes_executor_config']) retrieved from /home/airflow/.local/lib/python3.6/site-packages/airflow/example_dags/example_kubernetes_executor_config.py
[2021-04-03 15:31:32,924] {logging_mixin.py:104} INFO - [2021-04-03 15:31:32,924] {dag.py:1818} INFO - Sync 1 DAGs
[2021-04-03 15:31:32,930] {logging_mixin.py:104} INFO - [2021-04-03 15:31:32,930] {dag.py:2273} INFO - Setting next_dagrun for example_kubernetes_executor_config to None
[2021-04-03 15:31:32,936] {scheduler_job.py:190} INFO - Processing /home/airflow/.local/lib/python3.6/site-packages/airflow/example_dags/example_kubernetes_executor_config.py took 0.032 seconds
[2021-04-03 15:32:03,504] {scheduler_job.py:182} INFO - Started process (PID=625) to work on /home/airflow/.local/lib/python3.6/site-packages/airflow/example_dags/example_kubernetes_executor_config.py
[2021-04-03 15:32:03,504] {scheduler_job.py:629} INFO - Processing file /home/airflow/.local/lib/python3.6/site-packages/airflow/example_dags/example_kubernetes_executor_config.py for tasks to queue
[2021-04-03 15:32:03,504] {logging_mixin.py:104} INFO - [2021-04-03 15:32:03,504] {dagbag.py:448} INFO - Filling up the DagBag from /home/airflow/.local/lib/python3.6/site-packages/airflow/example_dags/example_kubernetes_executor_config.py
[2021-04-03 15:32:03,512] {scheduler_job.py:639} INFO - DAG(s) dict_keys(['example_kubernetes_executor_config']) retrieved from /home/airflow/.local/lib/python3.6/site-packages/airflow/example_dags/example_kubernetes_executor_config.py
[2021-04-03 15:32:03,522] {logging_mixin.py:104} INFO - [2021-04-03 15:32:03,522] {dag.py:1818} INFO - Sync 1 DAGs
[2021-04-03 15:32:03,529] {logging_mixin.py:104} INFO - [2021-04-03 15:32:03,529] {dag.py:2273} INFO - Setting next_dagrun for example_kubernetes_executor_config to None
[2021-04-03 15:32:03,536] {scheduler_job.py:190} INFO - Processing /home/airflow/.local/lib/python3.6/site-packages/airflow/example_dags/example_kubernetes_executor_config.py took 0.033 seconds
[2021-04-03 15:32:34,128] {scheduler_job.py:182} INFO - Started process (PID=651) to work on /home/airflow/.local/lib/python3.6/site-packages/airflow/example_dags/example_kubernetes_executor_config.py
[2021-04-03 15:32:34,129] {scheduler_job.py:629} INFO - Processing file /home/airflow/.local/lib/python3.6/site-packages/airflow/example_dags/example_kubernetes_executor_config.py for tasks to queue
[2021-04-03 15:32:34,129] {logging_mixin.py:104} INFO - [2021-04-03 15:32:34,129] {dagbag.py:448} INFO - Filling up the DagBag from /home/airflow/.local/lib/python3.6/site-packages/airflow/example_dags/example_kubernetes_executor_config.py
[2021-04-03 15:32:34,137] {scheduler_job.py:639} INFO - DAG(s) dict_keys(['example_kubernetes_executor_config']) retrieved from /home/airflow/.local/lib/python3.6/site-packages/airflow/example_dags/example_kubernetes_executor_config.py
[2021-04-03 15:32:34,147] {logging_mixin.py:104} INFO - [2021-04-03 15:32:34,147] {dag.py:1818} INFO - Sync 1 DAGs
[2021-04-03 15:32:34,154] {logging_mixin.py:104} INFO - [2021-04-03 15:32:34,154] {dag.py:2273} INFO - Setting next_dagrun for example_kubernetes_executor_config to None
[2021-04-03 15:32:34,160] {scheduler_job.py:190} INFO - Processing /home/airflow/.local/lib/python3.6/site-packages/airflow/example_dags/example_kubernetes_executor_config.py took 0.033 seconds
[2021-04-03 15:33:04,782] {scheduler_job.py:182} INFO - Started process (PID=677) to work on /home/airflow/.local/lib/python3.6/site-packages/airflow/example_dags/example_kubernetes_executor_config.py
[2021-04-03 15:33:04,783] {scheduler_job.py:629} INFO - Processing file /home/airflow/.local/lib/python3.6/site-packages/airflow/example_dags/example_kubernetes_executor_config.py for tasks to queue
[2021-04-03 15:33:04,783] {logging_mixin.py:104} INFO - [2021-04-03 15:33:04,783] {dagbag.py:448} INFO - Filling up the DagBag from /home/airflow/.local/lib/python3.6/site-packages/airflow/example_dags/example_kubernetes_executor_config.py
[2021-04-03 15:33:04,790] {scheduler_job.py:639} INFO - DAG(s) dict_keys(['example_kubernetes_executor_config']) retrieved from /home/airflow/.local/lib/python3.6/site-packages/airflow/example_dags/example_kubernetes_executor_config.py
[2021-04-03 15:33:04,800] {logging_mixin.py:104} INFO - [2021-04-03 15:33:04,800] {dag.py:1818} INFO - Sync 1 DAGs
[2021-04-03 15:33:04,808] {logging_mixin.py:104} INFO - [2021-04-03 15:33:04,808] {dag.py:2273} INFO - Setting next_dagrun for example_kubernetes_executor_config to None
[2021-04-03 15:33:04,814] {scheduler_job.py:190} INFO - Processing /home/airflow/.local/lib/python3.6/site-packages/airflow/example_dags/example_kubernetes_executor_config.py took 0.033 seconds
[2021-04-03 15:33:35,363] {scheduler_job.py:182} INFO - Started process (PID=703) to work on /home/airflow/.local/lib/python3.6/site-packages/airflow/example_dags/example_kubernetes_executor_config.py
[2021-04-03 15:33:35,364] {scheduler_job.py:629} INFO - Processing file /home/airflow/.local/lib/python3.6/site-packages/airflow/example_dags/example_kubernetes_executor_config.py for tasks to queue
[2021-04-03 15:33:35,364] {logging_mixin.py:104} INFO - [2021-04-03 15:33:35,364] {dagbag.py:448} INFO - Filling up the DagBag from /home/airflow/.local/lib/python3.6/site-packages/airflow/example_dags/example_kubernetes_executor_config.py
[2021-04-03 15:33:35,371] {scheduler_job.py:639} INFO - DAG(s) dict_keys(['example_kubernetes_executor_config']) retrieved from /home/airflow/.local/lib/python3.6/site-packages/airflow/example_dags/example_kubernetes_executor_config.py
[2021-04-03 15:33:35,381] {logging_mixin.py:104} INFO - [2021-04-03 15:33:35,381] {dag.py:1818} INFO - Sync 1 DAGs
[2021-04-03 15:33:35,388] {logging_mixin.py:104} INFO - [2021-04-03 15:33:35,388] {dag.py:2273} INFO - Setting next_dagrun for example_kubernetes_executor_config to None
[2021-04-03 15:33:35,394] {scheduler_job.py:190} INFO - Processing /home/airflow/.local/lib/python3.6/site-packages/airflow/example_dags/example_kubernetes_executor_config.py took 0.033 seconds
[2021-04-03 15:34:05,941] {scheduler_job.py:182} INFO - Started process (PID=729) to work on /home/airflow/.local/lib/python3.6/site-packages/airflow/example_dags/example_kubernetes_executor_config.py
[2021-04-03 15:34:05,941] {scheduler_job.py:629} INFO - Processing file /home/airflow/.local/lib/python3.6/site-packages/airflow/example_dags/example_kubernetes_executor_config.py for tasks to queue
[2021-04-03 15:34:05,942] {logging_mixin.py:104} INFO - [2021-04-03 15:34:05,942] {dagbag.py:448} INFO - Filling up the DagBag from /home/airflow/.local/lib/python3.6/site-packages/airflow/example_dags/example_kubernetes_executor_config.py
[2021-04-03 15:34:05,949] {scheduler_job.py:639} INFO - DAG(s) dict_keys(['example_kubernetes_executor_config']) retrieved from /home/airflow/.local/lib/python3.6/site-packages/airflow/example_dags/example_kubernetes_executor_config.py
[2021-04-03 15:34:05,959] {logging_mixin.py:104} INFO - [2021-04-03 15:34:05,959] {dag.py:1818} INFO - Sync 1 DAGs
[2021-04-03 15:34:05,966] {logging_mixin.py:104} INFO - [2021-04-03 15:34:05,966] {dag.py:2273} INFO - Setting next_dagrun for example_kubernetes_executor_config to None
[2021-04-03 15:34:05,971] {scheduler_job.py:190} INFO - Processing /home/airflow/.local/lib/python3.6/site-packages/airflow/example_dags/example_kubernetes_executor_config.py took 0.032 seconds
[2021-04-03 15:34:36,536] {scheduler_job.py:182} INFO - Started process (PID=755) to work on /home/airflow/.local/lib/python3.6/site-packages/airflow/example_dags/example_kubernetes_executor_config.py
[2021-04-03 15:34:36,536] {scheduler_job.py:629} INFO - Processing file /home/airflow/.local/lib/python3.6/site-packages/airflow/example_dags/example_kubernetes_executor_config.py for tasks to queue
[2021-04-03 15:34:36,536] {logging_mixin.py:104} INFO - [2021-04-03 15:34:36,536] {dagbag.py:448} INFO - Filling up the DagBag from /home/airflow/.local/lib/python3.6/site-packages/airflow/example_dags/example_kubernetes_executor_config.py
[2021-04-03 15:34:36,543] {scheduler_job.py:639} INFO - DAG(s) dict_keys(['example_kubernetes_executor_config']) retrieved from /home/airflow/.local/lib/python3.6/site-packages/airflow/example_dags/example_kubernetes_executor_config.py
[2021-04-03 15:34:36,554] {logging_mixin.py:104} INFO - [2021-04-03 15:34:36,554] {dag.py:1818} INFO - Sync 1 DAGs
[2021-04-03 15:34:36,561] {logging_mixin.py:104} INFO - [2021-04-03 15:34:36,561] {dag.py:2273} INFO - Setting next_dagrun for example_kubernetes_executor_config to None
[2021-04-03 15:34:36,567] {scheduler_job.py:190} INFO - Processing /home/airflow/.local/lib/python3.6/site-packages/airflow/example_dags/example_kubernetes_executor_config.py took 0.032 seconds
[2021-04-03 15:35:07,131] {scheduler_job.py:182} INFO - Started process (PID=781) to work on /home/airflow/.local/lib/python3.6/site-packages/airflow/example_dags/example_kubernetes_executor_config.py
[2021-04-03 15:35:07,132] {scheduler_job.py:629} INFO - Processing file /home/airflow/.local/lib/python3.6/site-packages/airflow/example_dags/example_kubernetes_executor_config.py for tasks to queue
[2021-04-03 15:35:07,132] {logging_mixin.py:104} INFO - [2021-04-03 15:35:07,132] {dagbag.py:448} INFO - Filling up the DagBag from /home/airflow/.local/lib/python3.6/site-packages/airflow/example_dags/example_kubernetes_executor_config.py
[2021-04-03 15:35:07,139] {scheduler_job.py:639} INFO - DAG(s) dict_keys(['example_kubernetes_executor_config']) retrieved from /home/airflow/.local/lib/python3.6/site-packages/airflow/example_dags/example_kubernetes_executor_config.py
[2021-04-03 15:35:07,149] {logging_mixin.py:104} INFO - [2021-04-03 15:35:07,149] {dag.py:1818} INFO - Sync 1 DAGs
[2021-04-03 15:35:07,156] {logging_mixin.py:104} INFO - [2021-04-03 15:35:07,156] {dag.py:2273} INFO - Setting next_dagrun for example_kubernetes_executor_config to None
[2021-04-03 15:35:07,161] {scheduler_job.py:190} INFO - Processing /home/airflow/.local/lib/python3.6/site-packages/airflow/example_dags/example_kubernetes_executor_config.py took 0.031 seconds
[2021-04-03 15:35:37,718] {scheduler_job.py:182} INFO - Started process (PID=807) to work on /home/airflow/.local/lib/python3.6/site-packages/airflow/example_dags/example_kubernetes_executor_config.py
[2021-04-03 15:35:37,719] {scheduler_job.py:629} INFO - Processing file /home/airflow/.local/lib/python3.6/site-packages/airflow/example_dags/example_kubernetes_executor_config.py for tasks to queue
[2021-04-03 15:35:37,719] {logging_mixin.py:104} INFO - [2021-04-03 15:35:37,719] {dagbag.py:448} INFO - Filling up the DagBag from /home/airflow/.local/lib/python3.6/site-packages/airflow/example_dags/example_kubernetes_executor_config.py
[2021-04-03 15:35:37,726] {scheduler_job.py:639} INFO - DAG(s) dict_keys(['example_kubernetes_executor_config']) retrieved from /home/airflow/.local/lib/python3.6/site-packages/airflow/example_dags/example_kubernetes_executor_config.py
[2021-04-03 15:35:37,737] {logging_mixin.py:104} INFO - [2021-04-03 15:35:37,737] {dag.py:1818} INFO - Sync 1 DAGs
[2021-04-03 15:35:37,744] {logging_mixin.py:104} INFO - [2021-04-03 15:35:37,744] {dag.py:2273} INFO - Setting next_dagrun for example_kubernetes_executor_config to None
[2021-04-03 15:35:37,750] {scheduler_job.py:190} INFO - Processing /home/airflow/.local/lib/python3.6/site-packages/airflow/example_dags/example_kubernetes_executor_config.py took 0.033 seconds
[2021-04-03 15:36:08,308] {scheduler_job.py:182} INFO - Started process (PID=833) to work on /home/airflow/.local/lib/python3.6/site-packages/airflow/example_dags/example_kubernetes_executor_config.py
[2021-04-03 15:36:08,308] {scheduler_job.py:629} INFO - Processing file /home/airflow/.local/lib/python3.6/site-packages/airflow/example_dags/example_kubernetes_executor_config.py for tasks to queue
[2021-04-03 15:36:08,308] {logging_mixin.py:104} INFO - [2021-04-03 15:36:08,308] {dagbag.py:448} INFO - Filling up the DagBag from /home/airflow/.local/lib/python3.6/site-packages/airflow/example_dags/example_kubernetes_executor_config.py
[2021-04-03 15:36:08,316] {scheduler_job.py:639} INFO - DAG(s) dict_keys(['example_kubernetes_executor_config']) retrieved from /home/airflow/.local/lib/python3.6/site-packages/airflow/example_dags/example_kubernetes_executor_config.py
[2021-04-03 15:36:08,326] {logging_mixin.py:104} INFO - [2021-04-03 15:36:08,326] {dag.py:1818} INFO - Sync 1 DAGs
[2021-04-03 15:36:08,333] {logging_mixin.py:104} INFO - [2021-04-03 15:36:08,333] {dag.py:2273} INFO - Setting next_dagrun for example_kubernetes_executor_config to None
[2021-04-03 15:36:08,338] {scheduler_job.py:190} INFO - Processing /home/airflow/.local/lib/python3.6/site-packages/airflow/example_dags/example_kubernetes_executor_config.py took 0.032 seconds
[2021-04-03 15:36:38,934] {scheduler_job.py:182} INFO - Started process (PID=859) to work on /home/airflow/.local/lib/python3.6/site-packages/airflow/example_dags/example_kubernetes_executor_config.py
[2021-04-03 15:36:38,934] {scheduler_job.py:629} INFO - Processing file /home/airflow/.local/lib/python3.6/site-packages/airflow/example_dags/example_kubernetes_executor_config.py for tasks to queue
[2021-04-03 15:36:38,934] {logging_mixin.py:104} INFO - [2021-04-03 15:36:38,934] {dagbag.py:448} INFO - Filling up the DagBag from /home/airflow/.local/lib/python3.6/site-packages/airflow/example_dags/example_kubernetes_executor_config.py
[2021-04-03 15:36:38,941] {scheduler_job.py:639} INFO - DAG(s) dict_keys(['example_kubernetes_executor_config']) retrieved from /home/airflow/.local/lib/python3.6/site-packages/airflow/example_dags/example_kubernetes_executor_config.py
[2021-04-03 15:36:38,951] {logging_mixin.py:104} INFO - [2021-04-03 15:36:38,951] {dag.py:1818} INFO - Sync 1 DAGs
[2021-04-03 15:36:38,958] {logging_mixin.py:104} INFO - [2021-04-03 15:36:38,958] {dag.py:2273} INFO - Setting next_dagrun for example_kubernetes_executor_config to None
[2021-04-03 15:36:38,965] {scheduler_job.py:190} INFO - Processing /home/airflow/.local/lib/python3.6/site-packages/airflow/example_dags/example_kubernetes_executor_config.py took 0.032 seconds
[2021-04-03 15:37:09,513] {scheduler_job.py:182} INFO - Started process (PID=885) to work on /home/airflow/.local/lib/python3.6/site-packages/airflow/example_dags/example_kubernetes_executor_config.py
[2021-04-03 15:37:09,513] {scheduler_job.py:629} INFO - Processing file /home/airflow/.local/lib/python3.6/site-packages/airflow/example_dags/example_kubernetes_executor_config.py for tasks to queue
[2021-04-03 15:37:09,514] {logging_mixin.py:104} INFO - [2021-04-03 15:37:09,514] {dagbag.py:448} INFO - Filling up the DagBag from /home/airflow/.local/lib/python3.6/site-packages/airflow/example_dags/example_kubernetes_executor_config.py
[2021-04-03 15:37:09,520] {scheduler_job.py:639} INFO - DAG(s) dict_keys(['example_kubernetes_executor_config']) retrieved from /home/airflow/.local/lib/python3.6/site-packages/airflow/example_dags/example_kubernetes_executor_config.py
[2021-04-03 15:37:09,531] {logging_mixin.py:104} INFO - [2021-04-03 15:37:09,531] {dag.py:1818} INFO - Sync 1 DAGs
[2021-04-03 15:37:09,538] {logging_mixin.py:104} INFO - [2021-04-03 15:37:09,538] {dag.py:2273} INFO - Setting next_dagrun for example_kubernetes_executor_config to None
[2021-04-03 15:37:09,543] {scheduler_job.py:190} INFO - Processing /home/airflow/.local/lib/python3.6/site-packages/airflow/example_dags/example_kubernetes_executor_config.py took 0.031 seconds
[2021-04-03 15:37:40,101] {scheduler_job.py:182} INFO - Started process (PID=911) to work on /home/airflow/.local/lib/python3.6/site-packages/airflow/example_dags/example_kubernetes_executor_config.py
[2021-04-03 15:37:40,101] {scheduler_job.py:629} INFO - Processing file /home/airflow/.local/lib/python3.6/site-packages/airflow/example_dags/example_kubernetes_executor_config.py for tasks to queue
[2021-04-03 15:37:40,101] {logging_mixin.py:104} INFO - [2021-04-03 15:37:40,101] {dagbag.py:448} INFO - Filling up the DagBag from /home/airflow/.local/lib/python3.6/site-packages/airflow/example_dags/example_kubernetes_executor_config.py
[2021-04-03 15:37:40,108] {scheduler_job.py:639} INFO - DAG(s) dict_keys(['example_kubernetes_executor_config']) retrieved from /home/airflow/.local/lib/python3.6/site-packages/airflow/example_dags/example_kubernetes_executor_config.py
[2021-04-03 15:37:40,119] {logging_mixin.py:104} INFO - [2021-04-03 15:37:40,119] {dag.py:1818} INFO - Sync 1 DAGs
[2021-04-03 15:37:40,126] {logging_mixin.py:104} INFO - [2021-04-03 15:37:40,126] {dag.py:2273} INFO - Setting next_dagrun for example_kubernetes_executor_config to None
[2021-04-03 15:37:40,131] {scheduler_job.py:190} INFO - Processing /home/airflow/.local/lib/python3.6/site-packages/airflow/example_dags/example_kubernetes_executor_config.py took 0.032 seconds
[2021-04-03 15:38:10,664] {scheduler_job.py:182} INFO - Started process (PID=937) to work on /home/airflow/.local/lib/python3.6/site-packages/airflow/example_dags/example_kubernetes_executor_config.py
[2021-04-03 15:38:10,664] {scheduler_job.py:629} INFO - Processing file /home/airflow/.local/lib/python3.6/site-packages/airflow/example_dags/example_kubernetes_executor_config.py for tasks to queue
[2021-04-03 15:38:10,665] {logging_mixin.py:104} INFO - [2021-04-03 15:38:10,665] {dagbag.py:448} INFO - Filling up the DagBag from /home/airflow/.local/lib/python3.6/site-packages/airflow/example_dags/example_kubernetes_executor_config.py
[2021-04-03 15:38:10,671] {scheduler_job.py:639} INFO - DAG(s) dict_keys(['example_kubernetes_executor_config']) retrieved from /home/airflow/.local/lib/python3.6/site-packages/airflow/example_dags/example_kubernetes_executor_config.py
[2021-04-03 15:38:10,682] {logging_mixin.py:104} INFO - [2021-04-03 15:38:10,682] {dag.py:1818} INFO - Sync 1 DAGs
[2021-04-03 15:38:10,689] {logging_mixin.py:104} INFO - [2021-04-03 15:38:10,688] {dag.py:2273} INFO - Setting next_dagrun for example_kubernetes_executor_config to None
[2021-04-03 15:38:10,694] {scheduler_job.py:190} INFO - Processing /home/airflow/.local/lib/python3.6/site-packages/airflow/example_dags/example_kubernetes_executor_config.py took 0.031 seconds
[2021-04-03 15:38:41,279] {scheduler_job.py:182} INFO - Started process (PID=963) to work on /home/airflow/.local/lib/python3.6/site-packages/airflow/example_dags/example_kubernetes_executor_config.py
[2021-04-03 15:38:41,280] {scheduler_job.py:629} INFO - Processing file /home/airflow/.local/lib/python3.6/site-packages/airflow/example_dags/example_kubernetes_executor_config.py for tasks to queue
[2021-04-03 15:38:41,280] {logging_mixin.py:104} INFO - [2021-04-03 15:38:41,280] {dagbag.py:448} INFO - Filling up the DagBag from /home/airflow/.local/lib/python3.6/site-packages/airflow/example_dags/example_kubernetes_executor_config.py
[2021-04-03 15:38:41,287] {scheduler_job.py:639} INFO - DAG(s) dict_keys(['example_kubernetes_executor_config']) retrieved from /home/airflow/.local/lib/python3.6/site-packages/airflow/example_dags/example_kubernetes_executor_config.py
[2021-04-03 15:38:41,297] {logging_mixin.py:104} INFO - [2021-04-03 15:38:41,297] {dag.py:1818} INFO - Sync 1 DAGs
[2021-04-03 15:38:41,304] {logging_mixin.py:104} INFO - [2021-04-03 15:38:41,304] {dag.py:2273} INFO - Setting next_dagrun for example_kubernetes_executor_config to None
[2021-04-03 15:38:41,310] {scheduler_job.py:190} INFO - Processing /home/airflow/.local/lib/python3.6/site-packages/airflow/example_dags/example_kubernetes_executor_config.py took 0.032 seconds
[2021-04-03 15:39:11,885] {scheduler_job.py:182} INFO - Started process (PID=989) to work on /home/airflow/.local/lib/python3.6/site-packages/airflow/example_dags/example_kubernetes_executor_config.py
[2021-04-03 15:39:11,886] {scheduler_job.py:629} INFO - Processing file /home/airflow/.local/lib/python3.6/site-packages/airflow/example_dags/example_kubernetes_executor_config.py for tasks to queue
[2021-04-03 15:39:11,886] {logging_mixin.py:104} INFO - [2021-04-03 15:39:11,886] {dagbag.py:448} INFO - Filling up the DagBag from /home/airflow/.local/lib/python3.6/site-packages/airflow/example_dags/example_kubernetes_executor_config.py
[2021-04-03 15:39:11,892] {scheduler_job.py:639} INFO - DAG(s) dict_keys(['example_kubernetes_executor_config']) retrieved from /home/airflow/.local/lib/python3.6/site-packages/airflow/example_dags/example_kubernetes_executor_config.py
[2021-04-03 15:39:11,903] {logging_mixin.py:104} INFO - [2021-04-03 15:39:11,903] {dag.py:1818} INFO - Sync 1 DAGs
[2021-04-03 15:39:11,910] {logging_mixin.py:104} INFO - [2021-04-03 15:39:11,910] {dag.py:2273} INFO - Setting next_dagrun for example_kubernetes_executor_config to None
[2021-04-03 15:39:11,915] {scheduler_job.py:190} INFO - Processing /home/airflow/.local/lib/python3.6/site-packages/airflow/example_dags/example_kubernetes_executor_config.py took 0.031 seconds
[2021-04-03 15:39:42,522] {scheduler_job.py:182} INFO - Started process (PID=1015) to work on /home/airflow/.local/lib/python3.6/site-packages/airflow/example_dags/example_kubernetes_executor_config.py
[2021-04-03 15:39:42,522] {scheduler_job.py:629} INFO - Processing file /home/airflow/.local/lib/python3.6/site-packages/airflow/example_dags/example_kubernetes_executor_config.py for tasks to queue
[2021-04-03 15:39:42,522] {logging_mixin.py:104} INFO - [2021-04-03 15:39:42,522] {dagbag.py:448} INFO - Filling up the DagBag from /home/airflow/.local/lib/python3.6/site-packages/airflow/example_dags/example_kubernetes_executor_config.py
[2021-04-03 15:39:42,529] {scheduler_job.py:639} INFO - DAG(s) dict_keys(['example_kubernetes_executor_config']) retrieved from /home/airflow/.local/lib/python3.6/site-packages/airflow/example_dags/example_kubernetes_executor_config.py
[2021-04-03 15:39:42,539] {logging_mixin.py:104} INFO - [2021-04-03 15:39:42,539] {dag.py:1818} INFO - Sync 1 DAGs
[2021-04-03 15:39:42,546] {logging_mixin.py:104} INFO - [2021-04-03 15:39:42,546] {dag.py:2273} INFO - Setting next_dagrun for example_kubernetes_executor_config to None
[2021-04-03 15:39:42,553] {scheduler_job.py:190} INFO - Processing /home/airflow/.local/lib/python3.6/site-packages/airflow/example_dags/example_kubernetes_executor_config.py took 0.032 seconds
[2021-04-03 15:40:13,195] {scheduler_job.py:182} INFO - Started process (PID=1041) to work on /home/airflow/.local/lib/python3.6/site-packages/airflow/example_dags/example_kubernetes_executor_config.py
[2021-04-03 15:40:13,197] {scheduler_job.py:629} INFO - Processing file /home/airflow/.local/lib/python3.6/site-packages/airflow/example_dags/example_kubernetes_executor_config.py for tasks to queue
[2021-04-03 15:40:13,199] {logging_mixin.py:104} INFO - [2021-04-03 15:40:13,198] {dagbag.py:448} INFO - Filling up the DagBag from /home/airflow/.local/lib/python3.6/site-packages/airflow/example_dags/example_kubernetes_executor_config.py
[2021-04-03 15:40:13,217] {scheduler_job.py:639} INFO - DAG(s) dict_keys(['example_kubernetes_executor_config']) retrieved from /home/airflow/.local/lib/python3.6/site-packages/airflow/example_dags/example_kubernetes_executor_config.py
[2021-04-03 15:40:13,232] {logging_mixin.py:104} INFO - [2021-04-03 15:40:13,232] {dag.py:1818} INFO - Sync 1 DAGs
[2021-04-03 15:40:13,241] {logging_mixin.py:104} INFO - [2021-04-03 15:40:13,241] {dag.py:2273} INFO - Setting next_dagrun for example_kubernetes_executor_config to None
[2021-04-03 15:40:13,248] {scheduler_job.py:190} INFO - Processing /home/airflow/.local/lib/python3.6/site-packages/airflow/example_dags/example_kubernetes_executor_config.py took 0.060 seconds
[2021-04-03 15:40:43,809] {scheduler_job.py:182} INFO - Started process (PID=1067) to work on /home/airflow/.local/lib/python3.6/site-packages/airflow/example_dags/example_kubernetes_executor_config.py
[2021-04-03 15:40:43,810] {scheduler_job.py:629} INFO - Processing file /home/airflow/.local/lib/python3.6/site-packages/airflow/example_dags/example_kubernetes_executor_config.py for tasks to queue
[2021-04-03 15:40:43,810] {logging_mixin.py:104} INFO - [2021-04-03 15:40:43,810] {dagbag.py:448} INFO - Filling up the DagBag from /home/airflow/.local/lib/python3.6/site-packages/airflow/example_dags/example_kubernetes_executor_config.py
[2021-04-03 15:40:43,817] {scheduler_job.py:639} INFO - DAG(s) dict_keys(['example_kubernetes_executor_config']) retrieved from /home/airflow/.local/lib/python3.6/site-packages/airflow/example_dags/example_kubernetes_executor_config.py
[2021-04-03 15:40:43,827] {logging_mixin.py:104} INFO - [2021-04-03 15:40:43,827] {dag.py:1818} INFO - Sync 1 DAGs
[2021-04-03 15:40:43,834] {logging_mixin.py:104} INFO - [2021-04-03 15:40:43,834] {dag.py:2273} INFO - Setting next_dagrun for example_kubernetes_executor_config to None
[2021-04-03 15:40:43,840] {scheduler_job.py:190} INFO - Processing /home/airflow/.local/lib/python3.6/site-packages/airflow/example_dags/example_kubernetes_executor_config.py took 0.032 seconds
[2021-04-03 15:41:14,422] {scheduler_job.py:182} INFO - Started process (PID=1093) to work on /home/airflow/.local/lib/python3.6/site-packages/airflow/example_dags/example_kubernetes_executor_config.py
[2021-04-03 15:41:14,422] {scheduler_job.py:629} INFO - Processing file /home/airflow/.local/lib/python3.6/site-packages/airflow/example_dags/example_kubernetes_executor_config.py for tasks to queue
[2021-04-03 15:41:14,422] {logging_mixin.py:104} INFO - [2021-04-03 15:41:14,422] {dagbag.py:448} INFO - Filling up the DagBag from /home/airflow/.local/lib/python3.6/site-packages/airflow/example_dags/example_kubernetes_executor_config.py
[2021-04-03 15:41:14,429] {scheduler_job.py:639} INFO - DAG(s) dict_keys(['example_kubernetes_executor_config']) retrieved from /home/airflow/.local/lib/python3.6/site-packages/airflow/example_dags/example_kubernetes_executor_config.py
[2021-04-03 15:41:14,439] {logging_mixin.py:104} INFO - [2021-04-03 15:41:14,439] {dag.py:1818} INFO - Sync 1 DAGs
[2021-04-03 15:41:14,446] {logging_mixin.py:104} INFO - [2021-04-03 15:41:14,446] {dag.py:2273} INFO - Setting next_dagrun for example_kubernetes_executor_config to None
[2021-04-03 15:41:14,452] {scheduler_job.py:190} INFO - Processing /home/airflow/.local/lib/python3.6/site-packages/airflow/example_dags/example_kubernetes_executor_config.py took 0.031 seconds
[2021-04-03 15:41:45,087] {scheduler_job.py:182} INFO - Started process (PID=1119) to work on /home/airflow/.local/lib/python3.6/site-packages/airflow/example_dags/example_kubernetes_executor_config.py
[2021-04-03 15:41:45,088] {scheduler_job.py:629} INFO - Processing file /home/airflow/.local/lib/python3.6/site-packages/airflow/example_dags/example_kubernetes_executor_config.py for tasks to queue
[2021-04-03 15:41:45,088] {logging_mixin.py:104} INFO - [2021-04-03 15:41:45,088] {dagbag.py:448} INFO - Filling up the DagBag from /home/airflow/.local/lib/python3.6/site-packages/airflow/example_dags/example_kubernetes_executor_config.py
[2021-04-03 15:41:45,094] {scheduler_job.py:639} INFO - DAG(s) dict_keys(['example_kubernetes_executor_config']) retrieved from /home/airflow/.local/lib/python3.6/site-packages/airflow/example_dags/example_kubernetes_executor_config.py
[2021-04-03 15:41:45,105] {logging_mixin.py:104} INFO - [2021-04-03 15:41:45,105] {dag.py:1818} INFO - Sync 1 DAGs
[2021-04-03 15:41:45,111] {logging_mixin.py:104} INFO - [2021-04-03 15:41:45,111] {dag.py:2273} INFO - Setting next_dagrun for example_kubernetes_executor_config to None
[2021-04-03 15:41:45,118] {scheduler_job.py:190} INFO - Processing /home/airflow/.local/lib/python3.6/site-packages/airflow/example_dags/example_kubernetes_executor_config.py took 0.032 seconds
[2021-04-03 15:42:15,708] {scheduler_job.py:182} INFO - Started process (PID=1145) to work on /home/airflow/.local/lib/python3.6/site-packages/airflow/example_dags/example_kubernetes_executor_config.py
[2021-04-03 15:42:15,709] {scheduler_job.py:629} INFO - Processing file /home/airflow/.local/lib/python3.6/site-packages/airflow/example_dags/example_kubernetes_executor_config.py for tasks to queue
[2021-04-03 15:42:15,709] {logging_mixin.py:104} INFO - [2021-04-03 15:42:15,709] {dagbag.py:448} INFO - Filling up the DagBag from /home/airflow/.local/lib/python3.6/site-packages/airflow/example_dags/example_kubernetes_executor_config.py
[2021-04-03 15:42:15,715] {scheduler_job.py:639} INFO - DAG(s) dict_keys(['example_kubernetes_executor_config']) retrieved from /home/airflow/.local/lib/python3.6/site-packages/airflow/example_dags/example_kubernetes_executor_config.py
[2021-04-03 15:42:15,726] {logging_mixin.py:104} INFO - [2021-04-03 15:42:15,726] {dag.py:1818} INFO - Sync 1 DAGs
[2021-04-03 15:42:15,734] {logging_mixin.py:104} INFO - [2021-04-03 15:42:15,733] {dag.py:2273} INFO - Setting next_dagrun for example_kubernetes_executor_config to None
[2021-04-03 15:42:15,740] {scheduler_job.py:190} INFO - Processing /home/airflow/.local/lib/python3.6/site-packages/airflow/example_dags/example_kubernetes_executor_config.py took 0.033 seconds
[2021-04-03 15:42:46,362] {scheduler_job.py:182} INFO - Started process (PID=1171) to work on /home/airflow/.local/lib/python3.6/site-packages/airflow/example_dags/example_kubernetes_executor_config.py
[2021-04-03 15:42:46,363] {scheduler_job.py:629} INFO - Processing file /home/airflow/.local/lib/python3.6/site-packages/airflow/example_dags/example_kubernetes_executor_config.py for tasks to queue
[2021-04-03 15:42:46,363] {logging_mixin.py:104} INFO - [2021-04-03 15:42:46,363] {dagbag.py:448} INFO - Filling up the DagBag from /home/airflow/.local/lib/python3.6/site-packages/airflow/example_dags/example_kubernetes_executor_config.py
[2021-04-03 15:42:46,369] {scheduler_job.py:639} INFO - DAG(s) dict_keys(['example_kubernetes_executor_config']) retrieved from /home/airflow/.local/lib/python3.6/site-packages/airflow/example_dags/example_kubernetes_executor_config.py
[2021-04-03 15:42:46,380] {logging_mixin.py:104} INFO - [2021-04-03 15:42:46,380] {dag.py:1818} INFO - Sync 1 DAGs
[2021-04-03 15:42:46,387] {logging_mixin.py:104} INFO - [2021-04-03 15:42:46,387] {dag.py:2273} INFO - Setting next_dagrun for example_kubernetes_executor_config to None
[2021-04-03 15:42:46,393] {scheduler_job.py:190} INFO - Processing /home/airflow/.local/lib/python3.6/site-packages/airflow/example_dags/example_kubernetes_executor_config.py took 0.032 seconds
[2021-04-03 15:43:16,950] {scheduler_job.py:182} INFO - Started process (PID=1197) to work on /home/airflow/.local/lib/python3.6/site-packages/airflow/example_dags/example_kubernetes_executor_config.py
[2021-04-03 15:43:16,951] {scheduler_job.py:629} INFO - Processing file /home/airflow/.local/lib/python3.6/site-packages/airflow/example_dags/example_kubernetes_executor_config.py for tasks to queue
[2021-04-03 15:43:16,951] {logging_mixin.py:104} INFO - [2021-04-03 15:43:16,951] {dagbag.py:448} INFO - Filling up the DagBag from /home/airflow/.local/lib/python3.6/site-packages/airflow/example_dags/example_kubernetes_executor_config.py
[2021-04-03 15:43:16,958] {scheduler_job.py:639} INFO - DAG(s) dict_keys(['example_kubernetes_executor_config']) retrieved from /home/airflow/.local/lib/python3.6/site-packages/airflow/example_dags/example_kubernetes_executor_config.py
[2021-04-03 15:43:16,968] {logging_mixin.py:104} INFO - [2021-04-03 15:43:16,968] {dag.py:1818} INFO - Sync 1 DAGs
[2021-04-03 15:43:16,975] {logging_mixin.py:104} INFO - [2021-04-03 15:43:16,975] {dag.py:2273} INFO - Setting next_dagrun for example_kubernetes_executor_config to None
[2021-04-03 15:43:16,981] {scheduler_job.py:190} INFO - Processing /home/airflow/.local/lib/python3.6/site-packages/airflow/example_dags/example_kubernetes_executor_config.py took 0.032 seconds
[2021-04-03 15:43:47,533] {scheduler_job.py:182} INFO - Started process (PID=1223) to work on /home/airflow/.local/lib/python3.6/site-packages/airflow/example_dags/example_kubernetes_executor_config.py
[2021-04-03 15:43:47,534] {scheduler_job.py:629} INFO - Processing file /home/airflow/.local/lib/python3.6/site-packages/airflow/example_dags/example_kubernetes_executor_config.py for tasks to queue
[2021-04-03 15:43:47,534] {logging_mixin.py:104} INFO - [2021-04-03 15:43:47,534] {dagbag.py:448} INFO - Filling up the DagBag from /home/airflow/.local/lib/python3.6/site-packages/airflow/example_dags/example_kubernetes_executor_config.py
[2021-04-03 15:43:47,540] {scheduler_job.py:639} INFO - DAG(s) dict_keys(['example_kubernetes_executor_config']) retrieved from /home/airflow/.local/lib/python3.6/site-packages/airflow/example_dags/example_kubernetes_executor_config.py
[2021-04-03 15:43:47,550] {logging_mixin.py:104} INFO - [2021-04-03 15:43:47,550] {dag.py:1818} INFO - Sync 1 DAGs
[2021-04-03 15:43:47,557] {logging_mixin.py:104} INFO - [2021-04-03 15:43:47,557] {dag.py:2273} INFO - Setting next_dagrun for example_kubernetes_executor_config to None
[2021-04-03 15:43:47,562] {scheduler_job.py:190} INFO - Processing /home/airflow/.local/lib/python3.6/site-packages/airflow/example_dags/example_kubernetes_executor_config.py took 0.031 seconds
[2021-04-03 15:44:18,148] {scheduler_job.py:182} INFO - Started process (PID=1249) to work on /home/airflow/.local/lib/python3.6/site-packages/airflow/example_dags/example_kubernetes_executor_config.py
[2021-04-03 15:44:18,148] {scheduler_job.py:629} INFO - Processing file /home/airflow/.local/lib/python3.6/site-packages/airflow/example_dags/example_kubernetes_executor_config.py for tasks to queue
[2021-04-03 15:44:18,148] {logging_mixin.py:104} INFO - [2021-04-03 15:44:18,148] {dagbag.py:448} INFO - Filling up the DagBag from /home/airflow/.local/lib/python3.6/site-packages/airflow/example_dags/example_kubernetes_executor_config.py
[2021-04-03 15:44:18,154] {scheduler_job.py:639} INFO - DAG(s) dict_keys(['example_kubernetes_executor_config']) retrieved from /home/airflow/.local/lib/python3.6/site-packages/airflow/example_dags/example_kubernetes_executor_config.py
[2021-04-03 15:44:18,165] {logging_mixin.py:104} INFO - [2021-04-03 15:44:18,165] {dag.py:1818} INFO - Sync 1 DAGs
[2021-04-03 15:44:18,172] {logging_mixin.py:104} INFO - [2021-04-03 15:44:18,172] {dag.py:2273} INFO - Setting next_dagrun for example_kubernetes_executor_config to None
[2021-04-03 15:44:18,178] {scheduler_job.py:190} INFO - Processing /home/airflow/.local/lib/python3.6/site-packages/airflow/example_dags/example_kubernetes_executor_config.py took 0.032 seconds
[2021-04-03 15:44:48,710] {scheduler_job.py:182} INFO - Started process (PID=1275) to work on /home/airflow/.local/lib/python3.6/site-packages/airflow/example_dags/example_kubernetes_executor_config.py
[2021-04-03 15:44:48,710] {scheduler_job.py:629} INFO - Processing file /home/airflow/.local/lib/python3.6/site-packages/airflow/example_dags/example_kubernetes_executor_config.py for tasks to queue
[2021-04-03 15:44:48,711] {logging_mixin.py:104} INFO - [2021-04-03 15:44:48,711] {dagbag.py:448} INFO - Filling up the DagBag from /home/airflow/.local/lib/python3.6/site-packages/airflow/example_dags/example_kubernetes_executor_config.py
[2021-04-03 15:44:48,717] {scheduler_job.py:639} INFO - DAG(s) dict_keys(['example_kubernetes_executor_config']) retrieved from /home/airflow/.local/lib/python3.6/site-packages/airflow/example_dags/example_kubernetes_executor_config.py
[2021-04-03 15:44:48,727] {logging_mixin.py:104} INFO - [2021-04-03 15:44:48,727] {dag.py:1818} INFO - Sync 1 DAGs
[2021-04-03 15:44:48,734] {logging_mixin.py:104} INFO - [2021-04-03 15:44:48,734] {dag.py:2273} INFO - Setting next_dagrun for example_kubernetes_executor_config to None
[2021-04-03 15:44:48,743] {scheduler_job.py:190} INFO - Processing /home/airflow/.local/lib/python3.6/site-packages/airflow/example_dags/example_kubernetes_executor_config.py took 0.034 seconds
[2021-04-03 15:45:19,309] {scheduler_job.py:182} INFO - Started process (PID=1301) to work on /home/airflow/.local/lib/python3.6/site-packages/airflow/example_dags/example_kubernetes_executor_config.py
[2021-04-03 15:45:19,310] {scheduler_job.py:629} INFO - Processing file /home/airflow/.local/lib/python3.6/site-packages/airflow/example_dags/example_kubernetes_executor_config.py for tasks to queue
[2021-04-03 15:45:19,310] {logging_mixin.py:104} INFO - [2021-04-03 15:45:19,310] {dagbag.py:448} INFO - Filling up the DagBag from /home/airflow/.local/lib/python3.6/site-packages/airflow/example_dags/example_kubernetes_executor_config.py
[2021-04-03 15:45:19,316] {scheduler_job.py:639} INFO - DAG(s) dict_keys(['example_kubernetes_executor_config']) retrieved from /home/airflow/.local/lib/python3.6/site-packages/airflow/example_dags/example_kubernetes_executor_config.py
[2021-04-03 15:45:19,326] {logging_mixin.py:104} INFO - [2021-04-03 15:45:19,326] {dag.py:1818} INFO - Sync 1 DAGs
[2021-04-03 15:45:19,333] {logging_mixin.py:104} INFO - [2021-04-03 15:45:19,333] {dag.py:2273} INFO - Setting next_dagrun for example_kubernetes_executor_config to None
[2021-04-03 15:45:19,338] {scheduler_job.py:190} INFO - Processing /home/airflow/.local/lib/python3.6/site-packages/airflow/example_dags/example_kubernetes_executor_config.py took 0.030 seconds
[2021-04-03 15:45:49,890] {scheduler_job.py:182} INFO - Started process (PID=1327) to work on /home/airflow/.local/lib/python3.6/site-packages/airflow/example_dags/example_kubernetes_executor_config.py
[2021-04-03 15:45:49,891] {scheduler_job.py:629} INFO - Processing file /home/airflow/.local/lib/python3.6/site-packages/airflow/example_dags/example_kubernetes_executor_config.py for tasks to queue
[2021-04-03 15:45:49,891] {logging_mixin.py:104} INFO - [2021-04-03 15:45:49,891] {dagbag.py:448} INFO - Filling up the DagBag from /home/airflow/.local/lib/python3.6/site-packages/airflow/example_dags/example_kubernetes_executor_config.py
[2021-04-03 15:45:49,898] {scheduler_job.py:639} INFO - DAG(s) dict_keys(['example_kubernetes_executor_config']) retrieved from /home/airflow/.local/lib/python3.6/site-packages/airflow/example_dags/example_kubernetes_executor_config.py
[2021-04-03 15:45:49,908] {logging_mixin.py:104} INFO - [2021-04-03 15:45:49,908] {dag.py:1818} INFO - Sync 1 DAGs
[2021-04-03 15:45:49,915] {logging_mixin.py:104} INFO - [2021-04-03 15:45:49,915] {dag.py:2273} INFO - Setting next_dagrun for example_kubernetes_executor_config to None
[2021-04-03 15:45:49,922] {scheduler_job.py:190} INFO - Processing /home/airflow/.local/lib/python3.6/site-packages/airflow/example_dags/example_kubernetes_executor_config.py took 0.032 seconds
[2021-04-03 15:46:20,459] {scheduler_job.py:182} INFO - Started process (PID=1353) to work on /home/airflow/.local/lib/python3.6/site-packages/airflow/example_dags/example_kubernetes_executor_config.py
[2021-04-03 15:46:20,460] {scheduler_job.py:629} INFO - Processing file /home/airflow/.local/lib/python3.6/site-packages/airflow/example_dags/example_kubernetes_executor_config.py for tasks to queue
[2021-04-03 15:46:20,460] {logging_mixin.py:104} INFO - [2021-04-03 15:46:20,460] {dagbag.py:448} INFO - Filling up the DagBag from /home/airflow/.local/lib/python3.6/site-packages/airflow/example_dags/example_kubernetes_executor_config.py
[2021-04-03 15:46:20,467] {scheduler_job.py:639} INFO - DAG(s) dict_keys(['example_kubernetes_executor_config']) retrieved from /home/airflow/.local/lib/python3.6/site-packages/airflow/example_dags/example_kubernetes_executor_config.py
[2021-04-03 15:46:20,479] {logging_mixin.py:104} INFO - [2021-04-03 15:46:20,479] {dag.py:1818} INFO - Sync 1 DAGs
[2021-04-03 15:46:20,487] {logging_mixin.py:104} INFO - [2021-04-03 15:46:20,487] {dag.py:2273} INFO - Setting next_dagrun for example_kubernetes_executor_config to None
[2021-04-03 15:46:20,493] {scheduler_job.py:190} INFO - Processing /home/airflow/.local/lib/python3.6/site-packages/airflow/example_dags/example_kubernetes_executor_config.py took 0.035 seconds
[2021-04-03 15:46:51,045] {scheduler_job.py:182} INFO - Started process (PID=1379) to work on /home/airflow/.local/lib/python3.6/site-packages/airflow/example_dags/example_kubernetes_executor_config.py
[2021-04-03 15:46:51,046] {scheduler_job.py:629} INFO - Processing file /home/airflow/.local/lib/python3.6/site-packages/airflow/example_dags/example_kubernetes_executor_config.py for tasks to queue
[2021-04-03 15:46:51,046] {logging_mixin.py:104} INFO - [2021-04-03 15:46:51,046] {dagbag.py:448} INFO - Filling up the DagBag from /home/airflow/.local/lib/python3.6/site-packages/airflow/example_dags/example_kubernetes_executor_config.py
[2021-04-03 15:46:51,052] {scheduler_job.py:639} INFO - DAG(s) dict_keys(['example_kubernetes_executor_config']) retrieved from /home/airflow/.local/lib/python3.6/site-packages/airflow/example_dags/example_kubernetes_executor_config.py
[2021-04-03 15:46:51,062] {logging_mixin.py:104} INFO - [2021-04-03 15:46:51,062] {dag.py:1818} INFO - Sync 1 DAGs
[2021-04-03 15:46:51,069] {logging_mixin.py:104} INFO - [2021-04-03 15:46:51,069] {dag.py:2273} INFO - Setting next_dagrun for example_kubernetes_executor_config to None
[2021-04-03 15:46:51,074] {scheduler_job.py:190} INFO - Processing /home/airflow/.local/lib/python3.6/site-packages/airflow/example_dags/example_kubernetes_executor_config.py took 0.030 seconds
[2021-04-03 15:47:21,604] {scheduler_job.py:182} INFO - Started process (PID=1405) to work on /home/airflow/.local/lib/python3.6/site-packages/airflow/example_dags/example_kubernetes_executor_config.py
[2021-04-03 15:47:21,605] {scheduler_job.py:629} INFO - Processing file /home/airflow/.local/lib/python3.6/site-packages/airflow/example_dags/example_kubernetes_executor_config.py for tasks to queue
[2021-04-03 15:47:21,605] {logging_mixin.py:104} INFO - [2021-04-03 15:47:21,605] {dagbag.py:448} INFO - Filling up the DagBag from /home/airflow/.local/lib/python3.6/site-packages/airflow/example_dags/example_kubernetes_executor_config.py
[2021-04-03 15:47:21,611] {scheduler_job.py:639} INFO - DAG(s) dict_keys(['example_kubernetes_executor_config']) retrieved from /home/airflow/.local/lib/python3.6/site-packages/airflow/example_dags/example_kubernetes_executor_config.py
[2021-04-03 15:47:21,622] {logging_mixin.py:104} INFO - [2021-04-03 15:47:21,622] {dag.py:1818} INFO - Sync 1 DAGs
[2021-04-03 15:47:21,629] {logging_mixin.py:104} INFO - [2021-04-03 15:47:21,629] {dag.py:2273} INFO - Setting next_dagrun for example_kubernetes_executor_config to None
[2021-04-03 15:47:21,634] {scheduler_job.py:190} INFO - Processing /home/airflow/.local/lib/python3.6/site-packages/airflow/example_dags/example_kubernetes_executor_config.py took 0.031 seconds
[2021-04-03 15:47:52,203] {scheduler_job.py:182} INFO - Started process (PID=1431) to work on /home/airflow/.local/lib/python3.6/site-packages/airflow/example_dags/example_kubernetes_executor_config.py
[2021-04-03 15:47:52,204] {scheduler_job.py:629} INFO - Processing file /home/airflow/.local/lib/python3.6/site-packages/airflow/example_dags/example_kubernetes_executor_config.py for tasks to queue
[2021-04-03 15:47:52,204] {logging_mixin.py:104} INFO - [2021-04-03 15:47:52,204] {dagbag.py:448} INFO - Filling up the DagBag from /home/airflow/.local/lib/python3.6/site-packages/airflow/example_dags/example_kubernetes_executor_config.py
[2021-04-03 15:47:52,210] {scheduler_job.py:639} INFO - DAG(s) dict_keys(['example_kubernetes_executor_config']) retrieved from /home/airflow/.local/lib/python3.6/site-packages/airflow/example_dags/example_kubernetes_executor_config.py
[2021-04-03 15:47:52,223] {logging_mixin.py:104} INFO - [2021-04-03 15:47:52,222] {dag.py:1818} INFO - Sync 1 DAGs
[2021-04-03 15:47:52,232] {logging_mixin.py:104} INFO - [2021-04-03 15:47:52,232] {dag.py:2273} INFO - Setting next_dagrun for example_kubernetes_executor_config to None
[2021-04-03 15:47:52,238] {scheduler_job.py:190} INFO - Processing /home/airflow/.local/lib/python3.6/site-packages/airflow/example_dags/example_kubernetes_executor_config.py took 0.036 seconds
