[2021-04-03 12:21:06,682] {scheduler_job.py:182} INFO - Started process (PID=54) to work on /home/airflow/.local/lib/python3.6/site-packages/airflow/example_dags/example_branch_python_dop_operator_3.py
[2021-04-03 12:21:06,682] {scheduler_job.py:629} INFO - Processing file /home/airflow/.local/lib/python3.6/site-packages/airflow/example_dags/example_branch_python_dop_operator_3.py for tasks to queue
[2021-04-03 12:21:06,683] {logging_mixin.py:104} INFO - [2021-04-03 12:21:06,683] {dagbag.py:448} INFO - Filling up the DagBag from /home/airflow/.local/lib/python3.6/site-packages/airflow/example_dags/example_branch_python_dop_operator_3.py
[2021-04-03 12:21:06,690] {scheduler_job.py:639} INFO - DAG(s) dict_keys(['example_branch_dop_operator_v3']) retrieved from /home/airflow/.local/lib/python3.6/site-packages/airflow/example_dags/example_branch_python_dop_operator_3.py
[2021-04-03 12:21:06,701] {logging_mixin.py:104} INFO - [2021-04-03 12:21:06,701] {dag.py:1818} INFO - Sync 1 DAGs
[2021-04-03 12:21:06,717] {logging_mixin.py:104} INFO - [2021-04-03 12:21:06,717] {dag.py:2273} INFO - Setting next_dagrun for example_branch_dop_operator_v3 to 2021-04-01 00:00:00+00:00
[2021-04-03 12:21:06,724] {scheduler_job.py:190} INFO - Processing /home/airflow/.local/lib/python3.6/site-packages/airflow/example_dags/example_branch_python_dop_operator_3.py took 0.044 seconds
[2021-04-03 15:21:20,997] {scheduler_job.py:182} INFO - Started process (PID=80) to work on /home/airflow/.local/lib/python3.6/site-packages/airflow/example_dags/example_branch_python_dop_operator_3.py
[2021-04-03 15:21:20,998] {scheduler_job.py:629} INFO - Processing file /home/airflow/.local/lib/python3.6/site-packages/airflow/example_dags/example_branch_python_dop_operator_3.py for tasks to queue
[2021-04-03 15:21:20,998] {logging_mixin.py:104} INFO - [2021-04-03 15:21:20,998] {dagbag.py:448} INFO - Filling up the DagBag from /home/airflow/.local/lib/python3.6/site-packages/airflow/example_dags/example_branch_python_dop_operator_3.py
[2021-04-03 15:21:21,006] {scheduler_job.py:639} INFO - DAG(s) dict_keys(['example_branch_dop_operator_v3']) retrieved from /home/airflow/.local/lib/python3.6/site-packages/airflow/example_dags/example_branch_python_dop_operator_3.py
[2021-04-03 15:21:21,018] {logging_mixin.py:104} INFO - [2021-04-03 15:21:21,017] {dag.py:1818} INFO - Sync 1 DAGs
[2021-04-03 15:21:21,036] {logging_mixin.py:104} INFO - [2021-04-03 15:21:21,036] {dag.py:2273} INFO - Setting next_dagrun for example_branch_dop_operator_v3 to 2021-04-01 00:00:00+00:00
[2021-04-03 15:21:21,043] {scheduler_job.py:190} INFO - Processing /home/airflow/.local/lib/python3.6/site-packages/airflow/example_dags/example_branch_python_dop_operator_3.py took 0.047 seconds
[2021-04-03 15:21:51,653] {scheduler_job.py:182} INFO - Started process (PID=106) to work on /home/airflow/.local/lib/python3.6/site-packages/airflow/example_dags/example_branch_python_dop_operator_3.py
[2021-04-03 15:21:51,654] {scheduler_job.py:629} INFO - Processing file /home/airflow/.local/lib/python3.6/site-packages/airflow/example_dags/example_branch_python_dop_operator_3.py for tasks to queue
[2021-04-03 15:21:51,654] {logging_mixin.py:104} INFO - [2021-04-03 15:21:51,654] {dagbag.py:448} INFO - Filling up the DagBag from /home/airflow/.local/lib/python3.6/site-packages/airflow/example_dags/example_branch_python_dop_operator_3.py
[2021-04-03 15:21:51,662] {scheduler_job.py:639} INFO - DAG(s) dict_keys(['example_branch_dop_operator_v3']) retrieved from /home/airflow/.local/lib/python3.6/site-packages/airflow/example_dags/example_branch_python_dop_operator_3.py
[2021-04-03 15:21:51,672] {logging_mixin.py:104} INFO - [2021-04-03 15:21:51,671] {dag.py:1818} INFO - Sync 1 DAGs
[2021-04-03 15:21:51,690] {logging_mixin.py:104} INFO - [2021-04-03 15:21:51,690] {dag.py:2273} INFO - Setting next_dagrun for example_branch_dop_operator_v3 to 2021-04-01 00:00:00+00:00
[2021-04-03 15:21:51,695] {scheduler_job.py:190} INFO - Processing /home/airflow/.local/lib/python3.6/site-packages/airflow/example_dags/example_branch_python_dop_operator_3.py took 0.044 seconds
[2021-04-03 15:22:22,231] {scheduler_job.py:182} INFO - Started process (PID=132) to work on /home/airflow/.local/lib/python3.6/site-packages/airflow/example_dags/example_branch_python_dop_operator_3.py
[2021-04-03 15:22:22,232] {scheduler_job.py:629} INFO - Processing file /home/airflow/.local/lib/python3.6/site-packages/airflow/example_dags/example_branch_python_dop_operator_3.py for tasks to queue
[2021-04-03 15:22:22,232] {logging_mixin.py:104} INFO - [2021-04-03 15:22:22,232] {dagbag.py:448} INFO - Filling up the DagBag from /home/airflow/.local/lib/python3.6/site-packages/airflow/example_dags/example_branch_python_dop_operator_3.py
[2021-04-03 15:22:22,239] {scheduler_job.py:639} INFO - DAG(s) dict_keys(['example_branch_dop_operator_v3']) retrieved from /home/airflow/.local/lib/python3.6/site-packages/airflow/example_dags/example_branch_python_dop_operator_3.py
[2021-04-03 15:22:22,248] {logging_mixin.py:104} INFO - [2021-04-03 15:22:22,248] {dag.py:1818} INFO - Sync 1 DAGs
[2021-04-03 15:22:22,262] {logging_mixin.py:104} INFO - [2021-04-03 15:22:22,262] {dag.py:2273} INFO - Setting next_dagrun for example_branch_dop_operator_v3 to 2021-04-01 00:00:00+00:00
[2021-04-03 15:22:22,268] {scheduler_job.py:190} INFO - Processing /home/airflow/.local/lib/python3.6/site-packages/airflow/example_dags/example_branch_python_dop_operator_3.py took 0.038 seconds
[2021-04-03 15:22:52,824] {scheduler_job.py:182} INFO - Started process (PID=158) to work on /home/airflow/.local/lib/python3.6/site-packages/airflow/example_dags/example_branch_python_dop_operator_3.py
[2021-04-03 15:22:52,825] {scheduler_job.py:629} INFO - Processing file /home/airflow/.local/lib/python3.6/site-packages/airflow/example_dags/example_branch_python_dop_operator_3.py for tasks to queue
[2021-04-03 15:22:52,825] {logging_mixin.py:104} INFO - [2021-04-03 15:22:52,825] {dagbag.py:448} INFO - Filling up the DagBag from /home/airflow/.local/lib/python3.6/site-packages/airflow/example_dags/example_branch_python_dop_operator_3.py
[2021-04-03 15:22:52,831] {scheduler_job.py:639} INFO - DAG(s) dict_keys(['example_branch_dop_operator_v3']) retrieved from /home/airflow/.local/lib/python3.6/site-packages/airflow/example_dags/example_branch_python_dop_operator_3.py
[2021-04-03 15:22:52,841] {logging_mixin.py:104} INFO - [2021-04-03 15:22:52,841] {dag.py:1818} INFO - Sync 1 DAGs
[2021-04-03 15:22:52,856] {logging_mixin.py:104} INFO - [2021-04-03 15:22:52,856] {dag.py:2273} INFO - Setting next_dagrun for example_branch_dop_operator_v3 to 2021-04-01 00:00:00+00:00
[2021-04-03 15:22:52,861] {scheduler_job.py:190} INFO - Processing /home/airflow/.local/lib/python3.6/site-packages/airflow/example_dags/example_branch_python_dop_operator_3.py took 0.038 seconds
[2021-04-03 15:23:23,445] {scheduler_job.py:182} INFO - Started process (PID=184) to work on /home/airflow/.local/lib/python3.6/site-packages/airflow/example_dags/example_branch_python_dop_operator_3.py
[2021-04-03 15:23:23,445] {scheduler_job.py:629} INFO - Processing file /home/airflow/.local/lib/python3.6/site-packages/airflow/example_dags/example_branch_python_dop_operator_3.py for tasks to queue
[2021-04-03 15:23:23,445] {logging_mixin.py:104} INFO - [2021-04-03 15:23:23,445] {dagbag.py:448} INFO - Filling up the DagBag from /home/airflow/.local/lib/python3.6/site-packages/airflow/example_dags/example_branch_python_dop_operator_3.py
[2021-04-03 15:23:23,452] {scheduler_job.py:639} INFO - DAG(s) dict_keys(['example_branch_dop_operator_v3']) retrieved from /home/airflow/.local/lib/python3.6/site-packages/airflow/example_dags/example_branch_python_dop_operator_3.py
[2021-04-03 15:23:23,461] {logging_mixin.py:104} INFO - [2021-04-03 15:23:23,461] {dag.py:1818} INFO - Sync 1 DAGs
[2021-04-03 15:23:23,476] {logging_mixin.py:104} INFO - [2021-04-03 15:23:23,476] {dag.py:2273} INFO - Setting next_dagrun for example_branch_dop_operator_v3 to 2021-04-01 00:00:00+00:00
[2021-04-03 15:23:23,482] {scheduler_job.py:190} INFO - Processing /home/airflow/.local/lib/python3.6/site-packages/airflow/example_dags/example_branch_python_dop_operator_3.py took 0.039 seconds
[2021-04-03 15:23:54,017] {scheduler_job.py:182} INFO - Started process (PID=210) to work on /home/airflow/.local/lib/python3.6/site-packages/airflow/example_dags/example_branch_python_dop_operator_3.py
[2021-04-03 15:23:54,018] {scheduler_job.py:629} INFO - Processing file /home/airflow/.local/lib/python3.6/site-packages/airflow/example_dags/example_branch_python_dop_operator_3.py for tasks to queue
[2021-04-03 15:23:54,018] {logging_mixin.py:104} INFO - [2021-04-03 15:23:54,018] {dagbag.py:448} INFO - Filling up the DagBag from /home/airflow/.local/lib/python3.6/site-packages/airflow/example_dags/example_branch_python_dop_operator_3.py
[2021-04-03 15:23:54,025] {scheduler_job.py:639} INFO - DAG(s) dict_keys(['example_branch_dop_operator_v3']) retrieved from /home/airflow/.local/lib/python3.6/site-packages/airflow/example_dags/example_branch_python_dop_operator_3.py
[2021-04-03 15:23:54,035] {logging_mixin.py:104} INFO - [2021-04-03 15:23:54,035] {dag.py:1818} INFO - Sync 1 DAGs
[2021-04-03 15:23:54,051] {logging_mixin.py:104} INFO - [2021-04-03 15:23:54,051] {dag.py:2273} INFO - Setting next_dagrun for example_branch_dop_operator_v3 to 2021-04-01 00:00:00+00:00
[2021-04-03 15:23:54,057] {scheduler_job.py:190} INFO - Processing /home/airflow/.local/lib/python3.6/site-packages/airflow/example_dags/example_branch_python_dop_operator_3.py took 0.041 seconds
[2021-04-03 15:24:24,596] {scheduler_job.py:182} INFO - Started process (PID=236) to work on /home/airflow/.local/lib/python3.6/site-packages/airflow/example_dags/example_branch_python_dop_operator_3.py
[2021-04-03 15:24:24,596] {scheduler_job.py:629} INFO - Processing file /home/airflow/.local/lib/python3.6/site-packages/airflow/example_dags/example_branch_python_dop_operator_3.py for tasks to queue
[2021-04-03 15:24:24,597] {logging_mixin.py:104} INFO - [2021-04-03 15:24:24,596] {dagbag.py:448} INFO - Filling up the DagBag from /home/airflow/.local/lib/python3.6/site-packages/airflow/example_dags/example_branch_python_dop_operator_3.py
[2021-04-03 15:24:24,603] {scheduler_job.py:639} INFO - DAG(s) dict_keys(['example_branch_dop_operator_v3']) retrieved from /home/airflow/.local/lib/python3.6/site-packages/airflow/example_dags/example_branch_python_dop_operator_3.py
[2021-04-03 15:24:24,613] {logging_mixin.py:104} INFO - [2021-04-03 15:24:24,613] {dag.py:1818} INFO - Sync 1 DAGs
[2021-04-03 15:24:24,628] {logging_mixin.py:104} INFO - [2021-04-03 15:24:24,628] {dag.py:2273} INFO - Setting next_dagrun for example_branch_dop_operator_v3 to 2021-04-01 00:00:00+00:00
[2021-04-03 15:24:24,634] {scheduler_job.py:190} INFO - Processing /home/airflow/.local/lib/python3.6/site-packages/airflow/example_dags/example_branch_python_dop_operator_3.py took 0.040 seconds
[2021-04-03 15:24:55,176] {scheduler_job.py:182} INFO - Started process (PID=262) to work on /home/airflow/.local/lib/python3.6/site-packages/airflow/example_dags/example_branch_python_dop_operator_3.py
[2021-04-03 15:24:55,176] {scheduler_job.py:629} INFO - Processing file /home/airflow/.local/lib/python3.6/site-packages/airflow/example_dags/example_branch_python_dop_operator_3.py for tasks to queue
[2021-04-03 15:24:55,176] {logging_mixin.py:104} INFO - [2021-04-03 15:24:55,176] {dagbag.py:448} INFO - Filling up the DagBag from /home/airflow/.local/lib/python3.6/site-packages/airflow/example_dags/example_branch_python_dop_operator_3.py
[2021-04-03 15:24:55,183] {scheduler_job.py:639} INFO - DAG(s) dict_keys(['example_branch_dop_operator_v3']) retrieved from /home/airflow/.local/lib/python3.6/site-packages/airflow/example_dags/example_branch_python_dop_operator_3.py
[2021-04-03 15:24:55,193] {logging_mixin.py:104} INFO - [2021-04-03 15:24:55,193] {dag.py:1818} INFO - Sync 1 DAGs
[2021-04-03 15:24:55,208] {logging_mixin.py:104} INFO - [2021-04-03 15:24:55,208] {dag.py:2273} INFO - Setting next_dagrun for example_branch_dop_operator_v3 to 2021-04-01 00:00:00+00:00
[2021-04-03 15:24:55,214] {scheduler_job.py:190} INFO - Processing /home/airflow/.local/lib/python3.6/site-packages/airflow/example_dags/example_branch_python_dop_operator_3.py took 0.039 seconds
[2021-04-03 15:25:25,756] {scheduler_job.py:182} INFO - Started process (PID=288) to work on /home/airflow/.local/lib/python3.6/site-packages/airflow/example_dags/example_branch_python_dop_operator_3.py
[2021-04-03 15:25:25,757] {scheduler_job.py:629} INFO - Processing file /home/airflow/.local/lib/python3.6/site-packages/airflow/example_dags/example_branch_python_dop_operator_3.py for tasks to queue
[2021-04-03 15:25:25,757] {logging_mixin.py:104} INFO - [2021-04-03 15:25:25,757] {dagbag.py:448} INFO - Filling up the DagBag from /home/airflow/.local/lib/python3.6/site-packages/airflow/example_dags/example_branch_python_dop_operator_3.py
[2021-04-03 15:25:25,764] {scheduler_job.py:639} INFO - DAG(s) dict_keys(['example_branch_dop_operator_v3']) retrieved from /home/airflow/.local/lib/python3.6/site-packages/airflow/example_dags/example_branch_python_dop_operator_3.py
[2021-04-03 15:25:25,774] {logging_mixin.py:104} INFO - [2021-04-03 15:25:25,773] {dag.py:1818} INFO - Sync 1 DAGs
[2021-04-03 15:25:25,788] {logging_mixin.py:104} INFO - [2021-04-03 15:25:25,788] {dag.py:2273} INFO - Setting next_dagrun for example_branch_dop_operator_v3 to 2021-04-01 00:00:00+00:00
[2021-04-03 15:25:25,795] {scheduler_job.py:190} INFO - Processing /home/airflow/.local/lib/python3.6/site-packages/airflow/example_dags/example_branch_python_dop_operator_3.py took 0.039 seconds
[2021-04-03 15:25:56,316] {scheduler_job.py:182} INFO - Started process (PID=314) to work on /home/airflow/.local/lib/python3.6/site-packages/airflow/example_dags/example_branch_python_dop_operator_3.py
[2021-04-03 15:25:56,317] {scheduler_job.py:629} INFO - Processing file /home/airflow/.local/lib/python3.6/site-packages/airflow/example_dags/example_branch_python_dop_operator_3.py for tasks to queue
[2021-04-03 15:25:56,317] {logging_mixin.py:104} INFO - [2021-04-03 15:25:56,317] {dagbag.py:448} INFO - Filling up the DagBag from /home/airflow/.local/lib/python3.6/site-packages/airflow/example_dags/example_branch_python_dop_operator_3.py
[2021-04-03 15:25:56,324] {scheduler_job.py:639} INFO - DAG(s) dict_keys(['example_branch_dop_operator_v3']) retrieved from /home/airflow/.local/lib/python3.6/site-packages/airflow/example_dags/example_branch_python_dop_operator_3.py
[2021-04-03 15:25:56,333] {logging_mixin.py:104} INFO - [2021-04-03 15:25:56,333] {dag.py:1818} INFO - Sync 1 DAGs
[2021-04-03 15:25:56,348] {logging_mixin.py:104} INFO - [2021-04-03 15:25:56,348] {dag.py:2273} INFO - Setting next_dagrun for example_branch_dop_operator_v3 to 2021-04-01 00:00:00+00:00
[2021-04-03 15:25:56,354] {scheduler_job.py:190} INFO - Processing /home/airflow/.local/lib/python3.6/site-packages/airflow/example_dags/example_branch_python_dop_operator_3.py took 0.040 seconds
[2021-04-03 15:26:26,901] {scheduler_job.py:182} INFO - Started process (PID=340) to work on /home/airflow/.local/lib/python3.6/site-packages/airflow/example_dags/example_branch_python_dop_operator_3.py
[2021-04-03 15:26:26,901] {scheduler_job.py:629} INFO - Processing file /home/airflow/.local/lib/python3.6/site-packages/airflow/example_dags/example_branch_python_dop_operator_3.py for tasks to queue
[2021-04-03 15:26:26,901] {logging_mixin.py:104} INFO - [2021-04-03 15:26:26,901] {dagbag.py:448} INFO - Filling up the DagBag from /home/airflow/.local/lib/python3.6/site-packages/airflow/example_dags/example_branch_python_dop_operator_3.py
[2021-04-03 15:26:26,908] {scheduler_job.py:639} INFO - DAG(s) dict_keys(['example_branch_dop_operator_v3']) retrieved from /home/airflow/.local/lib/python3.6/site-packages/airflow/example_dags/example_branch_python_dop_operator_3.py
[2021-04-03 15:26:26,917] {logging_mixin.py:104} INFO - [2021-04-03 15:26:26,917] {dag.py:1818} INFO - Sync 1 DAGs
[2021-04-03 15:26:26,933] {logging_mixin.py:104} INFO - [2021-04-03 15:26:26,933] {dag.py:2273} INFO - Setting next_dagrun for example_branch_dop_operator_v3 to 2021-04-01 00:00:00+00:00
[2021-04-03 15:26:26,938] {scheduler_job.py:190} INFO - Processing /home/airflow/.local/lib/python3.6/site-packages/airflow/example_dags/example_branch_python_dop_operator_3.py took 0.039 seconds
[2021-04-03 15:26:57,476] {scheduler_job.py:182} INFO - Started process (PID=366) to work on /home/airflow/.local/lib/python3.6/site-packages/airflow/example_dags/example_branch_python_dop_operator_3.py
[2021-04-03 15:26:57,476] {scheduler_job.py:629} INFO - Processing file /home/airflow/.local/lib/python3.6/site-packages/airflow/example_dags/example_branch_python_dop_operator_3.py for tasks to queue
[2021-04-03 15:26:57,476] {logging_mixin.py:104} INFO - [2021-04-03 15:26:57,476] {dagbag.py:448} INFO - Filling up the DagBag from /home/airflow/.local/lib/python3.6/site-packages/airflow/example_dags/example_branch_python_dop_operator_3.py
[2021-04-03 15:26:57,483] {scheduler_job.py:639} INFO - DAG(s) dict_keys(['example_branch_dop_operator_v3']) retrieved from /home/airflow/.local/lib/python3.6/site-packages/airflow/example_dags/example_branch_python_dop_operator_3.py
[2021-04-03 15:26:57,492] {logging_mixin.py:104} INFO - [2021-04-03 15:26:57,492] {dag.py:1818} INFO - Sync 1 DAGs
[2021-04-03 15:26:57,508] {logging_mixin.py:104} INFO - [2021-04-03 15:26:57,508] {dag.py:2273} INFO - Setting next_dagrun for example_branch_dop_operator_v3 to 2021-04-01 00:00:00+00:00
[2021-04-03 15:26:57,513] {scheduler_job.py:190} INFO - Processing /home/airflow/.local/lib/python3.6/site-packages/airflow/example_dags/example_branch_python_dop_operator_3.py took 0.039 seconds
[2021-04-03 15:27:28,114] {scheduler_job.py:182} INFO - Started process (PID=392) to work on /home/airflow/.local/lib/python3.6/site-packages/airflow/example_dags/example_branch_python_dop_operator_3.py
[2021-04-03 15:27:28,114] {scheduler_job.py:629} INFO - Processing file /home/airflow/.local/lib/python3.6/site-packages/airflow/example_dags/example_branch_python_dop_operator_3.py for tasks to queue
[2021-04-03 15:27:28,115] {logging_mixin.py:104} INFO - [2021-04-03 15:27:28,115] {dagbag.py:448} INFO - Filling up the DagBag from /home/airflow/.local/lib/python3.6/site-packages/airflow/example_dags/example_branch_python_dop_operator_3.py
[2021-04-03 15:27:28,122] {scheduler_job.py:639} INFO - DAG(s) dict_keys(['example_branch_dop_operator_v3']) retrieved from /home/airflow/.local/lib/python3.6/site-packages/airflow/example_dags/example_branch_python_dop_operator_3.py
[2021-04-03 15:27:28,131] {logging_mixin.py:104} INFO - [2021-04-03 15:27:28,131] {dag.py:1818} INFO - Sync 1 DAGs
[2021-04-03 15:27:28,147] {logging_mixin.py:104} INFO - [2021-04-03 15:27:28,147] {dag.py:2273} INFO - Setting next_dagrun for example_branch_dop_operator_v3 to 2021-04-01 00:00:00+00:00
[2021-04-03 15:27:28,154] {scheduler_job.py:190} INFO - Processing /home/airflow/.local/lib/python3.6/site-packages/airflow/example_dags/example_branch_python_dop_operator_3.py took 0.041 seconds
[2021-04-03 15:27:58,680] {scheduler_job.py:182} INFO - Started process (PID=418) to work on /home/airflow/.local/lib/python3.6/site-packages/airflow/example_dags/example_branch_python_dop_operator_3.py
[2021-04-03 15:27:58,681] {scheduler_job.py:629} INFO - Processing file /home/airflow/.local/lib/python3.6/site-packages/airflow/example_dags/example_branch_python_dop_operator_3.py for tasks to queue
[2021-04-03 15:27:58,681] {logging_mixin.py:104} INFO - [2021-04-03 15:27:58,681] {dagbag.py:448} INFO - Filling up the DagBag from /home/airflow/.local/lib/python3.6/site-packages/airflow/example_dags/example_branch_python_dop_operator_3.py
[2021-04-03 15:27:58,688] {scheduler_job.py:639} INFO - DAG(s) dict_keys(['example_branch_dop_operator_v3']) retrieved from /home/airflow/.local/lib/python3.6/site-packages/airflow/example_dags/example_branch_python_dop_operator_3.py
[2021-04-03 15:27:58,697] {logging_mixin.py:104} INFO - [2021-04-03 15:27:58,697] {dag.py:1818} INFO - Sync 1 DAGs
[2021-04-03 15:27:58,713] {logging_mixin.py:104} INFO - [2021-04-03 15:27:58,713] {dag.py:2273} INFO - Setting next_dagrun for example_branch_dop_operator_v3 to 2021-04-01 00:00:00+00:00
[2021-04-03 15:27:58,720] {scheduler_job.py:190} INFO - Processing /home/airflow/.local/lib/python3.6/site-packages/airflow/example_dags/example_branch_python_dop_operator_3.py took 0.041 seconds
[2021-04-03 15:28:29,300] {scheduler_job.py:182} INFO - Started process (PID=444) to work on /home/airflow/.local/lib/python3.6/site-packages/airflow/example_dags/example_branch_python_dop_operator_3.py
[2021-04-03 15:28:29,301] {scheduler_job.py:629} INFO - Processing file /home/airflow/.local/lib/python3.6/site-packages/airflow/example_dags/example_branch_python_dop_operator_3.py for tasks to queue
[2021-04-03 15:28:29,301] {logging_mixin.py:104} INFO - [2021-04-03 15:28:29,301] {dagbag.py:448} INFO - Filling up the DagBag from /home/airflow/.local/lib/python3.6/site-packages/airflow/example_dags/example_branch_python_dop_operator_3.py
[2021-04-03 15:28:29,308] {scheduler_job.py:639} INFO - DAG(s) dict_keys(['example_branch_dop_operator_v3']) retrieved from /home/airflow/.local/lib/python3.6/site-packages/airflow/example_dags/example_branch_python_dop_operator_3.py
[2021-04-03 15:28:29,317] {logging_mixin.py:104} INFO - [2021-04-03 15:28:29,317] {dag.py:1818} INFO - Sync 1 DAGs
[2021-04-03 15:28:29,333] {logging_mixin.py:104} INFO - [2021-04-03 15:28:29,333] {dag.py:2273} INFO - Setting next_dagrun for example_branch_dop_operator_v3 to 2021-04-01 00:00:00+00:00
[2021-04-03 15:28:29,339] {scheduler_job.py:190} INFO - Processing /home/airflow/.local/lib/python3.6/site-packages/airflow/example_dags/example_branch_python_dop_operator_3.py took 0.040 seconds
[2021-04-03 15:28:59,845] {scheduler_job.py:182} INFO - Started process (PID=470) to work on /home/airflow/.local/lib/python3.6/site-packages/airflow/example_dags/example_branch_python_dop_operator_3.py
[2021-04-03 15:28:59,845] {scheduler_job.py:629} INFO - Processing file /home/airflow/.local/lib/python3.6/site-packages/airflow/example_dags/example_branch_python_dop_operator_3.py for tasks to queue
[2021-04-03 15:28:59,846] {logging_mixin.py:104} INFO - [2021-04-03 15:28:59,845] {dagbag.py:448} INFO - Filling up the DagBag from /home/airflow/.local/lib/python3.6/site-packages/airflow/example_dags/example_branch_python_dop_operator_3.py
[2021-04-03 15:28:59,852] {scheduler_job.py:639} INFO - DAG(s) dict_keys(['example_branch_dop_operator_v3']) retrieved from /home/airflow/.local/lib/python3.6/site-packages/airflow/example_dags/example_branch_python_dop_operator_3.py
[2021-04-03 15:28:59,862] {logging_mixin.py:104} INFO - [2021-04-03 15:28:59,862] {dag.py:1818} INFO - Sync 1 DAGs
[2021-04-03 15:28:59,878] {logging_mixin.py:104} INFO - [2021-04-03 15:28:59,878] {dag.py:2273} INFO - Setting next_dagrun for example_branch_dop_operator_v3 to 2021-04-01 00:00:00+00:00
[2021-04-03 15:28:59,885] {scheduler_job.py:190} INFO - Processing /home/airflow/.local/lib/python3.6/site-packages/airflow/example_dags/example_branch_python_dop_operator_3.py took 0.042 seconds
[2021-04-03 15:29:30,414] {scheduler_job.py:182} INFO - Started process (PID=496) to work on /home/airflow/.local/lib/python3.6/site-packages/airflow/example_dags/example_branch_python_dop_operator_3.py
[2021-04-03 15:29:30,415] {scheduler_job.py:629} INFO - Processing file /home/airflow/.local/lib/python3.6/site-packages/airflow/example_dags/example_branch_python_dop_operator_3.py for tasks to queue
[2021-04-03 15:29:30,415] {logging_mixin.py:104} INFO - [2021-04-03 15:29:30,415] {dagbag.py:448} INFO - Filling up the DagBag from /home/airflow/.local/lib/python3.6/site-packages/airflow/example_dags/example_branch_python_dop_operator_3.py
[2021-04-03 15:29:30,422] {scheduler_job.py:639} INFO - DAG(s) dict_keys(['example_branch_dop_operator_v3']) retrieved from /home/airflow/.local/lib/python3.6/site-packages/airflow/example_dags/example_branch_python_dop_operator_3.py
[2021-04-03 15:29:30,431] {logging_mixin.py:104} INFO - [2021-04-03 15:29:30,431] {dag.py:1818} INFO - Sync 1 DAGs
[2021-04-03 15:29:30,447] {logging_mixin.py:104} INFO - [2021-04-03 15:29:30,447] {dag.py:2273} INFO - Setting next_dagrun for example_branch_dop_operator_v3 to 2021-04-01 00:00:00+00:00
[2021-04-03 15:29:30,453] {scheduler_job.py:190} INFO - Processing /home/airflow/.local/lib/python3.6/site-packages/airflow/example_dags/example_branch_python_dop_operator_3.py took 0.040 seconds
[2021-04-03 15:30:01,059] {scheduler_job.py:182} INFO - Started process (PID=522) to work on /home/airflow/.local/lib/python3.6/site-packages/airflow/example_dags/example_branch_python_dop_operator_3.py
[2021-04-03 15:30:01,059] {scheduler_job.py:629} INFO - Processing file /home/airflow/.local/lib/python3.6/site-packages/airflow/example_dags/example_branch_python_dop_operator_3.py for tasks to queue
[2021-04-03 15:30:01,060] {logging_mixin.py:104} INFO - [2021-04-03 15:30:01,060] {dagbag.py:448} INFO - Filling up the DagBag from /home/airflow/.local/lib/python3.6/site-packages/airflow/example_dags/example_branch_python_dop_operator_3.py
[2021-04-03 15:30:01,066] {scheduler_job.py:639} INFO - DAG(s) dict_keys(['example_branch_dop_operator_v3']) retrieved from /home/airflow/.local/lib/python3.6/site-packages/airflow/example_dags/example_branch_python_dop_operator_3.py
[2021-04-03 15:30:01,076] {logging_mixin.py:104} INFO - [2021-04-03 15:30:01,076] {dag.py:1818} INFO - Sync 1 DAGs
[2021-04-03 15:30:01,094] {logging_mixin.py:104} INFO - [2021-04-03 15:30:01,094] {dag.py:2273} INFO - Setting next_dagrun for example_branch_dop_operator_v3 to 2021-04-01 00:00:00+00:00
[2021-04-03 15:30:01,100] {scheduler_job.py:190} INFO - Processing /home/airflow/.local/lib/python3.6/site-packages/airflow/example_dags/example_branch_python_dop_operator_3.py took 0.043 seconds
[2021-04-03 15:30:31,691] {scheduler_job.py:182} INFO - Started process (PID=548) to work on /home/airflow/.local/lib/python3.6/site-packages/airflow/example_dags/example_branch_python_dop_operator_3.py
[2021-04-03 15:30:31,691] {scheduler_job.py:629} INFO - Processing file /home/airflow/.local/lib/python3.6/site-packages/airflow/example_dags/example_branch_python_dop_operator_3.py for tasks to queue
[2021-04-03 15:30:31,692] {logging_mixin.py:104} INFO - [2021-04-03 15:30:31,692] {dagbag.py:448} INFO - Filling up the DagBag from /home/airflow/.local/lib/python3.6/site-packages/airflow/example_dags/example_branch_python_dop_operator_3.py
[2021-04-03 15:30:31,698] {scheduler_job.py:639} INFO - DAG(s) dict_keys(['example_branch_dop_operator_v3']) retrieved from /home/airflow/.local/lib/python3.6/site-packages/airflow/example_dags/example_branch_python_dop_operator_3.py
[2021-04-03 15:30:31,708] {logging_mixin.py:104} INFO - [2021-04-03 15:30:31,708] {dag.py:1818} INFO - Sync 1 DAGs
[2021-04-03 15:30:31,723] {logging_mixin.py:104} INFO - [2021-04-03 15:30:31,723] {dag.py:2273} INFO - Setting next_dagrun for example_branch_dop_operator_v3 to 2021-04-01 00:00:00+00:00
[2021-04-03 15:30:31,730] {scheduler_job.py:190} INFO - Processing /home/airflow/.local/lib/python3.6/site-packages/airflow/example_dags/example_branch_python_dop_operator_3.py took 0.040 seconds
[2021-04-03 15:31:02,336] {scheduler_job.py:182} INFO - Started process (PID=574) to work on /home/airflow/.local/lib/python3.6/site-packages/airflow/example_dags/example_branch_python_dop_operator_3.py
[2021-04-03 15:31:02,337] {scheduler_job.py:629} INFO - Processing file /home/airflow/.local/lib/python3.6/site-packages/airflow/example_dags/example_branch_python_dop_operator_3.py for tasks to queue
[2021-04-03 15:31:02,337] {logging_mixin.py:104} INFO - [2021-04-03 15:31:02,337] {dagbag.py:448} INFO - Filling up the DagBag from /home/airflow/.local/lib/python3.6/site-packages/airflow/example_dags/example_branch_python_dop_operator_3.py
[2021-04-03 15:31:02,344] {scheduler_job.py:639} INFO - DAG(s) dict_keys(['example_branch_dop_operator_v3']) retrieved from /home/airflow/.local/lib/python3.6/site-packages/airflow/example_dags/example_branch_python_dop_operator_3.py
[2021-04-03 15:31:02,354] {logging_mixin.py:104} INFO - [2021-04-03 15:31:02,354] {dag.py:1818} INFO - Sync 1 DAGs
[2021-04-03 15:31:02,369] {logging_mixin.py:104} INFO - [2021-04-03 15:31:02,369] {dag.py:2273} INFO - Setting next_dagrun for example_branch_dop_operator_v3 to 2021-04-01 00:00:00+00:00
[2021-04-03 15:31:02,376] {scheduler_job.py:190} INFO - Processing /home/airflow/.local/lib/python3.6/site-packages/airflow/example_dags/example_branch_python_dop_operator_3.py took 0.041 seconds
[2021-04-03 15:31:32,910] {scheduler_job.py:182} INFO - Started process (PID=600) to work on /home/airflow/.local/lib/python3.6/site-packages/airflow/example_dags/example_branch_python_dop_operator_3.py
[2021-04-03 15:31:32,910] {scheduler_job.py:629} INFO - Processing file /home/airflow/.local/lib/python3.6/site-packages/airflow/example_dags/example_branch_python_dop_operator_3.py for tasks to queue
[2021-04-03 15:31:32,911] {logging_mixin.py:104} INFO - [2021-04-03 15:31:32,911] {dagbag.py:448} INFO - Filling up the DagBag from /home/airflow/.local/lib/python3.6/site-packages/airflow/example_dags/example_branch_python_dop_operator_3.py
[2021-04-03 15:31:32,917] {scheduler_job.py:639} INFO - DAG(s) dict_keys(['example_branch_dop_operator_v3']) retrieved from /home/airflow/.local/lib/python3.6/site-packages/airflow/example_dags/example_branch_python_dop_operator_3.py
[2021-04-03 15:31:32,928] {logging_mixin.py:104} INFO - [2021-04-03 15:31:32,928] {dag.py:1818} INFO - Sync 1 DAGs
[2021-04-03 15:31:32,942] {logging_mixin.py:104} INFO - [2021-04-03 15:31:32,942] {dag.py:2273} INFO - Setting next_dagrun for example_branch_dop_operator_v3 to 2021-04-01 00:00:00+00:00
[2021-04-03 15:31:32,948] {scheduler_job.py:190} INFO - Processing /home/airflow/.local/lib/python3.6/site-packages/airflow/example_dags/example_branch_python_dop_operator_3.py took 0.039 seconds
[2021-04-03 15:32:03,507] {scheduler_job.py:182} INFO - Started process (PID=626) to work on /home/airflow/.local/lib/python3.6/site-packages/airflow/example_dags/example_branch_python_dop_operator_3.py
[2021-04-03 15:32:03,508] {scheduler_job.py:629} INFO - Processing file /home/airflow/.local/lib/python3.6/site-packages/airflow/example_dags/example_branch_python_dop_operator_3.py for tasks to queue
[2021-04-03 15:32:03,508] {logging_mixin.py:104} INFO - [2021-04-03 15:32:03,508] {dagbag.py:448} INFO - Filling up the DagBag from /home/airflow/.local/lib/python3.6/site-packages/airflow/example_dags/example_branch_python_dop_operator_3.py
[2021-04-03 15:32:03,515] {scheduler_job.py:639} INFO - DAG(s) dict_keys(['example_branch_dop_operator_v3']) retrieved from /home/airflow/.local/lib/python3.6/site-packages/airflow/example_dags/example_branch_python_dop_operator_3.py
[2021-04-03 15:32:03,525] {logging_mixin.py:104} INFO - [2021-04-03 15:32:03,525] {dag.py:1818} INFO - Sync 1 DAGs
[2021-04-03 15:32:03,540] {logging_mixin.py:104} INFO - [2021-04-03 15:32:03,540] {dag.py:2273} INFO - Setting next_dagrun for example_branch_dop_operator_v3 to 2021-04-01 00:00:00+00:00
[2021-04-03 15:32:03,546] {scheduler_job.py:190} INFO - Processing /home/airflow/.local/lib/python3.6/site-packages/airflow/example_dags/example_branch_python_dop_operator_3.py took 0.041 seconds
[2021-04-03 15:32:34,150] {scheduler_job.py:182} INFO - Started process (PID=652) to work on /home/airflow/.local/lib/python3.6/site-packages/airflow/example_dags/example_branch_python_dop_operator_3.py
[2021-04-03 15:32:34,150] {scheduler_job.py:629} INFO - Processing file /home/airflow/.local/lib/python3.6/site-packages/airflow/example_dags/example_branch_python_dop_operator_3.py for tasks to queue
[2021-04-03 15:32:34,151] {logging_mixin.py:104} INFO - [2021-04-03 15:32:34,150] {dagbag.py:448} INFO - Filling up the DagBag from /home/airflow/.local/lib/python3.6/site-packages/airflow/example_dags/example_branch_python_dop_operator_3.py
[2021-04-03 15:32:34,158] {scheduler_job.py:639} INFO - DAG(s) dict_keys(['example_branch_dop_operator_v3']) retrieved from /home/airflow/.local/lib/python3.6/site-packages/airflow/example_dags/example_branch_python_dop_operator_3.py
[2021-04-03 15:32:34,168] {logging_mixin.py:104} INFO - [2021-04-03 15:32:34,168] {dag.py:1818} INFO - Sync 1 DAGs
[2021-04-03 15:32:34,183] {logging_mixin.py:104} INFO - [2021-04-03 15:32:34,183] {dag.py:2273} INFO - Setting next_dagrun for example_branch_dop_operator_v3 to 2021-04-01 00:00:00+00:00
[2021-04-03 15:32:34,190] {scheduler_job.py:190} INFO - Processing /home/airflow/.local/lib/python3.6/site-packages/airflow/example_dags/example_branch_python_dop_operator_3.py took 0.041 seconds
[2021-04-03 15:33:04,803] {scheduler_job.py:182} INFO - Started process (PID=678) to work on /home/airflow/.local/lib/python3.6/site-packages/airflow/example_dags/example_branch_python_dop_operator_3.py
[2021-04-03 15:33:04,804] {scheduler_job.py:629} INFO - Processing file /home/airflow/.local/lib/python3.6/site-packages/airflow/example_dags/example_branch_python_dop_operator_3.py for tasks to queue
[2021-04-03 15:33:04,804] {logging_mixin.py:104} INFO - [2021-04-03 15:33:04,804] {dagbag.py:448} INFO - Filling up the DagBag from /home/airflow/.local/lib/python3.6/site-packages/airflow/example_dags/example_branch_python_dop_operator_3.py
[2021-04-03 15:33:04,812] {scheduler_job.py:639} INFO - DAG(s) dict_keys(['example_branch_dop_operator_v3']) retrieved from /home/airflow/.local/lib/python3.6/site-packages/airflow/example_dags/example_branch_python_dop_operator_3.py
[2021-04-03 15:33:04,821] {logging_mixin.py:104} INFO - [2021-04-03 15:33:04,821] {dag.py:1818} INFO - Sync 1 DAGs
[2021-04-03 15:33:04,836] {logging_mixin.py:104} INFO - [2021-04-03 15:33:04,836] {dag.py:2273} INFO - Setting next_dagrun for example_branch_dop_operator_v3 to 2021-04-01 00:00:00+00:00
[2021-04-03 15:33:04,843] {scheduler_job.py:190} INFO - Processing /home/airflow/.local/lib/python3.6/site-packages/airflow/example_dags/example_branch_python_dop_operator_3.py took 0.041 seconds
[2021-04-03 15:33:35,367] {scheduler_job.py:182} INFO - Started process (PID=704) to work on /home/airflow/.local/lib/python3.6/site-packages/airflow/example_dags/example_branch_python_dop_operator_3.py
[2021-04-03 15:33:35,368] {scheduler_job.py:629} INFO - Processing file /home/airflow/.local/lib/python3.6/site-packages/airflow/example_dags/example_branch_python_dop_operator_3.py for tasks to queue
[2021-04-03 15:33:35,368] {logging_mixin.py:104} INFO - [2021-04-03 15:33:35,368] {dagbag.py:448} INFO - Filling up the DagBag from /home/airflow/.local/lib/python3.6/site-packages/airflow/example_dags/example_branch_python_dop_operator_3.py
[2021-04-03 15:33:35,375] {scheduler_job.py:639} INFO - DAG(s) dict_keys(['example_branch_dop_operator_v3']) retrieved from /home/airflow/.local/lib/python3.6/site-packages/airflow/example_dags/example_branch_python_dop_operator_3.py
[2021-04-03 15:33:35,384] {logging_mixin.py:104} INFO - [2021-04-03 15:33:35,384] {dag.py:1818} INFO - Sync 1 DAGs
[2021-04-03 15:33:35,399] {logging_mixin.py:104} INFO - [2021-04-03 15:33:35,399] {dag.py:2273} INFO - Setting next_dagrun for example_branch_dop_operator_v3 to 2021-04-01 00:00:00+00:00
[2021-04-03 15:33:35,405] {scheduler_job.py:190} INFO - Processing /home/airflow/.local/lib/python3.6/site-packages/airflow/example_dags/example_branch_python_dop_operator_3.py took 0.040 seconds
[2021-04-03 15:34:05,946] {scheduler_job.py:182} INFO - Started process (PID=730) to work on /home/airflow/.local/lib/python3.6/site-packages/airflow/example_dags/example_branch_python_dop_operator_3.py
[2021-04-03 15:34:05,946] {scheduler_job.py:629} INFO - Processing file /home/airflow/.local/lib/python3.6/site-packages/airflow/example_dags/example_branch_python_dop_operator_3.py for tasks to queue
[2021-04-03 15:34:05,947] {logging_mixin.py:104} INFO - [2021-04-03 15:34:05,947] {dagbag.py:448} INFO - Filling up the DagBag from /home/airflow/.local/lib/python3.6/site-packages/airflow/example_dags/example_branch_python_dop_operator_3.py
[2021-04-03 15:34:05,954] {scheduler_job.py:639} INFO - DAG(s) dict_keys(['example_branch_dop_operator_v3']) retrieved from /home/airflow/.local/lib/python3.6/site-packages/airflow/example_dags/example_branch_python_dop_operator_3.py
[2021-04-03 15:34:05,963] {logging_mixin.py:104} INFO - [2021-04-03 15:34:05,963] {dag.py:1818} INFO - Sync 1 DAGs
[2021-04-03 15:34:05,978] {logging_mixin.py:104} INFO - [2021-04-03 15:34:05,978] {dag.py:2273} INFO - Setting next_dagrun for example_branch_dop_operator_v3 to 2021-04-01 00:00:00+00:00
[2021-04-03 15:34:05,984] {scheduler_job.py:190} INFO - Processing /home/airflow/.local/lib/python3.6/site-packages/airflow/example_dags/example_branch_python_dop_operator_3.py took 0.039 seconds
[2021-04-03 15:34:36,543] {scheduler_job.py:182} INFO - Started process (PID=756) to work on /home/airflow/.local/lib/python3.6/site-packages/airflow/example_dags/example_branch_python_dop_operator_3.py
[2021-04-03 15:34:36,543] {scheduler_job.py:629} INFO - Processing file /home/airflow/.local/lib/python3.6/site-packages/airflow/example_dags/example_branch_python_dop_operator_3.py for tasks to queue
[2021-04-03 15:34:36,544] {logging_mixin.py:104} INFO - [2021-04-03 15:34:36,544] {dagbag.py:448} INFO - Filling up the DagBag from /home/airflow/.local/lib/python3.6/site-packages/airflow/example_dags/example_branch_python_dop_operator_3.py
[2021-04-03 15:34:36,551] {scheduler_job.py:639} INFO - DAG(s) dict_keys(['example_branch_dop_operator_v3']) retrieved from /home/airflow/.local/lib/python3.6/site-packages/airflow/example_dags/example_branch_python_dop_operator_3.py
[2021-04-03 15:34:36,560] {logging_mixin.py:104} INFO - [2021-04-03 15:34:36,560] {dag.py:1818} INFO - Sync 1 DAGs
[2021-04-03 15:34:36,575] {logging_mixin.py:104} INFO - [2021-04-03 15:34:36,575] {dag.py:2273} INFO - Setting next_dagrun for example_branch_dop_operator_v3 to 2021-04-01 00:00:00+00:00
[2021-04-03 15:34:36,581] {scheduler_job.py:190} INFO - Processing /home/airflow/.local/lib/python3.6/site-packages/airflow/example_dags/example_branch_python_dop_operator_3.py took 0.040 seconds
[2021-04-03 15:35:07,167] {scheduler_job.py:182} INFO - Started process (PID=782) to work on /home/airflow/.local/lib/python3.6/site-packages/airflow/example_dags/example_branch_python_dop_operator_3.py
[2021-04-03 15:35:07,168] {scheduler_job.py:629} INFO - Processing file /home/airflow/.local/lib/python3.6/site-packages/airflow/example_dags/example_branch_python_dop_operator_3.py for tasks to queue
[2021-04-03 15:35:07,168] {logging_mixin.py:104} INFO - [2021-04-03 15:35:07,168] {dagbag.py:448} INFO - Filling up the DagBag from /home/airflow/.local/lib/python3.6/site-packages/airflow/example_dags/example_branch_python_dop_operator_3.py
[2021-04-03 15:35:07,175] {scheduler_job.py:639} INFO - DAG(s) dict_keys(['example_branch_dop_operator_v3']) retrieved from /home/airflow/.local/lib/python3.6/site-packages/airflow/example_dags/example_branch_python_dop_operator_3.py
[2021-04-03 15:35:07,185] {logging_mixin.py:104} INFO - [2021-04-03 15:35:07,185] {dag.py:1818} INFO - Sync 1 DAGs
[2021-04-03 15:35:07,200] {logging_mixin.py:104} INFO - [2021-04-03 15:35:07,200] {dag.py:2273} INFO - Setting next_dagrun for example_branch_dop_operator_v3 to 2021-04-01 00:00:00+00:00
[2021-04-03 15:35:07,205] {scheduler_job.py:190} INFO - Processing /home/airflow/.local/lib/python3.6/site-packages/airflow/example_dags/example_branch_python_dop_operator_3.py took 0.040 seconds
[2021-04-03 15:35:37,720] {scheduler_job.py:182} INFO - Started process (PID=808) to work on /home/airflow/.local/lib/python3.6/site-packages/airflow/example_dags/example_branch_python_dop_operator_3.py
[2021-04-03 15:35:37,721] {scheduler_job.py:629} INFO - Processing file /home/airflow/.local/lib/python3.6/site-packages/airflow/example_dags/example_branch_python_dop_operator_3.py for tasks to queue
[2021-04-03 15:35:37,721] {logging_mixin.py:104} INFO - [2021-04-03 15:35:37,721] {dagbag.py:448} INFO - Filling up the DagBag from /home/airflow/.local/lib/python3.6/site-packages/airflow/example_dags/example_branch_python_dop_operator_3.py
[2021-04-03 15:35:37,729] {scheduler_job.py:639} INFO - DAG(s) dict_keys(['example_branch_dop_operator_v3']) retrieved from /home/airflow/.local/lib/python3.6/site-packages/airflow/example_dags/example_branch_python_dop_operator_3.py
[2021-04-03 15:35:37,737] {logging_mixin.py:104} INFO - [2021-04-03 15:35:37,737] {dag.py:1818} INFO - Sync 1 DAGs
[2021-04-03 15:35:37,752] {logging_mixin.py:104} INFO - [2021-04-03 15:35:37,752] {dag.py:2273} INFO - Setting next_dagrun for example_branch_dop_operator_v3 to 2021-04-01 00:00:00+00:00
[2021-04-03 15:35:37,758] {scheduler_job.py:190} INFO - Processing /home/airflow/.local/lib/python3.6/site-packages/airflow/example_dags/example_branch_python_dop_operator_3.py took 0.039 seconds
[2021-04-03 15:36:08,310] {scheduler_job.py:182} INFO - Started process (PID=834) to work on /home/airflow/.local/lib/python3.6/site-packages/airflow/example_dags/example_branch_python_dop_operator_3.py
[2021-04-03 15:36:08,310] {scheduler_job.py:629} INFO - Processing file /home/airflow/.local/lib/python3.6/site-packages/airflow/example_dags/example_branch_python_dop_operator_3.py for tasks to queue
[2021-04-03 15:36:08,310] {logging_mixin.py:104} INFO - [2021-04-03 15:36:08,310] {dagbag.py:448} INFO - Filling up the DagBag from /home/airflow/.local/lib/python3.6/site-packages/airflow/example_dags/example_branch_python_dop_operator_3.py
[2021-04-03 15:36:08,318] {scheduler_job.py:639} INFO - DAG(s) dict_keys(['example_branch_dop_operator_v3']) retrieved from /home/airflow/.local/lib/python3.6/site-packages/airflow/example_dags/example_branch_python_dop_operator_3.py
[2021-04-03 15:36:08,327] {logging_mixin.py:104} INFO - [2021-04-03 15:36:08,327] {dag.py:1818} INFO - Sync 1 DAGs
[2021-04-03 15:36:08,341] {logging_mixin.py:104} INFO - [2021-04-03 15:36:08,341] {dag.py:2273} INFO - Setting next_dagrun for example_branch_dop_operator_v3 to 2021-04-01 00:00:00+00:00
[2021-04-03 15:36:08,347] {scheduler_job.py:190} INFO - Processing /home/airflow/.local/lib/python3.6/site-packages/airflow/example_dags/example_branch_python_dop_operator_3.py took 0.039 seconds
[2021-04-03 15:36:38,955] {scheduler_job.py:182} INFO - Started process (PID=860) to work on /home/airflow/.local/lib/python3.6/site-packages/airflow/example_dags/example_branch_python_dop_operator_3.py
[2021-04-03 15:36:38,955] {scheduler_job.py:629} INFO - Processing file /home/airflow/.local/lib/python3.6/site-packages/airflow/example_dags/example_branch_python_dop_operator_3.py for tasks to queue
[2021-04-03 15:36:38,955] {logging_mixin.py:104} INFO - [2021-04-03 15:36:38,955] {dagbag.py:448} INFO - Filling up the DagBag from /home/airflow/.local/lib/python3.6/site-packages/airflow/example_dags/example_branch_python_dop_operator_3.py
[2021-04-03 15:36:38,962] {scheduler_job.py:639} INFO - DAG(s) dict_keys(['example_branch_dop_operator_v3']) retrieved from /home/airflow/.local/lib/python3.6/site-packages/airflow/example_dags/example_branch_python_dop_operator_3.py
[2021-04-03 15:36:38,972] {logging_mixin.py:104} INFO - [2021-04-03 15:36:38,972] {dag.py:1818} INFO - Sync 1 DAGs
[2021-04-03 15:36:38,987] {logging_mixin.py:104} INFO - [2021-04-03 15:36:38,987] {dag.py:2273} INFO - Setting next_dagrun for example_branch_dop_operator_v3 to 2021-04-01 00:00:00+00:00
[2021-04-03 15:36:38,993] {scheduler_job.py:190} INFO - Processing /home/airflow/.local/lib/python3.6/site-packages/airflow/example_dags/example_branch_python_dop_operator_3.py took 0.039 seconds
[2021-04-03 15:37:09,517] {scheduler_job.py:182} INFO - Started process (PID=886) to work on /home/airflow/.local/lib/python3.6/site-packages/airflow/example_dags/example_branch_python_dop_operator_3.py
[2021-04-03 15:37:09,517] {scheduler_job.py:629} INFO - Processing file /home/airflow/.local/lib/python3.6/site-packages/airflow/example_dags/example_branch_python_dop_operator_3.py for tasks to queue
[2021-04-03 15:37:09,517] {logging_mixin.py:104} INFO - [2021-04-03 15:37:09,517] {dagbag.py:448} INFO - Filling up the DagBag from /home/airflow/.local/lib/python3.6/site-packages/airflow/example_dags/example_branch_python_dop_operator_3.py
[2021-04-03 15:37:09,524] {scheduler_job.py:639} INFO - DAG(s) dict_keys(['example_branch_dop_operator_v3']) retrieved from /home/airflow/.local/lib/python3.6/site-packages/airflow/example_dags/example_branch_python_dop_operator_3.py
[2021-04-03 15:37:09,533] {logging_mixin.py:104} INFO - [2021-04-03 15:37:09,533] {dag.py:1818} INFO - Sync 1 DAGs
[2021-04-03 15:37:09,548] {logging_mixin.py:104} INFO - [2021-04-03 15:37:09,548] {dag.py:2273} INFO - Setting next_dagrun for example_branch_dop_operator_v3 to 2021-04-01 00:00:00+00:00
[2021-04-03 15:37:09,555] {scheduler_job.py:190} INFO - Processing /home/airflow/.local/lib/python3.6/site-packages/airflow/example_dags/example_branch_python_dop_operator_3.py took 0.040 seconds
[2021-04-03 15:37:40,105] {scheduler_job.py:182} INFO - Started process (PID=912) to work on /home/airflow/.local/lib/python3.6/site-packages/airflow/example_dags/example_branch_python_dop_operator_3.py
[2021-04-03 15:37:40,106] {scheduler_job.py:629} INFO - Processing file /home/airflow/.local/lib/python3.6/site-packages/airflow/example_dags/example_branch_python_dop_operator_3.py for tasks to queue
[2021-04-03 15:37:40,106] {logging_mixin.py:104} INFO - [2021-04-03 15:37:40,106] {dagbag.py:448} INFO - Filling up the DagBag from /home/airflow/.local/lib/python3.6/site-packages/airflow/example_dags/example_branch_python_dop_operator_3.py
[2021-04-03 15:37:40,113] {scheduler_job.py:639} INFO - DAG(s) dict_keys(['example_branch_dop_operator_v3']) retrieved from /home/airflow/.local/lib/python3.6/site-packages/airflow/example_dags/example_branch_python_dop_operator_3.py
[2021-04-03 15:37:40,122] {logging_mixin.py:104} INFO - [2021-04-03 15:37:40,122] {dag.py:1818} INFO - Sync 1 DAGs
[2021-04-03 15:37:40,137] {logging_mixin.py:104} INFO - [2021-04-03 15:37:40,137] {dag.py:2273} INFO - Setting next_dagrun for example_branch_dop_operator_v3 to 2021-04-01 00:00:00+00:00
[2021-04-03 15:37:40,142] {scheduler_job.py:190} INFO - Processing /home/airflow/.local/lib/python3.6/site-packages/airflow/example_dags/example_branch_python_dop_operator_3.py took 0.039 seconds
[2021-04-03 15:38:10,666] {scheduler_job.py:182} INFO - Started process (PID=938) to work on /home/airflow/.local/lib/python3.6/site-packages/airflow/example_dags/example_branch_python_dop_operator_3.py
[2021-04-03 15:38:10,667] {scheduler_job.py:629} INFO - Processing file /home/airflow/.local/lib/python3.6/site-packages/airflow/example_dags/example_branch_python_dop_operator_3.py for tasks to queue
[2021-04-03 15:38:10,667] {logging_mixin.py:104} INFO - [2021-04-03 15:38:10,667] {dagbag.py:448} INFO - Filling up the DagBag from /home/airflow/.local/lib/python3.6/site-packages/airflow/example_dags/example_branch_python_dop_operator_3.py
[2021-04-03 15:38:10,674] {scheduler_job.py:639} INFO - DAG(s) dict_keys(['example_branch_dop_operator_v3']) retrieved from /home/airflow/.local/lib/python3.6/site-packages/airflow/example_dags/example_branch_python_dop_operator_3.py
[2021-04-03 15:38:10,683] {logging_mixin.py:104} INFO - [2021-04-03 15:38:10,683] {dag.py:1818} INFO - Sync 1 DAGs
[2021-04-03 15:38:10,698] {logging_mixin.py:104} INFO - [2021-04-03 15:38:10,698] {dag.py:2273} INFO - Setting next_dagrun for example_branch_dop_operator_v3 to 2021-04-01 00:00:00+00:00
[2021-04-03 15:38:10,703] {scheduler_job.py:190} INFO - Processing /home/airflow/.local/lib/python3.6/site-packages/airflow/example_dags/example_branch_python_dop_operator_3.py took 0.039 seconds
[2021-04-03 15:38:41,282] {scheduler_job.py:182} INFO - Started process (PID=964) to work on /home/airflow/.local/lib/python3.6/site-packages/airflow/example_dags/example_branch_python_dop_operator_3.py
[2021-04-03 15:38:41,283] {scheduler_job.py:629} INFO - Processing file /home/airflow/.local/lib/python3.6/site-packages/airflow/example_dags/example_branch_python_dop_operator_3.py for tasks to queue
[2021-04-03 15:38:41,283] {logging_mixin.py:104} INFO - [2021-04-03 15:38:41,283] {dagbag.py:448} INFO - Filling up the DagBag from /home/airflow/.local/lib/python3.6/site-packages/airflow/example_dags/example_branch_python_dop_operator_3.py
[2021-04-03 15:38:41,290] {scheduler_job.py:639} INFO - DAG(s) dict_keys(['example_branch_dop_operator_v3']) retrieved from /home/airflow/.local/lib/python3.6/site-packages/airflow/example_dags/example_branch_python_dop_operator_3.py
[2021-04-03 15:38:41,299] {logging_mixin.py:104} INFO - [2021-04-03 15:38:41,299] {dag.py:1818} INFO - Sync 1 DAGs
[2021-04-03 15:38:41,314] {logging_mixin.py:104} INFO - [2021-04-03 15:38:41,314] {dag.py:2273} INFO - Setting next_dagrun for example_branch_dop_operator_v3 to 2021-04-01 00:00:00+00:00
[2021-04-03 15:38:41,320] {scheduler_job.py:190} INFO - Processing /home/airflow/.local/lib/python3.6/site-packages/airflow/example_dags/example_branch_python_dop_operator_3.py took 0.039 seconds
[2021-04-03 15:39:11,889] {scheduler_job.py:182} INFO - Started process (PID=990) to work on /home/airflow/.local/lib/python3.6/site-packages/airflow/example_dags/example_branch_python_dop_operator_3.py
[2021-04-03 15:39:11,889] {scheduler_job.py:629} INFO - Processing file /home/airflow/.local/lib/python3.6/site-packages/airflow/example_dags/example_branch_python_dop_operator_3.py for tasks to queue
[2021-04-03 15:39:11,890] {logging_mixin.py:104} INFO - [2021-04-03 15:39:11,889] {dagbag.py:448} INFO - Filling up the DagBag from /home/airflow/.local/lib/python3.6/site-packages/airflow/example_dags/example_branch_python_dop_operator_3.py
[2021-04-03 15:39:11,896] {scheduler_job.py:639} INFO - DAG(s) dict_keys(['example_branch_dop_operator_v3']) retrieved from /home/airflow/.local/lib/python3.6/site-packages/airflow/example_dags/example_branch_python_dop_operator_3.py
[2021-04-03 15:39:11,906] {logging_mixin.py:104} INFO - [2021-04-03 15:39:11,905] {dag.py:1818} INFO - Sync 1 DAGs
[2021-04-03 15:39:11,920] {logging_mixin.py:104} INFO - [2021-04-03 15:39:11,920] {dag.py:2273} INFO - Setting next_dagrun for example_branch_dop_operator_v3 to 2021-04-01 00:00:00+00:00
[2021-04-03 15:39:11,926] {scheduler_job.py:190} INFO - Processing /home/airflow/.local/lib/python3.6/site-packages/airflow/example_dags/example_branch_python_dop_operator_3.py took 0.038 seconds
[2021-04-03 15:39:42,540] {scheduler_job.py:182} INFO - Started process (PID=1016) to work on /home/airflow/.local/lib/python3.6/site-packages/airflow/example_dags/example_branch_python_dop_operator_3.py
[2021-04-03 15:39:42,540] {scheduler_job.py:629} INFO - Processing file /home/airflow/.local/lib/python3.6/site-packages/airflow/example_dags/example_branch_python_dop_operator_3.py for tasks to queue
[2021-04-03 15:39:42,541] {logging_mixin.py:104} INFO - [2021-04-03 15:39:42,541] {dagbag.py:448} INFO - Filling up the DagBag from /home/airflow/.local/lib/python3.6/site-packages/airflow/example_dags/example_branch_python_dop_operator_3.py
[2021-04-03 15:39:42,548] {scheduler_job.py:639} INFO - DAG(s) dict_keys(['example_branch_dop_operator_v3']) retrieved from /home/airflow/.local/lib/python3.6/site-packages/airflow/example_dags/example_branch_python_dop_operator_3.py
[2021-04-03 15:39:42,557] {logging_mixin.py:104} INFO - [2021-04-03 15:39:42,557] {dag.py:1818} INFO - Sync 1 DAGs
[2021-04-03 15:39:42,572] {logging_mixin.py:104} INFO - [2021-04-03 15:39:42,572] {dag.py:2273} INFO - Setting next_dagrun for example_branch_dop_operator_v3 to 2021-04-01 00:00:00+00:00
[2021-04-03 15:39:42,579] {scheduler_job.py:190} INFO - Processing /home/airflow/.local/lib/python3.6/site-packages/airflow/example_dags/example_branch_python_dop_operator_3.py took 0.040 seconds
[2021-04-03 15:40:13,237] {scheduler_job.py:182} INFO - Started process (PID=1042) to work on /home/airflow/.local/lib/python3.6/site-packages/airflow/example_dags/example_branch_python_dop_operator_3.py
[2021-04-03 15:40:13,238] {scheduler_job.py:629} INFO - Processing file /home/airflow/.local/lib/python3.6/site-packages/airflow/example_dags/example_branch_python_dop_operator_3.py for tasks to queue
[2021-04-03 15:40:13,238] {logging_mixin.py:104} INFO - [2021-04-03 15:40:13,238] {dagbag.py:448} INFO - Filling up the DagBag from /home/airflow/.local/lib/python3.6/site-packages/airflow/example_dags/example_branch_python_dop_operator_3.py
[2021-04-03 15:40:13,246] {scheduler_job.py:639} INFO - DAG(s) dict_keys(['example_branch_dop_operator_v3']) retrieved from /home/airflow/.local/lib/python3.6/site-packages/airflow/example_dags/example_branch_python_dop_operator_3.py
[2021-04-03 15:40:13,256] {logging_mixin.py:104} INFO - [2021-04-03 15:40:13,256] {dag.py:1818} INFO - Sync 1 DAGs
[2021-04-03 15:40:13,271] {logging_mixin.py:104} INFO - [2021-04-03 15:40:13,271] {dag.py:2273} INFO - Setting next_dagrun for example_branch_dop_operator_v3 to 2021-04-01 00:00:00+00:00
[2021-04-03 15:40:13,277] {scheduler_job.py:190} INFO - Processing /home/airflow/.local/lib/python3.6/site-packages/airflow/example_dags/example_branch_python_dop_operator_3.py took 0.041 seconds
[2021-04-03 15:40:43,819] {scheduler_job.py:182} INFO - Started process (PID=1068) to work on /home/airflow/.local/lib/python3.6/site-packages/airflow/example_dags/example_branch_python_dop_operator_3.py
[2021-04-03 15:40:43,819] {scheduler_job.py:629} INFO - Processing file /home/airflow/.local/lib/python3.6/site-packages/airflow/example_dags/example_branch_python_dop_operator_3.py for tasks to queue
[2021-04-03 15:40:43,819] {logging_mixin.py:104} INFO - [2021-04-03 15:40:43,819] {dagbag.py:448} INFO - Filling up the DagBag from /home/airflow/.local/lib/python3.6/site-packages/airflow/example_dags/example_branch_python_dop_operator_3.py
[2021-04-03 15:40:43,826] {scheduler_job.py:639} INFO - DAG(s) dict_keys(['example_branch_dop_operator_v3']) retrieved from /home/airflow/.local/lib/python3.6/site-packages/airflow/example_dags/example_branch_python_dop_operator_3.py
[2021-04-03 15:40:43,835] {logging_mixin.py:104} INFO - [2021-04-03 15:40:43,835] {dag.py:1818} INFO - Sync 1 DAGs
[2021-04-03 15:40:43,850] {logging_mixin.py:104} INFO - [2021-04-03 15:40:43,850] {dag.py:2273} INFO - Setting next_dagrun for example_branch_dop_operator_v3 to 2021-04-01 00:00:00+00:00
[2021-04-03 15:40:43,857] {scheduler_job.py:190} INFO - Processing /home/airflow/.local/lib/python3.6/site-packages/airflow/example_dags/example_branch_python_dop_operator_3.py took 0.039 seconds
[2021-04-03 15:41:14,424] {scheduler_job.py:182} INFO - Started process (PID=1094) to work on /home/airflow/.local/lib/python3.6/site-packages/airflow/example_dags/example_branch_python_dop_operator_3.py
[2021-04-03 15:41:14,425] {scheduler_job.py:629} INFO - Processing file /home/airflow/.local/lib/python3.6/site-packages/airflow/example_dags/example_branch_python_dop_operator_3.py for tasks to queue
[2021-04-03 15:41:14,425] {logging_mixin.py:104} INFO - [2021-04-03 15:41:14,425] {dagbag.py:448} INFO - Filling up the DagBag from /home/airflow/.local/lib/python3.6/site-packages/airflow/example_dags/example_branch_python_dop_operator_3.py
[2021-04-03 15:41:14,432] {scheduler_job.py:639} INFO - DAG(s) dict_keys(['example_branch_dop_operator_v3']) retrieved from /home/airflow/.local/lib/python3.6/site-packages/airflow/example_dags/example_branch_python_dop_operator_3.py
[2021-04-03 15:41:14,441] {logging_mixin.py:104} INFO - [2021-04-03 15:41:14,441] {dag.py:1818} INFO - Sync 1 DAGs
[2021-04-03 15:41:14,456] {logging_mixin.py:104} INFO - [2021-04-03 15:41:14,456] {dag.py:2273} INFO - Setting next_dagrun for example_branch_dop_operator_v3 to 2021-04-01 00:00:00+00:00
[2021-04-03 15:41:14,461] {scheduler_job.py:190} INFO - Processing /home/airflow/.local/lib/python3.6/site-packages/airflow/example_dags/example_branch_python_dop_operator_3.py took 0.038 seconds
[2021-04-03 15:41:45,090] {scheduler_job.py:182} INFO - Started process (PID=1120) to work on /home/airflow/.local/lib/python3.6/site-packages/airflow/example_dags/example_branch_python_dop_operator_3.py
[2021-04-03 15:41:45,091] {scheduler_job.py:629} INFO - Processing file /home/airflow/.local/lib/python3.6/site-packages/airflow/example_dags/example_branch_python_dop_operator_3.py for tasks to queue
[2021-04-03 15:41:45,091] {logging_mixin.py:104} INFO - [2021-04-03 15:41:45,091] {dagbag.py:448} INFO - Filling up the DagBag from /home/airflow/.local/lib/python3.6/site-packages/airflow/example_dags/example_branch_python_dop_operator_3.py
[2021-04-03 15:41:45,098] {scheduler_job.py:639} INFO - DAG(s) dict_keys(['example_branch_dop_operator_v3']) retrieved from /home/airflow/.local/lib/python3.6/site-packages/airflow/example_dags/example_branch_python_dop_operator_3.py
[2021-04-03 15:41:45,107] {logging_mixin.py:104} INFO - [2021-04-03 15:41:45,107] {dag.py:1818} INFO - Sync 1 DAGs
[2021-04-03 15:41:45,122] {logging_mixin.py:104} INFO - [2021-04-03 15:41:45,122] {dag.py:2273} INFO - Setting next_dagrun for example_branch_dop_operator_v3 to 2021-04-01 00:00:00+00:00
[2021-04-03 15:41:45,129] {scheduler_job.py:190} INFO - Processing /home/airflow/.local/lib/python3.6/site-packages/airflow/example_dags/example_branch_python_dop_operator_3.py took 0.040 seconds
[2021-04-03 15:42:15,728] {scheduler_job.py:182} INFO - Started process (PID=1146) to work on /home/airflow/.local/lib/python3.6/site-packages/airflow/example_dags/example_branch_python_dop_operator_3.py
[2021-04-03 15:42:15,729] {scheduler_job.py:629} INFO - Processing file /home/airflow/.local/lib/python3.6/site-packages/airflow/example_dags/example_branch_python_dop_operator_3.py for tasks to queue
[2021-04-03 15:42:15,729] {logging_mixin.py:104} INFO - [2021-04-03 15:42:15,729] {dagbag.py:448} INFO - Filling up the DagBag from /home/airflow/.local/lib/python3.6/site-packages/airflow/example_dags/example_branch_python_dop_operator_3.py
[2021-04-03 15:42:15,736] {scheduler_job.py:639} INFO - DAG(s) dict_keys(['example_branch_dop_operator_v3']) retrieved from /home/airflow/.local/lib/python3.6/site-packages/airflow/example_dags/example_branch_python_dop_operator_3.py
[2021-04-03 15:42:15,745] {logging_mixin.py:104} INFO - [2021-04-03 15:42:15,745] {dag.py:1818} INFO - Sync 1 DAGs
[2021-04-03 15:42:15,760] {logging_mixin.py:104} INFO - [2021-04-03 15:42:15,760] {dag.py:2273} INFO - Setting next_dagrun for example_branch_dop_operator_v3 to 2021-04-01 00:00:00+00:00
[2021-04-03 15:42:15,767] {scheduler_job.py:190} INFO - Processing /home/airflow/.local/lib/python3.6/site-packages/airflow/example_dags/example_branch_python_dop_operator_3.py took 0.040 seconds
[2021-04-03 15:42:46,379] {scheduler_job.py:182} INFO - Started process (PID=1172) to work on /home/airflow/.local/lib/python3.6/site-packages/airflow/example_dags/example_branch_python_dop_operator_3.py
[2021-04-03 15:42:46,379] {scheduler_job.py:629} INFO - Processing file /home/airflow/.local/lib/python3.6/site-packages/airflow/example_dags/example_branch_python_dop_operator_3.py for tasks to queue
[2021-04-03 15:42:46,379] {logging_mixin.py:104} INFO - [2021-04-03 15:42:46,379] {dagbag.py:448} INFO - Filling up the DagBag from /home/airflow/.local/lib/python3.6/site-packages/airflow/example_dags/example_branch_python_dop_operator_3.py
[2021-04-03 15:42:46,386] {scheduler_job.py:639} INFO - DAG(s) dict_keys(['example_branch_dop_operator_v3']) retrieved from /home/airflow/.local/lib/python3.6/site-packages/airflow/example_dags/example_branch_python_dop_operator_3.py
[2021-04-03 15:42:46,396] {logging_mixin.py:104} INFO - [2021-04-03 15:42:46,396] {dag.py:1818} INFO - Sync 1 DAGs
[2021-04-03 15:42:46,411] {logging_mixin.py:104} INFO - [2021-04-03 15:42:46,410] {dag.py:2273} INFO - Setting next_dagrun for example_branch_dop_operator_v3 to 2021-04-01 00:00:00+00:00
[2021-04-03 15:42:46,417] {scheduler_job.py:190} INFO - Processing /home/airflow/.local/lib/python3.6/site-packages/airflow/example_dags/example_branch_python_dop_operator_3.py took 0.039 seconds
[2021-04-03 15:43:16,952] {scheduler_job.py:182} INFO - Started process (PID=1198) to work on /home/airflow/.local/lib/python3.6/site-packages/airflow/example_dags/example_branch_python_dop_operator_3.py
[2021-04-03 15:43:16,953] {scheduler_job.py:629} INFO - Processing file /home/airflow/.local/lib/python3.6/site-packages/airflow/example_dags/example_branch_python_dop_operator_3.py for tasks to queue
[2021-04-03 15:43:16,953] {logging_mixin.py:104} INFO - [2021-04-03 15:43:16,953] {dagbag.py:448} INFO - Filling up the DagBag from /home/airflow/.local/lib/python3.6/site-packages/airflow/example_dags/example_branch_python_dop_operator_3.py
[2021-04-03 15:43:16,960] {scheduler_job.py:639} INFO - DAG(s) dict_keys(['example_branch_dop_operator_v3']) retrieved from /home/airflow/.local/lib/python3.6/site-packages/airflow/example_dags/example_branch_python_dop_operator_3.py
[2021-04-03 15:43:16,969] {logging_mixin.py:104} INFO - [2021-04-03 15:43:16,969] {dag.py:1818} INFO - Sync 1 DAGs
[2021-04-03 15:43:16,983] {logging_mixin.py:104} INFO - [2021-04-03 15:43:16,983] {dag.py:2273} INFO - Setting next_dagrun for example_branch_dop_operator_v3 to 2021-04-01 00:00:00+00:00
[2021-04-03 15:43:16,990] {scheduler_job.py:190} INFO - Processing /home/airflow/.local/lib/python3.6/site-packages/airflow/example_dags/example_branch_python_dop_operator_3.py took 0.039 seconds
[2021-04-03 15:43:47,568] {scheduler_job.py:182} INFO - Started process (PID=1224) to work on /home/airflow/.local/lib/python3.6/site-packages/airflow/example_dags/example_branch_python_dop_operator_3.py
[2021-04-03 15:43:47,569] {scheduler_job.py:629} INFO - Processing file /home/airflow/.local/lib/python3.6/site-packages/airflow/example_dags/example_branch_python_dop_operator_3.py for tasks to queue
[2021-04-03 15:43:47,569] {logging_mixin.py:104} INFO - [2021-04-03 15:43:47,569] {dagbag.py:448} INFO - Filling up the DagBag from /home/airflow/.local/lib/python3.6/site-packages/airflow/example_dags/example_branch_python_dop_operator_3.py
[2021-04-03 15:43:47,576] {scheduler_job.py:639} INFO - DAG(s) dict_keys(['example_branch_dop_operator_v3']) retrieved from /home/airflow/.local/lib/python3.6/site-packages/airflow/example_dags/example_branch_python_dop_operator_3.py
[2021-04-03 15:43:47,586] {logging_mixin.py:104} INFO - [2021-04-03 15:43:47,586] {dag.py:1818} INFO - Sync 1 DAGs
[2021-04-03 15:43:47,601] {logging_mixin.py:104} INFO - [2021-04-03 15:43:47,601] {dag.py:2273} INFO - Setting next_dagrun for example_branch_dop_operator_v3 to 2021-04-01 00:00:00+00:00
[2021-04-03 15:43:47,606] {scheduler_job.py:190} INFO - Processing /home/airflow/.local/lib/python3.6/site-packages/airflow/example_dags/example_branch_python_dop_operator_3.py took 0.039 seconds
[2021-04-03 15:44:18,167] {scheduler_job.py:182} INFO - Started process (PID=1250) to work on /home/airflow/.local/lib/python3.6/site-packages/airflow/example_dags/example_branch_python_dop_operator_3.py
[2021-04-03 15:44:18,168] {scheduler_job.py:629} INFO - Processing file /home/airflow/.local/lib/python3.6/site-packages/airflow/example_dags/example_branch_python_dop_operator_3.py for tasks to queue
[2021-04-03 15:44:18,168] {logging_mixin.py:104} INFO - [2021-04-03 15:44:18,168] {dagbag.py:448} INFO - Filling up the DagBag from /home/airflow/.local/lib/python3.6/site-packages/airflow/example_dags/example_branch_python_dop_operator_3.py
[2021-04-03 15:44:18,175] {scheduler_job.py:639} INFO - DAG(s) dict_keys(['example_branch_dop_operator_v3']) retrieved from /home/airflow/.local/lib/python3.6/site-packages/airflow/example_dags/example_branch_python_dop_operator_3.py
[2021-04-03 15:44:18,185] {logging_mixin.py:104} INFO - [2021-04-03 15:44:18,185] {dag.py:1818} INFO - Sync 1 DAGs
[2021-04-03 15:44:18,200] {logging_mixin.py:104} INFO - [2021-04-03 15:44:18,200] {dag.py:2273} INFO - Setting next_dagrun for example_branch_dop_operator_v3 to 2021-04-01 00:00:00+00:00
[2021-04-03 15:44:18,206] {scheduler_job.py:190} INFO - Processing /home/airflow/.local/lib/python3.6/site-packages/airflow/example_dags/example_branch_python_dop_operator_3.py took 0.040 seconds
[2021-04-03 15:44:48,756] {scheduler_job.py:182} INFO - Started process (PID=1276) to work on /home/airflow/.local/lib/python3.6/site-packages/airflow/example_dags/example_branch_python_dop_operator_3.py
[2021-04-03 15:44:48,757] {scheduler_job.py:629} INFO - Processing file /home/airflow/.local/lib/python3.6/site-packages/airflow/example_dags/example_branch_python_dop_operator_3.py for tasks to queue
[2021-04-03 15:44:48,757] {logging_mixin.py:104} INFO - [2021-04-03 15:44:48,757] {dagbag.py:448} INFO - Filling up the DagBag from /home/airflow/.local/lib/python3.6/site-packages/airflow/example_dags/example_branch_python_dop_operator_3.py
[2021-04-03 15:44:48,768] {scheduler_job.py:639} INFO - DAG(s) dict_keys(['example_branch_dop_operator_v3']) retrieved from /home/airflow/.local/lib/python3.6/site-packages/airflow/example_dags/example_branch_python_dop_operator_3.py
[2021-04-03 15:44:48,780] {logging_mixin.py:104} INFO - [2021-04-03 15:44:48,780] {dag.py:1818} INFO - Sync 1 DAGs
[2021-04-03 15:44:48,797] {logging_mixin.py:104} INFO - [2021-04-03 15:44:48,797] {dag.py:2273} INFO - Setting next_dagrun for example_branch_dop_operator_v3 to 2021-04-01 00:00:00+00:00
[2021-04-03 15:44:48,804] {scheduler_job.py:190} INFO - Processing /home/airflow/.local/lib/python3.6/site-packages/airflow/example_dags/example_branch_python_dop_operator_3.py took 0.050 seconds
[2021-04-03 15:45:19,344] {scheduler_job.py:182} INFO - Started process (PID=1302) to work on /home/airflow/.local/lib/python3.6/site-packages/airflow/example_dags/example_branch_python_dop_operator_3.py
[2021-04-03 15:45:19,345] {scheduler_job.py:629} INFO - Processing file /home/airflow/.local/lib/python3.6/site-packages/airflow/example_dags/example_branch_python_dop_operator_3.py for tasks to queue
[2021-04-03 15:45:19,345] {logging_mixin.py:104} INFO - [2021-04-03 15:45:19,345] {dagbag.py:448} INFO - Filling up the DagBag from /home/airflow/.local/lib/python3.6/site-packages/airflow/example_dags/example_branch_python_dop_operator_3.py
[2021-04-03 15:45:19,352] {scheduler_job.py:639} INFO - DAG(s) dict_keys(['example_branch_dop_operator_v3']) retrieved from /home/airflow/.local/lib/python3.6/site-packages/airflow/example_dags/example_branch_python_dop_operator_3.py
[2021-04-03 15:45:19,361] {logging_mixin.py:104} INFO - [2021-04-03 15:45:19,361] {dag.py:1818} INFO - Sync 1 DAGs
[2021-04-03 15:45:19,376] {logging_mixin.py:104} INFO - [2021-04-03 15:45:19,376] {dag.py:2273} INFO - Setting next_dagrun for example_branch_dop_operator_v3 to 2021-04-01 00:00:00+00:00
[2021-04-03 15:45:19,382] {scheduler_job.py:190} INFO - Processing /home/airflow/.local/lib/python3.6/site-packages/airflow/example_dags/example_branch_python_dop_operator_3.py took 0.039 seconds
[2021-04-03 15:45:49,897] {scheduler_job.py:182} INFO - Started process (PID=1328) to work on /home/airflow/.local/lib/python3.6/site-packages/airflow/example_dags/example_branch_python_dop_operator_3.py
[2021-04-03 15:45:49,897] {scheduler_job.py:629} INFO - Processing file /home/airflow/.local/lib/python3.6/site-packages/airflow/example_dags/example_branch_python_dop_operator_3.py for tasks to queue
[2021-04-03 15:45:49,897] {logging_mixin.py:104} INFO - [2021-04-03 15:45:49,897] {dagbag.py:448} INFO - Filling up the DagBag from /home/airflow/.local/lib/python3.6/site-packages/airflow/example_dags/example_branch_python_dop_operator_3.py
[2021-04-03 15:45:49,904] {scheduler_job.py:639} INFO - DAG(s) dict_keys(['example_branch_dop_operator_v3']) retrieved from /home/airflow/.local/lib/python3.6/site-packages/airflow/example_dags/example_branch_python_dop_operator_3.py
[2021-04-03 15:45:49,913] {logging_mixin.py:104} INFO - [2021-04-03 15:45:49,913] {dag.py:1818} INFO - Sync 1 DAGs
[2021-04-03 15:45:49,928] {logging_mixin.py:104} INFO - [2021-04-03 15:45:49,928] {dag.py:2273} INFO - Setting next_dagrun for example_branch_dop_operator_v3 to 2021-04-01 00:00:00+00:00
[2021-04-03 15:45:49,935] {scheduler_job.py:190} INFO - Processing /home/airflow/.local/lib/python3.6/site-packages/airflow/example_dags/example_branch_python_dop_operator_3.py took 0.039 seconds
[2021-04-03 15:46:20,465] {scheduler_job.py:182} INFO - Started process (PID=1354) to work on /home/airflow/.local/lib/python3.6/site-packages/airflow/example_dags/example_branch_python_dop_operator_3.py
[2021-04-03 15:46:20,466] {scheduler_job.py:629} INFO - Processing file /home/airflow/.local/lib/python3.6/site-packages/airflow/example_dags/example_branch_python_dop_operator_3.py for tasks to queue
[2021-04-03 15:46:20,466] {logging_mixin.py:104} INFO - [2021-04-03 15:46:20,466] {dagbag.py:448} INFO - Filling up the DagBag from /home/airflow/.local/lib/python3.6/site-packages/airflow/example_dags/example_branch_python_dop_operator_3.py
[2021-04-03 15:46:20,473] {scheduler_job.py:639} INFO - DAG(s) dict_keys(['example_branch_dop_operator_v3']) retrieved from /home/airflow/.local/lib/python3.6/site-packages/airflow/example_dags/example_branch_python_dop_operator_3.py
[2021-04-03 15:46:20,483] {logging_mixin.py:104} INFO - [2021-04-03 15:46:20,483] {dag.py:1818} INFO - Sync 1 DAGs
[2021-04-03 15:46:20,498] {logging_mixin.py:104} INFO - [2021-04-03 15:46:20,497] {dag.py:2273} INFO - Setting next_dagrun for example_branch_dop_operator_v3 to 2021-04-01 00:00:00+00:00
[2021-04-03 15:46:20,503] {scheduler_job.py:190} INFO - Processing /home/airflow/.local/lib/python3.6/site-packages/airflow/example_dags/example_branch_python_dop_operator_3.py took 0.039 seconds
[2021-04-03 15:46:51,080] {scheduler_job.py:182} INFO - Started process (PID=1380) to work on /home/airflow/.local/lib/python3.6/site-packages/airflow/example_dags/example_branch_python_dop_operator_3.py
[2021-04-03 15:46:51,081] {scheduler_job.py:629} INFO - Processing file /home/airflow/.local/lib/python3.6/site-packages/airflow/example_dags/example_branch_python_dop_operator_3.py for tasks to queue
[2021-04-03 15:46:51,081] {logging_mixin.py:104} INFO - [2021-04-03 15:46:51,081] {dagbag.py:448} INFO - Filling up the DagBag from /home/airflow/.local/lib/python3.6/site-packages/airflow/example_dags/example_branch_python_dop_operator_3.py
[2021-04-03 15:46:51,088] {scheduler_job.py:639} INFO - DAG(s) dict_keys(['example_branch_dop_operator_v3']) retrieved from /home/airflow/.local/lib/python3.6/site-packages/airflow/example_dags/example_branch_python_dop_operator_3.py
[2021-04-03 15:46:51,098] {logging_mixin.py:104} INFO - [2021-04-03 15:46:51,098] {dag.py:1818} INFO - Sync 1 DAGs
[2021-04-03 15:46:51,113] {logging_mixin.py:104} INFO - [2021-04-03 15:46:51,112] {dag.py:2273} INFO - Setting next_dagrun for example_branch_dop_operator_v3 to 2021-04-01 00:00:00+00:00
[2021-04-03 15:46:51,118] {scheduler_job.py:190} INFO - Processing /home/airflow/.local/lib/python3.6/site-packages/airflow/example_dags/example_branch_python_dop_operator_3.py took 0.039 seconds
[2021-04-03 15:47:21,607] {scheduler_job.py:182} INFO - Started process (PID=1406) to work on /home/airflow/.local/lib/python3.6/site-packages/airflow/example_dags/example_branch_python_dop_operator_3.py
[2021-04-03 15:47:21,608] {scheduler_job.py:629} INFO - Processing file /home/airflow/.local/lib/python3.6/site-packages/airflow/example_dags/example_branch_python_dop_operator_3.py for tasks to queue
[2021-04-03 15:47:21,608] {logging_mixin.py:104} INFO - [2021-04-03 15:47:21,608] {dagbag.py:448} INFO - Filling up the DagBag from /home/airflow/.local/lib/python3.6/site-packages/airflow/example_dags/example_branch_python_dop_operator_3.py
[2021-04-03 15:47:21,615] {scheduler_job.py:639} INFO - DAG(s) dict_keys(['example_branch_dop_operator_v3']) retrieved from /home/airflow/.local/lib/python3.6/site-packages/airflow/example_dags/example_branch_python_dop_operator_3.py
[2021-04-03 15:47:21,624] {logging_mixin.py:104} INFO - [2021-04-03 15:47:21,624] {dag.py:1818} INFO - Sync 1 DAGs
[2021-04-03 15:47:21,638] {logging_mixin.py:104} INFO - [2021-04-03 15:47:21,638] {dag.py:2273} INFO - Setting next_dagrun for example_branch_dop_operator_v3 to 2021-04-01 00:00:00+00:00
[2021-04-03 15:47:21,644] {scheduler_job.py:190} INFO - Processing /home/airflow/.local/lib/python3.6/site-packages/airflow/example_dags/example_branch_python_dop_operator_3.py took 0.038 seconds
[2021-04-03 15:47:52,206] {scheduler_job.py:182} INFO - Started process (PID=1432) to work on /home/airflow/.local/lib/python3.6/site-packages/airflow/example_dags/example_branch_python_dop_operator_3.py
[2021-04-03 15:47:52,206] {scheduler_job.py:629} INFO - Processing file /home/airflow/.local/lib/python3.6/site-packages/airflow/example_dags/example_branch_python_dop_operator_3.py for tasks to queue
[2021-04-03 15:47:52,206] {logging_mixin.py:104} INFO - [2021-04-03 15:47:52,206] {dagbag.py:448} INFO - Filling up the DagBag from /home/airflow/.local/lib/python3.6/site-packages/airflow/example_dags/example_branch_python_dop_operator_3.py
[2021-04-03 15:47:52,213] {scheduler_job.py:639} INFO - DAG(s) dict_keys(['example_branch_dop_operator_v3']) retrieved from /home/airflow/.local/lib/python3.6/site-packages/airflow/example_dags/example_branch_python_dop_operator_3.py
[2021-04-03 15:47:52,224] {logging_mixin.py:104} INFO - [2021-04-03 15:47:52,224] {dag.py:1818} INFO - Sync 1 DAGs
[2021-04-03 15:47:52,243] {logging_mixin.py:104} INFO - [2021-04-03 15:47:52,243] {dag.py:2273} INFO - Setting next_dagrun for example_branch_dop_operator_v3 to 2021-04-01 00:00:00+00:00
[2021-04-03 15:47:52,248] {scheduler_job.py:190} INFO - Processing /home/airflow/.local/lib/python3.6/site-packages/airflow/example_dags/example_branch_python_dop_operator_3.py took 0.044 seconds
