[2021-04-03 12:21:06,386] {scheduler_job.py:182} INFO - Started process (PID=40) to work on /home/airflow/.local/lib/python3.6/site-packages/airflow/example_dags/example_trigger_target_dag.py
[2021-04-03 12:21:06,387] {scheduler_job.py:629} INFO - Processing file /home/airflow/.local/lib/python3.6/site-packages/airflow/example_dags/example_trigger_target_dag.py for tasks to queue
[2021-04-03 12:21:06,387] {logging_mixin.py:104} INFO - [2021-04-03 12:21:06,387] {dagbag.py:448} INFO - Filling up the DagBag from /home/airflow/.local/lib/python3.6/site-packages/airflow/example_dags/example_trigger_target_dag.py
[2021-04-03 12:21:06,393] {scheduler_job.py:639} INFO - DAG(s) dict_keys(['example_trigger_target_dag']) retrieved from /home/airflow/.local/lib/python3.6/site-packages/airflow/example_dags/example_trigger_target_dag.py
[2021-04-03 12:21:06,405] {logging_mixin.py:104} INFO - [2021-04-03 12:21:06,405] {dag.py:1818} INFO - Sync 1 DAGs
[2021-04-03 12:21:06,413] {logging_mixin.py:104} INFO - [2021-04-03 12:21:06,413] {dag.py:2273} INFO - Setting next_dagrun for example_trigger_target_dag to None
[2021-04-03 12:21:06,420] {scheduler_job.py:190} INFO - Processing /home/airflow/.local/lib/python3.6/site-packages/airflow/example_dags/example_trigger_target_dag.py took 0.035 seconds
[2021-04-03 15:21:20,683] {scheduler_job.py:182} INFO - Started process (PID=66) to work on /home/airflow/.local/lib/python3.6/site-packages/airflow/example_dags/example_trigger_target_dag.py
[2021-04-03 15:21:20,684] {scheduler_job.py:629} INFO - Processing file /home/airflow/.local/lib/python3.6/site-packages/airflow/example_dags/example_trigger_target_dag.py for tasks to queue
[2021-04-03 15:21:20,684] {logging_mixin.py:104} INFO - [2021-04-03 15:21:20,684] {dagbag.py:448} INFO - Filling up the DagBag from /home/airflow/.local/lib/python3.6/site-packages/airflow/example_dags/example_trigger_target_dag.py
[2021-04-03 15:21:20,689] {scheduler_job.py:639} INFO - DAG(s) dict_keys(['example_trigger_target_dag']) retrieved from /home/airflow/.local/lib/python3.6/site-packages/airflow/example_dags/example_trigger_target_dag.py
[2021-04-03 15:21:20,699] {logging_mixin.py:104} INFO - [2021-04-03 15:21:20,699] {dag.py:1818} INFO - Sync 1 DAGs
[2021-04-03 15:21:20,706] {logging_mixin.py:104} INFO - [2021-04-03 15:21:20,706] {dag.py:2273} INFO - Setting next_dagrun for example_trigger_target_dag to None
[2021-04-03 15:21:20,711] {scheduler_job.py:190} INFO - Processing /home/airflow/.local/lib/python3.6/site-packages/airflow/example_dags/example_trigger_target_dag.py took 0.029 seconds
[2021-04-03 15:21:51,386] {scheduler_job.py:182} INFO - Started process (PID=92) to work on /home/airflow/.local/lib/python3.6/site-packages/airflow/example_dags/example_trigger_target_dag.py
[2021-04-03 15:21:51,387] {scheduler_job.py:629} INFO - Processing file /home/airflow/.local/lib/python3.6/site-packages/airflow/example_dags/example_trigger_target_dag.py for tasks to queue
[2021-04-03 15:21:51,387] {logging_mixin.py:104} INFO - [2021-04-03 15:21:51,387] {dagbag.py:448} INFO - Filling up the DagBag from /home/airflow/.local/lib/python3.6/site-packages/airflow/example_dags/example_trigger_target_dag.py
[2021-04-03 15:21:51,393] {scheduler_job.py:639} INFO - DAG(s) dict_keys(['example_trigger_target_dag']) retrieved from /home/airflow/.local/lib/python3.6/site-packages/airflow/example_dags/example_trigger_target_dag.py
[2021-04-03 15:21:51,402] {logging_mixin.py:104} INFO - [2021-04-03 15:21:51,402] {dag.py:1818} INFO - Sync 1 DAGs
[2021-04-03 15:21:51,409] {logging_mixin.py:104} INFO - [2021-04-03 15:21:51,409] {dag.py:2273} INFO - Setting next_dagrun for example_trigger_target_dag to None
[2021-04-03 15:21:51,415] {scheduler_job.py:190} INFO - Processing /home/airflow/.local/lib/python3.6/site-packages/airflow/example_dags/example_trigger_target_dag.py took 0.030 seconds
[2021-04-03 15:22:21,970] {scheduler_job.py:182} INFO - Started process (PID=118) to work on /home/airflow/.local/lib/python3.6/site-packages/airflow/example_dags/example_trigger_target_dag.py
[2021-04-03 15:22:21,970] {scheduler_job.py:629} INFO - Processing file /home/airflow/.local/lib/python3.6/site-packages/airflow/example_dags/example_trigger_target_dag.py for tasks to queue
[2021-04-03 15:22:21,971] {logging_mixin.py:104} INFO - [2021-04-03 15:22:21,970] {dagbag.py:448} INFO - Filling up the DagBag from /home/airflow/.local/lib/python3.6/site-packages/airflow/example_dags/example_trigger_target_dag.py
[2021-04-03 15:22:21,976] {scheduler_job.py:639} INFO - DAG(s) dict_keys(['example_trigger_target_dag']) retrieved from /home/airflow/.local/lib/python3.6/site-packages/airflow/example_dags/example_trigger_target_dag.py
[2021-04-03 15:22:21,985] {logging_mixin.py:104} INFO - [2021-04-03 15:22:21,985] {dag.py:1818} INFO - Sync 1 DAGs
[2021-04-03 15:22:21,992] {logging_mixin.py:104} INFO - [2021-04-03 15:22:21,992] {dag.py:2273} INFO - Setting next_dagrun for example_trigger_target_dag to None
[2021-04-03 15:22:21,998] {scheduler_job.py:190} INFO - Processing /home/airflow/.local/lib/python3.6/site-packages/airflow/example_dags/example_trigger_target_dag.py took 0.030 seconds
[2021-04-03 15:22:52,538] {scheduler_job.py:182} INFO - Started process (PID=144) to work on /home/airflow/.local/lib/python3.6/site-packages/airflow/example_dags/example_trigger_target_dag.py
[2021-04-03 15:22:52,539] {scheduler_job.py:629} INFO - Processing file /home/airflow/.local/lib/python3.6/site-packages/airflow/example_dags/example_trigger_target_dag.py for tasks to queue
[2021-04-03 15:22:52,539] {logging_mixin.py:104} INFO - [2021-04-03 15:22:52,539] {dagbag.py:448} INFO - Filling up the DagBag from /home/airflow/.local/lib/python3.6/site-packages/airflow/example_dags/example_trigger_target_dag.py
[2021-04-03 15:22:52,545] {scheduler_job.py:639} INFO - DAG(s) dict_keys(['example_trigger_target_dag']) retrieved from /home/airflow/.local/lib/python3.6/site-packages/airflow/example_dags/example_trigger_target_dag.py
[2021-04-03 15:22:52,554] {logging_mixin.py:104} INFO - [2021-04-03 15:22:52,554] {dag.py:1818} INFO - Sync 1 DAGs
[2021-04-03 15:22:52,561] {logging_mixin.py:104} INFO - [2021-04-03 15:22:52,561] {dag.py:2273} INFO - Setting next_dagrun for example_trigger_target_dag to None
[2021-04-03 15:22:52,567] {scheduler_job.py:190} INFO - Processing /home/airflow/.local/lib/python3.6/site-packages/airflow/example_dags/example_trigger_target_dag.py took 0.030 seconds
[2021-04-03 15:23:23,157] {scheduler_job.py:182} INFO - Started process (PID=170) to work on /home/airflow/.local/lib/python3.6/site-packages/airflow/example_dags/example_trigger_target_dag.py
[2021-04-03 15:23:23,157] {scheduler_job.py:629} INFO - Processing file /home/airflow/.local/lib/python3.6/site-packages/airflow/example_dags/example_trigger_target_dag.py for tasks to queue
[2021-04-03 15:23:23,158] {logging_mixin.py:104} INFO - [2021-04-03 15:23:23,158] {dagbag.py:448} INFO - Filling up the DagBag from /home/airflow/.local/lib/python3.6/site-packages/airflow/example_dags/example_trigger_target_dag.py
[2021-04-03 15:23:23,163] {scheduler_job.py:639} INFO - DAG(s) dict_keys(['example_trigger_target_dag']) retrieved from /home/airflow/.local/lib/python3.6/site-packages/airflow/example_dags/example_trigger_target_dag.py
[2021-04-03 15:23:23,173] {logging_mixin.py:104} INFO - [2021-04-03 15:23:23,173] {dag.py:1818} INFO - Sync 1 DAGs
[2021-04-03 15:23:23,179] {logging_mixin.py:104} INFO - [2021-04-03 15:23:23,179] {dag.py:2273} INFO - Setting next_dagrun for example_trigger_target_dag to None
[2021-04-03 15:23:23,185] {scheduler_job.py:190} INFO - Processing /home/airflow/.local/lib/python3.6/site-packages/airflow/example_dags/example_trigger_target_dag.py took 0.029 seconds
[2021-04-03 15:23:53,725] {scheduler_job.py:182} INFO - Started process (PID=196) to work on /home/airflow/.local/lib/python3.6/site-packages/airflow/example_dags/example_trigger_target_dag.py
[2021-04-03 15:23:53,726] {scheduler_job.py:629} INFO - Processing file /home/airflow/.local/lib/python3.6/site-packages/airflow/example_dags/example_trigger_target_dag.py for tasks to queue
[2021-04-03 15:23:53,726] {logging_mixin.py:104} INFO - [2021-04-03 15:23:53,726] {dagbag.py:448} INFO - Filling up the DagBag from /home/airflow/.local/lib/python3.6/site-packages/airflow/example_dags/example_trigger_target_dag.py
[2021-04-03 15:23:53,731] {scheduler_job.py:639} INFO - DAG(s) dict_keys(['example_trigger_target_dag']) retrieved from /home/airflow/.local/lib/python3.6/site-packages/airflow/example_dags/example_trigger_target_dag.py
[2021-04-03 15:23:53,741] {logging_mixin.py:104} INFO - [2021-04-03 15:23:53,741] {dag.py:1818} INFO - Sync 1 DAGs
[2021-04-03 15:23:53,748] {logging_mixin.py:104} INFO - [2021-04-03 15:23:53,748] {dag.py:2273} INFO - Setting next_dagrun for example_trigger_target_dag to None
[2021-04-03 15:23:53,754] {scheduler_job.py:190} INFO - Processing /home/airflow/.local/lib/python3.6/site-packages/airflow/example_dags/example_trigger_target_dag.py took 0.030 seconds
[2021-04-03 15:24:24,309] {scheduler_job.py:182} INFO - Started process (PID=222) to work on /home/airflow/.local/lib/python3.6/site-packages/airflow/example_dags/example_trigger_target_dag.py
[2021-04-03 15:24:24,309] {scheduler_job.py:629} INFO - Processing file /home/airflow/.local/lib/python3.6/site-packages/airflow/example_dags/example_trigger_target_dag.py for tasks to queue
[2021-04-03 15:24:24,310] {logging_mixin.py:104} INFO - [2021-04-03 15:24:24,310] {dagbag.py:448} INFO - Filling up the DagBag from /home/airflow/.local/lib/python3.6/site-packages/airflow/example_dags/example_trigger_target_dag.py
[2021-04-03 15:24:24,315] {scheduler_job.py:639} INFO - DAG(s) dict_keys(['example_trigger_target_dag']) retrieved from /home/airflow/.local/lib/python3.6/site-packages/airflow/example_dags/example_trigger_target_dag.py
[2021-04-03 15:24:24,325] {logging_mixin.py:104} INFO - [2021-04-03 15:24:24,324] {dag.py:1818} INFO - Sync 1 DAGs
[2021-04-03 15:24:24,331] {logging_mixin.py:104} INFO - [2021-04-03 15:24:24,331] {dag.py:2273} INFO - Setting next_dagrun for example_trigger_target_dag to None
[2021-04-03 15:24:24,337] {scheduler_job.py:190} INFO - Processing /home/airflow/.local/lib/python3.6/site-packages/airflow/example_dags/example_trigger_target_dag.py took 0.029 seconds
[2021-04-03 15:24:54,890] {scheduler_job.py:182} INFO - Started process (PID=248) to work on /home/airflow/.local/lib/python3.6/site-packages/airflow/example_dags/example_trigger_target_dag.py
[2021-04-03 15:24:54,891] {scheduler_job.py:629} INFO - Processing file /home/airflow/.local/lib/python3.6/site-packages/airflow/example_dags/example_trigger_target_dag.py for tasks to queue
[2021-04-03 15:24:54,891] {logging_mixin.py:104} INFO - [2021-04-03 15:24:54,891] {dagbag.py:448} INFO - Filling up the DagBag from /home/airflow/.local/lib/python3.6/site-packages/airflow/example_dags/example_trigger_target_dag.py
[2021-04-03 15:24:54,896] {scheduler_job.py:639} INFO - DAG(s) dict_keys(['example_trigger_target_dag']) retrieved from /home/airflow/.local/lib/python3.6/site-packages/airflow/example_dags/example_trigger_target_dag.py
[2021-04-03 15:24:54,906] {logging_mixin.py:104} INFO - [2021-04-03 15:24:54,906] {dag.py:1818} INFO - Sync 1 DAGs
[2021-04-03 15:24:54,912] {logging_mixin.py:104} INFO - [2021-04-03 15:24:54,912] {dag.py:2273} INFO - Setting next_dagrun for example_trigger_target_dag to None
[2021-04-03 15:24:54,919] {scheduler_job.py:190} INFO - Processing /home/airflow/.local/lib/python3.6/site-packages/airflow/example_dags/example_trigger_target_dag.py took 0.030 seconds
[2021-04-03 15:25:25,472] {scheduler_job.py:182} INFO - Started process (PID=274) to work on /home/airflow/.local/lib/python3.6/site-packages/airflow/example_dags/example_trigger_target_dag.py
[2021-04-03 15:25:25,472] {scheduler_job.py:629} INFO - Processing file /home/airflow/.local/lib/python3.6/site-packages/airflow/example_dags/example_trigger_target_dag.py for tasks to queue
[2021-04-03 15:25:25,472] {logging_mixin.py:104} INFO - [2021-04-03 15:25:25,472] {dagbag.py:448} INFO - Filling up the DagBag from /home/airflow/.local/lib/python3.6/site-packages/airflow/example_dags/example_trigger_target_dag.py
[2021-04-03 15:25:25,478] {scheduler_job.py:639} INFO - DAG(s) dict_keys(['example_trigger_target_dag']) retrieved from /home/airflow/.local/lib/python3.6/site-packages/airflow/example_dags/example_trigger_target_dag.py
[2021-04-03 15:25:25,488] {logging_mixin.py:104} INFO - [2021-04-03 15:25:25,488] {dag.py:1818} INFO - Sync 1 DAGs
[2021-04-03 15:25:25,494] {logging_mixin.py:104} INFO - [2021-04-03 15:25:25,494] {dag.py:2273} INFO - Setting next_dagrun for example_trigger_target_dag to None
[2021-04-03 15:25:25,500] {scheduler_job.py:190} INFO - Processing /home/airflow/.local/lib/python3.6/site-packages/airflow/example_dags/example_trigger_target_dag.py took 0.029 seconds
[2021-04-03 15:25:56,062] {scheduler_job.py:182} INFO - Started process (PID=300) to work on /home/airflow/.local/lib/python3.6/site-packages/airflow/example_dags/example_trigger_target_dag.py
[2021-04-03 15:25:56,062] {scheduler_job.py:629} INFO - Processing file /home/airflow/.local/lib/python3.6/site-packages/airflow/example_dags/example_trigger_target_dag.py for tasks to queue
[2021-04-03 15:25:56,063] {logging_mixin.py:104} INFO - [2021-04-03 15:25:56,063] {dagbag.py:448} INFO - Filling up the DagBag from /home/airflow/.local/lib/python3.6/site-packages/airflow/example_dags/example_trigger_target_dag.py
[2021-04-03 15:25:56,068] {scheduler_job.py:639} INFO - DAG(s) dict_keys(['example_trigger_target_dag']) retrieved from /home/airflow/.local/lib/python3.6/site-packages/airflow/example_dags/example_trigger_target_dag.py
[2021-04-03 15:25:56,077] {logging_mixin.py:104} INFO - [2021-04-03 15:25:56,077] {dag.py:1818} INFO - Sync 1 DAGs
[2021-04-03 15:25:56,084] {logging_mixin.py:104} INFO - [2021-04-03 15:25:56,084] {dag.py:2273} INFO - Setting next_dagrun for example_trigger_target_dag to None
[2021-04-03 15:25:56,090] {scheduler_job.py:190} INFO - Processing /home/airflow/.local/lib/python3.6/site-packages/airflow/example_dags/example_trigger_target_dag.py took 0.029 seconds
[2021-04-03 15:26:26,639] {scheduler_job.py:182} INFO - Started process (PID=326) to work on /home/airflow/.local/lib/python3.6/site-packages/airflow/example_dags/example_trigger_target_dag.py
[2021-04-03 15:26:26,640] {scheduler_job.py:629} INFO - Processing file /home/airflow/.local/lib/python3.6/site-packages/airflow/example_dags/example_trigger_target_dag.py for tasks to queue
[2021-04-03 15:26:26,640] {logging_mixin.py:104} INFO - [2021-04-03 15:26:26,640] {dagbag.py:448} INFO - Filling up the DagBag from /home/airflow/.local/lib/python3.6/site-packages/airflow/example_dags/example_trigger_target_dag.py
[2021-04-03 15:26:26,645] {scheduler_job.py:639} INFO - DAG(s) dict_keys(['example_trigger_target_dag']) retrieved from /home/airflow/.local/lib/python3.6/site-packages/airflow/example_dags/example_trigger_target_dag.py
[2021-04-03 15:26:26,655] {logging_mixin.py:104} INFO - [2021-04-03 15:26:26,655] {dag.py:1818} INFO - Sync 1 DAGs
[2021-04-03 15:26:26,662] {logging_mixin.py:104} INFO - [2021-04-03 15:26:26,662] {dag.py:2273} INFO - Setting next_dagrun for example_trigger_target_dag to None
[2021-04-03 15:26:26,669] {scheduler_job.py:190} INFO - Processing /home/airflow/.local/lib/python3.6/site-packages/airflow/example_dags/example_trigger_target_dag.py took 0.031 seconds
[2021-04-03 15:26:57,210] {scheduler_job.py:182} INFO - Started process (PID=352) to work on /home/airflow/.local/lib/python3.6/site-packages/airflow/example_dags/example_trigger_target_dag.py
[2021-04-03 15:26:57,210] {scheduler_job.py:629} INFO - Processing file /home/airflow/.local/lib/python3.6/site-packages/airflow/example_dags/example_trigger_target_dag.py for tasks to queue
[2021-04-03 15:26:57,211] {logging_mixin.py:104} INFO - [2021-04-03 15:26:57,211] {dagbag.py:448} INFO - Filling up the DagBag from /home/airflow/.local/lib/python3.6/site-packages/airflow/example_dags/example_trigger_target_dag.py
[2021-04-03 15:26:57,216] {scheduler_job.py:639} INFO - DAG(s) dict_keys(['example_trigger_target_dag']) retrieved from /home/airflow/.local/lib/python3.6/site-packages/airflow/example_dags/example_trigger_target_dag.py
[2021-04-03 15:26:57,226] {logging_mixin.py:104} INFO - [2021-04-03 15:26:57,226] {dag.py:1818} INFO - Sync 1 DAGs
[2021-04-03 15:26:57,234] {logging_mixin.py:104} INFO - [2021-04-03 15:26:57,234] {dag.py:2273} INFO - Setting next_dagrun for example_trigger_target_dag to None
[2021-04-03 15:26:57,240] {scheduler_job.py:190} INFO - Processing /home/airflow/.local/lib/python3.6/site-packages/airflow/example_dags/example_trigger_target_dag.py took 0.031 seconds
[2021-04-03 15:27:27,823] {scheduler_job.py:182} INFO - Started process (PID=378) to work on /home/airflow/.local/lib/python3.6/site-packages/airflow/example_dags/example_trigger_target_dag.py
[2021-04-03 15:27:27,823] {scheduler_job.py:629} INFO - Processing file /home/airflow/.local/lib/python3.6/site-packages/airflow/example_dags/example_trigger_target_dag.py for tasks to queue
[2021-04-03 15:27:27,823] {logging_mixin.py:104} INFO - [2021-04-03 15:27:27,823] {dagbag.py:448} INFO - Filling up the DagBag from /home/airflow/.local/lib/python3.6/site-packages/airflow/example_dags/example_trigger_target_dag.py
[2021-04-03 15:27:27,829] {scheduler_job.py:639} INFO - DAG(s) dict_keys(['example_trigger_target_dag']) retrieved from /home/airflow/.local/lib/python3.6/site-packages/airflow/example_dags/example_trigger_target_dag.py
[2021-04-03 15:27:27,838] {logging_mixin.py:104} INFO - [2021-04-03 15:27:27,838] {dag.py:1818} INFO - Sync 1 DAGs
[2021-04-03 15:27:27,846] {logging_mixin.py:104} INFO - [2021-04-03 15:27:27,845] {dag.py:2273} INFO - Setting next_dagrun for example_trigger_target_dag to None
[2021-04-03 15:27:27,851] {scheduler_job.py:190} INFO - Processing /home/airflow/.local/lib/python3.6/site-packages/airflow/example_dags/example_trigger_target_dag.py took 0.029 seconds
[2021-04-03 15:27:58,423] {scheduler_job.py:182} INFO - Started process (PID=404) to work on /home/airflow/.local/lib/python3.6/site-packages/airflow/example_dags/example_trigger_target_dag.py
[2021-04-03 15:27:58,424] {scheduler_job.py:629} INFO - Processing file /home/airflow/.local/lib/python3.6/site-packages/airflow/example_dags/example_trigger_target_dag.py for tasks to queue
[2021-04-03 15:27:58,424] {logging_mixin.py:104} INFO - [2021-04-03 15:27:58,424] {dagbag.py:448} INFO - Filling up the DagBag from /home/airflow/.local/lib/python3.6/site-packages/airflow/example_dags/example_trigger_target_dag.py
[2021-04-03 15:27:58,429] {scheduler_job.py:639} INFO - DAG(s) dict_keys(['example_trigger_target_dag']) retrieved from /home/airflow/.local/lib/python3.6/site-packages/airflow/example_dags/example_trigger_target_dag.py
[2021-04-03 15:27:58,439] {logging_mixin.py:104} INFO - [2021-04-03 15:27:58,439] {dag.py:1818} INFO - Sync 1 DAGs
[2021-04-03 15:27:58,447] {logging_mixin.py:104} INFO - [2021-04-03 15:27:58,447] {dag.py:2273} INFO - Setting next_dagrun for example_trigger_target_dag to None
[2021-04-03 15:27:58,452] {scheduler_job.py:190} INFO - Processing /home/airflow/.local/lib/python3.6/site-packages/airflow/example_dags/example_trigger_target_dag.py took 0.030 seconds
[2021-04-03 15:28:29,007] {scheduler_job.py:182} INFO - Started process (PID=430) to work on /home/airflow/.local/lib/python3.6/site-packages/airflow/example_dags/example_trigger_target_dag.py
[2021-04-03 15:28:29,008] {scheduler_job.py:629} INFO - Processing file /home/airflow/.local/lib/python3.6/site-packages/airflow/example_dags/example_trigger_target_dag.py for tasks to queue
[2021-04-03 15:28:29,008] {logging_mixin.py:104} INFO - [2021-04-03 15:28:29,008] {dagbag.py:448} INFO - Filling up the DagBag from /home/airflow/.local/lib/python3.6/site-packages/airflow/example_dags/example_trigger_target_dag.py
[2021-04-03 15:28:29,013] {scheduler_job.py:639} INFO - DAG(s) dict_keys(['example_trigger_target_dag']) retrieved from /home/airflow/.local/lib/python3.6/site-packages/airflow/example_dags/example_trigger_target_dag.py
[2021-04-03 15:28:29,022] {logging_mixin.py:104} INFO - [2021-04-03 15:28:29,022] {dag.py:1818} INFO - Sync 1 DAGs
[2021-04-03 15:28:29,030] {logging_mixin.py:104} INFO - [2021-04-03 15:28:29,030] {dag.py:2273} INFO - Setting next_dagrun for example_trigger_target_dag to None
[2021-04-03 15:28:29,037] {scheduler_job.py:190} INFO - Processing /home/airflow/.local/lib/python3.6/site-packages/airflow/example_dags/example_trigger_target_dag.py took 0.031 seconds
[2021-04-03 15:28:59,584] {scheduler_job.py:182} INFO - Started process (PID=456) to work on /home/airflow/.local/lib/python3.6/site-packages/airflow/example_dags/example_trigger_target_dag.py
[2021-04-03 15:28:59,584] {scheduler_job.py:629} INFO - Processing file /home/airflow/.local/lib/python3.6/site-packages/airflow/example_dags/example_trigger_target_dag.py for tasks to queue
[2021-04-03 15:28:59,585] {logging_mixin.py:104} INFO - [2021-04-03 15:28:59,585] {dagbag.py:448} INFO - Filling up the DagBag from /home/airflow/.local/lib/python3.6/site-packages/airflow/example_dags/example_trigger_target_dag.py
[2021-04-03 15:28:59,590] {scheduler_job.py:639} INFO - DAG(s) dict_keys(['example_trigger_target_dag']) retrieved from /home/airflow/.local/lib/python3.6/site-packages/airflow/example_dags/example_trigger_target_dag.py
[2021-04-03 15:28:59,600] {logging_mixin.py:104} INFO - [2021-04-03 15:28:59,599] {dag.py:1818} INFO - Sync 1 DAGs
[2021-04-03 15:28:59,607] {logging_mixin.py:104} INFO - [2021-04-03 15:28:59,607] {dag.py:2273} INFO - Setting next_dagrun for example_trigger_target_dag to None
[2021-04-03 15:28:59,614] {scheduler_job.py:190} INFO - Processing /home/airflow/.local/lib/python3.6/site-packages/airflow/example_dags/example_trigger_target_dag.py took 0.031 seconds
[2021-04-03 15:29:30,150] {scheduler_job.py:182} INFO - Started process (PID=482) to work on /home/airflow/.local/lib/python3.6/site-packages/airflow/example_dags/example_trigger_target_dag.py
[2021-04-03 15:29:30,151] {scheduler_job.py:629} INFO - Processing file /home/airflow/.local/lib/python3.6/site-packages/airflow/example_dags/example_trigger_target_dag.py for tasks to queue
[2021-04-03 15:29:30,151] {logging_mixin.py:104} INFO - [2021-04-03 15:29:30,151] {dagbag.py:448} INFO - Filling up the DagBag from /home/airflow/.local/lib/python3.6/site-packages/airflow/example_dags/example_trigger_target_dag.py
[2021-04-03 15:29:30,156] {scheduler_job.py:639} INFO - DAG(s) dict_keys(['example_trigger_target_dag']) retrieved from /home/airflow/.local/lib/python3.6/site-packages/airflow/example_dags/example_trigger_target_dag.py
[2021-04-03 15:29:30,166] {logging_mixin.py:104} INFO - [2021-04-03 15:29:30,166] {dag.py:1818} INFO - Sync 1 DAGs
[2021-04-03 15:29:30,173] {logging_mixin.py:104} INFO - [2021-04-03 15:29:30,173] {dag.py:2273} INFO - Setting next_dagrun for example_trigger_target_dag to None
[2021-04-03 15:29:30,180] {scheduler_job.py:190} INFO - Processing /home/airflow/.local/lib/python3.6/site-packages/airflow/example_dags/example_trigger_target_dag.py took 0.031 seconds
[2021-04-03 15:30:00,748] {scheduler_job.py:182} INFO - Started process (PID=508) to work on /home/airflow/.local/lib/python3.6/site-packages/airflow/example_dags/example_trigger_target_dag.py
[2021-04-03 15:30:00,749] {scheduler_job.py:629} INFO - Processing file /home/airflow/.local/lib/python3.6/site-packages/airflow/example_dags/example_trigger_target_dag.py for tasks to queue
[2021-04-03 15:30:00,749] {logging_mixin.py:104} INFO - [2021-04-03 15:30:00,749] {dagbag.py:448} INFO - Filling up the DagBag from /home/airflow/.local/lib/python3.6/site-packages/airflow/example_dags/example_trigger_target_dag.py
[2021-04-03 15:30:00,754] {scheduler_job.py:639} INFO - DAG(s) dict_keys(['example_trigger_target_dag']) retrieved from /home/airflow/.local/lib/python3.6/site-packages/airflow/example_dags/example_trigger_target_dag.py
[2021-04-03 15:30:00,764] {logging_mixin.py:104} INFO - [2021-04-03 15:30:00,764] {dag.py:1818} INFO - Sync 1 DAGs
[2021-04-03 15:30:00,771] {logging_mixin.py:104} INFO - [2021-04-03 15:30:00,771] {dag.py:2273} INFO - Setting next_dagrun for example_trigger_target_dag to None
[2021-04-03 15:30:00,776] {scheduler_job.py:190} INFO - Processing /home/airflow/.local/lib/python3.6/site-packages/airflow/example_dags/example_trigger_target_dag.py took 0.029 seconds
[2021-04-03 15:30:31,425] {scheduler_job.py:182} INFO - Started process (PID=534) to work on /home/airflow/.local/lib/python3.6/site-packages/airflow/example_dags/example_trigger_target_dag.py
[2021-04-03 15:30:31,425] {scheduler_job.py:629} INFO - Processing file /home/airflow/.local/lib/python3.6/site-packages/airflow/example_dags/example_trigger_target_dag.py for tasks to queue
[2021-04-03 15:30:31,426] {logging_mixin.py:104} INFO - [2021-04-03 15:30:31,425] {dagbag.py:448} INFO - Filling up the DagBag from /home/airflow/.local/lib/python3.6/site-packages/airflow/example_dags/example_trigger_target_dag.py
[2021-04-03 15:30:31,431] {scheduler_job.py:639} INFO - DAG(s) dict_keys(['example_trigger_target_dag']) retrieved from /home/airflow/.local/lib/python3.6/site-packages/airflow/example_dags/example_trigger_target_dag.py
[2021-04-03 15:30:31,441] {logging_mixin.py:104} INFO - [2021-04-03 15:30:31,441] {dag.py:1818} INFO - Sync 1 DAGs
[2021-04-03 15:30:31,450] {logging_mixin.py:104} INFO - [2021-04-03 15:30:31,450] {dag.py:2273} INFO - Setting next_dagrun for example_trigger_target_dag to None
[2021-04-03 15:30:31,455] {scheduler_job.py:190} INFO - Processing /home/airflow/.local/lib/python3.6/site-packages/airflow/example_dags/example_trigger_target_dag.py took 0.032 seconds
[2021-04-03 15:31:02,036] {scheduler_job.py:182} INFO - Started process (PID=560) to work on /home/airflow/.local/lib/python3.6/site-packages/airflow/example_dags/example_trigger_target_dag.py
[2021-04-03 15:31:02,037] {scheduler_job.py:629} INFO - Processing file /home/airflow/.local/lib/python3.6/site-packages/airflow/example_dags/example_trigger_target_dag.py for tasks to queue
[2021-04-03 15:31:02,037] {logging_mixin.py:104} INFO - [2021-04-03 15:31:02,037] {dagbag.py:448} INFO - Filling up the DagBag from /home/airflow/.local/lib/python3.6/site-packages/airflow/example_dags/example_trigger_target_dag.py
[2021-04-03 15:31:02,043] {scheduler_job.py:639} INFO - DAG(s) dict_keys(['example_trigger_target_dag']) retrieved from /home/airflow/.local/lib/python3.6/site-packages/airflow/example_dags/example_trigger_target_dag.py
[2021-04-03 15:31:02,053] {logging_mixin.py:104} INFO - [2021-04-03 15:31:02,053] {dag.py:1818} INFO - Sync 1 DAGs
[2021-04-03 15:31:02,059] {logging_mixin.py:104} INFO - [2021-04-03 15:31:02,059] {dag.py:2273} INFO - Setting next_dagrun for example_trigger_target_dag to None
[2021-04-03 15:31:02,066] {scheduler_job.py:190} INFO - Processing /home/airflow/.local/lib/python3.6/site-packages/airflow/example_dags/example_trigger_target_dag.py took 0.031 seconds
[2021-04-03 15:31:32,649] {scheduler_job.py:182} INFO - Started process (PID=586) to work on /home/airflow/.local/lib/python3.6/site-packages/airflow/example_dags/example_trigger_target_dag.py
[2021-04-03 15:31:32,650] {scheduler_job.py:629} INFO - Processing file /home/airflow/.local/lib/python3.6/site-packages/airflow/example_dags/example_trigger_target_dag.py for tasks to queue
[2021-04-03 15:31:32,650] {logging_mixin.py:104} INFO - [2021-04-03 15:31:32,650] {dagbag.py:448} INFO - Filling up the DagBag from /home/airflow/.local/lib/python3.6/site-packages/airflow/example_dags/example_trigger_target_dag.py
[2021-04-03 15:31:32,655] {scheduler_job.py:639} INFO - DAG(s) dict_keys(['example_trigger_target_dag']) retrieved from /home/airflow/.local/lib/python3.6/site-packages/airflow/example_dags/example_trigger_target_dag.py
[2021-04-03 15:31:32,665] {logging_mixin.py:104} INFO - [2021-04-03 15:31:32,665] {dag.py:1818} INFO - Sync 1 DAGs
[2021-04-03 15:31:32,672] {logging_mixin.py:104} INFO - [2021-04-03 15:31:32,672] {dag.py:2273} INFO - Setting next_dagrun for example_trigger_target_dag to None
[2021-04-03 15:31:32,678] {scheduler_job.py:190} INFO - Processing /home/airflow/.local/lib/python3.6/site-packages/airflow/example_dags/example_trigger_target_dag.py took 0.031 seconds
[2021-04-03 15:32:03,243] {scheduler_job.py:182} INFO - Started process (PID=612) to work on /home/airflow/.local/lib/python3.6/site-packages/airflow/example_dags/example_trigger_target_dag.py
[2021-04-03 15:32:03,243] {scheduler_job.py:629} INFO - Processing file /home/airflow/.local/lib/python3.6/site-packages/airflow/example_dags/example_trigger_target_dag.py for tasks to queue
[2021-04-03 15:32:03,243] {logging_mixin.py:104} INFO - [2021-04-03 15:32:03,243] {dagbag.py:448} INFO - Filling up the DagBag from /home/airflow/.local/lib/python3.6/site-packages/airflow/example_dags/example_trigger_target_dag.py
[2021-04-03 15:32:03,249] {scheduler_job.py:639} INFO - DAG(s) dict_keys(['example_trigger_target_dag']) retrieved from /home/airflow/.local/lib/python3.6/site-packages/airflow/example_dags/example_trigger_target_dag.py
[2021-04-03 15:32:03,259] {logging_mixin.py:104} INFO - [2021-04-03 15:32:03,259] {dag.py:1818} INFO - Sync 1 DAGs
[2021-04-03 15:32:03,266] {logging_mixin.py:104} INFO - [2021-04-03 15:32:03,266] {dag.py:2273} INFO - Setting next_dagrun for example_trigger_target_dag to None
[2021-04-03 15:32:03,272] {scheduler_job.py:190} INFO - Processing /home/airflow/.local/lib/python3.6/site-packages/airflow/example_dags/example_trigger_target_dag.py took 0.030 seconds
[2021-04-03 15:32:33,847] {scheduler_job.py:182} INFO - Started process (PID=638) to work on /home/airflow/.local/lib/python3.6/site-packages/airflow/example_dags/example_trigger_target_dag.py
[2021-04-03 15:32:33,847] {scheduler_job.py:629} INFO - Processing file /home/airflow/.local/lib/python3.6/site-packages/airflow/example_dags/example_trigger_target_dag.py for tasks to queue
[2021-04-03 15:32:33,847] {logging_mixin.py:104} INFO - [2021-04-03 15:32:33,847] {dagbag.py:448} INFO - Filling up the DagBag from /home/airflow/.local/lib/python3.6/site-packages/airflow/example_dags/example_trigger_target_dag.py
[2021-04-03 15:32:33,854] {scheduler_job.py:639} INFO - DAG(s) dict_keys(['example_trigger_target_dag']) retrieved from /home/airflow/.local/lib/python3.6/site-packages/airflow/example_dags/example_trigger_target_dag.py
[2021-04-03 15:32:33,863] {logging_mixin.py:104} INFO - [2021-04-03 15:32:33,863] {dag.py:1818} INFO - Sync 1 DAGs
[2021-04-03 15:32:33,870] {logging_mixin.py:104} INFO - [2021-04-03 15:32:33,870] {dag.py:2273} INFO - Setting next_dagrun for example_trigger_target_dag to None
[2021-04-03 15:32:33,876] {scheduler_job.py:190} INFO - Processing /home/airflow/.local/lib/python3.6/site-packages/airflow/example_dags/example_trigger_target_dag.py took 0.031 seconds
[2021-04-03 15:33:04,478] {scheduler_job.py:182} INFO - Started process (PID=664) to work on /home/airflow/.local/lib/python3.6/site-packages/airflow/example_dags/example_trigger_target_dag.py
[2021-04-03 15:33:04,478] {scheduler_job.py:629} INFO - Processing file /home/airflow/.local/lib/python3.6/site-packages/airflow/example_dags/example_trigger_target_dag.py for tasks to queue
[2021-04-03 15:33:04,478] {logging_mixin.py:104} INFO - [2021-04-03 15:33:04,478] {dagbag.py:448} INFO - Filling up the DagBag from /home/airflow/.local/lib/python3.6/site-packages/airflow/example_dags/example_trigger_target_dag.py
[2021-04-03 15:33:04,485] {scheduler_job.py:639} INFO - DAG(s) dict_keys(['example_trigger_target_dag']) retrieved from /home/airflow/.local/lib/python3.6/site-packages/airflow/example_dags/example_trigger_target_dag.py
[2021-04-03 15:33:04,494] {logging_mixin.py:104} INFO - [2021-04-03 15:33:04,494] {dag.py:1818} INFO - Sync 1 DAGs
[2021-04-03 15:33:04,501] {logging_mixin.py:104} INFO - [2021-04-03 15:33:04,501] {dag.py:2273} INFO - Setting next_dagrun for example_trigger_target_dag to None
[2021-04-03 15:33:04,506] {scheduler_job.py:190} INFO - Processing /home/airflow/.local/lib/python3.6/site-packages/airflow/example_dags/example_trigger_target_dag.py took 0.030 seconds
[2021-04-03 15:33:35,109] {scheduler_job.py:182} INFO - Started process (PID=690) to work on /home/airflow/.local/lib/python3.6/site-packages/airflow/example_dags/example_trigger_target_dag.py
[2021-04-03 15:33:35,110] {scheduler_job.py:629} INFO - Processing file /home/airflow/.local/lib/python3.6/site-packages/airflow/example_dags/example_trigger_target_dag.py for tasks to queue
[2021-04-03 15:33:35,110] {logging_mixin.py:104} INFO - [2021-04-03 15:33:35,110] {dagbag.py:448} INFO - Filling up the DagBag from /home/airflow/.local/lib/python3.6/site-packages/airflow/example_dags/example_trigger_target_dag.py
[2021-04-03 15:33:35,116] {scheduler_job.py:639} INFO - DAG(s) dict_keys(['example_trigger_target_dag']) retrieved from /home/airflow/.local/lib/python3.6/site-packages/airflow/example_dags/example_trigger_target_dag.py
[2021-04-03 15:33:35,125] {logging_mixin.py:104} INFO - [2021-04-03 15:33:35,125] {dag.py:1818} INFO - Sync 1 DAGs
[2021-04-03 15:33:35,132] {logging_mixin.py:104} INFO - [2021-04-03 15:33:35,132] {dag.py:2273} INFO - Setting next_dagrun for example_trigger_target_dag to None
[2021-04-03 15:33:35,138] {scheduler_job.py:190} INFO - Processing /home/airflow/.local/lib/python3.6/site-packages/airflow/example_dags/example_trigger_target_dag.py took 0.031 seconds
[2021-04-03 15:34:05,688] {scheduler_job.py:182} INFO - Started process (PID=716) to work on /home/airflow/.local/lib/python3.6/site-packages/airflow/example_dags/example_trigger_target_dag.py
[2021-04-03 15:34:05,688] {scheduler_job.py:629} INFO - Processing file /home/airflow/.local/lib/python3.6/site-packages/airflow/example_dags/example_trigger_target_dag.py for tasks to queue
[2021-04-03 15:34:05,689] {logging_mixin.py:104} INFO - [2021-04-03 15:34:05,689] {dagbag.py:448} INFO - Filling up the DagBag from /home/airflow/.local/lib/python3.6/site-packages/airflow/example_dags/example_trigger_target_dag.py
[2021-04-03 15:34:05,695] {scheduler_job.py:639} INFO - DAG(s) dict_keys(['example_trigger_target_dag']) retrieved from /home/airflow/.local/lib/python3.6/site-packages/airflow/example_dags/example_trigger_target_dag.py
[2021-04-03 15:34:05,704] {logging_mixin.py:104} INFO - [2021-04-03 15:34:05,704] {dag.py:1818} INFO - Sync 1 DAGs
[2021-04-03 15:34:05,711] {logging_mixin.py:104} INFO - [2021-04-03 15:34:05,711] {dag.py:2273} INFO - Setting next_dagrun for example_trigger_target_dag to None
[2021-04-03 15:34:05,717] {scheduler_job.py:190} INFO - Processing /home/airflow/.local/lib/python3.6/site-packages/airflow/example_dags/example_trigger_target_dag.py took 0.031 seconds
[2021-04-03 15:34:36,280] {scheduler_job.py:182} INFO - Started process (PID=742) to work on /home/airflow/.local/lib/python3.6/site-packages/airflow/example_dags/example_trigger_target_dag.py
[2021-04-03 15:34:36,280] {scheduler_job.py:629} INFO - Processing file /home/airflow/.local/lib/python3.6/site-packages/airflow/example_dags/example_trigger_target_dag.py for tasks to queue
[2021-04-03 15:34:36,280] {logging_mixin.py:104} INFO - [2021-04-03 15:34:36,280] {dagbag.py:448} INFO - Filling up the DagBag from /home/airflow/.local/lib/python3.6/site-packages/airflow/example_dags/example_trigger_target_dag.py
[2021-04-03 15:34:36,286] {scheduler_job.py:639} INFO - DAG(s) dict_keys(['example_trigger_target_dag']) retrieved from /home/airflow/.local/lib/python3.6/site-packages/airflow/example_dags/example_trigger_target_dag.py
[2021-04-03 15:34:36,296] {logging_mixin.py:104} INFO - [2021-04-03 15:34:36,296] {dag.py:1818} INFO - Sync 1 DAGs
[2021-04-03 15:34:36,303] {logging_mixin.py:104} INFO - [2021-04-03 15:34:36,303] {dag.py:2273} INFO - Setting next_dagrun for example_trigger_target_dag to None
[2021-04-03 15:34:36,309] {scheduler_job.py:190} INFO - Processing /home/airflow/.local/lib/python3.6/site-packages/airflow/example_dags/example_trigger_target_dag.py took 0.031 seconds
[2021-04-03 15:35:06,874] {scheduler_job.py:182} INFO - Started process (PID=768) to work on /home/airflow/.local/lib/python3.6/site-packages/airflow/example_dags/example_trigger_target_dag.py
[2021-04-03 15:35:06,874] {scheduler_job.py:629} INFO - Processing file /home/airflow/.local/lib/python3.6/site-packages/airflow/example_dags/example_trigger_target_dag.py for tasks to queue
[2021-04-03 15:35:06,874] {logging_mixin.py:104} INFO - [2021-04-03 15:35:06,874] {dagbag.py:448} INFO - Filling up the DagBag from /home/airflow/.local/lib/python3.6/site-packages/airflow/example_dags/example_trigger_target_dag.py
[2021-04-03 15:35:06,880] {scheduler_job.py:639} INFO - DAG(s) dict_keys(['example_trigger_target_dag']) retrieved from /home/airflow/.local/lib/python3.6/site-packages/airflow/example_dags/example_trigger_target_dag.py
[2021-04-03 15:35:06,890] {logging_mixin.py:104} INFO - [2021-04-03 15:35:06,890] {dag.py:1818} INFO - Sync 1 DAGs
[2021-04-03 15:35:06,896] {logging_mixin.py:104} INFO - [2021-04-03 15:35:06,896] {dag.py:2273} INFO - Setting next_dagrun for example_trigger_target_dag to None
[2021-04-03 15:35:06,903] {scheduler_job.py:190} INFO - Processing /home/airflow/.local/lib/python3.6/site-packages/airflow/example_dags/example_trigger_target_dag.py took 0.030 seconds
[2021-04-03 15:35:37,459] {scheduler_job.py:182} INFO - Started process (PID=794) to work on /home/airflow/.local/lib/python3.6/site-packages/airflow/example_dags/example_trigger_target_dag.py
[2021-04-03 15:35:37,460] {scheduler_job.py:629} INFO - Processing file /home/airflow/.local/lib/python3.6/site-packages/airflow/example_dags/example_trigger_target_dag.py for tasks to queue
[2021-04-03 15:35:37,460] {logging_mixin.py:104} INFO - [2021-04-03 15:35:37,460] {dagbag.py:448} INFO - Filling up the DagBag from /home/airflow/.local/lib/python3.6/site-packages/airflow/example_dags/example_trigger_target_dag.py
[2021-04-03 15:35:37,466] {scheduler_job.py:639} INFO - DAG(s) dict_keys(['example_trigger_target_dag']) retrieved from /home/airflow/.local/lib/python3.6/site-packages/airflow/example_dags/example_trigger_target_dag.py
[2021-04-03 15:35:37,475] {logging_mixin.py:104} INFO - [2021-04-03 15:35:37,475] {dag.py:1818} INFO - Sync 1 DAGs
[2021-04-03 15:35:37,482] {logging_mixin.py:104} INFO - [2021-04-03 15:35:37,482] {dag.py:2273} INFO - Setting next_dagrun for example_trigger_target_dag to None
[2021-04-03 15:35:37,487] {scheduler_job.py:190} INFO - Processing /home/airflow/.local/lib/python3.6/site-packages/airflow/example_dags/example_trigger_target_dag.py took 0.030 seconds
[2021-04-03 15:36:08,054] {scheduler_job.py:182} INFO - Started process (PID=820) to work on /home/airflow/.local/lib/python3.6/site-packages/airflow/example_dags/example_trigger_target_dag.py
[2021-04-03 15:36:08,054] {scheduler_job.py:629} INFO - Processing file /home/airflow/.local/lib/python3.6/site-packages/airflow/example_dags/example_trigger_target_dag.py for tasks to queue
[2021-04-03 15:36:08,055] {logging_mixin.py:104} INFO - [2021-04-03 15:36:08,055] {dagbag.py:448} INFO - Filling up the DagBag from /home/airflow/.local/lib/python3.6/site-packages/airflow/example_dags/example_trigger_target_dag.py
[2021-04-03 15:36:08,061] {scheduler_job.py:639} INFO - DAG(s) dict_keys(['example_trigger_target_dag']) retrieved from /home/airflow/.local/lib/python3.6/site-packages/airflow/example_dags/example_trigger_target_dag.py
[2021-04-03 15:36:08,070] {logging_mixin.py:104} INFO - [2021-04-03 15:36:08,070] {dag.py:1818} INFO - Sync 1 DAGs
[2021-04-03 15:36:08,077] {logging_mixin.py:104} INFO - [2021-04-03 15:36:08,077] {dag.py:2273} INFO - Setting next_dagrun for example_trigger_target_dag to None
[2021-04-03 15:36:08,083] {scheduler_job.py:190} INFO - Processing /home/airflow/.local/lib/python3.6/site-packages/airflow/example_dags/example_trigger_target_dag.py took 0.030 seconds
[2021-04-03 15:36:38,669] {scheduler_job.py:182} INFO - Started process (PID=846) to work on /home/airflow/.local/lib/python3.6/site-packages/airflow/example_dags/example_trigger_target_dag.py
[2021-04-03 15:36:38,669] {scheduler_job.py:629} INFO - Processing file /home/airflow/.local/lib/python3.6/site-packages/airflow/example_dags/example_trigger_target_dag.py for tasks to queue
[2021-04-03 15:36:38,669] {logging_mixin.py:104} INFO - [2021-04-03 15:36:38,669] {dagbag.py:448} INFO - Filling up the DagBag from /home/airflow/.local/lib/python3.6/site-packages/airflow/example_dags/example_trigger_target_dag.py
[2021-04-03 15:36:38,675] {scheduler_job.py:639} INFO - DAG(s) dict_keys(['example_trigger_target_dag']) retrieved from /home/airflow/.local/lib/python3.6/site-packages/airflow/example_dags/example_trigger_target_dag.py
[2021-04-03 15:36:38,684] {logging_mixin.py:104} INFO - [2021-04-03 15:36:38,684] {dag.py:1818} INFO - Sync 1 DAGs
[2021-04-03 15:36:38,691] {logging_mixin.py:104} INFO - [2021-04-03 15:36:38,691] {dag.py:2273} INFO - Setting next_dagrun for example_trigger_target_dag to None
[2021-04-03 15:36:38,696] {scheduler_job.py:190} INFO - Processing /home/airflow/.local/lib/python3.6/site-packages/airflow/example_dags/example_trigger_target_dag.py took 0.029 seconds
[2021-04-03 15:37:09,261] {scheduler_job.py:182} INFO - Started process (PID=872) to work on /home/airflow/.local/lib/python3.6/site-packages/airflow/example_dags/example_trigger_target_dag.py
[2021-04-03 15:37:09,261] {scheduler_job.py:629} INFO - Processing file /home/airflow/.local/lib/python3.6/site-packages/airflow/example_dags/example_trigger_target_dag.py for tasks to queue
[2021-04-03 15:37:09,262] {logging_mixin.py:104} INFO - [2021-04-03 15:37:09,262] {dagbag.py:448} INFO - Filling up the DagBag from /home/airflow/.local/lib/python3.6/site-packages/airflow/example_dags/example_trigger_target_dag.py
[2021-04-03 15:37:09,267] {scheduler_job.py:639} INFO - DAG(s) dict_keys(['example_trigger_target_dag']) retrieved from /home/airflow/.local/lib/python3.6/site-packages/airflow/example_dags/example_trigger_target_dag.py
[2021-04-03 15:37:09,278] {logging_mixin.py:104} INFO - [2021-04-03 15:37:09,278] {dag.py:1818} INFO - Sync 1 DAGs
[2021-04-03 15:37:09,286] {logging_mixin.py:104} INFO - [2021-04-03 15:37:09,286] {dag.py:2273} INFO - Setting next_dagrun for example_trigger_target_dag to None
[2021-04-03 15:37:09,291] {scheduler_job.py:190} INFO - Processing /home/airflow/.local/lib/python3.6/site-packages/airflow/example_dags/example_trigger_target_dag.py took 0.032 seconds
[2021-04-03 15:37:39,848] {scheduler_job.py:182} INFO - Started process (PID=898) to work on /home/airflow/.local/lib/python3.6/site-packages/airflow/example_dags/example_trigger_target_dag.py
[2021-04-03 15:37:39,849] {scheduler_job.py:629} INFO - Processing file /home/airflow/.local/lib/python3.6/site-packages/airflow/example_dags/example_trigger_target_dag.py for tasks to queue
[2021-04-03 15:37:39,849] {logging_mixin.py:104} INFO - [2021-04-03 15:37:39,849] {dagbag.py:448} INFO - Filling up the DagBag from /home/airflow/.local/lib/python3.6/site-packages/airflow/example_dags/example_trigger_target_dag.py
[2021-04-03 15:37:39,854] {scheduler_job.py:639} INFO - DAG(s) dict_keys(['example_trigger_target_dag']) retrieved from /home/airflow/.local/lib/python3.6/site-packages/airflow/example_dags/example_trigger_target_dag.py
[2021-04-03 15:37:39,864] {logging_mixin.py:104} INFO - [2021-04-03 15:37:39,864] {dag.py:1818} INFO - Sync 1 DAGs
[2021-04-03 15:37:39,871] {logging_mixin.py:104} INFO - [2021-04-03 15:37:39,871] {dag.py:2273} INFO - Setting next_dagrun for example_trigger_target_dag to None
[2021-04-03 15:37:39,877] {scheduler_job.py:190} INFO - Processing /home/airflow/.local/lib/python3.6/site-packages/airflow/example_dags/example_trigger_target_dag.py took 0.030 seconds
[2021-04-03 15:38:10,410] {scheduler_job.py:182} INFO - Started process (PID=924) to work on /home/airflow/.local/lib/python3.6/site-packages/airflow/example_dags/example_trigger_target_dag.py
[2021-04-03 15:38:10,410] {scheduler_job.py:629} INFO - Processing file /home/airflow/.local/lib/python3.6/site-packages/airflow/example_dags/example_trigger_target_dag.py for tasks to queue
[2021-04-03 15:38:10,411] {logging_mixin.py:104} INFO - [2021-04-03 15:38:10,411] {dagbag.py:448} INFO - Filling up the DagBag from /home/airflow/.local/lib/python3.6/site-packages/airflow/example_dags/example_trigger_target_dag.py
[2021-04-03 15:38:10,416] {scheduler_job.py:639} INFO - DAG(s) dict_keys(['example_trigger_target_dag']) retrieved from /home/airflow/.local/lib/python3.6/site-packages/airflow/example_dags/example_trigger_target_dag.py
[2021-04-03 15:38:10,426] {logging_mixin.py:104} INFO - [2021-04-03 15:38:10,426] {dag.py:1818} INFO - Sync 1 DAGs
[2021-04-03 15:38:10,433] {logging_mixin.py:104} INFO - [2021-04-03 15:38:10,433] {dag.py:2273} INFO - Setting next_dagrun for example_trigger_target_dag to None
[2021-04-03 15:38:10,439] {scheduler_job.py:190} INFO - Processing /home/airflow/.local/lib/python3.6/site-packages/airflow/example_dags/example_trigger_target_dag.py took 0.031 seconds
[2021-04-03 15:38:41,023] {scheduler_job.py:182} INFO - Started process (PID=950) to work on /home/airflow/.local/lib/python3.6/site-packages/airflow/example_dags/example_trigger_target_dag.py
[2021-04-03 15:38:41,024] {scheduler_job.py:629} INFO - Processing file /home/airflow/.local/lib/python3.6/site-packages/airflow/example_dags/example_trigger_target_dag.py for tasks to queue
[2021-04-03 15:38:41,024] {logging_mixin.py:104} INFO - [2021-04-03 15:38:41,024] {dagbag.py:448} INFO - Filling up the DagBag from /home/airflow/.local/lib/python3.6/site-packages/airflow/example_dags/example_trigger_target_dag.py
[2021-04-03 15:38:41,029] {scheduler_job.py:639} INFO - DAG(s) dict_keys(['example_trigger_target_dag']) retrieved from /home/airflow/.local/lib/python3.6/site-packages/airflow/example_dags/example_trigger_target_dag.py
[2021-04-03 15:38:41,039] {logging_mixin.py:104} INFO - [2021-04-03 15:38:41,039] {dag.py:1818} INFO - Sync 1 DAGs
[2021-04-03 15:38:41,046] {logging_mixin.py:104} INFO - [2021-04-03 15:38:41,046] {dag.py:2273} INFO - Setting next_dagrun for example_trigger_target_dag to None
[2021-04-03 15:38:41,051] {scheduler_job.py:190} INFO - Processing /home/airflow/.local/lib/python3.6/site-packages/airflow/example_dags/example_trigger_target_dag.py took 0.029 seconds
[2021-04-03 15:39:11,628] {scheduler_job.py:182} INFO - Started process (PID=976) to work on /home/airflow/.local/lib/python3.6/site-packages/airflow/example_dags/example_trigger_target_dag.py
[2021-04-03 15:39:11,629] {scheduler_job.py:629} INFO - Processing file /home/airflow/.local/lib/python3.6/site-packages/airflow/example_dags/example_trigger_target_dag.py for tasks to queue
[2021-04-03 15:39:11,629] {logging_mixin.py:104} INFO - [2021-04-03 15:39:11,629] {dagbag.py:448} INFO - Filling up the DagBag from /home/airflow/.local/lib/python3.6/site-packages/airflow/example_dags/example_trigger_target_dag.py
[2021-04-03 15:39:11,634] {scheduler_job.py:639} INFO - DAG(s) dict_keys(['example_trigger_target_dag']) retrieved from /home/airflow/.local/lib/python3.6/site-packages/airflow/example_dags/example_trigger_target_dag.py
[2021-04-03 15:39:11,644] {logging_mixin.py:104} INFO - [2021-04-03 15:39:11,644] {dag.py:1818} INFO - Sync 1 DAGs
[2021-04-03 15:39:11,651] {logging_mixin.py:104} INFO - [2021-04-03 15:39:11,651] {dag.py:2273} INFO - Setting next_dagrun for example_trigger_target_dag to None
[2021-04-03 15:39:11,657] {scheduler_job.py:190} INFO - Processing /home/airflow/.local/lib/python3.6/site-packages/airflow/example_dags/example_trigger_target_dag.py took 0.030 seconds
[2021-04-03 15:39:42,228] {scheduler_job.py:182} INFO - Started process (PID=1002) to work on /home/airflow/.local/lib/python3.6/site-packages/airflow/example_dags/example_trigger_target_dag.py
[2021-04-03 15:39:42,229] {scheduler_job.py:629} INFO - Processing file /home/airflow/.local/lib/python3.6/site-packages/airflow/example_dags/example_trigger_target_dag.py for tasks to queue
[2021-04-03 15:39:42,229] {logging_mixin.py:104} INFO - [2021-04-03 15:39:42,229] {dagbag.py:448} INFO - Filling up the DagBag from /home/airflow/.local/lib/python3.6/site-packages/airflow/example_dags/example_trigger_target_dag.py
[2021-04-03 15:39:42,235] {scheduler_job.py:639} INFO - DAG(s) dict_keys(['example_trigger_target_dag']) retrieved from /home/airflow/.local/lib/python3.6/site-packages/airflow/example_dags/example_trigger_target_dag.py
[2021-04-03 15:39:42,244] {logging_mixin.py:104} INFO - [2021-04-03 15:39:42,244] {dag.py:1818} INFO - Sync 1 DAGs
[2021-04-03 15:39:42,251] {logging_mixin.py:104} INFO - [2021-04-03 15:39:42,251] {dag.py:2273} INFO - Setting next_dagrun for example_trigger_target_dag to None
[2021-04-03 15:39:42,256] {scheduler_job.py:190} INFO - Processing /home/airflow/.local/lib/python3.6/site-packages/airflow/example_dags/example_trigger_target_dag.py took 0.029 seconds
[2021-04-03 15:40:12,860] {scheduler_job.py:182} INFO - Started process (PID=1028) to work on /home/airflow/.local/lib/python3.6/site-packages/airflow/example_dags/example_trigger_target_dag.py
[2021-04-03 15:40:12,861] {scheduler_job.py:629} INFO - Processing file /home/airflow/.local/lib/python3.6/site-packages/airflow/example_dags/example_trigger_target_dag.py for tasks to queue
[2021-04-03 15:40:12,861] {logging_mixin.py:104} INFO - [2021-04-03 15:40:12,861] {dagbag.py:448} INFO - Filling up the DagBag from /home/airflow/.local/lib/python3.6/site-packages/airflow/example_dags/example_trigger_target_dag.py
[2021-04-03 15:40:12,866] {scheduler_job.py:639} INFO - DAG(s) dict_keys(['example_trigger_target_dag']) retrieved from /home/airflow/.local/lib/python3.6/site-packages/airflow/example_dags/example_trigger_target_dag.py
[2021-04-03 15:40:12,876] {logging_mixin.py:104} INFO - [2021-04-03 15:40:12,876] {dag.py:1818} INFO - Sync 1 DAGs
[2021-04-03 15:40:12,883] {logging_mixin.py:104} INFO - [2021-04-03 15:40:12,883] {dag.py:2273} INFO - Setting next_dagrun for example_trigger_target_dag to None
[2021-04-03 15:40:12,888] {scheduler_job.py:190} INFO - Processing /home/airflow/.local/lib/python3.6/site-packages/airflow/example_dags/example_trigger_target_dag.py took 0.029 seconds
[2021-04-03 15:40:43,540] {scheduler_job.py:182} INFO - Started process (PID=1054) to work on /home/airflow/.local/lib/python3.6/site-packages/airflow/example_dags/example_trigger_target_dag.py
[2021-04-03 15:40:43,541] {scheduler_job.py:629} INFO - Processing file /home/airflow/.local/lib/python3.6/site-packages/airflow/example_dags/example_trigger_target_dag.py for tasks to queue
[2021-04-03 15:40:43,541] {logging_mixin.py:104} INFO - [2021-04-03 15:40:43,541] {dagbag.py:448} INFO - Filling up the DagBag from /home/airflow/.local/lib/python3.6/site-packages/airflow/example_dags/example_trigger_target_dag.py
[2021-04-03 15:40:43,546] {scheduler_job.py:639} INFO - DAG(s) dict_keys(['example_trigger_target_dag']) retrieved from /home/airflow/.local/lib/python3.6/site-packages/airflow/example_dags/example_trigger_target_dag.py
[2021-04-03 15:40:43,556] {logging_mixin.py:104} INFO - [2021-04-03 15:40:43,556] {dag.py:1818} INFO - Sync 1 DAGs
[2021-04-03 15:40:43,563] {logging_mixin.py:104} INFO - [2021-04-03 15:40:43,563] {dag.py:2273} INFO - Setting next_dagrun for example_trigger_target_dag to None
[2021-04-03 15:40:43,570] {scheduler_job.py:190} INFO - Processing /home/airflow/.local/lib/python3.6/site-packages/airflow/example_dags/example_trigger_target_dag.py took 0.031 seconds
[2021-04-03 15:41:14,163] {scheduler_job.py:182} INFO - Started process (PID=1080) to work on /home/airflow/.local/lib/python3.6/site-packages/airflow/example_dags/example_trigger_target_dag.py
[2021-04-03 15:41:14,163] {scheduler_job.py:629} INFO - Processing file /home/airflow/.local/lib/python3.6/site-packages/airflow/example_dags/example_trigger_target_dag.py for tasks to queue
[2021-04-03 15:41:14,164] {logging_mixin.py:104} INFO - [2021-04-03 15:41:14,164] {dagbag.py:448} INFO - Filling up the DagBag from /home/airflow/.local/lib/python3.6/site-packages/airflow/example_dags/example_trigger_target_dag.py
[2021-04-03 15:41:14,169] {scheduler_job.py:639} INFO - DAG(s) dict_keys(['example_trigger_target_dag']) retrieved from /home/airflow/.local/lib/python3.6/site-packages/airflow/example_dags/example_trigger_target_dag.py
[2021-04-03 15:41:14,178] {logging_mixin.py:104} INFO - [2021-04-03 15:41:14,178] {dag.py:1818} INFO - Sync 1 DAGs
[2021-04-03 15:41:14,185] {logging_mixin.py:104} INFO - [2021-04-03 15:41:14,185] {dag.py:2273} INFO - Setting next_dagrun for example_trigger_target_dag to None
[2021-04-03 15:41:14,191] {scheduler_job.py:190} INFO - Processing /home/airflow/.local/lib/python3.6/site-packages/airflow/example_dags/example_trigger_target_dag.py took 0.030 seconds
[2021-04-03 15:41:44,830] {scheduler_job.py:182} INFO - Started process (PID=1106) to work on /home/airflow/.local/lib/python3.6/site-packages/airflow/example_dags/example_trigger_target_dag.py
[2021-04-03 15:41:44,831] {scheduler_job.py:629} INFO - Processing file /home/airflow/.local/lib/python3.6/site-packages/airflow/example_dags/example_trigger_target_dag.py for tasks to queue
[2021-04-03 15:41:44,831] {logging_mixin.py:104} INFO - [2021-04-03 15:41:44,831] {dagbag.py:448} INFO - Filling up the DagBag from /home/airflow/.local/lib/python3.6/site-packages/airflow/example_dags/example_trigger_target_dag.py
[2021-04-03 15:41:44,836] {scheduler_job.py:639} INFO - DAG(s) dict_keys(['example_trigger_target_dag']) retrieved from /home/airflow/.local/lib/python3.6/site-packages/airflow/example_dags/example_trigger_target_dag.py
[2021-04-03 15:41:44,846] {logging_mixin.py:104} INFO - [2021-04-03 15:41:44,846] {dag.py:1818} INFO - Sync 1 DAGs
[2021-04-03 15:41:44,853] {logging_mixin.py:104} INFO - [2021-04-03 15:41:44,853] {dag.py:2273} INFO - Setting next_dagrun for example_trigger_target_dag to None
[2021-04-03 15:41:44,859] {scheduler_job.py:190} INFO - Processing /home/airflow/.local/lib/python3.6/site-packages/airflow/example_dags/example_trigger_target_dag.py took 0.030 seconds
[2021-04-03 15:42:15,441] {scheduler_job.py:182} INFO - Started process (PID=1132) to work on /home/airflow/.local/lib/python3.6/site-packages/airflow/example_dags/example_trigger_target_dag.py
[2021-04-03 15:42:15,441] {scheduler_job.py:629} INFO - Processing file /home/airflow/.local/lib/python3.6/site-packages/airflow/example_dags/example_trigger_target_dag.py for tasks to queue
[2021-04-03 15:42:15,441] {logging_mixin.py:104} INFO - [2021-04-03 15:42:15,441] {dagbag.py:448} INFO - Filling up the DagBag from /home/airflow/.local/lib/python3.6/site-packages/airflow/example_dags/example_trigger_target_dag.py
[2021-04-03 15:42:15,447] {scheduler_job.py:639} INFO - DAG(s) dict_keys(['example_trigger_target_dag']) retrieved from /home/airflow/.local/lib/python3.6/site-packages/airflow/example_dags/example_trigger_target_dag.py
[2021-04-03 15:42:15,456] {logging_mixin.py:104} INFO - [2021-04-03 15:42:15,456] {dag.py:1818} INFO - Sync 1 DAGs
[2021-04-03 15:42:15,463] {logging_mixin.py:104} INFO - [2021-04-03 15:42:15,463] {dag.py:2273} INFO - Setting next_dagrun for example_trigger_target_dag to None
[2021-04-03 15:42:15,468] {scheduler_job.py:190} INFO - Processing /home/airflow/.local/lib/python3.6/site-packages/airflow/example_dags/example_trigger_target_dag.py took 0.029 seconds
[2021-04-03 15:42:46,052] {scheduler_job.py:182} INFO - Started process (PID=1158) to work on /home/airflow/.local/lib/python3.6/site-packages/airflow/example_dags/example_trigger_target_dag.py
[2021-04-03 15:42:46,052] {scheduler_job.py:629} INFO - Processing file /home/airflow/.local/lib/python3.6/site-packages/airflow/example_dags/example_trigger_target_dag.py for tasks to queue
[2021-04-03 15:42:46,052] {logging_mixin.py:104} INFO - [2021-04-03 15:42:46,052] {dagbag.py:448} INFO - Filling up the DagBag from /home/airflow/.local/lib/python3.6/site-packages/airflow/example_dags/example_trigger_target_dag.py
[2021-04-03 15:42:46,058] {scheduler_job.py:639} INFO - DAG(s) dict_keys(['example_trigger_target_dag']) retrieved from /home/airflow/.local/lib/python3.6/site-packages/airflow/example_dags/example_trigger_target_dag.py
[2021-04-03 15:42:46,067] {logging_mixin.py:104} INFO - [2021-04-03 15:42:46,067] {dag.py:1818} INFO - Sync 1 DAGs
[2021-04-03 15:42:46,074] {logging_mixin.py:104} INFO - [2021-04-03 15:42:46,074] {dag.py:2273} INFO - Setting next_dagrun for example_trigger_target_dag to None
[2021-04-03 15:42:46,079] {scheduler_job.py:190} INFO - Processing /home/airflow/.local/lib/python3.6/site-packages/airflow/example_dags/example_trigger_target_dag.py took 0.029 seconds
[2021-04-03 15:43:16,693] {scheduler_job.py:182} INFO - Started process (PID=1184) to work on /home/airflow/.local/lib/python3.6/site-packages/airflow/example_dags/example_trigger_target_dag.py
[2021-04-03 15:43:16,693] {scheduler_job.py:629} INFO - Processing file /home/airflow/.local/lib/python3.6/site-packages/airflow/example_dags/example_trigger_target_dag.py for tasks to queue
[2021-04-03 15:43:16,694] {logging_mixin.py:104} INFO - [2021-04-03 15:43:16,694] {dagbag.py:448} INFO - Filling up the DagBag from /home/airflow/.local/lib/python3.6/site-packages/airflow/example_dags/example_trigger_target_dag.py
[2021-04-03 15:43:16,699] {scheduler_job.py:639} INFO - DAG(s) dict_keys(['example_trigger_target_dag']) retrieved from /home/airflow/.local/lib/python3.6/site-packages/airflow/example_dags/example_trigger_target_dag.py
[2021-04-03 15:43:16,709] {logging_mixin.py:104} INFO - [2021-04-03 15:43:16,709] {dag.py:1818} INFO - Sync 1 DAGs
[2021-04-03 15:43:16,715] {logging_mixin.py:104} INFO - [2021-04-03 15:43:16,715] {dag.py:2273} INFO - Setting next_dagrun for example_trigger_target_dag to None
[2021-04-03 15:43:16,721] {scheduler_job.py:190} INFO - Processing /home/airflow/.local/lib/python3.6/site-packages/airflow/example_dags/example_trigger_target_dag.py took 0.029 seconds
[2021-04-03 15:43:47,278] {scheduler_job.py:182} INFO - Started process (PID=1210) to work on /home/airflow/.local/lib/python3.6/site-packages/airflow/example_dags/example_trigger_target_dag.py
[2021-04-03 15:43:47,278] {scheduler_job.py:629} INFO - Processing file /home/airflow/.local/lib/python3.6/site-packages/airflow/example_dags/example_trigger_target_dag.py for tasks to queue
[2021-04-03 15:43:47,278] {logging_mixin.py:104} INFO - [2021-04-03 15:43:47,278] {dagbag.py:448} INFO - Filling up the DagBag from /home/airflow/.local/lib/python3.6/site-packages/airflow/example_dags/example_trigger_target_dag.py
[2021-04-03 15:43:47,284] {scheduler_job.py:639} INFO - DAG(s) dict_keys(['example_trigger_target_dag']) retrieved from /home/airflow/.local/lib/python3.6/site-packages/airflow/example_dags/example_trigger_target_dag.py
[2021-04-03 15:43:47,293] {logging_mixin.py:104} INFO - [2021-04-03 15:43:47,293] {dag.py:1818} INFO - Sync 1 DAGs
[2021-04-03 15:43:47,300] {logging_mixin.py:104} INFO - [2021-04-03 15:43:47,300] {dag.py:2273} INFO - Setting next_dagrun for example_trigger_target_dag to None
[2021-04-03 15:43:47,306] {scheduler_job.py:190} INFO - Processing /home/airflow/.local/lib/python3.6/site-packages/airflow/example_dags/example_trigger_target_dag.py took 0.030 seconds
[2021-04-03 15:44:17,882] {scheduler_job.py:182} INFO - Started process (PID=1236) to work on /home/airflow/.local/lib/python3.6/site-packages/airflow/example_dags/example_trigger_target_dag.py
[2021-04-03 15:44:17,883] {scheduler_job.py:629} INFO - Processing file /home/airflow/.local/lib/python3.6/site-packages/airflow/example_dags/example_trigger_target_dag.py for tasks to queue
[2021-04-03 15:44:17,883] {logging_mixin.py:104} INFO - [2021-04-03 15:44:17,883] {dagbag.py:448} INFO - Filling up the DagBag from /home/airflow/.local/lib/python3.6/site-packages/airflow/example_dags/example_trigger_target_dag.py
[2021-04-03 15:44:17,888] {scheduler_job.py:639} INFO - DAG(s) dict_keys(['example_trigger_target_dag']) retrieved from /home/airflow/.local/lib/python3.6/site-packages/airflow/example_dags/example_trigger_target_dag.py
[2021-04-03 15:44:17,898] {logging_mixin.py:104} INFO - [2021-04-03 15:44:17,898] {dag.py:1818} INFO - Sync 1 DAGs
[2021-04-03 15:44:17,905] {logging_mixin.py:104} INFO - [2021-04-03 15:44:17,905] {dag.py:2273} INFO - Setting next_dagrun for example_trigger_target_dag to None
[2021-04-03 15:44:17,910] {scheduler_job.py:190} INFO - Processing /home/airflow/.local/lib/python3.6/site-packages/airflow/example_dags/example_trigger_target_dag.py took 0.029 seconds
[2021-04-03 15:44:48,459] {scheduler_job.py:182} INFO - Started process (PID=1262) to work on /home/airflow/.local/lib/python3.6/site-packages/airflow/example_dags/example_trigger_target_dag.py
[2021-04-03 15:44:48,459] {scheduler_job.py:629} INFO - Processing file /home/airflow/.local/lib/python3.6/site-packages/airflow/example_dags/example_trigger_target_dag.py for tasks to queue
[2021-04-03 15:44:48,460] {logging_mixin.py:104} INFO - [2021-04-03 15:44:48,460] {dagbag.py:448} INFO - Filling up the DagBag from /home/airflow/.local/lib/python3.6/site-packages/airflow/example_dags/example_trigger_target_dag.py
[2021-04-03 15:44:48,465] {scheduler_job.py:639} INFO - DAG(s) dict_keys(['example_trigger_target_dag']) retrieved from /home/airflow/.local/lib/python3.6/site-packages/airflow/example_dags/example_trigger_target_dag.py
[2021-04-03 15:44:48,474] {logging_mixin.py:104} INFO - [2021-04-03 15:44:48,474] {dag.py:1818} INFO - Sync 1 DAGs
[2021-04-03 15:44:48,481] {logging_mixin.py:104} INFO - [2021-04-03 15:44:48,481] {dag.py:2273} INFO - Setting next_dagrun for example_trigger_target_dag to None
[2021-04-03 15:44:48,487] {scheduler_job.py:190} INFO - Processing /home/airflow/.local/lib/python3.6/site-packages/airflow/example_dags/example_trigger_target_dag.py took 0.030 seconds
[2021-04-03 15:45:19,058] {scheduler_job.py:182} INFO - Started process (PID=1288) to work on /home/airflow/.local/lib/python3.6/site-packages/airflow/example_dags/example_trigger_target_dag.py
[2021-04-03 15:45:19,059] {scheduler_job.py:629} INFO - Processing file /home/airflow/.local/lib/python3.6/site-packages/airflow/example_dags/example_trigger_target_dag.py for tasks to queue
[2021-04-03 15:45:19,059] {logging_mixin.py:104} INFO - [2021-04-03 15:45:19,059] {dagbag.py:448} INFO - Filling up the DagBag from /home/airflow/.local/lib/python3.6/site-packages/airflow/example_dags/example_trigger_target_dag.py
[2021-04-03 15:45:19,064] {scheduler_job.py:639} INFO - DAG(s) dict_keys(['example_trigger_target_dag']) retrieved from /home/airflow/.local/lib/python3.6/site-packages/airflow/example_dags/example_trigger_target_dag.py
[2021-04-03 15:45:19,074] {logging_mixin.py:104} INFO - [2021-04-03 15:45:19,074] {dag.py:1818} INFO - Sync 1 DAGs
[2021-04-03 15:45:19,081] {logging_mixin.py:104} INFO - [2021-04-03 15:45:19,081] {dag.py:2273} INFO - Setting next_dagrun for example_trigger_target_dag to None
[2021-04-03 15:45:19,087] {scheduler_job.py:190} INFO - Processing /home/airflow/.local/lib/python3.6/site-packages/airflow/example_dags/example_trigger_target_dag.py took 0.030 seconds
[2021-04-03 15:45:49,643] {scheduler_job.py:182} INFO - Started process (PID=1314) to work on /home/airflow/.local/lib/python3.6/site-packages/airflow/example_dags/example_trigger_target_dag.py
[2021-04-03 15:45:49,643] {scheduler_job.py:629} INFO - Processing file /home/airflow/.local/lib/python3.6/site-packages/airflow/example_dags/example_trigger_target_dag.py for tasks to queue
[2021-04-03 15:45:49,644] {logging_mixin.py:104} INFO - [2021-04-03 15:45:49,643] {dagbag.py:448} INFO - Filling up the DagBag from /home/airflow/.local/lib/python3.6/site-packages/airflow/example_dags/example_trigger_target_dag.py
[2021-04-03 15:45:49,649] {scheduler_job.py:639} INFO - DAG(s) dict_keys(['example_trigger_target_dag']) retrieved from /home/airflow/.local/lib/python3.6/site-packages/airflow/example_dags/example_trigger_target_dag.py
[2021-04-03 15:45:49,659] {logging_mixin.py:104} INFO - [2021-04-03 15:45:49,659] {dag.py:1818} INFO - Sync 1 DAGs
[2021-04-03 15:45:49,666] {logging_mixin.py:104} INFO - [2021-04-03 15:45:49,666] {dag.py:2273} INFO - Setting next_dagrun for example_trigger_target_dag to None
[2021-04-03 15:45:49,671] {scheduler_job.py:190} INFO - Processing /home/airflow/.local/lib/python3.6/site-packages/airflow/example_dags/example_trigger_target_dag.py took 0.030 seconds
[2021-04-03 15:46:20,207] {scheduler_job.py:182} INFO - Started process (PID=1340) to work on /home/airflow/.local/lib/python3.6/site-packages/airflow/example_dags/example_trigger_target_dag.py
[2021-04-03 15:46:20,208] {scheduler_job.py:629} INFO - Processing file /home/airflow/.local/lib/python3.6/site-packages/airflow/example_dags/example_trigger_target_dag.py for tasks to queue
[2021-04-03 15:46:20,208] {logging_mixin.py:104} INFO - [2021-04-03 15:46:20,208] {dagbag.py:448} INFO - Filling up the DagBag from /home/airflow/.local/lib/python3.6/site-packages/airflow/example_dags/example_trigger_target_dag.py
[2021-04-03 15:46:20,213] {scheduler_job.py:639} INFO - DAG(s) dict_keys(['example_trigger_target_dag']) retrieved from /home/airflow/.local/lib/python3.6/site-packages/airflow/example_dags/example_trigger_target_dag.py
[2021-04-03 15:46:20,222] {logging_mixin.py:104} INFO - [2021-04-03 15:46:20,222] {dag.py:1818} INFO - Sync 1 DAGs
[2021-04-03 15:46:20,230] {logging_mixin.py:104} INFO - [2021-04-03 15:46:20,230] {dag.py:2273} INFO - Setting next_dagrun for example_trigger_target_dag to None
[2021-04-03 15:46:20,236] {scheduler_job.py:190} INFO - Processing /home/airflow/.local/lib/python3.6/site-packages/airflow/example_dags/example_trigger_target_dag.py took 0.030 seconds
[2021-04-03 15:46:50,789] {scheduler_job.py:182} INFO - Started process (PID=1366) to work on /home/airflow/.local/lib/python3.6/site-packages/airflow/example_dags/example_trigger_target_dag.py
[2021-04-03 15:46:50,789] {scheduler_job.py:629} INFO - Processing file /home/airflow/.local/lib/python3.6/site-packages/airflow/example_dags/example_trigger_target_dag.py for tasks to queue
[2021-04-03 15:46:50,790] {logging_mixin.py:104} INFO - [2021-04-03 15:46:50,789] {dagbag.py:448} INFO - Filling up the DagBag from /home/airflow/.local/lib/python3.6/site-packages/airflow/example_dags/example_trigger_target_dag.py
[2021-04-03 15:46:50,795] {scheduler_job.py:639} INFO - DAG(s) dict_keys(['example_trigger_target_dag']) retrieved from /home/airflow/.local/lib/python3.6/site-packages/airflow/example_dags/example_trigger_target_dag.py
[2021-04-03 15:46:50,804] {logging_mixin.py:104} INFO - [2021-04-03 15:46:50,804] {dag.py:1818} INFO - Sync 1 DAGs
[2021-04-03 15:46:50,811] {logging_mixin.py:104} INFO - [2021-04-03 15:46:50,811] {dag.py:2273} INFO - Setting next_dagrun for example_trigger_target_dag to None
[2021-04-03 15:46:50,817] {scheduler_job.py:190} INFO - Processing /home/airflow/.local/lib/python3.6/site-packages/airflow/example_dags/example_trigger_target_dag.py took 0.030 seconds
[2021-04-03 15:47:21,351] {scheduler_job.py:182} INFO - Started process (PID=1392) to work on /home/airflow/.local/lib/python3.6/site-packages/airflow/example_dags/example_trigger_target_dag.py
[2021-04-03 15:47:21,351] {scheduler_job.py:629} INFO - Processing file /home/airflow/.local/lib/python3.6/site-packages/airflow/example_dags/example_trigger_target_dag.py for tasks to queue
[2021-04-03 15:47:21,351] {logging_mixin.py:104} INFO - [2021-04-03 15:47:21,351] {dagbag.py:448} INFO - Filling up the DagBag from /home/airflow/.local/lib/python3.6/site-packages/airflow/example_dags/example_trigger_target_dag.py
[2021-04-03 15:47:21,357] {scheduler_job.py:639} INFO - DAG(s) dict_keys(['example_trigger_target_dag']) retrieved from /home/airflow/.local/lib/python3.6/site-packages/airflow/example_dags/example_trigger_target_dag.py
[2021-04-03 15:47:21,366] {logging_mixin.py:104} INFO - [2021-04-03 15:47:21,366] {dag.py:1818} INFO - Sync 1 DAGs
[2021-04-03 15:47:21,373] {logging_mixin.py:104} INFO - [2021-04-03 15:47:21,373] {dag.py:2273} INFO - Setting next_dagrun for example_trigger_target_dag to None
[2021-04-03 15:47:21,379] {scheduler_job.py:190} INFO - Processing /home/airflow/.local/lib/python3.6/site-packages/airflow/example_dags/example_trigger_target_dag.py took 0.030 seconds
[2021-04-03 15:47:51,947] {scheduler_job.py:182} INFO - Started process (PID=1418) to work on /home/airflow/.local/lib/python3.6/site-packages/airflow/example_dags/example_trigger_target_dag.py
[2021-04-03 15:47:51,948] {scheduler_job.py:629} INFO - Processing file /home/airflow/.local/lib/python3.6/site-packages/airflow/example_dags/example_trigger_target_dag.py for tasks to queue
[2021-04-03 15:47:51,948] {logging_mixin.py:104} INFO - [2021-04-03 15:47:51,948] {dagbag.py:448} INFO - Filling up the DagBag from /home/airflow/.local/lib/python3.6/site-packages/airflow/example_dags/example_trigger_target_dag.py
[2021-04-03 15:47:51,953] {scheduler_job.py:639} INFO - DAG(s) dict_keys(['example_trigger_target_dag']) retrieved from /home/airflow/.local/lib/python3.6/site-packages/airflow/example_dags/example_trigger_target_dag.py
[2021-04-03 15:47:51,963] {logging_mixin.py:104} INFO - [2021-04-03 15:47:51,963] {dag.py:1818} INFO - Sync 1 DAGs
[2021-04-03 15:47:51,969] {logging_mixin.py:104} INFO - [2021-04-03 15:47:51,969] {dag.py:2273} INFO - Setting next_dagrun for example_trigger_target_dag to None
[2021-04-03 15:47:51,975] {scheduler_job.py:190} INFO - Processing /home/airflow/.local/lib/python3.6/site-packages/airflow/example_dags/example_trigger_target_dag.py took 0.029 seconds
