[2021-04-03 12:21:06,303] {scheduler_job.py:182} INFO - Started process (PID=35) to work on /home/airflow/.local/lib/python3.6/site-packages/airflow/example_dags/example_external_task_marker_dag.py
[2021-04-03 12:21:06,303] {scheduler_job.py:629} INFO - Processing file /home/airflow/.local/lib/python3.6/site-packages/airflow/example_dags/example_external_task_marker_dag.py for tasks to queue
[2021-04-03 12:21:06,304] {logging_mixin.py:104} INFO - [2021-04-03 12:21:06,304] {dagbag.py:448} INFO - Filling up the DagBag from /home/airflow/.local/lib/python3.6/site-packages/airflow/example_dags/example_external_task_marker_dag.py
[2021-04-03 12:21:06,310] {scheduler_job.py:639} INFO - DAG(s) dict_keys(['example_external_task_marker_parent', 'example_external_task_marker_child']) retrieved from /home/airflow/.local/lib/python3.6/site-packages/airflow/example_dags/example_external_task_marker_dag.py
[2021-04-03 12:21:06,323] {logging_mixin.py:104} INFO - [2021-04-03 12:21:06,323] {dag.py:1818} INFO - Sync 2 DAGs
[2021-04-03 12:21:06,330] {logging_mixin.py:104} INFO - [2021-04-03 12:21:06,330] {dag.py:2273} INFO - Setting next_dagrun for example_external_task_marker_child to None
[2021-04-03 12:21:06,331] {logging_mixin.py:104} INFO - [2021-04-03 12:21:06,331] {dag.py:2273} INFO - Setting next_dagrun for example_external_task_marker_parent to None
[2021-04-03 12:21:06,338] {scheduler_job.py:190} INFO - Processing /home/airflow/.local/lib/python3.6/site-packages/airflow/example_dags/example_external_task_marker_dag.py took 0.036 seconds
[2021-04-03 15:21:20,599] {scheduler_job.py:182} INFO - Started process (PID=61) to work on /home/airflow/.local/lib/python3.6/site-packages/airflow/example_dags/example_external_task_marker_dag.py
[2021-04-03 15:21:20,599] {scheduler_job.py:629} INFO - Processing file /home/airflow/.local/lib/python3.6/site-packages/airflow/example_dags/example_external_task_marker_dag.py for tasks to queue
[2021-04-03 15:21:20,600] {logging_mixin.py:104} INFO - [2021-04-03 15:21:20,600] {dagbag.py:448} INFO - Filling up the DagBag from /home/airflow/.local/lib/python3.6/site-packages/airflow/example_dags/example_external_task_marker_dag.py
[2021-04-03 15:21:20,605] {scheduler_job.py:639} INFO - DAG(s) dict_keys(['example_external_task_marker_parent', 'example_external_task_marker_child']) retrieved from /home/airflow/.local/lib/python3.6/site-packages/airflow/example_dags/example_external_task_marker_dag.py
[2021-04-03 15:21:20,616] {logging_mixin.py:104} INFO - [2021-04-03 15:21:20,616] {dag.py:1818} INFO - Sync 2 DAGs
[2021-04-03 15:21:20,623] {logging_mixin.py:104} INFO - [2021-04-03 15:21:20,623] {dag.py:2273} INFO - Setting next_dagrun for example_external_task_marker_child to None
[2021-04-03 15:21:20,623] {logging_mixin.py:104} INFO - [2021-04-03 15:21:20,623] {dag.py:2273} INFO - Setting next_dagrun for example_external_task_marker_parent to None
[2021-04-03 15:21:20,628] {scheduler_job.py:190} INFO - Processing /home/airflow/.local/lib/python3.6/site-packages/airflow/example_dags/example_external_task_marker_dag.py took 0.031 seconds
[2021-04-03 15:21:51,311] {scheduler_job.py:182} INFO - Started process (PID=87) to work on /home/airflow/.local/lib/python3.6/site-packages/airflow/example_dags/example_external_task_marker_dag.py
[2021-04-03 15:21:51,311] {scheduler_job.py:629} INFO - Processing file /home/airflow/.local/lib/python3.6/site-packages/airflow/example_dags/example_external_task_marker_dag.py for tasks to queue
[2021-04-03 15:21:51,312] {logging_mixin.py:104} INFO - [2021-04-03 15:21:51,311] {dagbag.py:448} INFO - Filling up the DagBag from /home/airflow/.local/lib/python3.6/site-packages/airflow/example_dags/example_external_task_marker_dag.py
[2021-04-03 15:21:51,317] {scheduler_job.py:639} INFO - DAG(s) dict_keys(['example_external_task_marker_parent', 'example_external_task_marker_child']) retrieved from /home/airflow/.local/lib/python3.6/site-packages/airflow/example_dags/example_external_task_marker_dag.py
[2021-04-03 15:21:51,331] {logging_mixin.py:104} INFO - [2021-04-03 15:21:51,331] {dag.py:1818} INFO - Sync 2 DAGs
[2021-04-03 15:21:51,338] {logging_mixin.py:104} INFO - [2021-04-03 15:21:51,338] {dag.py:2273} INFO - Setting next_dagrun for example_external_task_marker_child to None
[2021-04-03 15:21:51,338] {logging_mixin.py:104} INFO - [2021-04-03 15:21:51,338] {dag.py:2273} INFO - Setting next_dagrun for example_external_task_marker_parent to None
[2021-04-03 15:21:51,345] {scheduler_job.py:190} INFO - Processing /home/airflow/.local/lib/python3.6/site-packages/airflow/example_dags/example_external_task_marker_dag.py took 0.036 seconds
[2021-04-03 15:22:21,897] {scheduler_job.py:182} INFO - Started process (PID=113) to work on /home/airflow/.local/lib/python3.6/site-packages/airflow/example_dags/example_external_task_marker_dag.py
[2021-04-03 15:22:21,897] {scheduler_job.py:629} INFO - Processing file /home/airflow/.local/lib/python3.6/site-packages/airflow/example_dags/example_external_task_marker_dag.py for tasks to queue
[2021-04-03 15:22:21,897] {logging_mixin.py:104} INFO - [2021-04-03 15:22:21,897] {dagbag.py:448} INFO - Filling up the DagBag from /home/airflow/.local/lib/python3.6/site-packages/airflow/example_dags/example_external_task_marker_dag.py
[2021-04-03 15:22:21,903] {scheduler_job.py:639} INFO - DAG(s) dict_keys(['example_external_task_marker_parent', 'example_external_task_marker_child']) retrieved from /home/airflow/.local/lib/python3.6/site-packages/airflow/example_dags/example_external_task_marker_dag.py
[2021-04-03 15:22:21,915] {logging_mixin.py:104} INFO - [2021-04-03 15:22:21,915] {dag.py:1818} INFO - Sync 2 DAGs
[2021-04-03 15:22:21,922] {logging_mixin.py:104} INFO - [2021-04-03 15:22:21,922] {dag.py:2273} INFO - Setting next_dagrun for example_external_task_marker_child to None
[2021-04-03 15:22:21,922] {logging_mixin.py:104} INFO - [2021-04-03 15:22:21,922] {dag.py:2273} INFO - Setting next_dagrun for example_external_task_marker_parent to None
[2021-04-03 15:22:21,928] {scheduler_job.py:190} INFO - Processing /home/airflow/.local/lib/python3.6/site-packages/airflow/example_dags/example_external_task_marker_dag.py took 0.033 seconds
[2021-04-03 15:22:52,466] {scheduler_job.py:182} INFO - Started process (PID=139) to work on /home/airflow/.local/lib/python3.6/site-packages/airflow/example_dags/example_external_task_marker_dag.py
[2021-04-03 15:22:52,467] {scheduler_job.py:629} INFO - Processing file /home/airflow/.local/lib/python3.6/site-packages/airflow/example_dags/example_external_task_marker_dag.py for tasks to queue
[2021-04-03 15:22:52,467] {logging_mixin.py:104} INFO - [2021-04-03 15:22:52,467] {dagbag.py:448} INFO - Filling up the DagBag from /home/airflow/.local/lib/python3.6/site-packages/airflow/example_dags/example_external_task_marker_dag.py
[2021-04-03 15:22:52,472] {scheduler_job.py:639} INFO - DAG(s) dict_keys(['example_external_task_marker_parent', 'example_external_task_marker_child']) retrieved from /home/airflow/.local/lib/python3.6/site-packages/airflow/example_dags/example_external_task_marker_dag.py
[2021-04-03 15:22:52,484] {logging_mixin.py:104} INFO - [2021-04-03 15:22:52,484] {dag.py:1818} INFO - Sync 2 DAGs
[2021-04-03 15:22:52,491] {logging_mixin.py:104} INFO - [2021-04-03 15:22:52,491] {dag.py:2273} INFO - Setting next_dagrun for example_external_task_marker_child to None
[2021-04-03 15:22:52,491] {logging_mixin.py:104} INFO - [2021-04-03 15:22:52,491] {dag.py:2273} INFO - Setting next_dagrun for example_external_task_marker_parent to None
[2021-04-03 15:22:52,497] {scheduler_job.py:190} INFO - Processing /home/airflow/.local/lib/python3.6/site-packages/airflow/example_dags/example_external_task_marker_dag.py took 0.032 seconds
[2021-04-03 15:23:23,063] {scheduler_job.py:182} INFO - Started process (PID=165) to work on /home/airflow/.local/lib/python3.6/site-packages/airflow/example_dags/example_external_task_marker_dag.py
[2021-04-03 15:23:23,063] {scheduler_job.py:629} INFO - Processing file /home/airflow/.local/lib/python3.6/site-packages/airflow/example_dags/example_external_task_marker_dag.py for tasks to queue
[2021-04-03 15:23:23,063] {logging_mixin.py:104} INFO - [2021-04-03 15:23:23,063] {dagbag.py:448} INFO - Filling up the DagBag from /home/airflow/.local/lib/python3.6/site-packages/airflow/example_dags/example_external_task_marker_dag.py
[2021-04-03 15:23:23,069] {scheduler_job.py:639} INFO - DAG(s) dict_keys(['example_external_task_marker_parent', 'example_external_task_marker_child']) retrieved from /home/airflow/.local/lib/python3.6/site-packages/airflow/example_dags/example_external_task_marker_dag.py
[2021-04-03 15:23:23,081] {logging_mixin.py:104} INFO - [2021-04-03 15:23:23,081] {dag.py:1818} INFO - Sync 2 DAGs
[2021-04-03 15:23:23,089] {logging_mixin.py:104} INFO - [2021-04-03 15:23:23,089] {dag.py:2273} INFO - Setting next_dagrun for example_external_task_marker_child to None
[2021-04-03 15:23:23,090] {logging_mixin.py:104} INFO - [2021-04-03 15:23:23,089] {dag.py:2273} INFO - Setting next_dagrun for example_external_task_marker_parent to None
[2021-04-03 15:23:23,095] {scheduler_job.py:190} INFO - Processing /home/airflow/.local/lib/python3.6/site-packages/airflow/example_dags/example_external_task_marker_dag.py took 0.034 seconds
[2021-04-03 15:23:53,647] {scheduler_job.py:182} INFO - Started process (PID=191) to work on /home/airflow/.local/lib/python3.6/site-packages/airflow/example_dags/example_external_task_marker_dag.py
[2021-04-03 15:23:53,647] {scheduler_job.py:629} INFO - Processing file /home/airflow/.local/lib/python3.6/site-packages/airflow/example_dags/example_external_task_marker_dag.py for tasks to queue
[2021-04-03 15:23:53,647] {logging_mixin.py:104} INFO - [2021-04-03 15:23:53,647] {dagbag.py:448} INFO - Filling up the DagBag from /home/airflow/.local/lib/python3.6/site-packages/airflow/example_dags/example_external_task_marker_dag.py
[2021-04-03 15:23:53,653] {scheduler_job.py:639} INFO - DAG(s) dict_keys(['example_external_task_marker_parent', 'example_external_task_marker_child']) retrieved from /home/airflow/.local/lib/python3.6/site-packages/airflow/example_dags/example_external_task_marker_dag.py
[2021-04-03 15:23:53,664] {logging_mixin.py:104} INFO - [2021-04-03 15:23:53,664] {dag.py:1818} INFO - Sync 2 DAGs
[2021-04-03 15:23:53,673] {logging_mixin.py:104} INFO - [2021-04-03 15:23:53,673] {dag.py:2273} INFO - Setting next_dagrun for example_external_task_marker_child to None
[2021-04-03 15:23:53,674] {logging_mixin.py:104} INFO - [2021-04-03 15:23:53,674] {dag.py:2273} INFO - Setting next_dagrun for example_external_task_marker_parent to None
[2021-04-03 15:23:53,681] {scheduler_job.py:190} INFO - Processing /home/airflow/.local/lib/python3.6/site-packages/airflow/example_dags/example_external_task_marker_dag.py took 0.036 seconds
[2021-04-03 15:24:24,220] {scheduler_job.py:182} INFO - Started process (PID=217) to work on /home/airflow/.local/lib/python3.6/site-packages/airflow/example_dags/example_external_task_marker_dag.py
[2021-04-03 15:24:24,221] {scheduler_job.py:629} INFO - Processing file /home/airflow/.local/lib/python3.6/site-packages/airflow/example_dags/example_external_task_marker_dag.py for tasks to queue
[2021-04-03 15:24:24,221] {logging_mixin.py:104} INFO - [2021-04-03 15:24:24,221] {dagbag.py:448} INFO - Filling up the DagBag from /home/airflow/.local/lib/python3.6/site-packages/airflow/example_dags/example_external_task_marker_dag.py
[2021-04-03 15:24:24,226] {scheduler_job.py:639} INFO - DAG(s) dict_keys(['example_external_task_marker_parent', 'example_external_task_marker_child']) retrieved from /home/airflow/.local/lib/python3.6/site-packages/airflow/example_dags/example_external_task_marker_dag.py
[2021-04-03 15:24:24,239] {logging_mixin.py:104} INFO - [2021-04-03 15:24:24,239] {dag.py:1818} INFO - Sync 2 DAGs
[2021-04-03 15:24:24,246] {logging_mixin.py:104} INFO - [2021-04-03 15:24:24,246] {dag.py:2273} INFO - Setting next_dagrun for example_external_task_marker_child to None
[2021-04-03 15:24:24,247] {logging_mixin.py:104} INFO - [2021-04-03 15:24:24,247] {dag.py:2273} INFO - Setting next_dagrun for example_external_task_marker_parent to None
[2021-04-03 15:24:24,253] {scheduler_job.py:190} INFO - Processing /home/airflow/.local/lib/python3.6/site-packages/airflow/example_dags/example_external_task_marker_dag.py took 0.034 seconds
[2021-04-03 15:24:54,816] {scheduler_job.py:182} INFO - Started process (PID=243) to work on /home/airflow/.local/lib/python3.6/site-packages/airflow/example_dags/example_external_task_marker_dag.py
[2021-04-03 15:24:54,817] {scheduler_job.py:629} INFO - Processing file /home/airflow/.local/lib/python3.6/site-packages/airflow/example_dags/example_external_task_marker_dag.py for tasks to queue
[2021-04-03 15:24:54,817] {logging_mixin.py:104} INFO - [2021-04-03 15:24:54,817] {dagbag.py:448} INFO - Filling up the DagBag from /home/airflow/.local/lib/python3.6/site-packages/airflow/example_dags/example_external_task_marker_dag.py
[2021-04-03 15:24:54,822] {scheduler_job.py:639} INFO - DAG(s) dict_keys(['example_external_task_marker_parent', 'example_external_task_marker_child']) retrieved from /home/airflow/.local/lib/python3.6/site-packages/airflow/example_dags/example_external_task_marker_dag.py
[2021-04-03 15:24:54,835] {logging_mixin.py:104} INFO - [2021-04-03 15:24:54,834] {dag.py:1818} INFO - Sync 2 DAGs
[2021-04-03 15:24:54,841] {logging_mixin.py:104} INFO - [2021-04-03 15:24:54,841] {dag.py:2273} INFO - Setting next_dagrun for example_external_task_marker_child to None
[2021-04-03 15:24:54,842] {logging_mixin.py:104} INFO - [2021-04-03 15:24:54,842] {dag.py:2273} INFO - Setting next_dagrun for example_external_task_marker_parent to None
[2021-04-03 15:24:54,849] {scheduler_job.py:190} INFO - Processing /home/airflow/.local/lib/python3.6/site-packages/airflow/example_dags/example_external_task_marker_dag.py took 0.033 seconds
[2021-04-03 15:25:25,401] {scheduler_job.py:182} INFO - Started process (PID=269) to work on /home/airflow/.local/lib/python3.6/site-packages/airflow/example_dags/example_external_task_marker_dag.py
[2021-04-03 15:25:25,401] {scheduler_job.py:629} INFO - Processing file /home/airflow/.local/lib/python3.6/site-packages/airflow/example_dags/example_external_task_marker_dag.py for tasks to queue
[2021-04-03 15:25:25,401] {logging_mixin.py:104} INFO - [2021-04-03 15:25:25,401] {dagbag.py:448} INFO - Filling up the DagBag from /home/airflow/.local/lib/python3.6/site-packages/airflow/example_dags/example_external_task_marker_dag.py
[2021-04-03 15:25:25,407] {scheduler_job.py:639} INFO - DAG(s) dict_keys(['example_external_task_marker_parent', 'example_external_task_marker_child']) retrieved from /home/airflow/.local/lib/python3.6/site-packages/airflow/example_dags/example_external_task_marker_dag.py
[2021-04-03 15:25:25,418] {logging_mixin.py:104} INFO - [2021-04-03 15:25:25,418] {dag.py:1818} INFO - Sync 2 DAGs
[2021-04-03 15:25:25,425] {logging_mixin.py:104} INFO - [2021-04-03 15:25:25,425] {dag.py:2273} INFO - Setting next_dagrun for example_external_task_marker_child to None
[2021-04-03 15:25:25,425] {logging_mixin.py:104} INFO - [2021-04-03 15:25:25,425] {dag.py:2273} INFO - Setting next_dagrun for example_external_task_marker_parent to None
[2021-04-03 15:25:25,431] {scheduler_job.py:190} INFO - Processing /home/airflow/.local/lib/python3.6/site-packages/airflow/example_dags/example_external_task_marker_dag.py took 0.032 seconds
[2021-04-03 15:25:55,982] {scheduler_job.py:182} INFO - Started process (PID=295) to work on /home/airflow/.local/lib/python3.6/site-packages/airflow/example_dags/example_external_task_marker_dag.py
[2021-04-03 15:25:55,983] {scheduler_job.py:629} INFO - Processing file /home/airflow/.local/lib/python3.6/site-packages/airflow/example_dags/example_external_task_marker_dag.py for tasks to queue
[2021-04-03 15:25:55,983] {logging_mixin.py:104} INFO - [2021-04-03 15:25:55,983] {dagbag.py:448} INFO - Filling up the DagBag from /home/airflow/.local/lib/python3.6/site-packages/airflow/example_dags/example_external_task_marker_dag.py
[2021-04-03 15:25:55,988] {scheduler_job.py:639} INFO - DAG(s) dict_keys(['example_external_task_marker_parent', 'example_external_task_marker_child']) retrieved from /home/airflow/.local/lib/python3.6/site-packages/airflow/example_dags/example_external_task_marker_dag.py
[2021-04-03 15:25:55,999] {logging_mixin.py:104} INFO - [2021-04-03 15:25:55,999] {dag.py:1818} INFO - Sync 2 DAGs
[2021-04-03 15:25:56,006] {logging_mixin.py:104} INFO - [2021-04-03 15:25:56,006] {dag.py:2273} INFO - Setting next_dagrun for example_external_task_marker_child to None
[2021-04-03 15:25:56,007] {logging_mixin.py:104} INFO - [2021-04-03 15:25:56,007] {dag.py:2273} INFO - Setting next_dagrun for example_external_task_marker_parent to None
[2021-04-03 15:25:56,012] {scheduler_job.py:190} INFO - Processing /home/airflow/.local/lib/python3.6/site-packages/airflow/example_dags/example_external_task_marker_dag.py took 0.032 seconds
[2021-04-03 15:26:26,564] {scheduler_job.py:182} INFO - Started process (PID=321) to work on /home/airflow/.local/lib/python3.6/site-packages/airflow/example_dags/example_external_task_marker_dag.py
[2021-04-03 15:26:26,565] {scheduler_job.py:629} INFO - Processing file /home/airflow/.local/lib/python3.6/site-packages/airflow/example_dags/example_external_task_marker_dag.py for tasks to queue
[2021-04-03 15:26:26,565] {logging_mixin.py:104} INFO - [2021-04-03 15:26:26,565] {dagbag.py:448} INFO - Filling up the DagBag from /home/airflow/.local/lib/python3.6/site-packages/airflow/example_dags/example_external_task_marker_dag.py
[2021-04-03 15:26:26,570] {scheduler_job.py:639} INFO - DAG(s) dict_keys(['example_external_task_marker_parent', 'example_external_task_marker_child']) retrieved from /home/airflow/.local/lib/python3.6/site-packages/airflow/example_dags/example_external_task_marker_dag.py
[2021-04-03 15:26:26,583] {logging_mixin.py:104} INFO - [2021-04-03 15:26:26,582] {dag.py:1818} INFO - Sync 2 DAGs
[2021-04-03 15:26:26,590] {logging_mixin.py:104} INFO - [2021-04-03 15:26:26,590] {dag.py:2273} INFO - Setting next_dagrun for example_external_task_marker_child to None
[2021-04-03 15:26:26,591] {logging_mixin.py:104} INFO - [2021-04-03 15:26:26,591] {dag.py:2273} INFO - Setting next_dagrun for example_external_task_marker_parent to None
[2021-04-03 15:26:26,598] {scheduler_job.py:190} INFO - Processing /home/airflow/.local/lib/python3.6/site-packages/airflow/example_dags/example_external_task_marker_dag.py took 0.035 seconds
[2021-04-03 15:26:57,136] {scheduler_job.py:182} INFO - Started process (PID=347) to work on /home/airflow/.local/lib/python3.6/site-packages/airflow/example_dags/example_external_task_marker_dag.py
[2021-04-03 15:26:57,137] {scheduler_job.py:629} INFO - Processing file /home/airflow/.local/lib/python3.6/site-packages/airflow/example_dags/example_external_task_marker_dag.py for tasks to queue
[2021-04-03 15:26:57,137] {logging_mixin.py:104} INFO - [2021-04-03 15:26:57,137] {dagbag.py:448} INFO - Filling up the DagBag from /home/airflow/.local/lib/python3.6/site-packages/airflow/example_dags/example_external_task_marker_dag.py
[2021-04-03 15:26:57,143] {scheduler_job.py:639} INFO - DAG(s) dict_keys(['example_external_task_marker_parent', 'example_external_task_marker_child']) retrieved from /home/airflow/.local/lib/python3.6/site-packages/airflow/example_dags/example_external_task_marker_dag.py
[2021-04-03 15:26:57,155] {logging_mixin.py:104} INFO - [2021-04-03 15:26:57,155] {dag.py:1818} INFO - Sync 2 DAGs
[2021-04-03 15:26:57,163] {logging_mixin.py:104} INFO - [2021-04-03 15:26:57,163] {dag.py:2273} INFO - Setting next_dagrun for example_external_task_marker_child to None
[2021-04-03 15:26:57,163] {logging_mixin.py:104} INFO - [2021-04-03 15:26:57,163] {dag.py:2273} INFO - Setting next_dagrun for example_external_task_marker_parent to None
[2021-04-03 15:26:57,170] {scheduler_job.py:190} INFO - Processing /home/airflow/.local/lib/python3.6/site-packages/airflow/example_dags/example_external_task_marker_dag.py took 0.035 seconds
[2021-04-03 15:27:27,734] {scheduler_job.py:182} INFO - Started process (PID=373) to work on /home/airflow/.local/lib/python3.6/site-packages/airflow/example_dags/example_external_task_marker_dag.py
[2021-04-03 15:27:27,735] {scheduler_job.py:629} INFO - Processing file /home/airflow/.local/lib/python3.6/site-packages/airflow/example_dags/example_external_task_marker_dag.py for tasks to queue
[2021-04-03 15:27:27,735] {logging_mixin.py:104} INFO - [2021-04-03 15:27:27,735] {dagbag.py:448} INFO - Filling up the DagBag from /home/airflow/.local/lib/python3.6/site-packages/airflow/example_dags/example_external_task_marker_dag.py
[2021-04-03 15:27:27,740] {scheduler_job.py:639} INFO - DAG(s) dict_keys(['example_external_task_marker_parent', 'example_external_task_marker_child']) retrieved from /home/airflow/.local/lib/python3.6/site-packages/airflow/example_dags/example_external_task_marker_dag.py
[2021-04-03 15:27:27,753] {logging_mixin.py:104} INFO - [2021-04-03 15:27:27,753] {dag.py:1818} INFO - Sync 2 DAGs
[2021-04-03 15:27:27,760] {logging_mixin.py:104} INFO - [2021-04-03 15:27:27,760] {dag.py:2273} INFO - Setting next_dagrun for example_external_task_marker_child to None
[2021-04-03 15:27:27,761] {logging_mixin.py:104} INFO - [2021-04-03 15:27:27,760] {dag.py:2273} INFO - Setting next_dagrun for example_external_task_marker_parent to None
[2021-04-03 15:27:27,767] {scheduler_job.py:190} INFO - Processing /home/airflow/.local/lib/python3.6/site-packages/airflow/example_dags/example_external_task_marker_dag.py took 0.033 seconds
[2021-04-03 15:27:58,348] {scheduler_job.py:182} INFO - Started process (PID=399) to work on /home/airflow/.local/lib/python3.6/site-packages/airflow/example_dags/example_external_task_marker_dag.py
[2021-04-03 15:27:58,348] {scheduler_job.py:629} INFO - Processing file /home/airflow/.local/lib/python3.6/site-packages/airflow/example_dags/example_external_task_marker_dag.py for tasks to queue
[2021-04-03 15:27:58,349] {logging_mixin.py:104} INFO - [2021-04-03 15:27:58,349] {dagbag.py:448} INFO - Filling up the DagBag from /home/airflow/.local/lib/python3.6/site-packages/airflow/example_dags/example_external_task_marker_dag.py
[2021-04-03 15:27:58,354] {scheduler_job.py:639} INFO - DAG(s) dict_keys(['example_external_task_marker_parent', 'example_external_task_marker_child']) retrieved from /home/airflow/.local/lib/python3.6/site-packages/airflow/example_dags/example_external_task_marker_dag.py
[2021-04-03 15:27:58,366] {logging_mixin.py:104} INFO - [2021-04-03 15:27:58,366] {dag.py:1818} INFO - Sync 2 DAGs
[2021-04-03 15:27:58,374] {logging_mixin.py:104} INFO - [2021-04-03 15:27:58,374] {dag.py:2273} INFO - Setting next_dagrun for example_external_task_marker_child to None
[2021-04-03 15:27:58,374] {logging_mixin.py:104} INFO - [2021-04-03 15:27:58,374] {dag.py:2273} INFO - Setting next_dagrun for example_external_task_marker_parent to None
[2021-04-03 15:27:58,382] {scheduler_job.py:190} INFO - Processing /home/airflow/.local/lib/python3.6/site-packages/airflow/example_dags/example_external_task_marker_dag.py took 0.035 seconds
[2021-04-03 15:28:28,930] {scheduler_job.py:182} INFO - Started process (PID=425) to work on /home/airflow/.local/lib/python3.6/site-packages/airflow/example_dags/example_external_task_marker_dag.py
[2021-04-03 15:28:28,930] {scheduler_job.py:629} INFO - Processing file /home/airflow/.local/lib/python3.6/site-packages/airflow/example_dags/example_external_task_marker_dag.py for tasks to queue
[2021-04-03 15:28:28,930] {logging_mixin.py:104} INFO - [2021-04-03 15:28:28,930] {dagbag.py:448} INFO - Filling up the DagBag from /home/airflow/.local/lib/python3.6/site-packages/airflow/example_dags/example_external_task_marker_dag.py
[2021-04-03 15:28:28,936] {scheduler_job.py:639} INFO - DAG(s) dict_keys(['example_external_task_marker_parent', 'example_external_task_marker_child']) retrieved from /home/airflow/.local/lib/python3.6/site-packages/airflow/example_dags/example_external_task_marker_dag.py
[2021-04-03 15:28:28,948] {logging_mixin.py:104} INFO - [2021-04-03 15:28:28,948] {dag.py:1818} INFO - Sync 2 DAGs
[2021-04-03 15:28:28,956] {logging_mixin.py:104} INFO - [2021-04-03 15:28:28,956] {dag.py:2273} INFO - Setting next_dagrun for example_external_task_marker_child to None
[2021-04-03 15:28:28,956] {logging_mixin.py:104} INFO - [2021-04-03 15:28:28,956] {dag.py:2273} INFO - Setting next_dagrun for example_external_task_marker_parent to None
[2021-04-03 15:28:28,964] {scheduler_job.py:190} INFO - Processing /home/airflow/.local/lib/python3.6/site-packages/airflow/example_dags/example_external_task_marker_dag.py took 0.035 seconds
[2021-04-03 15:28:59,507] {scheduler_job.py:182} INFO - Started process (PID=451) to work on /home/airflow/.local/lib/python3.6/site-packages/airflow/example_dags/example_external_task_marker_dag.py
[2021-04-03 15:28:59,507] {scheduler_job.py:629} INFO - Processing file /home/airflow/.local/lib/python3.6/site-packages/airflow/example_dags/example_external_task_marker_dag.py for tasks to queue
[2021-04-03 15:28:59,508] {logging_mixin.py:104} INFO - [2021-04-03 15:28:59,508] {dagbag.py:448} INFO - Filling up the DagBag from /home/airflow/.local/lib/python3.6/site-packages/airflow/example_dags/example_external_task_marker_dag.py
[2021-04-03 15:28:59,513] {scheduler_job.py:639} INFO - DAG(s) dict_keys(['example_external_task_marker_parent', 'example_external_task_marker_child']) retrieved from /home/airflow/.local/lib/python3.6/site-packages/airflow/example_dags/example_external_task_marker_dag.py
[2021-04-03 15:28:59,526] {logging_mixin.py:104} INFO - [2021-04-03 15:28:59,526] {dag.py:1818} INFO - Sync 2 DAGs
[2021-04-03 15:28:59,534] {logging_mixin.py:104} INFO - [2021-04-03 15:28:59,534] {dag.py:2273} INFO - Setting next_dagrun for example_external_task_marker_child to None
[2021-04-03 15:28:59,534] {logging_mixin.py:104} INFO - [2021-04-03 15:28:59,534] {dag.py:2273} INFO - Setting next_dagrun for example_external_task_marker_parent to None
[2021-04-03 15:28:59,541] {scheduler_job.py:190} INFO - Processing /home/airflow/.local/lib/python3.6/site-packages/airflow/example_dags/example_external_task_marker_dag.py took 0.036 seconds
[2021-04-03 15:29:30,073] {scheduler_job.py:182} INFO - Started process (PID=477) to work on /home/airflow/.local/lib/python3.6/site-packages/airflow/example_dags/example_external_task_marker_dag.py
[2021-04-03 15:29:30,074] {scheduler_job.py:629} INFO - Processing file /home/airflow/.local/lib/python3.6/site-packages/airflow/example_dags/example_external_task_marker_dag.py for tasks to queue
[2021-04-03 15:29:30,074] {logging_mixin.py:104} INFO - [2021-04-03 15:29:30,074] {dagbag.py:448} INFO - Filling up the DagBag from /home/airflow/.local/lib/python3.6/site-packages/airflow/example_dags/example_external_task_marker_dag.py
[2021-04-03 15:29:30,079] {scheduler_job.py:639} INFO - DAG(s) dict_keys(['example_external_task_marker_parent', 'example_external_task_marker_child']) retrieved from /home/airflow/.local/lib/python3.6/site-packages/airflow/example_dags/example_external_task_marker_dag.py
[2021-04-03 15:29:30,092] {logging_mixin.py:104} INFO - [2021-04-03 15:29:30,092] {dag.py:1818} INFO - Sync 2 DAGs
[2021-04-03 15:29:30,099] {logging_mixin.py:104} INFO - [2021-04-03 15:29:30,099] {dag.py:2273} INFO - Setting next_dagrun for example_external_task_marker_child to None
[2021-04-03 15:29:30,100] {logging_mixin.py:104} INFO - [2021-04-03 15:29:30,100] {dag.py:2273} INFO - Setting next_dagrun for example_external_task_marker_parent to None
[2021-04-03 15:29:30,107] {scheduler_job.py:190} INFO - Processing /home/airflow/.local/lib/python3.6/site-packages/airflow/example_dags/example_external_task_marker_dag.py took 0.035 seconds
[2021-04-03 15:30:00,660] {scheduler_job.py:182} INFO - Started process (PID=503) to work on /home/airflow/.local/lib/python3.6/site-packages/airflow/example_dags/example_external_task_marker_dag.py
[2021-04-03 15:30:00,661] {scheduler_job.py:629} INFO - Processing file /home/airflow/.local/lib/python3.6/site-packages/airflow/example_dags/example_external_task_marker_dag.py for tasks to queue
[2021-04-03 15:30:00,661] {logging_mixin.py:104} INFO - [2021-04-03 15:30:00,661] {dagbag.py:448} INFO - Filling up the DagBag from /home/airflow/.local/lib/python3.6/site-packages/airflow/example_dags/example_external_task_marker_dag.py
[2021-04-03 15:30:00,666] {scheduler_job.py:639} INFO - DAG(s) dict_keys(['example_external_task_marker_parent', 'example_external_task_marker_child']) retrieved from /home/airflow/.local/lib/python3.6/site-packages/airflow/example_dags/example_external_task_marker_dag.py
[2021-04-03 15:30:00,678] {logging_mixin.py:104} INFO - [2021-04-03 15:30:00,678] {dag.py:1818} INFO - Sync 2 DAGs
[2021-04-03 15:30:00,685] {logging_mixin.py:104} INFO - [2021-04-03 15:30:00,685] {dag.py:2273} INFO - Setting next_dagrun for example_external_task_marker_child to None
[2021-04-03 15:30:00,686] {logging_mixin.py:104} INFO - [2021-04-03 15:30:00,686] {dag.py:2273} INFO - Setting next_dagrun for example_external_task_marker_parent to None
[2021-04-03 15:30:00,692] {scheduler_job.py:190} INFO - Processing /home/airflow/.local/lib/python3.6/site-packages/airflow/example_dags/example_external_task_marker_dag.py took 0.033 seconds
[2021-04-03 15:30:31,333] {scheduler_job.py:182} INFO - Started process (PID=529) to work on /home/airflow/.local/lib/python3.6/site-packages/airflow/example_dags/example_external_task_marker_dag.py
[2021-04-03 15:30:31,333] {scheduler_job.py:629} INFO - Processing file /home/airflow/.local/lib/python3.6/site-packages/airflow/example_dags/example_external_task_marker_dag.py for tasks to queue
[2021-04-03 15:30:31,333] {logging_mixin.py:104} INFO - [2021-04-03 15:30:31,333] {dagbag.py:448} INFO - Filling up the DagBag from /home/airflow/.local/lib/python3.6/site-packages/airflow/example_dags/example_external_task_marker_dag.py
[2021-04-03 15:30:31,339] {scheduler_job.py:639} INFO - DAG(s) dict_keys(['example_external_task_marker_parent', 'example_external_task_marker_child']) retrieved from /home/airflow/.local/lib/python3.6/site-packages/airflow/example_dags/example_external_task_marker_dag.py
[2021-04-03 15:30:31,350] {logging_mixin.py:104} INFO - [2021-04-03 15:30:31,350] {dag.py:1818} INFO - Sync 2 DAGs
[2021-04-03 15:30:31,358] {logging_mixin.py:104} INFO - [2021-04-03 15:30:31,358] {dag.py:2273} INFO - Setting next_dagrun for example_external_task_marker_child to None
[2021-04-03 15:30:31,358] {logging_mixin.py:104} INFO - [2021-04-03 15:30:31,358] {dag.py:2273} INFO - Setting next_dagrun for example_external_task_marker_parent to None
[2021-04-03 15:30:31,365] {scheduler_job.py:190} INFO - Processing /home/airflow/.local/lib/python3.6/site-packages/airflow/example_dags/example_external_task_marker_dag.py took 0.033 seconds
[2021-04-03 15:31:01,948] {scheduler_job.py:182} INFO - Started process (PID=555) to work on /home/airflow/.local/lib/python3.6/site-packages/airflow/example_dags/example_external_task_marker_dag.py
[2021-04-03 15:31:01,949] {scheduler_job.py:629} INFO - Processing file /home/airflow/.local/lib/python3.6/site-packages/airflow/example_dags/example_external_task_marker_dag.py for tasks to queue
[2021-04-03 15:31:01,949] {logging_mixin.py:104} INFO - [2021-04-03 15:31:01,949] {dagbag.py:448} INFO - Filling up the DagBag from /home/airflow/.local/lib/python3.6/site-packages/airflow/example_dags/example_external_task_marker_dag.py
[2021-04-03 15:31:01,954] {scheduler_job.py:639} INFO - DAG(s) dict_keys(['example_external_task_marker_parent', 'example_external_task_marker_child']) retrieved from /home/airflow/.local/lib/python3.6/site-packages/airflow/example_dags/example_external_task_marker_dag.py
[2021-04-03 15:31:01,967] {logging_mixin.py:104} INFO - [2021-04-03 15:31:01,967] {dag.py:1818} INFO - Sync 2 DAGs
[2021-04-03 15:31:01,974] {logging_mixin.py:104} INFO - [2021-04-03 15:31:01,973] {dag.py:2273} INFO - Setting next_dagrun for example_external_task_marker_child to None
[2021-04-03 15:31:01,974] {logging_mixin.py:104} INFO - [2021-04-03 15:31:01,974] {dag.py:2273} INFO - Setting next_dagrun for example_external_task_marker_parent to None
[2021-04-03 15:31:01,980] {scheduler_job.py:190} INFO - Processing /home/airflow/.local/lib/python3.6/site-packages/airflow/example_dags/example_external_task_marker_dag.py took 0.033 seconds
[2021-04-03 15:31:32,574] {scheduler_job.py:182} INFO - Started process (PID=581) to work on /home/airflow/.local/lib/python3.6/site-packages/airflow/example_dags/example_external_task_marker_dag.py
[2021-04-03 15:31:32,574] {scheduler_job.py:629} INFO - Processing file /home/airflow/.local/lib/python3.6/site-packages/airflow/example_dags/example_external_task_marker_dag.py for tasks to queue
[2021-04-03 15:31:32,574] {logging_mixin.py:104} INFO - [2021-04-03 15:31:32,574] {dagbag.py:448} INFO - Filling up the DagBag from /home/airflow/.local/lib/python3.6/site-packages/airflow/example_dags/example_external_task_marker_dag.py
[2021-04-03 15:31:32,579] {scheduler_job.py:639} INFO - DAG(s) dict_keys(['example_external_task_marker_parent', 'example_external_task_marker_child']) retrieved from /home/airflow/.local/lib/python3.6/site-packages/airflow/example_dags/example_external_task_marker_dag.py
[2021-04-03 15:31:32,592] {logging_mixin.py:104} INFO - [2021-04-03 15:31:32,592] {dag.py:1818} INFO - Sync 2 DAGs
[2021-04-03 15:31:32,599] {logging_mixin.py:104} INFO - [2021-04-03 15:31:32,599] {dag.py:2273} INFO - Setting next_dagrun for example_external_task_marker_child to None
[2021-04-03 15:31:32,599] {logging_mixin.py:104} INFO - [2021-04-03 15:31:32,599] {dag.py:2273} INFO - Setting next_dagrun for example_external_task_marker_parent to None
[2021-04-03 15:31:32,606] {scheduler_job.py:190} INFO - Processing /home/airflow/.local/lib/python3.6/site-packages/airflow/example_dags/example_external_task_marker_dag.py took 0.034 seconds
[2021-04-03 15:32:03,169] {scheduler_job.py:182} INFO - Started process (PID=607) to work on /home/airflow/.local/lib/python3.6/site-packages/airflow/example_dags/example_external_task_marker_dag.py
[2021-04-03 15:32:03,169] {scheduler_job.py:629} INFO - Processing file /home/airflow/.local/lib/python3.6/site-packages/airflow/example_dags/example_external_task_marker_dag.py for tasks to queue
[2021-04-03 15:32:03,169] {logging_mixin.py:104} INFO - [2021-04-03 15:32:03,169] {dagbag.py:448} INFO - Filling up the DagBag from /home/airflow/.local/lib/python3.6/site-packages/airflow/example_dags/example_external_task_marker_dag.py
[2021-04-03 15:32:03,175] {scheduler_job.py:639} INFO - DAG(s) dict_keys(['example_external_task_marker_parent', 'example_external_task_marker_child']) retrieved from /home/airflow/.local/lib/python3.6/site-packages/airflow/example_dags/example_external_task_marker_dag.py
[2021-04-03 15:32:03,188] {logging_mixin.py:104} INFO - [2021-04-03 15:32:03,188] {dag.py:1818} INFO - Sync 2 DAGs
[2021-04-03 15:32:03,195] {logging_mixin.py:104} INFO - [2021-04-03 15:32:03,195] {dag.py:2273} INFO - Setting next_dagrun for example_external_task_marker_child to None
[2021-04-03 15:32:03,195] {logging_mixin.py:104} INFO - [2021-04-03 15:32:03,195] {dag.py:2273} INFO - Setting next_dagrun for example_external_task_marker_parent to None
[2021-04-03 15:32:03,201] {scheduler_job.py:190} INFO - Processing /home/airflow/.local/lib/python3.6/site-packages/airflow/example_dags/example_external_task_marker_dag.py took 0.034 seconds
[2021-04-03 15:32:33,759] {scheduler_job.py:182} INFO - Started process (PID=633) to work on /home/airflow/.local/lib/python3.6/site-packages/airflow/example_dags/example_external_task_marker_dag.py
[2021-04-03 15:32:33,759] {scheduler_job.py:629} INFO - Processing file /home/airflow/.local/lib/python3.6/site-packages/airflow/example_dags/example_external_task_marker_dag.py for tasks to queue
[2021-04-03 15:32:33,760] {logging_mixin.py:104} INFO - [2021-04-03 15:32:33,760] {dagbag.py:448} INFO - Filling up the DagBag from /home/airflow/.local/lib/python3.6/site-packages/airflow/example_dags/example_external_task_marker_dag.py
[2021-04-03 15:32:33,765] {scheduler_job.py:639} INFO - DAG(s) dict_keys(['example_external_task_marker_parent', 'example_external_task_marker_child']) retrieved from /home/airflow/.local/lib/python3.6/site-packages/airflow/example_dags/example_external_task_marker_dag.py
[2021-04-03 15:32:33,777] {logging_mixin.py:104} INFO - [2021-04-03 15:32:33,777] {dag.py:1818} INFO - Sync 2 DAGs
[2021-04-03 15:32:33,784] {logging_mixin.py:104} INFO - [2021-04-03 15:32:33,784] {dag.py:2273} INFO - Setting next_dagrun for example_external_task_marker_child to None
[2021-04-03 15:32:33,784] {logging_mixin.py:104} INFO - [2021-04-03 15:32:33,784] {dag.py:2273} INFO - Setting next_dagrun for example_external_task_marker_parent to None
[2021-04-03 15:32:33,789] {scheduler_job.py:190} INFO - Processing /home/airflow/.local/lib/python3.6/site-packages/airflow/example_dags/example_external_task_marker_dag.py took 0.032 seconds
[2021-04-03 15:33:04,389] {scheduler_job.py:182} INFO - Started process (PID=659) to work on /home/airflow/.local/lib/python3.6/site-packages/airflow/example_dags/example_external_task_marker_dag.py
[2021-04-03 15:33:04,390] {scheduler_job.py:629} INFO - Processing file /home/airflow/.local/lib/python3.6/site-packages/airflow/example_dags/example_external_task_marker_dag.py for tasks to queue
[2021-04-03 15:33:04,390] {logging_mixin.py:104} INFO - [2021-04-03 15:33:04,390] {dagbag.py:448} INFO - Filling up the DagBag from /home/airflow/.local/lib/python3.6/site-packages/airflow/example_dags/example_external_task_marker_dag.py
[2021-04-03 15:33:04,395] {scheduler_job.py:639} INFO - DAG(s) dict_keys(['example_external_task_marker_parent', 'example_external_task_marker_child']) retrieved from /home/airflow/.local/lib/python3.6/site-packages/airflow/example_dags/example_external_task_marker_dag.py
[2021-04-03 15:33:04,408] {logging_mixin.py:104} INFO - [2021-04-03 15:33:04,408] {dag.py:1818} INFO - Sync 2 DAGs
[2021-04-03 15:33:04,415] {logging_mixin.py:104} INFO - [2021-04-03 15:33:04,415] {dag.py:2273} INFO - Setting next_dagrun for example_external_task_marker_child to None
[2021-04-03 15:33:04,415] {logging_mixin.py:104} INFO - [2021-04-03 15:33:04,415] {dag.py:2273} INFO - Setting next_dagrun for example_external_task_marker_parent to None
[2021-04-03 15:33:04,421] {scheduler_job.py:190} INFO - Processing /home/airflow/.local/lib/python3.6/site-packages/airflow/example_dags/example_external_task_marker_dag.py took 0.033 seconds
[2021-04-03 15:33:35,033] {scheduler_job.py:182} INFO - Started process (PID=685) to work on /home/airflow/.local/lib/python3.6/site-packages/airflow/example_dags/example_external_task_marker_dag.py
[2021-04-03 15:33:35,034] {scheduler_job.py:629} INFO - Processing file /home/airflow/.local/lib/python3.6/site-packages/airflow/example_dags/example_external_task_marker_dag.py for tasks to queue
[2021-04-03 15:33:35,034] {logging_mixin.py:104} INFO - [2021-04-03 15:33:35,034] {dagbag.py:448} INFO - Filling up the DagBag from /home/airflow/.local/lib/python3.6/site-packages/airflow/example_dags/example_external_task_marker_dag.py
[2021-04-03 15:33:35,040] {scheduler_job.py:639} INFO - DAG(s) dict_keys(['example_external_task_marker_parent', 'example_external_task_marker_child']) retrieved from /home/airflow/.local/lib/python3.6/site-packages/airflow/example_dags/example_external_task_marker_dag.py
[2021-04-03 15:33:35,052] {logging_mixin.py:104} INFO - [2021-04-03 15:33:35,052] {dag.py:1818} INFO - Sync 2 DAGs
[2021-04-03 15:33:35,059] {logging_mixin.py:104} INFO - [2021-04-03 15:33:35,059] {dag.py:2273} INFO - Setting next_dagrun for example_external_task_marker_child to None
[2021-04-03 15:33:35,060] {logging_mixin.py:104} INFO - [2021-04-03 15:33:35,060] {dag.py:2273} INFO - Setting next_dagrun for example_external_task_marker_parent to None
[2021-04-03 15:33:35,067] {scheduler_job.py:190} INFO - Processing /home/airflow/.local/lib/python3.6/site-packages/airflow/example_dags/example_external_task_marker_dag.py took 0.035 seconds
[2021-04-03 15:34:05,614] {scheduler_job.py:182} INFO - Started process (PID=711) to work on /home/airflow/.local/lib/python3.6/site-packages/airflow/example_dags/example_external_task_marker_dag.py
[2021-04-03 15:34:05,615] {scheduler_job.py:629} INFO - Processing file /home/airflow/.local/lib/python3.6/site-packages/airflow/example_dags/example_external_task_marker_dag.py for tasks to queue
[2021-04-03 15:34:05,615] {logging_mixin.py:104} INFO - [2021-04-03 15:34:05,615] {dagbag.py:448} INFO - Filling up the DagBag from /home/airflow/.local/lib/python3.6/site-packages/airflow/example_dags/example_external_task_marker_dag.py
[2021-04-03 15:34:05,621] {scheduler_job.py:639} INFO - DAG(s) dict_keys(['example_external_task_marker_parent', 'example_external_task_marker_child']) retrieved from /home/airflow/.local/lib/python3.6/site-packages/airflow/example_dags/example_external_task_marker_dag.py
[2021-04-03 15:34:05,633] {logging_mixin.py:104} INFO - [2021-04-03 15:34:05,632] {dag.py:1818} INFO - Sync 2 DAGs
[2021-04-03 15:34:05,640] {logging_mixin.py:104} INFO - [2021-04-03 15:34:05,640] {dag.py:2273} INFO - Setting next_dagrun for example_external_task_marker_child to None
[2021-04-03 15:34:05,640] {logging_mixin.py:104} INFO - [2021-04-03 15:34:05,640] {dag.py:2273} INFO - Setting next_dagrun for example_external_task_marker_parent to None
[2021-04-03 15:34:05,646] {scheduler_job.py:190} INFO - Processing /home/airflow/.local/lib/python3.6/site-packages/airflow/example_dags/example_external_task_marker_dag.py took 0.033 seconds
[2021-04-03 15:34:36,206] {scheduler_job.py:182} INFO - Started process (PID=737) to work on /home/airflow/.local/lib/python3.6/site-packages/airflow/example_dags/example_external_task_marker_dag.py
[2021-04-03 15:34:36,206] {scheduler_job.py:629} INFO - Processing file /home/airflow/.local/lib/python3.6/site-packages/airflow/example_dags/example_external_task_marker_dag.py for tasks to queue
[2021-04-03 15:34:36,207] {logging_mixin.py:104} INFO - [2021-04-03 15:34:36,207] {dagbag.py:448} INFO - Filling up the DagBag from /home/airflow/.local/lib/python3.6/site-packages/airflow/example_dags/example_external_task_marker_dag.py
[2021-04-03 15:34:36,213] {scheduler_job.py:639} INFO - DAG(s) dict_keys(['example_external_task_marker_parent', 'example_external_task_marker_child']) retrieved from /home/airflow/.local/lib/python3.6/site-packages/airflow/example_dags/example_external_task_marker_dag.py
[2021-04-03 15:34:36,225] {logging_mixin.py:104} INFO - [2021-04-03 15:34:36,225] {dag.py:1818} INFO - Sync 2 DAGs
[2021-04-03 15:34:36,232] {logging_mixin.py:104} INFO - [2021-04-03 15:34:36,232] {dag.py:2273} INFO - Setting next_dagrun for example_external_task_marker_child to None
[2021-04-03 15:34:36,232] {logging_mixin.py:104} INFO - [2021-04-03 15:34:36,232] {dag.py:2273} INFO - Setting next_dagrun for example_external_task_marker_parent to None
[2021-04-03 15:34:36,239] {scheduler_job.py:190} INFO - Processing /home/airflow/.local/lib/python3.6/site-packages/airflow/example_dags/example_external_task_marker_dag.py took 0.034 seconds
[2021-04-03 15:35:06,799] {scheduler_job.py:182} INFO - Started process (PID=763) to work on /home/airflow/.local/lib/python3.6/site-packages/airflow/example_dags/example_external_task_marker_dag.py
[2021-04-03 15:35:06,799] {scheduler_job.py:629} INFO - Processing file /home/airflow/.local/lib/python3.6/site-packages/airflow/example_dags/example_external_task_marker_dag.py for tasks to queue
[2021-04-03 15:35:06,800] {logging_mixin.py:104} INFO - [2021-04-03 15:35:06,800] {dagbag.py:448} INFO - Filling up the DagBag from /home/airflow/.local/lib/python3.6/site-packages/airflow/example_dags/example_external_task_marker_dag.py
[2021-04-03 15:35:06,806] {scheduler_job.py:639} INFO - DAG(s) dict_keys(['example_external_task_marker_parent', 'example_external_task_marker_child']) retrieved from /home/airflow/.local/lib/python3.6/site-packages/airflow/example_dags/example_external_task_marker_dag.py
[2021-04-03 15:35:06,818] {logging_mixin.py:104} INFO - [2021-04-03 15:35:06,818] {dag.py:1818} INFO - Sync 2 DAGs
[2021-04-03 15:35:06,825] {logging_mixin.py:104} INFO - [2021-04-03 15:35:06,825] {dag.py:2273} INFO - Setting next_dagrun for example_external_task_marker_child to None
[2021-04-03 15:35:06,825] {logging_mixin.py:104} INFO - [2021-04-03 15:35:06,825] {dag.py:2273} INFO - Setting next_dagrun for example_external_task_marker_parent to None
[2021-04-03 15:35:06,832] {scheduler_job.py:190} INFO - Processing /home/airflow/.local/lib/python3.6/site-packages/airflow/example_dags/example_external_task_marker_dag.py took 0.034 seconds
[2021-04-03 15:35:37,387] {scheduler_job.py:182} INFO - Started process (PID=789) to work on /home/airflow/.local/lib/python3.6/site-packages/airflow/example_dags/example_external_task_marker_dag.py
[2021-04-03 15:35:37,388] {scheduler_job.py:629} INFO - Processing file /home/airflow/.local/lib/python3.6/site-packages/airflow/example_dags/example_external_task_marker_dag.py for tasks to queue
[2021-04-03 15:35:37,388] {logging_mixin.py:104} INFO - [2021-04-03 15:35:37,388] {dagbag.py:448} INFO - Filling up the DagBag from /home/airflow/.local/lib/python3.6/site-packages/airflow/example_dags/example_external_task_marker_dag.py
[2021-04-03 15:35:37,394] {scheduler_job.py:639} INFO - DAG(s) dict_keys(['example_external_task_marker_parent', 'example_external_task_marker_child']) retrieved from /home/airflow/.local/lib/python3.6/site-packages/airflow/example_dags/example_external_task_marker_dag.py
[2021-04-03 15:35:37,405] {logging_mixin.py:104} INFO - [2021-04-03 15:35:37,405] {dag.py:1818} INFO - Sync 2 DAGs
[2021-04-03 15:35:37,412] {logging_mixin.py:104} INFO - [2021-04-03 15:35:37,412] {dag.py:2273} INFO - Setting next_dagrun for example_external_task_marker_child to None
[2021-04-03 15:35:37,412] {logging_mixin.py:104} INFO - [2021-04-03 15:35:37,412] {dag.py:2273} INFO - Setting next_dagrun for example_external_task_marker_parent to None
[2021-04-03 15:35:37,418] {scheduler_job.py:190} INFO - Processing /home/airflow/.local/lib/python3.6/site-packages/airflow/example_dags/example_external_task_marker_dag.py took 0.032 seconds
[2021-04-03 15:36:07,979] {scheduler_job.py:182} INFO - Started process (PID=815) to work on /home/airflow/.local/lib/python3.6/site-packages/airflow/example_dags/example_external_task_marker_dag.py
[2021-04-03 15:36:07,979] {scheduler_job.py:629} INFO - Processing file /home/airflow/.local/lib/python3.6/site-packages/airflow/example_dags/example_external_task_marker_dag.py for tasks to queue
[2021-04-03 15:36:07,979] {logging_mixin.py:104} INFO - [2021-04-03 15:36:07,979] {dagbag.py:448} INFO - Filling up the DagBag from /home/airflow/.local/lib/python3.6/site-packages/airflow/example_dags/example_external_task_marker_dag.py
[2021-04-03 15:36:07,985] {scheduler_job.py:639} INFO - DAG(s) dict_keys(['example_external_task_marker_parent', 'example_external_task_marker_child']) retrieved from /home/airflow/.local/lib/python3.6/site-packages/airflow/example_dags/example_external_task_marker_dag.py
[2021-04-03 15:36:07,998] {logging_mixin.py:104} INFO - [2021-04-03 15:36:07,998] {dag.py:1818} INFO - Sync 2 DAGs
[2021-04-03 15:36:08,005] {logging_mixin.py:104} INFO - [2021-04-03 15:36:08,004] {dag.py:2273} INFO - Setting next_dagrun for example_external_task_marker_child to None
[2021-04-03 15:36:08,005] {logging_mixin.py:104} INFO - [2021-04-03 15:36:08,005] {dag.py:2273} INFO - Setting next_dagrun for example_external_task_marker_parent to None
[2021-04-03 15:36:08,012] {scheduler_job.py:190} INFO - Processing /home/airflow/.local/lib/python3.6/site-packages/airflow/example_dags/example_external_task_marker_dag.py took 0.034 seconds
[2021-04-03 15:36:38,584] {scheduler_job.py:182} INFO - Started process (PID=841) to work on /home/airflow/.local/lib/python3.6/site-packages/airflow/example_dags/example_external_task_marker_dag.py
[2021-04-03 15:36:38,584] {scheduler_job.py:629} INFO - Processing file /home/airflow/.local/lib/python3.6/site-packages/airflow/example_dags/example_external_task_marker_dag.py for tasks to queue
[2021-04-03 15:36:38,584] {logging_mixin.py:104} INFO - [2021-04-03 15:36:38,584] {dagbag.py:448} INFO - Filling up the DagBag from /home/airflow/.local/lib/python3.6/site-packages/airflow/example_dags/example_external_task_marker_dag.py
[2021-04-03 15:36:38,589] {scheduler_job.py:639} INFO - DAG(s) dict_keys(['example_external_task_marker_parent', 'example_external_task_marker_child']) retrieved from /home/airflow/.local/lib/python3.6/site-packages/airflow/example_dags/example_external_task_marker_dag.py
[2021-04-03 15:36:38,600] {logging_mixin.py:104} INFO - [2021-04-03 15:36:38,600] {dag.py:1818} INFO - Sync 2 DAGs
[2021-04-03 15:36:38,607] {logging_mixin.py:104} INFO - [2021-04-03 15:36:38,607] {dag.py:2273} INFO - Setting next_dagrun for example_external_task_marker_child to None
[2021-04-03 15:36:38,607] {logging_mixin.py:104} INFO - [2021-04-03 15:36:38,607] {dag.py:2273} INFO - Setting next_dagrun for example_external_task_marker_parent to None
[2021-04-03 15:36:38,613] {scheduler_job.py:190} INFO - Processing /home/airflow/.local/lib/python3.6/site-packages/airflow/example_dags/example_external_task_marker_dag.py took 0.031 seconds
[2021-04-03 15:37:09,187] {scheduler_job.py:182} INFO - Started process (PID=867) to work on /home/airflow/.local/lib/python3.6/site-packages/airflow/example_dags/example_external_task_marker_dag.py
[2021-04-03 15:37:09,188] {scheduler_job.py:629} INFO - Processing file /home/airflow/.local/lib/python3.6/site-packages/airflow/example_dags/example_external_task_marker_dag.py for tasks to queue
[2021-04-03 15:37:09,188] {logging_mixin.py:104} INFO - [2021-04-03 15:37:09,188] {dagbag.py:448} INFO - Filling up the DagBag from /home/airflow/.local/lib/python3.6/site-packages/airflow/example_dags/example_external_task_marker_dag.py
[2021-04-03 15:37:09,193] {scheduler_job.py:639} INFO - DAG(s) dict_keys(['example_external_task_marker_parent', 'example_external_task_marker_child']) retrieved from /home/airflow/.local/lib/python3.6/site-packages/airflow/example_dags/example_external_task_marker_dag.py
[2021-04-03 15:37:09,206] {logging_mixin.py:104} INFO - [2021-04-03 15:37:09,206] {dag.py:1818} INFO - Sync 2 DAGs
[2021-04-03 15:37:09,213] {logging_mixin.py:104} INFO - [2021-04-03 15:37:09,213] {dag.py:2273} INFO - Setting next_dagrun for example_external_task_marker_child to None
[2021-04-03 15:37:09,213] {logging_mixin.py:104} INFO - [2021-04-03 15:37:09,213] {dag.py:2273} INFO - Setting next_dagrun for example_external_task_marker_parent to None
[2021-04-03 15:37:09,220] {scheduler_job.py:190} INFO - Processing /home/airflow/.local/lib/python3.6/site-packages/airflow/example_dags/example_external_task_marker_dag.py took 0.034 seconds
[2021-04-03 15:37:39,774] {scheduler_job.py:182} INFO - Started process (PID=893) to work on /home/airflow/.local/lib/python3.6/site-packages/airflow/example_dags/example_external_task_marker_dag.py
[2021-04-03 15:37:39,775] {scheduler_job.py:629} INFO - Processing file /home/airflow/.local/lib/python3.6/site-packages/airflow/example_dags/example_external_task_marker_dag.py for tasks to queue
[2021-04-03 15:37:39,775] {logging_mixin.py:104} INFO - [2021-04-03 15:37:39,775] {dagbag.py:448} INFO - Filling up the DagBag from /home/airflow/.local/lib/python3.6/site-packages/airflow/example_dags/example_external_task_marker_dag.py
[2021-04-03 15:37:39,780] {scheduler_job.py:639} INFO - DAG(s) dict_keys(['example_external_task_marker_parent', 'example_external_task_marker_child']) retrieved from /home/airflow/.local/lib/python3.6/site-packages/airflow/example_dags/example_external_task_marker_dag.py
[2021-04-03 15:37:39,793] {logging_mixin.py:104} INFO - [2021-04-03 15:37:39,793] {dag.py:1818} INFO - Sync 2 DAGs
[2021-04-03 15:37:39,800] {logging_mixin.py:104} INFO - [2021-04-03 15:37:39,800] {dag.py:2273} INFO - Setting next_dagrun for example_external_task_marker_child to None
[2021-04-03 15:37:39,800] {logging_mixin.py:104} INFO - [2021-04-03 15:37:39,800] {dag.py:2273} INFO - Setting next_dagrun for example_external_task_marker_parent to None
[2021-04-03 15:37:39,807] {scheduler_job.py:190} INFO - Processing /home/airflow/.local/lib/python3.6/site-packages/airflow/example_dags/example_external_task_marker_dag.py took 0.034 seconds
[2021-04-03 15:38:10,336] {scheduler_job.py:182} INFO - Started process (PID=919) to work on /home/airflow/.local/lib/python3.6/site-packages/airflow/example_dags/example_external_task_marker_dag.py
[2021-04-03 15:38:10,337] {scheduler_job.py:629} INFO - Processing file /home/airflow/.local/lib/python3.6/site-packages/airflow/example_dags/example_external_task_marker_dag.py for tasks to queue
[2021-04-03 15:38:10,337] {logging_mixin.py:104} INFO - [2021-04-03 15:38:10,337] {dagbag.py:448} INFO - Filling up the DagBag from /home/airflow/.local/lib/python3.6/site-packages/airflow/example_dags/example_external_task_marker_dag.py
[2021-04-03 15:38:10,343] {scheduler_job.py:639} INFO - DAG(s) dict_keys(['example_external_task_marker_parent', 'example_external_task_marker_child']) retrieved from /home/airflow/.local/lib/python3.6/site-packages/airflow/example_dags/example_external_task_marker_dag.py
[2021-04-03 15:38:10,354] {logging_mixin.py:104} INFO - [2021-04-03 15:38:10,354] {dag.py:1818} INFO - Sync 2 DAGs
[2021-04-03 15:38:10,361] {logging_mixin.py:104} INFO - [2021-04-03 15:38:10,361] {dag.py:2273} INFO - Setting next_dagrun for example_external_task_marker_child to None
[2021-04-03 15:38:10,361] {logging_mixin.py:104} INFO - [2021-04-03 15:38:10,361] {dag.py:2273} INFO - Setting next_dagrun for example_external_task_marker_parent to None
[2021-04-03 15:38:10,368] {scheduler_job.py:190} INFO - Processing /home/airflow/.local/lib/python3.6/site-packages/airflow/example_dags/example_external_task_marker_dag.py took 0.032 seconds
[2021-04-03 15:38:40,933] {scheduler_job.py:182} INFO - Started process (PID=945) to work on /home/airflow/.local/lib/python3.6/site-packages/airflow/example_dags/example_external_task_marker_dag.py
[2021-04-03 15:38:40,934] {scheduler_job.py:629} INFO - Processing file /home/airflow/.local/lib/python3.6/site-packages/airflow/example_dags/example_external_task_marker_dag.py for tasks to queue
[2021-04-03 15:38:40,934] {logging_mixin.py:104} INFO - [2021-04-03 15:38:40,934] {dagbag.py:448} INFO - Filling up the DagBag from /home/airflow/.local/lib/python3.6/site-packages/airflow/example_dags/example_external_task_marker_dag.py
[2021-04-03 15:38:40,940] {scheduler_job.py:639} INFO - DAG(s) dict_keys(['example_external_task_marker_parent', 'example_external_task_marker_child']) retrieved from /home/airflow/.local/lib/python3.6/site-packages/airflow/example_dags/example_external_task_marker_dag.py
[2021-04-03 15:38:40,952] {logging_mixin.py:104} INFO - [2021-04-03 15:38:40,952] {dag.py:1818} INFO - Sync 2 DAGs
[2021-04-03 15:38:40,960] {logging_mixin.py:104} INFO - [2021-04-03 15:38:40,959] {dag.py:2273} INFO - Setting next_dagrun for example_external_task_marker_child to None
[2021-04-03 15:38:40,960] {logging_mixin.py:104} INFO - [2021-04-03 15:38:40,960] {dag.py:2273} INFO - Setting next_dagrun for example_external_task_marker_parent to None
[2021-04-03 15:38:40,965] {scheduler_job.py:190} INFO - Processing /home/airflow/.local/lib/python3.6/site-packages/airflow/example_dags/example_external_task_marker_dag.py took 0.034 seconds
[2021-04-03 15:39:11,540] {scheduler_job.py:182} INFO - Started process (PID=971) to work on /home/airflow/.local/lib/python3.6/site-packages/airflow/example_dags/example_external_task_marker_dag.py
[2021-04-03 15:39:11,540] {scheduler_job.py:629} INFO - Processing file /home/airflow/.local/lib/python3.6/site-packages/airflow/example_dags/example_external_task_marker_dag.py for tasks to queue
[2021-04-03 15:39:11,540] {logging_mixin.py:104} INFO - [2021-04-03 15:39:11,540] {dagbag.py:448} INFO - Filling up the DagBag from /home/airflow/.local/lib/python3.6/site-packages/airflow/example_dags/example_external_task_marker_dag.py
[2021-04-03 15:39:11,546] {scheduler_job.py:639} INFO - DAG(s) dict_keys(['example_external_task_marker_parent', 'example_external_task_marker_child']) retrieved from /home/airflow/.local/lib/python3.6/site-packages/airflow/example_dags/example_external_task_marker_dag.py
[2021-04-03 15:39:11,558] {logging_mixin.py:104} INFO - [2021-04-03 15:39:11,558] {dag.py:1818} INFO - Sync 2 DAGs
[2021-04-03 15:39:11,565] {logging_mixin.py:104} INFO - [2021-04-03 15:39:11,565] {dag.py:2273} INFO - Setting next_dagrun for example_external_task_marker_child to None
[2021-04-03 15:39:11,566] {logging_mixin.py:104} INFO - [2021-04-03 15:39:11,566] {dag.py:2273} INFO - Setting next_dagrun for example_external_task_marker_parent to None
[2021-04-03 15:39:11,572] {scheduler_job.py:190} INFO - Processing /home/airflow/.local/lib/python3.6/site-packages/airflow/example_dags/example_external_task_marker_dag.py took 0.034 seconds
[2021-04-03 15:39:42,142] {scheduler_job.py:182} INFO - Started process (PID=997) to work on /home/airflow/.local/lib/python3.6/site-packages/airflow/example_dags/example_external_task_marker_dag.py
[2021-04-03 15:39:42,142] {scheduler_job.py:629} INFO - Processing file /home/airflow/.local/lib/python3.6/site-packages/airflow/example_dags/example_external_task_marker_dag.py for tasks to queue
[2021-04-03 15:39:42,143] {logging_mixin.py:104} INFO - [2021-04-03 15:39:42,143] {dagbag.py:448} INFO - Filling up the DagBag from /home/airflow/.local/lib/python3.6/site-packages/airflow/example_dags/example_external_task_marker_dag.py
[2021-04-03 15:39:42,148] {scheduler_job.py:639} INFO - DAG(s) dict_keys(['example_external_task_marker_parent', 'example_external_task_marker_child']) retrieved from /home/airflow/.local/lib/python3.6/site-packages/airflow/example_dags/example_external_task_marker_dag.py
[2021-04-03 15:39:42,160] {logging_mixin.py:104} INFO - [2021-04-03 15:39:42,160] {dag.py:1818} INFO - Sync 2 DAGs
[2021-04-03 15:39:42,167] {logging_mixin.py:104} INFO - [2021-04-03 15:39:42,167] {dag.py:2273} INFO - Setting next_dagrun for example_external_task_marker_child to None
[2021-04-03 15:39:42,167] {logging_mixin.py:104} INFO - [2021-04-03 15:39:42,167] {dag.py:2273} INFO - Setting next_dagrun for example_external_task_marker_parent to None
[2021-04-03 15:39:42,173] {scheduler_job.py:190} INFO - Processing /home/airflow/.local/lib/python3.6/site-packages/airflow/example_dags/example_external_task_marker_dag.py took 0.033 seconds
[2021-04-03 15:40:12,775] {scheduler_job.py:182} INFO - Started process (PID=1023) to work on /home/airflow/.local/lib/python3.6/site-packages/airflow/example_dags/example_external_task_marker_dag.py
[2021-04-03 15:40:12,775] {scheduler_job.py:629} INFO - Processing file /home/airflow/.local/lib/python3.6/site-packages/airflow/example_dags/example_external_task_marker_dag.py for tasks to queue
[2021-04-03 15:40:12,775] {logging_mixin.py:104} INFO - [2021-04-03 15:40:12,775] {dagbag.py:448} INFO - Filling up the DagBag from /home/airflow/.local/lib/python3.6/site-packages/airflow/example_dags/example_external_task_marker_dag.py
[2021-04-03 15:40:12,781] {scheduler_job.py:639} INFO - DAG(s) dict_keys(['example_external_task_marker_parent', 'example_external_task_marker_child']) retrieved from /home/airflow/.local/lib/python3.6/site-packages/airflow/example_dags/example_external_task_marker_dag.py
[2021-04-03 15:40:12,792] {logging_mixin.py:104} INFO - [2021-04-03 15:40:12,792] {dag.py:1818} INFO - Sync 2 DAGs
[2021-04-03 15:40:12,799] {logging_mixin.py:104} INFO - [2021-04-03 15:40:12,799] {dag.py:2273} INFO - Setting next_dagrun for example_external_task_marker_child to None
[2021-04-03 15:40:12,799] {logging_mixin.py:104} INFO - [2021-04-03 15:40:12,799] {dag.py:2273} INFO - Setting next_dagrun for example_external_task_marker_parent to None
[2021-04-03 15:40:12,804] {scheduler_job.py:190} INFO - Processing /home/airflow/.local/lib/python3.6/site-packages/airflow/example_dags/example_external_task_marker_dag.py took 0.031 seconds
[2021-04-03 15:40:43,465] {scheduler_job.py:182} INFO - Started process (PID=1049) to work on /home/airflow/.local/lib/python3.6/site-packages/airflow/example_dags/example_external_task_marker_dag.py
[2021-04-03 15:40:43,465] {scheduler_job.py:629} INFO - Processing file /home/airflow/.local/lib/python3.6/site-packages/airflow/example_dags/example_external_task_marker_dag.py for tasks to queue
[2021-04-03 15:40:43,466] {logging_mixin.py:104} INFO - [2021-04-03 15:40:43,466] {dagbag.py:448} INFO - Filling up the DagBag from /home/airflow/.local/lib/python3.6/site-packages/airflow/example_dags/example_external_task_marker_dag.py
[2021-04-03 15:40:43,471] {scheduler_job.py:639} INFO - DAG(s) dict_keys(['example_external_task_marker_parent', 'example_external_task_marker_child']) retrieved from /home/airflow/.local/lib/python3.6/site-packages/airflow/example_dags/example_external_task_marker_dag.py
[2021-04-03 15:40:43,484] {logging_mixin.py:104} INFO - [2021-04-03 15:40:43,483] {dag.py:1818} INFO - Sync 2 DAGs
[2021-04-03 15:40:43,490] {logging_mixin.py:104} INFO - [2021-04-03 15:40:43,490] {dag.py:2273} INFO - Setting next_dagrun for example_external_task_marker_child to None
[2021-04-03 15:40:43,491] {logging_mixin.py:104} INFO - [2021-04-03 15:40:43,491] {dag.py:2273} INFO - Setting next_dagrun for example_external_task_marker_parent to None
[2021-04-03 15:40:43,498] {scheduler_job.py:190} INFO - Processing /home/airflow/.local/lib/python3.6/site-packages/airflow/example_dags/example_external_task_marker_dag.py took 0.034 seconds
[2021-04-03 15:41:14,075] {scheduler_job.py:182} INFO - Started process (PID=1075) to work on /home/airflow/.local/lib/python3.6/site-packages/airflow/example_dags/example_external_task_marker_dag.py
[2021-04-03 15:41:14,075] {scheduler_job.py:629} INFO - Processing file /home/airflow/.local/lib/python3.6/site-packages/airflow/example_dags/example_external_task_marker_dag.py for tasks to queue
[2021-04-03 15:41:14,076] {logging_mixin.py:104} INFO - [2021-04-03 15:41:14,076] {dagbag.py:448} INFO - Filling up the DagBag from /home/airflow/.local/lib/python3.6/site-packages/airflow/example_dags/example_external_task_marker_dag.py
[2021-04-03 15:41:14,081] {scheduler_job.py:639} INFO - DAG(s) dict_keys(['example_external_task_marker_parent', 'example_external_task_marker_child']) retrieved from /home/airflow/.local/lib/python3.6/site-packages/airflow/example_dags/example_external_task_marker_dag.py
[2021-04-03 15:41:14,093] {logging_mixin.py:104} INFO - [2021-04-03 15:41:14,093] {dag.py:1818} INFO - Sync 2 DAGs
[2021-04-03 15:41:14,100] {logging_mixin.py:104} INFO - [2021-04-03 15:41:14,100] {dag.py:2273} INFO - Setting next_dagrun for example_external_task_marker_child to None
[2021-04-03 15:41:14,101] {logging_mixin.py:104} INFO - [2021-04-03 15:41:14,100] {dag.py:2273} INFO - Setting next_dagrun for example_external_task_marker_parent to None
[2021-04-03 15:41:14,107] {scheduler_job.py:190} INFO - Processing /home/airflow/.local/lib/python3.6/site-packages/airflow/example_dags/example_external_task_marker_dag.py took 0.033 seconds
[2021-04-03 15:41:44,729] {scheduler_job.py:182} INFO - Started process (PID=1101) to work on /home/airflow/.local/lib/python3.6/site-packages/airflow/example_dags/example_external_task_marker_dag.py
[2021-04-03 15:41:44,730] {scheduler_job.py:629} INFO - Processing file /home/airflow/.local/lib/python3.6/site-packages/airflow/example_dags/example_external_task_marker_dag.py for tasks to queue
[2021-04-03 15:41:44,731] {logging_mixin.py:104} INFO - [2021-04-03 15:41:44,731] {dagbag.py:448} INFO - Filling up the DagBag from /home/airflow/.local/lib/python3.6/site-packages/airflow/example_dags/example_external_task_marker_dag.py
[2021-04-03 15:41:44,743] {scheduler_job.py:639} INFO - DAG(s) dict_keys(['example_external_task_marker_parent', 'example_external_task_marker_child']) retrieved from /home/airflow/.local/lib/python3.6/site-packages/airflow/example_dags/example_external_task_marker_dag.py
[2021-04-03 15:41:44,760] {logging_mixin.py:104} INFO - [2021-04-03 15:41:44,760] {dag.py:1818} INFO - Sync 2 DAGs
[2021-04-03 15:41:44,768] {logging_mixin.py:104} INFO - [2021-04-03 15:41:44,768] {dag.py:2273} INFO - Setting next_dagrun for example_external_task_marker_child to None
[2021-04-03 15:41:44,768] {logging_mixin.py:104} INFO - [2021-04-03 15:41:44,768] {dag.py:2273} INFO - Setting next_dagrun for example_external_task_marker_parent to None
[2021-04-03 15:41:44,775] {scheduler_job.py:190} INFO - Processing /home/airflow/.local/lib/python3.6/site-packages/airflow/example_dags/example_external_task_marker_dag.py took 0.051 seconds
[2021-04-03 15:42:15,354] {scheduler_job.py:182} INFO - Started process (PID=1127) to work on /home/airflow/.local/lib/python3.6/site-packages/airflow/example_dags/example_external_task_marker_dag.py
[2021-04-03 15:42:15,354] {scheduler_job.py:629} INFO - Processing file /home/airflow/.local/lib/python3.6/site-packages/airflow/example_dags/example_external_task_marker_dag.py for tasks to queue
[2021-04-03 15:42:15,354] {logging_mixin.py:104} INFO - [2021-04-03 15:42:15,354] {dagbag.py:448} INFO - Filling up the DagBag from /home/airflow/.local/lib/python3.6/site-packages/airflow/example_dags/example_external_task_marker_dag.py
[2021-04-03 15:42:15,359] {scheduler_job.py:639} INFO - DAG(s) dict_keys(['example_external_task_marker_parent', 'example_external_task_marker_child']) retrieved from /home/airflow/.local/lib/python3.6/site-packages/airflow/example_dags/example_external_task_marker_dag.py
[2021-04-03 15:42:15,371] {logging_mixin.py:104} INFO - [2021-04-03 15:42:15,371] {dag.py:1818} INFO - Sync 2 DAGs
[2021-04-03 15:42:15,378] {logging_mixin.py:104} INFO - [2021-04-03 15:42:15,378] {dag.py:2273} INFO - Setting next_dagrun for example_external_task_marker_child to None
[2021-04-03 15:42:15,378] {logging_mixin.py:104} INFO - [2021-04-03 15:42:15,378] {dag.py:2273} INFO - Setting next_dagrun for example_external_task_marker_parent to None
[2021-04-03 15:42:15,385] {scheduler_job.py:190} INFO - Processing /home/airflow/.local/lib/python3.6/site-packages/airflow/example_dags/example_external_task_marker_dag.py took 0.032 seconds
[2021-04-03 15:42:45,965] {scheduler_job.py:182} INFO - Started process (PID=1153) to work on /home/airflow/.local/lib/python3.6/site-packages/airflow/example_dags/example_external_task_marker_dag.py
[2021-04-03 15:42:45,965] {scheduler_job.py:629} INFO - Processing file /home/airflow/.local/lib/python3.6/site-packages/airflow/example_dags/example_external_task_marker_dag.py for tasks to queue
[2021-04-03 15:42:45,966] {logging_mixin.py:104} INFO - [2021-04-03 15:42:45,965] {dagbag.py:448} INFO - Filling up the DagBag from /home/airflow/.local/lib/python3.6/site-packages/airflow/example_dags/example_external_task_marker_dag.py
[2021-04-03 15:42:45,971] {scheduler_job.py:639} INFO - DAG(s) dict_keys(['example_external_task_marker_parent', 'example_external_task_marker_child']) retrieved from /home/airflow/.local/lib/python3.6/site-packages/airflow/example_dags/example_external_task_marker_dag.py
[2021-04-03 15:42:45,983] {logging_mixin.py:104} INFO - [2021-04-03 15:42:45,983] {dag.py:1818} INFO - Sync 2 DAGs
[2021-04-03 15:42:45,990] {logging_mixin.py:104} INFO - [2021-04-03 15:42:45,990] {dag.py:2273} INFO - Setting next_dagrun for example_external_task_marker_child to None
[2021-04-03 15:42:45,990] {logging_mixin.py:104} INFO - [2021-04-03 15:42:45,990] {dag.py:2273} INFO - Setting next_dagrun for example_external_task_marker_parent to None
[2021-04-03 15:42:45,996] {scheduler_job.py:190} INFO - Processing /home/airflow/.local/lib/python3.6/site-packages/airflow/example_dags/example_external_task_marker_dag.py took 0.033 seconds
[2021-04-03 15:43:16,607] {scheduler_job.py:182} INFO - Started process (PID=1179) to work on /home/airflow/.local/lib/python3.6/site-packages/airflow/example_dags/example_external_task_marker_dag.py
[2021-04-03 15:43:16,608] {scheduler_job.py:629} INFO - Processing file /home/airflow/.local/lib/python3.6/site-packages/airflow/example_dags/example_external_task_marker_dag.py for tasks to queue
[2021-04-03 15:43:16,608] {logging_mixin.py:104} INFO - [2021-04-03 15:43:16,608] {dagbag.py:448} INFO - Filling up the DagBag from /home/airflow/.local/lib/python3.6/site-packages/airflow/example_dags/example_external_task_marker_dag.py
[2021-04-03 15:43:16,613] {scheduler_job.py:639} INFO - DAG(s) dict_keys(['example_external_task_marker_parent', 'example_external_task_marker_child']) retrieved from /home/airflow/.local/lib/python3.6/site-packages/airflow/example_dags/example_external_task_marker_dag.py
[2021-04-03 15:43:16,624] {logging_mixin.py:104} INFO - [2021-04-03 15:43:16,624] {dag.py:1818} INFO - Sync 2 DAGs
[2021-04-03 15:43:16,631] {logging_mixin.py:104} INFO - [2021-04-03 15:43:16,631] {dag.py:2273} INFO - Setting next_dagrun for example_external_task_marker_child to None
[2021-04-03 15:43:16,632] {logging_mixin.py:104} INFO - [2021-04-03 15:43:16,632] {dag.py:2273} INFO - Setting next_dagrun for example_external_task_marker_parent to None
[2021-04-03 15:43:16,637] {scheduler_job.py:190} INFO - Processing /home/airflow/.local/lib/python3.6/site-packages/airflow/example_dags/example_external_task_marker_dag.py took 0.031 seconds
[2021-04-03 15:43:47,205] {scheduler_job.py:182} INFO - Started process (PID=1205) to work on /home/airflow/.local/lib/python3.6/site-packages/airflow/example_dags/example_external_task_marker_dag.py
[2021-04-03 15:43:47,206] {scheduler_job.py:629} INFO - Processing file /home/airflow/.local/lib/python3.6/site-packages/airflow/example_dags/example_external_task_marker_dag.py for tasks to queue
[2021-04-03 15:43:47,206] {logging_mixin.py:104} INFO - [2021-04-03 15:43:47,206] {dagbag.py:448} INFO - Filling up the DagBag from /home/airflow/.local/lib/python3.6/site-packages/airflow/example_dags/example_external_task_marker_dag.py
[2021-04-03 15:43:47,211] {scheduler_job.py:639} INFO - DAG(s) dict_keys(['example_external_task_marker_parent', 'example_external_task_marker_child']) retrieved from /home/airflow/.local/lib/python3.6/site-packages/airflow/example_dags/example_external_task_marker_dag.py
[2021-04-03 15:43:47,222] {logging_mixin.py:104} INFO - [2021-04-03 15:43:47,222] {dag.py:1818} INFO - Sync 2 DAGs
[2021-04-03 15:43:47,229] {logging_mixin.py:104} INFO - [2021-04-03 15:43:47,229] {dag.py:2273} INFO - Setting next_dagrun for example_external_task_marker_child to None
[2021-04-03 15:43:47,230] {logging_mixin.py:104} INFO - [2021-04-03 15:43:47,230] {dag.py:2273} INFO - Setting next_dagrun for example_external_task_marker_parent to None
[2021-04-03 15:43:47,236] {scheduler_job.py:190} INFO - Processing /home/airflow/.local/lib/python3.6/site-packages/airflow/example_dags/example_external_task_marker_dag.py took 0.032 seconds
[2021-04-03 15:44:17,798] {scheduler_job.py:182} INFO - Started process (PID=1231) to work on /home/airflow/.local/lib/python3.6/site-packages/airflow/example_dags/example_external_task_marker_dag.py
[2021-04-03 15:44:17,798] {scheduler_job.py:629} INFO - Processing file /home/airflow/.local/lib/python3.6/site-packages/airflow/example_dags/example_external_task_marker_dag.py for tasks to queue
[2021-04-03 15:44:17,798] {logging_mixin.py:104} INFO - [2021-04-03 15:44:17,798] {dagbag.py:448} INFO - Filling up the DagBag from /home/airflow/.local/lib/python3.6/site-packages/airflow/example_dags/example_external_task_marker_dag.py
[2021-04-03 15:44:17,803] {scheduler_job.py:639} INFO - DAG(s) dict_keys(['example_external_task_marker_parent', 'example_external_task_marker_child']) retrieved from /home/airflow/.local/lib/python3.6/site-packages/airflow/example_dags/example_external_task_marker_dag.py
[2021-04-03 15:44:17,814] {logging_mixin.py:104} INFO - [2021-04-03 15:44:17,814] {dag.py:1818} INFO - Sync 2 DAGs
[2021-04-03 15:44:17,821] {logging_mixin.py:104} INFO - [2021-04-03 15:44:17,821] {dag.py:2273} INFO - Setting next_dagrun for example_external_task_marker_child to None
[2021-04-03 15:44:17,821] {logging_mixin.py:104} INFO - [2021-04-03 15:44:17,821] {dag.py:2273} INFO - Setting next_dagrun for example_external_task_marker_parent to None
[2021-04-03 15:44:17,827] {scheduler_job.py:190} INFO - Processing /home/airflow/.local/lib/python3.6/site-packages/airflow/example_dags/example_external_task_marker_dag.py took 0.030 seconds
[2021-04-03 15:44:48,384] {scheduler_job.py:182} INFO - Started process (PID=1257) to work on /home/airflow/.local/lib/python3.6/site-packages/airflow/example_dags/example_external_task_marker_dag.py
[2021-04-03 15:44:48,384] {scheduler_job.py:629} INFO - Processing file /home/airflow/.local/lib/python3.6/site-packages/airflow/example_dags/example_external_task_marker_dag.py for tasks to queue
[2021-04-03 15:44:48,385] {logging_mixin.py:104} INFO - [2021-04-03 15:44:48,385] {dagbag.py:448} INFO - Filling up the DagBag from /home/airflow/.local/lib/python3.6/site-packages/airflow/example_dags/example_external_task_marker_dag.py
[2021-04-03 15:44:48,390] {scheduler_job.py:639} INFO - DAG(s) dict_keys(['example_external_task_marker_parent', 'example_external_task_marker_child']) retrieved from /home/airflow/.local/lib/python3.6/site-packages/airflow/example_dags/example_external_task_marker_dag.py
[2021-04-03 15:44:48,403] {logging_mixin.py:104} INFO - [2021-04-03 15:44:48,402] {dag.py:1818} INFO - Sync 2 DAGs
[2021-04-03 15:44:48,410] {logging_mixin.py:104} INFO - [2021-04-03 15:44:48,410] {dag.py:2273} INFO - Setting next_dagrun for example_external_task_marker_child to None
[2021-04-03 15:44:48,410] {logging_mixin.py:104} INFO - [2021-04-03 15:44:48,410] {dag.py:2273} INFO - Setting next_dagrun for example_external_task_marker_parent to None
[2021-04-03 15:44:48,417] {scheduler_job.py:190} INFO - Processing /home/airflow/.local/lib/python3.6/site-packages/airflow/example_dags/example_external_task_marker_dag.py took 0.034 seconds
[2021-04-03 15:45:18,985] {scheduler_job.py:182} INFO - Started process (PID=1283) to work on /home/airflow/.local/lib/python3.6/site-packages/airflow/example_dags/example_external_task_marker_dag.py
[2021-04-03 15:45:18,986] {scheduler_job.py:629} INFO - Processing file /home/airflow/.local/lib/python3.6/site-packages/airflow/example_dags/example_external_task_marker_dag.py for tasks to queue
[2021-04-03 15:45:18,986] {logging_mixin.py:104} INFO - [2021-04-03 15:45:18,986] {dagbag.py:448} INFO - Filling up the DagBag from /home/airflow/.local/lib/python3.6/site-packages/airflow/example_dags/example_external_task_marker_dag.py
[2021-04-03 15:45:18,992] {scheduler_job.py:639} INFO - DAG(s) dict_keys(['example_external_task_marker_parent', 'example_external_task_marker_child']) retrieved from /home/airflow/.local/lib/python3.6/site-packages/airflow/example_dags/example_external_task_marker_dag.py
[2021-04-03 15:45:19,003] {logging_mixin.py:104} INFO - [2021-04-03 15:45:19,003] {dag.py:1818} INFO - Sync 2 DAGs
[2021-04-03 15:45:19,010] {logging_mixin.py:104} INFO - [2021-04-03 15:45:19,010] {dag.py:2273} INFO - Setting next_dagrun for example_external_task_marker_child to None
[2021-04-03 15:45:19,010] {logging_mixin.py:104} INFO - [2021-04-03 15:45:19,010] {dag.py:2273} INFO - Setting next_dagrun for example_external_task_marker_parent to None
[2021-04-03 15:45:19,016] {scheduler_job.py:190} INFO - Processing /home/airflow/.local/lib/python3.6/site-packages/airflow/example_dags/example_external_task_marker_dag.py took 0.032 seconds
[2021-04-03 15:45:49,569] {scheduler_job.py:182} INFO - Started process (PID=1309) to work on /home/airflow/.local/lib/python3.6/site-packages/airflow/example_dags/example_external_task_marker_dag.py
[2021-04-03 15:45:49,569] {scheduler_job.py:629} INFO - Processing file /home/airflow/.local/lib/python3.6/site-packages/airflow/example_dags/example_external_task_marker_dag.py for tasks to queue
[2021-04-03 15:45:49,569] {logging_mixin.py:104} INFO - [2021-04-03 15:45:49,569] {dagbag.py:448} INFO - Filling up the DagBag from /home/airflow/.local/lib/python3.6/site-packages/airflow/example_dags/example_external_task_marker_dag.py
[2021-04-03 15:45:49,575] {scheduler_job.py:639} INFO - DAG(s) dict_keys(['example_external_task_marker_parent', 'example_external_task_marker_child']) retrieved from /home/airflow/.local/lib/python3.6/site-packages/airflow/example_dags/example_external_task_marker_dag.py
[2021-04-03 15:45:49,587] {logging_mixin.py:104} INFO - [2021-04-03 15:45:49,587] {dag.py:1818} INFO - Sync 2 DAGs
[2021-04-03 15:45:49,594] {logging_mixin.py:104} INFO - [2021-04-03 15:45:49,594] {dag.py:2273} INFO - Setting next_dagrun for example_external_task_marker_child to None
[2021-04-03 15:45:49,595] {logging_mixin.py:104} INFO - [2021-04-03 15:45:49,595] {dag.py:2273} INFO - Setting next_dagrun for example_external_task_marker_parent to None
[2021-04-03 15:45:49,602] {scheduler_job.py:190} INFO - Processing /home/airflow/.local/lib/python3.6/site-packages/airflow/example_dags/example_external_task_marker_dag.py took 0.034 seconds
[2021-04-03 15:46:20,132] {scheduler_job.py:182} INFO - Started process (PID=1335) to work on /home/airflow/.local/lib/python3.6/site-packages/airflow/example_dags/example_external_task_marker_dag.py
[2021-04-03 15:46:20,133] {scheduler_job.py:629} INFO - Processing file /home/airflow/.local/lib/python3.6/site-packages/airflow/example_dags/example_external_task_marker_dag.py for tasks to queue
[2021-04-03 15:46:20,133] {logging_mixin.py:104} INFO - [2021-04-03 15:46:20,133] {dagbag.py:448} INFO - Filling up the DagBag from /home/airflow/.local/lib/python3.6/site-packages/airflow/example_dags/example_external_task_marker_dag.py
[2021-04-03 15:46:20,138] {scheduler_job.py:639} INFO - DAG(s) dict_keys(['example_external_task_marker_parent', 'example_external_task_marker_child']) retrieved from /home/airflow/.local/lib/python3.6/site-packages/airflow/example_dags/example_external_task_marker_dag.py
[2021-04-03 15:46:20,151] {logging_mixin.py:104} INFO - [2021-04-03 15:46:20,151] {dag.py:1818} INFO - Sync 2 DAGs
[2021-04-03 15:46:20,158] {logging_mixin.py:104} INFO - [2021-04-03 15:46:20,158] {dag.py:2273} INFO - Setting next_dagrun for example_external_task_marker_child to None
[2021-04-03 15:46:20,158] {logging_mixin.py:104} INFO - [2021-04-03 15:46:20,158] {dag.py:2273} INFO - Setting next_dagrun for example_external_task_marker_parent to None
[2021-04-03 15:46:20,165] {scheduler_job.py:190} INFO - Processing /home/airflow/.local/lib/python3.6/site-packages/airflow/example_dags/example_external_task_marker_dag.py took 0.034 seconds
[2021-04-03 15:46:50,718] {scheduler_job.py:182} INFO - Started process (PID=1361) to work on /home/airflow/.local/lib/python3.6/site-packages/airflow/example_dags/example_external_task_marker_dag.py
[2021-04-03 15:46:50,718] {scheduler_job.py:629} INFO - Processing file /home/airflow/.local/lib/python3.6/site-packages/airflow/example_dags/example_external_task_marker_dag.py for tasks to queue
[2021-04-03 15:46:50,718] {logging_mixin.py:104} INFO - [2021-04-03 15:46:50,718] {dagbag.py:448} INFO - Filling up the DagBag from /home/airflow/.local/lib/python3.6/site-packages/airflow/example_dags/example_external_task_marker_dag.py
[2021-04-03 15:46:50,724] {scheduler_job.py:639} INFO - DAG(s) dict_keys(['example_external_task_marker_parent', 'example_external_task_marker_child']) retrieved from /home/airflow/.local/lib/python3.6/site-packages/airflow/example_dags/example_external_task_marker_dag.py
[2021-04-03 15:46:50,735] {logging_mixin.py:104} INFO - [2021-04-03 15:46:50,735] {dag.py:1818} INFO - Sync 2 DAGs
[2021-04-03 15:46:50,742] {logging_mixin.py:104} INFO - [2021-04-03 15:46:50,742] {dag.py:2273} INFO - Setting next_dagrun for example_external_task_marker_child to None
[2021-04-03 15:46:50,742] {logging_mixin.py:104} INFO - [2021-04-03 15:46:50,742] {dag.py:2273} INFO - Setting next_dagrun for example_external_task_marker_parent to None
[2021-04-03 15:46:50,748] {scheduler_job.py:190} INFO - Processing /home/airflow/.local/lib/python3.6/site-packages/airflow/example_dags/example_external_task_marker_dag.py took 0.031 seconds
[2021-04-03 15:47:21,277] {scheduler_job.py:182} INFO - Started process (PID=1387) to work on /home/airflow/.local/lib/python3.6/site-packages/airflow/example_dags/example_external_task_marker_dag.py
[2021-04-03 15:47:21,278] {scheduler_job.py:629} INFO - Processing file /home/airflow/.local/lib/python3.6/site-packages/airflow/example_dags/example_external_task_marker_dag.py for tasks to queue
[2021-04-03 15:47:21,278] {logging_mixin.py:104} INFO - [2021-04-03 15:47:21,278] {dagbag.py:448} INFO - Filling up the DagBag from /home/airflow/.local/lib/python3.6/site-packages/airflow/example_dags/example_external_task_marker_dag.py
[2021-04-03 15:47:21,283] {scheduler_job.py:639} INFO - DAG(s) dict_keys(['example_external_task_marker_parent', 'example_external_task_marker_child']) retrieved from /home/airflow/.local/lib/python3.6/site-packages/airflow/example_dags/example_external_task_marker_dag.py
[2021-04-03 15:47:21,294] {logging_mixin.py:104} INFO - [2021-04-03 15:47:21,294] {dag.py:1818} INFO - Sync 2 DAGs
[2021-04-03 15:47:21,301] {logging_mixin.py:104} INFO - [2021-04-03 15:47:21,301] {dag.py:2273} INFO - Setting next_dagrun for example_external_task_marker_child to None
[2021-04-03 15:47:21,302] {logging_mixin.py:104} INFO - [2021-04-03 15:47:21,302] {dag.py:2273} INFO - Setting next_dagrun for example_external_task_marker_parent to None
[2021-04-03 15:47:21,308] {scheduler_job.py:190} INFO - Processing /home/airflow/.local/lib/python3.6/site-packages/airflow/example_dags/example_external_task_marker_dag.py took 0.032 seconds
[2021-04-03 15:47:51,859] {scheduler_job.py:182} INFO - Started process (PID=1413) to work on /home/airflow/.local/lib/python3.6/site-packages/airflow/example_dags/example_external_task_marker_dag.py
[2021-04-03 15:47:51,860] {scheduler_job.py:629} INFO - Processing file /home/airflow/.local/lib/python3.6/site-packages/airflow/example_dags/example_external_task_marker_dag.py for tasks to queue
[2021-04-03 15:47:51,860] {logging_mixin.py:104} INFO - [2021-04-03 15:47:51,860] {dagbag.py:448} INFO - Filling up the DagBag from /home/airflow/.local/lib/python3.6/site-packages/airflow/example_dags/example_external_task_marker_dag.py
[2021-04-03 15:47:51,865] {scheduler_job.py:639} INFO - DAG(s) dict_keys(['example_external_task_marker_parent', 'example_external_task_marker_child']) retrieved from /home/airflow/.local/lib/python3.6/site-packages/airflow/example_dags/example_external_task_marker_dag.py
[2021-04-03 15:47:51,877] {logging_mixin.py:104} INFO - [2021-04-03 15:47:51,877] {dag.py:1818} INFO - Sync 2 DAGs
[2021-04-03 15:47:51,884] {logging_mixin.py:104} INFO - [2021-04-03 15:47:51,884] {dag.py:2273} INFO - Setting next_dagrun for example_external_task_marker_child to None
[2021-04-03 15:47:51,884] {logging_mixin.py:104} INFO - [2021-04-03 15:47:51,884] {dag.py:2273} INFO - Setting next_dagrun for example_external_task_marker_parent to None
[2021-04-03 15:47:51,891] {scheduler_job.py:190} INFO - Processing /home/airflow/.local/lib/python3.6/site-packages/airflow/example_dags/example_external_task_marker_dag.py took 0.033 seconds
