[2021-04-03 12:21:06,518] {scheduler_job.py:182} INFO - Started process (PID=46) to work on /home/airflow/.local/lib/python3.6/site-packages/airflow/example_dags/example_latest_only.py
[2021-04-03 12:21:06,518] {scheduler_job.py:629} INFO - Processing file /home/airflow/.local/lib/python3.6/site-packages/airflow/example_dags/example_latest_only.py for tasks to queue
[2021-04-03 12:21:06,519] {logging_mixin.py:104} INFO - [2021-04-03 12:21:06,518] {dagbag.py:448} INFO - Filling up the DagBag from /home/airflow/.local/lib/python3.6/site-packages/airflow/example_dags/example_latest_only.py
[2021-04-03 12:21:06,524] {scheduler_job.py:639} INFO - DAG(s) dict_keys(['latest_only']) retrieved from /home/airflow/.local/lib/python3.6/site-packages/airflow/example_dags/example_latest_only.py
[2021-04-03 12:21:06,536] {logging_mixin.py:104} INFO - [2021-04-03 12:21:06,536] {dag.py:1818} INFO - Sync 1 DAGs
[2021-04-03 12:21:06,543] {logging_mixin.py:104} INFO - [2021-04-03 12:21:06,543] {dag.py:2273} INFO - Setting next_dagrun for latest_only to 2021-04-01 00:00:00+00:00
[2021-04-03 12:21:06,551] {scheduler_job.py:190} INFO - Processing /home/airflow/.local/lib/python3.6/site-packages/airflow/example_dags/example_latest_only.py took 0.034 seconds
[2021-04-03 15:21:20,830] {scheduler_job.py:182} INFO - Started process (PID=72) to work on /home/airflow/.local/lib/python3.6/site-packages/airflow/example_dags/example_latest_only.py
[2021-04-03 15:21:20,831] {scheduler_job.py:629} INFO - Processing file /home/airflow/.local/lib/python3.6/site-packages/airflow/example_dags/example_latest_only.py for tasks to queue
[2021-04-03 15:21:20,831] {logging_mixin.py:104} INFO - [2021-04-03 15:21:20,831] {dagbag.py:448} INFO - Filling up the DagBag from /home/airflow/.local/lib/python3.6/site-packages/airflow/example_dags/example_latest_only.py
[2021-04-03 15:21:20,836] {scheduler_job.py:639} INFO - DAG(s) dict_keys(['latest_only']) retrieved from /home/airflow/.local/lib/python3.6/site-packages/airflow/example_dags/example_latest_only.py
[2021-04-03 15:21:20,846] {logging_mixin.py:104} INFO - [2021-04-03 15:21:20,846] {dag.py:1818} INFO - Sync 1 DAGs
[2021-04-03 15:21:20,853] {logging_mixin.py:104} INFO - [2021-04-03 15:21:20,853] {dag.py:2273} INFO - Setting next_dagrun for latest_only to 2021-04-01 00:00:00+00:00
[2021-04-03 15:21:20,859] {scheduler_job.py:190} INFO - Processing /home/airflow/.local/lib/python3.6/site-packages/airflow/example_dags/example_latest_only.py took 0.031 seconds
[2021-04-03 15:21:51,501] {scheduler_job.py:182} INFO - Started process (PID=98) to work on /home/airflow/.local/lib/python3.6/site-packages/airflow/example_dags/example_latest_only.py
[2021-04-03 15:21:51,501] {scheduler_job.py:629} INFO - Processing file /home/airflow/.local/lib/python3.6/site-packages/airflow/example_dags/example_latest_only.py for tasks to queue
[2021-04-03 15:21:51,502] {logging_mixin.py:104} INFO - [2021-04-03 15:21:51,502] {dagbag.py:448} INFO - Filling up the DagBag from /home/airflow/.local/lib/python3.6/site-packages/airflow/example_dags/example_latest_only.py
[2021-04-03 15:21:51,507] {scheduler_job.py:639} INFO - DAG(s) dict_keys(['latest_only']) retrieved from /home/airflow/.local/lib/python3.6/site-packages/airflow/example_dags/example_latest_only.py
[2021-04-03 15:21:51,516] {logging_mixin.py:104} INFO - [2021-04-03 15:21:51,516] {dag.py:1818} INFO - Sync 1 DAGs
[2021-04-03 15:21:51,524] {logging_mixin.py:104} INFO - [2021-04-03 15:21:51,524] {dag.py:2273} INFO - Setting next_dagrun for latest_only to 2021-04-01 00:00:00+00:00
[2021-04-03 15:21:51,531] {scheduler_job.py:190} INFO - Processing /home/airflow/.local/lib/python3.6/site-packages/airflow/example_dags/example_latest_only.py took 0.031 seconds
[2021-04-03 15:22:22,087] {scheduler_job.py:182} INFO - Started process (PID=124) to work on /home/airflow/.local/lib/python3.6/site-packages/airflow/example_dags/example_latest_only.py
[2021-04-03 15:22:22,088] {scheduler_job.py:629} INFO - Processing file /home/airflow/.local/lib/python3.6/site-packages/airflow/example_dags/example_latest_only.py for tasks to queue
[2021-04-03 15:22:22,088] {logging_mixin.py:104} INFO - [2021-04-03 15:22:22,088] {dagbag.py:448} INFO - Filling up the DagBag from /home/airflow/.local/lib/python3.6/site-packages/airflow/example_dags/example_latest_only.py
[2021-04-03 15:22:22,093] {scheduler_job.py:639} INFO - DAG(s) dict_keys(['latest_only']) retrieved from /home/airflow/.local/lib/python3.6/site-packages/airflow/example_dags/example_latest_only.py
[2021-04-03 15:22:22,102] {logging_mixin.py:104} INFO - [2021-04-03 15:22:22,102] {dag.py:1818} INFO - Sync 1 DAGs
[2021-04-03 15:22:22,109] {logging_mixin.py:104} INFO - [2021-04-03 15:22:22,109] {dag.py:2273} INFO - Setting next_dagrun for latest_only to 2021-04-01 00:00:00+00:00
[2021-04-03 15:22:22,116] {scheduler_job.py:190} INFO - Processing /home/airflow/.local/lib/python3.6/site-packages/airflow/example_dags/example_latest_only.py took 0.030 seconds
[2021-04-03 15:22:52,650] {scheduler_job.py:182} INFO - Started process (PID=150) to work on /home/airflow/.local/lib/python3.6/site-packages/airflow/example_dags/example_latest_only.py
[2021-04-03 15:22:52,651] {scheduler_job.py:629} INFO - Processing file /home/airflow/.local/lib/python3.6/site-packages/airflow/example_dags/example_latest_only.py for tasks to queue
[2021-04-03 15:22:52,651] {logging_mixin.py:104} INFO - [2021-04-03 15:22:52,651] {dagbag.py:448} INFO - Filling up the DagBag from /home/airflow/.local/lib/python3.6/site-packages/airflow/example_dags/example_latest_only.py
[2021-04-03 15:22:52,656] {scheduler_job.py:639} INFO - DAG(s) dict_keys(['latest_only']) retrieved from /home/airflow/.local/lib/python3.6/site-packages/airflow/example_dags/example_latest_only.py
[2021-04-03 15:22:52,665] {logging_mixin.py:104} INFO - [2021-04-03 15:22:52,665] {dag.py:1818} INFO - Sync 1 DAGs
[2021-04-03 15:22:52,672] {logging_mixin.py:104} INFO - [2021-04-03 15:22:52,672] {dag.py:2273} INFO - Setting next_dagrun for latest_only to 2021-04-01 00:00:00+00:00
[2021-04-03 15:22:52,678] {scheduler_job.py:190} INFO - Processing /home/airflow/.local/lib/python3.6/site-packages/airflow/example_dags/example_latest_only.py took 0.029 seconds
[2021-04-03 15:23:23,297] {scheduler_job.py:182} INFO - Started process (PID=176) to work on /home/airflow/.local/lib/python3.6/site-packages/airflow/example_dags/example_latest_only.py
[2021-04-03 15:23:23,298] {scheduler_job.py:629} INFO - Processing file /home/airflow/.local/lib/python3.6/site-packages/airflow/example_dags/example_latest_only.py for tasks to queue
[2021-04-03 15:23:23,298] {logging_mixin.py:104} INFO - [2021-04-03 15:23:23,298] {dagbag.py:448} INFO - Filling up the DagBag from /home/airflow/.local/lib/python3.6/site-packages/airflow/example_dags/example_latest_only.py
[2021-04-03 15:23:23,303] {scheduler_job.py:639} INFO - DAG(s) dict_keys(['latest_only']) retrieved from /home/airflow/.local/lib/python3.6/site-packages/airflow/example_dags/example_latest_only.py
[2021-04-03 15:23:23,312] {logging_mixin.py:104} INFO - [2021-04-03 15:23:23,312] {dag.py:1818} INFO - Sync 1 DAGs
[2021-04-03 15:23:23,319] {logging_mixin.py:104} INFO - [2021-04-03 15:23:23,319] {dag.py:2273} INFO - Setting next_dagrun for latest_only to 2021-04-01 00:00:00+00:00
[2021-04-03 15:23:23,324] {scheduler_job.py:190} INFO - Processing /home/airflow/.local/lib/python3.6/site-packages/airflow/example_dags/example_latest_only.py took 0.028 seconds
[2021-04-03 15:23:53,839] {scheduler_job.py:182} INFO - Started process (PID=202) to work on /home/airflow/.local/lib/python3.6/site-packages/airflow/example_dags/example_latest_only.py
[2021-04-03 15:23:53,840] {scheduler_job.py:629} INFO - Processing file /home/airflow/.local/lib/python3.6/site-packages/airflow/example_dags/example_latest_only.py for tasks to queue
[2021-04-03 15:23:53,840] {logging_mixin.py:104} INFO - [2021-04-03 15:23:53,840] {dagbag.py:448} INFO - Filling up the DagBag from /home/airflow/.local/lib/python3.6/site-packages/airflow/example_dags/example_latest_only.py
[2021-04-03 15:23:53,845] {scheduler_job.py:639} INFO - DAG(s) dict_keys(['latest_only']) retrieved from /home/airflow/.local/lib/python3.6/site-packages/airflow/example_dags/example_latest_only.py
[2021-04-03 15:23:53,854] {logging_mixin.py:104} INFO - [2021-04-03 15:23:53,854] {dag.py:1818} INFO - Sync 1 DAGs
[2021-04-03 15:23:53,861] {logging_mixin.py:104} INFO - [2021-04-03 15:23:53,861] {dag.py:2273} INFO - Setting next_dagrun for latest_only to 2021-04-01 00:00:00+00:00
[2021-04-03 15:23:53,867] {scheduler_job.py:190} INFO - Processing /home/airflow/.local/lib/python3.6/site-packages/airflow/example_dags/example_latest_only.py took 0.029 seconds
[2021-04-03 15:24:24,452] {scheduler_job.py:182} INFO - Started process (PID=228) to work on /home/airflow/.local/lib/python3.6/site-packages/airflow/example_dags/example_latest_only.py
[2021-04-03 15:24:24,452] {scheduler_job.py:629} INFO - Processing file /home/airflow/.local/lib/python3.6/site-packages/airflow/example_dags/example_latest_only.py for tasks to queue
[2021-04-03 15:24:24,452] {logging_mixin.py:104} INFO - [2021-04-03 15:24:24,452] {dagbag.py:448} INFO - Filling up the DagBag from /home/airflow/.local/lib/python3.6/site-packages/airflow/example_dags/example_latest_only.py
[2021-04-03 15:24:24,457] {scheduler_job.py:639} INFO - DAG(s) dict_keys(['latest_only']) retrieved from /home/airflow/.local/lib/python3.6/site-packages/airflow/example_dags/example_latest_only.py
[2021-04-03 15:24:24,467] {logging_mixin.py:104} INFO - [2021-04-03 15:24:24,466] {dag.py:1818} INFO - Sync 1 DAGs
[2021-04-03 15:24:24,474] {logging_mixin.py:104} INFO - [2021-04-03 15:24:24,473] {dag.py:2273} INFO - Setting next_dagrun for latest_only to 2021-04-01 00:00:00+00:00
[2021-04-03 15:24:24,480] {scheduler_job.py:190} INFO - Processing /home/airflow/.local/lib/python3.6/site-packages/airflow/example_dags/example_latest_only.py took 0.029 seconds
[2021-04-03 15:24:55,001] {scheduler_job.py:182} INFO - Started process (PID=254) to work on /home/airflow/.local/lib/python3.6/site-packages/airflow/example_dags/example_latest_only.py
[2021-04-03 15:24:55,001] {scheduler_job.py:629} INFO - Processing file /home/airflow/.local/lib/python3.6/site-packages/airflow/example_dags/example_latest_only.py for tasks to queue
[2021-04-03 15:24:55,001] {logging_mixin.py:104} INFO - [2021-04-03 15:24:55,001] {dagbag.py:448} INFO - Filling up the DagBag from /home/airflow/.local/lib/python3.6/site-packages/airflow/example_dags/example_latest_only.py
[2021-04-03 15:24:55,006] {scheduler_job.py:639} INFO - DAG(s) dict_keys(['latest_only']) retrieved from /home/airflow/.local/lib/python3.6/site-packages/airflow/example_dags/example_latest_only.py
[2021-04-03 15:24:55,016] {logging_mixin.py:104} INFO - [2021-04-03 15:24:55,016] {dag.py:1818} INFO - Sync 1 DAGs
[2021-04-03 15:24:55,022] {logging_mixin.py:104} INFO - [2021-04-03 15:24:55,022] {dag.py:2273} INFO - Setting next_dagrun for latest_only to 2021-04-01 00:00:00+00:00
[2021-04-03 15:24:55,028] {scheduler_job.py:190} INFO - Processing /home/airflow/.local/lib/python3.6/site-packages/airflow/example_dags/example_latest_only.py took 0.029 seconds
[2021-04-03 15:25:25,581] {scheduler_job.py:182} INFO - Started process (PID=280) to work on /home/airflow/.local/lib/python3.6/site-packages/airflow/example_dags/example_latest_only.py
[2021-04-03 15:25:25,581] {scheduler_job.py:629} INFO - Processing file /home/airflow/.local/lib/python3.6/site-packages/airflow/example_dags/example_latest_only.py for tasks to queue
[2021-04-03 15:25:25,581] {logging_mixin.py:104} INFO - [2021-04-03 15:25:25,581] {dagbag.py:448} INFO - Filling up the DagBag from /home/airflow/.local/lib/python3.6/site-packages/airflow/example_dags/example_latest_only.py
[2021-04-03 15:25:25,586] {scheduler_job.py:639} INFO - DAG(s) dict_keys(['latest_only']) retrieved from /home/airflow/.local/lib/python3.6/site-packages/airflow/example_dags/example_latest_only.py
[2021-04-03 15:25:25,595] {logging_mixin.py:104} INFO - [2021-04-03 15:25:25,595] {dag.py:1818} INFO - Sync 1 DAGs
[2021-04-03 15:25:25,602] {logging_mixin.py:104} INFO - [2021-04-03 15:25:25,602] {dag.py:2273} INFO - Setting next_dagrun for latest_only to 2021-04-01 00:00:00+00:00
[2021-04-03 15:25:25,608] {scheduler_job.py:190} INFO - Processing /home/airflow/.local/lib/python3.6/site-packages/airflow/example_dags/example_latest_only.py took 0.028 seconds
[2021-04-03 15:25:56,174] {scheduler_job.py:182} INFO - Started process (PID=306) to work on /home/airflow/.local/lib/python3.6/site-packages/airflow/example_dags/example_latest_only.py
[2021-04-03 15:25:56,175] {scheduler_job.py:629} INFO - Processing file /home/airflow/.local/lib/python3.6/site-packages/airflow/example_dags/example_latest_only.py for tasks to queue
[2021-04-03 15:25:56,175] {logging_mixin.py:104} INFO - [2021-04-03 15:25:56,175] {dagbag.py:448} INFO - Filling up the DagBag from /home/airflow/.local/lib/python3.6/site-packages/airflow/example_dags/example_latest_only.py
[2021-04-03 15:25:56,180] {scheduler_job.py:639} INFO - DAG(s) dict_keys(['latest_only']) retrieved from /home/airflow/.local/lib/python3.6/site-packages/airflow/example_dags/example_latest_only.py
[2021-04-03 15:25:56,189] {logging_mixin.py:104} INFO - [2021-04-03 15:25:56,189] {dag.py:1818} INFO - Sync 1 DAGs
[2021-04-03 15:25:56,196] {logging_mixin.py:104} INFO - [2021-04-03 15:25:56,196] {dag.py:2273} INFO - Setting next_dagrun for latest_only to 2021-04-01 00:00:00+00:00
[2021-04-03 15:25:56,202] {scheduler_job.py:190} INFO - Processing /home/airflow/.local/lib/python3.6/site-packages/airflow/example_dags/example_latest_only.py took 0.029 seconds
[2021-04-03 15:26:26,754] {scheduler_job.py:182} INFO - Started process (PID=332) to work on /home/airflow/.local/lib/python3.6/site-packages/airflow/example_dags/example_latest_only.py
[2021-04-03 15:26:26,755] {scheduler_job.py:629} INFO - Processing file /home/airflow/.local/lib/python3.6/site-packages/airflow/example_dags/example_latest_only.py for tasks to queue
[2021-04-03 15:26:26,755] {logging_mixin.py:104} INFO - [2021-04-03 15:26:26,755] {dagbag.py:448} INFO - Filling up the DagBag from /home/airflow/.local/lib/python3.6/site-packages/airflow/example_dags/example_latest_only.py
[2021-04-03 15:26:26,760] {scheduler_job.py:639} INFO - DAG(s) dict_keys(['latest_only']) retrieved from /home/airflow/.local/lib/python3.6/site-packages/airflow/example_dags/example_latest_only.py
[2021-04-03 15:26:26,769] {logging_mixin.py:104} INFO - [2021-04-03 15:26:26,769] {dag.py:1818} INFO - Sync 1 DAGs
[2021-04-03 15:26:26,777] {logging_mixin.py:104} INFO - [2021-04-03 15:26:26,776] {dag.py:2273} INFO - Setting next_dagrun for latest_only to 2021-04-01 00:00:00+00:00
[2021-04-03 15:26:26,783] {scheduler_job.py:190} INFO - Processing /home/airflow/.local/lib/python3.6/site-packages/airflow/example_dags/example_latest_only.py took 0.030 seconds
[2021-04-03 15:26:57,326] {scheduler_job.py:182} INFO - Started process (PID=358) to work on /home/airflow/.local/lib/python3.6/site-packages/airflow/example_dags/example_latest_only.py
[2021-04-03 15:26:57,327] {scheduler_job.py:629} INFO - Processing file /home/airflow/.local/lib/python3.6/site-packages/airflow/example_dags/example_latest_only.py for tasks to queue
[2021-04-03 15:26:57,327] {logging_mixin.py:104} INFO - [2021-04-03 15:26:57,327] {dagbag.py:448} INFO - Filling up the DagBag from /home/airflow/.local/lib/python3.6/site-packages/airflow/example_dags/example_latest_only.py
[2021-04-03 15:26:57,332] {scheduler_job.py:639} INFO - DAG(s) dict_keys(['latest_only']) retrieved from /home/airflow/.local/lib/python3.6/site-packages/airflow/example_dags/example_latest_only.py
[2021-04-03 15:26:57,342] {logging_mixin.py:104} INFO - [2021-04-03 15:26:57,342] {dag.py:1818} INFO - Sync 1 DAGs
[2021-04-03 15:26:57,350] {logging_mixin.py:104} INFO - [2021-04-03 15:26:57,350] {dag.py:2273} INFO - Setting next_dagrun for latest_only to 2021-04-01 00:00:00+00:00
[2021-04-03 15:26:57,357] {scheduler_job.py:190} INFO - Processing /home/airflow/.local/lib/python3.6/site-packages/airflow/example_dags/example_latest_only.py took 0.032 seconds
[2021-04-03 15:27:27,964] {scheduler_job.py:182} INFO - Started process (PID=384) to work on /home/airflow/.local/lib/python3.6/site-packages/airflow/example_dags/example_latest_only.py
[2021-04-03 15:27:27,964] {scheduler_job.py:629} INFO - Processing file /home/airflow/.local/lib/python3.6/site-packages/airflow/example_dags/example_latest_only.py for tasks to queue
[2021-04-03 15:27:27,965] {logging_mixin.py:104} INFO - [2021-04-03 15:27:27,965] {dagbag.py:448} INFO - Filling up the DagBag from /home/airflow/.local/lib/python3.6/site-packages/airflow/example_dags/example_latest_only.py
[2021-04-03 15:27:27,970] {scheduler_job.py:639} INFO - DAG(s) dict_keys(['latest_only']) retrieved from /home/airflow/.local/lib/python3.6/site-packages/airflow/example_dags/example_latest_only.py
[2021-04-03 15:27:27,979] {logging_mixin.py:104} INFO - [2021-04-03 15:27:27,979] {dag.py:1818} INFO - Sync 1 DAGs
[2021-04-03 15:27:27,986] {logging_mixin.py:104} INFO - [2021-04-03 15:27:27,986] {dag.py:2273} INFO - Setting next_dagrun for latest_only to 2021-04-01 00:00:00+00:00
[2021-04-03 15:27:27,993] {scheduler_job.py:190} INFO - Processing /home/airflow/.local/lib/python3.6/site-packages/airflow/example_dags/example_latest_only.py took 0.030 seconds
[2021-04-03 15:27:58,535] {scheduler_job.py:182} INFO - Started process (PID=410) to work on /home/airflow/.local/lib/python3.6/site-packages/airflow/example_dags/example_latest_only.py
[2021-04-03 15:27:58,536] {scheduler_job.py:629} INFO - Processing file /home/airflow/.local/lib/python3.6/site-packages/airflow/example_dags/example_latest_only.py for tasks to queue
[2021-04-03 15:27:58,536] {logging_mixin.py:104} INFO - [2021-04-03 15:27:58,536] {dagbag.py:448} INFO - Filling up the DagBag from /home/airflow/.local/lib/python3.6/site-packages/airflow/example_dags/example_latest_only.py
[2021-04-03 15:27:58,541] {scheduler_job.py:639} INFO - DAG(s) dict_keys(['latest_only']) retrieved from /home/airflow/.local/lib/python3.6/site-packages/airflow/example_dags/example_latest_only.py
[2021-04-03 15:27:58,550] {logging_mixin.py:104} INFO - [2021-04-03 15:27:58,550] {dag.py:1818} INFO - Sync 1 DAGs
[2021-04-03 15:27:58,557] {logging_mixin.py:104} INFO - [2021-04-03 15:27:58,557] {dag.py:2273} INFO - Setting next_dagrun for latest_only to 2021-04-01 00:00:00+00:00
[2021-04-03 15:27:58,564] {scheduler_job.py:190} INFO - Processing /home/airflow/.local/lib/python3.6/site-packages/airflow/example_dags/example_latest_only.py took 0.030 seconds
[2021-04-03 15:28:29,124] {scheduler_job.py:182} INFO - Started process (PID=436) to work on /home/airflow/.local/lib/python3.6/site-packages/airflow/example_dags/example_latest_only.py
[2021-04-03 15:28:29,124] {scheduler_job.py:629} INFO - Processing file /home/airflow/.local/lib/python3.6/site-packages/airflow/example_dags/example_latest_only.py for tasks to queue
[2021-04-03 15:28:29,124] {logging_mixin.py:104} INFO - [2021-04-03 15:28:29,124] {dagbag.py:448} INFO - Filling up the DagBag from /home/airflow/.local/lib/python3.6/site-packages/airflow/example_dags/example_latest_only.py
[2021-04-03 15:28:29,129] {scheduler_job.py:639} INFO - DAG(s) dict_keys(['latest_only']) retrieved from /home/airflow/.local/lib/python3.6/site-packages/airflow/example_dags/example_latest_only.py
[2021-04-03 15:28:29,138] {logging_mixin.py:104} INFO - [2021-04-03 15:28:29,138] {dag.py:1818} INFO - Sync 1 DAGs
[2021-04-03 15:28:29,146] {logging_mixin.py:104} INFO - [2021-04-03 15:28:29,146] {dag.py:2273} INFO - Setting next_dagrun for latest_only to 2021-04-01 00:00:00+00:00
[2021-04-03 15:28:29,152] {scheduler_job.py:190} INFO - Processing /home/airflow/.local/lib/python3.6/site-packages/airflow/example_dags/example_latest_only.py took 0.030 seconds
[2021-04-03 15:28:59,700] {scheduler_job.py:182} INFO - Started process (PID=462) to work on /home/airflow/.local/lib/python3.6/site-packages/airflow/example_dags/example_latest_only.py
[2021-04-03 15:28:59,700] {scheduler_job.py:629} INFO - Processing file /home/airflow/.local/lib/python3.6/site-packages/airflow/example_dags/example_latest_only.py for tasks to queue
[2021-04-03 15:28:59,700] {logging_mixin.py:104} INFO - [2021-04-03 15:28:59,700] {dagbag.py:448} INFO - Filling up the DagBag from /home/airflow/.local/lib/python3.6/site-packages/airflow/example_dags/example_latest_only.py
[2021-04-03 15:28:59,705] {scheduler_job.py:639} INFO - DAG(s) dict_keys(['latest_only']) retrieved from /home/airflow/.local/lib/python3.6/site-packages/airflow/example_dags/example_latest_only.py
[2021-04-03 15:28:59,714] {logging_mixin.py:104} INFO - [2021-04-03 15:28:59,714] {dag.py:1818} INFO - Sync 1 DAGs
[2021-04-03 15:28:59,722] {logging_mixin.py:104} INFO - [2021-04-03 15:28:59,722] {dag.py:2273} INFO - Setting next_dagrun for latest_only to 2021-04-01 00:00:00+00:00
[2021-04-03 15:28:59,728] {scheduler_job.py:190} INFO - Processing /home/airflow/.local/lib/python3.6/site-packages/airflow/example_dags/example_latest_only.py took 0.030 seconds
[2021-04-03 15:29:30,268] {scheduler_job.py:182} INFO - Started process (PID=488) to work on /home/airflow/.local/lib/python3.6/site-packages/airflow/example_dags/example_latest_only.py
[2021-04-03 15:29:30,268] {scheduler_job.py:629} INFO - Processing file /home/airflow/.local/lib/python3.6/site-packages/airflow/example_dags/example_latest_only.py for tasks to queue
[2021-04-03 15:29:30,269] {logging_mixin.py:104} INFO - [2021-04-03 15:29:30,268] {dagbag.py:448} INFO - Filling up the DagBag from /home/airflow/.local/lib/python3.6/site-packages/airflow/example_dags/example_latest_only.py
[2021-04-03 15:29:30,273] {scheduler_job.py:639} INFO - DAG(s) dict_keys(['latest_only']) retrieved from /home/airflow/.local/lib/python3.6/site-packages/airflow/example_dags/example_latest_only.py
[2021-04-03 15:29:30,283] {logging_mixin.py:104} INFO - [2021-04-03 15:29:30,283] {dag.py:1818} INFO - Sync 1 DAGs
[2021-04-03 15:29:30,291] {logging_mixin.py:104} INFO - [2021-04-03 15:29:30,291] {dag.py:2273} INFO - Setting next_dagrun for latest_only to 2021-04-01 00:00:00+00:00
[2021-04-03 15:29:30,297] {scheduler_job.py:190} INFO - Processing /home/airflow/.local/lib/python3.6/site-packages/airflow/example_dags/example_latest_only.py took 0.031 seconds
[2021-04-03 15:30:00,908] {scheduler_job.py:182} INFO - Started process (PID=514) to work on /home/airflow/.local/lib/python3.6/site-packages/airflow/example_dags/example_latest_only.py
[2021-04-03 15:30:00,908] {scheduler_job.py:629} INFO - Processing file /home/airflow/.local/lib/python3.6/site-packages/airflow/example_dags/example_latest_only.py for tasks to queue
[2021-04-03 15:30:00,909] {logging_mixin.py:104} INFO - [2021-04-03 15:30:00,909] {dagbag.py:448} INFO - Filling up the DagBag from /home/airflow/.local/lib/python3.6/site-packages/airflow/example_dags/example_latest_only.py
[2021-04-03 15:30:00,913] {scheduler_job.py:639} INFO - DAG(s) dict_keys(['latest_only']) retrieved from /home/airflow/.local/lib/python3.6/site-packages/airflow/example_dags/example_latest_only.py
[2021-04-03 15:30:00,923] {logging_mixin.py:104} INFO - [2021-04-03 15:30:00,923] {dag.py:1818} INFO - Sync 1 DAGs
[2021-04-03 15:30:00,931] {logging_mixin.py:104} INFO - [2021-04-03 15:30:00,931] {dag.py:2273} INFO - Setting next_dagrun for latest_only to 2021-04-01 00:00:00+00:00
[2021-04-03 15:30:00,937] {scheduler_job.py:190} INFO - Processing /home/airflow/.local/lib/python3.6/site-packages/airflow/example_dags/example_latest_only.py took 0.030 seconds
[2021-04-03 15:30:31,542] {scheduler_job.py:182} INFO - Started process (PID=540) to work on /home/airflow/.local/lib/python3.6/site-packages/airflow/example_dags/example_latest_only.py
[2021-04-03 15:30:31,542] {scheduler_job.py:629} INFO - Processing file /home/airflow/.local/lib/python3.6/site-packages/airflow/example_dags/example_latest_only.py for tasks to queue
[2021-04-03 15:30:31,542] {logging_mixin.py:104} INFO - [2021-04-03 15:30:31,542] {dagbag.py:448} INFO - Filling up the DagBag from /home/airflow/.local/lib/python3.6/site-packages/airflow/example_dags/example_latest_only.py
[2021-04-03 15:30:31,547] {scheduler_job.py:639} INFO - DAG(s) dict_keys(['latest_only']) retrieved from /home/airflow/.local/lib/python3.6/site-packages/airflow/example_dags/example_latest_only.py
[2021-04-03 15:30:31,557] {logging_mixin.py:104} INFO - [2021-04-03 15:30:31,557] {dag.py:1818} INFO - Sync 1 DAGs
[2021-04-03 15:30:31,565] {logging_mixin.py:104} INFO - [2021-04-03 15:30:31,565] {dag.py:2273} INFO - Setting next_dagrun for latest_only to 2021-04-01 00:00:00+00:00
[2021-04-03 15:30:31,571] {scheduler_job.py:190} INFO - Processing /home/airflow/.local/lib/python3.6/site-packages/airflow/example_dags/example_latest_only.py took 0.031 seconds
[2021-04-03 15:31:02,153] {scheduler_job.py:182} INFO - Started process (PID=566) to work on /home/airflow/.local/lib/python3.6/site-packages/airflow/example_dags/example_latest_only.py
[2021-04-03 15:31:02,153] {scheduler_job.py:629} INFO - Processing file /home/airflow/.local/lib/python3.6/site-packages/airflow/example_dags/example_latest_only.py for tasks to queue
[2021-04-03 15:31:02,154] {logging_mixin.py:104} INFO - [2021-04-03 15:31:02,154] {dagbag.py:448} INFO - Filling up the DagBag from /home/airflow/.local/lib/python3.6/site-packages/airflow/example_dags/example_latest_only.py
[2021-04-03 15:31:02,158] {scheduler_job.py:639} INFO - DAG(s) dict_keys(['latest_only']) retrieved from /home/airflow/.local/lib/python3.6/site-packages/airflow/example_dags/example_latest_only.py
[2021-04-03 15:31:02,168] {logging_mixin.py:104} INFO - [2021-04-03 15:31:02,167] {dag.py:1818} INFO - Sync 1 DAGs
[2021-04-03 15:31:02,175] {logging_mixin.py:104} INFO - [2021-04-03 15:31:02,175] {dag.py:2273} INFO - Setting next_dagrun for latest_only to 2021-04-01 00:00:00+00:00
[2021-04-03 15:31:02,181] {scheduler_job.py:190} INFO - Processing /home/airflow/.local/lib/python3.6/site-packages/airflow/example_dags/example_latest_only.py took 0.030 seconds
[2021-04-03 15:31:32,764] {scheduler_job.py:182} INFO - Started process (PID=592) to work on /home/airflow/.local/lib/python3.6/site-packages/airflow/example_dags/example_latest_only.py
[2021-04-03 15:31:32,765] {scheduler_job.py:629} INFO - Processing file /home/airflow/.local/lib/python3.6/site-packages/airflow/example_dags/example_latest_only.py for tasks to queue
[2021-04-03 15:31:32,765] {logging_mixin.py:104} INFO - [2021-04-03 15:31:32,765] {dagbag.py:448} INFO - Filling up the DagBag from /home/airflow/.local/lib/python3.6/site-packages/airflow/example_dags/example_latest_only.py
[2021-04-03 15:31:32,770] {scheduler_job.py:639} INFO - DAG(s) dict_keys(['latest_only']) retrieved from /home/airflow/.local/lib/python3.6/site-packages/airflow/example_dags/example_latest_only.py
[2021-04-03 15:31:32,780] {logging_mixin.py:104} INFO - [2021-04-03 15:31:32,780] {dag.py:1818} INFO - Sync 1 DAGs
[2021-04-03 15:31:32,788] {logging_mixin.py:104} INFO - [2021-04-03 15:31:32,787] {dag.py:2273} INFO - Setting next_dagrun for latest_only to 2021-04-01 00:00:00+00:00
[2021-04-03 15:31:32,793] {scheduler_job.py:190} INFO - Processing /home/airflow/.local/lib/python3.6/site-packages/airflow/example_dags/example_latest_only.py took 0.030 seconds
[2021-04-03 15:32:03,357] {scheduler_job.py:182} INFO - Started process (PID=618) to work on /home/airflow/.local/lib/python3.6/site-packages/airflow/example_dags/example_latest_only.py
[2021-04-03 15:32:03,358] {scheduler_job.py:629} INFO - Processing file /home/airflow/.local/lib/python3.6/site-packages/airflow/example_dags/example_latest_only.py for tasks to queue
[2021-04-03 15:32:03,358] {logging_mixin.py:104} INFO - [2021-04-03 15:32:03,358] {dagbag.py:448} INFO - Filling up the DagBag from /home/airflow/.local/lib/python3.6/site-packages/airflow/example_dags/example_latest_only.py
[2021-04-03 15:32:03,363] {scheduler_job.py:639} INFO - DAG(s) dict_keys(['latest_only']) retrieved from /home/airflow/.local/lib/python3.6/site-packages/airflow/example_dags/example_latest_only.py
[2021-04-03 15:32:03,373] {logging_mixin.py:104} INFO - [2021-04-03 15:32:03,373] {dag.py:1818} INFO - Sync 1 DAGs
[2021-04-03 15:32:03,380] {logging_mixin.py:104} INFO - [2021-04-03 15:32:03,380] {dag.py:2273} INFO - Setting next_dagrun for latest_only to 2021-04-01 00:00:00+00:00
[2021-04-03 15:32:03,387] {scheduler_job.py:190} INFO - Processing /home/airflow/.local/lib/python3.6/site-packages/airflow/example_dags/example_latest_only.py took 0.031 seconds
[2021-04-03 15:32:33,995] {scheduler_job.py:182} INFO - Started process (PID=644) to work on /home/airflow/.local/lib/python3.6/site-packages/airflow/example_dags/example_latest_only.py
[2021-04-03 15:32:33,995] {scheduler_job.py:629} INFO - Processing file /home/airflow/.local/lib/python3.6/site-packages/airflow/example_dags/example_latest_only.py for tasks to queue
[2021-04-03 15:32:33,996] {logging_mixin.py:104} INFO - [2021-04-03 15:32:33,996] {dagbag.py:448} INFO - Filling up the DagBag from /home/airflow/.local/lib/python3.6/site-packages/airflow/example_dags/example_latest_only.py
[2021-04-03 15:32:34,000] {scheduler_job.py:639} INFO - DAG(s) dict_keys(['latest_only']) retrieved from /home/airflow/.local/lib/python3.6/site-packages/airflow/example_dags/example_latest_only.py
[2021-04-03 15:32:34,012] {logging_mixin.py:104} INFO - [2021-04-03 15:32:34,012] {dag.py:1818} INFO - Sync 1 DAGs
[2021-04-03 15:32:34,020] {logging_mixin.py:104} INFO - [2021-04-03 15:32:34,020] {dag.py:2273} INFO - Setting next_dagrun for latest_only to 2021-04-01 00:00:00+00:00
[2021-04-03 15:32:34,026] {scheduler_job.py:190} INFO - Processing /home/airflow/.local/lib/python3.6/site-packages/airflow/example_dags/example_latest_only.py took 0.033 seconds
[2021-04-03 15:33:04,653] {scheduler_job.py:182} INFO - Started process (PID=670) to work on /home/airflow/.local/lib/python3.6/site-packages/airflow/example_dags/example_latest_only.py
[2021-04-03 15:33:04,653] {scheduler_job.py:629} INFO - Processing file /home/airflow/.local/lib/python3.6/site-packages/airflow/example_dags/example_latest_only.py for tasks to queue
[2021-04-03 15:33:04,654] {logging_mixin.py:104} INFO - [2021-04-03 15:33:04,654] {dagbag.py:448} INFO - Filling up the DagBag from /home/airflow/.local/lib/python3.6/site-packages/airflow/example_dags/example_latest_only.py
[2021-04-03 15:33:04,659] {scheduler_job.py:639} INFO - DAG(s) dict_keys(['latest_only']) retrieved from /home/airflow/.local/lib/python3.6/site-packages/airflow/example_dags/example_latest_only.py
[2021-04-03 15:33:04,669] {logging_mixin.py:104} INFO - [2021-04-03 15:33:04,669] {dag.py:1818} INFO - Sync 1 DAGs
[2021-04-03 15:33:04,676] {logging_mixin.py:104} INFO - [2021-04-03 15:33:04,676] {dag.py:2273} INFO - Setting next_dagrun for latest_only to 2021-04-01 00:00:00+00:00
[2021-04-03 15:33:04,683] {scheduler_job.py:190} INFO - Processing /home/airflow/.local/lib/python3.6/site-packages/airflow/example_dags/example_latest_only.py took 0.031 seconds
[2021-04-03 15:33:35,223] {scheduler_job.py:182} INFO - Started process (PID=696) to work on /home/airflow/.local/lib/python3.6/site-packages/airflow/example_dags/example_latest_only.py
[2021-04-03 15:33:35,224] {scheduler_job.py:629} INFO - Processing file /home/airflow/.local/lib/python3.6/site-packages/airflow/example_dags/example_latest_only.py for tasks to queue
[2021-04-03 15:33:35,224] {logging_mixin.py:104} INFO - [2021-04-03 15:33:35,224] {dagbag.py:448} INFO - Filling up the DagBag from /home/airflow/.local/lib/python3.6/site-packages/airflow/example_dags/example_latest_only.py
[2021-04-03 15:33:35,229] {scheduler_job.py:639} INFO - DAG(s) dict_keys(['latest_only']) retrieved from /home/airflow/.local/lib/python3.6/site-packages/airflow/example_dags/example_latest_only.py
[2021-04-03 15:33:35,239] {logging_mixin.py:104} INFO - [2021-04-03 15:33:35,239] {dag.py:1818} INFO - Sync 1 DAGs
[2021-04-03 15:33:35,246] {logging_mixin.py:104} INFO - [2021-04-03 15:33:35,246] {dag.py:2273} INFO - Setting next_dagrun for latest_only to 2021-04-01 00:00:00+00:00
[2021-04-03 15:33:35,251] {scheduler_job.py:190} INFO - Processing /home/airflow/.local/lib/python3.6/site-packages/airflow/example_dags/example_latest_only.py took 0.029 seconds
[2021-04-03 15:34:05,801] {scheduler_job.py:182} INFO - Started process (PID=722) to work on /home/airflow/.local/lib/python3.6/site-packages/airflow/example_dags/example_latest_only.py
[2021-04-03 15:34:05,802] {scheduler_job.py:629} INFO - Processing file /home/airflow/.local/lib/python3.6/site-packages/airflow/example_dags/example_latest_only.py for tasks to queue
[2021-04-03 15:34:05,802] {logging_mixin.py:104} INFO - [2021-04-03 15:34:05,802] {dagbag.py:448} INFO - Filling up the DagBag from /home/airflow/.local/lib/python3.6/site-packages/airflow/example_dags/example_latest_only.py
[2021-04-03 15:34:05,807] {scheduler_job.py:639} INFO - DAG(s) dict_keys(['latest_only']) retrieved from /home/airflow/.local/lib/python3.6/site-packages/airflow/example_dags/example_latest_only.py
[2021-04-03 15:34:05,817] {logging_mixin.py:104} INFO - [2021-04-03 15:34:05,817] {dag.py:1818} INFO - Sync 1 DAGs
[2021-04-03 15:34:05,824] {logging_mixin.py:104} INFO - [2021-04-03 15:34:05,824] {dag.py:2273} INFO - Setting next_dagrun for latest_only to 2021-04-01 00:00:00+00:00
[2021-04-03 15:34:05,829] {scheduler_job.py:190} INFO - Processing /home/airflow/.local/lib/python3.6/site-packages/airflow/example_dags/example_latest_only.py took 0.029 seconds
[2021-04-03 15:34:36,395] {scheduler_job.py:182} INFO - Started process (PID=748) to work on /home/airflow/.local/lib/python3.6/site-packages/airflow/example_dags/example_latest_only.py
[2021-04-03 15:34:36,395] {scheduler_job.py:629} INFO - Processing file /home/airflow/.local/lib/python3.6/site-packages/airflow/example_dags/example_latest_only.py for tasks to queue
[2021-04-03 15:34:36,395] {logging_mixin.py:104} INFO - [2021-04-03 15:34:36,395] {dagbag.py:448} INFO - Filling up the DagBag from /home/airflow/.local/lib/python3.6/site-packages/airflow/example_dags/example_latest_only.py
[2021-04-03 15:34:36,401] {scheduler_job.py:639} INFO - DAG(s) dict_keys(['latest_only']) retrieved from /home/airflow/.local/lib/python3.6/site-packages/airflow/example_dags/example_latest_only.py
[2021-04-03 15:34:36,410] {logging_mixin.py:104} INFO - [2021-04-03 15:34:36,410] {dag.py:1818} INFO - Sync 1 DAGs
[2021-04-03 15:34:36,417] {logging_mixin.py:104} INFO - [2021-04-03 15:34:36,417] {dag.py:2273} INFO - Setting next_dagrun for latest_only to 2021-04-01 00:00:00+00:00
[2021-04-03 15:34:36,424] {scheduler_job.py:190} INFO - Processing /home/airflow/.local/lib/python3.6/site-packages/airflow/example_dags/example_latest_only.py took 0.030 seconds
[2021-04-03 15:35:06,989] {scheduler_job.py:182} INFO - Started process (PID=774) to work on /home/airflow/.local/lib/python3.6/site-packages/airflow/example_dags/example_latest_only.py
[2021-04-03 15:35:06,989] {scheduler_job.py:629} INFO - Processing file /home/airflow/.local/lib/python3.6/site-packages/airflow/example_dags/example_latest_only.py for tasks to queue
[2021-04-03 15:35:06,989] {logging_mixin.py:104} INFO - [2021-04-03 15:35:06,989] {dagbag.py:448} INFO - Filling up the DagBag from /home/airflow/.local/lib/python3.6/site-packages/airflow/example_dags/example_latest_only.py
[2021-04-03 15:35:06,995] {scheduler_job.py:639} INFO - DAG(s) dict_keys(['latest_only']) retrieved from /home/airflow/.local/lib/python3.6/site-packages/airflow/example_dags/example_latest_only.py
[2021-04-03 15:35:07,004] {logging_mixin.py:104} INFO - [2021-04-03 15:35:07,004] {dag.py:1818} INFO - Sync 1 DAGs
[2021-04-03 15:35:07,011] {logging_mixin.py:104} INFO - [2021-04-03 15:35:07,011] {dag.py:2273} INFO - Setting next_dagrun for latest_only to 2021-04-01 00:00:00+00:00
[2021-04-03 15:35:07,018] {scheduler_job.py:190} INFO - Processing /home/airflow/.local/lib/python3.6/site-packages/airflow/example_dags/example_latest_only.py took 0.030 seconds
[2021-04-03 15:35:37,572] {scheduler_job.py:182} INFO - Started process (PID=800) to work on /home/airflow/.local/lib/python3.6/site-packages/airflow/example_dags/example_latest_only.py
[2021-04-03 15:35:37,573] {scheduler_job.py:629} INFO - Processing file /home/airflow/.local/lib/python3.6/site-packages/airflow/example_dags/example_latest_only.py for tasks to queue
[2021-04-03 15:35:37,573] {logging_mixin.py:104} INFO - [2021-04-03 15:35:37,573] {dagbag.py:448} INFO - Filling up the DagBag from /home/airflow/.local/lib/python3.6/site-packages/airflow/example_dags/example_latest_only.py
[2021-04-03 15:35:37,578] {scheduler_job.py:639} INFO - DAG(s) dict_keys(['latest_only']) retrieved from /home/airflow/.local/lib/python3.6/site-packages/airflow/example_dags/example_latest_only.py
[2021-04-03 15:35:37,588] {logging_mixin.py:104} INFO - [2021-04-03 15:35:37,588] {dag.py:1818} INFO - Sync 1 DAGs
[2021-04-03 15:35:37,595] {logging_mixin.py:104} INFO - [2021-04-03 15:35:37,595] {dag.py:2273} INFO - Setting next_dagrun for latest_only to 2021-04-01 00:00:00+00:00
[2021-04-03 15:35:37,601] {scheduler_job.py:190} INFO - Processing /home/airflow/.local/lib/python3.6/site-packages/airflow/example_dags/example_latest_only.py took 0.030 seconds
[2021-04-03 15:36:08,167] {scheduler_job.py:182} INFO - Started process (PID=826) to work on /home/airflow/.local/lib/python3.6/site-packages/airflow/example_dags/example_latest_only.py
[2021-04-03 15:36:08,167] {scheduler_job.py:629} INFO - Processing file /home/airflow/.local/lib/python3.6/site-packages/airflow/example_dags/example_latest_only.py for tasks to queue
[2021-04-03 15:36:08,167] {logging_mixin.py:104} INFO - [2021-04-03 15:36:08,167] {dagbag.py:448} INFO - Filling up the DagBag from /home/airflow/.local/lib/python3.6/site-packages/airflow/example_dags/example_latest_only.py
[2021-04-03 15:36:08,173] {scheduler_job.py:639} INFO - DAG(s) dict_keys(['latest_only']) retrieved from /home/airflow/.local/lib/python3.6/site-packages/airflow/example_dags/example_latest_only.py
[2021-04-03 15:36:08,182] {logging_mixin.py:104} INFO - [2021-04-03 15:36:08,182] {dag.py:1818} INFO - Sync 1 DAGs
[2021-04-03 15:36:08,189] {logging_mixin.py:104} INFO - [2021-04-03 15:36:08,189] {dag.py:2273} INFO - Setting next_dagrun for latest_only to 2021-04-01 00:00:00+00:00
[2021-04-03 15:36:08,195] {scheduler_job.py:190} INFO - Processing /home/airflow/.local/lib/python3.6/site-packages/airflow/example_dags/example_latest_only.py took 0.029 seconds
[2021-04-03 15:36:38,808] {scheduler_job.py:182} INFO - Started process (PID=852) to work on /home/airflow/.local/lib/python3.6/site-packages/airflow/example_dags/example_latest_only.py
[2021-04-03 15:36:38,808] {scheduler_job.py:629} INFO - Processing file /home/airflow/.local/lib/python3.6/site-packages/airflow/example_dags/example_latest_only.py for tasks to queue
[2021-04-03 15:36:38,809] {logging_mixin.py:104} INFO - [2021-04-03 15:36:38,809] {dagbag.py:448} INFO - Filling up the DagBag from /home/airflow/.local/lib/python3.6/site-packages/airflow/example_dags/example_latest_only.py
[2021-04-03 15:36:38,813] {scheduler_job.py:639} INFO - DAG(s) dict_keys(['latest_only']) retrieved from /home/airflow/.local/lib/python3.6/site-packages/airflow/example_dags/example_latest_only.py
[2021-04-03 15:36:38,823] {logging_mixin.py:104} INFO - [2021-04-03 15:36:38,823] {dag.py:1818} INFO - Sync 1 DAGs
[2021-04-03 15:36:38,830] {logging_mixin.py:104} INFO - [2021-04-03 15:36:38,830] {dag.py:2273} INFO - Setting next_dagrun for latest_only to 2021-04-01 00:00:00+00:00
[2021-04-03 15:36:38,837] {scheduler_job.py:190} INFO - Processing /home/airflow/.local/lib/python3.6/site-packages/airflow/example_dags/example_latest_only.py took 0.030 seconds
[2021-04-03 15:37:09,375] {scheduler_job.py:182} INFO - Started process (PID=878) to work on /home/airflow/.local/lib/python3.6/site-packages/airflow/example_dags/example_latest_only.py
[2021-04-03 15:37:09,375] {scheduler_job.py:629} INFO - Processing file /home/airflow/.local/lib/python3.6/site-packages/airflow/example_dags/example_latest_only.py for tasks to queue
[2021-04-03 15:37:09,375] {logging_mixin.py:104} INFO - [2021-04-03 15:37:09,375] {dagbag.py:448} INFO - Filling up the DagBag from /home/airflow/.local/lib/python3.6/site-packages/airflow/example_dags/example_latest_only.py
[2021-04-03 15:37:09,380] {scheduler_job.py:639} INFO - DAG(s) dict_keys(['latest_only']) retrieved from /home/airflow/.local/lib/python3.6/site-packages/airflow/example_dags/example_latest_only.py
[2021-04-03 15:37:09,390] {logging_mixin.py:104} INFO - [2021-04-03 15:37:09,390] {dag.py:1818} INFO - Sync 1 DAGs
[2021-04-03 15:37:09,397] {logging_mixin.py:104} INFO - [2021-04-03 15:37:09,397] {dag.py:2273} INFO - Setting next_dagrun for latest_only to 2021-04-01 00:00:00+00:00
[2021-04-03 15:37:09,402] {scheduler_job.py:190} INFO - Processing /home/airflow/.local/lib/python3.6/site-packages/airflow/example_dags/example_latest_only.py took 0.029 seconds
[2021-04-03 15:37:39,962] {scheduler_job.py:182} INFO - Started process (PID=904) to work on /home/airflow/.local/lib/python3.6/site-packages/airflow/example_dags/example_latest_only.py
[2021-04-03 15:37:39,962] {scheduler_job.py:629} INFO - Processing file /home/airflow/.local/lib/python3.6/site-packages/airflow/example_dags/example_latest_only.py for tasks to queue
[2021-04-03 15:37:39,962] {logging_mixin.py:104} INFO - [2021-04-03 15:37:39,962] {dagbag.py:448} INFO - Filling up the DagBag from /home/airflow/.local/lib/python3.6/site-packages/airflow/example_dags/example_latest_only.py
[2021-04-03 15:37:39,967] {scheduler_job.py:639} INFO - DAG(s) dict_keys(['latest_only']) retrieved from /home/airflow/.local/lib/python3.6/site-packages/airflow/example_dags/example_latest_only.py
[2021-04-03 15:37:39,977] {logging_mixin.py:104} INFO - [2021-04-03 15:37:39,977] {dag.py:1818} INFO - Sync 1 DAGs
[2021-04-03 15:37:39,984] {logging_mixin.py:104} INFO - [2021-04-03 15:37:39,983] {dag.py:2273} INFO - Setting next_dagrun for latest_only to 2021-04-01 00:00:00+00:00
[2021-04-03 15:37:39,990] {scheduler_job.py:190} INFO - Processing /home/airflow/.local/lib/python3.6/site-packages/airflow/example_dags/example_latest_only.py took 0.029 seconds
[2021-04-03 15:38:10,524] {scheduler_job.py:182} INFO - Started process (PID=930) to work on /home/airflow/.local/lib/python3.6/site-packages/airflow/example_dags/example_latest_only.py
[2021-04-03 15:38:10,524] {scheduler_job.py:629} INFO - Processing file /home/airflow/.local/lib/python3.6/site-packages/airflow/example_dags/example_latest_only.py for tasks to queue
[2021-04-03 15:38:10,525] {logging_mixin.py:104} INFO - [2021-04-03 15:38:10,525] {dagbag.py:448} INFO - Filling up the DagBag from /home/airflow/.local/lib/python3.6/site-packages/airflow/example_dags/example_latest_only.py
[2021-04-03 15:38:10,530] {scheduler_job.py:639} INFO - DAG(s) dict_keys(['latest_only']) retrieved from /home/airflow/.local/lib/python3.6/site-packages/airflow/example_dags/example_latest_only.py
[2021-04-03 15:38:10,539] {logging_mixin.py:104} INFO - [2021-04-03 15:38:10,539] {dag.py:1818} INFO - Sync 1 DAGs
[2021-04-03 15:38:10,546] {logging_mixin.py:104} INFO - [2021-04-03 15:38:10,546] {dag.py:2273} INFO - Setting next_dagrun for latest_only to 2021-04-01 00:00:00+00:00
[2021-04-03 15:38:10,552] {scheduler_job.py:190} INFO - Processing /home/airflow/.local/lib/python3.6/site-packages/airflow/example_dags/example_latest_only.py took 0.030 seconds
[2021-04-03 15:38:41,135] {scheduler_job.py:182} INFO - Started process (PID=956) to work on /home/airflow/.local/lib/python3.6/site-packages/airflow/example_dags/example_latest_only.py
[2021-04-03 15:38:41,135] {scheduler_job.py:629} INFO - Processing file /home/airflow/.local/lib/python3.6/site-packages/airflow/example_dags/example_latest_only.py for tasks to queue
[2021-04-03 15:38:41,136] {logging_mixin.py:104} INFO - [2021-04-03 15:38:41,135] {dagbag.py:448} INFO - Filling up the DagBag from /home/airflow/.local/lib/python3.6/site-packages/airflow/example_dags/example_latest_only.py
[2021-04-03 15:38:41,140] {scheduler_job.py:639} INFO - DAG(s) dict_keys(['latest_only']) retrieved from /home/airflow/.local/lib/python3.6/site-packages/airflow/example_dags/example_latest_only.py
[2021-04-03 15:38:41,149] {logging_mixin.py:104} INFO - [2021-04-03 15:38:41,149] {dag.py:1818} INFO - Sync 1 DAGs
[2021-04-03 15:38:41,156] {logging_mixin.py:104} INFO - [2021-04-03 15:38:41,156] {dag.py:2273} INFO - Setting next_dagrun for latest_only to 2021-04-01 00:00:00+00:00
[2021-04-03 15:38:41,162] {scheduler_job.py:190} INFO - Processing /home/airflow/.local/lib/python3.6/site-packages/airflow/example_dags/example_latest_only.py took 0.029 seconds
[2021-04-03 15:39:11,741] {scheduler_job.py:182} INFO - Started process (PID=982) to work on /home/airflow/.local/lib/python3.6/site-packages/airflow/example_dags/example_latest_only.py
[2021-04-03 15:39:11,741] {scheduler_job.py:629} INFO - Processing file /home/airflow/.local/lib/python3.6/site-packages/airflow/example_dags/example_latest_only.py for tasks to queue
[2021-04-03 15:39:11,741] {logging_mixin.py:104} INFO - [2021-04-03 15:39:11,741] {dagbag.py:448} INFO - Filling up the DagBag from /home/airflow/.local/lib/python3.6/site-packages/airflow/example_dags/example_latest_only.py
[2021-04-03 15:39:11,746] {scheduler_job.py:639} INFO - DAG(s) dict_keys(['latest_only']) retrieved from /home/airflow/.local/lib/python3.6/site-packages/airflow/example_dags/example_latest_only.py
[2021-04-03 15:39:11,756] {logging_mixin.py:104} INFO - [2021-04-03 15:39:11,756] {dag.py:1818} INFO - Sync 1 DAGs
[2021-04-03 15:39:11,762] {logging_mixin.py:104} INFO - [2021-04-03 15:39:11,762] {dag.py:2273} INFO - Setting next_dagrun for latest_only to 2021-04-01 00:00:00+00:00
[2021-04-03 15:39:11,769] {scheduler_job.py:190} INFO - Processing /home/airflow/.local/lib/python3.6/site-packages/airflow/example_dags/example_latest_only.py took 0.030 seconds
[2021-04-03 15:39:42,394] {scheduler_job.py:182} INFO - Started process (PID=1008) to work on /home/airflow/.local/lib/python3.6/site-packages/airflow/example_dags/example_latest_only.py
[2021-04-03 15:39:42,394] {scheduler_job.py:629} INFO - Processing file /home/airflow/.local/lib/python3.6/site-packages/airflow/example_dags/example_latest_only.py for tasks to queue
[2021-04-03 15:39:42,394] {logging_mixin.py:104} INFO - [2021-04-03 15:39:42,394] {dagbag.py:448} INFO - Filling up the DagBag from /home/airflow/.local/lib/python3.6/site-packages/airflow/example_dags/example_latest_only.py
[2021-04-03 15:39:42,399] {scheduler_job.py:639} INFO - DAG(s) dict_keys(['latest_only']) retrieved from /home/airflow/.local/lib/python3.6/site-packages/airflow/example_dags/example_latest_only.py
[2021-04-03 15:39:42,409] {logging_mixin.py:104} INFO - [2021-04-03 15:39:42,409] {dag.py:1818} INFO - Sync 1 DAGs
[2021-04-03 15:39:42,416] {logging_mixin.py:104} INFO - [2021-04-03 15:39:42,416] {dag.py:2273} INFO - Setting next_dagrun for latest_only to 2021-04-01 00:00:00+00:00
[2021-04-03 15:39:42,422] {scheduler_job.py:190} INFO - Processing /home/airflow/.local/lib/python3.6/site-packages/airflow/example_dags/example_latest_only.py took 0.030 seconds
[2021-04-03 15:40:13,001] {scheduler_job.py:182} INFO - Started process (PID=1034) to work on /home/airflow/.local/lib/python3.6/site-packages/airflow/example_dags/example_latest_only.py
[2021-04-03 15:40:13,002] {scheduler_job.py:629} INFO - Processing file /home/airflow/.local/lib/python3.6/site-packages/airflow/example_dags/example_latest_only.py for tasks to queue
[2021-04-03 15:40:13,002] {logging_mixin.py:104} INFO - [2021-04-03 15:40:13,002] {dagbag.py:448} INFO - Filling up the DagBag from /home/airflow/.local/lib/python3.6/site-packages/airflow/example_dags/example_latest_only.py
[2021-04-03 15:40:13,007] {scheduler_job.py:639} INFO - DAG(s) dict_keys(['latest_only']) retrieved from /home/airflow/.local/lib/python3.6/site-packages/airflow/example_dags/example_latest_only.py
[2021-04-03 15:40:13,017] {logging_mixin.py:104} INFO - [2021-04-03 15:40:13,016] {dag.py:1818} INFO - Sync 1 DAGs
[2021-04-03 15:40:13,024] {logging_mixin.py:104} INFO - [2021-04-03 15:40:13,024] {dag.py:2273} INFO - Setting next_dagrun for latest_only to 2021-04-01 00:00:00+00:00
[2021-04-03 15:40:13,029] {scheduler_job.py:190} INFO - Processing /home/airflow/.local/lib/python3.6/site-packages/airflow/example_dags/example_latest_only.py took 0.030 seconds
[2021-04-03 15:40:43,673] {scheduler_job.py:182} INFO - Started process (PID=1060) to work on /home/airflow/.local/lib/python3.6/site-packages/airflow/example_dags/example_latest_only.py
[2021-04-03 15:40:43,673] {scheduler_job.py:629} INFO - Processing file /home/airflow/.local/lib/python3.6/site-packages/airflow/example_dags/example_latest_only.py for tasks to queue
[2021-04-03 15:40:43,674] {logging_mixin.py:104} INFO - [2021-04-03 15:40:43,674] {dagbag.py:448} INFO - Filling up the DagBag from /home/airflow/.local/lib/python3.6/site-packages/airflow/example_dags/example_latest_only.py
[2021-04-03 15:40:43,678] {scheduler_job.py:639} INFO - DAG(s) dict_keys(['latest_only']) retrieved from /home/airflow/.local/lib/python3.6/site-packages/airflow/example_dags/example_latest_only.py
[2021-04-03 15:40:43,688] {logging_mixin.py:104} INFO - [2021-04-03 15:40:43,688] {dag.py:1818} INFO - Sync 1 DAGs
[2021-04-03 15:40:43,695] {logging_mixin.py:104} INFO - [2021-04-03 15:40:43,695] {dag.py:2273} INFO - Setting next_dagrun for latest_only to 2021-04-01 00:00:00+00:00
[2021-04-03 15:40:43,701] {scheduler_job.py:190} INFO - Processing /home/airflow/.local/lib/python3.6/site-packages/airflow/example_dags/example_latest_only.py took 0.029 seconds
[2021-04-03 15:41:14,277] {scheduler_job.py:182} INFO - Started process (PID=1086) to work on /home/airflow/.local/lib/python3.6/site-packages/airflow/example_dags/example_latest_only.py
[2021-04-03 15:41:14,277] {scheduler_job.py:629} INFO - Processing file /home/airflow/.local/lib/python3.6/site-packages/airflow/example_dags/example_latest_only.py for tasks to queue
[2021-04-03 15:41:14,278] {logging_mixin.py:104} INFO - [2021-04-03 15:41:14,277] {dagbag.py:448} INFO - Filling up the DagBag from /home/airflow/.local/lib/python3.6/site-packages/airflow/example_dags/example_latest_only.py
[2021-04-03 15:41:14,282] {scheduler_job.py:639} INFO - DAG(s) dict_keys(['latest_only']) retrieved from /home/airflow/.local/lib/python3.6/site-packages/airflow/example_dags/example_latest_only.py
[2021-04-03 15:41:14,292] {logging_mixin.py:104} INFO - [2021-04-03 15:41:14,292] {dag.py:1818} INFO - Sync 1 DAGs
[2021-04-03 15:41:14,298] {logging_mixin.py:104} INFO - [2021-04-03 15:41:14,298] {dag.py:2273} INFO - Setting next_dagrun for latest_only to 2021-04-01 00:00:00+00:00
[2021-04-03 15:41:14,305] {scheduler_job.py:190} INFO - Processing /home/airflow/.local/lib/python3.6/site-packages/airflow/example_dags/example_latest_only.py took 0.029 seconds
[2021-04-03 15:41:44,943] {scheduler_job.py:182} INFO - Started process (PID=1112) to work on /home/airflow/.local/lib/python3.6/site-packages/airflow/example_dags/example_latest_only.py
[2021-04-03 15:41:44,944] {scheduler_job.py:629} INFO - Processing file /home/airflow/.local/lib/python3.6/site-packages/airflow/example_dags/example_latest_only.py for tasks to queue
[2021-04-03 15:41:44,944] {logging_mixin.py:104} INFO - [2021-04-03 15:41:44,944] {dagbag.py:448} INFO - Filling up the DagBag from /home/airflow/.local/lib/python3.6/site-packages/airflow/example_dags/example_latest_only.py
[2021-04-03 15:41:44,949] {scheduler_job.py:639} INFO - DAG(s) dict_keys(['latest_only']) retrieved from /home/airflow/.local/lib/python3.6/site-packages/airflow/example_dags/example_latest_only.py
[2021-04-03 15:41:44,958] {logging_mixin.py:104} INFO - [2021-04-03 15:41:44,958] {dag.py:1818} INFO - Sync 1 DAGs
[2021-04-03 15:41:44,965] {logging_mixin.py:104} INFO - [2021-04-03 15:41:44,965] {dag.py:2273} INFO - Setting next_dagrun for latest_only to 2021-04-01 00:00:00+00:00
[2021-04-03 15:41:44,971] {scheduler_job.py:190} INFO - Processing /home/airflow/.local/lib/python3.6/site-packages/airflow/example_dags/example_latest_only.py took 0.029 seconds
[2021-04-03 15:42:15,582] {scheduler_job.py:182} INFO - Started process (PID=1138) to work on /home/airflow/.local/lib/python3.6/site-packages/airflow/example_dags/example_latest_only.py
[2021-04-03 15:42:15,582] {scheduler_job.py:629} INFO - Processing file /home/airflow/.local/lib/python3.6/site-packages/airflow/example_dags/example_latest_only.py for tasks to queue
[2021-04-03 15:42:15,582] {logging_mixin.py:104} INFO - [2021-04-03 15:42:15,582] {dagbag.py:448} INFO - Filling up the DagBag from /home/airflow/.local/lib/python3.6/site-packages/airflow/example_dags/example_latest_only.py
[2021-04-03 15:42:15,587] {scheduler_job.py:639} INFO - DAG(s) dict_keys(['latest_only']) retrieved from /home/airflow/.local/lib/python3.6/site-packages/airflow/example_dags/example_latest_only.py
[2021-04-03 15:42:15,597] {logging_mixin.py:104} INFO - [2021-04-03 15:42:15,597] {dag.py:1818} INFO - Sync 1 DAGs
[2021-04-03 15:42:15,604] {logging_mixin.py:104} INFO - [2021-04-03 15:42:15,604] {dag.py:2273} INFO - Setting next_dagrun for latest_only to 2021-04-01 00:00:00+00:00
[2021-04-03 15:42:15,610] {scheduler_job.py:190} INFO - Processing /home/airflow/.local/lib/python3.6/site-packages/airflow/example_dags/example_latest_only.py took 0.030 seconds
[2021-04-03 15:42:46,234] {scheduler_job.py:182} INFO - Started process (PID=1164) to work on /home/airflow/.local/lib/python3.6/site-packages/airflow/example_dags/example_latest_only.py
[2021-04-03 15:42:46,235] {scheduler_job.py:629} INFO - Processing file /home/airflow/.local/lib/python3.6/site-packages/airflow/example_dags/example_latest_only.py for tasks to queue
[2021-04-03 15:42:46,235] {logging_mixin.py:104} INFO - [2021-04-03 15:42:46,235] {dagbag.py:448} INFO - Filling up the DagBag from /home/airflow/.local/lib/python3.6/site-packages/airflow/example_dags/example_latest_only.py
[2021-04-03 15:42:46,240] {scheduler_job.py:639} INFO - DAG(s) dict_keys(['latest_only']) retrieved from /home/airflow/.local/lib/python3.6/site-packages/airflow/example_dags/example_latest_only.py
[2021-04-03 15:42:46,250] {logging_mixin.py:104} INFO - [2021-04-03 15:42:46,250] {dag.py:1818} INFO - Sync 1 DAGs
[2021-04-03 15:42:46,257] {logging_mixin.py:104} INFO - [2021-04-03 15:42:46,257] {dag.py:2273} INFO - Setting next_dagrun for latest_only to 2021-04-01 00:00:00+00:00
[2021-04-03 15:42:46,262] {scheduler_job.py:190} INFO - Processing /home/airflow/.local/lib/python3.6/site-packages/airflow/example_dags/example_latest_only.py took 0.030 seconds
[2021-04-03 15:43:16,804] {scheduler_job.py:182} INFO - Started process (PID=1190) to work on /home/airflow/.local/lib/python3.6/site-packages/airflow/example_dags/example_latest_only.py
[2021-04-03 15:43:16,805] {scheduler_job.py:629} INFO - Processing file /home/airflow/.local/lib/python3.6/site-packages/airflow/example_dags/example_latest_only.py for tasks to queue
[2021-04-03 15:43:16,805] {logging_mixin.py:104} INFO - [2021-04-03 15:43:16,805] {dagbag.py:448} INFO - Filling up the DagBag from /home/airflow/.local/lib/python3.6/site-packages/airflow/example_dags/example_latest_only.py
[2021-04-03 15:43:16,810] {scheduler_job.py:639} INFO - DAG(s) dict_keys(['latest_only']) retrieved from /home/airflow/.local/lib/python3.6/site-packages/airflow/example_dags/example_latest_only.py
[2021-04-03 15:43:16,819] {logging_mixin.py:104} INFO - [2021-04-03 15:43:16,819] {dag.py:1818} INFO - Sync 1 DAGs
[2021-04-03 15:43:16,826] {logging_mixin.py:104} INFO - [2021-04-03 15:43:16,826] {dag.py:2273} INFO - Setting next_dagrun for latest_only to 2021-04-01 00:00:00+00:00
[2021-04-03 15:43:16,832] {scheduler_job.py:190} INFO - Processing /home/airflow/.local/lib/python3.6/site-packages/airflow/example_dags/example_latest_only.py took 0.030 seconds
[2021-04-03 15:43:47,391] {scheduler_job.py:182} INFO - Started process (PID=1216) to work on /home/airflow/.local/lib/python3.6/site-packages/airflow/example_dags/example_latest_only.py
[2021-04-03 15:43:47,391] {scheduler_job.py:629} INFO - Processing file /home/airflow/.local/lib/python3.6/site-packages/airflow/example_dags/example_latest_only.py for tasks to queue
[2021-04-03 15:43:47,392] {logging_mixin.py:104} INFO - [2021-04-03 15:43:47,392] {dagbag.py:448} INFO - Filling up the DagBag from /home/airflow/.local/lib/python3.6/site-packages/airflow/example_dags/example_latest_only.py
[2021-04-03 15:43:47,396] {scheduler_job.py:639} INFO - DAG(s) dict_keys(['latest_only']) retrieved from /home/airflow/.local/lib/python3.6/site-packages/airflow/example_dags/example_latest_only.py
[2021-04-03 15:43:47,406] {logging_mixin.py:104} INFO - [2021-04-03 15:43:47,406] {dag.py:1818} INFO - Sync 1 DAGs
[2021-04-03 15:43:47,413] {logging_mixin.py:104} INFO - [2021-04-03 15:43:47,413] {dag.py:2273} INFO - Setting next_dagrun for latest_only to 2021-04-01 00:00:00+00:00
[2021-04-03 15:43:47,419] {scheduler_job.py:190} INFO - Processing /home/airflow/.local/lib/python3.6/site-packages/airflow/example_dags/example_latest_only.py took 0.030 seconds
[2021-04-03 15:44:18,022] {scheduler_job.py:182} INFO - Started process (PID=1242) to work on /home/airflow/.local/lib/python3.6/site-packages/airflow/example_dags/example_latest_only.py
[2021-04-03 15:44:18,022] {scheduler_job.py:629} INFO - Processing file /home/airflow/.local/lib/python3.6/site-packages/airflow/example_dags/example_latest_only.py for tasks to queue
[2021-04-03 15:44:18,023] {logging_mixin.py:104} INFO - [2021-04-03 15:44:18,023] {dagbag.py:448} INFO - Filling up the DagBag from /home/airflow/.local/lib/python3.6/site-packages/airflow/example_dags/example_latest_only.py
[2021-04-03 15:44:18,027] {scheduler_job.py:639} INFO - DAG(s) dict_keys(['latest_only']) retrieved from /home/airflow/.local/lib/python3.6/site-packages/airflow/example_dags/example_latest_only.py
[2021-04-03 15:44:18,037] {logging_mixin.py:104} INFO - [2021-04-03 15:44:18,037] {dag.py:1818} INFO - Sync 1 DAGs
[2021-04-03 15:44:18,044] {logging_mixin.py:104} INFO - [2021-04-03 15:44:18,044] {dag.py:2273} INFO - Setting next_dagrun for latest_only to 2021-04-01 00:00:00+00:00
[2021-04-03 15:44:18,050] {scheduler_job.py:190} INFO - Processing /home/airflow/.local/lib/python3.6/site-packages/airflow/example_dags/example_latest_only.py took 0.029 seconds
[2021-04-03 15:44:48,570] {scheduler_job.py:182} INFO - Started process (PID=1268) to work on /home/airflow/.local/lib/python3.6/site-packages/airflow/example_dags/example_latest_only.py
[2021-04-03 15:44:48,570] {scheduler_job.py:629} INFO - Processing file /home/airflow/.local/lib/python3.6/site-packages/airflow/example_dags/example_latest_only.py for tasks to queue
[2021-04-03 15:44:48,571] {logging_mixin.py:104} INFO - [2021-04-03 15:44:48,571] {dagbag.py:448} INFO - Filling up the DagBag from /home/airflow/.local/lib/python3.6/site-packages/airflow/example_dags/example_latest_only.py
[2021-04-03 15:44:48,575] {scheduler_job.py:639} INFO - DAG(s) dict_keys(['latest_only']) retrieved from /home/airflow/.local/lib/python3.6/site-packages/airflow/example_dags/example_latest_only.py
[2021-04-03 15:44:48,585] {logging_mixin.py:104} INFO - [2021-04-03 15:44:48,585] {dag.py:1818} INFO - Sync 1 DAGs
[2021-04-03 15:44:48,592] {logging_mixin.py:104} INFO - [2021-04-03 15:44:48,592] {dag.py:2273} INFO - Setting next_dagrun for latest_only to 2021-04-01 00:00:00+00:00
[2021-04-03 15:44:48,597] {scheduler_job.py:190} INFO - Processing /home/airflow/.local/lib/python3.6/site-packages/airflow/example_dags/example_latest_only.py took 0.029 seconds
[2021-04-03 15:45:19,169] {scheduler_job.py:182} INFO - Started process (PID=1294) to work on /home/airflow/.local/lib/python3.6/site-packages/airflow/example_dags/example_latest_only.py
[2021-04-03 15:45:19,170] {scheduler_job.py:629} INFO - Processing file /home/airflow/.local/lib/python3.6/site-packages/airflow/example_dags/example_latest_only.py for tasks to queue
[2021-04-03 15:45:19,170] {logging_mixin.py:104} INFO - [2021-04-03 15:45:19,170] {dagbag.py:448} INFO - Filling up the DagBag from /home/airflow/.local/lib/python3.6/site-packages/airflow/example_dags/example_latest_only.py
[2021-04-03 15:45:19,175] {scheduler_job.py:639} INFO - DAG(s) dict_keys(['latest_only']) retrieved from /home/airflow/.local/lib/python3.6/site-packages/airflow/example_dags/example_latest_only.py
[2021-04-03 15:45:19,184] {logging_mixin.py:104} INFO - [2021-04-03 15:45:19,184] {dag.py:1818} INFO - Sync 1 DAGs
[2021-04-03 15:45:19,191] {logging_mixin.py:104} INFO - [2021-04-03 15:45:19,191] {dag.py:2273} INFO - Setting next_dagrun for latest_only to 2021-04-01 00:00:00+00:00
[2021-04-03 15:45:19,197] {scheduler_job.py:190} INFO - Processing /home/airflow/.local/lib/python3.6/site-packages/airflow/example_dags/example_latest_only.py took 0.029 seconds
[2021-04-03 15:45:49,755] {scheduler_job.py:182} INFO - Started process (PID=1320) to work on /home/airflow/.local/lib/python3.6/site-packages/airflow/example_dags/example_latest_only.py
[2021-04-03 15:45:49,755] {scheduler_job.py:629} INFO - Processing file /home/airflow/.local/lib/python3.6/site-packages/airflow/example_dags/example_latest_only.py for tasks to queue
[2021-04-03 15:45:49,756] {logging_mixin.py:104} INFO - [2021-04-03 15:45:49,756] {dagbag.py:448} INFO - Filling up the DagBag from /home/airflow/.local/lib/python3.6/site-packages/airflow/example_dags/example_latest_only.py
[2021-04-03 15:45:49,760] {scheduler_job.py:639} INFO - DAG(s) dict_keys(['latest_only']) retrieved from /home/airflow/.local/lib/python3.6/site-packages/airflow/example_dags/example_latest_only.py
[2021-04-03 15:45:49,770] {logging_mixin.py:104} INFO - [2021-04-03 15:45:49,770] {dag.py:1818} INFO - Sync 1 DAGs
[2021-04-03 15:45:49,777] {logging_mixin.py:104} INFO - [2021-04-03 15:45:49,777] {dag.py:2273} INFO - Setting next_dagrun for latest_only to 2021-04-01 00:00:00+00:00
[2021-04-03 15:45:49,783] {scheduler_job.py:190} INFO - Processing /home/airflow/.local/lib/python3.6/site-packages/airflow/example_dags/example_latest_only.py took 0.029 seconds
[2021-04-03 15:46:20,321] {scheduler_job.py:182} INFO - Started process (PID=1346) to work on /home/airflow/.local/lib/python3.6/site-packages/airflow/example_dags/example_latest_only.py
[2021-04-03 15:46:20,322] {scheduler_job.py:629} INFO - Processing file /home/airflow/.local/lib/python3.6/site-packages/airflow/example_dags/example_latest_only.py for tasks to queue
[2021-04-03 15:46:20,322] {logging_mixin.py:104} INFO - [2021-04-03 15:46:20,322] {dagbag.py:448} INFO - Filling up the DagBag from /home/airflow/.local/lib/python3.6/site-packages/airflow/example_dags/example_latest_only.py
[2021-04-03 15:46:20,327] {scheduler_job.py:639} INFO - DAG(s) dict_keys(['latest_only']) retrieved from /home/airflow/.local/lib/python3.6/site-packages/airflow/example_dags/example_latest_only.py
[2021-04-03 15:46:20,336] {logging_mixin.py:104} INFO - [2021-04-03 15:46:20,336] {dag.py:1818} INFO - Sync 1 DAGs
[2021-04-03 15:46:20,344] {logging_mixin.py:104} INFO - [2021-04-03 15:46:20,344] {dag.py:2273} INFO - Setting next_dagrun for latest_only to 2021-04-01 00:00:00+00:00
[2021-04-03 15:46:20,350] {scheduler_job.py:190} INFO - Processing /home/airflow/.local/lib/python3.6/site-packages/airflow/example_dags/example_latest_only.py took 0.030 seconds
[2021-04-03 15:46:50,902] {scheduler_job.py:182} INFO - Started process (PID=1372) to work on /home/airflow/.local/lib/python3.6/site-packages/airflow/example_dags/example_latest_only.py
[2021-04-03 15:46:50,902] {scheduler_job.py:629} INFO - Processing file /home/airflow/.local/lib/python3.6/site-packages/airflow/example_dags/example_latest_only.py for tasks to queue
[2021-04-03 15:46:50,902] {logging_mixin.py:104} INFO - [2021-04-03 15:46:50,902] {dagbag.py:448} INFO - Filling up the DagBag from /home/airflow/.local/lib/python3.6/site-packages/airflow/example_dags/example_latest_only.py
[2021-04-03 15:46:50,907] {scheduler_job.py:639} INFO - DAG(s) dict_keys(['latest_only']) retrieved from /home/airflow/.local/lib/python3.6/site-packages/airflow/example_dags/example_latest_only.py
[2021-04-03 15:46:50,917] {logging_mixin.py:104} INFO - [2021-04-03 15:46:50,917] {dag.py:1818} INFO - Sync 1 DAGs
[2021-04-03 15:46:50,923] {logging_mixin.py:104} INFO - [2021-04-03 15:46:50,923] {dag.py:2273} INFO - Setting next_dagrun for latest_only to 2021-04-01 00:00:00+00:00
[2021-04-03 15:46:50,930] {scheduler_job.py:190} INFO - Processing /home/airflow/.local/lib/python3.6/site-packages/airflow/example_dags/example_latest_only.py took 0.029 seconds
[2021-04-03 15:47:21,464] {scheduler_job.py:182} INFO - Started process (PID=1398) to work on /home/airflow/.local/lib/python3.6/site-packages/airflow/example_dags/example_latest_only.py
[2021-04-03 15:47:21,465] {scheduler_job.py:629} INFO - Processing file /home/airflow/.local/lib/python3.6/site-packages/airflow/example_dags/example_latest_only.py for tasks to queue
[2021-04-03 15:47:21,465] {logging_mixin.py:104} INFO - [2021-04-03 15:47:21,465] {dagbag.py:448} INFO - Filling up the DagBag from /home/airflow/.local/lib/python3.6/site-packages/airflow/example_dags/example_latest_only.py
[2021-04-03 15:47:21,470] {scheduler_job.py:639} INFO - DAG(s) dict_keys(['latest_only']) retrieved from /home/airflow/.local/lib/python3.6/site-packages/airflow/example_dags/example_latest_only.py
[2021-04-03 15:47:21,479] {logging_mixin.py:104} INFO - [2021-04-03 15:47:21,479] {dag.py:1818} INFO - Sync 1 DAGs
[2021-04-03 15:47:21,486] {logging_mixin.py:104} INFO - [2021-04-03 15:47:21,486] {dag.py:2273} INFO - Setting next_dagrun for latest_only to 2021-04-01 00:00:00+00:00
[2021-04-03 15:47:21,493] {scheduler_job.py:190} INFO - Processing /home/airflow/.local/lib/python3.6/site-packages/airflow/example_dags/example_latest_only.py took 0.030 seconds
[2021-04-03 15:47:52,060] {scheduler_job.py:182} INFO - Started process (PID=1424) to work on /home/airflow/.local/lib/python3.6/site-packages/airflow/example_dags/example_latest_only.py
[2021-04-03 15:47:52,060] {scheduler_job.py:629} INFO - Processing file /home/airflow/.local/lib/python3.6/site-packages/airflow/example_dags/example_latest_only.py for tasks to queue
[2021-04-03 15:47:52,061] {logging_mixin.py:104} INFO - [2021-04-03 15:47:52,061] {dagbag.py:448} INFO - Filling up the DagBag from /home/airflow/.local/lib/python3.6/site-packages/airflow/example_dags/example_latest_only.py
[2021-04-03 15:47:52,065] {scheduler_job.py:639} INFO - DAG(s) dict_keys(['latest_only']) retrieved from /home/airflow/.local/lib/python3.6/site-packages/airflow/example_dags/example_latest_only.py
[2021-04-03 15:47:52,075] {logging_mixin.py:104} INFO - [2021-04-03 15:47:52,074] {dag.py:1818} INFO - Sync 1 DAGs
[2021-04-03 15:47:52,081] {logging_mixin.py:104} INFO - [2021-04-03 15:47:52,081] {dag.py:2273} INFO - Setting next_dagrun for latest_only to 2021-04-01 00:00:00+00:00
[2021-04-03 15:47:52,088] {scheduler_job.py:190} INFO - Processing /home/airflow/.local/lib/python3.6/site-packages/airflow/example_dags/example_latest_only.py took 0.029 seconds
