[2021-04-01 00:00:01,772] {scheduler_job.py:182} INFO - Started process (PID=124) to work on /home/airflow/.local/lib/python3.6/site-packages/airflow/example_dags/example_latest_only.py
[2021-04-01 00:00:01,772] {scheduler_job.py:629} INFO - Processing file /home/airflow/.local/lib/python3.6/site-packages/airflow/example_dags/example_latest_only.py for tasks to queue
[2021-04-01 00:00:01,772] {logging_mixin.py:104} INFO - [2021-04-01 00:00:01,772] {dagbag.py:448} INFO - Filling up the DagBag from /home/airflow/.local/lib/python3.6/site-packages/airflow/example_dags/example_latest_only.py
[2021-04-01 00:00:01,777] {scheduler_job.py:639} INFO - DAG(s) dict_keys(['latest_only']) retrieved from /home/airflow/.local/lib/python3.6/site-packages/airflow/example_dags/example_latest_only.py
[2021-04-01 00:00:01,789] {logging_mixin.py:104} INFO - [2021-04-01 00:00:01,789] {dag.py:1818} INFO - Sync 1 DAGs
[2021-04-01 00:00:01,796] {logging_mixin.py:104} INFO - [2021-04-01 00:00:01,796] {dag.py:2273} INFO - Setting next_dagrun for latest_only to 2021-03-30 00:00:00+00:00
[2021-04-01 00:00:01,803] {scheduler_job.py:190} INFO - Processing /home/airflow/.local/lib/python3.6/site-packages/airflow/example_dags/example_latest_only.py took 0.033 seconds
[2021-04-01 00:00:32,441] {scheduler_job.py:182} INFO - Started process (PID=150) to work on /home/airflow/.local/lib/python3.6/site-packages/airflow/example_dags/example_latest_only.py
[2021-04-01 00:00:32,441] {scheduler_job.py:629} INFO - Processing file /home/airflow/.local/lib/python3.6/site-packages/airflow/example_dags/example_latest_only.py for tasks to queue
[2021-04-01 00:00:32,441] {logging_mixin.py:104} INFO - [2021-04-01 00:00:32,441] {dagbag.py:448} INFO - Filling up the DagBag from /home/airflow/.local/lib/python3.6/site-packages/airflow/example_dags/example_latest_only.py
[2021-04-01 00:00:32,446] {scheduler_job.py:639} INFO - DAG(s) dict_keys(['latest_only']) retrieved from /home/airflow/.local/lib/python3.6/site-packages/airflow/example_dags/example_latest_only.py
[2021-04-01 00:00:32,457] {logging_mixin.py:104} INFO - [2021-04-01 00:00:32,457] {dag.py:1818} INFO - Sync 1 DAGs
[2021-04-01 00:00:32,464] {logging_mixin.py:104} INFO - [2021-04-01 00:00:32,464] {dag.py:2273} INFO - Setting next_dagrun for latest_only to 2021-03-30 00:00:00+00:00
[2021-04-01 00:00:32,470] {scheduler_job.py:190} INFO - Processing /home/airflow/.local/lib/python3.6/site-packages/airflow/example_dags/example_latest_only.py took 0.031 seconds
[2021-04-01 00:01:03,096] {scheduler_job.py:182} INFO - Started process (PID=176) to work on /home/airflow/.local/lib/python3.6/site-packages/airflow/example_dags/example_latest_only.py
[2021-04-01 00:01:03,097] {scheduler_job.py:629} INFO - Processing file /home/airflow/.local/lib/python3.6/site-packages/airflow/example_dags/example_latest_only.py for tasks to queue
[2021-04-01 00:01:03,097] {logging_mixin.py:104} INFO - [2021-04-01 00:01:03,097] {dagbag.py:448} INFO - Filling up the DagBag from /home/airflow/.local/lib/python3.6/site-packages/airflow/example_dags/example_latest_only.py
[2021-04-01 00:01:03,102] {scheduler_job.py:639} INFO - DAG(s) dict_keys(['latest_only']) retrieved from /home/airflow/.local/lib/python3.6/site-packages/airflow/example_dags/example_latest_only.py
[2021-04-01 00:01:03,112] {logging_mixin.py:104} INFO - [2021-04-01 00:01:03,112] {dag.py:1818} INFO - Sync 1 DAGs
[2021-04-01 00:01:03,120] {logging_mixin.py:104} INFO - [2021-04-01 00:01:03,120] {dag.py:2273} INFO - Setting next_dagrun for latest_only to 2021-03-30 00:00:00+00:00
[2021-04-01 00:01:03,126] {scheduler_job.py:190} INFO - Processing /home/airflow/.local/lib/python3.6/site-packages/airflow/example_dags/example_latest_only.py took 0.031 seconds
[2021-04-01 00:01:33,761] {scheduler_job.py:182} INFO - Started process (PID=202) to work on /home/airflow/.local/lib/python3.6/site-packages/airflow/example_dags/example_latest_only.py
[2021-04-01 00:01:33,761] {scheduler_job.py:629} INFO - Processing file /home/airflow/.local/lib/python3.6/site-packages/airflow/example_dags/example_latest_only.py for tasks to queue
[2021-04-01 00:01:33,762] {logging_mixin.py:104} INFO - [2021-04-01 00:01:33,762] {dagbag.py:448} INFO - Filling up the DagBag from /home/airflow/.local/lib/python3.6/site-packages/airflow/example_dags/example_latest_only.py
[2021-04-01 00:01:33,767] {scheduler_job.py:639} INFO - DAG(s) dict_keys(['latest_only']) retrieved from /home/airflow/.local/lib/python3.6/site-packages/airflow/example_dags/example_latest_only.py
[2021-04-01 00:01:33,777] {logging_mixin.py:104} INFO - [2021-04-01 00:01:33,777] {dag.py:1818} INFO - Sync 1 DAGs
[2021-04-01 00:01:33,785] {logging_mixin.py:104} INFO - [2021-04-01 00:01:33,785] {dag.py:2273} INFO - Setting next_dagrun for latest_only to 2021-03-30 00:00:00+00:00
[2021-04-01 00:01:33,791] {scheduler_job.py:190} INFO - Processing /home/airflow/.local/lib/python3.6/site-packages/airflow/example_dags/example_latest_only.py took 0.032 seconds
[2021-04-01 00:02:04,320] {scheduler_job.py:182} INFO - Started process (PID=228) to work on /home/airflow/.local/lib/python3.6/site-packages/airflow/example_dags/example_latest_only.py
[2021-04-01 00:02:04,320] {scheduler_job.py:629} INFO - Processing file /home/airflow/.local/lib/python3.6/site-packages/airflow/example_dags/example_latest_only.py for tasks to queue
[2021-04-01 00:02:04,321] {logging_mixin.py:104} INFO - [2021-04-01 00:02:04,320] {dagbag.py:448} INFO - Filling up the DagBag from /home/airflow/.local/lib/python3.6/site-packages/airflow/example_dags/example_latest_only.py
[2021-04-01 00:02:04,325] {scheduler_job.py:639} INFO - DAG(s) dict_keys(['latest_only']) retrieved from /home/airflow/.local/lib/python3.6/site-packages/airflow/example_dags/example_latest_only.py
[2021-04-01 00:02:04,335] {logging_mixin.py:104} INFO - [2021-04-01 00:02:04,335] {dag.py:1818} INFO - Sync 1 DAGs
[2021-04-01 00:02:04,342] {logging_mixin.py:104} INFO - [2021-04-01 00:02:04,342] {dag.py:2273} INFO - Setting next_dagrun for latest_only to 2021-03-30 00:00:00+00:00
[2021-04-01 00:02:04,348] {scheduler_job.py:190} INFO - Processing /home/airflow/.local/lib/python3.6/site-packages/airflow/example_dags/example_latest_only.py took 0.029 seconds
[2021-04-01 00:02:34,948] {scheduler_job.py:182} INFO - Started process (PID=254) to work on /home/airflow/.local/lib/python3.6/site-packages/airflow/example_dags/example_latest_only.py
[2021-04-01 00:02:34,949] {scheduler_job.py:629} INFO - Processing file /home/airflow/.local/lib/python3.6/site-packages/airflow/example_dags/example_latest_only.py for tasks to queue
[2021-04-01 00:02:34,949] {logging_mixin.py:104} INFO - [2021-04-01 00:02:34,949] {dagbag.py:448} INFO - Filling up the DagBag from /home/airflow/.local/lib/python3.6/site-packages/airflow/example_dags/example_latest_only.py
[2021-04-01 00:02:34,954] {scheduler_job.py:639} INFO - DAG(s) dict_keys(['latest_only']) retrieved from /home/airflow/.local/lib/python3.6/site-packages/airflow/example_dags/example_latest_only.py
[2021-04-01 00:02:34,965] {logging_mixin.py:104} INFO - [2021-04-01 00:02:34,965] {dag.py:1818} INFO - Sync 1 DAGs
[2021-04-01 00:02:34,972] {logging_mixin.py:104} INFO - [2021-04-01 00:02:34,972] {dag.py:2273} INFO - Setting next_dagrun for latest_only to 2021-03-30 00:00:00+00:00
[2021-04-01 00:02:34,978] {scheduler_job.py:190} INFO - Processing /home/airflow/.local/lib/python3.6/site-packages/airflow/example_dags/example_latest_only.py took 0.031 seconds
[2021-04-01 00:03:05,539] {scheduler_job.py:182} INFO - Started process (PID=280) to work on /home/airflow/.local/lib/python3.6/site-packages/airflow/example_dags/example_latest_only.py
[2021-04-01 00:03:05,540] {scheduler_job.py:629} INFO - Processing file /home/airflow/.local/lib/python3.6/site-packages/airflow/example_dags/example_latest_only.py for tasks to queue
[2021-04-01 00:03:05,540] {logging_mixin.py:104} INFO - [2021-04-01 00:03:05,540] {dagbag.py:448} INFO - Filling up the DagBag from /home/airflow/.local/lib/python3.6/site-packages/airflow/example_dags/example_latest_only.py
[2021-04-01 00:03:05,545] {scheduler_job.py:639} INFO - DAG(s) dict_keys(['latest_only']) retrieved from /home/airflow/.local/lib/python3.6/site-packages/airflow/example_dags/example_latest_only.py
[2021-04-01 00:03:05,555] {logging_mixin.py:104} INFO - [2021-04-01 00:03:05,555] {dag.py:1818} INFO - Sync 1 DAGs
[2021-04-01 00:03:05,564] {logging_mixin.py:104} INFO - [2021-04-01 00:03:05,564] {dag.py:2273} INFO - Setting next_dagrun for latest_only to 2021-03-30 00:00:00+00:00
[2021-04-01 00:03:05,570] {scheduler_job.py:190} INFO - Processing /home/airflow/.local/lib/python3.6/site-packages/airflow/example_dags/example_latest_only.py took 0.032 seconds
[2021-04-01 00:03:36,151] {scheduler_job.py:182} INFO - Started process (PID=306) to work on /home/airflow/.local/lib/python3.6/site-packages/airflow/example_dags/example_latest_only.py
[2021-04-01 00:03:36,152] {scheduler_job.py:629} INFO - Processing file /home/airflow/.local/lib/python3.6/site-packages/airflow/example_dags/example_latest_only.py for tasks to queue
[2021-04-01 00:03:36,152] {logging_mixin.py:104} INFO - [2021-04-01 00:03:36,152] {dagbag.py:448} INFO - Filling up the DagBag from /home/airflow/.local/lib/python3.6/site-packages/airflow/example_dags/example_latest_only.py
[2021-04-01 00:03:36,158] {scheduler_job.py:639} INFO - DAG(s) dict_keys(['latest_only']) retrieved from /home/airflow/.local/lib/python3.6/site-packages/airflow/example_dags/example_latest_only.py
[2021-04-01 00:03:36,169] {logging_mixin.py:104} INFO - [2021-04-01 00:03:36,169] {dag.py:1818} INFO - Sync 1 DAGs
[2021-04-01 00:03:36,177] {logging_mixin.py:104} INFO - [2021-04-01 00:03:36,177] {dag.py:2273} INFO - Setting next_dagrun for latest_only to 2021-03-30 00:00:00+00:00
[2021-04-01 00:03:36,184] {scheduler_job.py:190} INFO - Processing /home/airflow/.local/lib/python3.6/site-packages/airflow/example_dags/example_latest_only.py took 0.035 seconds
[2021-04-01 00:04:06,747] {scheduler_job.py:182} INFO - Started process (PID=332) to work on /home/airflow/.local/lib/python3.6/site-packages/airflow/example_dags/example_latest_only.py
[2021-04-01 00:04:06,747] {scheduler_job.py:629} INFO - Processing file /home/airflow/.local/lib/python3.6/site-packages/airflow/example_dags/example_latest_only.py for tasks to queue
[2021-04-01 00:04:06,747] {logging_mixin.py:104} INFO - [2021-04-01 00:04:06,747] {dagbag.py:448} INFO - Filling up the DagBag from /home/airflow/.local/lib/python3.6/site-packages/airflow/example_dags/example_latest_only.py
[2021-04-01 00:04:06,752] {scheduler_job.py:639} INFO - DAG(s) dict_keys(['latest_only']) retrieved from /home/airflow/.local/lib/python3.6/site-packages/airflow/example_dags/example_latest_only.py
[2021-04-01 00:04:06,762] {logging_mixin.py:104} INFO - [2021-04-01 00:04:06,762] {dag.py:1818} INFO - Sync 1 DAGs
[2021-04-01 00:04:06,770] {logging_mixin.py:104} INFO - [2021-04-01 00:04:06,770] {dag.py:2273} INFO - Setting next_dagrun for latest_only to 2021-03-30 00:00:00+00:00
[2021-04-01 00:04:06,775] {scheduler_job.py:190} INFO - Processing /home/airflow/.local/lib/python3.6/site-packages/airflow/example_dags/example_latest_only.py took 0.030 seconds
[2021-04-01 00:04:37,328] {scheduler_job.py:182} INFO - Started process (PID=358) to work on /home/airflow/.local/lib/python3.6/site-packages/airflow/example_dags/example_latest_only.py
[2021-04-01 00:04:37,328] {scheduler_job.py:629} INFO - Processing file /home/airflow/.local/lib/python3.6/site-packages/airflow/example_dags/example_latest_only.py for tasks to queue
[2021-04-01 00:04:37,329] {logging_mixin.py:104} INFO - [2021-04-01 00:04:37,329] {dagbag.py:448} INFO - Filling up the DagBag from /home/airflow/.local/lib/python3.6/site-packages/airflow/example_dags/example_latest_only.py
[2021-04-01 00:04:37,334] {scheduler_job.py:639} INFO - DAG(s) dict_keys(['latest_only']) retrieved from /home/airflow/.local/lib/python3.6/site-packages/airflow/example_dags/example_latest_only.py
[2021-04-01 00:04:37,343] {logging_mixin.py:104} INFO - [2021-04-01 00:04:37,343] {dag.py:1818} INFO - Sync 1 DAGs
[2021-04-01 00:04:37,351] {logging_mixin.py:104} INFO - [2021-04-01 00:04:37,351] {dag.py:2273} INFO - Setting next_dagrun for latest_only to 2021-03-30 00:00:00+00:00
[2021-04-01 00:04:37,357] {scheduler_job.py:190} INFO - Processing /home/airflow/.local/lib/python3.6/site-packages/airflow/example_dags/example_latest_only.py took 0.031 seconds
[2021-04-01 00:05:07,931] {scheduler_job.py:182} INFO - Started process (PID=384) to work on /home/airflow/.local/lib/python3.6/site-packages/airflow/example_dags/example_latest_only.py
[2021-04-01 00:05:07,931] {scheduler_job.py:629} INFO - Processing file /home/airflow/.local/lib/python3.6/site-packages/airflow/example_dags/example_latest_only.py for tasks to queue
[2021-04-01 00:05:07,932] {logging_mixin.py:104} INFO - [2021-04-01 00:05:07,932] {dagbag.py:448} INFO - Filling up the DagBag from /home/airflow/.local/lib/python3.6/site-packages/airflow/example_dags/example_latest_only.py
[2021-04-01 00:05:07,937] {scheduler_job.py:639} INFO - DAG(s) dict_keys(['latest_only']) retrieved from /home/airflow/.local/lib/python3.6/site-packages/airflow/example_dags/example_latest_only.py
[2021-04-01 00:05:07,948] {logging_mixin.py:104} INFO - [2021-04-01 00:05:07,948] {dag.py:1818} INFO - Sync 1 DAGs
[2021-04-01 00:05:07,956] {logging_mixin.py:104} INFO - [2021-04-01 00:05:07,956] {dag.py:2273} INFO - Setting next_dagrun for latest_only to 2021-03-30 00:00:00+00:00
[2021-04-01 00:05:07,963] {scheduler_job.py:190} INFO - Processing /home/airflow/.local/lib/python3.6/site-packages/airflow/example_dags/example_latest_only.py took 0.034 seconds
[2021-04-01 00:05:38,537] {scheduler_job.py:182} INFO - Started process (PID=410) to work on /home/airflow/.local/lib/python3.6/site-packages/airflow/example_dags/example_latest_only.py
[2021-04-01 00:05:38,538] {scheduler_job.py:629} INFO - Processing file /home/airflow/.local/lib/python3.6/site-packages/airflow/example_dags/example_latest_only.py for tasks to queue
[2021-04-01 00:05:38,539] {logging_mixin.py:104} INFO - [2021-04-01 00:05:38,539] {dagbag.py:448} INFO - Filling up the DagBag from /home/airflow/.local/lib/python3.6/site-packages/airflow/example_dags/example_latest_only.py
[2021-04-01 00:05:38,544] {scheduler_job.py:639} INFO - DAG(s) dict_keys(['latest_only']) retrieved from /home/airflow/.local/lib/python3.6/site-packages/airflow/example_dags/example_latest_only.py
[2021-04-01 00:05:38,555] {logging_mixin.py:104} INFO - [2021-04-01 00:05:38,555] {dag.py:1818} INFO - Sync 1 DAGs
[2021-04-01 00:05:38,563] {logging_mixin.py:104} INFO - [2021-04-01 00:05:38,563] {dag.py:2273} INFO - Setting next_dagrun for latest_only to 2021-03-30 00:00:00+00:00
[2021-04-01 00:05:38,571] {scheduler_job.py:190} INFO - Processing /home/airflow/.local/lib/python3.6/site-packages/airflow/example_dags/example_latest_only.py took 0.035 seconds
[2021-04-01 00:06:09,158] {scheduler_job.py:182} INFO - Started process (PID=436) to work on /home/airflow/.local/lib/python3.6/site-packages/airflow/example_dags/example_latest_only.py
[2021-04-01 00:06:09,159] {scheduler_job.py:629} INFO - Processing file /home/airflow/.local/lib/python3.6/site-packages/airflow/example_dags/example_latest_only.py for tasks to queue
[2021-04-01 00:06:09,159] {logging_mixin.py:104} INFO - [2021-04-01 00:06:09,159] {dagbag.py:448} INFO - Filling up the DagBag from /home/airflow/.local/lib/python3.6/site-packages/airflow/example_dags/example_latest_only.py
[2021-04-01 00:06:09,164] {scheduler_job.py:639} INFO - DAG(s) dict_keys(['latest_only']) retrieved from /home/airflow/.local/lib/python3.6/site-packages/airflow/example_dags/example_latest_only.py
[2021-04-01 00:06:09,175] {logging_mixin.py:104} INFO - [2021-04-01 00:06:09,175] {dag.py:1818} INFO - Sync 1 DAGs
[2021-04-01 00:06:09,185] {logging_mixin.py:104} INFO - [2021-04-01 00:06:09,185] {dag.py:2273} INFO - Setting next_dagrun for latest_only to 2021-03-30 00:00:00+00:00
[2021-04-01 00:06:09,191] {scheduler_job.py:190} INFO - Processing /home/airflow/.local/lib/python3.6/site-packages/airflow/example_dags/example_latest_only.py took 0.034 seconds
[2021-04-01 00:06:39,822] {scheduler_job.py:182} INFO - Started process (PID=462) to work on /home/airflow/.local/lib/python3.6/site-packages/airflow/example_dags/example_latest_only.py
[2021-04-01 00:06:39,823] {scheduler_job.py:629} INFO - Processing file /home/airflow/.local/lib/python3.6/site-packages/airflow/example_dags/example_latest_only.py for tasks to queue
[2021-04-01 00:06:39,823] {logging_mixin.py:104} INFO - [2021-04-01 00:06:39,823] {dagbag.py:448} INFO - Filling up the DagBag from /home/airflow/.local/lib/python3.6/site-packages/airflow/example_dags/example_latest_only.py
[2021-04-01 00:06:39,828] {scheduler_job.py:639} INFO - DAG(s) dict_keys(['latest_only']) retrieved from /home/airflow/.local/lib/python3.6/site-packages/airflow/example_dags/example_latest_only.py
[2021-04-01 00:06:39,838] {logging_mixin.py:104} INFO - [2021-04-01 00:06:39,838] {dag.py:1818} INFO - Sync 1 DAGs
[2021-04-01 00:06:39,847] {logging_mixin.py:104} INFO - [2021-04-01 00:06:39,847] {dag.py:2273} INFO - Setting next_dagrun for latest_only to 2021-03-30 00:00:00+00:00
[2021-04-01 00:06:39,853] {scheduler_job.py:190} INFO - Processing /home/airflow/.local/lib/python3.6/site-packages/airflow/example_dags/example_latest_only.py took 0.032 seconds
[2021-04-01 00:07:10,496] {scheduler_job.py:182} INFO - Started process (PID=488) to work on /home/airflow/.local/lib/python3.6/site-packages/airflow/example_dags/example_latest_only.py
[2021-04-01 00:07:10,497] {scheduler_job.py:629} INFO - Processing file /home/airflow/.local/lib/python3.6/site-packages/airflow/example_dags/example_latest_only.py for tasks to queue
[2021-04-01 00:07:10,497] {logging_mixin.py:104} INFO - [2021-04-01 00:07:10,497] {dagbag.py:448} INFO - Filling up the DagBag from /home/airflow/.local/lib/python3.6/site-packages/airflow/example_dags/example_latest_only.py
[2021-04-01 00:07:10,502] {scheduler_job.py:639} INFO - DAG(s) dict_keys(['latest_only']) retrieved from /home/airflow/.local/lib/python3.6/site-packages/airflow/example_dags/example_latest_only.py
[2021-04-01 00:07:10,512] {logging_mixin.py:104} INFO - [2021-04-01 00:07:10,512] {dag.py:1818} INFO - Sync 1 DAGs
[2021-04-01 00:07:10,521] {logging_mixin.py:104} INFO - [2021-04-01 00:07:10,521] {dag.py:2273} INFO - Setting next_dagrun for latest_only to 2021-03-30 00:00:00+00:00
[2021-04-01 00:07:10,526] {scheduler_job.py:190} INFO - Processing /home/airflow/.local/lib/python3.6/site-packages/airflow/example_dags/example_latest_only.py took 0.031 seconds
[2021-04-01 00:07:41,168] {scheduler_job.py:182} INFO - Started process (PID=514) to work on /home/airflow/.local/lib/python3.6/site-packages/airflow/example_dags/example_latest_only.py
[2021-04-01 00:07:41,169] {scheduler_job.py:629} INFO - Processing file /home/airflow/.local/lib/python3.6/site-packages/airflow/example_dags/example_latest_only.py for tasks to queue
[2021-04-01 00:07:41,169] {logging_mixin.py:104} INFO - [2021-04-01 00:07:41,169] {dagbag.py:448} INFO - Filling up the DagBag from /home/airflow/.local/lib/python3.6/site-packages/airflow/example_dags/example_latest_only.py
[2021-04-01 00:07:41,174] {scheduler_job.py:639} INFO - DAG(s) dict_keys(['latest_only']) retrieved from /home/airflow/.local/lib/python3.6/site-packages/airflow/example_dags/example_latest_only.py
[2021-04-01 00:07:41,184] {logging_mixin.py:104} INFO - [2021-04-01 00:07:41,184] {dag.py:1818} INFO - Sync 1 DAGs
[2021-04-01 00:07:41,193] {logging_mixin.py:104} INFO - [2021-04-01 00:07:41,193] {dag.py:2273} INFO - Setting next_dagrun for latest_only to 2021-03-30 00:00:00+00:00
[2021-04-01 00:07:41,199] {scheduler_job.py:190} INFO - Processing /home/airflow/.local/lib/python3.6/site-packages/airflow/example_dags/example_latest_only.py took 0.032 seconds
[2021-04-01 00:08:11,919] {scheduler_job.py:182} INFO - Started process (PID=540) to work on /home/airflow/.local/lib/python3.6/site-packages/airflow/example_dags/example_latest_only.py
[2021-04-01 00:08:11,919] {scheduler_job.py:629} INFO - Processing file /home/airflow/.local/lib/python3.6/site-packages/airflow/example_dags/example_latest_only.py for tasks to queue
[2021-04-01 00:08:11,920] {logging_mixin.py:104} INFO - [2021-04-01 00:08:11,920] {dagbag.py:448} INFO - Filling up the DagBag from /home/airflow/.local/lib/python3.6/site-packages/airflow/example_dags/example_latest_only.py
[2021-04-01 00:08:11,925] {scheduler_job.py:639} INFO - DAG(s) dict_keys(['latest_only']) retrieved from /home/airflow/.local/lib/python3.6/site-packages/airflow/example_dags/example_latest_only.py
[2021-04-01 00:08:11,935] {logging_mixin.py:104} INFO - [2021-04-01 00:08:11,935] {dag.py:1818} INFO - Sync 1 DAGs
[2021-04-01 00:08:11,944] {logging_mixin.py:104} INFO - [2021-04-01 00:08:11,944] {dag.py:2273} INFO - Setting next_dagrun for latest_only to 2021-03-30 00:00:00+00:00
[2021-04-01 00:08:11,950] {scheduler_job.py:190} INFO - Processing /home/airflow/.local/lib/python3.6/site-packages/airflow/example_dags/example_latest_only.py took 0.032 seconds
[2021-04-01 00:08:42,627] {scheduler_job.py:182} INFO - Started process (PID=566) to work on /home/airflow/.local/lib/python3.6/site-packages/airflow/example_dags/example_latest_only.py
[2021-04-01 00:08:42,627] {scheduler_job.py:629} INFO - Processing file /home/airflow/.local/lib/python3.6/site-packages/airflow/example_dags/example_latest_only.py for tasks to queue
[2021-04-01 00:08:42,628] {logging_mixin.py:104} INFO - [2021-04-01 00:08:42,628] {dagbag.py:448} INFO - Filling up the DagBag from /home/airflow/.local/lib/python3.6/site-packages/airflow/example_dags/example_latest_only.py
[2021-04-01 00:08:42,633] {scheduler_job.py:639} INFO - DAG(s) dict_keys(['latest_only']) retrieved from /home/airflow/.local/lib/python3.6/site-packages/airflow/example_dags/example_latest_only.py
[2021-04-01 00:08:42,644] {logging_mixin.py:104} INFO - [2021-04-01 00:08:42,644] {dag.py:1818} INFO - Sync 1 DAGs
[2021-04-01 00:08:42,651] {logging_mixin.py:104} INFO - [2021-04-01 00:08:42,651] {dag.py:2273} INFO - Setting next_dagrun for latest_only to 2021-03-30 00:00:00+00:00
[2021-04-01 00:08:42,657] {scheduler_job.py:190} INFO - Processing /home/airflow/.local/lib/python3.6/site-packages/airflow/example_dags/example_latest_only.py took 0.032 seconds
[2021-04-01 00:09:13,294] {scheduler_job.py:182} INFO - Started process (PID=592) to work on /home/airflow/.local/lib/python3.6/site-packages/airflow/example_dags/example_latest_only.py
[2021-04-01 00:09:13,295] {scheduler_job.py:629} INFO - Processing file /home/airflow/.local/lib/python3.6/site-packages/airflow/example_dags/example_latest_only.py for tasks to queue
[2021-04-01 00:09:13,295] {logging_mixin.py:104} INFO - [2021-04-01 00:09:13,295] {dagbag.py:448} INFO - Filling up the DagBag from /home/airflow/.local/lib/python3.6/site-packages/airflow/example_dags/example_latest_only.py
[2021-04-01 00:09:13,300] {scheduler_job.py:639} INFO - DAG(s) dict_keys(['latest_only']) retrieved from /home/airflow/.local/lib/python3.6/site-packages/airflow/example_dags/example_latest_only.py
[2021-04-01 00:09:13,311] {logging_mixin.py:104} INFO - [2021-04-01 00:09:13,311] {dag.py:1818} INFO - Sync 1 DAGs
[2021-04-01 00:09:13,319] {logging_mixin.py:104} INFO - [2021-04-01 00:09:13,319] {dag.py:2273} INFO - Setting next_dagrun for latest_only to 2021-03-30 00:00:00+00:00
[2021-04-01 00:09:13,325] {scheduler_job.py:190} INFO - Processing /home/airflow/.local/lib/python3.6/site-packages/airflow/example_dags/example_latest_only.py took 0.032 seconds
[2021-04-01 00:09:44,000] {scheduler_job.py:182} INFO - Started process (PID=618) to work on /home/airflow/.local/lib/python3.6/site-packages/airflow/example_dags/example_latest_only.py
[2021-04-01 00:09:44,001] {scheduler_job.py:629} INFO - Processing file /home/airflow/.local/lib/python3.6/site-packages/airflow/example_dags/example_latest_only.py for tasks to queue
[2021-04-01 00:09:44,001] {logging_mixin.py:104} INFO - [2021-04-01 00:09:44,001] {dagbag.py:448} INFO - Filling up the DagBag from /home/airflow/.local/lib/python3.6/site-packages/airflow/example_dags/example_latest_only.py
[2021-04-01 00:09:44,006] {scheduler_job.py:639} INFO - DAG(s) dict_keys(['latest_only']) retrieved from /home/airflow/.local/lib/python3.6/site-packages/airflow/example_dags/example_latest_only.py
[2021-04-01 00:09:44,017] {logging_mixin.py:104} INFO - [2021-04-01 00:09:44,017] {dag.py:1818} INFO - Sync 1 DAGs
[2021-04-01 00:09:44,024] {logging_mixin.py:104} INFO - [2021-04-01 00:09:44,024] {dag.py:2273} INFO - Setting next_dagrun for latest_only to 2021-03-30 00:00:00+00:00
[2021-04-01 00:09:44,030] {scheduler_job.py:190} INFO - Processing /home/airflow/.local/lib/python3.6/site-packages/airflow/example_dags/example_latest_only.py took 0.031 seconds
[2021-04-01 00:10:14,674] {scheduler_job.py:182} INFO - Started process (PID=644) to work on /home/airflow/.local/lib/python3.6/site-packages/airflow/example_dags/example_latest_only.py
[2021-04-01 00:10:14,675] {scheduler_job.py:629} INFO - Processing file /home/airflow/.local/lib/python3.6/site-packages/airflow/example_dags/example_latest_only.py for tasks to queue
[2021-04-01 00:10:14,675] {logging_mixin.py:104} INFO - [2021-04-01 00:10:14,675] {dagbag.py:448} INFO - Filling up the DagBag from /home/airflow/.local/lib/python3.6/site-packages/airflow/example_dags/example_latest_only.py
[2021-04-01 00:10:14,680] {scheduler_job.py:639} INFO - DAG(s) dict_keys(['latest_only']) retrieved from /home/airflow/.local/lib/python3.6/site-packages/airflow/example_dags/example_latest_only.py
[2021-04-01 00:10:14,692] {logging_mixin.py:104} INFO - [2021-04-01 00:10:14,691] {dag.py:1818} INFO - Sync 1 DAGs
[2021-04-01 00:10:14,699] {logging_mixin.py:104} INFO - [2021-04-01 00:10:14,699] {dag.py:2273} INFO - Setting next_dagrun for latest_only to 2021-03-30 00:00:00+00:00
[2021-04-01 00:10:14,705] {scheduler_job.py:190} INFO - Processing /home/airflow/.local/lib/python3.6/site-packages/airflow/example_dags/example_latest_only.py took 0.032 seconds
[2021-04-01 00:10:45,344] {scheduler_job.py:182} INFO - Started process (PID=670) to work on /home/airflow/.local/lib/python3.6/site-packages/airflow/example_dags/example_latest_only.py
[2021-04-01 00:10:45,344] {scheduler_job.py:629} INFO - Processing file /home/airflow/.local/lib/python3.6/site-packages/airflow/example_dags/example_latest_only.py for tasks to queue
[2021-04-01 00:10:45,345] {logging_mixin.py:104} INFO - [2021-04-01 00:10:45,345] {dagbag.py:448} INFO - Filling up the DagBag from /home/airflow/.local/lib/python3.6/site-packages/airflow/example_dags/example_latest_only.py
[2021-04-01 00:10:45,349] {scheduler_job.py:639} INFO - DAG(s) dict_keys(['latest_only']) retrieved from /home/airflow/.local/lib/python3.6/site-packages/airflow/example_dags/example_latest_only.py
[2021-04-01 00:10:45,361] {logging_mixin.py:104} INFO - [2021-04-01 00:10:45,361] {dag.py:1818} INFO - Sync 1 DAGs
[2021-04-01 00:10:45,368] {logging_mixin.py:104} INFO - [2021-04-01 00:10:45,368] {dag.py:2273} INFO - Setting next_dagrun for latest_only to 2021-03-30 00:00:00+00:00
[2021-04-01 00:10:45,374] {scheduler_job.py:190} INFO - Processing /home/airflow/.local/lib/python3.6/site-packages/airflow/example_dags/example_latest_only.py took 0.032 seconds
[2021-04-01 00:19:17,781] {scheduler_job.py:182} INFO - Started process (PID=54) to work on /home/airflow/.local/lib/python3.6/site-packages/airflow/example_dags/example_latest_only.py
[2021-04-01 00:19:17,781] {scheduler_job.py:629} INFO - Processing file /home/airflow/.local/lib/python3.6/site-packages/airflow/example_dags/example_latest_only.py for tasks to queue
[2021-04-01 00:19:17,782] {logging_mixin.py:104} INFO - [2021-04-01 00:19:17,782] {dagbag.py:448} INFO - Filling up the DagBag from /home/airflow/.local/lib/python3.6/site-packages/airflow/example_dags/example_latest_only.py
[2021-04-01 00:19:17,787] {scheduler_job.py:639} INFO - DAG(s) dict_keys(['latest_only']) retrieved from /home/airflow/.local/lib/python3.6/site-packages/airflow/example_dags/example_latest_only.py
[2021-04-01 00:19:17,797] {logging_mixin.py:104} INFO - [2021-04-01 00:19:17,797] {dag.py:1818} INFO - Sync 1 DAGs
[2021-04-01 00:19:17,805] {logging_mixin.py:104} INFO - [2021-04-01 00:19:17,805] {dag.py:2273} INFO - Setting next_dagrun for latest_only to 2021-03-30 00:00:00+00:00
[2021-04-01 00:19:17,812] {scheduler_job.py:190} INFO - Processing /home/airflow/.local/lib/python3.6/site-packages/airflow/example_dags/example_latest_only.py took 0.033 seconds
[2021-04-01 00:19:48,475] {scheduler_job.py:182} INFO - Started process (PID=80) to work on /home/airflow/.local/lib/python3.6/site-packages/airflow/example_dags/example_latest_only.py
[2021-04-01 00:19:48,476] {scheduler_job.py:629} INFO - Processing file /home/airflow/.local/lib/python3.6/site-packages/airflow/example_dags/example_latest_only.py for tasks to queue
[2021-04-01 00:19:48,476] {logging_mixin.py:104} INFO - [2021-04-01 00:19:48,476] {dagbag.py:448} INFO - Filling up the DagBag from /home/airflow/.local/lib/python3.6/site-packages/airflow/example_dags/example_latest_only.py
[2021-04-01 00:19:48,481] {scheduler_job.py:639} INFO - DAG(s) dict_keys(['latest_only']) retrieved from /home/airflow/.local/lib/python3.6/site-packages/airflow/example_dags/example_latest_only.py
[2021-04-01 00:19:48,491] {logging_mixin.py:104} INFO - [2021-04-01 00:19:48,491] {dag.py:1818} INFO - Sync 1 DAGs
[2021-04-01 00:19:48,498] {logging_mixin.py:104} INFO - [2021-04-01 00:19:48,498] {dag.py:2273} INFO - Setting next_dagrun for latest_only to 2021-03-30 00:00:00+00:00
[2021-04-01 00:19:48,504] {scheduler_job.py:190} INFO - Processing /home/airflow/.local/lib/python3.6/site-packages/airflow/example_dags/example_latest_only.py took 0.030 seconds
[2021-04-01 00:20:19,237] {scheduler_job.py:182} INFO - Started process (PID=106) to work on /home/airflow/.local/lib/python3.6/site-packages/airflow/example_dags/example_latest_only.py
[2021-04-01 00:20:19,238] {scheduler_job.py:629} INFO - Processing file /home/airflow/.local/lib/python3.6/site-packages/airflow/example_dags/example_latest_only.py for tasks to queue
[2021-04-01 00:20:19,238] {logging_mixin.py:104} INFO - [2021-04-01 00:20:19,238] {dagbag.py:448} INFO - Filling up the DagBag from /home/airflow/.local/lib/python3.6/site-packages/airflow/example_dags/example_latest_only.py
[2021-04-01 00:20:19,243] {scheduler_job.py:639} INFO - DAG(s) dict_keys(['latest_only']) retrieved from /home/airflow/.local/lib/python3.6/site-packages/airflow/example_dags/example_latest_only.py
[2021-04-01 00:20:19,253] {logging_mixin.py:104} INFO - [2021-04-01 00:20:19,253] {dag.py:1818} INFO - Sync 1 DAGs
[2021-04-01 00:20:19,260] {logging_mixin.py:104} INFO - [2021-04-01 00:20:19,260] {dag.py:2273} INFO - Setting next_dagrun for latest_only to 2021-03-30 00:00:00+00:00
[2021-04-01 00:20:19,266] {scheduler_job.py:190} INFO - Processing /home/airflow/.local/lib/python3.6/site-packages/airflow/example_dags/example_latest_only.py took 0.031 seconds
[2021-04-01 00:20:49,957] {scheduler_job.py:182} INFO - Started process (PID=132) to work on /home/airflow/.local/lib/python3.6/site-packages/airflow/example_dags/example_latest_only.py
[2021-04-01 00:20:49,957] {scheduler_job.py:629} INFO - Processing file /home/airflow/.local/lib/python3.6/site-packages/airflow/example_dags/example_latest_only.py for tasks to queue
[2021-04-01 00:20:49,957] {logging_mixin.py:104} INFO - [2021-04-01 00:20:49,957] {dagbag.py:448} INFO - Filling up the DagBag from /home/airflow/.local/lib/python3.6/site-packages/airflow/example_dags/example_latest_only.py
[2021-04-01 00:20:49,962] {scheduler_job.py:639} INFO - DAG(s) dict_keys(['latest_only']) retrieved from /home/airflow/.local/lib/python3.6/site-packages/airflow/example_dags/example_latest_only.py
[2021-04-01 00:20:49,972] {logging_mixin.py:104} INFO - [2021-04-01 00:20:49,972] {dag.py:1818} INFO - Sync 1 DAGs
[2021-04-01 00:20:49,979] {logging_mixin.py:104} INFO - [2021-04-01 00:20:49,979] {dag.py:2273} INFO - Setting next_dagrun for latest_only to 2021-03-30 00:00:00+00:00
[2021-04-01 00:20:49,986] {scheduler_job.py:190} INFO - Processing /home/airflow/.local/lib/python3.6/site-packages/airflow/example_dags/example_latest_only.py took 0.031 seconds
[2021-04-01 00:21:20,633] {scheduler_job.py:182} INFO - Started process (PID=158) to work on /home/airflow/.local/lib/python3.6/site-packages/airflow/example_dags/example_latest_only.py
[2021-04-01 00:21:20,633] {scheduler_job.py:629} INFO - Processing file /home/airflow/.local/lib/python3.6/site-packages/airflow/example_dags/example_latest_only.py for tasks to queue
[2021-04-01 00:21:20,633] {logging_mixin.py:104} INFO - [2021-04-01 00:21:20,633] {dagbag.py:448} INFO - Filling up the DagBag from /home/airflow/.local/lib/python3.6/site-packages/airflow/example_dags/example_latest_only.py
[2021-04-01 00:21:20,638] {scheduler_job.py:639} INFO - DAG(s) dict_keys(['latest_only']) retrieved from /home/airflow/.local/lib/python3.6/site-packages/airflow/example_dags/example_latest_only.py
[2021-04-01 00:21:20,649] {logging_mixin.py:104} INFO - [2021-04-01 00:21:20,649] {dag.py:1818} INFO - Sync 1 DAGs
[2021-04-01 00:21:20,656] {logging_mixin.py:104} INFO - [2021-04-01 00:21:20,656] {dag.py:2273} INFO - Setting next_dagrun for latest_only to 2021-03-30 00:00:00+00:00
[2021-04-01 00:21:20,662] {scheduler_job.py:190} INFO - Processing /home/airflow/.local/lib/python3.6/site-packages/airflow/example_dags/example_latest_only.py took 0.031 seconds
[2021-04-01 00:21:51,293] {scheduler_job.py:182} INFO - Started process (PID=184) to work on /home/airflow/.local/lib/python3.6/site-packages/airflow/example_dags/example_latest_only.py
[2021-04-01 00:21:51,294] {scheduler_job.py:629} INFO - Processing file /home/airflow/.local/lib/python3.6/site-packages/airflow/example_dags/example_latest_only.py for tasks to queue
[2021-04-01 00:21:51,294] {logging_mixin.py:104} INFO - [2021-04-01 00:21:51,294] {dagbag.py:448} INFO - Filling up the DagBag from /home/airflow/.local/lib/python3.6/site-packages/airflow/example_dags/example_latest_only.py
[2021-04-01 00:21:51,299] {scheduler_job.py:639} INFO - DAG(s) dict_keys(['latest_only']) retrieved from /home/airflow/.local/lib/python3.6/site-packages/airflow/example_dags/example_latest_only.py
[2021-04-01 00:21:51,309] {logging_mixin.py:104} INFO - [2021-04-01 00:21:51,309] {dag.py:1818} INFO - Sync 1 DAGs
[2021-04-01 00:21:51,317] {logging_mixin.py:104} INFO - [2021-04-01 00:21:51,317] {dag.py:2273} INFO - Setting next_dagrun for latest_only to 2021-03-30 00:00:00+00:00
[2021-04-01 00:21:51,324] {scheduler_job.py:190} INFO - Processing /home/airflow/.local/lib/python3.6/site-packages/airflow/example_dags/example_latest_only.py took 0.032 seconds
[2021-04-01 00:22:21,932] {scheduler_job.py:182} INFO - Started process (PID=210) to work on /home/airflow/.local/lib/python3.6/site-packages/airflow/example_dags/example_latest_only.py
[2021-04-01 00:22:21,932] {scheduler_job.py:629} INFO - Processing file /home/airflow/.local/lib/python3.6/site-packages/airflow/example_dags/example_latest_only.py for tasks to queue
[2021-04-01 00:22:21,932] {logging_mixin.py:104} INFO - [2021-04-01 00:22:21,932] {dagbag.py:448} INFO - Filling up the DagBag from /home/airflow/.local/lib/python3.6/site-packages/airflow/example_dags/example_latest_only.py
[2021-04-01 00:22:21,937] {scheduler_job.py:639} INFO - DAG(s) dict_keys(['latest_only']) retrieved from /home/airflow/.local/lib/python3.6/site-packages/airflow/example_dags/example_latest_only.py
[2021-04-01 00:22:21,947] {logging_mixin.py:104} INFO - [2021-04-01 00:22:21,947] {dag.py:1818} INFO - Sync 1 DAGs
[2021-04-01 00:22:21,954] {logging_mixin.py:104} INFO - [2021-04-01 00:22:21,954] {dag.py:2273} INFO - Setting next_dagrun for latest_only to 2021-03-30 00:00:00+00:00
[2021-04-01 00:22:21,961] {scheduler_job.py:190} INFO - Processing /home/airflow/.local/lib/python3.6/site-packages/airflow/example_dags/example_latest_only.py took 0.031 seconds
[2021-04-01 00:22:52,594] {scheduler_job.py:182} INFO - Started process (PID=236) to work on /home/airflow/.local/lib/python3.6/site-packages/airflow/example_dags/example_latest_only.py
[2021-04-01 00:22:52,594] {scheduler_job.py:629} INFO - Processing file /home/airflow/.local/lib/python3.6/site-packages/airflow/example_dags/example_latest_only.py for tasks to queue
[2021-04-01 00:22:52,595] {logging_mixin.py:104} INFO - [2021-04-01 00:22:52,595] {dagbag.py:448} INFO - Filling up the DagBag from /home/airflow/.local/lib/python3.6/site-packages/airflow/example_dags/example_latest_only.py
[2021-04-01 00:22:52,600] {scheduler_job.py:639} INFO - DAG(s) dict_keys(['latest_only']) retrieved from /home/airflow/.local/lib/python3.6/site-packages/airflow/example_dags/example_latest_only.py
[2021-04-01 00:22:52,610] {logging_mixin.py:104} INFO - [2021-04-01 00:22:52,610] {dag.py:1818} INFO - Sync 1 DAGs
[2021-04-01 00:22:52,617] {logging_mixin.py:104} INFO - [2021-04-01 00:22:52,617] {dag.py:2273} INFO - Setting next_dagrun for latest_only to 2021-03-30 00:00:00+00:00
[2021-04-01 00:22:52,623] {scheduler_job.py:190} INFO - Processing /home/airflow/.local/lib/python3.6/site-packages/airflow/example_dags/example_latest_only.py took 0.030 seconds
[2021-04-01 00:23:23,252] {scheduler_job.py:182} INFO - Started process (PID=262) to work on /home/airflow/.local/lib/python3.6/site-packages/airflow/example_dags/example_latest_only.py
[2021-04-01 00:23:23,253] {scheduler_job.py:629} INFO - Processing file /home/airflow/.local/lib/python3.6/site-packages/airflow/example_dags/example_latest_only.py for tasks to queue
[2021-04-01 00:23:23,253] {logging_mixin.py:104} INFO - [2021-04-01 00:23:23,253] {dagbag.py:448} INFO - Filling up the DagBag from /home/airflow/.local/lib/python3.6/site-packages/airflow/example_dags/example_latest_only.py
[2021-04-01 00:23:23,258] {scheduler_job.py:639} INFO - DAG(s) dict_keys(['latest_only']) retrieved from /home/airflow/.local/lib/python3.6/site-packages/airflow/example_dags/example_latest_only.py
[2021-04-01 00:23:23,269] {logging_mixin.py:104} INFO - [2021-04-01 00:23:23,269] {dag.py:1818} INFO - Sync 1 DAGs
[2021-04-01 00:23:23,277] {logging_mixin.py:104} INFO - [2021-04-01 00:23:23,277] {dag.py:2273} INFO - Setting next_dagrun for latest_only to 2021-03-30 00:00:00+00:00
[2021-04-01 00:23:23,284] {scheduler_job.py:190} INFO - Processing /home/airflow/.local/lib/python3.6/site-packages/airflow/example_dags/example_latest_only.py took 0.034 seconds
[2021-04-01 00:23:53,837] {scheduler_job.py:182} INFO - Started process (PID=288) to work on /home/airflow/.local/lib/python3.6/site-packages/airflow/example_dags/example_latest_only.py
[2021-04-01 00:23:53,837] {scheduler_job.py:629} INFO - Processing file /home/airflow/.local/lib/python3.6/site-packages/airflow/example_dags/example_latest_only.py for tasks to queue
[2021-04-01 00:23:53,837] {logging_mixin.py:104} INFO - [2021-04-01 00:23:53,837] {dagbag.py:448} INFO - Filling up the DagBag from /home/airflow/.local/lib/python3.6/site-packages/airflow/example_dags/example_latest_only.py
[2021-04-01 00:23:53,842] {scheduler_job.py:639} INFO - DAG(s) dict_keys(['latest_only']) retrieved from /home/airflow/.local/lib/python3.6/site-packages/airflow/example_dags/example_latest_only.py
[2021-04-01 00:23:53,852] {logging_mixin.py:104} INFO - [2021-04-01 00:23:53,852] {dag.py:1818} INFO - Sync 1 DAGs
[2021-04-01 00:23:53,860] {logging_mixin.py:104} INFO - [2021-04-01 00:23:53,859] {dag.py:2273} INFO - Setting next_dagrun for latest_only to 2021-03-30 00:00:00+00:00
[2021-04-01 00:23:53,868] {scheduler_job.py:190} INFO - Processing /home/airflow/.local/lib/python3.6/site-packages/airflow/example_dags/example_latest_only.py took 0.032 seconds
[2021-04-01 00:24:24,547] {scheduler_job.py:182} INFO - Started process (PID=314) to work on /home/airflow/.local/lib/python3.6/site-packages/airflow/example_dags/example_latest_only.py
[2021-04-01 00:24:24,548] {scheduler_job.py:629} INFO - Processing file /home/airflow/.local/lib/python3.6/site-packages/airflow/example_dags/example_latest_only.py for tasks to queue
[2021-04-01 00:24:24,548] {logging_mixin.py:104} INFO - [2021-04-01 00:24:24,548] {dagbag.py:448} INFO - Filling up the DagBag from /home/airflow/.local/lib/python3.6/site-packages/airflow/example_dags/example_latest_only.py
[2021-04-01 00:24:24,553] {scheduler_job.py:639} INFO - DAG(s) dict_keys(['latest_only']) retrieved from /home/airflow/.local/lib/python3.6/site-packages/airflow/example_dags/example_latest_only.py
[2021-04-01 00:24:24,564] {logging_mixin.py:104} INFO - [2021-04-01 00:24:24,564] {dag.py:1818} INFO - Sync 1 DAGs
[2021-04-01 00:24:24,571] {logging_mixin.py:104} INFO - [2021-04-01 00:24:24,571] {dag.py:2273} INFO - Setting next_dagrun for latest_only to 2021-03-30 00:00:00+00:00
[2021-04-01 00:24:24,577] {scheduler_job.py:190} INFO - Processing /home/airflow/.local/lib/python3.6/site-packages/airflow/example_dags/example_latest_only.py took 0.031 seconds
[2021-04-01 00:24:55,173] {scheduler_job.py:182} INFO - Started process (PID=340) to work on /home/airflow/.local/lib/python3.6/site-packages/airflow/example_dags/example_latest_only.py
[2021-04-01 00:24:55,173] {scheduler_job.py:629} INFO - Processing file /home/airflow/.local/lib/python3.6/site-packages/airflow/example_dags/example_latest_only.py for tasks to queue
[2021-04-01 00:24:55,174] {logging_mixin.py:104} INFO - [2021-04-01 00:24:55,174] {dagbag.py:448} INFO - Filling up the DagBag from /home/airflow/.local/lib/python3.6/site-packages/airflow/example_dags/example_latest_only.py
[2021-04-01 00:24:55,179] {scheduler_job.py:639} INFO - DAG(s) dict_keys(['latest_only']) retrieved from /home/airflow/.local/lib/python3.6/site-packages/airflow/example_dags/example_latest_only.py
[2021-04-01 00:24:55,190] {logging_mixin.py:104} INFO - [2021-04-01 00:24:55,190] {dag.py:1818} INFO - Sync 1 DAGs
[2021-04-01 00:24:55,197] {logging_mixin.py:104} INFO - [2021-04-01 00:24:55,197] {dag.py:2273} INFO - Setting next_dagrun for latest_only to 2021-03-30 00:00:00+00:00
[2021-04-01 00:24:55,204] {scheduler_job.py:190} INFO - Processing /home/airflow/.local/lib/python3.6/site-packages/airflow/example_dags/example_latest_only.py took 0.032 seconds
[2021-04-01 00:25:25,809] {scheduler_job.py:182} INFO - Started process (PID=366) to work on /home/airflow/.local/lib/python3.6/site-packages/airflow/example_dags/example_latest_only.py
[2021-04-01 00:25:25,810] {scheduler_job.py:629} INFO - Processing file /home/airflow/.local/lib/python3.6/site-packages/airflow/example_dags/example_latest_only.py for tasks to queue
[2021-04-01 00:25:25,810] {logging_mixin.py:104} INFO - [2021-04-01 00:25:25,810] {dagbag.py:448} INFO - Filling up the DagBag from /home/airflow/.local/lib/python3.6/site-packages/airflow/example_dags/example_latest_only.py
[2021-04-01 00:25:25,815] {scheduler_job.py:639} INFO - DAG(s) dict_keys(['latest_only']) retrieved from /home/airflow/.local/lib/python3.6/site-packages/airflow/example_dags/example_latest_only.py
[2021-04-01 00:25:25,825] {logging_mixin.py:104} INFO - [2021-04-01 00:25:25,825] {dag.py:1818} INFO - Sync 1 DAGs
[2021-04-01 00:25:25,832] {logging_mixin.py:104} INFO - [2021-04-01 00:25:25,832] {dag.py:2273} INFO - Setting next_dagrun for latest_only to 2021-03-30 00:00:00+00:00
[2021-04-01 00:25:25,838] {scheduler_job.py:190} INFO - Processing /home/airflow/.local/lib/python3.6/site-packages/airflow/example_dags/example_latest_only.py took 0.030 seconds
[2021-04-01 00:25:56,439] {scheduler_job.py:182} INFO - Started process (PID=392) to work on /home/airflow/.local/lib/python3.6/site-packages/airflow/example_dags/example_latest_only.py
[2021-04-01 00:25:56,439] {scheduler_job.py:629} INFO - Processing file /home/airflow/.local/lib/python3.6/site-packages/airflow/example_dags/example_latest_only.py for tasks to queue
[2021-04-01 00:25:56,440] {logging_mixin.py:104} INFO - [2021-04-01 00:25:56,440] {dagbag.py:448} INFO - Filling up the DagBag from /home/airflow/.local/lib/python3.6/site-packages/airflow/example_dags/example_latest_only.py
[2021-04-01 00:25:56,444] {scheduler_job.py:639} INFO - DAG(s) dict_keys(['latest_only']) retrieved from /home/airflow/.local/lib/python3.6/site-packages/airflow/example_dags/example_latest_only.py
[2021-04-01 00:25:56,455] {logging_mixin.py:104} INFO - [2021-04-01 00:25:56,455] {dag.py:1818} INFO - Sync 1 DAGs
[2021-04-01 00:25:56,462] {logging_mixin.py:104} INFO - [2021-04-01 00:25:56,462] {dag.py:2273} INFO - Setting next_dagrun for latest_only to 2021-03-30 00:00:00+00:00
[2021-04-01 00:25:56,468] {scheduler_job.py:190} INFO - Processing /home/airflow/.local/lib/python3.6/site-packages/airflow/example_dags/example_latest_only.py took 0.031 seconds
[2021-04-01 00:26:27,092] {scheduler_job.py:182} INFO - Started process (PID=418) to work on /home/airflow/.local/lib/python3.6/site-packages/airflow/example_dags/example_latest_only.py
[2021-04-01 00:26:27,092] {scheduler_job.py:629} INFO - Processing file /home/airflow/.local/lib/python3.6/site-packages/airflow/example_dags/example_latest_only.py for tasks to queue
[2021-04-01 00:26:27,093] {logging_mixin.py:104} INFO - [2021-04-01 00:26:27,092] {dagbag.py:448} INFO - Filling up the DagBag from /home/airflow/.local/lib/python3.6/site-packages/airflow/example_dags/example_latest_only.py
[2021-04-01 00:26:27,097] {scheduler_job.py:639} INFO - DAG(s) dict_keys(['latest_only']) retrieved from /home/airflow/.local/lib/python3.6/site-packages/airflow/example_dags/example_latest_only.py
[2021-04-01 00:26:27,108] {logging_mixin.py:104} INFO - [2021-04-01 00:26:27,108] {dag.py:1818} INFO - Sync 1 DAGs
[2021-04-01 00:26:27,115] {logging_mixin.py:104} INFO - [2021-04-01 00:26:27,115] {dag.py:2273} INFO - Setting next_dagrun for latest_only to 2021-03-30 00:00:00+00:00
[2021-04-01 00:26:27,123] {scheduler_job.py:190} INFO - Processing /home/airflow/.local/lib/python3.6/site-packages/airflow/example_dags/example_latest_only.py took 0.033 seconds
[2021-04-01 00:26:57,722] {scheduler_job.py:182} INFO - Started process (PID=444) to work on /home/airflow/.local/lib/python3.6/site-packages/airflow/example_dags/example_latest_only.py
[2021-04-01 00:26:57,722] {scheduler_job.py:629} INFO - Processing file /home/airflow/.local/lib/python3.6/site-packages/airflow/example_dags/example_latest_only.py for tasks to queue
[2021-04-01 00:26:57,722] {logging_mixin.py:104} INFO - [2021-04-01 00:26:57,722] {dagbag.py:448} INFO - Filling up the DagBag from /home/airflow/.local/lib/python3.6/site-packages/airflow/example_dags/example_latest_only.py
[2021-04-01 00:26:57,727] {scheduler_job.py:639} INFO - DAG(s) dict_keys(['latest_only']) retrieved from /home/airflow/.local/lib/python3.6/site-packages/airflow/example_dags/example_latest_only.py
[2021-04-01 00:26:57,738] {logging_mixin.py:104} INFO - [2021-04-01 00:26:57,738] {dag.py:1818} INFO - Sync 1 DAGs
[2021-04-01 00:26:57,746] {logging_mixin.py:104} INFO - [2021-04-01 00:26:57,746] {dag.py:2273} INFO - Setting next_dagrun for latest_only to 2021-03-30 00:00:00+00:00
[2021-04-01 00:26:57,753] {scheduler_job.py:190} INFO - Processing /home/airflow/.local/lib/python3.6/site-packages/airflow/example_dags/example_latest_only.py took 0.032 seconds
[2021-04-01 00:27:28,379] {scheduler_job.py:182} INFO - Started process (PID=470) to work on /home/airflow/.local/lib/python3.6/site-packages/airflow/example_dags/example_latest_only.py
[2021-04-01 00:27:28,379] {scheduler_job.py:629} INFO - Processing file /home/airflow/.local/lib/python3.6/site-packages/airflow/example_dags/example_latest_only.py for tasks to queue
[2021-04-01 00:27:28,379] {logging_mixin.py:104} INFO - [2021-04-01 00:27:28,379] {dagbag.py:448} INFO - Filling up the DagBag from /home/airflow/.local/lib/python3.6/site-packages/airflow/example_dags/example_latest_only.py
[2021-04-01 00:27:28,384] {scheduler_job.py:639} INFO - DAG(s) dict_keys(['latest_only']) retrieved from /home/airflow/.local/lib/python3.6/site-packages/airflow/example_dags/example_latest_only.py
[2021-04-01 00:27:28,394] {logging_mixin.py:104} INFO - [2021-04-01 00:27:28,394] {dag.py:1818} INFO - Sync 1 DAGs
[2021-04-01 00:27:28,402] {logging_mixin.py:104} INFO - [2021-04-01 00:27:28,402] {dag.py:2273} INFO - Setting next_dagrun for latest_only to 2021-03-30 00:00:00+00:00
[2021-04-01 00:27:28,408] {scheduler_job.py:190} INFO - Processing /home/airflow/.local/lib/python3.6/site-packages/airflow/example_dags/example_latest_only.py took 0.031 seconds
[2021-04-01 00:27:59,036] {scheduler_job.py:182} INFO - Started process (PID=496) to work on /home/airflow/.local/lib/python3.6/site-packages/airflow/example_dags/example_latest_only.py
[2021-04-01 00:27:59,036] {scheduler_job.py:629} INFO - Processing file /home/airflow/.local/lib/python3.6/site-packages/airflow/example_dags/example_latest_only.py for tasks to queue
[2021-04-01 00:27:59,037] {logging_mixin.py:104} INFO - [2021-04-01 00:27:59,037] {dagbag.py:448} INFO - Filling up the DagBag from /home/airflow/.local/lib/python3.6/site-packages/airflow/example_dags/example_latest_only.py
[2021-04-01 00:27:59,042] {scheduler_job.py:639} INFO - DAG(s) dict_keys(['latest_only']) retrieved from /home/airflow/.local/lib/python3.6/site-packages/airflow/example_dags/example_latest_only.py
[2021-04-01 00:27:59,051] {logging_mixin.py:104} INFO - [2021-04-01 00:27:59,051] {dag.py:1818} INFO - Sync 1 DAGs
[2021-04-01 00:27:59,059] {logging_mixin.py:104} INFO - [2021-04-01 00:27:59,059] {dag.py:2273} INFO - Setting next_dagrun for latest_only to 2021-03-30 00:00:00+00:00
[2021-04-01 00:27:59,067] {scheduler_job.py:190} INFO - Processing /home/airflow/.local/lib/python3.6/site-packages/airflow/example_dags/example_latest_only.py took 0.032 seconds
[2021-04-01 00:28:29,671] {scheduler_job.py:182} INFO - Started process (PID=522) to work on /home/airflow/.local/lib/python3.6/site-packages/airflow/example_dags/example_latest_only.py
[2021-04-01 00:28:29,672] {scheduler_job.py:629} INFO - Processing file /home/airflow/.local/lib/python3.6/site-packages/airflow/example_dags/example_latest_only.py for tasks to queue
[2021-04-01 00:28:29,672] {logging_mixin.py:104} INFO - [2021-04-01 00:28:29,672] {dagbag.py:448} INFO - Filling up the DagBag from /home/airflow/.local/lib/python3.6/site-packages/airflow/example_dags/example_latest_only.py
[2021-04-01 00:28:29,677] {scheduler_job.py:639} INFO - DAG(s) dict_keys(['latest_only']) retrieved from /home/airflow/.local/lib/python3.6/site-packages/airflow/example_dags/example_latest_only.py
[2021-04-01 00:28:29,687] {logging_mixin.py:104} INFO - [2021-04-01 00:28:29,687] {dag.py:1818} INFO - Sync 1 DAGs
[2021-04-01 00:28:29,696] {logging_mixin.py:104} INFO - [2021-04-01 00:28:29,696] {dag.py:2273} INFO - Setting next_dagrun for latest_only to 2021-03-30 00:00:00+00:00
[2021-04-01 00:28:29,702] {scheduler_job.py:190} INFO - Processing /home/airflow/.local/lib/python3.6/site-packages/airflow/example_dags/example_latest_only.py took 0.033 seconds
[2021-04-01 00:29:00,309] {scheduler_job.py:182} INFO - Started process (PID=548) to work on /home/airflow/.local/lib/python3.6/site-packages/airflow/example_dags/example_latest_only.py
[2021-04-01 00:29:00,310] {scheduler_job.py:629} INFO - Processing file /home/airflow/.local/lib/python3.6/site-packages/airflow/example_dags/example_latest_only.py for tasks to queue
[2021-04-01 00:29:00,310] {logging_mixin.py:104} INFO - [2021-04-01 00:29:00,310] {dagbag.py:448} INFO - Filling up the DagBag from /home/airflow/.local/lib/python3.6/site-packages/airflow/example_dags/example_latest_only.py
[2021-04-01 00:29:00,315] {scheduler_job.py:639} INFO - DAG(s) dict_keys(['latest_only']) retrieved from /home/airflow/.local/lib/python3.6/site-packages/airflow/example_dags/example_latest_only.py
[2021-04-01 00:29:00,325] {logging_mixin.py:104} INFO - [2021-04-01 00:29:00,325] {dag.py:1818} INFO - Sync 1 DAGs
[2021-04-01 00:29:00,333] {logging_mixin.py:104} INFO - [2021-04-01 00:29:00,333] {dag.py:2273} INFO - Setting next_dagrun for latest_only to 2021-03-30 00:00:00+00:00
[2021-04-01 00:29:00,339] {scheduler_job.py:190} INFO - Processing /home/airflow/.local/lib/python3.6/site-packages/airflow/example_dags/example_latest_only.py took 0.031 seconds
[2021-04-01 00:29:30,985] {scheduler_job.py:182} INFO - Started process (PID=574) to work on /home/airflow/.local/lib/python3.6/site-packages/airflow/example_dags/example_latest_only.py
[2021-04-01 00:29:30,985] {scheduler_job.py:629} INFO - Processing file /home/airflow/.local/lib/python3.6/site-packages/airflow/example_dags/example_latest_only.py for tasks to queue
[2021-04-01 00:29:30,986] {logging_mixin.py:104} INFO - [2021-04-01 00:29:30,985] {dagbag.py:448} INFO - Filling up the DagBag from /home/airflow/.local/lib/python3.6/site-packages/airflow/example_dags/example_latest_only.py
[2021-04-01 00:29:30,990] {scheduler_job.py:639} INFO - DAG(s) dict_keys(['latest_only']) retrieved from /home/airflow/.local/lib/python3.6/site-packages/airflow/example_dags/example_latest_only.py
[2021-04-01 00:29:31,001] {logging_mixin.py:104} INFO - [2021-04-01 00:29:31,001] {dag.py:1818} INFO - Sync 1 DAGs
[2021-04-01 00:29:31,008] {logging_mixin.py:104} INFO - [2021-04-01 00:29:31,008] {dag.py:2273} INFO - Setting next_dagrun for latest_only to 2021-03-30 00:00:00+00:00
[2021-04-01 00:29:31,014] {scheduler_job.py:190} INFO - Processing /home/airflow/.local/lib/python3.6/site-packages/airflow/example_dags/example_latest_only.py took 0.030 seconds
[2021-04-01 00:30:01,626] {scheduler_job.py:182} INFO - Started process (PID=600) to work on /home/airflow/.local/lib/python3.6/site-packages/airflow/example_dags/example_latest_only.py
[2021-04-01 00:30:01,626] {scheduler_job.py:629} INFO - Processing file /home/airflow/.local/lib/python3.6/site-packages/airflow/example_dags/example_latest_only.py for tasks to queue
[2021-04-01 00:30:01,626] {logging_mixin.py:104} INFO - [2021-04-01 00:30:01,626] {dagbag.py:448} INFO - Filling up the DagBag from /home/airflow/.local/lib/python3.6/site-packages/airflow/example_dags/example_latest_only.py
[2021-04-01 00:30:01,631] {scheduler_job.py:639} INFO - DAG(s) dict_keys(['latest_only']) retrieved from /home/airflow/.local/lib/python3.6/site-packages/airflow/example_dags/example_latest_only.py
[2021-04-01 00:30:01,642] {logging_mixin.py:104} INFO - [2021-04-01 00:30:01,642] {dag.py:1818} INFO - Sync 1 DAGs
[2021-04-01 00:30:01,649] {logging_mixin.py:104} INFO - [2021-04-01 00:30:01,649] {dag.py:2273} INFO - Setting next_dagrun for latest_only to 2021-03-30 00:00:00+00:00
[2021-04-01 00:30:01,656] {scheduler_job.py:190} INFO - Processing /home/airflow/.local/lib/python3.6/site-packages/airflow/example_dags/example_latest_only.py took 0.031 seconds
[2021-04-01 00:30:32,260] {scheduler_job.py:182} INFO - Started process (PID=626) to work on /home/airflow/.local/lib/python3.6/site-packages/airflow/example_dags/example_latest_only.py
[2021-04-01 00:30:32,261] {scheduler_job.py:629} INFO - Processing file /home/airflow/.local/lib/python3.6/site-packages/airflow/example_dags/example_latest_only.py for tasks to queue
[2021-04-01 00:30:32,261] {logging_mixin.py:104} INFO - [2021-04-01 00:30:32,261] {dagbag.py:448} INFO - Filling up the DagBag from /home/airflow/.local/lib/python3.6/site-packages/airflow/example_dags/example_latest_only.py
[2021-04-01 00:30:32,266] {scheduler_job.py:639} INFO - DAG(s) dict_keys(['latest_only']) retrieved from /home/airflow/.local/lib/python3.6/site-packages/airflow/example_dags/example_latest_only.py
[2021-04-01 00:30:32,277] {logging_mixin.py:104} INFO - [2021-04-01 00:30:32,277] {dag.py:1818} INFO - Sync 1 DAGs
[2021-04-01 00:30:32,284] {logging_mixin.py:104} INFO - [2021-04-01 00:30:32,284] {dag.py:2273} INFO - Setting next_dagrun for latest_only to 2021-03-30 00:00:00+00:00
[2021-04-01 00:30:32,290] {scheduler_job.py:190} INFO - Processing /home/airflow/.local/lib/python3.6/site-packages/airflow/example_dags/example_latest_only.py took 0.031 seconds
[2021-04-01 00:31:02,893] {scheduler_job.py:182} INFO - Started process (PID=652) to work on /home/airflow/.local/lib/python3.6/site-packages/airflow/example_dags/example_latest_only.py
[2021-04-01 00:31:02,894] {scheduler_job.py:629} INFO - Processing file /home/airflow/.local/lib/python3.6/site-packages/airflow/example_dags/example_latest_only.py for tasks to queue
[2021-04-01 00:31:02,894] {logging_mixin.py:104} INFO - [2021-04-01 00:31:02,894] {dagbag.py:448} INFO - Filling up the DagBag from /home/airflow/.local/lib/python3.6/site-packages/airflow/example_dags/example_latest_only.py
[2021-04-01 00:31:02,899] {scheduler_job.py:639} INFO - DAG(s) dict_keys(['latest_only']) retrieved from /home/airflow/.local/lib/python3.6/site-packages/airflow/example_dags/example_latest_only.py
[2021-04-01 00:31:02,909] {logging_mixin.py:104} INFO - [2021-04-01 00:31:02,909] {dag.py:1818} INFO - Sync 1 DAGs
[2021-04-01 00:31:02,917] {logging_mixin.py:104} INFO - [2021-04-01 00:31:02,917] {dag.py:2273} INFO - Setting next_dagrun for latest_only to 2021-03-30 00:00:00+00:00
[2021-04-01 00:31:02,923] {scheduler_job.py:190} INFO - Processing /home/airflow/.local/lib/python3.6/site-packages/airflow/example_dags/example_latest_only.py took 0.031 seconds
[2021-04-01 00:31:33,516] {scheduler_job.py:182} INFO - Started process (PID=678) to work on /home/airflow/.local/lib/python3.6/site-packages/airflow/example_dags/example_latest_only.py
[2021-04-01 00:31:33,517] {scheduler_job.py:629} INFO - Processing file /home/airflow/.local/lib/python3.6/site-packages/airflow/example_dags/example_latest_only.py for tasks to queue
[2021-04-01 00:31:33,517] {logging_mixin.py:104} INFO - [2021-04-01 00:31:33,517] {dagbag.py:448} INFO - Filling up the DagBag from /home/airflow/.local/lib/python3.6/site-packages/airflow/example_dags/example_latest_only.py
[2021-04-01 00:31:33,522] {scheduler_job.py:639} INFO - DAG(s) dict_keys(['latest_only']) retrieved from /home/airflow/.local/lib/python3.6/site-packages/airflow/example_dags/example_latest_only.py
[2021-04-01 00:31:33,532] {logging_mixin.py:104} INFO - [2021-04-01 00:31:33,532] {dag.py:1818} INFO - Sync 1 DAGs
[2021-04-01 00:31:33,539] {logging_mixin.py:104} INFO - [2021-04-01 00:31:33,539] {dag.py:2273} INFO - Setting next_dagrun for latest_only to 2021-03-30 00:00:00+00:00
[2021-04-01 00:31:33,546] {scheduler_job.py:190} INFO - Processing /home/airflow/.local/lib/python3.6/site-packages/airflow/example_dags/example_latest_only.py took 0.031 seconds
