[2021-04-01 00:00:01,907] {scheduler_job.py:182} INFO - Started process (PID=131) to work on /home/airflow/.local/lib/python3.6/site-packages/airflow/example_dags/example_short_circuit_operator.py
[2021-04-01 00:00:01,908] {scheduler_job.py:629} INFO - Processing file /home/airflow/.local/lib/python3.6/site-packages/airflow/example_dags/example_short_circuit_operator.py for tasks to queue
[2021-04-01 00:00:01,908] {logging_mixin.py:104} INFO - [2021-04-01 00:00:01,908] {dagbag.py:448} INFO - Filling up the DagBag from /home/airflow/.local/lib/python3.6/site-packages/airflow/example_dags/example_short_circuit_operator.py
[2021-04-01 00:00:01,914] {scheduler_job.py:639} INFO - DAG(s) dict_keys(['example_short_circuit_operator']) retrieved from /home/airflow/.local/lib/python3.6/site-packages/airflow/example_dags/example_short_circuit_operator.py
[2021-04-01 00:00:01,926] {logging_mixin.py:104} INFO - [2021-04-01 00:00:01,926] {dag.py:1818} INFO - Sync 1 DAGs
[2021-04-01 00:00:01,934] {logging_mixin.py:104} INFO - [2021-04-01 00:00:01,934] {dag.py:2273} INFO - Setting next_dagrun for example_short_circuit_operator to 2021-03-30 00:00:00+00:00
[2021-04-01 00:00:01,942] {scheduler_job.py:190} INFO - Processing /home/airflow/.local/lib/python3.6/site-packages/airflow/example_dags/example_short_circuit_operator.py took 0.036 seconds
[2021-04-01 00:00:32,570] {scheduler_job.py:182} INFO - Started process (PID=157) to work on /home/airflow/.local/lib/python3.6/site-packages/airflow/example_dags/example_short_circuit_operator.py
[2021-04-01 00:00:32,570] {scheduler_job.py:629} INFO - Processing file /home/airflow/.local/lib/python3.6/site-packages/airflow/example_dags/example_short_circuit_operator.py for tasks to queue
[2021-04-01 00:00:32,571] {logging_mixin.py:104} INFO - [2021-04-01 00:00:32,571] {dagbag.py:448} INFO - Filling up the DagBag from /home/airflow/.local/lib/python3.6/site-packages/airflow/example_dags/example_short_circuit_operator.py
[2021-04-01 00:00:32,577] {scheduler_job.py:639} INFO - DAG(s) dict_keys(['example_short_circuit_operator']) retrieved from /home/airflow/.local/lib/python3.6/site-packages/airflow/example_dags/example_short_circuit_operator.py
[2021-04-01 00:00:32,587] {logging_mixin.py:104} INFO - [2021-04-01 00:00:32,587] {dag.py:1818} INFO - Sync 1 DAGs
[2021-04-01 00:00:32,594] {logging_mixin.py:104} INFO - [2021-04-01 00:00:32,594] {dag.py:2273} INFO - Setting next_dagrun for example_short_circuit_operator to 2021-03-30 00:00:00+00:00
[2021-04-01 00:00:32,600] {scheduler_job.py:190} INFO - Processing /home/airflow/.local/lib/python3.6/site-packages/airflow/example_dags/example_short_circuit_operator.py took 0.031 seconds
[2021-04-01 00:01:03,228] {scheduler_job.py:182} INFO - Started process (PID=183) to work on /home/airflow/.local/lib/python3.6/site-packages/airflow/example_dags/example_short_circuit_operator.py
[2021-04-01 00:01:03,229] {scheduler_job.py:629} INFO - Processing file /home/airflow/.local/lib/python3.6/site-packages/airflow/example_dags/example_short_circuit_operator.py for tasks to queue
[2021-04-01 00:01:03,229] {logging_mixin.py:104} INFO - [2021-04-01 00:01:03,229] {dagbag.py:448} INFO - Filling up the DagBag from /home/airflow/.local/lib/python3.6/site-packages/airflow/example_dags/example_short_circuit_operator.py
[2021-04-01 00:01:03,235] {scheduler_job.py:639} INFO - DAG(s) dict_keys(['example_short_circuit_operator']) retrieved from /home/airflow/.local/lib/python3.6/site-packages/airflow/example_dags/example_short_circuit_operator.py
[2021-04-01 00:01:03,246] {logging_mixin.py:104} INFO - [2021-04-01 00:01:03,246] {dag.py:1818} INFO - Sync 1 DAGs
[2021-04-01 00:01:03,254] {logging_mixin.py:104} INFO - [2021-04-01 00:01:03,254] {dag.py:2273} INFO - Setting next_dagrun for example_short_circuit_operator to 2021-03-30 00:00:00+00:00
[2021-04-01 00:01:03,259] {scheduler_job.py:190} INFO - Processing /home/airflow/.local/lib/python3.6/site-packages/airflow/example_dags/example_short_circuit_operator.py took 0.033 seconds
[2021-04-01 00:01:33,903] {scheduler_job.py:182} INFO - Started process (PID=209) to work on /home/airflow/.local/lib/python3.6/site-packages/airflow/example_dags/example_short_circuit_operator.py
[2021-04-01 00:01:33,904] {scheduler_job.py:629} INFO - Processing file /home/airflow/.local/lib/python3.6/site-packages/airflow/example_dags/example_short_circuit_operator.py for tasks to queue
[2021-04-01 00:01:33,904] {logging_mixin.py:104} INFO - [2021-04-01 00:01:33,904] {dagbag.py:448} INFO - Filling up the DagBag from /home/airflow/.local/lib/python3.6/site-packages/airflow/example_dags/example_short_circuit_operator.py
[2021-04-01 00:01:33,910] {scheduler_job.py:639} INFO - DAG(s) dict_keys(['example_short_circuit_operator']) retrieved from /home/airflow/.local/lib/python3.6/site-packages/airflow/example_dags/example_short_circuit_operator.py
[2021-04-01 00:01:33,920] {logging_mixin.py:104} INFO - [2021-04-01 00:01:33,920] {dag.py:1818} INFO - Sync 1 DAGs
[2021-04-01 00:01:33,927] {logging_mixin.py:104} INFO - [2021-04-01 00:01:33,927] {dag.py:2273} INFO - Setting next_dagrun for example_short_circuit_operator to 2021-03-30 00:00:00+00:00
[2021-04-01 00:01:33,934] {scheduler_job.py:190} INFO - Processing /home/airflow/.local/lib/python3.6/site-packages/airflow/example_dags/example_short_circuit_operator.py took 0.032 seconds
[2021-04-01 00:02:04,460] {scheduler_job.py:182} INFO - Started process (PID=235) to work on /home/airflow/.local/lib/python3.6/site-packages/airflow/example_dags/example_short_circuit_operator.py
[2021-04-01 00:02:04,460] {scheduler_job.py:629} INFO - Processing file /home/airflow/.local/lib/python3.6/site-packages/airflow/example_dags/example_short_circuit_operator.py for tasks to queue
[2021-04-01 00:02:04,460] {logging_mixin.py:104} INFO - [2021-04-01 00:02:04,460] {dagbag.py:448} INFO - Filling up the DagBag from /home/airflow/.local/lib/python3.6/site-packages/airflow/example_dags/example_short_circuit_operator.py
[2021-04-01 00:02:04,468] {scheduler_job.py:639} INFO - DAG(s) dict_keys(['example_short_circuit_operator']) retrieved from /home/airflow/.local/lib/python3.6/site-packages/airflow/example_dags/example_short_circuit_operator.py
[2021-04-01 00:02:04,479] {logging_mixin.py:104} INFO - [2021-04-01 00:02:04,479] {dag.py:1818} INFO - Sync 1 DAGs
[2021-04-01 00:02:04,487] {logging_mixin.py:104} INFO - [2021-04-01 00:02:04,487] {dag.py:2273} INFO - Setting next_dagrun for example_short_circuit_operator to 2021-03-30 00:00:00+00:00
[2021-04-01 00:02:04,493] {scheduler_job.py:190} INFO - Processing /home/airflow/.local/lib/python3.6/site-packages/airflow/example_dags/example_short_circuit_operator.py took 0.035 seconds
[2021-04-01 00:02:35,083] {scheduler_job.py:182} INFO - Started process (PID=261) to work on /home/airflow/.local/lib/python3.6/site-packages/airflow/example_dags/example_short_circuit_operator.py
[2021-04-01 00:02:35,084] {scheduler_job.py:629} INFO - Processing file /home/airflow/.local/lib/python3.6/site-packages/airflow/example_dags/example_short_circuit_operator.py for tasks to queue
[2021-04-01 00:02:35,084] {logging_mixin.py:104} INFO - [2021-04-01 00:02:35,084] {dagbag.py:448} INFO - Filling up the DagBag from /home/airflow/.local/lib/python3.6/site-packages/airflow/example_dags/example_short_circuit_operator.py
[2021-04-01 00:02:35,090] {scheduler_job.py:639} INFO - DAG(s) dict_keys(['example_short_circuit_operator']) retrieved from /home/airflow/.local/lib/python3.6/site-packages/airflow/example_dags/example_short_circuit_operator.py
[2021-04-01 00:02:35,100] {logging_mixin.py:104} INFO - [2021-04-01 00:02:35,100] {dag.py:1818} INFO - Sync 1 DAGs
[2021-04-01 00:02:35,107] {logging_mixin.py:104} INFO - [2021-04-01 00:02:35,107] {dag.py:2273} INFO - Setting next_dagrun for example_short_circuit_operator to 2021-03-30 00:00:00+00:00
[2021-04-01 00:02:35,113] {scheduler_job.py:190} INFO - Processing /home/airflow/.local/lib/python3.6/site-packages/airflow/example_dags/example_short_circuit_operator.py took 0.031 seconds
[2021-04-01 00:03:05,688] {scheduler_job.py:182} INFO - Started process (PID=287) to work on /home/airflow/.local/lib/python3.6/site-packages/airflow/example_dags/example_short_circuit_operator.py
[2021-04-01 00:03:05,688] {scheduler_job.py:629} INFO - Processing file /home/airflow/.local/lib/python3.6/site-packages/airflow/example_dags/example_short_circuit_operator.py for tasks to queue
[2021-04-01 00:03:05,689] {logging_mixin.py:104} INFO - [2021-04-01 00:03:05,689] {dagbag.py:448} INFO - Filling up the DagBag from /home/airflow/.local/lib/python3.6/site-packages/airflow/example_dags/example_short_circuit_operator.py
[2021-04-01 00:03:05,695] {scheduler_job.py:639} INFO - DAG(s) dict_keys(['example_short_circuit_operator']) retrieved from /home/airflow/.local/lib/python3.6/site-packages/airflow/example_dags/example_short_circuit_operator.py
[2021-04-01 00:03:05,706] {logging_mixin.py:104} INFO - [2021-04-01 00:03:05,706] {dag.py:1818} INFO - Sync 1 DAGs
[2021-04-01 00:03:05,715] {logging_mixin.py:104} INFO - [2021-04-01 00:03:05,714] {dag.py:2273} INFO - Setting next_dagrun for example_short_circuit_operator to 2021-03-30 00:00:00+00:00
[2021-04-01 00:03:05,720] {scheduler_job.py:190} INFO - Processing /home/airflow/.local/lib/python3.6/site-packages/airflow/example_dags/example_short_circuit_operator.py took 0.034 seconds
[2021-04-01 00:03:36,310] {scheduler_job.py:182} INFO - Started process (PID=313) to work on /home/airflow/.local/lib/python3.6/site-packages/airflow/example_dags/example_short_circuit_operator.py
[2021-04-01 00:03:36,310] {scheduler_job.py:629} INFO - Processing file /home/airflow/.local/lib/python3.6/site-packages/airflow/example_dags/example_short_circuit_operator.py for tasks to queue
[2021-04-01 00:03:36,311] {logging_mixin.py:104} INFO - [2021-04-01 00:03:36,311] {dagbag.py:448} INFO - Filling up the DagBag from /home/airflow/.local/lib/python3.6/site-packages/airflow/example_dags/example_short_circuit_operator.py
[2021-04-01 00:03:36,317] {scheduler_job.py:639} INFO - DAG(s) dict_keys(['example_short_circuit_operator']) retrieved from /home/airflow/.local/lib/python3.6/site-packages/airflow/example_dags/example_short_circuit_operator.py
[2021-04-01 00:03:36,328] {logging_mixin.py:104} INFO - [2021-04-01 00:03:36,328] {dag.py:1818} INFO - Sync 1 DAGs
[2021-04-01 00:03:36,336] {logging_mixin.py:104} INFO - [2021-04-01 00:03:36,336] {dag.py:2273} INFO - Setting next_dagrun for example_short_circuit_operator to 2021-03-30 00:00:00+00:00
[2021-04-01 00:03:36,344] {scheduler_job.py:190} INFO - Processing /home/airflow/.local/lib/python3.6/site-packages/airflow/example_dags/example_short_circuit_operator.py took 0.036 seconds
[2021-04-01 00:04:06,883] {scheduler_job.py:182} INFO - Started process (PID=339) to work on /home/airflow/.local/lib/python3.6/site-packages/airflow/example_dags/example_short_circuit_operator.py
[2021-04-01 00:04:06,883] {scheduler_job.py:629} INFO - Processing file /home/airflow/.local/lib/python3.6/site-packages/airflow/example_dags/example_short_circuit_operator.py for tasks to queue
[2021-04-01 00:04:06,884] {logging_mixin.py:104} INFO - [2021-04-01 00:04:06,884] {dagbag.py:448} INFO - Filling up the DagBag from /home/airflow/.local/lib/python3.6/site-packages/airflow/example_dags/example_short_circuit_operator.py
[2021-04-01 00:04:06,890] {scheduler_job.py:639} INFO - DAG(s) dict_keys(['example_short_circuit_operator']) retrieved from /home/airflow/.local/lib/python3.6/site-packages/airflow/example_dags/example_short_circuit_operator.py
[2021-04-01 00:04:06,901] {logging_mixin.py:104} INFO - [2021-04-01 00:04:06,901] {dag.py:1818} INFO - Sync 1 DAGs
[2021-04-01 00:04:06,910] {logging_mixin.py:104} INFO - [2021-04-01 00:04:06,910] {dag.py:2273} INFO - Setting next_dagrun for example_short_circuit_operator to 2021-03-30 00:00:00+00:00
[2021-04-01 00:04:06,917] {scheduler_job.py:190} INFO - Processing /home/airflow/.local/lib/python3.6/site-packages/airflow/example_dags/example_short_circuit_operator.py took 0.035 seconds
[2021-04-01 00:04:37,473] {scheduler_job.py:182} INFO - Started process (PID=365) to work on /home/airflow/.local/lib/python3.6/site-packages/airflow/example_dags/example_short_circuit_operator.py
[2021-04-01 00:04:37,474] {scheduler_job.py:629} INFO - Processing file /home/airflow/.local/lib/python3.6/site-packages/airflow/example_dags/example_short_circuit_operator.py for tasks to queue
[2021-04-01 00:04:37,474] {logging_mixin.py:104} INFO - [2021-04-01 00:04:37,474] {dagbag.py:448} INFO - Filling up the DagBag from /home/airflow/.local/lib/python3.6/site-packages/airflow/example_dags/example_short_circuit_operator.py
[2021-04-01 00:04:37,480] {scheduler_job.py:639} INFO - DAG(s) dict_keys(['example_short_circuit_operator']) retrieved from /home/airflow/.local/lib/python3.6/site-packages/airflow/example_dags/example_short_circuit_operator.py
[2021-04-01 00:04:37,491] {logging_mixin.py:104} INFO - [2021-04-01 00:04:37,491] {dag.py:1818} INFO - Sync 1 DAGs
[2021-04-01 00:04:37,500] {logging_mixin.py:104} INFO - [2021-04-01 00:04:37,500] {dag.py:2273} INFO - Setting next_dagrun for example_short_circuit_operator to 2021-03-30 00:00:00+00:00
[2021-04-01 00:04:37,506] {scheduler_job.py:190} INFO - Processing /home/airflow/.local/lib/python3.6/site-packages/airflow/example_dags/example_short_circuit_operator.py took 0.034 seconds
[2021-04-01 00:05:08,079] {scheduler_job.py:182} INFO - Started process (PID=391) to work on /home/airflow/.local/lib/python3.6/site-packages/airflow/example_dags/example_short_circuit_operator.py
[2021-04-01 00:05:08,079] {scheduler_job.py:629} INFO - Processing file /home/airflow/.local/lib/python3.6/site-packages/airflow/example_dags/example_short_circuit_operator.py for tasks to queue
[2021-04-01 00:05:08,080] {logging_mixin.py:104} INFO - [2021-04-01 00:05:08,080] {dagbag.py:448} INFO - Filling up the DagBag from /home/airflow/.local/lib/python3.6/site-packages/airflow/example_dags/example_short_circuit_operator.py
[2021-04-01 00:05:08,086] {scheduler_job.py:639} INFO - DAG(s) dict_keys(['example_short_circuit_operator']) retrieved from /home/airflow/.local/lib/python3.6/site-packages/airflow/example_dags/example_short_circuit_operator.py
[2021-04-01 00:05:08,096] {logging_mixin.py:104} INFO - [2021-04-01 00:05:08,096] {dag.py:1818} INFO - Sync 1 DAGs
[2021-04-01 00:05:08,104] {logging_mixin.py:104} INFO - [2021-04-01 00:05:08,104] {dag.py:2273} INFO - Setting next_dagrun for example_short_circuit_operator to 2021-03-30 00:00:00+00:00
[2021-04-01 00:05:08,109] {scheduler_job.py:190} INFO - Processing /home/airflow/.local/lib/python3.6/site-packages/airflow/example_dags/example_short_circuit_operator.py took 0.032 seconds
[2021-04-01 00:05:38,707] {scheduler_job.py:182} INFO - Started process (PID=417) to work on /home/airflow/.local/lib/python3.6/site-packages/airflow/example_dags/example_short_circuit_operator.py
[2021-04-01 00:05:38,708] {scheduler_job.py:629} INFO - Processing file /home/airflow/.local/lib/python3.6/site-packages/airflow/example_dags/example_short_circuit_operator.py for tasks to queue
[2021-04-01 00:05:38,708] {logging_mixin.py:104} INFO - [2021-04-01 00:05:38,708] {dagbag.py:448} INFO - Filling up the DagBag from /home/airflow/.local/lib/python3.6/site-packages/airflow/example_dags/example_short_circuit_operator.py
[2021-04-01 00:05:38,714] {scheduler_job.py:639} INFO - DAG(s) dict_keys(['example_short_circuit_operator']) retrieved from /home/airflow/.local/lib/python3.6/site-packages/airflow/example_dags/example_short_circuit_operator.py
[2021-04-01 00:05:38,725] {logging_mixin.py:104} INFO - [2021-04-01 00:05:38,725] {dag.py:1818} INFO - Sync 1 DAGs
[2021-04-01 00:05:38,733] {logging_mixin.py:104} INFO - [2021-04-01 00:05:38,733] {dag.py:2273} INFO - Setting next_dagrun for example_short_circuit_operator to 2021-03-30 00:00:00+00:00
[2021-04-01 00:05:38,739] {scheduler_job.py:190} INFO - Processing /home/airflow/.local/lib/python3.6/site-packages/airflow/example_dags/example_short_circuit_operator.py took 0.034 seconds
[2021-04-01 00:06:09,305] {scheduler_job.py:182} INFO - Started process (PID=443) to work on /home/airflow/.local/lib/python3.6/site-packages/airflow/example_dags/example_short_circuit_operator.py
[2021-04-01 00:06:09,305] {scheduler_job.py:629} INFO - Processing file /home/airflow/.local/lib/python3.6/site-packages/airflow/example_dags/example_short_circuit_operator.py for tasks to queue
[2021-04-01 00:06:09,305] {logging_mixin.py:104} INFO - [2021-04-01 00:06:09,305] {dagbag.py:448} INFO - Filling up the DagBag from /home/airflow/.local/lib/python3.6/site-packages/airflow/example_dags/example_short_circuit_operator.py
[2021-04-01 00:06:09,311] {scheduler_job.py:639} INFO - DAG(s) dict_keys(['example_short_circuit_operator']) retrieved from /home/airflow/.local/lib/python3.6/site-packages/airflow/example_dags/example_short_circuit_operator.py
[2021-04-01 00:06:09,323] {logging_mixin.py:104} INFO - [2021-04-01 00:06:09,323] {dag.py:1818} INFO - Sync 1 DAGs
[2021-04-01 00:06:09,331] {logging_mixin.py:104} INFO - [2021-04-01 00:06:09,331] {dag.py:2273} INFO - Setting next_dagrun for example_short_circuit_operator to 2021-03-30 00:00:00+00:00
[2021-04-01 00:06:09,336] {scheduler_job.py:190} INFO - Processing /home/airflow/.local/lib/python3.6/site-packages/airflow/example_dags/example_short_circuit_operator.py took 0.033 seconds
[2021-04-01 00:06:39,964] {scheduler_job.py:182} INFO - Started process (PID=469) to work on /home/airflow/.local/lib/python3.6/site-packages/airflow/example_dags/example_short_circuit_operator.py
[2021-04-01 00:06:39,965] {scheduler_job.py:629} INFO - Processing file /home/airflow/.local/lib/python3.6/site-packages/airflow/example_dags/example_short_circuit_operator.py for tasks to queue
[2021-04-01 00:06:39,965] {logging_mixin.py:104} INFO - [2021-04-01 00:06:39,965] {dagbag.py:448} INFO - Filling up the DagBag from /home/airflow/.local/lib/python3.6/site-packages/airflow/example_dags/example_short_circuit_operator.py
[2021-04-01 00:06:39,971] {scheduler_job.py:639} INFO - DAG(s) dict_keys(['example_short_circuit_operator']) retrieved from /home/airflow/.local/lib/python3.6/site-packages/airflow/example_dags/example_short_circuit_operator.py
[2021-04-01 00:06:39,981] {logging_mixin.py:104} INFO - [2021-04-01 00:06:39,981] {dag.py:1818} INFO - Sync 1 DAGs
[2021-04-01 00:06:39,990] {logging_mixin.py:104} INFO - [2021-04-01 00:06:39,989] {dag.py:2273} INFO - Setting next_dagrun for example_short_circuit_operator to 2021-03-30 00:00:00+00:00
[2021-04-01 00:06:39,995] {scheduler_job.py:190} INFO - Processing /home/airflow/.local/lib/python3.6/site-packages/airflow/example_dags/example_short_circuit_operator.py took 0.032 seconds
[2021-04-01 00:07:10,634] {scheduler_job.py:182} INFO - Started process (PID=495) to work on /home/airflow/.local/lib/python3.6/site-packages/airflow/example_dags/example_short_circuit_operator.py
[2021-04-01 00:07:10,634] {scheduler_job.py:629} INFO - Processing file /home/airflow/.local/lib/python3.6/site-packages/airflow/example_dags/example_short_circuit_operator.py for tasks to queue
[2021-04-01 00:07:10,634] {logging_mixin.py:104} INFO - [2021-04-01 00:07:10,634] {dagbag.py:448} INFO - Filling up the DagBag from /home/airflow/.local/lib/python3.6/site-packages/airflow/example_dags/example_short_circuit_operator.py
[2021-04-01 00:07:10,640] {scheduler_job.py:639} INFO - DAG(s) dict_keys(['example_short_circuit_operator']) retrieved from /home/airflow/.local/lib/python3.6/site-packages/airflow/example_dags/example_short_circuit_operator.py
[2021-04-01 00:07:10,651] {logging_mixin.py:104} INFO - [2021-04-01 00:07:10,651] {dag.py:1818} INFO - Sync 1 DAGs
[2021-04-01 00:07:10,659] {logging_mixin.py:104} INFO - [2021-04-01 00:07:10,659] {dag.py:2273} INFO - Setting next_dagrun for example_short_circuit_operator to 2021-03-30 00:00:00+00:00
[2021-04-01 00:07:10,665] {scheduler_job.py:190} INFO - Processing /home/airflow/.local/lib/python3.6/site-packages/airflow/example_dags/example_short_circuit_operator.py took 0.033 seconds
[2021-04-01 00:07:41,312] {scheduler_job.py:182} INFO - Started process (PID=521) to work on /home/airflow/.local/lib/python3.6/site-packages/airflow/example_dags/example_short_circuit_operator.py
[2021-04-01 00:07:41,312] {scheduler_job.py:629} INFO - Processing file /home/airflow/.local/lib/python3.6/site-packages/airflow/example_dags/example_short_circuit_operator.py for tasks to queue
[2021-04-01 00:07:41,312] {logging_mixin.py:104} INFO - [2021-04-01 00:07:41,312] {dagbag.py:448} INFO - Filling up the DagBag from /home/airflow/.local/lib/python3.6/site-packages/airflow/example_dags/example_short_circuit_operator.py
[2021-04-01 00:07:41,319] {scheduler_job.py:639} INFO - DAG(s) dict_keys(['example_short_circuit_operator']) retrieved from /home/airflow/.local/lib/python3.6/site-packages/airflow/example_dags/example_short_circuit_operator.py
[2021-04-01 00:07:41,329] {logging_mixin.py:104} INFO - [2021-04-01 00:07:41,329] {dag.py:1818} INFO - Sync 1 DAGs
[2021-04-01 00:07:41,338] {logging_mixin.py:104} INFO - [2021-04-01 00:07:41,337] {dag.py:2273} INFO - Setting next_dagrun for example_short_circuit_operator to 2021-03-30 00:00:00+00:00
[2021-04-01 00:07:41,344] {scheduler_job.py:190} INFO - Processing /home/airflow/.local/lib/python3.6/site-packages/airflow/example_dags/example_short_circuit_operator.py took 0.034 seconds
[2021-04-01 00:08:12,060] {scheduler_job.py:182} INFO - Started process (PID=547) to work on /home/airflow/.local/lib/python3.6/site-packages/airflow/example_dags/example_short_circuit_operator.py
[2021-04-01 00:08:12,060] {scheduler_job.py:629} INFO - Processing file /home/airflow/.local/lib/python3.6/site-packages/airflow/example_dags/example_short_circuit_operator.py for tasks to queue
[2021-04-01 00:08:12,061] {logging_mixin.py:104} INFO - [2021-04-01 00:08:12,061] {dagbag.py:448} INFO - Filling up the DagBag from /home/airflow/.local/lib/python3.6/site-packages/airflow/example_dags/example_short_circuit_operator.py
[2021-04-01 00:08:12,067] {scheduler_job.py:639} INFO - DAG(s) dict_keys(['example_short_circuit_operator']) retrieved from /home/airflow/.local/lib/python3.6/site-packages/airflow/example_dags/example_short_circuit_operator.py
[2021-04-01 00:08:12,078] {logging_mixin.py:104} INFO - [2021-04-01 00:08:12,078] {dag.py:1818} INFO - Sync 1 DAGs
[2021-04-01 00:08:12,085] {logging_mixin.py:104} INFO - [2021-04-01 00:08:12,085] {dag.py:2273} INFO - Setting next_dagrun for example_short_circuit_operator to 2021-03-30 00:00:00+00:00
[2021-04-01 00:08:12,091] {scheduler_job.py:190} INFO - Processing /home/airflow/.local/lib/python3.6/site-packages/airflow/example_dags/example_short_circuit_operator.py took 0.032 seconds
[2021-04-01 00:08:42,774] {scheduler_job.py:182} INFO - Started process (PID=573) to work on /home/airflow/.local/lib/python3.6/site-packages/airflow/example_dags/example_short_circuit_operator.py
[2021-04-01 00:08:42,775] {scheduler_job.py:629} INFO - Processing file /home/airflow/.local/lib/python3.6/site-packages/airflow/example_dags/example_short_circuit_operator.py for tasks to queue
[2021-04-01 00:08:42,775] {logging_mixin.py:104} INFO - [2021-04-01 00:08:42,775] {dagbag.py:448} INFO - Filling up the DagBag from /home/airflow/.local/lib/python3.6/site-packages/airflow/example_dags/example_short_circuit_operator.py
[2021-04-01 00:08:42,781] {scheduler_job.py:639} INFO - DAG(s) dict_keys(['example_short_circuit_operator']) retrieved from /home/airflow/.local/lib/python3.6/site-packages/airflow/example_dags/example_short_circuit_operator.py
[2021-04-01 00:08:42,792] {logging_mixin.py:104} INFO - [2021-04-01 00:08:42,792] {dag.py:1818} INFO - Sync 1 DAGs
[2021-04-01 00:08:42,799] {logging_mixin.py:104} INFO - [2021-04-01 00:08:42,799] {dag.py:2273} INFO - Setting next_dagrun for example_short_circuit_operator to 2021-03-30 00:00:00+00:00
[2021-04-01 00:08:42,805] {scheduler_job.py:190} INFO - Processing /home/airflow/.local/lib/python3.6/site-packages/airflow/example_dags/example_short_circuit_operator.py took 0.032 seconds
[2021-04-01 00:09:13,477] {scheduler_job.py:182} INFO - Started process (PID=599) to work on /home/airflow/.local/lib/python3.6/site-packages/airflow/example_dags/example_short_circuit_operator.py
[2021-04-01 00:09:13,479] {scheduler_job.py:629} INFO - Processing file /home/airflow/.local/lib/python3.6/site-packages/airflow/example_dags/example_short_circuit_operator.py for tasks to queue
[2021-04-01 00:09:13,481] {logging_mixin.py:104} INFO - [2021-04-01 00:09:13,481] {dagbag.py:448} INFO - Filling up the DagBag from /home/airflow/.local/lib/python3.6/site-packages/airflow/example_dags/example_short_circuit_operator.py
[2021-04-01 00:09:13,498] {scheduler_job.py:639} INFO - DAG(s) dict_keys(['example_short_circuit_operator']) retrieved from /home/airflow/.local/lib/python3.6/site-packages/airflow/example_dags/example_short_circuit_operator.py
[2021-04-01 00:09:13,515] {logging_mixin.py:104} INFO - [2021-04-01 00:09:13,515] {dag.py:1818} INFO - Sync 1 DAGs
[2021-04-01 00:09:13,524] {logging_mixin.py:104} INFO - [2021-04-01 00:09:13,524] {dag.py:2273} INFO - Setting next_dagrun for example_short_circuit_operator to 2021-03-30 00:00:00+00:00
[2021-04-01 00:09:13,531] {scheduler_job.py:190} INFO - Processing /home/airflow/.local/lib/python3.6/site-packages/airflow/example_dags/example_short_circuit_operator.py took 0.061 seconds
[2021-04-01 00:09:44,147] {scheduler_job.py:182} INFO - Started process (PID=625) to work on /home/airflow/.local/lib/python3.6/site-packages/airflow/example_dags/example_short_circuit_operator.py
[2021-04-01 00:09:44,147] {scheduler_job.py:629} INFO - Processing file /home/airflow/.local/lib/python3.6/site-packages/airflow/example_dags/example_short_circuit_operator.py for tasks to queue
[2021-04-01 00:09:44,148] {logging_mixin.py:104} INFO - [2021-04-01 00:09:44,148] {dagbag.py:448} INFO - Filling up the DagBag from /home/airflow/.local/lib/python3.6/site-packages/airflow/example_dags/example_short_circuit_operator.py
[2021-04-01 00:09:44,155] {scheduler_job.py:639} INFO - DAG(s) dict_keys(['example_short_circuit_operator']) retrieved from /home/airflow/.local/lib/python3.6/site-packages/airflow/example_dags/example_short_circuit_operator.py
[2021-04-01 00:09:44,166] {logging_mixin.py:104} INFO - [2021-04-01 00:09:44,166] {dag.py:1818} INFO - Sync 1 DAGs
[2021-04-01 00:09:44,173] {logging_mixin.py:104} INFO - [2021-04-01 00:09:44,173] {dag.py:2273} INFO - Setting next_dagrun for example_short_circuit_operator to 2021-03-30 00:00:00+00:00
[2021-04-01 00:09:44,179] {scheduler_job.py:190} INFO - Processing /home/airflow/.local/lib/python3.6/site-packages/airflow/example_dags/example_short_circuit_operator.py took 0.034 seconds
[2021-04-01 00:10:14,818] {scheduler_job.py:182} INFO - Started process (PID=651) to work on /home/airflow/.local/lib/python3.6/site-packages/airflow/example_dags/example_short_circuit_operator.py
[2021-04-01 00:10:14,819] {scheduler_job.py:629} INFO - Processing file /home/airflow/.local/lib/python3.6/site-packages/airflow/example_dags/example_short_circuit_operator.py for tasks to queue
[2021-04-01 00:10:14,819] {logging_mixin.py:104} INFO - [2021-04-01 00:10:14,819] {dagbag.py:448} INFO - Filling up the DagBag from /home/airflow/.local/lib/python3.6/site-packages/airflow/example_dags/example_short_circuit_operator.py
[2021-04-01 00:10:14,827] {scheduler_job.py:639} INFO - DAG(s) dict_keys(['example_short_circuit_operator']) retrieved from /home/airflow/.local/lib/python3.6/site-packages/airflow/example_dags/example_short_circuit_operator.py
[2021-04-01 00:10:14,837] {logging_mixin.py:104} INFO - [2021-04-01 00:10:14,837] {dag.py:1818} INFO - Sync 1 DAGs
[2021-04-01 00:10:14,844] {logging_mixin.py:104} INFO - [2021-04-01 00:10:14,844] {dag.py:2273} INFO - Setting next_dagrun for example_short_circuit_operator to 2021-03-30 00:00:00+00:00
[2021-04-01 00:10:14,850] {scheduler_job.py:190} INFO - Processing /home/airflow/.local/lib/python3.6/site-packages/airflow/example_dags/example_short_circuit_operator.py took 0.034 seconds
[2021-04-01 00:10:45,493] {scheduler_job.py:182} INFO - Started process (PID=677) to work on /home/airflow/.local/lib/python3.6/site-packages/airflow/example_dags/example_short_circuit_operator.py
[2021-04-01 00:10:45,493] {scheduler_job.py:629} INFO - Processing file /home/airflow/.local/lib/python3.6/site-packages/airflow/example_dags/example_short_circuit_operator.py for tasks to queue
[2021-04-01 00:10:45,494] {logging_mixin.py:104} INFO - [2021-04-01 00:10:45,493] {dagbag.py:448} INFO - Filling up the DagBag from /home/airflow/.local/lib/python3.6/site-packages/airflow/example_dags/example_short_circuit_operator.py
[2021-04-01 00:10:45,501] {scheduler_job.py:639} INFO - DAG(s) dict_keys(['example_short_circuit_operator']) retrieved from /home/airflow/.local/lib/python3.6/site-packages/airflow/example_dags/example_short_circuit_operator.py
[2021-04-01 00:10:45,511] {logging_mixin.py:104} INFO - [2021-04-01 00:10:45,511] {dag.py:1818} INFO - Sync 1 DAGs
[2021-04-01 00:10:45,518] {logging_mixin.py:104} INFO - [2021-04-01 00:10:45,518] {dag.py:2273} INFO - Setting next_dagrun for example_short_circuit_operator to 2021-03-30 00:00:00+00:00
[2021-04-01 00:10:45,525] {scheduler_job.py:190} INFO - Processing /home/airflow/.local/lib/python3.6/site-packages/airflow/example_dags/example_short_circuit_operator.py took 0.034 seconds
[2021-04-01 00:19:17,424] {scheduler_job.py:182} INFO - Started process (PID=39) to work on /home/airflow/.local/lib/python3.6/site-packages/airflow/example_dags/example_short_circuit_operator.py
[2021-04-01 00:19:17,424] {scheduler_job.py:629} INFO - Processing file /home/airflow/.local/lib/python3.6/site-packages/airflow/example_dags/example_short_circuit_operator.py for tasks to queue
[2021-04-01 00:19:17,424] {logging_mixin.py:104} INFO - [2021-04-01 00:19:17,424] {dagbag.py:448} INFO - Filling up the DagBag from /home/airflow/.local/lib/python3.6/site-packages/airflow/example_dags/example_short_circuit_operator.py
[2021-04-01 00:19:17,431] {scheduler_job.py:639} INFO - DAG(s) dict_keys(['example_short_circuit_operator']) retrieved from /home/airflow/.local/lib/python3.6/site-packages/airflow/example_dags/example_short_circuit_operator.py
[2021-04-01 00:19:17,442] {logging_mixin.py:104} INFO - [2021-04-01 00:19:17,442] {dag.py:1818} INFO - Sync 1 DAGs
[2021-04-01 00:19:17,450] {logging_mixin.py:104} INFO - [2021-04-01 00:19:17,450] {dag.py:2273} INFO - Setting next_dagrun for example_short_circuit_operator to 2021-03-30 00:00:00+00:00
[2021-04-01 00:19:17,456] {scheduler_job.py:190} INFO - Processing /home/airflow/.local/lib/python3.6/site-packages/airflow/example_dags/example_short_circuit_operator.py took 0.034 seconds
[2021-04-01 00:19:48,139] {scheduler_job.py:182} INFO - Started process (PID=65) to work on /home/airflow/.local/lib/python3.6/site-packages/airflow/example_dags/example_short_circuit_operator.py
[2021-04-01 00:19:48,139] {scheduler_job.py:629} INFO - Processing file /home/airflow/.local/lib/python3.6/site-packages/airflow/example_dags/example_short_circuit_operator.py for tasks to queue
[2021-04-01 00:19:48,140] {logging_mixin.py:104} INFO - [2021-04-01 00:19:48,140] {dagbag.py:448} INFO - Filling up the DagBag from /home/airflow/.local/lib/python3.6/site-packages/airflow/example_dags/example_short_circuit_operator.py
[2021-04-01 00:19:48,146] {scheduler_job.py:639} INFO - DAG(s) dict_keys(['example_short_circuit_operator']) retrieved from /home/airflow/.local/lib/python3.6/site-packages/airflow/example_dags/example_short_circuit_operator.py
[2021-04-01 00:19:48,156] {logging_mixin.py:104} INFO - [2021-04-01 00:19:48,156] {dag.py:1818} INFO - Sync 1 DAGs
[2021-04-01 00:19:48,163] {logging_mixin.py:104} INFO - [2021-04-01 00:19:48,163] {dag.py:2273} INFO - Setting next_dagrun for example_short_circuit_operator to 2021-03-30 00:00:00+00:00
[2021-04-01 00:19:48,169] {scheduler_job.py:190} INFO - Processing /home/airflow/.local/lib/python3.6/site-packages/airflow/example_dags/example_short_circuit_operator.py took 0.032 seconds
[2021-04-01 00:20:18,922] {scheduler_job.py:182} INFO - Started process (PID=91) to work on /home/airflow/.local/lib/python3.6/site-packages/airflow/example_dags/example_short_circuit_operator.py
[2021-04-01 00:20:18,922] {scheduler_job.py:629} INFO - Processing file /home/airflow/.local/lib/python3.6/site-packages/airflow/example_dags/example_short_circuit_operator.py for tasks to queue
[2021-04-01 00:20:18,923] {logging_mixin.py:104} INFO - [2021-04-01 00:20:18,923] {dagbag.py:448} INFO - Filling up the DagBag from /home/airflow/.local/lib/python3.6/site-packages/airflow/example_dags/example_short_circuit_operator.py
[2021-04-01 00:20:18,929] {scheduler_job.py:639} INFO - DAG(s) dict_keys(['example_short_circuit_operator']) retrieved from /home/airflow/.local/lib/python3.6/site-packages/airflow/example_dags/example_short_circuit_operator.py
[2021-04-01 00:20:18,939] {logging_mixin.py:104} INFO - [2021-04-01 00:20:18,939] {dag.py:1818} INFO - Sync 1 DAGs
[2021-04-01 00:20:18,946] {logging_mixin.py:104} INFO - [2021-04-01 00:20:18,946] {dag.py:2273} INFO - Setting next_dagrun for example_short_circuit_operator to 2021-03-30 00:00:00+00:00
[2021-04-01 00:20:18,952] {scheduler_job.py:190} INFO - Processing /home/airflow/.local/lib/python3.6/site-packages/airflow/example_dags/example_short_circuit_operator.py took 0.031 seconds
[2021-04-01 00:20:49,632] {scheduler_job.py:182} INFO - Started process (PID=117) to work on /home/airflow/.local/lib/python3.6/site-packages/airflow/example_dags/example_short_circuit_operator.py
[2021-04-01 00:20:49,632] {scheduler_job.py:629} INFO - Processing file /home/airflow/.local/lib/python3.6/site-packages/airflow/example_dags/example_short_circuit_operator.py for tasks to queue
[2021-04-01 00:20:49,632] {logging_mixin.py:104} INFO - [2021-04-01 00:20:49,632] {dagbag.py:448} INFO - Filling up the DagBag from /home/airflow/.local/lib/python3.6/site-packages/airflow/example_dags/example_short_circuit_operator.py
[2021-04-01 00:20:49,639] {scheduler_job.py:639} INFO - DAG(s) dict_keys(['example_short_circuit_operator']) retrieved from /home/airflow/.local/lib/python3.6/site-packages/airflow/example_dags/example_short_circuit_operator.py
[2021-04-01 00:20:49,649] {logging_mixin.py:104} INFO - [2021-04-01 00:20:49,649] {dag.py:1818} INFO - Sync 1 DAGs
[2021-04-01 00:20:49,656] {logging_mixin.py:104} INFO - [2021-04-01 00:20:49,656] {dag.py:2273} INFO - Setting next_dagrun for example_short_circuit_operator to 2021-03-30 00:00:00+00:00
[2021-04-01 00:20:49,662] {scheduler_job.py:190} INFO - Processing /home/airflow/.local/lib/python3.6/site-packages/airflow/example_dags/example_short_circuit_operator.py took 0.032 seconds
[2021-04-01 00:21:20,336] {scheduler_job.py:182} INFO - Started process (PID=143) to work on /home/airflow/.local/lib/python3.6/site-packages/airflow/example_dags/example_short_circuit_operator.py
[2021-04-01 00:21:20,336] {scheduler_job.py:629} INFO - Processing file /home/airflow/.local/lib/python3.6/site-packages/airflow/example_dags/example_short_circuit_operator.py for tasks to queue
[2021-04-01 00:21:20,337] {logging_mixin.py:104} INFO - [2021-04-01 00:21:20,337] {dagbag.py:448} INFO - Filling up the DagBag from /home/airflow/.local/lib/python3.6/site-packages/airflow/example_dags/example_short_circuit_operator.py
[2021-04-01 00:21:20,345] {scheduler_job.py:639} INFO - DAG(s) dict_keys(['example_short_circuit_operator']) retrieved from /home/airflow/.local/lib/python3.6/site-packages/airflow/example_dags/example_short_circuit_operator.py
[2021-04-01 00:21:20,356] {logging_mixin.py:104} INFO - [2021-04-01 00:21:20,356] {dag.py:1818} INFO - Sync 1 DAGs
[2021-04-01 00:21:20,364] {logging_mixin.py:104} INFO - [2021-04-01 00:21:20,364] {dag.py:2273} INFO - Setting next_dagrun for example_short_circuit_operator to 2021-03-30 00:00:00+00:00
[2021-04-01 00:21:20,370] {scheduler_job.py:190} INFO - Processing /home/airflow/.local/lib/python3.6/site-packages/airflow/example_dags/example_short_circuit_operator.py took 0.036 seconds
[2021-04-01 00:21:50,984] {scheduler_job.py:182} INFO - Started process (PID=169) to work on /home/airflow/.local/lib/python3.6/site-packages/airflow/example_dags/example_short_circuit_operator.py
[2021-04-01 00:21:50,984] {scheduler_job.py:629} INFO - Processing file /home/airflow/.local/lib/python3.6/site-packages/airflow/example_dags/example_short_circuit_operator.py for tasks to queue
[2021-04-01 00:21:50,985] {logging_mixin.py:104} INFO - [2021-04-01 00:21:50,985] {dagbag.py:448} INFO - Filling up the DagBag from /home/airflow/.local/lib/python3.6/site-packages/airflow/example_dags/example_short_circuit_operator.py
[2021-04-01 00:21:50,991] {scheduler_job.py:639} INFO - DAG(s) dict_keys(['example_short_circuit_operator']) retrieved from /home/airflow/.local/lib/python3.6/site-packages/airflow/example_dags/example_short_circuit_operator.py
[2021-04-01 00:21:51,002] {logging_mixin.py:104} INFO - [2021-04-01 00:21:51,002] {dag.py:1818} INFO - Sync 1 DAGs
[2021-04-01 00:21:51,010] {logging_mixin.py:104} INFO - [2021-04-01 00:21:51,010] {dag.py:2273} INFO - Setting next_dagrun for example_short_circuit_operator to 2021-03-30 00:00:00+00:00
[2021-04-01 00:21:51,016] {scheduler_job.py:190} INFO - Processing /home/airflow/.local/lib/python3.6/site-packages/airflow/example_dags/example_short_circuit_operator.py took 0.034 seconds
[2021-04-01 00:22:21,585] {scheduler_job.py:182} INFO - Started process (PID=195) to work on /home/airflow/.local/lib/python3.6/site-packages/airflow/example_dags/example_short_circuit_operator.py
[2021-04-01 00:22:21,585] {scheduler_job.py:629} INFO - Processing file /home/airflow/.local/lib/python3.6/site-packages/airflow/example_dags/example_short_circuit_operator.py for tasks to queue
[2021-04-01 00:22:21,585] {logging_mixin.py:104} INFO - [2021-04-01 00:22:21,585] {dagbag.py:448} INFO - Filling up the DagBag from /home/airflow/.local/lib/python3.6/site-packages/airflow/example_dags/example_short_circuit_operator.py
[2021-04-01 00:22:21,591] {scheduler_job.py:639} INFO - DAG(s) dict_keys(['example_short_circuit_operator']) retrieved from /home/airflow/.local/lib/python3.6/site-packages/airflow/example_dags/example_short_circuit_operator.py
[2021-04-01 00:22:21,602] {logging_mixin.py:104} INFO - [2021-04-01 00:22:21,602] {dag.py:1818} INFO - Sync 1 DAGs
[2021-04-01 00:22:21,609] {logging_mixin.py:104} INFO - [2021-04-01 00:22:21,609] {dag.py:2273} INFO - Setting next_dagrun for example_short_circuit_operator to 2021-03-30 00:00:00+00:00
[2021-04-01 00:22:21,616] {scheduler_job.py:190} INFO - Processing /home/airflow/.local/lib/python3.6/site-packages/airflow/example_dags/example_short_circuit_operator.py took 0.032 seconds
[2021-04-01 00:22:52,273] {scheduler_job.py:182} INFO - Started process (PID=221) to work on /home/airflow/.local/lib/python3.6/site-packages/airflow/example_dags/example_short_circuit_operator.py
[2021-04-01 00:22:52,274] {scheduler_job.py:629} INFO - Processing file /home/airflow/.local/lib/python3.6/site-packages/airflow/example_dags/example_short_circuit_operator.py for tasks to queue
[2021-04-01 00:22:52,274] {logging_mixin.py:104} INFO - [2021-04-01 00:22:52,274] {dagbag.py:448} INFO - Filling up the DagBag from /home/airflow/.local/lib/python3.6/site-packages/airflow/example_dags/example_short_circuit_operator.py
[2021-04-01 00:22:52,280] {scheduler_job.py:639} INFO - DAG(s) dict_keys(['example_short_circuit_operator']) retrieved from /home/airflow/.local/lib/python3.6/site-packages/airflow/example_dags/example_short_circuit_operator.py
[2021-04-01 00:22:52,290] {logging_mixin.py:104} INFO - [2021-04-01 00:22:52,290] {dag.py:1818} INFO - Sync 1 DAGs
[2021-04-01 00:22:52,297] {logging_mixin.py:104} INFO - [2021-04-01 00:22:52,297] {dag.py:2273} INFO - Setting next_dagrun for example_short_circuit_operator to 2021-03-30 00:00:00+00:00
[2021-04-01 00:22:52,302] {scheduler_job.py:190} INFO - Processing /home/airflow/.local/lib/python3.6/site-packages/airflow/example_dags/example_short_circuit_operator.py took 0.030 seconds
[2021-04-01 00:23:22,885] {scheduler_job.py:182} INFO - Started process (PID=247) to work on /home/airflow/.local/lib/python3.6/site-packages/airflow/example_dags/example_short_circuit_operator.py
[2021-04-01 00:23:22,885] {scheduler_job.py:629} INFO - Processing file /home/airflow/.local/lib/python3.6/site-packages/airflow/example_dags/example_short_circuit_operator.py for tasks to queue
[2021-04-01 00:23:22,885] {logging_mixin.py:104} INFO - [2021-04-01 00:23:22,885] {dagbag.py:448} INFO - Filling up the DagBag from /home/airflow/.local/lib/python3.6/site-packages/airflow/example_dags/example_short_circuit_operator.py
[2021-04-01 00:23:22,891] {scheduler_job.py:639} INFO - DAG(s) dict_keys(['example_short_circuit_operator']) retrieved from /home/airflow/.local/lib/python3.6/site-packages/airflow/example_dags/example_short_circuit_operator.py
[2021-04-01 00:23:22,901] {logging_mixin.py:104} INFO - [2021-04-01 00:23:22,901] {dag.py:1818} INFO - Sync 1 DAGs
[2021-04-01 00:23:22,908] {logging_mixin.py:104} INFO - [2021-04-01 00:23:22,908] {dag.py:2273} INFO - Setting next_dagrun for example_short_circuit_operator to 2021-03-30 00:00:00+00:00
[2021-04-01 00:23:22,914] {scheduler_job.py:190} INFO - Processing /home/airflow/.local/lib/python3.6/site-packages/airflow/example_dags/example_short_circuit_operator.py took 0.031 seconds
[2021-04-01 00:23:53,522] {scheduler_job.py:182} INFO - Started process (PID=273) to work on /home/airflow/.local/lib/python3.6/site-packages/airflow/example_dags/example_short_circuit_operator.py
[2021-04-01 00:23:53,522] {scheduler_job.py:629} INFO - Processing file /home/airflow/.local/lib/python3.6/site-packages/airflow/example_dags/example_short_circuit_operator.py for tasks to queue
[2021-04-01 00:23:53,523] {logging_mixin.py:104} INFO - [2021-04-01 00:23:53,523] {dagbag.py:448} INFO - Filling up the DagBag from /home/airflow/.local/lib/python3.6/site-packages/airflow/example_dags/example_short_circuit_operator.py
[2021-04-01 00:23:53,529] {scheduler_job.py:639} INFO - DAG(s) dict_keys(['example_short_circuit_operator']) retrieved from /home/airflow/.local/lib/python3.6/site-packages/airflow/example_dags/example_short_circuit_operator.py
[2021-04-01 00:23:53,538] {logging_mixin.py:104} INFO - [2021-04-01 00:23:53,538] {dag.py:1818} INFO - Sync 1 DAGs
[2021-04-01 00:23:53,546] {logging_mixin.py:104} INFO - [2021-04-01 00:23:53,545] {dag.py:2273} INFO - Setting next_dagrun for example_short_circuit_operator to 2021-03-30 00:00:00+00:00
[2021-04-01 00:23:53,551] {scheduler_job.py:190} INFO - Processing /home/airflow/.local/lib/python3.6/site-packages/airflow/example_dags/example_short_circuit_operator.py took 0.031 seconds
[2021-04-01 00:24:24,232] {scheduler_job.py:182} INFO - Started process (PID=299) to work on /home/airflow/.local/lib/python3.6/site-packages/airflow/example_dags/example_short_circuit_operator.py
[2021-04-01 00:24:24,232] {scheduler_job.py:629} INFO - Processing file /home/airflow/.local/lib/python3.6/site-packages/airflow/example_dags/example_short_circuit_operator.py for tasks to queue
[2021-04-01 00:24:24,232] {logging_mixin.py:104} INFO - [2021-04-01 00:24:24,232] {dagbag.py:448} INFO - Filling up the DagBag from /home/airflow/.local/lib/python3.6/site-packages/airflow/example_dags/example_short_circuit_operator.py
[2021-04-01 00:24:24,238] {scheduler_job.py:639} INFO - DAG(s) dict_keys(['example_short_circuit_operator']) retrieved from /home/airflow/.local/lib/python3.6/site-packages/airflow/example_dags/example_short_circuit_operator.py
[2021-04-01 00:24:24,248] {logging_mixin.py:104} INFO - [2021-04-01 00:24:24,248] {dag.py:1818} INFO - Sync 1 DAGs
[2021-04-01 00:24:24,255] {logging_mixin.py:104} INFO - [2021-04-01 00:24:24,255] {dag.py:2273} INFO - Setting next_dagrun for example_short_circuit_operator to 2021-03-30 00:00:00+00:00
[2021-04-01 00:24:24,263] {scheduler_job.py:190} INFO - Processing /home/airflow/.local/lib/python3.6/site-packages/airflow/example_dags/example_short_circuit_operator.py took 0.033 seconds
[2021-04-01 00:24:54,852] {scheduler_job.py:182} INFO - Started process (PID=325) to work on /home/airflow/.local/lib/python3.6/site-packages/airflow/example_dags/example_short_circuit_operator.py
[2021-04-01 00:24:54,852] {scheduler_job.py:629} INFO - Processing file /home/airflow/.local/lib/python3.6/site-packages/airflow/example_dags/example_short_circuit_operator.py for tasks to queue
[2021-04-01 00:24:54,853] {logging_mixin.py:104} INFO - [2021-04-01 00:24:54,853] {dagbag.py:448} INFO - Filling up the DagBag from /home/airflow/.local/lib/python3.6/site-packages/airflow/example_dags/example_short_circuit_operator.py
[2021-04-01 00:24:54,859] {scheduler_job.py:639} INFO - DAG(s) dict_keys(['example_short_circuit_operator']) retrieved from /home/airflow/.local/lib/python3.6/site-packages/airflow/example_dags/example_short_circuit_operator.py
[2021-04-01 00:24:54,870] {logging_mixin.py:104} INFO - [2021-04-01 00:24:54,870] {dag.py:1818} INFO - Sync 1 DAGs
[2021-04-01 00:24:54,877] {logging_mixin.py:104} INFO - [2021-04-01 00:24:54,877] {dag.py:2273} INFO - Setting next_dagrun for example_short_circuit_operator to 2021-03-30 00:00:00+00:00
[2021-04-01 00:24:54,885] {scheduler_job.py:190} INFO - Processing /home/airflow/.local/lib/python3.6/site-packages/airflow/example_dags/example_short_circuit_operator.py took 0.034 seconds
[2021-04-01 00:25:25,507] {scheduler_job.py:182} INFO - Started process (PID=351) to work on /home/airflow/.local/lib/python3.6/site-packages/airflow/example_dags/example_short_circuit_operator.py
[2021-04-01 00:25:25,507] {scheduler_job.py:629} INFO - Processing file /home/airflow/.local/lib/python3.6/site-packages/airflow/example_dags/example_short_circuit_operator.py for tasks to queue
[2021-04-01 00:25:25,508] {logging_mixin.py:104} INFO - [2021-04-01 00:25:25,508] {dagbag.py:448} INFO - Filling up the DagBag from /home/airflow/.local/lib/python3.6/site-packages/airflow/example_dags/example_short_circuit_operator.py
[2021-04-01 00:25:25,514] {scheduler_job.py:639} INFO - DAG(s) dict_keys(['example_short_circuit_operator']) retrieved from /home/airflow/.local/lib/python3.6/site-packages/airflow/example_dags/example_short_circuit_operator.py
[2021-04-01 00:25:25,525] {logging_mixin.py:104} INFO - [2021-04-01 00:25:25,525] {dag.py:1818} INFO - Sync 1 DAGs
[2021-04-01 00:25:25,533] {logging_mixin.py:104} INFO - [2021-04-01 00:25:25,533] {dag.py:2273} INFO - Setting next_dagrun for example_short_circuit_operator to 2021-03-30 00:00:00+00:00
[2021-04-01 00:25:25,538] {scheduler_job.py:190} INFO - Processing /home/airflow/.local/lib/python3.6/site-packages/airflow/example_dags/example_short_circuit_operator.py took 0.033 seconds
[2021-04-01 00:25:56,135] {scheduler_job.py:182} INFO - Started process (PID=377) to work on /home/airflow/.local/lib/python3.6/site-packages/airflow/example_dags/example_short_circuit_operator.py
[2021-04-01 00:25:56,135] {scheduler_job.py:629} INFO - Processing file /home/airflow/.local/lib/python3.6/site-packages/airflow/example_dags/example_short_circuit_operator.py for tasks to queue
[2021-04-01 00:25:56,135] {logging_mixin.py:104} INFO - [2021-04-01 00:25:56,135] {dagbag.py:448} INFO - Filling up the DagBag from /home/airflow/.local/lib/python3.6/site-packages/airflow/example_dags/example_short_circuit_operator.py
[2021-04-01 00:25:56,142] {scheduler_job.py:639} INFO - DAG(s) dict_keys(['example_short_circuit_operator']) retrieved from /home/airflow/.local/lib/python3.6/site-packages/airflow/example_dags/example_short_circuit_operator.py
[2021-04-01 00:25:56,153] {logging_mixin.py:104} INFO - [2021-04-01 00:25:56,153] {dag.py:1818} INFO - Sync 1 DAGs
[2021-04-01 00:25:56,162] {logging_mixin.py:104} INFO - [2021-04-01 00:25:56,162] {dag.py:2273} INFO - Setting next_dagrun for example_short_circuit_operator to 2021-03-30 00:00:00+00:00
[2021-04-01 00:25:56,168] {scheduler_job.py:190} INFO - Processing /home/airflow/.local/lib/python3.6/site-packages/airflow/example_dags/example_short_circuit_operator.py took 0.035 seconds
[2021-04-01 00:26:26,735] {scheduler_job.py:182} INFO - Started process (PID=403) to work on /home/airflow/.local/lib/python3.6/site-packages/airflow/example_dags/example_short_circuit_operator.py
[2021-04-01 00:26:26,735] {scheduler_job.py:629} INFO - Processing file /home/airflow/.local/lib/python3.6/site-packages/airflow/example_dags/example_short_circuit_operator.py for tasks to queue
[2021-04-01 00:26:26,736] {logging_mixin.py:104} INFO - [2021-04-01 00:26:26,736] {dagbag.py:448} INFO - Filling up the DagBag from /home/airflow/.local/lib/python3.6/site-packages/airflow/example_dags/example_short_circuit_operator.py
[2021-04-01 00:26:26,742] {scheduler_job.py:639} INFO - DAG(s) dict_keys(['example_short_circuit_operator']) retrieved from /home/airflow/.local/lib/python3.6/site-packages/airflow/example_dags/example_short_circuit_operator.py
[2021-04-01 00:26:26,752] {logging_mixin.py:104} INFO - [2021-04-01 00:26:26,752] {dag.py:1818} INFO - Sync 1 DAGs
[2021-04-01 00:26:26,760] {logging_mixin.py:104} INFO - [2021-04-01 00:26:26,760] {dag.py:2273} INFO - Setting next_dagrun for example_short_circuit_operator to 2021-03-30 00:00:00+00:00
[2021-04-01 00:26:26,766] {scheduler_job.py:190} INFO - Processing /home/airflow/.local/lib/python3.6/site-packages/airflow/example_dags/example_short_circuit_operator.py took 0.033 seconds
[2021-04-01 00:26:57,393] {scheduler_job.py:182} INFO - Started process (PID=429) to work on /home/airflow/.local/lib/python3.6/site-packages/airflow/example_dags/example_short_circuit_operator.py
[2021-04-01 00:26:57,394] {scheduler_job.py:629} INFO - Processing file /home/airflow/.local/lib/python3.6/site-packages/airflow/example_dags/example_short_circuit_operator.py for tasks to queue
[2021-04-01 00:26:57,394] {logging_mixin.py:104} INFO - [2021-04-01 00:26:57,394] {dagbag.py:448} INFO - Filling up the DagBag from /home/airflow/.local/lib/python3.6/site-packages/airflow/example_dags/example_short_circuit_operator.py
[2021-04-01 00:26:57,400] {scheduler_job.py:639} INFO - DAG(s) dict_keys(['example_short_circuit_operator']) retrieved from /home/airflow/.local/lib/python3.6/site-packages/airflow/example_dags/example_short_circuit_operator.py
[2021-04-01 00:26:57,410] {logging_mixin.py:104} INFO - [2021-04-01 00:26:57,410] {dag.py:1818} INFO - Sync 1 DAGs
[2021-04-01 00:26:57,418] {logging_mixin.py:104} INFO - [2021-04-01 00:26:57,418] {dag.py:2273} INFO - Setting next_dagrun for example_short_circuit_operator to 2021-03-30 00:00:00+00:00
[2021-04-01 00:26:57,425] {scheduler_job.py:190} INFO - Processing /home/airflow/.local/lib/python3.6/site-packages/airflow/example_dags/example_short_circuit_operator.py took 0.033 seconds
[2021-04-01 00:27:28,048] {scheduler_job.py:182} INFO - Started process (PID=455) to work on /home/airflow/.local/lib/python3.6/site-packages/airflow/example_dags/example_short_circuit_operator.py
[2021-04-01 00:27:28,048] {scheduler_job.py:629} INFO - Processing file /home/airflow/.local/lib/python3.6/site-packages/airflow/example_dags/example_short_circuit_operator.py for tasks to queue
[2021-04-01 00:27:28,048] {logging_mixin.py:104} INFO - [2021-04-01 00:27:28,048] {dagbag.py:448} INFO - Filling up the DagBag from /home/airflow/.local/lib/python3.6/site-packages/airflow/example_dags/example_short_circuit_operator.py
[2021-04-01 00:27:28,055] {scheduler_job.py:639} INFO - DAG(s) dict_keys(['example_short_circuit_operator']) retrieved from /home/airflow/.local/lib/python3.6/site-packages/airflow/example_dags/example_short_circuit_operator.py
[2021-04-01 00:27:28,065] {logging_mixin.py:104} INFO - [2021-04-01 00:27:28,065] {dag.py:1818} INFO - Sync 1 DAGs
[2021-04-01 00:27:28,073] {logging_mixin.py:104} INFO - [2021-04-01 00:27:28,073] {dag.py:2273} INFO - Setting next_dagrun for example_short_circuit_operator to 2021-03-30 00:00:00+00:00
[2021-04-01 00:27:28,080] {scheduler_job.py:190} INFO - Processing /home/airflow/.local/lib/python3.6/site-packages/airflow/example_dags/example_short_circuit_operator.py took 0.033 seconds
[2021-04-01 00:27:58,725] {scheduler_job.py:182} INFO - Started process (PID=481) to work on /home/airflow/.local/lib/python3.6/site-packages/airflow/example_dags/example_short_circuit_operator.py
[2021-04-01 00:27:58,725] {scheduler_job.py:629} INFO - Processing file /home/airflow/.local/lib/python3.6/site-packages/airflow/example_dags/example_short_circuit_operator.py for tasks to queue
[2021-04-01 00:27:58,726] {logging_mixin.py:104} INFO - [2021-04-01 00:27:58,726] {dagbag.py:448} INFO - Filling up the DagBag from /home/airflow/.local/lib/python3.6/site-packages/airflow/example_dags/example_short_circuit_operator.py
[2021-04-01 00:27:58,732] {scheduler_job.py:639} INFO - DAG(s) dict_keys(['example_short_circuit_operator']) retrieved from /home/airflow/.local/lib/python3.6/site-packages/airflow/example_dags/example_short_circuit_operator.py
[2021-04-01 00:27:58,742] {logging_mixin.py:104} INFO - [2021-04-01 00:27:58,742] {dag.py:1818} INFO - Sync 1 DAGs
[2021-04-01 00:27:58,750] {logging_mixin.py:104} INFO - [2021-04-01 00:27:58,750] {dag.py:2273} INFO - Setting next_dagrun for example_short_circuit_operator to 2021-03-30 00:00:00+00:00
[2021-04-01 00:27:58,756] {scheduler_job.py:190} INFO - Processing /home/airflow/.local/lib/python3.6/site-packages/airflow/example_dags/example_short_circuit_operator.py took 0.032 seconds
[2021-04-01 00:28:29,366] {scheduler_job.py:182} INFO - Started process (PID=507) to work on /home/airflow/.local/lib/python3.6/site-packages/airflow/example_dags/example_short_circuit_operator.py
[2021-04-01 00:28:29,367] {scheduler_job.py:629} INFO - Processing file /home/airflow/.local/lib/python3.6/site-packages/airflow/example_dags/example_short_circuit_operator.py for tasks to queue
[2021-04-01 00:28:29,367] {logging_mixin.py:104} INFO - [2021-04-01 00:28:29,367] {dagbag.py:448} INFO - Filling up the DagBag from /home/airflow/.local/lib/python3.6/site-packages/airflow/example_dags/example_short_circuit_operator.py
[2021-04-01 00:28:29,373] {scheduler_job.py:639} INFO - DAG(s) dict_keys(['example_short_circuit_operator']) retrieved from /home/airflow/.local/lib/python3.6/site-packages/airflow/example_dags/example_short_circuit_operator.py
[2021-04-01 00:28:29,383] {logging_mixin.py:104} INFO - [2021-04-01 00:28:29,383] {dag.py:1818} INFO - Sync 1 DAGs
[2021-04-01 00:28:29,391] {logging_mixin.py:104} INFO - [2021-04-01 00:28:29,391] {dag.py:2273} INFO - Setting next_dagrun for example_short_circuit_operator to 2021-03-30 00:00:00+00:00
[2021-04-01 00:28:29,397] {scheduler_job.py:190} INFO - Processing /home/airflow/.local/lib/python3.6/site-packages/airflow/example_dags/example_short_circuit_operator.py took 0.032 seconds
[2021-04-01 00:29:00,006] {scheduler_job.py:182} INFO - Started process (PID=533) to work on /home/airflow/.local/lib/python3.6/site-packages/airflow/example_dags/example_short_circuit_operator.py
[2021-04-01 00:29:00,007] {scheduler_job.py:629} INFO - Processing file /home/airflow/.local/lib/python3.6/site-packages/airflow/example_dags/example_short_circuit_operator.py for tasks to queue
[2021-04-01 00:29:00,007] {logging_mixin.py:104} INFO - [2021-04-01 00:29:00,007] {dagbag.py:448} INFO - Filling up the DagBag from /home/airflow/.local/lib/python3.6/site-packages/airflow/example_dags/example_short_circuit_operator.py
[2021-04-01 00:29:00,013] {scheduler_job.py:639} INFO - DAG(s) dict_keys(['example_short_circuit_operator']) retrieved from /home/airflow/.local/lib/python3.6/site-packages/airflow/example_dags/example_short_circuit_operator.py
[2021-04-01 00:29:00,024] {logging_mixin.py:104} INFO - [2021-04-01 00:29:00,024] {dag.py:1818} INFO - Sync 1 DAGs
[2021-04-01 00:29:00,032] {logging_mixin.py:104} INFO - [2021-04-01 00:29:00,032] {dag.py:2273} INFO - Setting next_dagrun for example_short_circuit_operator to 2021-03-30 00:00:00+00:00
[2021-04-01 00:29:00,038] {scheduler_job.py:190} INFO - Processing /home/airflow/.local/lib/python3.6/site-packages/airflow/example_dags/example_short_circuit_operator.py took 0.033 seconds
[2021-04-01 00:29:30,665] {scheduler_job.py:182} INFO - Started process (PID=559) to work on /home/airflow/.local/lib/python3.6/site-packages/airflow/example_dags/example_short_circuit_operator.py
[2021-04-01 00:29:30,665] {scheduler_job.py:629} INFO - Processing file /home/airflow/.local/lib/python3.6/site-packages/airflow/example_dags/example_short_circuit_operator.py for tasks to queue
[2021-04-01 00:29:30,665] {logging_mixin.py:104} INFO - [2021-04-01 00:29:30,665] {dagbag.py:448} INFO - Filling up the DagBag from /home/airflow/.local/lib/python3.6/site-packages/airflow/example_dags/example_short_circuit_operator.py
[2021-04-01 00:29:30,671] {scheduler_job.py:639} INFO - DAG(s) dict_keys(['example_short_circuit_operator']) retrieved from /home/airflow/.local/lib/python3.6/site-packages/airflow/example_dags/example_short_circuit_operator.py
[2021-04-01 00:29:30,682] {logging_mixin.py:104} INFO - [2021-04-01 00:29:30,682] {dag.py:1818} INFO - Sync 1 DAGs
[2021-04-01 00:29:30,689] {logging_mixin.py:104} INFO - [2021-04-01 00:29:30,689] {dag.py:2273} INFO - Setting next_dagrun for example_short_circuit_operator to 2021-03-30 00:00:00+00:00
[2021-04-01 00:29:30,696] {scheduler_job.py:190} INFO - Processing /home/airflow/.local/lib/python3.6/site-packages/airflow/example_dags/example_short_circuit_operator.py took 0.033 seconds
[2021-04-01 00:30:01,325] {scheduler_job.py:182} INFO - Started process (PID=585) to work on /home/airflow/.local/lib/python3.6/site-packages/airflow/example_dags/example_short_circuit_operator.py
[2021-04-01 00:30:01,326] {scheduler_job.py:629} INFO - Processing file /home/airflow/.local/lib/python3.6/site-packages/airflow/example_dags/example_short_circuit_operator.py for tasks to queue
[2021-04-01 00:30:01,326] {logging_mixin.py:104} INFO - [2021-04-01 00:30:01,326] {dagbag.py:448} INFO - Filling up the DagBag from /home/airflow/.local/lib/python3.6/site-packages/airflow/example_dags/example_short_circuit_operator.py
[2021-04-01 00:30:01,333] {scheduler_job.py:639} INFO - DAG(s) dict_keys(['example_short_circuit_operator']) retrieved from /home/airflow/.local/lib/python3.6/site-packages/airflow/example_dags/example_short_circuit_operator.py
[2021-04-01 00:30:01,344] {logging_mixin.py:104} INFO - [2021-04-01 00:30:01,344] {dag.py:1818} INFO - Sync 1 DAGs
[2021-04-01 00:30:01,351] {logging_mixin.py:104} INFO - [2021-04-01 00:30:01,351] {dag.py:2273} INFO - Setting next_dagrun for example_short_circuit_operator to 2021-03-30 00:00:00+00:00
[2021-04-01 00:30:01,356] {scheduler_job.py:190} INFO - Processing /home/airflow/.local/lib/python3.6/site-packages/airflow/example_dags/example_short_circuit_operator.py took 0.032 seconds
[2021-04-01 00:30:31,962] {scheduler_job.py:182} INFO - Started process (PID=611) to work on /home/airflow/.local/lib/python3.6/site-packages/airflow/example_dags/example_short_circuit_operator.py
[2021-04-01 00:30:31,963] {scheduler_job.py:629} INFO - Processing file /home/airflow/.local/lib/python3.6/site-packages/airflow/example_dags/example_short_circuit_operator.py for tasks to queue
[2021-04-01 00:30:31,963] {logging_mixin.py:104} INFO - [2021-04-01 00:30:31,963] {dagbag.py:448} INFO - Filling up the DagBag from /home/airflow/.local/lib/python3.6/site-packages/airflow/example_dags/example_short_circuit_operator.py
[2021-04-01 00:30:31,970] {scheduler_job.py:639} INFO - DAG(s) dict_keys(['example_short_circuit_operator']) retrieved from /home/airflow/.local/lib/python3.6/site-packages/airflow/example_dags/example_short_circuit_operator.py
[2021-04-01 00:30:31,980] {logging_mixin.py:104} INFO - [2021-04-01 00:30:31,980] {dag.py:1818} INFO - Sync 1 DAGs
[2021-04-01 00:30:31,987] {logging_mixin.py:104} INFO - [2021-04-01 00:30:31,987] {dag.py:2273} INFO - Setting next_dagrun for example_short_circuit_operator to 2021-03-30 00:00:00+00:00
[2021-04-01 00:30:31,993] {scheduler_job.py:190} INFO - Processing /home/airflow/.local/lib/python3.6/site-packages/airflow/example_dags/example_short_circuit_operator.py took 0.032 seconds
[2021-04-01 00:31:02,590] {scheduler_job.py:182} INFO - Started process (PID=637) to work on /home/airflow/.local/lib/python3.6/site-packages/airflow/example_dags/example_short_circuit_operator.py
[2021-04-01 00:31:02,591] {scheduler_job.py:629} INFO - Processing file /home/airflow/.local/lib/python3.6/site-packages/airflow/example_dags/example_short_circuit_operator.py for tasks to queue
[2021-04-01 00:31:02,591] {logging_mixin.py:104} INFO - [2021-04-01 00:31:02,591] {dagbag.py:448} INFO - Filling up the DagBag from /home/airflow/.local/lib/python3.6/site-packages/airflow/example_dags/example_short_circuit_operator.py
[2021-04-01 00:31:02,598] {scheduler_job.py:639} INFO - DAG(s) dict_keys(['example_short_circuit_operator']) retrieved from /home/airflow/.local/lib/python3.6/site-packages/airflow/example_dags/example_short_circuit_operator.py
[2021-04-01 00:31:02,608] {logging_mixin.py:104} INFO - [2021-04-01 00:31:02,608] {dag.py:1818} INFO - Sync 1 DAGs
[2021-04-01 00:31:02,615] {logging_mixin.py:104} INFO - [2021-04-01 00:31:02,615] {dag.py:2273} INFO - Setting next_dagrun for example_short_circuit_operator to 2021-03-30 00:00:00+00:00
[2021-04-01 00:31:02,621] {scheduler_job.py:190} INFO - Processing /home/airflow/.local/lib/python3.6/site-packages/airflow/example_dags/example_short_circuit_operator.py took 0.032 seconds
[2021-04-01 00:31:33,196] {scheduler_job.py:182} INFO - Started process (PID=663) to work on /home/airflow/.local/lib/python3.6/site-packages/airflow/example_dags/example_short_circuit_operator.py
[2021-04-01 00:31:33,196] {scheduler_job.py:629} INFO - Processing file /home/airflow/.local/lib/python3.6/site-packages/airflow/example_dags/example_short_circuit_operator.py for tasks to queue
[2021-04-01 00:31:33,197] {logging_mixin.py:104} INFO - [2021-04-01 00:31:33,197] {dagbag.py:448} INFO - Filling up the DagBag from /home/airflow/.local/lib/python3.6/site-packages/airflow/example_dags/example_short_circuit_operator.py
[2021-04-01 00:31:33,203] {scheduler_job.py:639} INFO - DAG(s) dict_keys(['example_short_circuit_operator']) retrieved from /home/airflow/.local/lib/python3.6/site-packages/airflow/example_dags/example_short_circuit_operator.py
[2021-04-01 00:31:33,213] {logging_mixin.py:104} INFO - [2021-04-01 00:31:33,213] {dag.py:1818} INFO - Sync 1 DAGs
[2021-04-01 00:31:33,220] {logging_mixin.py:104} INFO - [2021-04-01 00:31:33,220] {dag.py:2273} INFO - Setting next_dagrun for example_short_circuit_operator to 2021-03-30 00:00:00+00:00
[2021-04-01 00:31:33,227] {scheduler_job.py:190} INFO - Processing /home/airflow/.local/lib/python3.6/site-packages/airflow/example_dags/example_short_circuit_operator.py took 0.032 seconds
