[2021-04-01 00:00:01,810] {scheduler_job.py:182} INFO - Started process (PID=126) to work on /home/airflow/.local/lib/python3.6/site-packages/airflow/example_dags/example_kubernetes_executor_config.py
[2021-04-01 00:00:01,810] {scheduler_job.py:629} INFO - Processing file /home/airflow/.local/lib/python3.6/site-packages/airflow/example_dags/example_kubernetes_executor_config.py for tasks to queue
[2021-04-01 00:00:01,811] {logging_mixin.py:104} INFO - [2021-04-01 00:00:01,811] {dagbag.py:448} INFO - Filling up the DagBag from /home/airflow/.local/lib/python3.6/site-packages/airflow/example_dags/example_kubernetes_executor_config.py
[2021-04-01 00:00:01,817] {scheduler_job.py:639} INFO - DAG(s) dict_keys(['example_kubernetes_executor_config']) retrieved from /home/airflow/.local/lib/python3.6/site-packages/airflow/example_dags/example_kubernetes_executor_config.py
[2021-04-01 00:00:01,831] {logging_mixin.py:104} INFO - [2021-04-01 00:00:01,831] {dag.py:1818} INFO - Sync 1 DAGs
[2021-04-01 00:00:01,838] {logging_mixin.py:104} INFO - [2021-04-01 00:00:01,838] {dag.py:2273} INFO - Setting next_dagrun for example_kubernetes_executor_config to None
[2021-04-01 00:00:01,844] {scheduler_job.py:190} INFO - Processing /home/airflow/.local/lib/python3.6/site-packages/airflow/example_dags/example_kubernetes_executor_config.py took 0.036 seconds
[2021-04-01 00:00:32,477] {scheduler_job.py:182} INFO - Started process (PID=152) to work on /home/airflow/.local/lib/python3.6/site-packages/airflow/example_dags/example_kubernetes_executor_config.py
[2021-04-01 00:00:32,478] {scheduler_job.py:629} INFO - Processing file /home/airflow/.local/lib/python3.6/site-packages/airflow/example_dags/example_kubernetes_executor_config.py for tasks to queue
[2021-04-01 00:00:32,478] {logging_mixin.py:104} INFO - [2021-04-01 00:00:32,478] {dagbag.py:448} INFO - Filling up the DagBag from /home/airflow/.local/lib/python3.6/site-packages/airflow/example_dags/example_kubernetes_executor_config.py
[2021-04-01 00:00:32,485] {scheduler_job.py:639} INFO - DAG(s) dict_keys(['example_kubernetes_executor_config']) retrieved from /home/airflow/.local/lib/python3.6/site-packages/airflow/example_dags/example_kubernetes_executor_config.py
[2021-04-01 00:00:32,496] {logging_mixin.py:104} INFO - [2021-04-01 00:00:32,496] {dag.py:1818} INFO - Sync 1 DAGs
[2021-04-01 00:00:32,504] {logging_mixin.py:104} INFO - [2021-04-01 00:00:32,504] {dag.py:2273} INFO - Setting next_dagrun for example_kubernetes_executor_config to None
[2021-04-01 00:00:32,509] {scheduler_job.py:190} INFO - Processing /home/airflow/.local/lib/python3.6/site-packages/airflow/example_dags/example_kubernetes_executor_config.py took 0.033 seconds
[2021-04-01 00:01:03,133] {scheduler_job.py:182} INFO - Started process (PID=178) to work on /home/airflow/.local/lib/python3.6/site-packages/airflow/example_dags/example_kubernetes_executor_config.py
[2021-04-01 00:01:03,134] {scheduler_job.py:629} INFO - Processing file /home/airflow/.local/lib/python3.6/site-packages/airflow/example_dags/example_kubernetes_executor_config.py for tasks to queue
[2021-04-01 00:01:03,134] {logging_mixin.py:104} INFO - [2021-04-01 00:01:03,134] {dagbag.py:448} INFO - Filling up the DagBag from /home/airflow/.local/lib/python3.6/site-packages/airflow/example_dags/example_kubernetes_executor_config.py
[2021-04-01 00:01:03,140] {scheduler_job.py:639} INFO - DAG(s) dict_keys(['example_kubernetes_executor_config']) retrieved from /home/airflow/.local/lib/python3.6/site-packages/airflow/example_dags/example_kubernetes_executor_config.py
[2021-04-01 00:01:03,152] {logging_mixin.py:104} INFO - [2021-04-01 00:01:03,152] {dag.py:1818} INFO - Sync 1 DAGs
[2021-04-01 00:01:03,159] {logging_mixin.py:104} INFO - [2021-04-01 00:01:03,159] {dag.py:2273} INFO - Setting next_dagrun for example_kubernetes_executor_config to None
[2021-04-01 00:01:03,165] {scheduler_job.py:190} INFO - Processing /home/airflow/.local/lib/python3.6/site-packages/airflow/example_dags/example_kubernetes_executor_config.py took 0.033 seconds
[2021-04-01 00:01:33,799] {scheduler_job.py:182} INFO - Started process (PID=204) to work on /home/airflow/.local/lib/python3.6/site-packages/airflow/example_dags/example_kubernetes_executor_config.py
[2021-04-01 00:01:33,799] {scheduler_job.py:629} INFO - Processing file /home/airflow/.local/lib/python3.6/site-packages/airflow/example_dags/example_kubernetes_executor_config.py for tasks to queue
[2021-04-01 00:01:33,800] {logging_mixin.py:104} INFO - [2021-04-01 00:01:33,800] {dagbag.py:448} INFO - Filling up the DagBag from /home/airflow/.local/lib/python3.6/site-packages/airflow/example_dags/example_kubernetes_executor_config.py
[2021-04-01 00:01:33,806] {scheduler_job.py:639} INFO - DAG(s) dict_keys(['example_kubernetes_executor_config']) retrieved from /home/airflow/.local/lib/python3.6/site-packages/airflow/example_dags/example_kubernetes_executor_config.py
[2021-04-01 00:01:33,817] {logging_mixin.py:104} INFO - [2021-04-01 00:01:33,817] {dag.py:1818} INFO - Sync 1 DAGs
[2021-04-01 00:01:33,824] {logging_mixin.py:104} INFO - [2021-04-01 00:01:33,824] {dag.py:2273} INFO - Setting next_dagrun for example_kubernetes_executor_config to None
[2021-04-01 00:01:33,831] {scheduler_job.py:190} INFO - Processing /home/airflow/.local/lib/python3.6/site-packages/airflow/example_dags/example_kubernetes_executor_config.py took 0.033 seconds
[2021-04-01 00:02:04,355] {scheduler_job.py:182} INFO - Started process (PID=230) to work on /home/airflow/.local/lib/python3.6/site-packages/airflow/example_dags/example_kubernetes_executor_config.py
[2021-04-01 00:02:04,356] {scheduler_job.py:629} INFO - Processing file /home/airflow/.local/lib/python3.6/site-packages/airflow/example_dags/example_kubernetes_executor_config.py for tasks to queue
[2021-04-01 00:02:04,356] {logging_mixin.py:104} INFO - [2021-04-01 00:02:04,356] {dagbag.py:448} INFO - Filling up the DagBag from /home/airflow/.local/lib/python3.6/site-packages/airflow/example_dags/example_kubernetes_executor_config.py
[2021-04-01 00:02:04,363] {scheduler_job.py:639} INFO - DAG(s) dict_keys(['example_kubernetes_executor_config']) retrieved from /home/airflow/.local/lib/python3.6/site-packages/airflow/example_dags/example_kubernetes_executor_config.py
[2021-04-01 00:02:04,373] {logging_mixin.py:104} INFO - [2021-04-01 00:02:04,373] {dag.py:1818} INFO - Sync 1 DAGs
[2021-04-01 00:02:04,382] {logging_mixin.py:104} INFO - [2021-04-01 00:02:04,382] {dag.py:2273} INFO - Setting next_dagrun for example_kubernetes_executor_config to None
[2021-04-01 00:02:04,388] {scheduler_job.py:190} INFO - Processing /home/airflow/.local/lib/python3.6/site-packages/airflow/example_dags/example_kubernetes_executor_config.py took 0.034 seconds
[2021-04-01 00:02:34,985] {scheduler_job.py:182} INFO - Started process (PID=256) to work on /home/airflow/.local/lib/python3.6/site-packages/airflow/example_dags/example_kubernetes_executor_config.py
[2021-04-01 00:02:34,985] {scheduler_job.py:629} INFO - Processing file /home/airflow/.local/lib/python3.6/site-packages/airflow/example_dags/example_kubernetes_executor_config.py for tasks to queue
[2021-04-01 00:02:34,985] {logging_mixin.py:104} INFO - [2021-04-01 00:02:34,985] {dagbag.py:448} INFO - Filling up the DagBag from /home/airflow/.local/lib/python3.6/site-packages/airflow/example_dags/example_kubernetes_executor_config.py
[2021-04-01 00:02:34,992] {scheduler_job.py:639} INFO - DAG(s) dict_keys(['example_kubernetes_executor_config']) retrieved from /home/airflow/.local/lib/python3.6/site-packages/airflow/example_dags/example_kubernetes_executor_config.py
[2021-04-01 00:02:35,003] {logging_mixin.py:104} INFO - [2021-04-01 00:02:35,003] {dag.py:1818} INFO - Sync 1 DAGs
[2021-04-01 00:02:35,011] {logging_mixin.py:104} INFO - [2021-04-01 00:02:35,011] {dag.py:2273} INFO - Setting next_dagrun for example_kubernetes_executor_config to None
[2021-04-01 00:02:35,016] {scheduler_job.py:190} INFO - Processing /home/airflow/.local/lib/python3.6/site-packages/airflow/example_dags/example_kubernetes_executor_config.py took 0.033 seconds
[2021-04-01 00:03:05,577] {scheduler_job.py:182} INFO - Started process (PID=282) to work on /home/airflow/.local/lib/python3.6/site-packages/airflow/example_dags/example_kubernetes_executor_config.py
[2021-04-01 00:03:05,577] {scheduler_job.py:629} INFO - Processing file /home/airflow/.local/lib/python3.6/site-packages/airflow/example_dags/example_kubernetes_executor_config.py for tasks to queue
[2021-04-01 00:03:05,578] {logging_mixin.py:104} INFO - [2021-04-01 00:03:05,578] {dagbag.py:448} INFO - Filling up the DagBag from /home/airflow/.local/lib/python3.6/site-packages/airflow/example_dags/example_kubernetes_executor_config.py
[2021-04-01 00:03:05,585] {scheduler_job.py:639} INFO - DAG(s) dict_keys(['example_kubernetes_executor_config']) retrieved from /home/airflow/.local/lib/python3.6/site-packages/airflow/example_dags/example_kubernetes_executor_config.py
[2021-04-01 00:03:05,596] {logging_mixin.py:104} INFO - [2021-04-01 00:03:05,596] {dag.py:1818} INFO - Sync 1 DAGs
[2021-04-01 00:03:05,604] {logging_mixin.py:104} INFO - [2021-04-01 00:03:05,604] {dag.py:2273} INFO - Setting next_dagrun for example_kubernetes_executor_config to None
[2021-04-01 00:03:05,611] {scheduler_job.py:190} INFO - Processing /home/airflow/.local/lib/python3.6/site-packages/airflow/example_dags/example_kubernetes_executor_config.py took 0.036 seconds
[2021-04-01 00:03:36,192] {scheduler_job.py:182} INFO - Started process (PID=308) to work on /home/airflow/.local/lib/python3.6/site-packages/airflow/example_dags/example_kubernetes_executor_config.py
[2021-04-01 00:03:36,192] {scheduler_job.py:629} INFO - Processing file /home/airflow/.local/lib/python3.6/site-packages/airflow/example_dags/example_kubernetes_executor_config.py for tasks to queue
[2021-04-01 00:03:36,193] {logging_mixin.py:104} INFO - [2021-04-01 00:03:36,192] {dagbag.py:448} INFO - Filling up the DagBag from /home/airflow/.local/lib/python3.6/site-packages/airflow/example_dags/example_kubernetes_executor_config.py
[2021-04-01 00:03:36,199] {scheduler_job.py:639} INFO - DAG(s) dict_keys(['example_kubernetes_executor_config']) retrieved from /home/airflow/.local/lib/python3.6/site-packages/airflow/example_dags/example_kubernetes_executor_config.py
[2021-04-01 00:03:36,211] {logging_mixin.py:104} INFO - [2021-04-01 00:03:36,211] {dag.py:1818} INFO - Sync 1 DAGs
[2021-04-01 00:03:36,221] {logging_mixin.py:104} INFO - [2021-04-01 00:03:36,221] {dag.py:2273} INFO - Setting next_dagrun for example_kubernetes_executor_config to None
[2021-04-01 00:03:36,228] {scheduler_job.py:190} INFO - Processing /home/airflow/.local/lib/python3.6/site-packages/airflow/example_dags/example_kubernetes_executor_config.py took 0.038 seconds
[2021-04-01 00:04:06,783] {scheduler_job.py:182} INFO - Started process (PID=334) to work on /home/airflow/.local/lib/python3.6/site-packages/airflow/example_dags/example_kubernetes_executor_config.py
[2021-04-01 00:04:06,783] {scheduler_job.py:629} INFO - Processing file /home/airflow/.local/lib/python3.6/site-packages/airflow/example_dags/example_kubernetes_executor_config.py for tasks to queue
[2021-04-01 00:04:06,783] {logging_mixin.py:104} INFO - [2021-04-01 00:04:06,783] {dagbag.py:448} INFO - Filling up the DagBag from /home/airflow/.local/lib/python3.6/site-packages/airflow/example_dags/example_kubernetes_executor_config.py
[2021-04-01 00:04:06,790] {scheduler_job.py:639} INFO - DAG(s) dict_keys(['example_kubernetes_executor_config']) retrieved from /home/airflow/.local/lib/python3.6/site-packages/airflow/example_dags/example_kubernetes_executor_config.py
[2021-04-01 00:04:06,803] {logging_mixin.py:104} INFO - [2021-04-01 00:04:06,803] {dag.py:1818} INFO - Sync 1 DAGs
[2021-04-01 00:04:06,812] {logging_mixin.py:104} INFO - [2021-04-01 00:04:06,812] {dag.py:2273} INFO - Setting next_dagrun for example_kubernetes_executor_config to None
[2021-04-01 00:04:06,817] {scheduler_job.py:190} INFO - Processing /home/airflow/.local/lib/python3.6/site-packages/airflow/example_dags/example_kubernetes_executor_config.py took 0.036 seconds
[2021-04-01 00:04:37,365] {scheduler_job.py:182} INFO - Started process (PID=360) to work on /home/airflow/.local/lib/python3.6/site-packages/airflow/example_dags/example_kubernetes_executor_config.py
[2021-04-01 00:04:37,366] {scheduler_job.py:629} INFO - Processing file /home/airflow/.local/lib/python3.6/site-packages/airflow/example_dags/example_kubernetes_executor_config.py for tasks to queue
[2021-04-01 00:04:37,366] {logging_mixin.py:104} INFO - [2021-04-01 00:04:37,366] {dagbag.py:448} INFO - Filling up the DagBag from /home/airflow/.local/lib/python3.6/site-packages/airflow/example_dags/example_kubernetes_executor_config.py
[2021-04-01 00:04:37,373] {scheduler_job.py:639} INFO - DAG(s) dict_keys(['example_kubernetes_executor_config']) retrieved from /home/airflow/.local/lib/python3.6/site-packages/airflow/example_dags/example_kubernetes_executor_config.py
[2021-04-01 00:04:37,384] {logging_mixin.py:104} INFO - [2021-04-01 00:04:37,383] {dag.py:1818} INFO - Sync 1 DAGs
[2021-04-01 00:04:37,393] {logging_mixin.py:104} INFO - [2021-04-01 00:04:37,393] {dag.py:2273} INFO - Setting next_dagrun for example_kubernetes_executor_config to None
[2021-04-01 00:04:37,398] {scheduler_job.py:190} INFO - Processing /home/airflow/.local/lib/python3.6/site-packages/airflow/example_dags/example_kubernetes_executor_config.py took 0.034 seconds
[2021-04-01 00:05:07,971] {scheduler_job.py:182} INFO - Started process (PID=386) to work on /home/airflow/.local/lib/python3.6/site-packages/airflow/example_dags/example_kubernetes_executor_config.py
[2021-04-01 00:05:07,971] {scheduler_job.py:629} INFO - Processing file /home/airflow/.local/lib/python3.6/site-packages/airflow/example_dags/example_kubernetes_executor_config.py for tasks to queue
[2021-04-01 00:05:07,972] {logging_mixin.py:104} INFO - [2021-04-01 00:05:07,972] {dagbag.py:448} INFO - Filling up the DagBag from /home/airflow/.local/lib/python3.6/site-packages/airflow/example_dags/example_kubernetes_executor_config.py
[2021-04-01 00:05:07,979] {scheduler_job.py:639} INFO - DAG(s) dict_keys(['example_kubernetes_executor_config']) retrieved from /home/airflow/.local/lib/python3.6/site-packages/airflow/example_dags/example_kubernetes_executor_config.py
[2021-04-01 00:05:07,991] {logging_mixin.py:104} INFO - [2021-04-01 00:05:07,991] {dag.py:1818} INFO - Sync 1 DAGs
[2021-04-01 00:05:08,002] {logging_mixin.py:104} INFO - [2021-04-01 00:05:08,002] {dag.py:2273} INFO - Setting next_dagrun for example_kubernetes_executor_config to None
[2021-04-01 00:05:08,010] {scheduler_job.py:190} INFO - Processing /home/airflow/.local/lib/python3.6/site-packages/airflow/example_dags/example_kubernetes_executor_config.py took 0.040 seconds
[2021-04-01 00:05:38,579] {scheduler_job.py:182} INFO - Started process (PID=412) to work on /home/airflow/.local/lib/python3.6/site-packages/airflow/example_dags/example_kubernetes_executor_config.py
[2021-04-01 00:05:38,579] {scheduler_job.py:629} INFO - Processing file /home/airflow/.local/lib/python3.6/site-packages/airflow/example_dags/example_kubernetes_executor_config.py for tasks to queue
[2021-04-01 00:05:38,580] {logging_mixin.py:104} INFO - [2021-04-01 00:05:38,580] {dagbag.py:448} INFO - Filling up the DagBag from /home/airflow/.local/lib/python3.6/site-packages/airflow/example_dags/example_kubernetes_executor_config.py
[2021-04-01 00:05:38,587] {scheduler_job.py:639} INFO - DAG(s) dict_keys(['example_kubernetes_executor_config']) retrieved from /home/airflow/.local/lib/python3.6/site-packages/airflow/example_dags/example_kubernetes_executor_config.py
[2021-04-01 00:05:38,600] {logging_mixin.py:104} INFO - [2021-04-01 00:05:38,600] {dag.py:1818} INFO - Sync 1 DAGs
[2021-04-01 00:05:38,608] {logging_mixin.py:104} INFO - [2021-04-01 00:05:38,608] {dag.py:2273} INFO - Setting next_dagrun for example_kubernetes_executor_config to None
[2021-04-01 00:05:38,614] {scheduler_job.py:190} INFO - Processing /home/airflow/.local/lib/python3.6/site-packages/airflow/example_dags/example_kubernetes_executor_config.py took 0.036 seconds
[2021-04-01 00:06:09,198] {scheduler_job.py:182} INFO - Started process (PID=438) to work on /home/airflow/.local/lib/python3.6/site-packages/airflow/example_dags/example_kubernetes_executor_config.py
[2021-04-01 00:06:09,199] {scheduler_job.py:629} INFO - Processing file /home/airflow/.local/lib/python3.6/site-packages/airflow/example_dags/example_kubernetes_executor_config.py for tasks to queue
[2021-04-01 00:06:09,199] {logging_mixin.py:104} INFO - [2021-04-01 00:06:09,199] {dagbag.py:448} INFO - Filling up the DagBag from /home/airflow/.local/lib/python3.6/site-packages/airflow/example_dags/example_kubernetes_executor_config.py
[2021-04-01 00:06:09,207] {scheduler_job.py:639} INFO - DAG(s) dict_keys(['example_kubernetes_executor_config']) retrieved from /home/airflow/.local/lib/python3.6/site-packages/airflow/example_dags/example_kubernetes_executor_config.py
[2021-04-01 00:06:09,219] {logging_mixin.py:104} INFO - [2021-04-01 00:06:09,218] {dag.py:1818} INFO - Sync 1 DAGs
[2021-04-01 00:06:09,228] {logging_mixin.py:104} INFO - [2021-04-01 00:06:09,228] {dag.py:2273} INFO - Setting next_dagrun for example_kubernetes_executor_config to None
[2021-04-01 00:06:09,234] {scheduler_job.py:190} INFO - Processing /home/airflow/.local/lib/python3.6/site-packages/airflow/example_dags/example_kubernetes_executor_config.py took 0.037 seconds
[2021-04-01 00:06:39,860] {scheduler_job.py:182} INFO - Started process (PID=464) to work on /home/airflow/.local/lib/python3.6/site-packages/airflow/example_dags/example_kubernetes_executor_config.py
[2021-04-01 00:06:39,860] {scheduler_job.py:629} INFO - Processing file /home/airflow/.local/lib/python3.6/site-packages/airflow/example_dags/example_kubernetes_executor_config.py for tasks to queue
[2021-04-01 00:06:39,861] {logging_mixin.py:104} INFO - [2021-04-01 00:06:39,860] {dagbag.py:448} INFO - Filling up the DagBag from /home/airflow/.local/lib/python3.6/site-packages/airflow/example_dags/example_kubernetes_executor_config.py
[2021-04-01 00:06:39,867] {scheduler_job.py:639} INFO - DAG(s) dict_keys(['example_kubernetes_executor_config']) retrieved from /home/airflow/.local/lib/python3.6/site-packages/airflow/example_dags/example_kubernetes_executor_config.py
[2021-04-01 00:06:39,879] {logging_mixin.py:104} INFO - [2021-04-01 00:06:39,879] {dag.py:1818} INFO - Sync 1 DAGs
[2021-04-01 00:06:39,886] {logging_mixin.py:104} INFO - [2021-04-01 00:06:39,886] {dag.py:2273} INFO - Setting next_dagrun for example_kubernetes_executor_config to None
[2021-04-01 00:06:39,892] {scheduler_job.py:190} INFO - Processing /home/airflow/.local/lib/python3.6/site-packages/airflow/example_dags/example_kubernetes_executor_config.py took 0.033 seconds
[2021-04-01 00:07:10,534] {scheduler_job.py:182} INFO - Started process (PID=490) to work on /home/airflow/.local/lib/python3.6/site-packages/airflow/example_dags/example_kubernetes_executor_config.py
[2021-04-01 00:07:10,534] {scheduler_job.py:629} INFO - Processing file /home/airflow/.local/lib/python3.6/site-packages/airflow/example_dags/example_kubernetes_executor_config.py for tasks to queue
[2021-04-01 00:07:10,534] {logging_mixin.py:104} INFO - [2021-04-01 00:07:10,534] {dagbag.py:448} INFO - Filling up the DagBag from /home/airflow/.local/lib/python3.6/site-packages/airflow/example_dags/example_kubernetes_executor_config.py
[2021-04-01 00:07:10,541] {scheduler_job.py:639} INFO - DAG(s) dict_keys(['example_kubernetes_executor_config']) retrieved from /home/airflow/.local/lib/python3.6/site-packages/airflow/example_dags/example_kubernetes_executor_config.py
[2021-04-01 00:07:10,554] {logging_mixin.py:104} INFO - [2021-04-01 00:07:10,554] {dag.py:1818} INFO - Sync 1 DAGs
[2021-04-01 00:07:10,561] {logging_mixin.py:104} INFO - [2021-04-01 00:07:10,561] {dag.py:2273} INFO - Setting next_dagrun for example_kubernetes_executor_config to None
[2021-04-01 00:07:10,566] {scheduler_job.py:190} INFO - Processing /home/airflow/.local/lib/python3.6/site-packages/airflow/example_dags/example_kubernetes_executor_config.py took 0.034 seconds
[2021-04-01 00:07:41,206] {scheduler_job.py:182} INFO - Started process (PID=516) to work on /home/airflow/.local/lib/python3.6/site-packages/airflow/example_dags/example_kubernetes_executor_config.py
[2021-04-01 00:07:41,207] {scheduler_job.py:629} INFO - Processing file /home/airflow/.local/lib/python3.6/site-packages/airflow/example_dags/example_kubernetes_executor_config.py for tasks to queue
[2021-04-01 00:07:41,207] {logging_mixin.py:104} INFO - [2021-04-01 00:07:41,207] {dagbag.py:448} INFO - Filling up the DagBag from /home/airflow/.local/lib/python3.6/site-packages/airflow/example_dags/example_kubernetes_executor_config.py
[2021-04-01 00:07:41,214] {scheduler_job.py:639} INFO - DAG(s) dict_keys(['example_kubernetes_executor_config']) retrieved from /home/airflow/.local/lib/python3.6/site-packages/airflow/example_dags/example_kubernetes_executor_config.py
[2021-04-01 00:07:41,226] {logging_mixin.py:104} INFO - [2021-04-01 00:07:41,226] {dag.py:1818} INFO - Sync 1 DAGs
[2021-04-01 00:07:41,234] {logging_mixin.py:104} INFO - [2021-04-01 00:07:41,234] {dag.py:2273} INFO - Setting next_dagrun for example_kubernetes_executor_config to None
[2021-04-01 00:07:41,240] {scheduler_job.py:190} INFO - Processing /home/airflow/.local/lib/python3.6/site-packages/airflow/example_dags/example_kubernetes_executor_config.py took 0.035 seconds
[2021-04-01 00:08:11,957] {scheduler_job.py:182} INFO - Started process (PID=542) to work on /home/airflow/.local/lib/python3.6/site-packages/airflow/example_dags/example_kubernetes_executor_config.py
[2021-04-01 00:08:11,957] {scheduler_job.py:629} INFO - Processing file /home/airflow/.local/lib/python3.6/site-packages/airflow/example_dags/example_kubernetes_executor_config.py for tasks to queue
[2021-04-01 00:08:11,957] {logging_mixin.py:104} INFO - [2021-04-01 00:08:11,957] {dagbag.py:448} INFO - Filling up the DagBag from /home/airflow/.local/lib/python3.6/site-packages/airflow/example_dags/example_kubernetes_executor_config.py
[2021-04-01 00:08:11,964] {scheduler_job.py:639} INFO - DAG(s) dict_keys(['example_kubernetes_executor_config']) retrieved from /home/airflow/.local/lib/python3.6/site-packages/airflow/example_dags/example_kubernetes_executor_config.py
[2021-04-01 00:08:11,977] {logging_mixin.py:104} INFO - [2021-04-01 00:08:11,977] {dag.py:1818} INFO - Sync 1 DAGs
[2021-04-01 00:08:11,985] {logging_mixin.py:104} INFO - [2021-04-01 00:08:11,985] {dag.py:2273} INFO - Setting next_dagrun for example_kubernetes_executor_config to None
[2021-04-01 00:08:11,991] {scheduler_job.py:190} INFO - Processing /home/airflow/.local/lib/python3.6/site-packages/airflow/example_dags/example_kubernetes_executor_config.py took 0.035 seconds
[2021-04-01 00:08:42,665] {scheduler_job.py:182} INFO - Started process (PID=568) to work on /home/airflow/.local/lib/python3.6/site-packages/airflow/example_dags/example_kubernetes_executor_config.py
[2021-04-01 00:08:42,665] {scheduler_job.py:629} INFO - Processing file /home/airflow/.local/lib/python3.6/site-packages/airflow/example_dags/example_kubernetes_executor_config.py for tasks to queue
[2021-04-01 00:08:42,665] {logging_mixin.py:104} INFO - [2021-04-01 00:08:42,665] {dagbag.py:448} INFO - Filling up the DagBag from /home/airflow/.local/lib/python3.6/site-packages/airflow/example_dags/example_kubernetes_executor_config.py
[2021-04-01 00:08:42,672] {scheduler_job.py:639} INFO - DAG(s) dict_keys(['example_kubernetes_executor_config']) retrieved from /home/airflow/.local/lib/python3.6/site-packages/airflow/example_dags/example_kubernetes_executor_config.py
[2021-04-01 00:08:42,683] {logging_mixin.py:104} INFO - [2021-04-01 00:08:42,683] {dag.py:1818} INFO - Sync 1 DAGs
[2021-04-01 00:08:42,691] {logging_mixin.py:104} INFO - [2021-04-01 00:08:42,691] {dag.py:2273} INFO - Setting next_dagrun for example_kubernetes_executor_config to None
[2021-04-01 00:08:42,696] {scheduler_job.py:190} INFO - Processing /home/airflow/.local/lib/python3.6/site-packages/airflow/example_dags/example_kubernetes_executor_config.py took 0.033 seconds
[2021-04-01 00:09:13,332] {scheduler_job.py:182} INFO - Started process (PID=594) to work on /home/airflow/.local/lib/python3.6/site-packages/airflow/example_dags/example_kubernetes_executor_config.py
[2021-04-01 00:09:13,333] {scheduler_job.py:629} INFO - Processing file /home/airflow/.local/lib/python3.6/site-packages/airflow/example_dags/example_kubernetes_executor_config.py for tasks to queue
[2021-04-01 00:09:13,333] {logging_mixin.py:104} INFO - [2021-04-01 00:09:13,333] {dagbag.py:448} INFO - Filling up the DagBag from /home/airflow/.local/lib/python3.6/site-packages/airflow/example_dags/example_kubernetes_executor_config.py
[2021-04-01 00:09:13,341] {scheduler_job.py:639} INFO - DAG(s) dict_keys(['example_kubernetes_executor_config']) retrieved from /home/airflow/.local/lib/python3.6/site-packages/airflow/example_dags/example_kubernetes_executor_config.py
[2021-04-01 00:09:13,352] {logging_mixin.py:104} INFO - [2021-04-01 00:09:13,352] {dag.py:1818} INFO - Sync 1 DAGs
[2021-04-01 00:09:13,359] {logging_mixin.py:104} INFO - [2021-04-01 00:09:13,359] {dag.py:2273} INFO - Setting next_dagrun for example_kubernetes_executor_config to None
[2021-04-01 00:09:13,365] {scheduler_job.py:190} INFO - Processing /home/airflow/.local/lib/python3.6/site-packages/airflow/example_dags/example_kubernetes_executor_config.py took 0.034 seconds
[2021-04-01 00:09:44,037] {scheduler_job.py:182} INFO - Started process (PID=620) to work on /home/airflow/.local/lib/python3.6/site-packages/airflow/example_dags/example_kubernetes_executor_config.py
[2021-04-01 00:09:44,037] {scheduler_job.py:629} INFO - Processing file /home/airflow/.local/lib/python3.6/site-packages/airflow/example_dags/example_kubernetes_executor_config.py for tasks to queue
[2021-04-01 00:09:44,038] {logging_mixin.py:104} INFO - [2021-04-01 00:09:44,038] {dagbag.py:448} INFO - Filling up the DagBag from /home/airflow/.local/lib/python3.6/site-packages/airflow/example_dags/example_kubernetes_executor_config.py
[2021-04-01 00:09:44,046] {scheduler_job.py:639} INFO - DAG(s) dict_keys(['example_kubernetes_executor_config']) retrieved from /home/airflow/.local/lib/python3.6/site-packages/airflow/example_dags/example_kubernetes_executor_config.py
[2021-04-01 00:09:44,057] {logging_mixin.py:104} INFO - [2021-04-01 00:09:44,057] {dag.py:1818} INFO - Sync 1 DAGs
[2021-04-01 00:09:44,064] {logging_mixin.py:104} INFO - [2021-04-01 00:09:44,064] {dag.py:2273} INFO - Setting next_dagrun for example_kubernetes_executor_config to None
[2021-04-01 00:09:44,070] {scheduler_job.py:190} INFO - Processing /home/airflow/.local/lib/python3.6/site-packages/airflow/example_dags/example_kubernetes_executor_config.py took 0.034 seconds
[2021-04-01 00:10:14,712] {scheduler_job.py:182} INFO - Started process (PID=646) to work on /home/airflow/.local/lib/python3.6/site-packages/airflow/example_dags/example_kubernetes_executor_config.py
[2021-04-01 00:10:14,713] {scheduler_job.py:629} INFO - Processing file /home/airflow/.local/lib/python3.6/site-packages/airflow/example_dags/example_kubernetes_executor_config.py for tasks to queue
[2021-04-01 00:10:14,713] {logging_mixin.py:104} INFO - [2021-04-01 00:10:14,713] {dagbag.py:448} INFO - Filling up the DagBag from /home/airflow/.local/lib/python3.6/site-packages/airflow/example_dags/example_kubernetes_executor_config.py
[2021-04-01 00:10:14,721] {scheduler_job.py:639} INFO - DAG(s) dict_keys(['example_kubernetes_executor_config']) retrieved from /home/airflow/.local/lib/python3.6/site-packages/airflow/example_dags/example_kubernetes_executor_config.py
[2021-04-01 00:10:14,732] {logging_mixin.py:104} INFO - [2021-04-01 00:10:14,732] {dag.py:1818} INFO - Sync 1 DAGs
[2021-04-01 00:10:14,739] {logging_mixin.py:104} INFO - [2021-04-01 00:10:14,739] {dag.py:2273} INFO - Setting next_dagrun for example_kubernetes_executor_config to None
[2021-04-01 00:10:14,745] {scheduler_job.py:190} INFO - Processing /home/airflow/.local/lib/python3.6/site-packages/airflow/example_dags/example_kubernetes_executor_config.py took 0.034 seconds
[2021-04-01 00:10:45,381] {scheduler_job.py:182} INFO - Started process (PID=672) to work on /home/airflow/.local/lib/python3.6/site-packages/airflow/example_dags/example_kubernetes_executor_config.py
[2021-04-01 00:10:45,382] {scheduler_job.py:629} INFO - Processing file /home/airflow/.local/lib/python3.6/site-packages/airflow/example_dags/example_kubernetes_executor_config.py for tasks to queue
[2021-04-01 00:10:45,382] {logging_mixin.py:104} INFO - [2021-04-01 00:10:45,382] {dagbag.py:448} INFO - Filling up the DagBag from /home/airflow/.local/lib/python3.6/site-packages/airflow/example_dags/example_kubernetes_executor_config.py
[2021-04-01 00:10:45,391] {scheduler_job.py:639} INFO - DAG(s) dict_keys(['example_kubernetes_executor_config']) retrieved from /home/airflow/.local/lib/python3.6/site-packages/airflow/example_dags/example_kubernetes_executor_config.py
[2021-04-01 00:10:45,403] {logging_mixin.py:104} INFO - [2021-04-01 00:10:45,403] {dag.py:1818} INFO - Sync 1 DAGs
[2021-04-01 00:10:45,413] {logging_mixin.py:104} INFO - [2021-04-01 00:10:45,413] {dag.py:2273} INFO - Setting next_dagrun for example_kubernetes_executor_config to None
[2021-04-01 00:10:45,420] {scheduler_job.py:190} INFO - Processing /home/airflow/.local/lib/python3.6/site-packages/airflow/example_dags/example_kubernetes_executor_config.py took 0.041 seconds
[2021-04-01 00:19:17,326] {scheduler_job.py:182} INFO - Started process (PID=36) to work on /home/airflow/.local/lib/python3.6/site-packages/airflow/example_dags/example_kubernetes_executor_config.py
[2021-04-01 00:19:17,327] {scheduler_job.py:629} INFO - Processing file /home/airflow/.local/lib/python3.6/site-packages/airflow/example_dags/example_kubernetes_executor_config.py for tasks to queue
[2021-04-01 00:19:17,327] {logging_mixin.py:104} INFO - [2021-04-01 00:19:17,327] {dagbag.py:448} INFO - Filling up the DagBag from /home/airflow/.local/lib/python3.6/site-packages/airflow/example_dags/example_kubernetes_executor_config.py
[2021-04-01 00:19:17,335] {scheduler_job.py:639} INFO - DAG(s) dict_keys(['example_kubernetes_executor_config']) retrieved from /home/airflow/.local/lib/python3.6/site-packages/airflow/example_dags/example_kubernetes_executor_config.py
[2021-04-01 00:19:17,374] {logging_mixin.py:104} INFO - [2021-04-01 00:19:17,374] {dag.py:1818} INFO - Sync 1 DAGs
[2021-04-01 00:19:17,384] {logging_mixin.py:104} INFO - [2021-04-01 00:19:17,384] {dag.py:2273} INFO - Setting next_dagrun for example_kubernetes_executor_config to None
[2021-04-01 00:19:17,395] {scheduler_job.py:190} INFO - Processing /home/airflow/.local/lib/python3.6/site-packages/airflow/example_dags/example_kubernetes_executor_config.py took 0.071 seconds
[2021-04-01 00:19:48,082] {scheduler_job.py:182} INFO - Started process (PID=62) to work on /home/airflow/.local/lib/python3.6/site-packages/airflow/example_dags/example_kubernetes_executor_config.py
[2021-04-01 00:19:48,082] {scheduler_job.py:629} INFO - Processing file /home/airflow/.local/lib/python3.6/site-packages/airflow/example_dags/example_kubernetes_executor_config.py for tasks to queue
[2021-04-01 00:19:48,083] {logging_mixin.py:104} INFO - [2021-04-01 00:19:48,083] {dagbag.py:448} INFO - Filling up the DagBag from /home/airflow/.local/lib/python3.6/site-packages/airflow/example_dags/example_kubernetes_executor_config.py
[2021-04-01 00:19:48,089] {scheduler_job.py:639} INFO - DAG(s) dict_keys(['example_kubernetes_executor_config']) retrieved from /home/airflow/.local/lib/python3.6/site-packages/airflow/example_dags/example_kubernetes_executor_config.py
[2021-04-01 00:19:48,100] {logging_mixin.py:104} INFO - [2021-04-01 00:19:48,100] {dag.py:1818} INFO - Sync 1 DAGs
[2021-04-01 00:19:48,107] {logging_mixin.py:104} INFO - [2021-04-01 00:19:48,107] {dag.py:2273} INFO - Setting next_dagrun for example_kubernetes_executor_config to None
[2021-04-01 00:19:48,114] {scheduler_job.py:190} INFO - Processing /home/airflow/.local/lib/python3.6/site-packages/airflow/example_dags/example_kubernetes_executor_config.py took 0.033 seconds
[2021-04-01 00:20:18,845] {scheduler_job.py:182} INFO - Started process (PID=88) to work on /home/airflow/.local/lib/python3.6/site-packages/airflow/example_dags/example_kubernetes_executor_config.py
[2021-04-01 00:20:18,847] {scheduler_job.py:629} INFO - Processing file /home/airflow/.local/lib/python3.6/site-packages/airflow/example_dags/example_kubernetes_executor_config.py for tasks to queue
[2021-04-01 00:20:18,849] {logging_mixin.py:104} INFO - [2021-04-01 00:20:18,849] {dagbag.py:448} INFO - Filling up the DagBag from /home/airflow/.local/lib/python3.6/site-packages/airflow/example_dags/example_kubernetes_executor_config.py
[2021-04-01 00:20:18,869] {scheduler_job.py:639} INFO - DAG(s) dict_keys(['example_kubernetes_executor_config']) retrieved from /home/airflow/.local/lib/python3.6/site-packages/airflow/example_dags/example_kubernetes_executor_config.py
[2021-04-01 00:20:18,887] {logging_mixin.py:104} INFO - [2021-04-01 00:20:18,887] {dag.py:1818} INFO - Sync 1 DAGs
[2021-04-01 00:20:18,896] {logging_mixin.py:104} INFO - [2021-04-01 00:20:18,896] {dag.py:2273} INFO - Setting next_dagrun for example_kubernetes_executor_config to None
[2021-04-01 00:20:18,904] {scheduler_job.py:190} INFO - Processing /home/airflow/.local/lib/python3.6/site-packages/airflow/example_dags/example_kubernetes_executor_config.py took 0.066 seconds
[2021-04-01 00:20:49,577] {scheduler_job.py:182} INFO - Started process (PID=114) to work on /home/airflow/.local/lib/python3.6/site-packages/airflow/example_dags/example_kubernetes_executor_config.py
[2021-04-01 00:20:49,578] {scheduler_job.py:629} INFO - Processing file /home/airflow/.local/lib/python3.6/site-packages/airflow/example_dags/example_kubernetes_executor_config.py for tasks to queue
[2021-04-01 00:20:49,578] {logging_mixin.py:104} INFO - [2021-04-01 00:20:49,578] {dagbag.py:448} INFO - Filling up the DagBag from /home/airflow/.local/lib/python3.6/site-packages/airflow/example_dags/example_kubernetes_executor_config.py
[2021-04-01 00:20:49,585] {scheduler_job.py:639} INFO - DAG(s) dict_keys(['example_kubernetes_executor_config']) retrieved from /home/airflow/.local/lib/python3.6/site-packages/airflow/example_dags/example_kubernetes_executor_config.py
[2021-04-01 00:20:49,596] {logging_mixin.py:104} INFO - [2021-04-01 00:20:49,596] {dag.py:1818} INFO - Sync 1 DAGs
[2021-04-01 00:20:49,603] {logging_mixin.py:104} INFO - [2021-04-01 00:20:49,603] {dag.py:2273} INFO - Setting next_dagrun for example_kubernetes_executor_config to None
[2021-04-01 00:20:49,609] {scheduler_job.py:190} INFO - Processing /home/airflow/.local/lib/python3.6/site-packages/airflow/example_dags/example_kubernetes_executor_config.py took 0.033 seconds
[2021-04-01 00:21:20,273] {scheduler_job.py:182} INFO - Started process (PID=140) to work on /home/airflow/.local/lib/python3.6/site-packages/airflow/example_dags/example_kubernetes_executor_config.py
[2021-04-01 00:21:20,274] {scheduler_job.py:629} INFO - Processing file /home/airflow/.local/lib/python3.6/site-packages/airflow/example_dags/example_kubernetes_executor_config.py for tasks to queue
[2021-04-01 00:21:20,274] {logging_mixin.py:104} INFO - [2021-04-01 00:21:20,274] {dagbag.py:448} INFO - Filling up the DagBag from /home/airflow/.local/lib/python3.6/site-packages/airflow/example_dags/example_kubernetes_executor_config.py
[2021-04-01 00:21:20,282] {scheduler_job.py:639} INFO - DAG(s) dict_keys(['example_kubernetes_executor_config']) retrieved from /home/airflow/.local/lib/python3.6/site-packages/airflow/example_dags/example_kubernetes_executor_config.py
[2021-04-01 00:21:20,295] {logging_mixin.py:104} INFO - [2021-04-01 00:21:20,295] {dag.py:1818} INFO - Sync 1 DAGs
[2021-04-01 00:21:20,305] {logging_mixin.py:104} INFO - [2021-04-01 00:21:20,305] {dag.py:2273} INFO - Setting next_dagrun for example_kubernetes_executor_config to None
[2021-04-01 00:21:20,312] {scheduler_job.py:190} INFO - Processing /home/airflow/.local/lib/python3.6/site-packages/airflow/example_dags/example_kubernetes_executor_config.py took 0.040 seconds
[2021-04-01 00:21:50,888] {scheduler_job.py:182} INFO - Started process (PID=166) to work on /home/airflow/.local/lib/python3.6/site-packages/airflow/example_dags/example_kubernetes_executor_config.py
[2021-04-01 00:21:50,888] {scheduler_job.py:629} INFO - Processing file /home/airflow/.local/lib/python3.6/site-packages/airflow/example_dags/example_kubernetes_executor_config.py for tasks to queue
[2021-04-01 00:21:50,889] {logging_mixin.py:104} INFO - [2021-04-01 00:21:50,889] {dagbag.py:448} INFO - Filling up the DagBag from /home/airflow/.local/lib/python3.6/site-packages/airflow/example_dags/example_kubernetes_executor_config.py
[2021-04-01 00:21:50,895] {scheduler_job.py:639} INFO - DAG(s) dict_keys(['example_kubernetes_executor_config']) retrieved from /home/airflow/.local/lib/python3.6/site-packages/airflow/example_dags/example_kubernetes_executor_config.py
[2021-04-01 00:21:50,906] {logging_mixin.py:104} INFO - [2021-04-01 00:21:50,906] {dag.py:1818} INFO - Sync 1 DAGs
[2021-04-01 00:21:50,913] {logging_mixin.py:104} INFO - [2021-04-01 00:21:50,913] {dag.py:2273} INFO - Setting next_dagrun for example_kubernetes_executor_config to None
[2021-04-01 00:21:50,920] {scheduler_job.py:190} INFO - Processing /home/airflow/.local/lib/python3.6/site-packages/airflow/example_dags/example_kubernetes_executor_config.py took 0.033 seconds
[2021-04-01 00:22:21,529] {scheduler_job.py:182} INFO - Started process (PID=192) to work on /home/airflow/.local/lib/python3.6/site-packages/airflow/example_dags/example_kubernetes_executor_config.py
[2021-04-01 00:22:21,529] {scheduler_job.py:629} INFO - Processing file /home/airflow/.local/lib/python3.6/site-packages/airflow/example_dags/example_kubernetes_executor_config.py for tasks to queue
[2021-04-01 00:22:21,529] {logging_mixin.py:104} INFO - [2021-04-01 00:22:21,529] {dagbag.py:448} INFO - Filling up the DagBag from /home/airflow/.local/lib/python3.6/site-packages/airflow/example_dags/example_kubernetes_executor_config.py
[2021-04-01 00:22:21,536] {scheduler_job.py:639} INFO - DAG(s) dict_keys(['example_kubernetes_executor_config']) retrieved from /home/airflow/.local/lib/python3.6/site-packages/airflow/example_dags/example_kubernetes_executor_config.py
[2021-04-01 00:22:21,546] {logging_mixin.py:104} INFO - [2021-04-01 00:22:21,546] {dag.py:1818} INFO - Sync 1 DAGs
[2021-04-01 00:22:21,554] {logging_mixin.py:104} INFO - [2021-04-01 00:22:21,554] {dag.py:2273} INFO - Setting next_dagrun for example_kubernetes_executor_config to None
[2021-04-01 00:22:21,561] {scheduler_job.py:190} INFO - Processing /home/airflow/.local/lib/python3.6/site-packages/airflow/example_dags/example_kubernetes_executor_config.py took 0.033 seconds
[2021-04-01 00:22:52,226] {scheduler_job.py:182} INFO - Started process (PID=218) to work on /home/airflow/.local/lib/python3.6/site-packages/airflow/example_dags/example_kubernetes_executor_config.py
[2021-04-01 00:22:52,227] {scheduler_job.py:629} INFO - Processing file /home/airflow/.local/lib/python3.6/site-packages/airflow/example_dags/example_kubernetes_executor_config.py for tasks to queue
[2021-04-01 00:22:52,227] {logging_mixin.py:104} INFO - [2021-04-01 00:22:52,227] {dagbag.py:448} INFO - Filling up the DagBag from /home/airflow/.local/lib/python3.6/site-packages/airflow/example_dags/example_kubernetes_executor_config.py
[2021-04-01 00:22:52,233] {scheduler_job.py:639} INFO - DAG(s) dict_keys(['example_kubernetes_executor_config']) retrieved from /home/airflow/.local/lib/python3.6/site-packages/airflow/example_dags/example_kubernetes_executor_config.py
[2021-04-01 00:22:52,245] {logging_mixin.py:104} INFO - [2021-04-01 00:22:52,245] {dag.py:1818} INFO - Sync 1 DAGs
[2021-04-01 00:22:52,252] {logging_mixin.py:104} INFO - [2021-04-01 00:22:52,252] {dag.py:2273} INFO - Setting next_dagrun for example_kubernetes_executor_config to None
[2021-04-01 00:22:52,258] {scheduler_job.py:190} INFO - Processing /home/airflow/.local/lib/python3.6/site-packages/airflow/example_dags/example_kubernetes_executor_config.py took 0.033 seconds
[2021-04-01 00:23:22,830] {scheduler_job.py:182} INFO - Started process (PID=244) to work on /home/airflow/.local/lib/python3.6/site-packages/airflow/example_dags/example_kubernetes_executor_config.py
[2021-04-01 00:23:22,831] {scheduler_job.py:629} INFO - Processing file /home/airflow/.local/lib/python3.6/site-packages/airflow/example_dags/example_kubernetes_executor_config.py for tasks to queue
[2021-04-01 00:23:22,831] {logging_mixin.py:104} INFO - [2021-04-01 00:23:22,831] {dagbag.py:448} INFO - Filling up the DagBag from /home/airflow/.local/lib/python3.6/site-packages/airflow/example_dags/example_kubernetes_executor_config.py
[2021-04-01 00:23:22,837] {scheduler_job.py:639} INFO - DAG(s) dict_keys(['example_kubernetes_executor_config']) retrieved from /home/airflow/.local/lib/python3.6/site-packages/airflow/example_dags/example_kubernetes_executor_config.py
[2021-04-01 00:23:22,847] {logging_mixin.py:104} INFO - [2021-04-01 00:23:22,847] {dag.py:1818} INFO - Sync 1 DAGs
[2021-04-01 00:23:22,854] {logging_mixin.py:104} INFO - [2021-04-01 00:23:22,854] {dag.py:2273} INFO - Setting next_dagrun for example_kubernetes_executor_config to None
[2021-04-01 00:23:22,861] {scheduler_job.py:190} INFO - Processing /home/airflow/.local/lib/python3.6/site-packages/airflow/example_dags/example_kubernetes_executor_config.py took 0.032 seconds
[2021-04-01 00:23:53,467] {scheduler_job.py:182} INFO - Started process (PID=270) to work on /home/airflow/.local/lib/python3.6/site-packages/airflow/example_dags/example_kubernetes_executor_config.py
[2021-04-01 00:23:53,468] {scheduler_job.py:629} INFO - Processing file /home/airflow/.local/lib/python3.6/site-packages/airflow/example_dags/example_kubernetes_executor_config.py for tasks to queue
[2021-04-01 00:23:53,468] {logging_mixin.py:104} INFO - [2021-04-01 00:23:53,468] {dagbag.py:448} INFO - Filling up the DagBag from /home/airflow/.local/lib/python3.6/site-packages/airflow/example_dags/example_kubernetes_executor_config.py
[2021-04-01 00:23:53,474] {scheduler_job.py:639} INFO - DAG(s) dict_keys(['example_kubernetes_executor_config']) retrieved from /home/airflow/.local/lib/python3.6/site-packages/airflow/example_dags/example_kubernetes_executor_config.py
[2021-04-01 00:23:53,485] {logging_mixin.py:104} INFO - [2021-04-01 00:23:53,485] {dag.py:1818} INFO - Sync 1 DAGs
[2021-04-01 00:23:53,492] {logging_mixin.py:104} INFO - [2021-04-01 00:23:53,491] {dag.py:2273} INFO - Setting next_dagrun for example_kubernetes_executor_config to None
[2021-04-01 00:23:53,497] {scheduler_job.py:190} INFO - Processing /home/airflow/.local/lib/python3.6/site-packages/airflow/example_dags/example_kubernetes_executor_config.py took 0.031 seconds
[2021-04-01 00:24:24,175] {scheduler_job.py:182} INFO - Started process (PID=296) to work on /home/airflow/.local/lib/python3.6/site-packages/airflow/example_dags/example_kubernetes_executor_config.py
[2021-04-01 00:24:24,175] {scheduler_job.py:629} INFO - Processing file /home/airflow/.local/lib/python3.6/site-packages/airflow/example_dags/example_kubernetes_executor_config.py for tasks to queue
[2021-04-01 00:24:24,175] {logging_mixin.py:104} INFO - [2021-04-01 00:24:24,175] {dagbag.py:448} INFO - Filling up the DagBag from /home/airflow/.local/lib/python3.6/site-packages/airflow/example_dags/example_kubernetes_executor_config.py
[2021-04-01 00:24:24,182] {scheduler_job.py:639} INFO - DAG(s) dict_keys(['example_kubernetes_executor_config']) retrieved from /home/airflow/.local/lib/python3.6/site-packages/airflow/example_dags/example_kubernetes_executor_config.py
[2021-04-01 00:24:24,192] {logging_mixin.py:104} INFO - [2021-04-01 00:24:24,192] {dag.py:1818} INFO - Sync 1 DAGs
[2021-04-01 00:24:24,200] {logging_mixin.py:104} INFO - [2021-04-01 00:24:24,200] {dag.py:2273} INFO - Setting next_dagrun for example_kubernetes_executor_config to None
[2021-04-01 00:24:24,206] {scheduler_job.py:190} INFO - Processing /home/airflow/.local/lib/python3.6/site-packages/airflow/example_dags/example_kubernetes_executor_config.py took 0.033 seconds
[2021-04-01 00:24:54,794] {scheduler_job.py:182} INFO - Started process (PID=322) to work on /home/airflow/.local/lib/python3.6/site-packages/airflow/example_dags/example_kubernetes_executor_config.py
[2021-04-01 00:24:54,795] {scheduler_job.py:629} INFO - Processing file /home/airflow/.local/lib/python3.6/site-packages/airflow/example_dags/example_kubernetes_executor_config.py for tasks to queue
[2021-04-01 00:24:54,795] {logging_mixin.py:104} INFO - [2021-04-01 00:24:54,795] {dagbag.py:448} INFO - Filling up the DagBag from /home/airflow/.local/lib/python3.6/site-packages/airflow/example_dags/example_kubernetes_executor_config.py
[2021-04-01 00:24:54,801] {scheduler_job.py:639} INFO - DAG(s) dict_keys(['example_kubernetes_executor_config']) retrieved from /home/airflow/.local/lib/python3.6/site-packages/airflow/example_dags/example_kubernetes_executor_config.py
[2021-04-01 00:24:54,811] {logging_mixin.py:104} INFO - [2021-04-01 00:24:54,811] {dag.py:1818} INFO - Sync 1 DAGs
[2021-04-01 00:24:54,819] {logging_mixin.py:104} INFO - [2021-04-01 00:24:54,819] {dag.py:2273} INFO - Setting next_dagrun for example_kubernetes_executor_config to None
[2021-04-01 00:24:54,826] {scheduler_job.py:190} INFO - Processing /home/airflow/.local/lib/python3.6/site-packages/airflow/example_dags/example_kubernetes_executor_config.py took 0.033 seconds
[2021-04-01 00:25:25,459] {scheduler_job.py:182} INFO - Started process (PID=348) to work on /home/airflow/.local/lib/python3.6/site-packages/airflow/example_dags/example_kubernetes_executor_config.py
[2021-04-01 00:25:25,459] {scheduler_job.py:629} INFO - Processing file /home/airflow/.local/lib/python3.6/site-packages/airflow/example_dags/example_kubernetes_executor_config.py for tasks to queue
[2021-04-01 00:25:25,460] {logging_mixin.py:104} INFO - [2021-04-01 00:25:25,460] {dagbag.py:448} INFO - Filling up the DagBag from /home/airflow/.local/lib/python3.6/site-packages/airflow/example_dags/example_kubernetes_executor_config.py
[2021-04-01 00:25:25,466] {scheduler_job.py:639} INFO - DAG(s) dict_keys(['example_kubernetes_executor_config']) retrieved from /home/airflow/.local/lib/python3.6/site-packages/airflow/example_dags/example_kubernetes_executor_config.py
[2021-04-01 00:25:25,477] {logging_mixin.py:104} INFO - [2021-04-01 00:25:25,477] {dag.py:1818} INFO - Sync 1 DAGs
[2021-04-01 00:25:25,485] {logging_mixin.py:104} INFO - [2021-04-01 00:25:25,485] {dag.py:2273} INFO - Setting next_dagrun for example_kubernetes_executor_config to None
[2021-04-01 00:25:25,491] {scheduler_job.py:190} INFO - Processing /home/airflow/.local/lib/python3.6/site-packages/airflow/example_dags/example_kubernetes_executor_config.py took 0.033 seconds
[2021-04-01 00:25:56,084] {scheduler_job.py:182} INFO - Started process (PID=374) to work on /home/airflow/.local/lib/python3.6/site-packages/airflow/example_dags/example_kubernetes_executor_config.py
[2021-04-01 00:25:56,085] {scheduler_job.py:629} INFO - Processing file /home/airflow/.local/lib/python3.6/site-packages/airflow/example_dags/example_kubernetes_executor_config.py for tasks to queue
[2021-04-01 00:25:56,085] {logging_mixin.py:104} INFO - [2021-04-01 00:25:56,085] {dagbag.py:448} INFO - Filling up the DagBag from /home/airflow/.local/lib/python3.6/site-packages/airflow/example_dags/example_kubernetes_executor_config.py
[2021-04-01 00:25:56,093] {scheduler_job.py:639} INFO - DAG(s) dict_keys(['example_kubernetes_executor_config']) retrieved from /home/airflow/.local/lib/python3.6/site-packages/airflow/example_dags/example_kubernetes_executor_config.py
[2021-04-01 00:25:56,104] {logging_mixin.py:104} INFO - [2021-04-01 00:25:56,104] {dag.py:1818} INFO - Sync 1 DAGs
[2021-04-01 00:25:56,113] {logging_mixin.py:104} INFO - [2021-04-01 00:25:56,113] {dag.py:2273} INFO - Setting next_dagrun for example_kubernetes_executor_config to None
[2021-04-01 00:25:56,119] {scheduler_job.py:190} INFO - Processing /home/airflow/.local/lib/python3.6/site-packages/airflow/example_dags/example_kubernetes_executor_config.py took 0.037 seconds
[2021-04-01 00:26:26,678] {scheduler_job.py:182} INFO - Started process (PID=400) to work on /home/airflow/.local/lib/python3.6/site-packages/airflow/example_dags/example_kubernetes_executor_config.py
[2021-04-01 00:26:26,679] {scheduler_job.py:629} INFO - Processing file /home/airflow/.local/lib/python3.6/site-packages/airflow/example_dags/example_kubernetes_executor_config.py for tasks to queue
[2021-04-01 00:26:26,679] {logging_mixin.py:104} INFO - [2021-04-01 00:26:26,679] {dagbag.py:448} INFO - Filling up the DagBag from /home/airflow/.local/lib/python3.6/site-packages/airflow/example_dags/example_kubernetes_executor_config.py
[2021-04-01 00:26:26,686] {scheduler_job.py:639} INFO - DAG(s) dict_keys(['example_kubernetes_executor_config']) retrieved from /home/airflow/.local/lib/python3.6/site-packages/airflow/example_dags/example_kubernetes_executor_config.py
[2021-04-01 00:26:26,696] {logging_mixin.py:104} INFO - [2021-04-01 00:26:26,696] {dag.py:1818} INFO - Sync 1 DAGs
[2021-04-01 00:26:26,704] {logging_mixin.py:104} INFO - [2021-04-01 00:26:26,704] {dag.py:2273} INFO - Setting next_dagrun for example_kubernetes_executor_config to None
[2021-04-01 00:26:26,710] {scheduler_job.py:190} INFO - Processing /home/airflow/.local/lib/python3.6/site-packages/airflow/example_dags/example_kubernetes_executor_config.py took 0.034 seconds
[2021-04-01 00:26:57,337] {scheduler_job.py:182} INFO - Started process (PID=426) to work on /home/airflow/.local/lib/python3.6/site-packages/airflow/example_dags/example_kubernetes_executor_config.py
[2021-04-01 00:26:57,338] {scheduler_job.py:629} INFO - Processing file /home/airflow/.local/lib/python3.6/site-packages/airflow/example_dags/example_kubernetes_executor_config.py for tasks to queue
[2021-04-01 00:26:57,338] {logging_mixin.py:104} INFO - [2021-04-01 00:26:57,338] {dagbag.py:448} INFO - Filling up the DagBag from /home/airflow/.local/lib/python3.6/site-packages/airflow/example_dags/example_kubernetes_executor_config.py
[2021-04-01 00:26:57,345] {scheduler_job.py:639} INFO - DAG(s) dict_keys(['example_kubernetes_executor_config']) retrieved from /home/airflow/.local/lib/python3.6/site-packages/airflow/example_dags/example_kubernetes_executor_config.py
[2021-04-01 00:26:57,355] {logging_mixin.py:104} INFO - [2021-04-01 00:26:57,355] {dag.py:1818} INFO - Sync 1 DAGs
[2021-04-01 00:26:57,362] {logging_mixin.py:104} INFO - [2021-04-01 00:26:57,362] {dag.py:2273} INFO - Setting next_dagrun for example_kubernetes_executor_config to None
[2021-04-01 00:26:57,369] {scheduler_job.py:190} INFO - Processing /home/airflow/.local/lib/python3.6/site-packages/airflow/example_dags/example_kubernetes_executor_config.py took 0.033 seconds
[2021-04-01 00:27:27,992] {scheduler_job.py:182} INFO - Started process (PID=452) to work on /home/airflow/.local/lib/python3.6/site-packages/airflow/example_dags/example_kubernetes_executor_config.py
[2021-04-01 00:27:27,993] {scheduler_job.py:629} INFO - Processing file /home/airflow/.local/lib/python3.6/site-packages/airflow/example_dags/example_kubernetes_executor_config.py for tasks to queue
[2021-04-01 00:27:27,993] {logging_mixin.py:104} INFO - [2021-04-01 00:27:27,993] {dagbag.py:448} INFO - Filling up the DagBag from /home/airflow/.local/lib/python3.6/site-packages/airflow/example_dags/example_kubernetes_executor_config.py
[2021-04-01 00:27:27,999] {scheduler_job.py:639} INFO - DAG(s) dict_keys(['example_kubernetes_executor_config']) retrieved from /home/airflow/.local/lib/python3.6/site-packages/airflow/example_dags/example_kubernetes_executor_config.py
[2021-04-01 00:27:28,011] {logging_mixin.py:104} INFO - [2021-04-01 00:27:28,011] {dag.py:1818} INFO - Sync 1 DAGs
[2021-04-01 00:27:28,018] {logging_mixin.py:104} INFO - [2021-04-01 00:27:28,018] {dag.py:2273} INFO - Setting next_dagrun for example_kubernetes_executor_config to None
[2021-04-01 00:27:28,024] {scheduler_job.py:190} INFO - Processing /home/airflow/.local/lib/python3.6/site-packages/airflow/example_dags/example_kubernetes_executor_config.py took 0.033 seconds
[2021-04-01 00:27:58,676] {scheduler_job.py:182} INFO - Started process (PID=478) to work on /home/airflow/.local/lib/python3.6/site-packages/airflow/example_dags/example_kubernetes_executor_config.py
[2021-04-01 00:27:58,677] {scheduler_job.py:629} INFO - Processing file /home/airflow/.local/lib/python3.6/site-packages/airflow/example_dags/example_kubernetes_executor_config.py for tasks to queue
[2021-04-01 00:27:58,678] {logging_mixin.py:104} INFO - [2021-04-01 00:27:58,677] {dagbag.py:448} INFO - Filling up the DagBag from /home/airflow/.local/lib/python3.6/site-packages/airflow/example_dags/example_kubernetes_executor_config.py
[2021-04-01 00:27:58,685] {scheduler_job.py:639} INFO - DAG(s) dict_keys(['example_kubernetes_executor_config']) retrieved from /home/airflow/.local/lib/python3.6/site-packages/airflow/example_dags/example_kubernetes_executor_config.py
[2021-04-01 00:27:58,697] {logging_mixin.py:104} INFO - [2021-04-01 00:27:58,697] {dag.py:1818} INFO - Sync 1 DAGs
[2021-04-01 00:27:58,705] {logging_mixin.py:104} INFO - [2021-04-01 00:27:58,705] {dag.py:2273} INFO - Setting next_dagrun for example_kubernetes_executor_config to None
[2021-04-01 00:27:58,711] {scheduler_job.py:190} INFO - Processing /home/airflow/.local/lib/python3.6/site-packages/airflow/example_dags/example_kubernetes_executor_config.py took 0.036 seconds
[2021-04-01 00:28:29,318] {scheduler_job.py:182} INFO - Started process (PID=504) to work on /home/airflow/.local/lib/python3.6/site-packages/airflow/example_dags/example_kubernetes_executor_config.py
[2021-04-01 00:28:29,318] {scheduler_job.py:629} INFO - Processing file /home/airflow/.local/lib/python3.6/site-packages/airflow/example_dags/example_kubernetes_executor_config.py for tasks to queue
[2021-04-01 00:28:29,318] {logging_mixin.py:104} INFO - [2021-04-01 00:28:29,318] {dagbag.py:448} INFO - Filling up the DagBag from /home/airflow/.local/lib/python3.6/site-packages/airflow/example_dags/example_kubernetes_executor_config.py
[2021-04-01 00:28:29,325] {scheduler_job.py:639} INFO - DAG(s) dict_keys(['example_kubernetes_executor_config']) retrieved from /home/airflow/.local/lib/python3.6/site-packages/airflow/example_dags/example_kubernetes_executor_config.py
[2021-04-01 00:28:29,337] {logging_mixin.py:104} INFO - [2021-04-01 00:28:29,337] {dag.py:1818} INFO - Sync 1 DAGs
[2021-04-01 00:28:29,344] {logging_mixin.py:104} INFO - [2021-04-01 00:28:29,344] {dag.py:2273} INFO - Setting next_dagrun for example_kubernetes_executor_config to None
[2021-04-01 00:28:29,349] {scheduler_job.py:190} INFO - Processing /home/airflow/.local/lib/python3.6/site-packages/airflow/example_dags/example_kubernetes_executor_config.py took 0.033 seconds
[2021-04-01 00:28:59,957] {scheduler_job.py:182} INFO - Started process (PID=530) to work on /home/airflow/.local/lib/python3.6/site-packages/airflow/example_dags/example_kubernetes_executor_config.py
[2021-04-01 00:28:59,958] {scheduler_job.py:629} INFO - Processing file /home/airflow/.local/lib/python3.6/site-packages/airflow/example_dags/example_kubernetes_executor_config.py for tasks to queue
[2021-04-01 00:28:59,958] {logging_mixin.py:104} INFO - [2021-04-01 00:28:59,958] {dagbag.py:448} INFO - Filling up the DagBag from /home/airflow/.local/lib/python3.6/site-packages/airflow/example_dags/example_kubernetes_executor_config.py
[2021-04-01 00:28:59,965] {scheduler_job.py:639} INFO - DAG(s) dict_keys(['example_kubernetes_executor_config']) retrieved from /home/airflow/.local/lib/python3.6/site-packages/airflow/example_dags/example_kubernetes_executor_config.py
[2021-04-01 00:28:59,977] {logging_mixin.py:104} INFO - [2021-04-01 00:28:59,977] {dag.py:1818} INFO - Sync 1 DAGs
[2021-04-01 00:28:59,984] {logging_mixin.py:104} INFO - [2021-04-01 00:28:59,984] {dag.py:2273} INFO - Setting next_dagrun for example_kubernetes_executor_config to None
[2021-04-01 00:28:59,990] {scheduler_job.py:190} INFO - Processing /home/airflow/.local/lib/python3.6/site-packages/airflow/example_dags/example_kubernetes_executor_config.py took 0.034 seconds
[2021-04-01 00:29:30,605] {scheduler_job.py:182} INFO - Started process (PID=556) to work on /home/airflow/.local/lib/python3.6/site-packages/airflow/example_dags/example_kubernetes_executor_config.py
[2021-04-01 00:29:30,606] {scheduler_job.py:629} INFO - Processing file /home/airflow/.local/lib/python3.6/site-packages/airflow/example_dags/example_kubernetes_executor_config.py for tasks to queue
[2021-04-01 00:29:30,606] {logging_mixin.py:104} INFO - [2021-04-01 00:29:30,606] {dagbag.py:448} INFO - Filling up the DagBag from /home/airflow/.local/lib/python3.6/site-packages/airflow/example_dags/example_kubernetes_executor_config.py
[2021-04-01 00:29:30,612] {scheduler_job.py:639} INFO - DAG(s) dict_keys(['example_kubernetes_executor_config']) retrieved from /home/airflow/.local/lib/python3.6/site-packages/airflow/example_dags/example_kubernetes_executor_config.py
[2021-04-01 00:29:30,624] {logging_mixin.py:104} INFO - [2021-04-01 00:29:30,624] {dag.py:1818} INFO - Sync 1 DAGs
[2021-04-01 00:29:30,631] {logging_mixin.py:104} INFO - [2021-04-01 00:29:30,631] {dag.py:2273} INFO - Setting next_dagrun for example_kubernetes_executor_config to None
[2021-04-01 00:29:30,638] {scheduler_job.py:190} INFO - Processing /home/airflow/.local/lib/python3.6/site-packages/airflow/example_dags/example_kubernetes_executor_config.py took 0.034 seconds
[2021-04-01 00:30:01,278] {scheduler_job.py:182} INFO - Started process (PID=582) to work on /home/airflow/.local/lib/python3.6/site-packages/airflow/example_dags/example_kubernetes_executor_config.py
[2021-04-01 00:30:01,278] {scheduler_job.py:629} INFO - Processing file /home/airflow/.local/lib/python3.6/site-packages/airflow/example_dags/example_kubernetes_executor_config.py for tasks to queue
[2021-04-01 00:30:01,279] {logging_mixin.py:104} INFO - [2021-04-01 00:30:01,279] {dagbag.py:448} INFO - Filling up the DagBag from /home/airflow/.local/lib/python3.6/site-packages/airflow/example_dags/example_kubernetes_executor_config.py
[2021-04-01 00:30:01,285] {scheduler_job.py:639} INFO - DAG(s) dict_keys(['example_kubernetes_executor_config']) retrieved from /home/airflow/.local/lib/python3.6/site-packages/airflow/example_dags/example_kubernetes_executor_config.py
[2021-04-01 00:30:01,297] {logging_mixin.py:104} INFO - [2021-04-01 00:30:01,297] {dag.py:1818} INFO - Sync 1 DAGs
[2021-04-01 00:30:01,304] {logging_mixin.py:104} INFO - [2021-04-01 00:30:01,304] {dag.py:2273} INFO - Setting next_dagrun for example_kubernetes_executor_config to None
[2021-04-01 00:30:01,310] {scheduler_job.py:190} INFO - Processing /home/airflow/.local/lib/python3.6/site-packages/airflow/example_dags/example_kubernetes_executor_config.py took 0.033 seconds
[2021-04-01 00:30:31,912] {scheduler_job.py:182} INFO - Started process (PID=608) to work on /home/airflow/.local/lib/python3.6/site-packages/airflow/example_dags/example_kubernetes_executor_config.py
[2021-04-01 00:30:31,913] {scheduler_job.py:629} INFO - Processing file /home/airflow/.local/lib/python3.6/site-packages/airflow/example_dags/example_kubernetes_executor_config.py for tasks to queue
[2021-04-01 00:30:31,913] {logging_mixin.py:104} INFO - [2021-04-01 00:30:31,913] {dagbag.py:448} INFO - Filling up the DagBag from /home/airflow/.local/lib/python3.6/site-packages/airflow/example_dags/example_kubernetes_executor_config.py
[2021-04-01 00:30:31,921] {scheduler_job.py:639} INFO - DAG(s) dict_keys(['example_kubernetes_executor_config']) retrieved from /home/airflow/.local/lib/python3.6/site-packages/airflow/example_dags/example_kubernetes_executor_config.py
[2021-04-01 00:30:31,932] {logging_mixin.py:104} INFO - [2021-04-01 00:30:31,932] {dag.py:1818} INFO - Sync 1 DAGs
[2021-04-01 00:30:31,939] {logging_mixin.py:104} INFO - [2021-04-01 00:30:31,939] {dag.py:2273} INFO - Setting next_dagrun for example_kubernetes_executor_config to None
[2021-04-01 00:30:31,945] {scheduler_job.py:190} INFO - Processing /home/airflow/.local/lib/python3.6/site-packages/airflow/example_dags/example_kubernetes_executor_config.py took 0.034 seconds
[2021-04-01 00:31:02,542] {scheduler_job.py:182} INFO - Started process (PID=634) to work on /home/airflow/.local/lib/python3.6/site-packages/airflow/example_dags/example_kubernetes_executor_config.py
[2021-04-01 00:31:02,542] {scheduler_job.py:629} INFO - Processing file /home/airflow/.local/lib/python3.6/site-packages/airflow/example_dags/example_kubernetes_executor_config.py for tasks to queue
[2021-04-01 00:31:02,543] {logging_mixin.py:104} INFO - [2021-04-01 00:31:02,543] {dagbag.py:448} INFO - Filling up the DagBag from /home/airflow/.local/lib/python3.6/site-packages/airflow/example_dags/example_kubernetes_executor_config.py
[2021-04-01 00:31:02,550] {scheduler_job.py:639} INFO - DAG(s) dict_keys(['example_kubernetes_executor_config']) retrieved from /home/airflow/.local/lib/python3.6/site-packages/airflow/example_dags/example_kubernetes_executor_config.py
[2021-04-01 00:31:02,561] {logging_mixin.py:104} INFO - [2021-04-01 00:31:02,561] {dag.py:1818} INFO - Sync 1 DAGs
[2021-04-01 00:31:02,568] {logging_mixin.py:104} INFO - [2021-04-01 00:31:02,568] {dag.py:2273} INFO - Setting next_dagrun for example_kubernetes_executor_config to None
[2021-04-01 00:31:02,573] {scheduler_job.py:190} INFO - Processing /home/airflow/.local/lib/python3.6/site-packages/airflow/example_dags/example_kubernetes_executor_config.py took 0.033 seconds
[2021-04-01 00:31:33,139] {scheduler_job.py:182} INFO - Started process (PID=660) to work on /home/airflow/.local/lib/python3.6/site-packages/airflow/example_dags/example_kubernetes_executor_config.py
[2021-04-01 00:31:33,139] {scheduler_job.py:629} INFO - Processing file /home/airflow/.local/lib/python3.6/site-packages/airflow/example_dags/example_kubernetes_executor_config.py for tasks to queue
[2021-04-01 00:31:33,140] {logging_mixin.py:104} INFO - [2021-04-01 00:31:33,139] {dagbag.py:448} INFO - Filling up the DagBag from /home/airflow/.local/lib/python3.6/site-packages/airflow/example_dags/example_kubernetes_executor_config.py
[2021-04-01 00:31:33,146] {scheduler_job.py:639} INFO - DAG(s) dict_keys(['example_kubernetes_executor_config']) retrieved from /home/airflow/.local/lib/python3.6/site-packages/airflow/example_dags/example_kubernetes_executor_config.py
[2021-04-01 00:31:33,156] {logging_mixin.py:104} INFO - [2021-04-01 00:31:33,156] {dag.py:1818} INFO - Sync 1 DAGs
[2021-04-01 00:31:33,163] {logging_mixin.py:104} INFO - [2021-04-01 00:31:33,163] {dag.py:2273} INFO - Setting next_dagrun for example_kubernetes_executor_config to None
[2021-04-01 00:31:33,169] {scheduler_job.py:190} INFO - Processing /home/airflow/.local/lib/python3.6/site-packages/airflow/example_dags/example_kubernetes_executor_config.py took 0.032 seconds
