[2021-04-01 00:00:01,852] {scheduler_job.py:182} INFO - Started process (PID=128) to work on /home/airflow/.local/lib/python3.6/site-packages/airflow/example_dags/tutorial.py
[2021-04-01 00:00:01,852] {scheduler_job.py:629} INFO - Processing file /home/airflow/.local/lib/python3.6/site-packages/airflow/example_dags/tutorial.py for tasks to queue
[2021-04-01 00:00:01,852] {logging_mixin.py:104} INFO - [2021-04-01 00:00:01,852] {dagbag.py:448} INFO - Filling up the DagBag from /home/airflow/.local/lib/python3.6/site-packages/airflow/example_dags/tutorial.py
[2021-04-01 00:00:01,857] {scheduler_job.py:639} INFO - DAG(s) dict_keys(['tutorial']) retrieved from /home/airflow/.local/lib/python3.6/site-packages/airflow/example_dags/tutorial.py
[2021-04-01 00:00:01,869] {logging_mixin.py:104} INFO - [2021-04-01 00:00:01,869] {dag.py:1818} INFO - Sync 1 DAGs
[2021-04-01 00:00:01,876] {logging_mixin.py:104} INFO - [2021-04-01 00:00:01,876] {dag.py:2273} INFO - Setting next_dagrun for tutorial to 2021-03-30 00:00:00+00:00
[2021-04-01 00:00:01,883] {scheduler_job.py:190} INFO - Processing /home/airflow/.local/lib/python3.6/site-packages/airflow/example_dags/tutorial.py took 0.033 seconds
[2021-04-01 00:00:32,516] {scheduler_job.py:182} INFO - Started process (PID=154) to work on /home/airflow/.local/lib/python3.6/site-packages/airflow/example_dags/tutorial.py
[2021-04-01 00:00:32,517] {scheduler_job.py:629} INFO - Processing file /home/airflow/.local/lib/python3.6/site-packages/airflow/example_dags/tutorial.py for tasks to queue
[2021-04-01 00:00:32,517] {logging_mixin.py:104} INFO - [2021-04-01 00:00:32,517] {dagbag.py:448} INFO - Filling up the DagBag from /home/airflow/.local/lib/python3.6/site-packages/airflow/example_dags/tutorial.py
[2021-04-01 00:00:32,521] {scheduler_job.py:639} INFO - DAG(s) dict_keys(['tutorial']) retrieved from /home/airflow/.local/lib/python3.6/site-packages/airflow/example_dags/tutorial.py
[2021-04-01 00:00:32,532] {logging_mixin.py:104} INFO - [2021-04-01 00:00:32,532] {dag.py:1818} INFO - Sync 1 DAGs
[2021-04-01 00:00:32,540] {logging_mixin.py:104} INFO - [2021-04-01 00:00:32,540] {dag.py:2273} INFO - Setting next_dagrun for tutorial to 2021-03-30 00:00:00+00:00
[2021-04-01 00:00:32,545] {scheduler_job.py:190} INFO - Processing /home/airflow/.local/lib/python3.6/site-packages/airflow/example_dags/tutorial.py took 0.030 seconds
[2021-04-01 00:01:03,173] {scheduler_job.py:182} INFO - Started process (PID=180) to work on /home/airflow/.local/lib/python3.6/site-packages/airflow/example_dags/tutorial.py
[2021-04-01 00:01:03,174] {scheduler_job.py:629} INFO - Processing file /home/airflow/.local/lib/python3.6/site-packages/airflow/example_dags/tutorial.py for tasks to queue
[2021-04-01 00:01:03,174] {logging_mixin.py:104} INFO - [2021-04-01 00:01:03,174] {dagbag.py:448} INFO - Filling up the DagBag from /home/airflow/.local/lib/python3.6/site-packages/airflow/example_dags/tutorial.py
[2021-04-01 00:01:03,178] {scheduler_job.py:639} INFO - DAG(s) dict_keys(['tutorial']) retrieved from /home/airflow/.local/lib/python3.6/site-packages/airflow/example_dags/tutorial.py
[2021-04-01 00:01:03,189] {logging_mixin.py:104} INFO - [2021-04-01 00:01:03,189] {dag.py:1818} INFO - Sync 1 DAGs
[2021-04-01 00:01:03,197] {logging_mixin.py:104} INFO - [2021-04-01 00:01:03,197] {dag.py:2273} INFO - Setting next_dagrun for tutorial to 2021-03-30 00:00:00+00:00
[2021-04-01 00:01:03,202] {scheduler_job.py:190} INFO - Processing /home/airflow/.local/lib/python3.6/site-packages/airflow/example_dags/tutorial.py took 0.031 seconds
[2021-04-01 00:01:33,837] {scheduler_job.py:182} INFO - Started process (PID=206) to work on /home/airflow/.local/lib/python3.6/site-packages/airflow/example_dags/tutorial.py
[2021-04-01 00:01:33,838] {scheduler_job.py:629} INFO - Processing file /home/airflow/.local/lib/python3.6/site-packages/airflow/example_dags/tutorial.py for tasks to queue
[2021-04-01 00:01:33,838] {logging_mixin.py:104} INFO - [2021-04-01 00:01:33,838] {dagbag.py:448} INFO - Filling up the DagBag from /home/airflow/.local/lib/python3.6/site-packages/airflow/example_dags/tutorial.py
[2021-04-01 00:01:33,842] {scheduler_job.py:639} INFO - DAG(s) dict_keys(['tutorial']) retrieved from /home/airflow/.local/lib/python3.6/site-packages/airflow/example_dags/tutorial.py
[2021-04-01 00:01:33,853] {logging_mixin.py:104} INFO - [2021-04-01 00:01:33,853] {dag.py:1818} INFO - Sync 1 DAGs
[2021-04-01 00:01:33,860] {logging_mixin.py:104} INFO - [2021-04-01 00:01:33,860] {dag.py:2273} INFO - Setting next_dagrun for tutorial to 2021-03-30 00:00:00+00:00
[2021-04-01 00:01:33,867] {scheduler_job.py:190} INFO - Processing /home/airflow/.local/lib/python3.6/site-packages/airflow/example_dags/tutorial.py took 0.031 seconds
[2021-04-01 00:02:04,395] {scheduler_job.py:182} INFO - Started process (PID=232) to work on /home/airflow/.local/lib/python3.6/site-packages/airflow/example_dags/tutorial.py
[2021-04-01 00:02:04,396] {scheduler_job.py:629} INFO - Processing file /home/airflow/.local/lib/python3.6/site-packages/airflow/example_dags/tutorial.py for tasks to queue
[2021-04-01 00:02:04,396] {logging_mixin.py:104} INFO - [2021-04-01 00:02:04,396] {dagbag.py:448} INFO - Filling up the DagBag from /home/airflow/.local/lib/python3.6/site-packages/airflow/example_dags/tutorial.py
[2021-04-01 00:02:04,400] {scheduler_job.py:639} INFO - DAG(s) dict_keys(['tutorial']) retrieved from /home/airflow/.local/lib/python3.6/site-packages/airflow/example_dags/tutorial.py
[2021-04-01 00:02:04,410] {logging_mixin.py:104} INFO - [2021-04-01 00:02:04,410] {dag.py:1818} INFO - Sync 1 DAGs
[2021-04-01 00:02:04,418] {logging_mixin.py:104} INFO - [2021-04-01 00:02:04,417] {dag.py:2273} INFO - Setting next_dagrun for tutorial to 2021-03-30 00:00:00+00:00
[2021-04-01 00:02:04,423] {scheduler_job.py:190} INFO - Processing /home/airflow/.local/lib/python3.6/site-packages/airflow/example_dags/tutorial.py took 0.029 seconds
[2021-04-01 00:02:35,023] {scheduler_job.py:182} INFO - Started process (PID=258) to work on /home/airflow/.local/lib/python3.6/site-packages/airflow/example_dags/tutorial.py
[2021-04-01 00:02:35,024] {scheduler_job.py:629} INFO - Processing file /home/airflow/.local/lib/python3.6/site-packages/airflow/example_dags/tutorial.py for tasks to queue
[2021-04-01 00:02:35,024] {logging_mixin.py:104} INFO - [2021-04-01 00:02:35,024] {dagbag.py:448} INFO - Filling up the DagBag from /home/airflow/.local/lib/python3.6/site-packages/airflow/example_dags/tutorial.py
[2021-04-01 00:02:35,028] {scheduler_job.py:639} INFO - DAG(s) dict_keys(['tutorial']) retrieved from /home/airflow/.local/lib/python3.6/site-packages/airflow/example_dags/tutorial.py
[2021-04-01 00:02:35,038] {logging_mixin.py:104} INFO - [2021-04-01 00:02:35,038] {dag.py:1818} INFO - Sync 1 DAGs
[2021-04-01 00:02:35,046] {logging_mixin.py:104} INFO - [2021-04-01 00:02:35,046] {dag.py:2273} INFO - Setting next_dagrun for tutorial to 2021-03-30 00:00:00+00:00
[2021-04-01 00:02:35,051] {scheduler_job.py:190} INFO - Processing /home/airflow/.local/lib/python3.6/site-packages/airflow/example_dags/tutorial.py took 0.030 seconds
[2021-04-01 00:03:05,619] {scheduler_job.py:182} INFO - Started process (PID=284) to work on /home/airflow/.local/lib/python3.6/site-packages/airflow/example_dags/tutorial.py
[2021-04-01 00:03:05,619] {scheduler_job.py:629} INFO - Processing file /home/airflow/.local/lib/python3.6/site-packages/airflow/example_dags/tutorial.py for tasks to queue
[2021-04-01 00:03:05,619] {logging_mixin.py:104} INFO - [2021-04-01 00:03:05,619] {dagbag.py:448} INFO - Filling up the DagBag from /home/airflow/.local/lib/python3.6/site-packages/airflow/example_dags/tutorial.py
[2021-04-01 00:03:05,624] {scheduler_job.py:639} INFO - DAG(s) dict_keys(['tutorial']) retrieved from /home/airflow/.local/lib/python3.6/site-packages/airflow/example_dags/tutorial.py
[2021-04-01 00:03:05,633] {logging_mixin.py:104} INFO - [2021-04-01 00:03:05,633] {dag.py:1818} INFO - Sync 1 DAGs
[2021-04-01 00:03:05,641] {logging_mixin.py:104} INFO - [2021-04-01 00:03:05,641] {dag.py:2273} INFO - Setting next_dagrun for tutorial to 2021-03-30 00:00:00+00:00
[2021-04-01 00:03:05,648] {scheduler_job.py:190} INFO - Processing /home/airflow/.local/lib/python3.6/site-packages/airflow/example_dags/tutorial.py took 0.030 seconds
[2021-04-01 00:03:36,236] {scheduler_job.py:182} INFO - Started process (PID=310) to work on /home/airflow/.local/lib/python3.6/site-packages/airflow/example_dags/tutorial.py
[2021-04-01 00:03:36,236] {scheduler_job.py:629} INFO - Processing file /home/airflow/.local/lib/python3.6/site-packages/airflow/example_dags/tutorial.py for tasks to queue
[2021-04-01 00:03:36,236] {logging_mixin.py:104} INFO - [2021-04-01 00:03:36,236] {dagbag.py:448} INFO - Filling up the DagBag from /home/airflow/.local/lib/python3.6/site-packages/airflow/example_dags/tutorial.py
[2021-04-01 00:03:36,243] {scheduler_job.py:639} INFO - DAG(s) dict_keys(['tutorial']) retrieved from /home/airflow/.local/lib/python3.6/site-packages/airflow/example_dags/tutorial.py
[2021-04-01 00:03:36,255] {logging_mixin.py:104} INFO - [2021-04-01 00:03:36,255] {dag.py:1818} INFO - Sync 1 DAGs
[2021-04-01 00:03:36,264] {logging_mixin.py:104} INFO - [2021-04-01 00:03:36,264] {dag.py:2273} INFO - Setting next_dagrun for tutorial to 2021-03-30 00:00:00+00:00
[2021-04-01 00:03:36,271] {scheduler_job.py:190} INFO - Processing /home/airflow/.local/lib/python3.6/site-packages/airflow/example_dags/tutorial.py took 0.037 seconds
[2021-04-01 00:04:06,825] {scheduler_job.py:182} INFO - Started process (PID=336) to work on /home/airflow/.local/lib/python3.6/site-packages/airflow/example_dags/tutorial.py
[2021-04-01 00:04:06,825] {scheduler_job.py:629} INFO - Processing file /home/airflow/.local/lib/python3.6/site-packages/airflow/example_dags/tutorial.py for tasks to queue
[2021-04-01 00:04:06,826] {logging_mixin.py:104} INFO - [2021-04-01 00:04:06,826] {dagbag.py:448} INFO - Filling up the DagBag from /home/airflow/.local/lib/python3.6/site-packages/airflow/example_dags/tutorial.py
[2021-04-01 00:04:06,830] {scheduler_job.py:639} INFO - DAG(s) dict_keys(['tutorial']) retrieved from /home/airflow/.local/lib/python3.6/site-packages/airflow/example_dags/tutorial.py
[2021-04-01 00:04:06,841] {logging_mixin.py:104} INFO - [2021-04-01 00:04:06,841] {dag.py:1818} INFO - Sync 1 DAGs
[2021-04-01 00:04:06,848] {logging_mixin.py:104} INFO - [2021-04-01 00:04:06,848] {dag.py:2273} INFO - Setting next_dagrun for tutorial to 2021-03-30 00:00:00+00:00
[2021-04-01 00:04:06,854] {scheduler_job.py:190} INFO - Processing /home/airflow/.local/lib/python3.6/site-packages/airflow/example_dags/tutorial.py took 0.030 seconds
[2021-04-01 00:04:37,406] {scheduler_job.py:182} INFO - Started process (PID=362) to work on /home/airflow/.local/lib/python3.6/site-packages/airflow/example_dags/tutorial.py
[2021-04-01 00:04:37,406] {scheduler_job.py:629} INFO - Processing file /home/airflow/.local/lib/python3.6/site-packages/airflow/example_dags/tutorial.py for tasks to queue
[2021-04-01 00:04:37,407] {logging_mixin.py:104} INFO - [2021-04-01 00:04:37,406] {dagbag.py:448} INFO - Filling up the DagBag from /home/airflow/.local/lib/python3.6/site-packages/airflow/example_dags/tutorial.py
[2021-04-01 00:04:37,411] {scheduler_job.py:639} INFO - DAG(s) dict_keys(['tutorial']) retrieved from /home/airflow/.local/lib/python3.6/site-packages/airflow/example_dags/tutorial.py
[2021-04-01 00:04:37,422] {logging_mixin.py:104} INFO - [2021-04-01 00:04:37,422] {dag.py:1818} INFO - Sync 1 DAGs
[2021-04-01 00:04:37,429] {logging_mixin.py:104} INFO - [2021-04-01 00:04:37,429] {dag.py:2273} INFO - Setting next_dagrun for tutorial to 2021-03-30 00:00:00+00:00
[2021-04-01 00:04:37,435] {scheduler_job.py:190} INFO - Processing /home/airflow/.local/lib/python3.6/site-packages/airflow/example_dags/tutorial.py took 0.031 seconds
[2021-04-01 00:05:08,017] {scheduler_job.py:182} INFO - Started process (PID=388) to work on /home/airflow/.local/lib/python3.6/site-packages/airflow/example_dags/tutorial.py
[2021-04-01 00:05:08,017] {scheduler_job.py:629} INFO - Processing file /home/airflow/.local/lib/python3.6/site-packages/airflow/example_dags/tutorial.py for tasks to queue
[2021-04-01 00:05:08,018] {logging_mixin.py:104} INFO - [2021-04-01 00:05:08,017] {dagbag.py:448} INFO - Filling up the DagBag from /home/airflow/.local/lib/python3.6/site-packages/airflow/example_dags/tutorial.py
[2021-04-01 00:05:08,022] {scheduler_job.py:639} INFO - DAG(s) dict_keys(['tutorial']) retrieved from /home/airflow/.local/lib/python3.6/site-packages/airflow/example_dags/tutorial.py
[2021-04-01 00:05:08,032] {logging_mixin.py:104} INFO - [2021-04-01 00:05:08,032] {dag.py:1818} INFO - Sync 1 DAGs
[2021-04-01 00:05:08,040] {logging_mixin.py:104} INFO - [2021-04-01 00:05:08,040] {dag.py:2273} INFO - Setting next_dagrun for tutorial to 2021-03-30 00:00:00+00:00
[2021-04-01 00:05:08,045] {scheduler_job.py:190} INFO - Processing /home/airflow/.local/lib/python3.6/site-packages/airflow/example_dags/tutorial.py took 0.030 seconds
[2021-04-01 00:05:38,664] {scheduler_job.py:182} INFO - Started process (PID=414) to work on /home/airflow/.local/lib/python3.6/site-packages/airflow/example_dags/tutorial.py
[2021-04-01 00:05:38,665] {scheduler_job.py:629} INFO - Processing file /home/airflow/.local/lib/python3.6/site-packages/airflow/example_dags/tutorial.py for tasks to queue
[2021-04-01 00:05:38,665] {logging_mixin.py:104} INFO - [2021-04-01 00:05:38,665] {dagbag.py:448} INFO - Filling up the DagBag from /home/airflow/.local/lib/python3.6/site-packages/airflow/example_dags/tutorial.py
[2021-04-01 00:05:38,669] {scheduler_job.py:639} INFO - DAG(s) dict_keys(['tutorial']) retrieved from /home/airflow/.local/lib/python3.6/site-packages/airflow/example_dags/tutorial.py
[2021-04-01 00:05:38,679] {logging_mixin.py:104} INFO - [2021-04-01 00:05:38,679] {dag.py:1818} INFO - Sync 1 DAGs
[2021-04-01 00:05:38,687] {logging_mixin.py:104} INFO - [2021-04-01 00:05:38,687] {dag.py:2273} INFO - Setting next_dagrun for tutorial to 2021-03-30 00:00:00+00:00
[2021-04-01 00:05:38,694] {scheduler_job.py:190} INFO - Processing /home/airflow/.local/lib/python3.6/site-packages/airflow/example_dags/tutorial.py took 0.032 seconds
[2021-04-01 00:06:09,242] {scheduler_job.py:182} INFO - Started process (PID=440) to work on /home/airflow/.local/lib/python3.6/site-packages/airflow/example_dags/tutorial.py
[2021-04-01 00:06:09,242] {scheduler_job.py:629} INFO - Processing file /home/airflow/.local/lib/python3.6/site-packages/airflow/example_dags/tutorial.py for tasks to queue
[2021-04-01 00:06:09,242] {logging_mixin.py:104} INFO - [2021-04-01 00:06:09,242] {dagbag.py:448} INFO - Filling up the DagBag from /home/airflow/.local/lib/python3.6/site-packages/airflow/example_dags/tutorial.py
[2021-04-01 00:06:09,247] {scheduler_job.py:639} INFO - DAG(s) dict_keys(['tutorial']) retrieved from /home/airflow/.local/lib/python3.6/site-packages/airflow/example_dags/tutorial.py
[2021-04-01 00:06:09,258] {logging_mixin.py:104} INFO - [2021-04-01 00:06:09,258] {dag.py:1818} INFO - Sync 1 DAGs
[2021-04-01 00:06:09,268] {logging_mixin.py:104} INFO - [2021-04-01 00:06:09,268] {dag.py:2273} INFO - Setting next_dagrun for tutorial to 2021-03-30 00:00:00+00:00
[2021-04-01 00:06:09,274] {scheduler_job.py:190} INFO - Processing /home/airflow/.local/lib/python3.6/site-packages/airflow/example_dags/tutorial.py took 0.034 seconds
[2021-04-01 00:06:39,899] {scheduler_job.py:182} INFO - Started process (PID=466) to work on /home/airflow/.local/lib/python3.6/site-packages/airflow/example_dags/tutorial.py
[2021-04-01 00:06:39,899] {scheduler_job.py:629} INFO - Processing file /home/airflow/.local/lib/python3.6/site-packages/airflow/example_dags/tutorial.py for tasks to queue
[2021-04-01 00:06:39,900] {logging_mixin.py:104} INFO - [2021-04-01 00:06:39,900] {dagbag.py:448} INFO - Filling up the DagBag from /home/airflow/.local/lib/python3.6/site-packages/airflow/example_dags/tutorial.py
[2021-04-01 00:06:39,904] {scheduler_job.py:639} INFO - DAG(s) dict_keys(['tutorial']) retrieved from /home/airflow/.local/lib/python3.6/site-packages/airflow/example_dags/tutorial.py
[2021-04-01 00:06:39,914] {logging_mixin.py:104} INFO - [2021-04-01 00:06:39,914] {dag.py:1818} INFO - Sync 1 DAGs
[2021-04-01 00:06:39,923] {logging_mixin.py:104} INFO - [2021-04-01 00:06:39,923] {dag.py:2273} INFO - Setting next_dagrun for tutorial to 2021-03-30 00:00:00+00:00
[2021-04-01 00:06:39,929] {scheduler_job.py:190} INFO - Processing /home/airflow/.local/lib/python3.6/site-packages/airflow/example_dags/tutorial.py took 0.032 seconds
[2021-04-01 00:07:10,574] {scheduler_job.py:182} INFO - Started process (PID=492) to work on /home/airflow/.local/lib/python3.6/site-packages/airflow/example_dags/tutorial.py
[2021-04-01 00:07:10,574] {scheduler_job.py:629} INFO - Processing file /home/airflow/.local/lib/python3.6/site-packages/airflow/example_dags/tutorial.py for tasks to queue
[2021-04-01 00:07:10,574] {logging_mixin.py:104} INFO - [2021-04-01 00:07:10,574] {dagbag.py:448} INFO - Filling up the DagBag from /home/airflow/.local/lib/python3.6/site-packages/airflow/example_dags/tutorial.py
[2021-04-01 00:07:10,579] {scheduler_job.py:639} INFO - DAG(s) dict_keys(['tutorial']) retrieved from /home/airflow/.local/lib/python3.6/site-packages/airflow/example_dags/tutorial.py
[2021-04-01 00:07:10,589] {logging_mixin.py:104} INFO - [2021-04-01 00:07:10,589] {dag.py:1818} INFO - Sync 1 DAGs
[2021-04-01 00:07:10,598] {logging_mixin.py:104} INFO - [2021-04-01 00:07:10,598] {dag.py:2273} INFO - Setting next_dagrun for tutorial to 2021-03-30 00:00:00+00:00
[2021-04-01 00:07:10,604] {scheduler_job.py:190} INFO - Processing /home/airflow/.local/lib/python3.6/site-packages/airflow/example_dags/tutorial.py took 0.032 seconds
[2021-04-01 00:07:41,247] {scheduler_job.py:182} INFO - Started process (PID=518) to work on /home/airflow/.local/lib/python3.6/site-packages/airflow/example_dags/tutorial.py
[2021-04-01 00:07:41,248] {scheduler_job.py:629} INFO - Processing file /home/airflow/.local/lib/python3.6/site-packages/airflow/example_dags/tutorial.py for tasks to queue
[2021-04-01 00:07:41,248] {logging_mixin.py:104} INFO - [2021-04-01 00:07:41,248] {dagbag.py:448} INFO - Filling up the DagBag from /home/airflow/.local/lib/python3.6/site-packages/airflow/example_dags/tutorial.py
[2021-04-01 00:07:41,253] {scheduler_job.py:639} INFO - DAG(s) dict_keys(['tutorial']) retrieved from /home/airflow/.local/lib/python3.6/site-packages/airflow/example_dags/tutorial.py
[2021-04-01 00:07:41,263] {logging_mixin.py:104} INFO - [2021-04-01 00:07:41,263] {dag.py:1818} INFO - Sync 1 DAGs
[2021-04-01 00:07:41,272] {logging_mixin.py:104} INFO - [2021-04-01 00:07:41,272] {dag.py:2273} INFO - Setting next_dagrun for tutorial to 2021-03-30 00:00:00+00:00
[2021-04-01 00:07:41,278] {scheduler_job.py:190} INFO - Processing /home/airflow/.local/lib/python3.6/site-packages/airflow/example_dags/tutorial.py took 0.032 seconds
[2021-04-01 00:08:11,998] {scheduler_job.py:182} INFO - Started process (PID=544) to work on /home/airflow/.local/lib/python3.6/site-packages/airflow/example_dags/tutorial.py
[2021-04-01 00:08:11,999] {scheduler_job.py:629} INFO - Processing file /home/airflow/.local/lib/python3.6/site-packages/airflow/example_dags/tutorial.py for tasks to queue
[2021-04-01 00:08:11,999] {logging_mixin.py:104} INFO - [2021-04-01 00:08:11,999] {dagbag.py:448} INFO - Filling up the DagBag from /home/airflow/.local/lib/python3.6/site-packages/airflow/example_dags/tutorial.py
[2021-04-01 00:08:12,003] {scheduler_job.py:639} INFO - DAG(s) dict_keys(['tutorial']) retrieved from /home/airflow/.local/lib/python3.6/site-packages/airflow/example_dags/tutorial.py
[2021-04-01 00:08:12,014] {logging_mixin.py:104} INFO - [2021-04-01 00:08:12,014] {dag.py:1818} INFO - Sync 1 DAGs
[2021-04-01 00:08:12,022] {logging_mixin.py:104} INFO - [2021-04-01 00:08:12,022] {dag.py:2273} INFO - Setting next_dagrun for tutorial to 2021-03-30 00:00:00+00:00
[2021-04-01 00:08:12,028] {scheduler_job.py:190} INFO - Processing /home/airflow/.local/lib/python3.6/site-packages/airflow/example_dags/tutorial.py took 0.031 seconds
[2021-04-01 00:08:42,704] {scheduler_job.py:182} INFO - Started process (PID=570) to work on /home/airflow/.local/lib/python3.6/site-packages/airflow/example_dags/tutorial.py
[2021-04-01 00:08:42,704] {scheduler_job.py:629} INFO - Processing file /home/airflow/.local/lib/python3.6/site-packages/airflow/example_dags/tutorial.py for tasks to queue
[2021-04-01 00:08:42,704] {logging_mixin.py:104} INFO - [2021-04-01 00:08:42,704] {dagbag.py:448} INFO - Filling up the DagBag from /home/airflow/.local/lib/python3.6/site-packages/airflow/example_dags/tutorial.py
[2021-04-01 00:08:42,709] {scheduler_job.py:639} INFO - DAG(s) dict_keys(['tutorial']) retrieved from /home/airflow/.local/lib/python3.6/site-packages/airflow/example_dags/tutorial.py
[2021-04-01 00:08:42,720] {logging_mixin.py:104} INFO - [2021-04-01 00:08:42,720] {dag.py:1818} INFO - Sync 1 DAGs
[2021-04-01 00:08:42,727] {logging_mixin.py:104} INFO - [2021-04-01 00:08:42,727] {dag.py:2273} INFO - Setting next_dagrun for tutorial to 2021-03-30 00:00:00+00:00
[2021-04-01 00:08:42,733] {scheduler_job.py:190} INFO - Processing /home/airflow/.local/lib/python3.6/site-packages/airflow/example_dags/tutorial.py took 0.031 seconds
[2021-04-01 00:09:13,372] {scheduler_job.py:182} INFO - Started process (PID=596) to work on /home/airflow/.local/lib/python3.6/site-packages/airflow/example_dags/tutorial.py
[2021-04-01 00:09:13,373] {scheduler_job.py:629} INFO - Processing file /home/airflow/.local/lib/python3.6/site-packages/airflow/example_dags/tutorial.py for tasks to queue
[2021-04-01 00:09:13,373] {logging_mixin.py:104} INFO - [2021-04-01 00:09:13,373] {dagbag.py:448} INFO - Filling up the DagBag from /home/airflow/.local/lib/python3.6/site-packages/airflow/example_dags/tutorial.py
[2021-04-01 00:09:13,378] {scheduler_job.py:639} INFO - DAG(s) dict_keys(['tutorial']) retrieved from /home/airflow/.local/lib/python3.6/site-packages/airflow/example_dags/tutorial.py
[2021-04-01 00:09:13,389] {logging_mixin.py:104} INFO - [2021-04-01 00:09:13,389] {dag.py:1818} INFO - Sync 1 DAGs
[2021-04-01 00:09:13,397] {logging_mixin.py:104} INFO - [2021-04-01 00:09:13,397] {dag.py:2273} INFO - Setting next_dagrun for tutorial to 2021-03-30 00:00:00+00:00
[2021-04-01 00:09:13,402] {scheduler_job.py:190} INFO - Processing /home/airflow/.local/lib/python3.6/site-packages/airflow/example_dags/tutorial.py took 0.031 seconds
[2021-04-01 00:09:44,077] {scheduler_job.py:182} INFO - Started process (PID=622) to work on /home/airflow/.local/lib/python3.6/site-packages/airflow/example_dags/tutorial.py
[2021-04-01 00:09:44,077] {scheduler_job.py:629} INFO - Processing file /home/airflow/.local/lib/python3.6/site-packages/airflow/example_dags/tutorial.py for tasks to queue
[2021-04-01 00:09:44,078] {logging_mixin.py:104} INFO - [2021-04-01 00:09:44,078] {dagbag.py:448} INFO - Filling up the DagBag from /home/airflow/.local/lib/python3.6/site-packages/airflow/example_dags/tutorial.py
[2021-04-01 00:09:44,082] {scheduler_job.py:639} INFO - DAG(s) dict_keys(['tutorial']) retrieved from /home/airflow/.local/lib/python3.6/site-packages/airflow/example_dags/tutorial.py
[2021-04-01 00:09:44,094] {logging_mixin.py:104} INFO - [2021-04-01 00:09:44,094] {dag.py:1818} INFO - Sync 1 DAGs
[2021-04-01 00:09:44,101] {logging_mixin.py:104} INFO - [2021-04-01 00:09:44,101] {dag.py:2273} INFO - Setting next_dagrun for tutorial to 2021-03-30 00:00:00+00:00
[2021-04-01 00:09:44,107] {scheduler_job.py:190} INFO - Processing /home/airflow/.local/lib/python3.6/site-packages/airflow/example_dags/tutorial.py took 0.031 seconds
[2021-04-01 00:10:14,752] {scheduler_job.py:182} INFO - Started process (PID=648) to work on /home/airflow/.local/lib/python3.6/site-packages/airflow/example_dags/tutorial.py
[2021-04-01 00:10:14,753] {scheduler_job.py:629} INFO - Processing file /home/airflow/.local/lib/python3.6/site-packages/airflow/example_dags/tutorial.py for tasks to queue
[2021-04-01 00:10:14,753] {logging_mixin.py:104} INFO - [2021-04-01 00:10:14,753] {dagbag.py:448} INFO - Filling up the DagBag from /home/airflow/.local/lib/python3.6/site-packages/airflow/example_dags/tutorial.py
[2021-04-01 00:10:14,758] {scheduler_job.py:639} INFO - DAG(s) dict_keys(['tutorial']) retrieved from /home/airflow/.local/lib/python3.6/site-packages/airflow/example_dags/tutorial.py
[2021-04-01 00:10:14,769] {logging_mixin.py:104} INFO - [2021-04-01 00:10:14,769] {dag.py:1818} INFO - Sync 1 DAGs
[2021-04-01 00:10:14,776] {logging_mixin.py:104} INFO - [2021-04-01 00:10:14,776] {dag.py:2273} INFO - Setting next_dagrun for tutorial to 2021-03-30 00:00:00+00:00
[2021-04-01 00:10:14,783] {scheduler_job.py:190} INFO - Processing /home/airflow/.local/lib/python3.6/site-packages/airflow/example_dags/tutorial.py took 0.032 seconds
[2021-04-01 00:10:45,429] {scheduler_job.py:182} INFO - Started process (PID=674) to work on /home/airflow/.local/lib/python3.6/site-packages/airflow/example_dags/tutorial.py
[2021-04-01 00:10:45,429] {scheduler_job.py:629} INFO - Processing file /home/airflow/.local/lib/python3.6/site-packages/airflow/example_dags/tutorial.py for tasks to queue
[2021-04-01 00:10:45,430] {logging_mixin.py:104} INFO - [2021-04-01 00:10:45,430] {dagbag.py:448} INFO - Filling up the DagBag from /home/airflow/.local/lib/python3.6/site-packages/airflow/example_dags/tutorial.py
[2021-04-01 00:10:45,434] {scheduler_job.py:639} INFO - DAG(s) dict_keys(['tutorial']) retrieved from /home/airflow/.local/lib/python3.6/site-packages/airflow/example_dags/tutorial.py
[2021-04-01 00:10:45,446] {logging_mixin.py:104} INFO - [2021-04-01 00:10:45,446] {dag.py:1818} INFO - Sync 1 DAGs
[2021-04-01 00:10:45,453] {logging_mixin.py:104} INFO - [2021-04-01 00:10:45,453] {dag.py:2273} INFO - Setting next_dagrun for tutorial to 2021-03-30 00:00:00+00:00
[2021-04-01 00:10:45,461] {scheduler_job.py:190} INFO - Processing /home/airflow/.local/lib/python3.6/site-packages/airflow/example_dags/tutorial.py took 0.034 seconds
[2021-04-01 00:19:17,595] {scheduler_job.py:182} INFO - Started process (PID=47) to work on /home/airflow/.local/lib/python3.6/site-packages/airflow/example_dags/tutorial.py
[2021-04-01 00:19:17,595] {scheduler_job.py:629} INFO - Processing file /home/airflow/.local/lib/python3.6/site-packages/airflow/example_dags/tutorial.py for tasks to queue
[2021-04-01 00:19:17,595] {logging_mixin.py:104} INFO - [2021-04-01 00:19:17,595] {dagbag.py:448} INFO - Filling up the DagBag from /home/airflow/.local/lib/python3.6/site-packages/airflow/example_dags/tutorial.py
[2021-04-01 00:19:17,600] {scheduler_job.py:639} INFO - DAG(s) dict_keys(['tutorial']) retrieved from /home/airflow/.local/lib/python3.6/site-packages/airflow/example_dags/tutorial.py
[2021-04-01 00:19:17,611] {logging_mixin.py:104} INFO - [2021-04-01 00:19:17,611] {dag.py:1818} INFO - Sync 1 DAGs
[2021-04-01 00:19:17,619] {logging_mixin.py:104} INFO - [2021-04-01 00:19:17,619] {dag.py:2273} INFO - Setting next_dagrun for tutorial to 2021-03-30 00:00:00+00:00
[2021-04-01 00:19:17,626] {scheduler_job.py:190} INFO - Processing /home/airflow/.local/lib/python3.6/site-packages/airflow/example_dags/tutorial.py took 0.033 seconds
[2021-04-01 00:19:48,358] {scheduler_job.py:182} INFO - Started process (PID=73) to work on /home/airflow/.local/lib/python3.6/site-packages/airflow/example_dags/tutorial.py
[2021-04-01 00:19:48,358] {scheduler_job.py:629} INFO - Processing file /home/airflow/.local/lib/python3.6/site-packages/airflow/example_dags/tutorial.py for tasks to queue
[2021-04-01 00:19:48,359] {logging_mixin.py:104} INFO - [2021-04-01 00:19:48,359] {dagbag.py:448} INFO - Filling up the DagBag from /home/airflow/.local/lib/python3.6/site-packages/airflow/example_dags/tutorial.py
[2021-04-01 00:19:48,363] {scheduler_job.py:639} INFO - DAG(s) dict_keys(['tutorial']) retrieved from /home/airflow/.local/lib/python3.6/site-packages/airflow/example_dags/tutorial.py
[2021-04-01 00:19:48,374] {logging_mixin.py:104} INFO - [2021-04-01 00:19:48,374] {dag.py:1818} INFO - Sync 1 DAGs
[2021-04-01 00:19:48,381] {logging_mixin.py:104} INFO - [2021-04-01 00:19:48,381] {dag.py:2273} INFO - Setting next_dagrun for tutorial to 2021-03-30 00:00:00+00:00
[2021-04-01 00:19:48,386] {scheduler_job.py:190} INFO - Processing /home/airflow/.local/lib/python3.6/site-packages/airflow/example_dags/tutorial.py took 0.030 seconds
[2021-04-01 00:20:19,086] {scheduler_job.py:182} INFO - Started process (PID=99) to work on /home/airflow/.local/lib/python3.6/site-packages/airflow/example_dags/tutorial.py
[2021-04-01 00:20:19,086] {scheduler_job.py:629} INFO - Processing file /home/airflow/.local/lib/python3.6/site-packages/airflow/example_dags/tutorial.py for tasks to queue
[2021-04-01 00:20:19,086] {logging_mixin.py:104} INFO - [2021-04-01 00:20:19,086] {dagbag.py:448} INFO - Filling up the DagBag from /home/airflow/.local/lib/python3.6/site-packages/airflow/example_dags/tutorial.py
[2021-04-01 00:20:19,091] {scheduler_job.py:639} INFO - DAG(s) dict_keys(['tutorial']) retrieved from /home/airflow/.local/lib/python3.6/site-packages/airflow/example_dags/tutorial.py
[2021-04-01 00:20:19,101] {logging_mixin.py:104} INFO - [2021-04-01 00:20:19,101] {dag.py:1818} INFO - Sync 1 DAGs
[2021-04-01 00:20:19,109] {logging_mixin.py:104} INFO - [2021-04-01 00:20:19,109] {dag.py:2273} INFO - Setting next_dagrun for tutorial to 2021-03-30 00:00:00+00:00
[2021-04-01 00:20:19,115] {scheduler_job.py:190} INFO - Processing /home/airflow/.local/lib/python3.6/site-packages/airflow/example_dags/tutorial.py took 0.030 seconds
[2021-04-01 00:20:49,812] {scheduler_job.py:182} INFO - Started process (PID=125) to work on /home/airflow/.local/lib/python3.6/site-packages/airflow/example_dags/tutorial.py
[2021-04-01 00:20:49,812] {scheduler_job.py:629} INFO - Processing file /home/airflow/.local/lib/python3.6/site-packages/airflow/example_dags/tutorial.py for tasks to queue
[2021-04-01 00:20:49,812] {logging_mixin.py:104} INFO - [2021-04-01 00:20:49,812] {dagbag.py:448} INFO - Filling up the DagBag from /home/airflow/.local/lib/python3.6/site-packages/airflow/example_dags/tutorial.py
[2021-04-01 00:20:49,817] {scheduler_job.py:639} INFO - DAG(s) dict_keys(['tutorial']) retrieved from /home/airflow/.local/lib/python3.6/site-packages/airflow/example_dags/tutorial.py
[2021-04-01 00:20:49,827] {logging_mixin.py:104} INFO - [2021-04-01 00:20:49,827] {dag.py:1818} INFO - Sync 1 DAGs
[2021-04-01 00:20:49,834] {logging_mixin.py:104} INFO - [2021-04-01 00:20:49,834] {dag.py:2273} INFO - Setting next_dagrun for tutorial to 2021-03-30 00:00:00+00:00
[2021-04-01 00:20:49,840] {scheduler_job.py:190} INFO - Processing /home/airflow/.local/lib/python3.6/site-packages/airflow/example_dags/tutorial.py took 0.030 seconds
[2021-04-01 00:21:20,500] {scheduler_job.py:182} INFO - Started process (PID=151) to work on /home/airflow/.local/lib/python3.6/site-packages/airflow/example_dags/tutorial.py
[2021-04-01 00:21:20,501] {scheduler_job.py:629} INFO - Processing file /home/airflow/.local/lib/python3.6/site-packages/airflow/example_dags/tutorial.py for tasks to queue
[2021-04-01 00:21:20,501] {logging_mixin.py:104} INFO - [2021-04-01 00:21:20,501] {dagbag.py:448} INFO - Filling up the DagBag from /home/airflow/.local/lib/python3.6/site-packages/airflow/example_dags/tutorial.py
[2021-04-01 00:21:20,506] {scheduler_job.py:639} INFO - DAG(s) dict_keys(['tutorial']) retrieved from /home/airflow/.local/lib/python3.6/site-packages/airflow/example_dags/tutorial.py
[2021-04-01 00:21:20,516] {logging_mixin.py:104} INFO - [2021-04-01 00:21:20,516] {dag.py:1818} INFO - Sync 1 DAGs
[2021-04-01 00:21:20,523] {logging_mixin.py:104} INFO - [2021-04-01 00:21:20,523] {dag.py:2273} INFO - Setting next_dagrun for tutorial to 2021-03-30 00:00:00+00:00
[2021-04-01 00:21:20,529] {scheduler_job.py:190} INFO - Processing /home/airflow/.local/lib/python3.6/site-packages/airflow/example_dags/tutorial.py took 0.030 seconds
[2021-04-01 00:21:51,145] {scheduler_job.py:182} INFO - Started process (PID=177) to work on /home/airflow/.local/lib/python3.6/site-packages/airflow/example_dags/tutorial.py
[2021-04-01 00:21:51,146] {scheduler_job.py:629} INFO - Processing file /home/airflow/.local/lib/python3.6/site-packages/airflow/example_dags/tutorial.py for tasks to queue
[2021-04-01 00:21:51,146] {logging_mixin.py:104} INFO - [2021-04-01 00:21:51,146] {dagbag.py:448} INFO - Filling up the DagBag from /home/airflow/.local/lib/python3.6/site-packages/airflow/example_dags/tutorial.py
[2021-04-01 00:21:51,151] {scheduler_job.py:639} INFO - DAG(s) dict_keys(['tutorial']) retrieved from /home/airflow/.local/lib/python3.6/site-packages/airflow/example_dags/tutorial.py
[2021-04-01 00:21:51,161] {logging_mixin.py:104} INFO - [2021-04-01 00:21:51,161] {dag.py:1818} INFO - Sync 1 DAGs
[2021-04-01 00:21:51,168] {logging_mixin.py:104} INFO - [2021-04-01 00:21:51,168] {dag.py:2273} INFO - Setting next_dagrun for tutorial to 2021-03-30 00:00:00+00:00
[2021-04-01 00:21:51,173] {scheduler_job.py:190} INFO - Processing /home/airflow/.local/lib/python3.6/site-packages/airflow/example_dags/tutorial.py took 0.030 seconds
[2021-04-01 00:22:21,809] {scheduler_job.py:182} INFO - Started process (PID=203) to work on /home/airflow/.local/lib/python3.6/site-packages/airflow/example_dags/tutorial.py
[2021-04-01 00:22:21,809] {scheduler_job.py:629} INFO - Processing file /home/airflow/.local/lib/python3.6/site-packages/airflow/example_dags/tutorial.py for tasks to queue
[2021-04-01 00:22:21,809] {logging_mixin.py:104} INFO - [2021-04-01 00:22:21,809] {dagbag.py:448} INFO - Filling up the DagBag from /home/airflow/.local/lib/python3.6/site-packages/airflow/example_dags/tutorial.py
[2021-04-01 00:22:21,814] {scheduler_job.py:639} INFO - DAG(s) dict_keys(['tutorial']) retrieved from /home/airflow/.local/lib/python3.6/site-packages/airflow/example_dags/tutorial.py
[2021-04-01 00:22:21,824] {logging_mixin.py:104} INFO - [2021-04-01 00:22:21,824] {dag.py:1818} INFO - Sync 1 DAGs
[2021-04-01 00:22:21,831] {logging_mixin.py:104} INFO - [2021-04-01 00:22:21,831] {dag.py:2273} INFO - Setting next_dagrun for tutorial to 2021-03-30 00:00:00+00:00
[2021-04-01 00:22:21,837] {scheduler_job.py:190} INFO - Processing /home/airflow/.local/lib/python3.6/site-packages/airflow/example_dags/tutorial.py took 0.030 seconds
[2021-04-01 00:22:52,448] {scheduler_job.py:182} INFO - Started process (PID=229) to work on /home/airflow/.local/lib/python3.6/site-packages/airflow/example_dags/tutorial.py
[2021-04-01 00:22:52,449] {scheduler_job.py:629} INFO - Processing file /home/airflow/.local/lib/python3.6/site-packages/airflow/example_dags/tutorial.py for tasks to queue
[2021-04-01 00:22:52,449] {logging_mixin.py:104} INFO - [2021-04-01 00:22:52,449] {dagbag.py:448} INFO - Filling up the DagBag from /home/airflow/.local/lib/python3.6/site-packages/airflow/example_dags/tutorial.py
[2021-04-01 00:22:52,453] {scheduler_job.py:639} INFO - DAG(s) dict_keys(['tutorial']) retrieved from /home/airflow/.local/lib/python3.6/site-packages/airflow/example_dags/tutorial.py
[2021-04-01 00:22:52,463] {logging_mixin.py:104} INFO - [2021-04-01 00:22:52,463] {dag.py:1818} INFO - Sync 1 DAGs
[2021-04-01 00:22:52,470] {logging_mixin.py:104} INFO - [2021-04-01 00:22:52,470] {dag.py:2273} INFO - Setting next_dagrun for tutorial to 2021-03-30 00:00:00+00:00
[2021-04-01 00:22:52,476] {scheduler_job.py:190} INFO - Processing /home/airflow/.local/lib/python3.6/site-packages/airflow/example_dags/tutorial.py took 0.030 seconds
[2021-04-01 00:23:23,080] {scheduler_job.py:182} INFO - Started process (PID=255) to work on /home/airflow/.local/lib/python3.6/site-packages/airflow/example_dags/tutorial.py
[2021-04-01 00:23:23,081] {scheduler_job.py:629} INFO - Processing file /home/airflow/.local/lib/python3.6/site-packages/airflow/example_dags/tutorial.py for tasks to queue
[2021-04-01 00:23:23,081] {logging_mixin.py:104} INFO - [2021-04-01 00:23:23,081] {dagbag.py:448} INFO - Filling up the DagBag from /home/airflow/.local/lib/python3.6/site-packages/airflow/example_dags/tutorial.py
[2021-04-01 00:23:23,086] {scheduler_job.py:639} INFO - DAG(s) dict_keys(['tutorial']) retrieved from /home/airflow/.local/lib/python3.6/site-packages/airflow/example_dags/tutorial.py
[2021-04-01 00:23:23,096] {logging_mixin.py:104} INFO - [2021-04-01 00:23:23,096] {dag.py:1818} INFO - Sync 1 DAGs
[2021-04-01 00:23:23,103] {logging_mixin.py:104} INFO - [2021-04-01 00:23:23,103] {dag.py:2273} INFO - Setting next_dagrun for tutorial to 2021-03-30 00:00:00+00:00
[2021-04-01 00:23:23,108] {scheduler_job.py:190} INFO - Processing /home/airflow/.local/lib/python3.6/site-packages/airflow/example_dags/tutorial.py took 0.030 seconds
[2021-04-01 00:23:53,714] {scheduler_job.py:182} INFO - Started process (PID=281) to work on /home/airflow/.local/lib/python3.6/site-packages/airflow/example_dags/tutorial.py
[2021-04-01 00:23:53,715] {scheduler_job.py:629} INFO - Processing file /home/airflow/.local/lib/python3.6/site-packages/airflow/example_dags/tutorial.py for tasks to queue
[2021-04-01 00:23:53,715] {logging_mixin.py:104} INFO - [2021-04-01 00:23:53,715] {dagbag.py:448} INFO - Filling up the DagBag from /home/airflow/.local/lib/python3.6/site-packages/airflow/example_dags/tutorial.py
[2021-04-01 00:23:53,719] {scheduler_job.py:639} INFO - DAG(s) dict_keys(['tutorial']) retrieved from /home/airflow/.local/lib/python3.6/site-packages/airflow/example_dags/tutorial.py
[2021-04-01 00:23:53,730] {logging_mixin.py:104} INFO - [2021-04-01 00:23:53,730] {dag.py:1818} INFO - Sync 1 DAGs
[2021-04-01 00:23:53,737] {logging_mixin.py:104} INFO - [2021-04-01 00:23:53,737] {dag.py:2273} INFO - Setting next_dagrun for tutorial to 2021-03-30 00:00:00+00:00
[2021-04-01 00:23:53,743] {scheduler_job.py:190} INFO - Processing /home/airflow/.local/lib/python3.6/site-packages/airflow/example_dags/tutorial.py took 0.030 seconds
[2021-04-01 00:24:24,396] {scheduler_job.py:182} INFO - Started process (PID=307) to work on /home/airflow/.local/lib/python3.6/site-packages/airflow/example_dags/tutorial.py
[2021-04-01 00:24:24,397] {scheduler_job.py:629} INFO - Processing file /home/airflow/.local/lib/python3.6/site-packages/airflow/example_dags/tutorial.py for tasks to queue
[2021-04-01 00:24:24,397] {logging_mixin.py:104} INFO - [2021-04-01 00:24:24,397] {dagbag.py:448} INFO - Filling up the DagBag from /home/airflow/.local/lib/python3.6/site-packages/airflow/example_dags/tutorial.py
[2021-04-01 00:24:24,401] {scheduler_job.py:639} INFO - DAG(s) dict_keys(['tutorial']) retrieved from /home/airflow/.local/lib/python3.6/site-packages/airflow/example_dags/tutorial.py
[2021-04-01 00:24:24,411] {logging_mixin.py:104} INFO - [2021-04-01 00:24:24,411] {dag.py:1818} INFO - Sync 1 DAGs
[2021-04-01 00:24:24,419] {logging_mixin.py:104} INFO - [2021-04-01 00:24:24,419] {dag.py:2273} INFO - Setting next_dagrun for tutorial to 2021-03-30 00:00:00+00:00
[2021-04-01 00:24:24,425] {scheduler_job.py:190} INFO - Processing /home/airflow/.local/lib/python3.6/site-packages/airflow/example_dags/tutorial.py took 0.031 seconds
[2021-04-01 00:24:55,015] {scheduler_job.py:182} INFO - Started process (PID=333) to work on /home/airflow/.local/lib/python3.6/site-packages/airflow/example_dags/tutorial.py
[2021-04-01 00:24:55,016] {scheduler_job.py:629} INFO - Processing file /home/airflow/.local/lib/python3.6/site-packages/airflow/example_dags/tutorial.py for tasks to queue
[2021-04-01 00:24:55,016] {logging_mixin.py:104} INFO - [2021-04-01 00:24:55,016] {dagbag.py:448} INFO - Filling up the DagBag from /home/airflow/.local/lib/python3.6/site-packages/airflow/example_dags/tutorial.py
[2021-04-01 00:24:55,021] {scheduler_job.py:639} INFO - DAG(s) dict_keys(['tutorial']) retrieved from /home/airflow/.local/lib/python3.6/site-packages/airflow/example_dags/tutorial.py
[2021-04-01 00:24:55,031] {logging_mixin.py:104} INFO - [2021-04-01 00:24:55,030] {dag.py:1818} INFO - Sync 1 DAGs
[2021-04-01 00:24:55,038] {logging_mixin.py:104} INFO - [2021-04-01 00:24:55,038] {dag.py:2273} INFO - Setting next_dagrun for tutorial to 2021-03-30 00:00:00+00:00
[2021-04-01 00:24:55,045] {scheduler_job.py:190} INFO - Processing /home/airflow/.local/lib/python3.6/site-packages/airflow/example_dags/tutorial.py took 0.031 seconds
[2021-04-01 00:25:25,668] {scheduler_job.py:182} INFO - Started process (PID=359) to work on /home/airflow/.local/lib/python3.6/site-packages/airflow/example_dags/tutorial.py
[2021-04-01 00:25:25,669] {scheduler_job.py:629} INFO - Processing file /home/airflow/.local/lib/python3.6/site-packages/airflow/example_dags/tutorial.py for tasks to queue
[2021-04-01 00:25:25,669] {logging_mixin.py:104} INFO - [2021-04-01 00:25:25,669] {dagbag.py:448} INFO - Filling up the DagBag from /home/airflow/.local/lib/python3.6/site-packages/airflow/example_dags/tutorial.py
[2021-04-01 00:25:25,674] {scheduler_job.py:639} INFO - DAG(s) dict_keys(['tutorial']) retrieved from /home/airflow/.local/lib/python3.6/site-packages/airflow/example_dags/tutorial.py
[2021-04-01 00:25:25,684] {logging_mixin.py:104} INFO - [2021-04-01 00:25:25,684] {dag.py:1818} INFO - Sync 1 DAGs
[2021-04-01 00:25:25,692] {logging_mixin.py:104} INFO - [2021-04-01 00:25:25,692] {dag.py:2273} INFO - Setting next_dagrun for tutorial to 2021-03-30 00:00:00+00:00
[2021-04-01 00:25:25,699] {scheduler_job.py:190} INFO - Processing /home/airflow/.local/lib/python3.6/site-packages/airflow/example_dags/tutorial.py took 0.032 seconds
[2021-04-01 00:25:56,298] {scheduler_job.py:182} INFO - Started process (PID=385) to work on /home/airflow/.local/lib/python3.6/site-packages/airflow/example_dags/tutorial.py
[2021-04-01 00:25:56,298] {scheduler_job.py:629} INFO - Processing file /home/airflow/.local/lib/python3.6/site-packages/airflow/example_dags/tutorial.py for tasks to queue
[2021-04-01 00:25:56,299] {logging_mixin.py:104} INFO - [2021-04-01 00:25:56,299] {dagbag.py:448} INFO - Filling up the DagBag from /home/airflow/.local/lib/python3.6/site-packages/airflow/example_dags/tutorial.py
[2021-04-01 00:25:56,303] {scheduler_job.py:639} INFO - DAG(s) dict_keys(['tutorial']) retrieved from /home/airflow/.local/lib/python3.6/site-packages/airflow/example_dags/tutorial.py
[2021-04-01 00:25:56,313] {logging_mixin.py:104} INFO - [2021-04-01 00:25:56,313] {dag.py:1818} INFO - Sync 1 DAGs
[2021-04-01 00:25:56,321] {logging_mixin.py:104} INFO - [2021-04-01 00:25:56,321] {dag.py:2273} INFO - Setting next_dagrun for tutorial to 2021-03-30 00:00:00+00:00
[2021-04-01 00:25:56,326] {scheduler_job.py:190} INFO - Processing /home/airflow/.local/lib/python3.6/site-packages/airflow/example_dags/tutorial.py took 0.030 seconds
[2021-04-01 00:26:26,937] {scheduler_job.py:182} INFO - Started process (PID=411) to work on /home/airflow/.local/lib/python3.6/site-packages/airflow/example_dags/tutorial.py
[2021-04-01 00:26:26,937] {scheduler_job.py:629} INFO - Processing file /home/airflow/.local/lib/python3.6/site-packages/airflow/example_dags/tutorial.py for tasks to queue
[2021-04-01 00:26:26,937] {logging_mixin.py:104} INFO - [2021-04-01 00:26:26,937] {dagbag.py:448} INFO - Filling up the DagBag from /home/airflow/.local/lib/python3.6/site-packages/airflow/example_dags/tutorial.py
[2021-04-01 00:26:26,942] {scheduler_job.py:639} INFO - DAG(s) dict_keys(['tutorial']) retrieved from /home/airflow/.local/lib/python3.6/site-packages/airflow/example_dags/tutorial.py
[2021-04-01 00:26:26,952] {logging_mixin.py:104} INFO - [2021-04-01 00:26:26,952] {dag.py:1818} INFO - Sync 1 DAGs
[2021-04-01 00:26:26,959] {logging_mixin.py:104} INFO - [2021-04-01 00:26:26,959] {dag.py:2273} INFO - Setting next_dagrun for tutorial to 2021-03-30 00:00:00+00:00
[2021-04-01 00:26:26,966] {scheduler_job.py:190} INFO - Processing /home/airflow/.local/lib/python3.6/site-packages/airflow/example_dags/tutorial.py took 0.031 seconds
[2021-04-01 00:26:57,595] {scheduler_job.py:182} INFO - Started process (PID=437) to work on /home/airflow/.local/lib/python3.6/site-packages/airflow/example_dags/tutorial.py
[2021-04-01 00:26:57,595] {scheduler_job.py:629} INFO - Processing file /home/airflow/.local/lib/python3.6/site-packages/airflow/example_dags/tutorial.py for tasks to queue
[2021-04-01 00:26:57,595] {logging_mixin.py:104} INFO - [2021-04-01 00:26:57,595] {dagbag.py:448} INFO - Filling up the DagBag from /home/airflow/.local/lib/python3.6/site-packages/airflow/example_dags/tutorial.py
[2021-04-01 00:26:57,600] {scheduler_job.py:639} INFO - DAG(s) dict_keys(['tutorial']) retrieved from /home/airflow/.local/lib/python3.6/site-packages/airflow/example_dags/tutorial.py
[2021-04-01 00:26:57,610] {logging_mixin.py:104} INFO - [2021-04-01 00:26:57,610] {dag.py:1818} INFO - Sync 1 DAGs
[2021-04-01 00:26:57,619] {logging_mixin.py:104} INFO - [2021-04-01 00:26:57,619] {dag.py:2273} INFO - Setting next_dagrun for tutorial to 2021-03-30 00:00:00+00:00
[2021-04-01 00:26:57,625] {scheduler_job.py:190} INFO - Processing /home/airflow/.local/lib/python3.6/site-packages/airflow/example_dags/tutorial.py took 0.031 seconds
[2021-04-01 00:27:28,254] {scheduler_job.py:182} INFO - Started process (PID=463) to work on /home/airflow/.local/lib/python3.6/site-packages/airflow/example_dags/tutorial.py
[2021-04-01 00:27:28,255] {scheduler_job.py:629} INFO - Processing file /home/airflow/.local/lib/python3.6/site-packages/airflow/example_dags/tutorial.py for tasks to queue
[2021-04-01 00:27:28,255] {logging_mixin.py:104} INFO - [2021-04-01 00:27:28,255] {dagbag.py:448} INFO - Filling up the DagBag from /home/airflow/.local/lib/python3.6/site-packages/airflow/example_dags/tutorial.py
[2021-04-01 00:27:28,259] {scheduler_job.py:639} INFO - DAG(s) dict_keys(['tutorial']) retrieved from /home/airflow/.local/lib/python3.6/site-packages/airflow/example_dags/tutorial.py
[2021-04-01 00:27:28,270] {logging_mixin.py:104} INFO - [2021-04-01 00:27:28,270] {dag.py:1818} INFO - Sync 1 DAGs
[2021-04-01 00:27:28,279] {logging_mixin.py:104} INFO - [2021-04-01 00:27:28,278] {dag.py:2273} INFO - Setting next_dagrun for tutorial to 2021-03-30 00:00:00+00:00
[2021-04-01 00:27:28,284] {scheduler_job.py:190} INFO - Processing /home/airflow/.local/lib/python3.6/site-packages/airflow/example_dags/tutorial.py took 0.031 seconds
[2021-04-01 00:27:58,887] {scheduler_job.py:182} INFO - Started process (PID=489) to work on /home/airflow/.local/lib/python3.6/site-packages/airflow/example_dags/tutorial.py
[2021-04-01 00:27:58,887] {scheduler_job.py:629} INFO - Processing file /home/airflow/.local/lib/python3.6/site-packages/airflow/example_dags/tutorial.py for tasks to queue
[2021-04-01 00:27:58,888] {logging_mixin.py:104} INFO - [2021-04-01 00:27:58,888] {dagbag.py:448} INFO - Filling up the DagBag from /home/airflow/.local/lib/python3.6/site-packages/airflow/example_dags/tutorial.py
[2021-04-01 00:27:58,892] {scheduler_job.py:639} INFO - DAG(s) dict_keys(['tutorial']) retrieved from /home/airflow/.local/lib/python3.6/site-packages/airflow/example_dags/tutorial.py
[2021-04-01 00:27:58,902] {logging_mixin.py:104} INFO - [2021-04-01 00:27:58,902] {dag.py:1818} INFO - Sync 1 DAGs
[2021-04-01 00:27:58,910] {logging_mixin.py:104} INFO - [2021-04-01 00:27:58,910] {dag.py:2273} INFO - Setting next_dagrun for tutorial to 2021-03-30 00:00:00+00:00
[2021-04-01 00:27:58,916] {scheduler_job.py:190} INFO - Processing /home/airflow/.local/lib/python3.6/site-packages/airflow/example_dags/tutorial.py took 0.031 seconds
[2021-04-01 00:28:29,528] {scheduler_job.py:182} INFO - Started process (PID=515) to work on /home/airflow/.local/lib/python3.6/site-packages/airflow/example_dags/tutorial.py
[2021-04-01 00:28:29,529] {scheduler_job.py:629} INFO - Processing file /home/airflow/.local/lib/python3.6/site-packages/airflow/example_dags/tutorial.py for tasks to queue
[2021-04-01 00:28:29,529] {logging_mixin.py:104} INFO - [2021-04-01 00:28:29,529] {dagbag.py:448} INFO - Filling up the DagBag from /home/airflow/.local/lib/python3.6/site-packages/airflow/example_dags/tutorial.py
[2021-04-01 00:28:29,534] {scheduler_job.py:639} INFO - DAG(s) dict_keys(['tutorial']) retrieved from /home/airflow/.local/lib/python3.6/site-packages/airflow/example_dags/tutorial.py
[2021-04-01 00:28:29,544] {logging_mixin.py:104} INFO - [2021-04-01 00:28:29,544] {dag.py:1818} INFO - Sync 1 DAGs
[2021-04-01 00:28:29,552] {logging_mixin.py:104} INFO - [2021-04-01 00:28:29,552] {dag.py:2273} INFO - Setting next_dagrun for tutorial to 2021-03-30 00:00:00+00:00
[2021-04-01 00:28:29,558] {scheduler_job.py:190} INFO - Processing /home/airflow/.local/lib/python3.6/site-packages/airflow/example_dags/tutorial.py took 0.031 seconds
[2021-04-01 00:29:00,169] {scheduler_job.py:182} INFO - Started process (PID=541) to work on /home/airflow/.local/lib/python3.6/site-packages/airflow/example_dags/tutorial.py
[2021-04-01 00:29:00,170] {scheduler_job.py:629} INFO - Processing file /home/airflow/.local/lib/python3.6/site-packages/airflow/example_dags/tutorial.py for tasks to queue
[2021-04-01 00:29:00,170] {logging_mixin.py:104} INFO - [2021-04-01 00:29:00,170] {dagbag.py:448} INFO - Filling up the DagBag from /home/airflow/.local/lib/python3.6/site-packages/airflow/example_dags/tutorial.py
[2021-04-01 00:29:00,174] {scheduler_job.py:639} INFO - DAG(s) dict_keys(['tutorial']) retrieved from /home/airflow/.local/lib/python3.6/site-packages/airflow/example_dags/tutorial.py
[2021-04-01 00:29:00,185] {logging_mixin.py:104} INFO - [2021-04-01 00:29:00,185] {dag.py:1818} INFO - Sync 1 DAGs
[2021-04-01 00:29:00,193] {logging_mixin.py:104} INFO - [2021-04-01 00:29:00,193] {dag.py:2273} INFO - Setting next_dagrun for tutorial to 2021-03-30 00:00:00+00:00
[2021-04-01 00:29:00,199] {scheduler_job.py:190} INFO - Processing /home/airflow/.local/lib/python3.6/site-packages/airflow/example_dags/tutorial.py took 0.031 seconds
[2021-04-01 00:29:30,867] {scheduler_job.py:182} INFO - Started process (PID=567) to work on /home/airflow/.local/lib/python3.6/site-packages/airflow/example_dags/tutorial.py
[2021-04-01 00:29:30,867] {scheduler_job.py:629} INFO - Processing file /home/airflow/.local/lib/python3.6/site-packages/airflow/example_dags/tutorial.py for tasks to queue
[2021-04-01 00:29:30,867] {logging_mixin.py:104} INFO - [2021-04-01 00:29:30,867] {dagbag.py:448} INFO - Filling up the DagBag from /home/airflow/.local/lib/python3.6/site-packages/airflow/example_dags/tutorial.py
[2021-04-01 00:29:30,872] {scheduler_job.py:639} INFO - DAG(s) dict_keys(['tutorial']) retrieved from /home/airflow/.local/lib/python3.6/site-packages/airflow/example_dags/tutorial.py
[2021-04-01 00:29:30,883] {logging_mixin.py:104} INFO - [2021-04-01 00:29:30,883] {dag.py:1818} INFO - Sync 1 DAGs
[2021-04-01 00:29:30,890] {logging_mixin.py:104} INFO - [2021-04-01 00:29:30,890] {dag.py:2273} INFO - Setting next_dagrun for tutorial to 2021-03-30 00:00:00+00:00
[2021-04-01 00:29:30,896] {scheduler_job.py:190} INFO - Processing /home/airflow/.local/lib/python3.6/site-packages/airflow/example_dags/tutorial.py took 0.031 seconds
[2021-04-01 00:30:01,486] {scheduler_job.py:182} INFO - Started process (PID=593) to work on /home/airflow/.local/lib/python3.6/site-packages/airflow/example_dags/tutorial.py
[2021-04-01 00:30:01,487] {scheduler_job.py:629} INFO - Processing file /home/airflow/.local/lib/python3.6/site-packages/airflow/example_dags/tutorial.py for tasks to queue
[2021-04-01 00:30:01,487] {logging_mixin.py:104} INFO - [2021-04-01 00:30:01,487] {dagbag.py:448} INFO - Filling up the DagBag from /home/airflow/.local/lib/python3.6/site-packages/airflow/example_dags/tutorial.py
[2021-04-01 00:30:01,492] {scheduler_job.py:639} INFO - DAG(s) dict_keys(['tutorial']) retrieved from /home/airflow/.local/lib/python3.6/site-packages/airflow/example_dags/tutorial.py
[2021-04-01 00:30:01,502] {logging_mixin.py:104} INFO - [2021-04-01 00:30:01,502] {dag.py:1818} INFO - Sync 1 DAGs
[2021-04-01 00:30:01,510] {logging_mixin.py:104} INFO - [2021-04-01 00:30:01,509] {dag.py:2273} INFO - Setting next_dagrun for tutorial to 2021-03-30 00:00:00+00:00
[2021-04-01 00:30:01,516] {scheduler_job.py:190} INFO - Processing /home/airflow/.local/lib/python3.6/site-packages/airflow/example_dags/tutorial.py took 0.031 seconds
[2021-04-01 00:30:32,125] {scheduler_job.py:182} INFO - Started process (PID=619) to work on /home/airflow/.local/lib/python3.6/site-packages/airflow/example_dags/tutorial.py
[2021-04-01 00:30:32,126] {scheduler_job.py:629} INFO - Processing file /home/airflow/.local/lib/python3.6/site-packages/airflow/example_dags/tutorial.py for tasks to queue
[2021-04-01 00:30:32,126] {logging_mixin.py:104} INFO - [2021-04-01 00:30:32,126] {dagbag.py:448} INFO - Filling up the DagBag from /home/airflow/.local/lib/python3.6/site-packages/airflow/example_dags/tutorial.py
[2021-04-01 00:30:32,131] {scheduler_job.py:639} INFO - DAG(s) dict_keys(['tutorial']) retrieved from /home/airflow/.local/lib/python3.6/site-packages/airflow/example_dags/tutorial.py
[2021-04-01 00:30:32,142] {logging_mixin.py:104} INFO - [2021-04-01 00:30:32,141] {dag.py:1818} INFO - Sync 1 DAGs
[2021-04-01 00:30:32,149] {logging_mixin.py:104} INFO - [2021-04-01 00:30:32,149] {dag.py:2273} INFO - Setting next_dagrun for tutorial to 2021-03-30 00:00:00+00:00
[2021-04-01 00:30:32,155] {scheduler_job.py:190} INFO - Processing /home/airflow/.local/lib/python3.6/site-packages/airflow/example_dags/tutorial.py took 0.031 seconds
[2021-04-01 00:31:02,752] {scheduler_job.py:182} INFO - Started process (PID=645) to work on /home/airflow/.local/lib/python3.6/site-packages/airflow/example_dags/tutorial.py
[2021-04-01 00:31:02,752] {scheduler_job.py:629} INFO - Processing file /home/airflow/.local/lib/python3.6/site-packages/airflow/example_dags/tutorial.py for tasks to queue
[2021-04-01 00:31:02,752] {logging_mixin.py:104} INFO - [2021-04-01 00:31:02,752] {dagbag.py:448} INFO - Filling up the DagBag from /home/airflow/.local/lib/python3.6/site-packages/airflow/example_dags/tutorial.py
[2021-04-01 00:31:02,757] {scheduler_job.py:639} INFO - DAG(s) dict_keys(['tutorial']) retrieved from /home/airflow/.local/lib/python3.6/site-packages/airflow/example_dags/tutorial.py
[2021-04-01 00:31:02,769] {logging_mixin.py:104} INFO - [2021-04-01 00:31:02,769] {dag.py:1818} INFO - Sync 1 DAGs
[2021-04-01 00:31:02,777] {logging_mixin.py:104} INFO - [2021-04-01 00:31:02,777] {dag.py:2273} INFO - Setting next_dagrun for tutorial to 2021-03-30 00:00:00+00:00
[2021-04-01 00:31:02,783] {scheduler_job.py:190} INFO - Processing /home/airflow/.local/lib/python3.6/site-packages/airflow/example_dags/tutorial.py took 0.033 seconds
[2021-04-01 00:31:33,401] {scheduler_job.py:182} INFO - Started process (PID=671) to work on /home/airflow/.local/lib/python3.6/site-packages/airflow/example_dags/tutorial.py
[2021-04-01 00:31:33,402] {scheduler_job.py:629} INFO - Processing file /home/airflow/.local/lib/python3.6/site-packages/airflow/example_dags/tutorial.py for tasks to queue
[2021-04-01 00:31:33,402] {logging_mixin.py:104} INFO - [2021-04-01 00:31:33,402] {dagbag.py:448} INFO - Filling up the DagBag from /home/airflow/.local/lib/python3.6/site-packages/airflow/example_dags/tutorial.py
[2021-04-01 00:31:33,407] {scheduler_job.py:639} INFO - DAG(s) dict_keys(['tutorial']) retrieved from /home/airflow/.local/lib/python3.6/site-packages/airflow/example_dags/tutorial.py
[2021-04-01 00:31:33,417] {logging_mixin.py:104} INFO - [2021-04-01 00:31:33,417] {dag.py:1818} INFO - Sync 1 DAGs
[2021-04-01 00:31:33,425] {logging_mixin.py:104} INFO - [2021-04-01 00:31:33,424] {dag.py:2273} INFO - Setting next_dagrun for tutorial to 2021-03-30 00:00:00+00:00
[2021-04-01 00:31:33,431] {scheduler_job.py:190} INFO - Processing /home/airflow/.local/lib/python3.6/site-packages/airflow/example_dags/tutorial.py took 0.031 seconds
