[2021-03-31 23:58:29,699] {scheduler_job.py:182} INFO - Started process (PID=45) to work on /home/airflow/.local/lib/python3.6/site-packages/airflow/example_dags/example_complex.py
[2021-03-31 23:58:29,699] {scheduler_job.py:629} INFO - Processing file /home/airflow/.local/lib/python3.6/site-packages/airflow/example_dags/example_complex.py for tasks to queue
[2021-03-31 23:58:29,699] {logging_mixin.py:104} INFO - [2021-03-31 23:58:29,699] {dagbag.py:448} INFO - Filling up the DagBag from /home/airflow/.local/lib/python3.6/site-packages/airflow/example_dags/example_complex.py
[2021-03-31 23:58:29,709] {scheduler_job.py:639} INFO - DAG(s) dict_keys(['example_complex']) retrieved from /home/airflow/.local/lib/python3.6/site-packages/airflow/example_dags/example_complex.py
[2021-03-31 23:58:29,724] {logging_mixin.py:104} INFO - [2021-03-31 23:58:29,724] {dag.py:1818} INFO - Sync 1 DAGs
[2021-03-31 23:58:29,729] {logging_mixin.py:104} INFO - [2021-03-31 23:58:29,729] {dag.py:1837} INFO - Creating ORM DAG for example_complex
[2021-03-31 23:58:29,732] {logging_mixin.py:104} INFO - [2021-03-31 23:58:29,732] {dag.py:2273} INFO - Setting next_dagrun for example_complex to None
[2021-03-31 23:58:29,742] {scheduler_job.py:190} INFO - Processing /home/airflow/.local/lib/python3.6/site-packages/airflow/example_dags/example_complex.py took 0.045 seconds
[2021-03-31 23:59:00,418] {scheduler_job.py:182} INFO - Started process (PID=71) to work on /home/airflow/.local/lib/python3.6/site-packages/airflow/example_dags/example_complex.py
[2021-03-31 23:59:00,419] {scheduler_job.py:629} INFO - Processing file /home/airflow/.local/lib/python3.6/site-packages/airflow/example_dags/example_complex.py for tasks to queue
[2021-03-31 23:59:00,419] {logging_mixin.py:104} INFO - [2021-03-31 23:59:00,419] {dagbag.py:448} INFO - Filling up the DagBag from /home/airflow/.local/lib/python3.6/site-packages/airflow/example_dags/example_complex.py
[2021-03-31 23:59:00,429] {scheduler_job.py:639} INFO - DAG(s) dict_keys(['example_complex']) retrieved from /home/airflow/.local/lib/python3.6/site-packages/airflow/example_dags/example_complex.py
[2021-03-31 23:59:00,454] {logging_mixin.py:104} INFO - [2021-03-31 23:59:00,454] {dag.py:1818} INFO - Sync 1 DAGs
[2021-03-31 23:59:00,461] {logging_mixin.py:104} INFO - [2021-03-31 23:59:00,461] {dag.py:2273} INFO - Setting next_dagrun for example_complex to None
[2021-03-31 23:59:00,468] {scheduler_job.py:190} INFO - Processing /home/airflow/.local/lib/python3.6/site-packages/airflow/example_dags/example_complex.py took 0.052 seconds
[2021-03-31 23:59:31,047] {scheduler_job.py:182} INFO - Started process (PID=97) to work on /home/airflow/.local/lib/python3.6/site-packages/airflow/example_dags/example_complex.py
[2021-03-31 23:59:31,047] {scheduler_job.py:629} INFO - Processing file /home/airflow/.local/lib/python3.6/site-packages/airflow/example_dags/example_complex.py for tasks to queue
[2021-03-31 23:59:31,048] {logging_mixin.py:104} INFO - [2021-03-31 23:59:31,048] {dagbag.py:448} INFO - Filling up the DagBag from /home/airflow/.local/lib/python3.6/site-packages/airflow/example_dags/example_complex.py
[2021-03-31 23:59:31,057] {scheduler_job.py:639} INFO - DAG(s) dict_keys(['example_complex']) retrieved from /home/airflow/.local/lib/python3.6/site-packages/airflow/example_dags/example_complex.py
[2021-03-31 23:59:31,069] {logging_mixin.py:104} INFO - [2021-03-31 23:59:31,069] {dag.py:1818} INFO - Sync 1 DAGs
[2021-03-31 23:59:31,076] {logging_mixin.py:104} INFO - [2021-03-31 23:59:31,076] {dag.py:2273} INFO - Setting next_dagrun for example_complex to None
[2021-03-31 23:59:31,082] {scheduler_job.py:190} INFO - Processing /home/airflow/.local/lib/python3.6/site-packages/airflow/example_dags/example_complex.py took 0.037 seconds
