[2021-03-31 23:58:29,650] {scheduler_job.py:182} INFO - Started process (PID=43) to work on /home/airflow/.local/lib/python3.6/site-packages/airflow/example_dags/example_xcomargs.py
[2021-03-31 23:58:29,650] {scheduler_job.py:629} INFO - Processing file /home/airflow/.local/lib/python3.6/site-packages/airflow/example_dags/example_xcomargs.py for tasks to queue
[2021-03-31 23:58:29,651] {logging_mixin.py:104} INFO - [2021-03-31 23:58:29,651] {dagbag.py:448} INFO - Filling up the DagBag from /home/airflow/.local/lib/python3.6/site-packages/airflow/example_dags/example_xcomargs.py
[2021-03-31 23:58:29,658] {scheduler_job.py:639} INFO - DAG(s) dict_keys(['example_xcom_args', 'example_xcom_args_with_operators']) retrieved from /home/airflow/.local/lib/python3.6/site-packages/airflow/example_dags/example_xcomargs.py
[2021-03-31 23:58:29,673] {logging_mixin.py:104} INFO - [2021-03-31 23:58:29,673] {dag.py:1818} INFO - Sync 2 DAGs
[2021-03-31 23:58:29,679] {logging_mixin.py:104} INFO - [2021-03-31 23:58:29,679] {dag.py:1837} INFO - Creating ORM DAG for example_xcom_args
[2021-03-31 23:58:29,679] {logging_mixin.py:104} INFO - [2021-03-31 23:58:29,679] {dag.py:1837} INFO - Creating ORM DAG for example_xcom_args_with_operators
[2021-03-31 23:58:29,682] {logging_mixin.py:104} INFO - [2021-03-31 23:58:29,682] {dag.py:2273} INFO - Setting next_dagrun for example_xcom_args to None
[2021-03-31 23:58:29,682] {logging_mixin.py:104} INFO - [2021-03-31 23:58:29,682] {dag.py:2273} INFO - Setting next_dagrun for example_xcom_args_with_operators to None
[2021-03-31 23:58:29,691] {scheduler_job.py:190} INFO - Processing /home/airflow/.local/lib/python3.6/site-packages/airflow/example_dags/example_xcomargs.py took 0.043 seconds
[2021-03-31 23:59:00,374] {scheduler_job.py:182} INFO - Started process (PID=69) to work on /home/airflow/.local/lib/python3.6/site-packages/airflow/example_dags/example_xcomargs.py
[2021-03-31 23:59:00,375] {scheduler_job.py:629} INFO - Processing file /home/airflow/.local/lib/python3.6/site-packages/airflow/example_dags/example_xcomargs.py for tasks to queue
[2021-03-31 23:59:00,375] {logging_mixin.py:104} INFO - [2021-03-31 23:59:00,375] {dagbag.py:448} INFO - Filling up the DagBag from /home/airflow/.local/lib/python3.6/site-packages/airflow/example_dags/example_xcomargs.py
[2021-03-31 23:59:00,382] {scheduler_job.py:639} INFO - DAG(s) dict_keys(['example_xcom_args', 'example_xcom_args_with_operators']) retrieved from /home/airflow/.local/lib/python3.6/site-packages/airflow/example_dags/example_xcomargs.py
[2021-03-31 23:59:00,396] {logging_mixin.py:104} INFO - [2021-03-31 23:59:00,395] {dag.py:1818} INFO - Sync 2 DAGs
[2021-03-31 23:59:00,403] {logging_mixin.py:104} INFO - [2021-03-31 23:59:00,403] {dag.py:2273} INFO - Setting next_dagrun for example_xcom_args to None
[2021-03-31 23:59:00,404] {logging_mixin.py:104} INFO - [2021-03-31 23:59:00,404] {dag.py:2273} INFO - Setting next_dagrun for example_xcom_args_with_operators to None
[2021-03-31 23:59:00,411] {scheduler_job.py:190} INFO - Processing /home/airflow/.local/lib/python3.6/site-packages/airflow/example_dags/example_xcomargs.py took 0.038 seconds
[2021-03-31 23:59:31,005] {scheduler_job.py:182} INFO - Started process (PID=95) to work on /home/airflow/.local/lib/python3.6/site-packages/airflow/example_dags/example_xcomargs.py
[2021-03-31 23:59:31,006] {scheduler_job.py:629} INFO - Processing file /home/airflow/.local/lib/python3.6/site-packages/airflow/example_dags/example_xcomargs.py for tasks to queue
[2021-03-31 23:59:31,006] {logging_mixin.py:104} INFO - [2021-03-31 23:59:31,006] {dagbag.py:448} INFO - Filling up the DagBag from /home/airflow/.local/lib/python3.6/site-packages/airflow/example_dags/example_xcomargs.py
[2021-03-31 23:59:31,013] {scheduler_job.py:639} INFO - DAG(s) dict_keys(['example_xcom_args', 'example_xcom_args_with_operators']) retrieved from /home/airflow/.local/lib/python3.6/site-packages/airflow/example_dags/example_xcomargs.py
[2021-03-31 23:59:31,026] {logging_mixin.py:104} INFO - [2021-03-31 23:59:31,026] {dag.py:1818} INFO - Sync 2 DAGs
[2021-03-31 23:59:31,033] {logging_mixin.py:104} INFO - [2021-03-31 23:59:31,033] {dag.py:2273} INFO - Setting next_dagrun for example_xcom_args to None
[2021-03-31 23:59:31,033] {logging_mixin.py:104} INFO - [2021-03-31 23:59:31,033] {dag.py:2273} INFO - Setting next_dagrun for example_xcom_args_with_operators to None
[2021-03-31 23:59:31,040] {scheduler_job.py:190} INFO - Processing /home/airflow/.local/lib/python3.6/site-packages/airflow/example_dags/example_xcomargs.py took 0.036 seconds
