[2021-03-31 23:58:29,797] {scheduler_job.py:182} INFO - Started process (PID=49) to work on /home/airflow/.local/lib/python3.6/site-packages/airflow/example_dags/example_bash_operator.py
[2021-03-31 23:58:29,797] {scheduler_job.py:629} INFO - Processing file /home/airflow/.local/lib/python3.6/site-packages/airflow/example_dags/example_bash_operator.py for tasks to queue
[2021-03-31 23:58:29,797] {logging_mixin.py:104} INFO - [2021-03-31 23:58:29,797] {dagbag.py:448} INFO - Filling up the DagBag from /home/airflow/.local/lib/python3.6/site-packages/airflow/example_dags/example_bash_operator.py
[2021-03-31 23:58:29,805] {scheduler_job.py:639} INFO - DAG(s) dict_keys(['example_bash_operator']) retrieved from /home/airflow/.local/lib/python3.6/site-packages/airflow/example_dags/example_bash_operator.py
[2021-03-31 23:58:29,818] {logging_mixin.py:104} INFO - [2021-03-31 23:58:29,818] {dag.py:1818} INFO - Sync 1 DAGs
[2021-03-31 23:58:29,823] {logging_mixin.py:104} INFO - [2021-03-31 23:58:29,823] {dag.py:1837} INFO - Creating ORM DAG for example_bash_operator
[2021-03-31 23:58:29,830] {logging_mixin.py:104} INFO - [2021-03-31 23:58:29,830] {dag.py:2273} INFO - Setting next_dagrun for example_bash_operator to 2021-03-29 00:00:00+00:00
[2021-03-31 23:58:29,839] {scheduler_job.py:190} INFO - Processing /home/airflow/.local/lib/python3.6/site-packages/airflow/example_dags/example_bash_operator.py took 0.044 seconds
[2021-03-31 23:59:00,518] {scheduler_job.py:182} INFO - Started process (PID=75) to work on /home/airflow/.local/lib/python3.6/site-packages/airflow/example_dags/example_bash_operator.py
[2021-03-31 23:59:00,518] {scheduler_job.py:629} INFO - Processing file /home/airflow/.local/lib/python3.6/site-packages/airflow/example_dags/example_bash_operator.py for tasks to queue
[2021-03-31 23:59:00,518] {logging_mixin.py:104} INFO - [2021-03-31 23:59:00,518] {dagbag.py:448} INFO - Filling up the DagBag from /home/airflow/.local/lib/python3.6/site-packages/airflow/example_dags/example_bash_operator.py
[2021-03-31 23:59:00,524] {scheduler_job.py:639} INFO - DAG(s) dict_keys(['example_bash_operator']) retrieved from /home/airflow/.local/lib/python3.6/site-packages/airflow/example_dags/example_bash_operator.py
[2021-03-31 23:59:00,535] {logging_mixin.py:104} INFO - [2021-03-31 23:59:00,535] {dag.py:1818} INFO - Sync 1 DAGs
[2021-03-31 23:59:00,546] {logging_mixin.py:104} INFO - [2021-03-31 23:59:00,546] {dag.py:2273} INFO - Setting next_dagrun for example_bash_operator to 2021-03-29 00:00:00+00:00
[2021-03-31 23:59:00,553] {scheduler_job.py:190} INFO - Processing /home/airflow/.local/lib/python3.6/site-packages/airflow/example_dags/example_bash_operator.py took 0.036 seconds
[2021-03-31 23:59:31,128] {scheduler_job.py:182} INFO - Started process (PID=101) to work on /home/airflow/.local/lib/python3.6/site-packages/airflow/example_dags/example_bash_operator.py
[2021-03-31 23:59:31,128] {scheduler_job.py:629} INFO - Processing file /home/airflow/.local/lib/python3.6/site-packages/airflow/example_dags/example_bash_operator.py for tasks to queue
[2021-03-31 23:59:31,129] {logging_mixin.py:104} INFO - [2021-03-31 23:59:31,129] {dagbag.py:448} INFO - Filling up the DagBag from /home/airflow/.local/lib/python3.6/site-packages/airflow/example_dags/example_bash_operator.py
[2021-03-31 23:59:31,135] {scheduler_job.py:639} INFO - DAG(s) dict_keys(['example_bash_operator']) retrieved from /home/airflow/.local/lib/python3.6/site-packages/airflow/example_dags/example_bash_operator.py
[2021-03-31 23:59:31,145] {logging_mixin.py:104} INFO - [2021-03-31 23:59:31,145] {dag.py:1818} INFO - Sync 1 DAGs
[2021-03-31 23:59:31,156] {logging_mixin.py:104} INFO - [2021-03-31 23:59:31,156] {dag.py:2273} INFO - Setting next_dagrun for example_bash_operator to 2021-03-29 00:00:00+00:00
[2021-03-31 23:59:31,163] {scheduler_job.py:190} INFO - Processing /home/airflow/.local/lib/python3.6/site-packages/airflow/example_dags/example_bash_operator.py took 0.036 seconds
