[2021-03-31 23:58:29,772] {scheduler_job.py:182} INFO - Started process (PID=48) to work on /home/airflow/.local/lib/python3.6/site-packages/airflow/example_dags/example_kubernetes_executor_config.py
[2021-03-31 23:58:29,772] {scheduler_job.py:629} INFO - Processing file /home/airflow/.local/lib/python3.6/site-packages/airflow/example_dags/example_kubernetes_executor_config.py for tasks to queue
[2021-03-31 23:58:29,773] {logging_mixin.py:104} INFO - [2021-03-31 23:58:29,773] {dagbag.py:448} INFO - Filling up the DagBag from /home/airflow/.local/lib/python3.6/site-packages/airflow/example_dags/example_kubernetes_executor_config.py
[2021-03-31 23:58:29,780] {scheduler_job.py:639} INFO - DAG(s) dict_keys(['example_kubernetes_executor_config']) retrieved from /home/airflow/.local/lib/python3.6/site-packages/airflow/example_dags/example_kubernetes_executor_config.py
[2021-03-31 23:58:29,793] {logging_mixin.py:104} INFO - [2021-03-31 23:58:29,793] {dag.py:1818} INFO - Sync 1 DAGs
[2021-03-31 23:58:29,799] {logging_mixin.py:104} INFO - [2021-03-31 23:58:29,799] {dag.py:1837} INFO - Creating ORM DAG for example_kubernetes_executor_config
[2021-03-31 23:58:29,802] {logging_mixin.py:104} INFO - [2021-03-31 23:58:29,802] {dag.py:2273} INFO - Setting next_dagrun for example_kubernetes_executor_config to None
[2021-03-31 23:58:29,812] {scheduler_job.py:190} INFO - Processing /home/airflow/.local/lib/python3.6/site-packages/airflow/example_dags/example_kubernetes_executor_config.py took 0.041 seconds
[2021-03-31 23:59:00,493] {scheduler_job.py:182} INFO - Started process (PID=74) to work on /home/airflow/.local/lib/python3.6/site-packages/airflow/example_dags/example_kubernetes_executor_config.py
[2021-03-31 23:59:00,493] {scheduler_job.py:629} INFO - Processing file /home/airflow/.local/lib/python3.6/site-packages/airflow/example_dags/example_kubernetes_executor_config.py for tasks to queue
[2021-03-31 23:59:00,493] {logging_mixin.py:104} INFO - [2021-03-31 23:59:00,493] {dagbag.py:448} INFO - Filling up the DagBag from /home/airflow/.local/lib/python3.6/site-packages/airflow/example_dags/example_kubernetes_executor_config.py
[2021-03-31 23:59:00,500] {scheduler_job.py:639} INFO - DAG(s) dict_keys(['example_kubernetes_executor_config']) retrieved from /home/airflow/.local/lib/python3.6/site-packages/airflow/example_dags/example_kubernetes_executor_config.py
[2021-03-31 23:59:00,511] {logging_mixin.py:104} INFO - [2021-03-31 23:59:00,511] {dag.py:1818} INFO - Sync 1 DAGs
[2021-03-31 23:59:00,519] {logging_mixin.py:104} INFO - [2021-03-31 23:59:00,519] {dag.py:2273} INFO - Setting next_dagrun for example_kubernetes_executor_config to None
[2021-03-31 23:59:00,525] {scheduler_job.py:190} INFO - Processing /home/airflow/.local/lib/python3.6/site-packages/airflow/example_dags/example_kubernetes_executor_config.py took 0.034 seconds
[2021-03-31 23:59:31,117] {scheduler_job.py:182} INFO - Started process (PID=100) to work on /home/airflow/.local/lib/python3.6/site-packages/airflow/example_dags/example_kubernetes_executor_config.py
[2021-03-31 23:59:31,118] {scheduler_job.py:629} INFO - Processing file /home/airflow/.local/lib/python3.6/site-packages/airflow/example_dags/example_kubernetes_executor_config.py for tasks to queue
[2021-03-31 23:59:31,118] {logging_mixin.py:104} INFO - [2021-03-31 23:59:31,118] {dagbag.py:448} INFO - Filling up the DagBag from /home/airflow/.local/lib/python3.6/site-packages/airflow/example_dags/example_kubernetes_executor_config.py
[2021-03-31 23:59:31,124] {scheduler_job.py:639} INFO - DAG(s) dict_keys(['example_kubernetes_executor_config']) retrieved from /home/airflow/.local/lib/python3.6/site-packages/airflow/example_dags/example_kubernetes_executor_config.py
[2021-03-31 23:59:31,135] {logging_mixin.py:104} INFO - [2021-03-31 23:59:31,135] {dag.py:1818} INFO - Sync 1 DAGs
[2021-03-31 23:59:31,143] {logging_mixin.py:104} INFO - [2021-03-31 23:59:31,142] {dag.py:2273} INFO - Setting next_dagrun for example_kubernetes_executor_config to None
[2021-03-31 23:59:31,149] {scheduler_job.py:190} INFO - Processing /home/airflow/.local/lib/python3.6/site-packages/airflow/example_dags/example_kubernetes_executor_config.py took 0.033 seconds
