[2021-03-31 23:58:30,098] {scheduler_job.py:182} INFO - Started process (PID=60) to work on /home/airflow/.local/lib/python3.6/site-packages/airflow/example_dags/example_nested_branch_dag.py
[2021-03-31 23:58:30,099] {scheduler_job.py:629} INFO - Processing file /home/airflow/.local/lib/python3.6/site-packages/airflow/example_dags/example_nested_branch_dag.py for tasks to queue
[2021-03-31 23:58:30,099] {logging_mixin.py:104} INFO - [2021-03-31 23:58:30,099] {dagbag.py:448} INFO - Filling up the DagBag from /home/airflow/.local/lib/python3.6/site-packages/airflow/example_dags/example_nested_branch_dag.py
[2021-03-31 23:58:30,107] {scheduler_job.py:639} INFO - DAG(s) dict_keys(['example_nested_branch_dag']) retrieved from /home/airflow/.local/lib/python3.6/site-packages/airflow/example_dags/example_nested_branch_dag.py
[2021-03-31 23:58:30,119] {logging_mixin.py:104} INFO - [2021-03-31 23:58:30,119] {dag.py:1818} INFO - Sync 1 DAGs
[2021-03-31 23:58:30,124] {logging_mixin.py:104} INFO - [2021-03-31 23:58:30,124] {dag.py:1837} INFO - Creating ORM DAG for example_nested_branch_dag
[2021-03-31 23:58:30,131] {logging_mixin.py:104} INFO - [2021-03-31 23:58:30,131] {dag.py:2273} INFO - Setting next_dagrun for example_nested_branch_dag to 2021-03-29 00:00:00+00:00
[2021-03-31 23:58:30,142] {scheduler_job.py:190} INFO - Processing /home/airflow/.local/lib/python3.6/site-packages/airflow/example_dags/example_nested_branch_dag.py took 0.045 seconds
[2021-03-31 23:59:00,716] {scheduler_job.py:182} INFO - Started process (PID=86) to work on /home/airflow/.local/lib/python3.6/site-packages/airflow/example_dags/example_nested_branch_dag.py
[2021-03-31 23:59:00,716] {scheduler_job.py:629} INFO - Processing file /home/airflow/.local/lib/python3.6/site-packages/airflow/example_dags/example_nested_branch_dag.py for tasks to queue
[2021-03-31 23:59:00,717] {logging_mixin.py:104} INFO - [2021-03-31 23:59:00,717] {dagbag.py:448} INFO - Filling up the DagBag from /home/airflow/.local/lib/python3.6/site-packages/airflow/example_dags/example_nested_branch_dag.py
[2021-03-31 23:59:00,724] {scheduler_job.py:639} INFO - DAG(s) dict_keys(['example_nested_branch_dag']) retrieved from /home/airflow/.local/lib/python3.6/site-packages/airflow/example_dags/example_nested_branch_dag.py
[2021-03-31 23:59:00,734] {logging_mixin.py:104} INFO - [2021-03-31 23:59:00,734] {dag.py:1818} INFO - Sync 1 DAGs
[2021-03-31 23:59:00,745] {logging_mixin.py:104} INFO - [2021-03-31 23:59:00,745] {dag.py:2273} INFO - Setting next_dagrun for example_nested_branch_dag to 2021-03-29 00:00:00+00:00
[2021-03-31 23:59:00,751] {scheduler_job.py:190} INFO - Processing /home/airflow/.local/lib/python3.6/site-packages/airflow/example_dags/example_nested_branch_dag.py took 0.036 seconds
[2021-03-31 23:59:31,402] {scheduler_job.py:182} INFO - Started process (PID=112) to work on /home/airflow/.local/lib/python3.6/site-packages/airflow/example_dags/example_nested_branch_dag.py
[2021-03-31 23:59:31,402] {scheduler_job.py:629} INFO - Processing file /home/airflow/.local/lib/python3.6/site-packages/airflow/example_dags/example_nested_branch_dag.py for tasks to queue
[2021-03-31 23:59:31,403] {logging_mixin.py:104} INFO - [2021-03-31 23:59:31,403] {dagbag.py:448} INFO - Filling up the DagBag from /home/airflow/.local/lib/python3.6/site-packages/airflow/example_dags/example_nested_branch_dag.py
[2021-03-31 23:59:31,410] {scheduler_job.py:639} INFO - DAG(s) dict_keys(['example_nested_branch_dag']) retrieved from /home/airflow/.local/lib/python3.6/site-packages/airflow/example_dags/example_nested_branch_dag.py
[2021-03-31 23:59:31,421] {logging_mixin.py:104} INFO - [2021-03-31 23:59:31,421] {dag.py:1818} INFO - Sync 1 DAGs
[2021-03-31 23:59:31,431] {logging_mixin.py:104} INFO - [2021-03-31 23:59:31,431] {dag.py:2273} INFO - Setting next_dagrun for example_nested_branch_dag to 2021-03-29 00:00:00+00:00
[2021-03-31 23:59:31,437] {scheduler_job.py:190} INFO - Processing /home/airflow/.local/lib/python3.6/site-packages/airflow/example_dags/example_nested_branch_dag.py took 0.037 seconds
