[2021-03-31 23:58:29,539] {scheduler_job.py:182} INFO - Started process (PID=39) to work on /home/airflow/.local/lib/python3.6/site-packages/airflow/example_dags/tutorial_etl_dag.py
[2021-03-31 23:58:29,540] {scheduler_job.py:629} INFO - Processing file /home/airflow/.local/lib/python3.6/site-packages/airflow/example_dags/tutorial_etl_dag.py for tasks to queue
[2021-03-31 23:58:29,540] {logging_mixin.py:104} INFO - [2021-03-31 23:58:29,540] {dagbag.py:448} INFO - Filling up the DagBag from /home/airflow/.local/lib/python3.6/site-packages/airflow/example_dags/tutorial_etl_dag.py
[2021-03-31 23:58:29,549] {scheduler_job.py:639} INFO - DAG(s) dict_keys(['tutorial_etl_dag']) retrieved from /home/airflow/.local/lib/python3.6/site-packages/airflow/example_dags/tutorial_etl_dag.py
[2021-03-31 23:58:29,565] {logging_mixin.py:104} INFO - [2021-03-31 23:58:29,565] {dag.py:1818} INFO - Sync 1 DAGs
[2021-03-31 23:58:29,580] {logging_mixin.py:104} INFO - [2021-03-31 23:58:29,580] {dag.py:1837} INFO - Creating ORM DAG for tutorial_etl_dag
[2021-03-31 23:58:29,583] {logging_mixin.py:104} INFO - [2021-03-31 23:58:29,583] {dag.py:2273} INFO - Setting next_dagrun for tutorial_etl_dag to None
[2021-03-31 23:58:29,593] {scheduler_job.py:190} INFO - Processing /home/airflow/.local/lib/python3.6/site-packages/airflow/example_dags/tutorial_etl_dag.py took 0.056 seconds
[2021-03-31 23:59:00,320] {scheduler_job.py:182} INFO - Started process (PID=65) to work on /home/airflow/.local/lib/python3.6/site-packages/airflow/example_dags/tutorial_etl_dag.py
[2021-03-31 23:59:00,320] {scheduler_job.py:629} INFO - Processing file /home/airflow/.local/lib/python3.6/site-packages/airflow/example_dags/tutorial_etl_dag.py for tasks to queue
[2021-03-31 23:59:00,320] {logging_mixin.py:104} INFO - [2021-03-31 23:59:00,320] {dagbag.py:448} INFO - Filling up the DagBag from /home/airflow/.local/lib/python3.6/site-packages/airflow/example_dags/tutorial_etl_dag.py
[2021-03-31 23:59:00,326] {scheduler_job.py:639} INFO - DAG(s) dict_keys(['tutorial_etl_dag']) retrieved from /home/airflow/.local/lib/python3.6/site-packages/airflow/example_dags/tutorial_etl_dag.py
[2021-03-31 23:59:00,336] {logging_mixin.py:104} INFO - [2021-03-31 23:59:00,336] {dag.py:1818} INFO - Sync 1 DAGs
[2021-03-31 23:59:00,343] {logging_mixin.py:104} INFO - [2021-03-31 23:59:00,343] {dag.py:2273} INFO - Setting next_dagrun for tutorial_etl_dag to None
[2021-03-31 23:59:00,349] {scheduler_job.py:190} INFO - Processing /home/airflow/.local/lib/python3.6/site-packages/airflow/example_dags/tutorial_etl_dag.py took 0.031 seconds
[2021-03-31 23:59:30,950] {scheduler_job.py:182} INFO - Started process (PID=91) to work on /home/airflow/.local/lib/python3.6/site-packages/airflow/example_dags/tutorial_etl_dag.py
[2021-03-31 23:59:30,951] {scheduler_job.py:629} INFO - Processing file /home/airflow/.local/lib/python3.6/site-packages/airflow/example_dags/tutorial_etl_dag.py for tasks to queue
[2021-03-31 23:59:30,951] {logging_mixin.py:104} INFO - [2021-03-31 23:59:30,951] {dagbag.py:448} INFO - Filling up the DagBag from /home/airflow/.local/lib/python3.6/site-packages/airflow/example_dags/tutorial_etl_dag.py
[2021-03-31 23:59:30,957] {scheduler_job.py:639} INFO - DAG(s) dict_keys(['tutorial_etl_dag']) retrieved from /home/airflow/.local/lib/python3.6/site-packages/airflow/example_dags/tutorial_etl_dag.py
[2021-03-31 23:59:30,967] {logging_mixin.py:104} INFO - [2021-03-31 23:59:30,967] {dag.py:1818} INFO - Sync 1 DAGs
[2021-03-31 23:59:30,975] {logging_mixin.py:104} INFO - [2021-03-31 23:59:30,975] {dag.py:2273} INFO - Setting next_dagrun for tutorial_etl_dag to None
[2021-03-31 23:59:30,980] {scheduler_job.py:190} INFO - Processing /home/airflow/.local/lib/python3.6/site-packages/airflow/example_dags/tutorial_etl_dag.py took 0.031 seconds
