[2021-04-03 12:21:06,457] {scheduler_job.py:182} INFO - Started process (PID=43) to work on /home/airflow/.local/lib/python3.6/site-packages/airflow/example_dags/example_branch_operator.py
[2021-04-03 12:21:06,458] {scheduler_job.py:629} INFO - Processing file /home/airflow/.local/lib/python3.6/site-packages/airflow/example_dags/example_branch_operator.py for tasks to queue
[2021-04-03 12:21:06,458] {logging_mixin.py:104} INFO - [2021-04-03 12:21:06,458] {dagbag.py:448} INFO - Filling up the DagBag from /home/airflow/.local/lib/python3.6/site-packages/airflow/example_dags/example_branch_operator.py
[2021-04-03 12:21:06,466] {scheduler_job.py:639} INFO - DAG(s) dict_keys(['example_branch_operator']) retrieved from /home/airflow/.local/lib/python3.6/site-packages/airflow/example_dags/example_branch_operator.py
[2021-04-03 12:21:06,479] {logging_mixin.py:104} INFO - [2021-04-03 12:21:06,478] {dag.py:1818} INFO - Sync 1 DAGs
[2021-04-03 12:21:06,490] {logging_mixin.py:104} INFO - [2021-04-03 12:21:06,490] {dag.py:2273} INFO - Setting next_dagrun for example_branch_operator to 2021-04-01 00:00:00+00:00
[2021-04-03 12:21:06,498] {scheduler_job.py:190} INFO - Processing /home/airflow/.local/lib/python3.6/site-packages/airflow/example_dags/example_branch_operator.py took 0.042 seconds
[2021-04-03 15:21:20,751] {scheduler_job.py:182} INFO - Started process (PID=69) to work on /home/airflow/.local/lib/python3.6/site-packages/airflow/example_dags/example_branch_operator.py
[2021-04-03 15:21:20,751] {scheduler_job.py:629} INFO - Processing file /home/airflow/.local/lib/python3.6/site-packages/airflow/example_dags/example_branch_operator.py for tasks to queue
[2021-04-03 15:21:20,751] {logging_mixin.py:104} INFO - [2021-04-03 15:21:20,751] {dagbag.py:448} INFO - Filling up the DagBag from /home/airflow/.local/lib/python3.6/site-packages/airflow/example_dags/example_branch_operator.py
[2021-04-03 15:21:20,759] {scheduler_job.py:639} INFO - DAG(s) dict_keys(['example_branch_operator']) retrieved from /home/airflow/.local/lib/python3.6/site-packages/airflow/example_dags/example_branch_operator.py
[2021-04-03 15:21:20,769] {logging_mixin.py:104} INFO - [2021-04-03 15:21:20,769] {dag.py:1818} INFO - Sync 1 DAGs
[2021-04-03 15:21:20,780] {logging_mixin.py:104} INFO - [2021-04-03 15:21:20,780] {dag.py:2273} INFO - Setting next_dagrun for example_branch_operator to 2021-04-01 00:00:00+00:00
[2021-04-03 15:21:20,786] {scheduler_job.py:190} INFO - Processing /home/airflow/.local/lib/python3.6/site-packages/airflow/example_dags/example_branch_operator.py took 0.037 seconds
[2021-04-03 15:21:51,446] {scheduler_job.py:182} INFO - Started process (PID=95) to work on /home/airflow/.local/lib/python3.6/site-packages/airflow/example_dags/example_branch_operator.py
[2021-04-03 15:21:51,447] {scheduler_job.py:629} INFO - Processing file /home/airflow/.local/lib/python3.6/site-packages/airflow/example_dags/example_branch_operator.py for tasks to queue
[2021-04-03 15:21:51,447] {logging_mixin.py:104} INFO - [2021-04-03 15:21:51,447] {dagbag.py:448} INFO - Filling up the DagBag from /home/airflow/.local/lib/python3.6/site-packages/airflow/example_dags/example_branch_operator.py
[2021-04-03 15:21:51,454] {scheduler_job.py:639} INFO - DAG(s) dict_keys(['example_branch_operator']) retrieved from /home/airflow/.local/lib/python3.6/site-packages/airflow/example_dags/example_branch_operator.py
[2021-04-03 15:21:51,465] {logging_mixin.py:104} INFO - [2021-04-03 15:21:51,465] {dag.py:1818} INFO - Sync 1 DAGs
[2021-04-03 15:21:51,475] {logging_mixin.py:104} INFO - [2021-04-03 15:21:51,475] {dag.py:2273} INFO - Setting next_dagrun for example_branch_operator to 2021-04-01 00:00:00+00:00
[2021-04-03 15:21:51,481] {scheduler_job.py:190} INFO - Processing /home/airflow/.local/lib/python3.6/site-packages/airflow/example_dags/example_branch_operator.py took 0.037 seconds
[2021-04-03 15:22:22,034] {scheduler_job.py:182} INFO - Started process (PID=121) to work on /home/airflow/.local/lib/python3.6/site-packages/airflow/example_dags/example_branch_operator.py
[2021-04-03 15:22:22,034] {scheduler_job.py:629} INFO - Processing file /home/airflow/.local/lib/python3.6/site-packages/airflow/example_dags/example_branch_operator.py for tasks to queue
[2021-04-03 15:22:22,035] {logging_mixin.py:104} INFO - [2021-04-03 15:22:22,035] {dagbag.py:448} INFO - Filling up the DagBag from /home/airflow/.local/lib/python3.6/site-packages/airflow/example_dags/example_branch_operator.py
[2021-04-03 15:22:22,042] {scheduler_job.py:639} INFO - DAG(s) dict_keys(['example_branch_operator']) retrieved from /home/airflow/.local/lib/python3.6/site-packages/airflow/example_dags/example_branch_operator.py
[2021-04-03 15:22:22,052] {logging_mixin.py:104} INFO - [2021-04-03 15:22:22,052] {dag.py:1818} INFO - Sync 1 DAGs
[2021-04-03 15:22:22,063] {logging_mixin.py:104} INFO - [2021-04-03 15:22:22,063] {dag.py:2273} INFO - Setting next_dagrun for example_branch_operator to 2021-04-01 00:00:00+00:00
[2021-04-03 15:22:22,069] {scheduler_job.py:190} INFO - Processing /home/airflow/.local/lib/python3.6/site-packages/airflow/example_dags/example_branch_operator.py took 0.036 seconds
[2021-04-03 15:22:52,600] {scheduler_job.py:182} INFO - Started process (PID=147) to work on /home/airflow/.local/lib/python3.6/site-packages/airflow/example_dags/example_branch_operator.py
[2021-04-03 15:22:52,600] {scheduler_job.py:629} INFO - Processing file /home/airflow/.local/lib/python3.6/site-packages/airflow/example_dags/example_branch_operator.py for tasks to queue
[2021-04-03 15:22:52,600] {logging_mixin.py:104} INFO - [2021-04-03 15:22:52,600] {dagbag.py:448} INFO - Filling up the DagBag from /home/airflow/.local/lib/python3.6/site-packages/airflow/example_dags/example_branch_operator.py
[2021-04-03 15:22:52,608] {scheduler_job.py:639} INFO - DAG(s) dict_keys(['example_branch_operator']) retrieved from /home/airflow/.local/lib/python3.6/site-packages/airflow/example_dags/example_branch_operator.py
[2021-04-03 15:22:52,618] {logging_mixin.py:104} INFO - [2021-04-03 15:22:52,618] {dag.py:1818} INFO - Sync 1 DAGs
[2021-04-03 15:22:52,628] {logging_mixin.py:104} INFO - [2021-04-03 15:22:52,628] {dag.py:2273} INFO - Setting next_dagrun for example_branch_operator to 2021-04-01 00:00:00+00:00
[2021-04-03 15:22:52,635] {scheduler_job.py:190} INFO - Processing /home/airflow/.local/lib/python3.6/site-packages/airflow/example_dags/example_branch_operator.py took 0.037 seconds
[2021-04-03 15:23:23,224] {scheduler_job.py:182} INFO - Started process (PID=173) to work on /home/airflow/.local/lib/python3.6/site-packages/airflow/example_dags/example_branch_operator.py
[2021-04-03 15:23:23,224] {scheduler_job.py:629} INFO - Processing file /home/airflow/.local/lib/python3.6/site-packages/airflow/example_dags/example_branch_operator.py for tasks to queue
[2021-04-03 15:23:23,225] {logging_mixin.py:104} INFO - [2021-04-03 15:23:23,224] {dagbag.py:448} INFO - Filling up the DagBag from /home/airflow/.local/lib/python3.6/site-packages/airflow/example_dags/example_branch_operator.py
[2021-04-03 15:23:23,232] {scheduler_job.py:639} INFO - DAG(s) dict_keys(['example_branch_operator']) retrieved from /home/airflow/.local/lib/python3.6/site-packages/airflow/example_dags/example_branch_operator.py
[2021-04-03 15:23:23,241] {logging_mixin.py:104} INFO - [2021-04-03 15:23:23,241] {dag.py:1818} INFO - Sync 1 DAGs
[2021-04-03 15:23:23,252] {logging_mixin.py:104} INFO - [2021-04-03 15:23:23,252] {dag.py:2273} INFO - Setting next_dagrun for example_branch_operator to 2021-04-01 00:00:00+00:00
[2021-04-03 15:23:23,258] {scheduler_job.py:190} INFO - Processing /home/airflow/.local/lib/python3.6/site-packages/airflow/example_dags/example_branch_operator.py took 0.035 seconds
[2021-04-03 15:23:53,788] {scheduler_job.py:182} INFO - Started process (PID=199) to work on /home/airflow/.local/lib/python3.6/site-packages/airflow/example_dags/example_branch_operator.py
[2021-04-03 15:23:53,789] {scheduler_job.py:629} INFO - Processing file /home/airflow/.local/lib/python3.6/site-packages/airflow/example_dags/example_branch_operator.py for tasks to queue
[2021-04-03 15:23:53,789] {logging_mixin.py:104} INFO - [2021-04-03 15:23:53,789] {dagbag.py:448} INFO - Filling up the DagBag from /home/airflow/.local/lib/python3.6/site-packages/airflow/example_dags/example_branch_operator.py
[2021-04-03 15:23:53,796] {scheduler_job.py:639} INFO - DAG(s) dict_keys(['example_branch_operator']) retrieved from /home/airflow/.local/lib/python3.6/site-packages/airflow/example_dags/example_branch_operator.py
[2021-04-03 15:23:53,807] {logging_mixin.py:104} INFO - [2021-04-03 15:23:53,807] {dag.py:1818} INFO - Sync 1 DAGs
[2021-04-03 15:23:53,818] {logging_mixin.py:104} INFO - [2021-04-03 15:23:53,817] {dag.py:2273} INFO - Setting next_dagrun for example_branch_operator to 2021-04-01 00:00:00+00:00
[2021-04-03 15:23:53,823] {scheduler_job.py:190} INFO - Processing /home/airflow/.local/lib/python3.6/site-packages/airflow/example_dags/example_branch_operator.py took 0.036 seconds
[2021-04-03 15:24:24,377] {scheduler_job.py:182} INFO - Started process (PID=225) to work on /home/airflow/.local/lib/python3.6/site-packages/airflow/example_dags/example_branch_operator.py
[2021-04-03 15:24:24,377] {scheduler_job.py:629} INFO - Processing file /home/airflow/.local/lib/python3.6/site-packages/airflow/example_dags/example_branch_operator.py for tasks to queue
[2021-04-03 15:24:24,377] {logging_mixin.py:104} INFO - [2021-04-03 15:24:24,377] {dagbag.py:448} INFO - Filling up the DagBag from /home/airflow/.local/lib/python3.6/site-packages/airflow/example_dags/example_branch_operator.py
[2021-04-03 15:24:24,384] {scheduler_job.py:639} INFO - DAG(s) dict_keys(['example_branch_operator']) retrieved from /home/airflow/.local/lib/python3.6/site-packages/airflow/example_dags/example_branch_operator.py
[2021-04-03 15:24:24,394] {logging_mixin.py:104} INFO - [2021-04-03 15:24:24,394] {dag.py:1818} INFO - Sync 1 DAGs
[2021-04-03 15:24:24,404] {logging_mixin.py:104} INFO - [2021-04-03 15:24:24,404] {dag.py:2273} INFO - Setting next_dagrun for example_branch_operator to 2021-04-01 00:00:00+00:00
[2021-04-03 15:24:24,411] {scheduler_job.py:190} INFO - Processing /home/airflow/.local/lib/python3.6/site-packages/airflow/example_dags/example_branch_operator.py took 0.036 seconds
[2021-04-03 15:24:54,950] {scheduler_job.py:182} INFO - Started process (PID=251) to work on /home/airflow/.local/lib/python3.6/site-packages/airflow/example_dags/example_branch_operator.py
[2021-04-03 15:24:54,951] {scheduler_job.py:629} INFO - Processing file /home/airflow/.local/lib/python3.6/site-packages/airflow/example_dags/example_branch_operator.py for tasks to queue
[2021-04-03 15:24:54,951] {logging_mixin.py:104} INFO - [2021-04-03 15:24:54,951] {dagbag.py:448} INFO - Filling up the DagBag from /home/airflow/.local/lib/python3.6/site-packages/airflow/example_dags/example_branch_operator.py
[2021-04-03 15:24:54,959] {scheduler_job.py:639} INFO - DAG(s) dict_keys(['example_branch_operator']) retrieved from /home/airflow/.local/lib/python3.6/site-packages/airflow/example_dags/example_branch_operator.py
[2021-04-03 15:24:54,969] {logging_mixin.py:104} INFO - [2021-04-03 15:24:54,969] {dag.py:1818} INFO - Sync 1 DAGs
[2021-04-03 15:24:54,979] {logging_mixin.py:104} INFO - [2021-04-03 15:24:54,979] {dag.py:2273} INFO - Setting next_dagrun for example_branch_operator to 2021-04-01 00:00:00+00:00
[2021-04-03 15:24:54,985] {scheduler_job.py:190} INFO - Processing /home/airflow/.local/lib/python3.6/site-packages/airflow/example_dags/example_branch_operator.py took 0.036 seconds
[2021-04-03 15:25:25,534] {scheduler_job.py:182} INFO - Started process (PID=277) to work on /home/airflow/.local/lib/python3.6/site-packages/airflow/example_dags/example_branch_operator.py
[2021-04-03 15:25:25,534] {scheduler_job.py:629} INFO - Processing file /home/airflow/.local/lib/python3.6/site-packages/airflow/example_dags/example_branch_operator.py for tasks to queue
[2021-04-03 15:25:25,535] {logging_mixin.py:104} INFO - [2021-04-03 15:25:25,535] {dagbag.py:448} INFO - Filling up the DagBag from /home/airflow/.local/lib/python3.6/site-packages/airflow/example_dags/example_branch_operator.py
[2021-04-03 15:25:25,542] {scheduler_job.py:639} INFO - DAG(s) dict_keys(['example_branch_operator']) retrieved from /home/airflow/.local/lib/python3.6/site-packages/airflow/example_dags/example_branch_operator.py
[2021-04-03 15:25:25,552] {logging_mixin.py:104} INFO - [2021-04-03 15:25:25,552] {dag.py:1818} INFO - Sync 1 DAGs
[2021-04-03 15:25:25,562] {logging_mixin.py:104} INFO - [2021-04-03 15:25:25,562] {dag.py:2273} INFO - Setting next_dagrun for example_branch_operator to 2021-04-01 00:00:00+00:00
[2021-04-03 15:25:25,569] {scheduler_job.py:190} INFO - Processing /home/airflow/.local/lib/python3.6/site-packages/airflow/example_dags/example_branch_operator.py took 0.036 seconds
[2021-04-03 15:25:56,116] {scheduler_job.py:182} INFO - Started process (PID=303) to work on /home/airflow/.local/lib/python3.6/site-packages/airflow/example_dags/example_branch_operator.py
[2021-04-03 15:25:56,117] {scheduler_job.py:629} INFO - Processing file /home/airflow/.local/lib/python3.6/site-packages/airflow/example_dags/example_branch_operator.py for tasks to queue
[2021-04-03 15:25:56,117] {logging_mixin.py:104} INFO - [2021-04-03 15:25:56,117] {dagbag.py:448} INFO - Filling up the DagBag from /home/airflow/.local/lib/python3.6/site-packages/airflow/example_dags/example_branch_operator.py
[2021-04-03 15:25:56,124] {scheduler_job.py:639} INFO - DAG(s) dict_keys(['example_branch_operator']) retrieved from /home/airflow/.local/lib/python3.6/site-packages/airflow/example_dags/example_branch_operator.py
[2021-04-03 15:25:56,134] {logging_mixin.py:104} INFO - [2021-04-03 15:25:56,134] {dag.py:1818} INFO - Sync 1 DAGs
[2021-04-03 15:25:56,145] {logging_mixin.py:104} INFO - [2021-04-03 15:25:56,145] {dag.py:2273} INFO - Setting next_dagrun for example_branch_operator to 2021-04-01 00:00:00+00:00
[2021-04-03 15:25:56,153] {scheduler_job.py:190} INFO - Processing /home/airflow/.local/lib/python3.6/site-packages/airflow/example_dags/example_branch_operator.py took 0.038 seconds
[2021-04-03 15:26:26,700] {scheduler_job.py:182} INFO - Started process (PID=329) to work on /home/airflow/.local/lib/python3.6/site-packages/airflow/example_dags/example_branch_operator.py
[2021-04-03 15:26:26,700] {scheduler_job.py:629} INFO - Processing file /home/airflow/.local/lib/python3.6/site-packages/airflow/example_dags/example_branch_operator.py for tasks to queue
[2021-04-03 15:26:26,701] {logging_mixin.py:104} INFO - [2021-04-03 15:26:26,700] {dagbag.py:448} INFO - Filling up the DagBag from /home/airflow/.local/lib/python3.6/site-packages/airflow/example_dags/example_branch_operator.py
[2021-04-03 15:26:26,708] {scheduler_job.py:639} INFO - DAG(s) dict_keys(['example_branch_operator']) retrieved from /home/airflow/.local/lib/python3.6/site-packages/airflow/example_dags/example_branch_operator.py
[2021-04-03 15:26:26,718] {logging_mixin.py:104} INFO - [2021-04-03 15:26:26,718] {dag.py:1818} INFO - Sync 1 DAGs
[2021-04-03 15:26:26,729] {logging_mixin.py:104} INFO - [2021-04-03 15:26:26,729] {dag.py:2273} INFO - Setting next_dagrun for example_branch_operator to 2021-04-01 00:00:00+00:00
[2021-04-03 15:26:26,736] {scheduler_job.py:190} INFO - Processing /home/airflow/.local/lib/python3.6/site-packages/airflow/example_dags/example_branch_operator.py took 0.037 seconds
[2021-04-03 15:26:57,271] {scheduler_job.py:182} INFO - Started process (PID=355) to work on /home/airflow/.local/lib/python3.6/site-packages/airflow/example_dags/example_branch_operator.py
[2021-04-03 15:26:57,272] {scheduler_job.py:629} INFO - Processing file /home/airflow/.local/lib/python3.6/site-packages/airflow/example_dags/example_branch_operator.py for tasks to queue
[2021-04-03 15:26:57,272] {logging_mixin.py:104} INFO - [2021-04-03 15:26:57,272] {dagbag.py:448} INFO - Filling up the DagBag from /home/airflow/.local/lib/python3.6/site-packages/airflow/example_dags/example_branch_operator.py
[2021-04-03 15:26:57,279] {scheduler_job.py:639} INFO - DAG(s) dict_keys(['example_branch_operator']) retrieved from /home/airflow/.local/lib/python3.6/site-packages/airflow/example_dags/example_branch_operator.py
[2021-04-03 15:26:57,290] {logging_mixin.py:104} INFO - [2021-04-03 15:26:57,290] {dag.py:1818} INFO - Sync 1 DAGs
[2021-04-03 15:26:57,301] {logging_mixin.py:104} INFO - [2021-04-03 15:26:57,301] {dag.py:2273} INFO - Setting next_dagrun for example_branch_operator to 2021-04-01 00:00:00+00:00
[2021-04-03 15:26:57,308] {scheduler_job.py:190} INFO - Processing /home/airflow/.local/lib/python3.6/site-packages/airflow/example_dags/example_branch_operator.py took 0.038 seconds
[2021-04-03 15:27:27,888] {scheduler_job.py:182} INFO - Started process (PID=381) to work on /home/airflow/.local/lib/python3.6/site-packages/airflow/example_dags/example_branch_operator.py
[2021-04-03 15:27:27,889] {scheduler_job.py:629} INFO - Processing file /home/airflow/.local/lib/python3.6/site-packages/airflow/example_dags/example_branch_operator.py for tasks to queue
[2021-04-03 15:27:27,889] {logging_mixin.py:104} INFO - [2021-04-03 15:27:27,889] {dagbag.py:448} INFO - Filling up the DagBag from /home/airflow/.local/lib/python3.6/site-packages/airflow/example_dags/example_branch_operator.py
[2021-04-03 15:27:27,896] {scheduler_job.py:639} INFO - DAG(s) dict_keys(['example_branch_operator']) retrieved from /home/airflow/.local/lib/python3.6/site-packages/airflow/example_dags/example_branch_operator.py
[2021-04-03 15:27:27,906] {logging_mixin.py:104} INFO - [2021-04-03 15:27:27,906] {dag.py:1818} INFO - Sync 1 DAGs
[2021-04-03 15:27:27,917] {logging_mixin.py:104} INFO - [2021-04-03 15:27:27,917] {dag.py:2273} INFO - Setting next_dagrun for example_branch_operator to 2021-04-01 00:00:00+00:00
[2021-04-03 15:27:27,922] {scheduler_job.py:190} INFO - Processing /home/airflow/.local/lib/python3.6/site-packages/airflow/example_dags/example_branch_operator.py took 0.035 seconds
[2021-04-03 15:27:58,483] {scheduler_job.py:182} INFO - Started process (PID=407) to work on /home/airflow/.local/lib/python3.6/site-packages/airflow/example_dags/example_branch_operator.py
[2021-04-03 15:27:58,483] {scheduler_job.py:629} INFO - Processing file /home/airflow/.local/lib/python3.6/site-packages/airflow/example_dags/example_branch_operator.py for tasks to queue
[2021-04-03 15:27:58,484] {logging_mixin.py:104} INFO - [2021-04-03 15:27:58,484] {dagbag.py:448} INFO - Filling up the DagBag from /home/airflow/.local/lib/python3.6/site-packages/airflow/example_dags/example_branch_operator.py
[2021-04-03 15:27:58,491] {scheduler_job.py:639} INFO - DAG(s) dict_keys(['example_branch_operator']) retrieved from /home/airflow/.local/lib/python3.6/site-packages/airflow/example_dags/example_branch_operator.py
[2021-04-03 15:27:58,501] {logging_mixin.py:104} INFO - [2021-04-03 15:27:58,501] {dag.py:1818} INFO - Sync 1 DAGs
[2021-04-03 15:27:58,513] {logging_mixin.py:104} INFO - [2021-04-03 15:27:58,513] {dag.py:2273} INFO - Setting next_dagrun for example_branch_operator to 2021-04-01 00:00:00+00:00
[2021-04-03 15:27:58,518] {scheduler_job.py:190} INFO - Processing /home/airflow/.local/lib/python3.6/site-packages/airflow/example_dags/example_branch_operator.py took 0.037 seconds
[2021-04-03 15:28:29,068] {scheduler_job.py:182} INFO - Started process (PID=433) to work on /home/airflow/.local/lib/python3.6/site-packages/airflow/example_dags/example_branch_operator.py
[2021-04-03 15:28:29,069] {scheduler_job.py:629} INFO - Processing file /home/airflow/.local/lib/python3.6/site-packages/airflow/example_dags/example_branch_operator.py for tasks to queue
[2021-04-03 15:28:29,069] {logging_mixin.py:104} INFO - [2021-04-03 15:28:29,069] {dagbag.py:448} INFO - Filling up the DagBag from /home/airflow/.local/lib/python3.6/site-packages/airflow/example_dags/example_branch_operator.py
[2021-04-03 15:28:29,076] {scheduler_job.py:639} INFO - DAG(s) dict_keys(['example_branch_operator']) retrieved from /home/airflow/.local/lib/python3.6/site-packages/airflow/example_dags/example_branch_operator.py
[2021-04-03 15:28:29,086] {logging_mixin.py:104} INFO - [2021-04-03 15:28:29,086] {dag.py:1818} INFO - Sync 1 DAGs
[2021-04-03 15:28:29,097] {logging_mixin.py:104} INFO - [2021-04-03 15:28:29,097] {dag.py:2273} INFO - Setting next_dagrun for example_branch_operator to 2021-04-01 00:00:00+00:00
[2021-04-03 15:28:29,104] {scheduler_job.py:190} INFO - Processing /home/airflow/.local/lib/python3.6/site-packages/airflow/example_dags/example_branch_operator.py took 0.037 seconds
[2021-04-03 15:28:59,643] {scheduler_job.py:182} INFO - Started process (PID=459) to work on /home/airflow/.local/lib/python3.6/site-packages/airflow/example_dags/example_branch_operator.py
[2021-04-03 15:28:59,643] {scheduler_job.py:629} INFO - Processing file /home/airflow/.local/lib/python3.6/site-packages/airflow/example_dags/example_branch_operator.py for tasks to queue
[2021-04-03 15:28:59,644] {logging_mixin.py:104} INFO - [2021-04-03 15:28:59,644] {dagbag.py:448} INFO - Filling up the DagBag from /home/airflow/.local/lib/python3.6/site-packages/airflow/example_dags/example_branch_operator.py
[2021-04-03 15:28:59,651] {scheduler_job.py:639} INFO - DAG(s) dict_keys(['example_branch_operator']) retrieved from /home/airflow/.local/lib/python3.6/site-packages/airflow/example_dags/example_branch_operator.py
[2021-04-03 15:28:59,661] {logging_mixin.py:104} INFO - [2021-04-03 15:28:59,661] {dag.py:1818} INFO - Sync 1 DAGs
[2021-04-03 15:28:59,673] {logging_mixin.py:104} INFO - [2021-04-03 15:28:59,673] {dag.py:2273} INFO - Setting next_dagrun for example_branch_operator to 2021-04-01 00:00:00+00:00
[2021-04-03 15:28:59,680] {scheduler_job.py:190} INFO - Processing /home/airflow/.local/lib/python3.6/site-packages/airflow/example_dags/example_branch_operator.py took 0.038 seconds
[2021-04-03 15:29:30,212] {scheduler_job.py:182} INFO - Started process (PID=485) to work on /home/airflow/.local/lib/python3.6/site-packages/airflow/example_dags/example_branch_operator.py
[2021-04-03 15:29:30,213] {scheduler_job.py:629} INFO - Processing file /home/airflow/.local/lib/python3.6/site-packages/airflow/example_dags/example_branch_operator.py for tasks to queue
[2021-04-03 15:29:30,213] {logging_mixin.py:104} INFO - [2021-04-03 15:29:30,213] {dagbag.py:448} INFO - Filling up the DagBag from /home/airflow/.local/lib/python3.6/site-packages/airflow/example_dags/example_branch_operator.py
[2021-04-03 15:29:30,220] {scheduler_job.py:639} INFO - DAG(s) dict_keys(['example_branch_operator']) retrieved from /home/airflow/.local/lib/python3.6/site-packages/airflow/example_dags/example_branch_operator.py
[2021-04-03 15:29:30,232] {logging_mixin.py:104} INFO - [2021-04-03 15:29:30,231] {dag.py:1818} INFO - Sync 1 DAGs
[2021-04-03 15:29:30,242] {logging_mixin.py:104} INFO - [2021-04-03 15:29:30,242] {dag.py:2273} INFO - Setting next_dagrun for example_branch_operator to 2021-04-01 00:00:00+00:00
[2021-04-03 15:29:30,249] {scheduler_job.py:190} INFO - Processing /home/airflow/.local/lib/python3.6/site-packages/airflow/example_dags/example_branch_operator.py took 0.038 seconds
[2021-04-03 15:30:00,825] {scheduler_job.py:182} INFO - Started process (PID=511) to work on /home/airflow/.local/lib/python3.6/site-packages/airflow/example_dags/example_branch_operator.py
[2021-04-03 15:30:00,826] {scheduler_job.py:629} INFO - Processing file /home/airflow/.local/lib/python3.6/site-packages/airflow/example_dags/example_branch_operator.py for tasks to queue
[2021-04-03 15:30:00,826] {logging_mixin.py:104} INFO - [2021-04-03 15:30:00,826] {dagbag.py:448} INFO - Filling up the DagBag from /home/airflow/.local/lib/python3.6/site-packages/airflow/example_dags/example_branch_operator.py
[2021-04-03 15:30:00,837] {scheduler_job.py:639} INFO - DAG(s) dict_keys(['example_branch_operator']) retrieved from /home/airflow/.local/lib/python3.6/site-packages/airflow/example_dags/example_branch_operator.py
[2021-04-03 15:30:00,850] {logging_mixin.py:104} INFO - [2021-04-03 15:30:00,850] {dag.py:1818} INFO - Sync 1 DAGs
[2021-04-03 15:30:00,860] {logging_mixin.py:104} INFO - [2021-04-03 15:30:00,860] {dag.py:2273} INFO - Setting next_dagrun for example_branch_operator to 2021-04-01 00:00:00+00:00
[2021-04-03 15:30:00,866] {scheduler_job.py:190} INFO - Processing /home/airflow/.local/lib/python3.6/site-packages/airflow/example_dags/example_branch_operator.py took 0.044 seconds
[2021-04-03 15:30:31,489] {scheduler_job.py:182} INFO - Started process (PID=537) to work on /home/airflow/.local/lib/python3.6/site-packages/airflow/example_dags/example_branch_operator.py
[2021-04-03 15:30:31,489] {scheduler_job.py:629} INFO - Processing file /home/airflow/.local/lib/python3.6/site-packages/airflow/example_dags/example_branch_operator.py for tasks to queue
[2021-04-03 15:30:31,490] {logging_mixin.py:104} INFO - [2021-04-03 15:30:31,489] {dagbag.py:448} INFO - Filling up the DagBag from /home/airflow/.local/lib/python3.6/site-packages/airflow/example_dags/example_branch_operator.py
[2021-04-03 15:30:31,497] {scheduler_job.py:639} INFO - DAG(s) dict_keys(['example_branch_operator']) retrieved from /home/airflow/.local/lib/python3.6/site-packages/airflow/example_dags/example_branch_operator.py
[2021-04-03 15:30:31,508] {logging_mixin.py:104} INFO - [2021-04-03 15:30:31,508] {dag.py:1818} INFO - Sync 1 DAGs
[2021-04-03 15:30:31,518] {logging_mixin.py:104} INFO - [2021-04-03 15:30:31,518] {dag.py:2273} INFO - Setting next_dagrun for example_branch_operator to 2021-04-01 00:00:00+00:00
[2021-04-03 15:30:31,524] {scheduler_job.py:190} INFO - Processing /home/airflow/.local/lib/python3.6/site-packages/airflow/example_dags/example_branch_operator.py took 0.036 seconds
[2021-04-03 15:31:02,106] {scheduler_job.py:182} INFO - Started process (PID=563) to work on /home/airflow/.local/lib/python3.6/site-packages/airflow/example_dags/example_branch_operator.py
[2021-04-03 15:31:02,106] {scheduler_job.py:629} INFO - Processing file /home/airflow/.local/lib/python3.6/site-packages/airflow/example_dags/example_branch_operator.py for tasks to queue
[2021-04-03 15:31:02,107] {logging_mixin.py:104} INFO - [2021-04-03 15:31:02,107] {dagbag.py:448} INFO - Filling up the DagBag from /home/airflow/.local/lib/python3.6/site-packages/airflow/example_dags/example_branch_operator.py
[2021-04-03 15:31:02,114] {scheduler_job.py:639} INFO - DAG(s) dict_keys(['example_branch_operator']) retrieved from /home/airflow/.local/lib/python3.6/site-packages/airflow/example_dags/example_branch_operator.py
[2021-04-03 15:31:02,125] {logging_mixin.py:104} INFO - [2021-04-03 15:31:02,125] {dag.py:1818} INFO - Sync 1 DAGs
[2021-04-03 15:31:02,135] {logging_mixin.py:104} INFO - [2021-04-03 15:31:02,135] {dag.py:2273} INFO - Setting next_dagrun for example_branch_operator to 2021-04-01 00:00:00+00:00
[2021-04-03 15:31:02,142] {scheduler_job.py:190} INFO - Processing /home/airflow/.local/lib/python3.6/site-packages/airflow/example_dags/example_branch_operator.py took 0.037 seconds
[2021-04-03 15:31:32,710] {scheduler_job.py:182} INFO - Started process (PID=589) to work on /home/airflow/.local/lib/python3.6/site-packages/airflow/example_dags/example_branch_operator.py
[2021-04-03 15:31:32,710] {scheduler_job.py:629} INFO - Processing file /home/airflow/.local/lib/python3.6/site-packages/airflow/example_dags/example_branch_operator.py for tasks to queue
[2021-04-03 15:31:32,711] {logging_mixin.py:104} INFO - [2021-04-03 15:31:32,711] {dagbag.py:448} INFO - Filling up the DagBag from /home/airflow/.local/lib/python3.6/site-packages/airflow/example_dags/example_branch_operator.py
[2021-04-03 15:31:32,719] {scheduler_job.py:639} INFO - DAG(s) dict_keys(['example_branch_operator']) retrieved from /home/airflow/.local/lib/python3.6/site-packages/airflow/example_dags/example_branch_operator.py
[2021-04-03 15:31:32,729] {logging_mixin.py:104} INFO - [2021-04-03 15:31:32,729] {dag.py:1818} INFO - Sync 1 DAGs
[2021-04-03 15:31:32,740] {logging_mixin.py:104} INFO - [2021-04-03 15:31:32,740] {dag.py:2273} INFO - Setting next_dagrun for example_branch_operator to 2021-04-01 00:00:00+00:00
[2021-04-03 15:31:32,746] {scheduler_job.py:190} INFO - Processing /home/airflow/.local/lib/python3.6/site-packages/airflow/example_dags/example_branch_operator.py took 0.037 seconds
[2021-04-03 15:32:03,303] {scheduler_job.py:182} INFO - Started process (PID=615) to work on /home/airflow/.local/lib/python3.6/site-packages/airflow/example_dags/example_branch_operator.py
[2021-04-03 15:32:03,303] {scheduler_job.py:629} INFO - Processing file /home/airflow/.local/lib/python3.6/site-packages/airflow/example_dags/example_branch_operator.py for tasks to queue
[2021-04-03 15:32:03,303] {logging_mixin.py:104} INFO - [2021-04-03 15:32:03,303] {dagbag.py:448} INFO - Filling up the DagBag from /home/airflow/.local/lib/python3.6/site-packages/airflow/example_dags/example_branch_operator.py
[2021-04-03 15:32:03,311] {scheduler_job.py:639} INFO - DAG(s) dict_keys(['example_branch_operator']) retrieved from /home/airflow/.local/lib/python3.6/site-packages/airflow/example_dags/example_branch_operator.py
[2021-04-03 15:32:03,322] {logging_mixin.py:104} INFO - [2021-04-03 15:32:03,321] {dag.py:1818} INFO - Sync 1 DAGs
[2021-04-03 15:32:03,332] {logging_mixin.py:104} INFO - [2021-04-03 15:32:03,332] {dag.py:2273} INFO - Setting next_dagrun for example_branch_operator to 2021-04-01 00:00:00+00:00
[2021-04-03 15:32:03,338] {scheduler_job.py:190} INFO - Processing /home/airflow/.local/lib/python3.6/site-packages/airflow/example_dags/example_branch_operator.py took 0.037 seconds
[2021-04-03 15:32:33,915] {scheduler_job.py:182} INFO - Started process (PID=641) to work on /home/airflow/.local/lib/python3.6/site-packages/airflow/example_dags/example_branch_operator.py
[2021-04-03 15:32:33,915] {scheduler_job.py:629} INFO - Processing file /home/airflow/.local/lib/python3.6/site-packages/airflow/example_dags/example_branch_operator.py for tasks to queue
[2021-04-03 15:32:33,916] {logging_mixin.py:104} INFO - [2021-04-03 15:32:33,916] {dagbag.py:448} INFO - Filling up the DagBag from /home/airflow/.local/lib/python3.6/site-packages/airflow/example_dags/example_branch_operator.py
[2021-04-03 15:32:33,924] {scheduler_job.py:639} INFO - DAG(s) dict_keys(['example_branch_operator']) retrieved from /home/airflow/.local/lib/python3.6/site-packages/airflow/example_dags/example_branch_operator.py
[2021-04-03 15:32:33,934] {logging_mixin.py:104} INFO - [2021-04-03 15:32:33,934] {dag.py:1818} INFO - Sync 1 DAGs
[2021-04-03 15:32:33,945] {logging_mixin.py:104} INFO - [2021-04-03 15:32:33,945] {dag.py:2273} INFO - Setting next_dagrun for example_branch_operator to 2021-04-01 00:00:00+00:00
[2021-04-03 15:32:33,950] {scheduler_job.py:190} INFO - Processing /home/airflow/.local/lib/python3.6/site-packages/airflow/example_dags/example_branch_operator.py took 0.037 seconds
[2021-04-03 15:33:04,544] {scheduler_job.py:182} INFO - Started process (PID=667) to work on /home/airflow/.local/lib/python3.6/site-packages/airflow/example_dags/example_branch_operator.py
[2021-04-03 15:33:04,544] {scheduler_job.py:629} INFO - Processing file /home/airflow/.local/lib/python3.6/site-packages/airflow/example_dags/example_branch_operator.py for tasks to queue
[2021-04-03 15:33:04,545] {logging_mixin.py:104} INFO - [2021-04-03 15:33:04,545] {dagbag.py:448} INFO - Filling up the DagBag from /home/airflow/.local/lib/python3.6/site-packages/airflow/example_dags/example_branch_operator.py
[2021-04-03 15:33:04,552] {scheduler_job.py:639} INFO - DAG(s) dict_keys(['example_branch_operator']) retrieved from /home/airflow/.local/lib/python3.6/site-packages/airflow/example_dags/example_branch_operator.py
[2021-04-03 15:33:04,562] {logging_mixin.py:104} INFO - [2021-04-03 15:33:04,562] {dag.py:1818} INFO - Sync 1 DAGs
[2021-04-03 15:33:04,573] {logging_mixin.py:104} INFO - [2021-04-03 15:33:04,573] {dag.py:2273} INFO - Setting next_dagrun for example_branch_operator to 2021-04-01 00:00:00+00:00
[2021-04-03 15:33:04,583] {scheduler_job.py:190} INFO - Processing /home/airflow/.local/lib/python3.6/site-packages/airflow/example_dags/example_branch_operator.py took 0.041 seconds
[2021-04-03 15:33:35,169] {scheduler_job.py:182} INFO - Started process (PID=693) to work on /home/airflow/.local/lib/python3.6/site-packages/airflow/example_dags/example_branch_operator.py
[2021-04-03 15:33:35,170] {scheduler_job.py:629} INFO - Processing file /home/airflow/.local/lib/python3.6/site-packages/airflow/example_dags/example_branch_operator.py for tasks to queue
[2021-04-03 15:33:35,170] {logging_mixin.py:104} INFO - [2021-04-03 15:33:35,170] {dagbag.py:448} INFO - Filling up the DagBag from /home/airflow/.local/lib/python3.6/site-packages/airflow/example_dags/example_branch_operator.py
[2021-04-03 15:33:35,178] {scheduler_job.py:639} INFO - DAG(s) dict_keys(['example_branch_operator']) retrieved from /home/airflow/.local/lib/python3.6/site-packages/airflow/example_dags/example_branch_operator.py
[2021-04-03 15:33:35,188] {logging_mixin.py:104} INFO - [2021-04-03 15:33:35,188] {dag.py:1818} INFO - Sync 1 DAGs
[2021-04-03 15:33:35,199] {logging_mixin.py:104} INFO - [2021-04-03 15:33:35,199] {dag.py:2273} INFO - Setting next_dagrun for example_branch_operator to 2021-04-01 00:00:00+00:00
[2021-04-03 15:33:35,204] {scheduler_job.py:190} INFO - Processing /home/airflow/.local/lib/python3.6/site-packages/airflow/example_dags/example_branch_operator.py took 0.036 seconds
[2021-04-03 15:34:05,749] {scheduler_job.py:182} INFO - Started process (PID=719) to work on /home/airflow/.local/lib/python3.6/site-packages/airflow/example_dags/example_branch_operator.py
[2021-04-03 15:34:05,749] {scheduler_job.py:629} INFO - Processing file /home/airflow/.local/lib/python3.6/site-packages/airflow/example_dags/example_branch_operator.py for tasks to queue
[2021-04-03 15:34:05,749] {logging_mixin.py:104} INFO - [2021-04-03 15:34:05,749] {dagbag.py:448} INFO - Filling up the DagBag from /home/airflow/.local/lib/python3.6/site-packages/airflow/example_dags/example_branch_operator.py
[2021-04-03 15:34:05,757] {scheduler_job.py:639} INFO - DAG(s) dict_keys(['example_branch_operator']) retrieved from /home/airflow/.local/lib/python3.6/site-packages/airflow/example_dags/example_branch_operator.py
[2021-04-03 15:34:05,767] {logging_mixin.py:104} INFO - [2021-04-03 15:34:05,767] {dag.py:1818} INFO - Sync 1 DAGs
[2021-04-03 15:34:05,778] {logging_mixin.py:104} INFO - [2021-04-03 15:34:05,778] {dag.py:2273} INFO - Setting next_dagrun for example_branch_operator to 2021-04-01 00:00:00+00:00
[2021-04-03 15:34:05,783] {scheduler_job.py:190} INFO - Processing /home/airflow/.local/lib/python3.6/site-packages/airflow/example_dags/example_branch_operator.py took 0.036 seconds
[2021-04-03 15:34:36,339] {scheduler_job.py:182} INFO - Started process (PID=745) to work on /home/airflow/.local/lib/python3.6/site-packages/airflow/example_dags/example_branch_operator.py
[2021-04-03 15:34:36,340] {scheduler_job.py:629} INFO - Processing file /home/airflow/.local/lib/python3.6/site-packages/airflow/example_dags/example_branch_operator.py for tasks to queue
[2021-04-03 15:34:36,340] {logging_mixin.py:104} INFO - [2021-04-03 15:34:36,340] {dagbag.py:448} INFO - Filling up the DagBag from /home/airflow/.local/lib/python3.6/site-packages/airflow/example_dags/example_branch_operator.py
[2021-04-03 15:34:36,348] {scheduler_job.py:639} INFO - DAG(s) dict_keys(['example_branch_operator']) retrieved from /home/airflow/.local/lib/python3.6/site-packages/airflow/example_dags/example_branch_operator.py
[2021-04-03 15:34:36,358] {logging_mixin.py:104} INFO - [2021-04-03 15:34:36,358] {dag.py:1818} INFO - Sync 1 DAGs
[2021-04-03 15:34:36,368] {logging_mixin.py:104} INFO - [2021-04-03 15:34:36,368] {dag.py:2273} INFO - Setting next_dagrun for example_branch_operator to 2021-04-01 00:00:00+00:00
[2021-04-03 15:34:36,375] {scheduler_job.py:190} INFO - Processing /home/airflow/.local/lib/python3.6/site-packages/airflow/example_dags/example_branch_operator.py took 0.037 seconds
[2021-04-03 15:35:06,937] {scheduler_job.py:182} INFO - Started process (PID=771) to work on /home/airflow/.local/lib/python3.6/site-packages/airflow/example_dags/example_branch_operator.py
[2021-04-03 15:35:06,937] {scheduler_job.py:629} INFO - Processing file /home/airflow/.local/lib/python3.6/site-packages/airflow/example_dags/example_branch_operator.py for tasks to queue
[2021-04-03 15:35:06,937] {logging_mixin.py:104} INFO - [2021-04-03 15:35:06,937] {dagbag.py:448} INFO - Filling up the DagBag from /home/airflow/.local/lib/python3.6/site-packages/airflow/example_dags/example_branch_operator.py
[2021-04-03 15:35:06,945] {scheduler_job.py:639} INFO - DAG(s) dict_keys(['example_branch_operator']) retrieved from /home/airflow/.local/lib/python3.6/site-packages/airflow/example_dags/example_branch_operator.py
[2021-04-03 15:35:06,955] {logging_mixin.py:104} INFO - [2021-04-03 15:35:06,955] {dag.py:1818} INFO - Sync 1 DAGs
[2021-04-03 15:35:06,966] {logging_mixin.py:104} INFO - [2021-04-03 15:35:06,966] {dag.py:2273} INFO - Setting next_dagrun for example_branch_operator to 2021-04-01 00:00:00+00:00
[2021-04-03 15:35:06,972] {scheduler_job.py:190} INFO - Processing /home/airflow/.local/lib/python3.6/site-packages/airflow/example_dags/example_branch_operator.py took 0.037 seconds
[2021-04-03 15:35:37,520] {scheduler_job.py:182} INFO - Started process (PID=797) to work on /home/airflow/.local/lib/python3.6/site-packages/airflow/example_dags/example_branch_operator.py
[2021-04-03 15:35:37,521] {scheduler_job.py:629} INFO - Processing file /home/airflow/.local/lib/python3.6/site-packages/airflow/example_dags/example_branch_operator.py for tasks to queue
[2021-04-03 15:35:37,521] {logging_mixin.py:104} INFO - [2021-04-03 15:35:37,521] {dagbag.py:448} INFO - Filling up the DagBag from /home/airflow/.local/lib/python3.6/site-packages/airflow/example_dags/example_branch_operator.py
[2021-04-03 15:35:37,529] {scheduler_job.py:639} INFO - DAG(s) dict_keys(['example_branch_operator']) retrieved from /home/airflow/.local/lib/python3.6/site-packages/airflow/example_dags/example_branch_operator.py
[2021-04-03 15:35:37,539] {logging_mixin.py:104} INFO - [2021-04-03 15:35:37,539] {dag.py:1818} INFO - Sync 1 DAGs
[2021-04-03 15:35:37,550] {logging_mixin.py:104} INFO - [2021-04-03 15:35:37,550] {dag.py:2273} INFO - Setting next_dagrun for example_branch_operator to 2021-04-01 00:00:00+00:00
[2021-04-03 15:35:37,555] {scheduler_job.py:190} INFO - Processing /home/airflow/.local/lib/python3.6/site-packages/airflow/example_dags/example_branch_operator.py took 0.036 seconds
[2021-04-03 15:36:08,115] {scheduler_job.py:182} INFO - Started process (PID=823) to work on /home/airflow/.local/lib/python3.6/site-packages/airflow/example_dags/example_branch_operator.py
[2021-04-03 15:36:08,115] {scheduler_job.py:629} INFO - Processing file /home/airflow/.local/lib/python3.6/site-packages/airflow/example_dags/example_branch_operator.py for tasks to queue
[2021-04-03 15:36:08,115] {logging_mixin.py:104} INFO - [2021-04-03 15:36:08,115] {dagbag.py:448} INFO - Filling up the DagBag from /home/airflow/.local/lib/python3.6/site-packages/airflow/example_dags/example_branch_operator.py
[2021-04-03 15:36:08,123] {scheduler_job.py:639} INFO - DAG(s) dict_keys(['example_branch_operator']) retrieved from /home/airflow/.local/lib/python3.6/site-packages/airflow/example_dags/example_branch_operator.py
[2021-04-03 15:36:08,134] {logging_mixin.py:104} INFO - [2021-04-03 15:36:08,134] {dag.py:1818} INFO - Sync 1 DAGs
[2021-04-03 15:36:08,144] {logging_mixin.py:104} INFO - [2021-04-03 15:36:08,144] {dag.py:2273} INFO - Setting next_dagrun for example_branch_operator to 2021-04-01 00:00:00+00:00
[2021-04-03 15:36:08,150] {scheduler_job.py:190} INFO - Processing /home/airflow/.local/lib/python3.6/site-packages/airflow/example_dags/example_branch_operator.py took 0.036 seconds
[2021-04-03 15:36:38,734] {scheduler_job.py:182} INFO - Started process (PID=849) to work on /home/airflow/.local/lib/python3.6/site-packages/airflow/example_dags/example_branch_operator.py
[2021-04-03 15:36:38,734] {scheduler_job.py:629} INFO - Processing file /home/airflow/.local/lib/python3.6/site-packages/airflow/example_dags/example_branch_operator.py for tasks to queue
[2021-04-03 15:36:38,734] {logging_mixin.py:104} INFO - [2021-04-03 15:36:38,734] {dagbag.py:448} INFO - Filling up the DagBag from /home/airflow/.local/lib/python3.6/site-packages/airflow/example_dags/example_branch_operator.py
[2021-04-03 15:36:38,741] {scheduler_job.py:639} INFO - DAG(s) dict_keys(['example_branch_operator']) retrieved from /home/airflow/.local/lib/python3.6/site-packages/airflow/example_dags/example_branch_operator.py
[2021-04-03 15:36:38,751] {logging_mixin.py:104} INFO - [2021-04-03 15:36:38,751] {dag.py:1818} INFO - Sync 1 DAGs
[2021-04-03 15:36:38,761] {logging_mixin.py:104} INFO - [2021-04-03 15:36:38,761] {dag.py:2273} INFO - Setting next_dagrun for example_branch_operator to 2021-04-01 00:00:00+00:00
[2021-04-03 15:36:38,767] {scheduler_job.py:190} INFO - Processing /home/airflow/.local/lib/python3.6/site-packages/airflow/example_dags/example_branch_operator.py took 0.034 seconds
[2021-04-03 15:37:09,322] {scheduler_job.py:182} INFO - Started process (PID=875) to work on /home/airflow/.local/lib/python3.6/site-packages/airflow/example_dags/example_branch_operator.py
[2021-04-03 15:37:09,323] {scheduler_job.py:629} INFO - Processing file /home/airflow/.local/lib/python3.6/site-packages/airflow/example_dags/example_branch_operator.py for tasks to queue
[2021-04-03 15:37:09,323] {logging_mixin.py:104} INFO - [2021-04-03 15:37:09,323] {dagbag.py:448} INFO - Filling up the DagBag from /home/airflow/.local/lib/python3.6/site-packages/airflow/example_dags/example_branch_operator.py
[2021-04-03 15:37:09,331] {scheduler_job.py:639} INFO - DAG(s) dict_keys(['example_branch_operator']) retrieved from /home/airflow/.local/lib/python3.6/site-packages/airflow/example_dags/example_branch_operator.py
[2021-04-03 15:37:09,341] {logging_mixin.py:104} INFO - [2021-04-03 15:37:09,341] {dag.py:1818} INFO - Sync 1 DAGs
[2021-04-03 15:37:09,351] {logging_mixin.py:104} INFO - [2021-04-03 15:37:09,351] {dag.py:2273} INFO - Setting next_dagrun for example_branch_operator to 2021-04-01 00:00:00+00:00
[2021-04-03 15:37:09,357] {scheduler_job.py:190} INFO - Processing /home/airflow/.local/lib/python3.6/site-packages/airflow/example_dags/example_branch_operator.py took 0.036 seconds
[2021-04-03 15:37:39,908] {scheduler_job.py:182} INFO - Started process (PID=901) to work on /home/airflow/.local/lib/python3.6/site-packages/airflow/example_dags/example_branch_operator.py
[2021-04-03 15:37:39,908] {scheduler_job.py:629} INFO - Processing file /home/airflow/.local/lib/python3.6/site-packages/airflow/example_dags/example_branch_operator.py for tasks to queue
[2021-04-03 15:37:39,909] {logging_mixin.py:104} INFO - [2021-04-03 15:37:39,909] {dagbag.py:448} INFO - Filling up the DagBag from /home/airflow/.local/lib/python3.6/site-packages/airflow/example_dags/example_branch_operator.py
[2021-04-03 15:37:39,916] {scheduler_job.py:639} INFO - DAG(s) dict_keys(['example_branch_operator']) retrieved from /home/airflow/.local/lib/python3.6/site-packages/airflow/example_dags/example_branch_operator.py
[2021-04-03 15:37:39,927] {logging_mixin.py:104} INFO - [2021-04-03 15:37:39,926] {dag.py:1818} INFO - Sync 1 DAGs
[2021-04-03 15:37:39,937] {logging_mixin.py:104} INFO - [2021-04-03 15:37:39,937] {dag.py:2273} INFO - Setting next_dagrun for example_branch_operator to 2021-04-01 00:00:00+00:00
[2021-04-03 15:37:39,943] {scheduler_job.py:190} INFO - Processing /home/airflow/.local/lib/python3.6/site-packages/airflow/example_dags/example_branch_operator.py took 0.037 seconds
[2021-04-03 15:38:10,471] {scheduler_job.py:182} INFO - Started process (PID=927) to work on /home/airflow/.local/lib/python3.6/site-packages/airflow/example_dags/example_branch_operator.py
[2021-04-03 15:38:10,471] {scheduler_job.py:629} INFO - Processing file /home/airflow/.local/lib/python3.6/site-packages/airflow/example_dags/example_branch_operator.py for tasks to queue
[2021-04-03 15:38:10,471] {logging_mixin.py:104} INFO - [2021-04-03 15:38:10,471] {dagbag.py:448} INFO - Filling up the DagBag from /home/airflow/.local/lib/python3.6/site-packages/airflow/example_dags/example_branch_operator.py
[2021-04-03 15:38:10,479] {scheduler_job.py:639} INFO - DAG(s) dict_keys(['example_branch_operator']) retrieved from /home/airflow/.local/lib/python3.6/site-packages/airflow/example_dags/example_branch_operator.py
[2021-04-03 15:38:10,489] {logging_mixin.py:104} INFO - [2021-04-03 15:38:10,489] {dag.py:1818} INFO - Sync 1 DAGs
[2021-04-03 15:38:10,500] {logging_mixin.py:104} INFO - [2021-04-03 15:38:10,500] {dag.py:2273} INFO - Setting next_dagrun for example_branch_operator to 2021-04-01 00:00:00+00:00
[2021-04-03 15:38:10,506] {scheduler_job.py:190} INFO - Processing /home/airflow/.local/lib/python3.6/site-packages/airflow/example_dags/example_branch_operator.py took 0.037 seconds
[2021-04-03 15:38:41,089] {scheduler_job.py:182} INFO - Started process (PID=953) to work on /home/airflow/.local/lib/python3.6/site-packages/airflow/example_dags/example_branch_operator.py
[2021-04-03 15:38:41,089] {scheduler_job.py:629} INFO - Processing file /home/airflow/.local/lib/python3.6/site-packages/airflow/example_dags/example_branch_operator.py for tasks to queue
[2021-04-03 15:38:41,090] {logging_mixin.py:104} INFO - [2021-04-03 15:38:41,090] {dagbag.py:448} INFO - Filling up the DagBag from /home/airflow/.local/lib/python3.6/site-packages/airflow/example_dags/example_branch_operator.py
[2021-04-03 15:38:41,097] {scheduler_job.py:639} INFO - DAG(s) dict_keys(['example_branch_operator']) retrieved from /home/airflow/.local/lib/python3.6/site-packages/airflow/example_dags/example_branch_operator.py
[2021-04-03 15:38:41,107] {logging_mixin.py:104} INFO - [2021-04-03 15:38:41,107] {dag.py:1818} INFO - Sync 1 DAGs
[2021-04-03 15:38:41,118] {logging_mixin.py:104} INFO - [2021-04-03 15:38:41,118] {dag.py:2273} INFO - Setting next_dagrun for example_branch_operator to 2021-04-01 00:00:00+00:00
[2021-04-03 15:38:41,124] {scheduler_job.py:190} INFO - Processing /home/airflow/.local/lib/python3.6/site-packages/airflow/example_dags/example_branch_operator.py took 0.037 seconds
[2021-04-03 15:39:11,695] {scheduler_job.py:182} INFO - Started process (PID=979) to work on /home/airflow/.local/lib/python3.6/site-packages/airflow/example_dags/example_branch_operator.py
[2021-04-03 15:39:11,696] {scheduler_job.py:629} INFO - Processing file /home/airflow/.local/lib/python3.6/site-packages/airflow/example_dags/example_branch_operator.py for tasks to queue
[2021-04-03 15:39:11,696] {logging_mixin.py:104} INFO - [2021-04-03 15:39:11,696] {dagbag.py:448} INFO - Filling up the DagBag from /home/airflow/.local/lib/python3.6/site-packages/airflow/example_dags/example_branch_operator.py
[2021-04-03 15:39:11,703] {scheduler_job.py:639} INFO - DAG(s) dict_keys(['example_branch_operator']) retrieved from /home/airflow/.local/lib/python3.6/site-packages/airflow/example_dags/example_branch_operator.py
[2021-04-03 15:39:11,713] {logging_mixin.py:104} INFO - [2021-04-03 15:39:11,713] {dag.py:1818} INFO - Sync 1 DAGs
[2021-04-03 15:39:11,724] {logging_mixin.py:104} INFO - [2021-04-03 15:39:11,724] {dag.py:2273} INFO - Setting next_dagrun for example_branch_operator to 2021-04-01 00:00:00+00:00
[2021-04-03 15:39:11,730] {scheduler_job.py:190} INFO - Processing /home/airflow/.local/lib/python3.6/site-packages/airflow/example_dags/example_branch_operator.py took 0.036 seconds
[2021-04-03 15:39:42,293] {scheduler_job.py:182} INFO - Started process (PID=1005) to work on /home/airflow/.local/lib/python3.6/site-packages/airflow/example_dags/example_branch_operator.py
[2021-04-03 15:39:42,294] {scheduler_job.py:629} INFO - Processing file /home/airflow/.local/lib/python3.6/site-packages/airflow/example_dags/example_branch_operator.py for tasks to queue
[2021-04-03 15:39:42,294] {logging_mixin.py:104} INFO - [2021-04-03 15:39:42,294] {dagbag.py:448} INFO - Filling up the DagBag from /home/airflow/.local/lib/python3.6/site-packages/airflow/example_dags/example_branch_operator.py
[2021-04-03 15:39:42,301] {scheduler_job.py:639} INFO - DAG(s) dict_keys(['example_branch_operator']) retrieved from /home/airflow/.local/lib/python3.6/site-packages/airflow/example_dags/example_branch_operator.py
[2021-04-03 15:39:42,311] {logging_mixin.py:104} INFO - [2021-04-03 15:39:42,311] {dag.py:1818} INFO - Sync 1 DAGs
[2021-04-03 15:39:42,321] {logging_mixin.py:104} INFO - [2021-04-03 15:39:42,321] {dag.py:2273} INFO - Setting next_dagrun for example_branch_operator to 2021-04-01 00:00:00+00:00
[2021-04-03 15:39:42,332] {scheduler_job.py:190} INFO - Processing /home/airflow/.local/lib/python3.6/site-packages/airflow/example_dags/example_branch_operator.py took 0.040 seconds
[2021-04-03 15:40:12,926] {scheduler_job.py:182} INFO - Started process (PID=1031) to work on /home/airflow/.local/lib/python3.6/site-packages/airflow/example_dags/example_branch_operator.py
[2021-04-03 15:40:12,926] {scheduler_job.py:629} INFO - Processing file /home/airflow/.local/lib/python3.6/site-packages/airflow/example_dags/example_branch_operator.py for tasks to queue
[2021-04-03 15:40:12,926] {logging_mixin.py:104} INFO - [2021-04-03 15:40:12,926] {dagbag.py:448} INFO - Filling up the DagBag from /home/airflow/.local/lib/python3.6/site-packages/airflow/example_dags/example_branch_operator.py
[2021-04-03 15:40:12,933] {scheduler_job.py:639} INFO - DAG(s) dict_keys(['example_branch_operator']) retrieved from /home/airflow/.local/lib/python3.6/site-packages/airflow/example_dags/example_branch_operator.py
[2021-04-03 15:40:12,944] {logging_mixin.py:104} INFO - [2021-04-03 15:40:12,944] {dag.py:1818} INFO - Sync 1 DAGs
[2021-04-03 15:40:12,954] {logging_mixin.py:104} INFO - [2021-04-03 15:40:12,954] {dag.py:2273} INFO - Setting next_dagrun for example_branch_operator to 2021-04-01 00:00:00+00:00
[2021-04-03 15:40:12,960] {scheduler_job.py:190} INFO - Processing /home/airflow/.local/lib/python3.6/site-packages/airflow/example_dags/example_branch_operator.py took 0.035 seconds
[2021-04-03 15:40:43,616] {scheduler_job.py:182} INFO - Started process (PID=1057) to work on /home/airflow/.local/lib/python3.6/site-packages/airflow/example_dags/example_branch_operator.py
[2021-04-03 15:40:43,616] {scheduler_job.py:629} INFO - Processing file /home/airflow/.local/lib/python3.6/site-packages/airflow/example_dags/example_branch_operator.py for tasks to queue
[2021-04-03 15:40:43,617] {logging_mixin.py:104} INFO - [2021-04-03 15:40:43,617] {dagbag.py:448} INFO - Filling up the DagBag from /home/airflow/.local/lib/python3.6/site-packages/airflow/example_dags/example_branch_operator.py
[2021-04-03 15:40:43,624] {scheduler_job.py:639} INFO - DAG(s) dict_keys(['example_branch_operator']) retrieved from /home/airflow/.local/lib/python3.6/site-packages/airflow/example_dags/example_branch_operator.py
[2021-04-03 15:40:43,635] {logging_mixin.py:104} INFO - [2021-04-03 15:40:43,635] {dag.py:1818} INFO - Sync 1 DAGs
[2021-04-03 15:40:43,646] {logging_mixin.py:104} INFO - [2021-04-03 15:40:43,645] {dag.py:2273} INFO - Setting next_dagrun for example_branch_operator to 2021-04-01 00:00:00+00:00
[2021-04-03 15:40:43,651] {scheduler_job.py:190} INFO - Processing /home/airflow/.local/lib/python3.6/site-packages/airflow/example_dags/example_branch_operator.py took 0.036 seconds
[2021-04-03 15:41:14,231] {scheduler_job.py:182} INFO - Started process (PID=1083) to work on /home/airflow/.local/lib/python3.6/site-packages/airflow/example_dags/example_branch_operator.py
[2021-04-03 15:41:14,231] {scheduler_job.py:629} INFO - Processing file /home/airflow/.local/lib/python3.6/site-packages/airflow/example_dags/example_branch_operator.py for tasks to queue
[2021-04-03 15:41:14,231] {logging_mixin.py:104} INFO - [2021-04-03 15:41:14,231] {dagbag.py:448} INFO - Filling up the DagBag from /home/airflow/.local/lib/python3.6/site-packages/airflow/example_dags/example_branch_operator.py
[2021-04-03 15:41:14,239] {scheduler_job.py:639} INFO - DAG(s) dict_keys(['example_branch_operator']) retrieved from /home/airflow/.local/lib/python3.6/site-packages/airflow/example_dags/example_branch_operator.py
[2021-04-03 15:41:14,249] {logging_mixin.py:104} INFO - [2021-04-03 15:41:14,249] {dag.py:1818} INFO - Sync 1 DAGs
[2021-04-03 15:41:14,260] {logging_mixin.py:104} INFO - [2021-04-03 15:41:14,260] {dag.py:2273} INFO - Setting next_dagrun for example_branch_operator to 2021-04-01 00:00:00+00:00
[2021-04-03 15:41:14,266] {scheduler_job.py:190} INFO - Processing /home/airflow/.local/lib/python3.6/site-packages/airflow/example_dags/example_branch_operator.py took 0.037 seconds
[2021-04-03 15:41:44,897] {scheduler_job.py:182} INFO - Started process (PID=1109) to work on /home/airflow/.local/lib/python3.6/site-packages/airflow/example_dags/example_branch_operator.py
[2021-04-03 15:41:44,898] {scheduler_job.py:629} INFO - Processing file /home/airflow/.local/lib/python3.6/site-packages/airflow/example_dags/example_branch_operator.py for tasks to queue
[2021-04-03 15:41:44,898] {logging_mixin.py:104} INFO - [2021-04-03 15:41:44,898] {dagbag.py:448} INFO - Filling up the DagBag from /home/airflow/.local/lib/python3.6/site-packages/airflow/example_dags/example_branch_operator.py
[2021-04-03 15:41:44,905] {scheduler_job.py:639} INFO - DAG(s) dict_keys(['example_branch_operator']) retrieved from /home/airflow/.local/lib/python3.6/site-packages/airflow/example_dags/example_branch_operator.py
[2021-04-03 15:41:44,915] {logging_mixin.py:104} INFO - [2021-04-03 15:41:44,915] {dag.py:1818} INFO - Sync 1 DAGs
[2021-04-03 15:41:44,926] {logging_mixin.py:104} INFO - [2021-04-03 15:41:44,926] {dag.py:2273} INFO - Setting next_dagrun for example_branch_operator to 2021-04-01 00:00:00+00:00
[2021-04-03 15:41:44,932] {scheduler_job.py:190} INFO - Processing /home/airflow/.local/lib/python3.6/site-packages/airflow/example_dags/example_branch_operator.py took 0.036 seconds
[2021-04-03 15:42:15,505] {scheduler_job.py:182} INFO - Started process (PID=1135) to work on /home/airflow/.local/lib/python3.6/site-packages/airflow/example_dags/example_branch_operator.py
[2021-04-03 15:42:15,506] {scheduler_job.py:629} INFO - Processing file /home/airflow/.local/lib/python3.6/site-packages/airflow/example_dags/example_branch_operator.py for tasks to queue
[2021-04-03 15:42:15,506] {logging_mixin.py:104} INFO - [2021-04-03 15:42:15,506] {dagbag.py:448} INFO - Filling up the DagBag from /home/airflow/.local/lib/python3.6/site-packages/airflow/example_dags/example_branch_operator.py
[2021-04-03 15:42:15,513] {scheduler_job.py:639} INFO - DAG(s) dict_keys(['example_branch_operator']) retrieved from /home/airflow/.local/lib/python3.6/site-packages/airflow/example_dags/example_branch_operator.py
[2021-04-03 15:42:15,523] {logging_mixin.py:104} INFO - [2021-04-03 15:42:15,523] {dag.py:1818} INFO - Sync 1 DAGs
[2021-04-03 15:42:15,534] {logging_mixin.py:104} INFO - [2021-04-03 15:42:15,534] {dag.py:2273} INFO - Setting next_dagrun for example_branch_operator to 2021-04-01 00:00:00+00:00
[2021-04-03 15:42:15,539] {scheduler_job.py:190} INFO - Processing /home/airflow/.local/lib/python3.6/site-packages/airflow/example_dags/example_branch_operator.py took 0.035 seconds
[2021-04-03 15:42:46,117] {scheduler_job.py:182} INFO - Started process (PID=1161) to work on /home/airflow/.local/lib/python3.6/site-packages/airflow/example_dags/example_branch_operator.py
[2021-04-03 15:42:46,117] {scheduler_job.py:629} INFO - Processing file /home/airflow/.local/lib/python3.6/site-packages/airflow/example_dags/example_branch_operator.py for tasks to queue
[2021-04-03 15:42:46,117] {logging_mixin.py:104} INFO - [2021-04-03 15:42:46,117] {dagbag.py:448} INFO - Filling up the DagBag from /home/airflow/.local/lib/python3.6/site-packages/airflow/example_dags/example_branch_operator.py
[2021-04-03 15:42:46,125] {scheduler_job.py:639} INFO - DAG(s) dict_keys(['example_branch_operator']) retrieved from /home/airflow/.local/lib/python3.6/site-packages/airflow/example_dags/example_branch_operator.py
[2021-04-03 15:42:46,135] {logging_mixin.py:104} INFO - [2021-04-03 15:42:46,135] {dag.py:1818} INFO - Sync 1 DAGs
[2021-04-03 15:42:46,145] {logging_mixin.py:104} INFO - [2021-04-03 15:42:46,145] {dag.py:2273} INFO - Setting next_dagrun for example_branch_operator to 2021-04-01 00:00:00+00:00
[2021-04-03 15:42:46,155] {scheduler_job.py:190} INFO - Processing /home/airflow/.local/lib/python3.6/site-packages/airflow/example_dags/example_branch_operator.py took 0.039 seconds
[2021-04-03 15:43:16,757] {scheduler_job.py:182} INFO - Started process (PID=1187) to work on /home/airflow/.local/lib/python3.6/site-packages/airflow/example_dags/example_branch_operator.py
[2021-04-03 15:43:16,758] {scheduler_job.py:629} INFO - Processing file /home/airflow/.local/lib/python3.6/site-packages/airflow/example_dags/example_branch_operator.py for tasks to queue
[2021-04-03 15:43:16,758] {logging_mixin.py:104} INFO - [2021-04-03 15:43:16,758] {dagbag.py:448} INFO - Filling up the DagBag from /home/airflow/.local/lib/python3.6/site-packages/airflow/example_dags/example_branch_operator.py
[2021-04-03 15:43:16,765] {scheduler_job.py:639} INFO - DAG(s) dict_keys(['example_branch_operator']) retrieved from /home/airflow/.local/lib/python3.6/site-packages/airflow/example_dags/example_branch_operator.py
[2021-04-03 15:43:16,775] {logging_mixin.py:104} INFO - [2021-04-03 15:43:16,775] {dag.py:1818} INFO - Sync 1 DAGs
[2021-04-03 15:43:16,786] {logging_mixin.py:104} INFO - [2021-04-03 15:43:16,785] {dag.py:2273} INFO - Setting next_dagrun for example_branch_operator to 2021-04-01 00:00:00+00:00
[2021-04-03 15:43:16,792] {scheduler_job.py:190} INFO - Processing /home/airflow/.local/lib/python3.6/site-packages/airflow/example_dags/example_branch_operator.py took 0.036 seconds
[2021-04-03 15:43:47,340] {scheduler_job.py:182} INFO - Started process (PID=1213) to work on /home/airflow/.local/lib/python3.6/site-packages/airflow/example_dags/example_branch_operator.py
[2021-04-03 15:43:47,340] {scheduler_job.py:629} INFO - Processing file /home/airflow/.local/lib/python3.6/site-packages/airflow/example_dags/example_branch_operator.py for tasks to queue
[2021-04-03 15:43:47,340] {logging_mixin.py:104} INFO - [2021-04-03 15:43:47,340] {dagbag.py:448} INFO - Filling up the DagBag from /home/airflow/.local/lib/python3.6/site-packages/airflow/example_dags/example_branch_operator.py
[2021-04-03 15:43:47,347] {scheduler_job.py:639} INFO - DAG(s) dict_keys(['example_branch_operator']) retrieved from /home/airflow/.local/lib/python3.6/site-packages/airflow/example_dags/example_branch_operator.py
[2021-04-03 15:43:47,358] {logging_mixin.py:104} INFO - [2021-04-03 15:43:47,358] {dag.py:1818} INFO - Sync 1 DAGs
[2021-04-03 15:43:47,369] {logging_mixin.py:104} INFO - [2021-04-03 15:43:47,368] {dag.py:2273} INFO - Setting next_dagrun for example_branch_operator to 2021-04-01 00:00:00+00:00
[2021-04-03 15:43:47,375] {scheduler_job.py:190} INFO - Processing /home/airflow/.local/lib/python3.6/site-packages/airflow/example_dags/example_branch_operator.py took 0.037 seconds
[2021-04-03 15:44:17,947] {scheduler_job.py:182} INFO - Started process (PID=1239) to work on /home/airflow/.local/lib/python3.6/site-packages/airflow/example_dags/example_branch_operator.py
[2021-04-03 15:44:17,948] {scheduler_job.py:629} INFO - Processing file /home/airflow/.local/lib/python3.6/site-packages/airflow/example_dags/example_branch_operator.py for tasks to queue
[2021-04-03 15:44:17,948] {logging_mixin.py:104} INFO - [2021-04-03 15:44:17,948] {dagbag.py:448} INFO - Filling up the DagBag from /home/airflow/.local/lib/python3.6/site-packages/airflow/example_dags/example_branch_operator.py
[2021-04-03 15:44:17,955] {scheduler_job.py:639} INFO - DAG(s) dict_keys(['example_branch_operator']) retrieved from /home/airflow/.local/lib/python3.6/site-packages/airflow/example_dags/example_branch_operator.py
[2021-04-03 15:44:17,965] {logging_mixin.py:104} INFO - [2021-04-03 15:44:17,965] {dag.py:1818} INFO - Sync 1 DAGs
[2021-04-03 15:44:17,975] {logging_mixin.py:104} INFO - [2021-04-03 15:44:17,975] {dag.py:2273} INFO - Setting next_dagrun for example_branch_operator to 2021-04-01 00:00:00+00:00
[2021-04-03 15:44:17,981] {scheduler_job.py:190} INFO - Processing /home/airflow/.local/lib/python3.6/site-packages/airflow/example_dags/example_branch_operator.py took 0.034 seconds
[2021-04-03 15:44:48,520] {scheduler_job.py:182} INFO - Started process (PID=1265) to work on /home/airflow/.local/lib/python3.6/site-packages/airflow/example_dags/example_branch_operator.py
[2021-04-03 15:44:48,520] {scheduler_job.py:629} INFO - Processing file /home/airflow/.local/lib/python3.6/site-packages/airflow/example_dags/example_branch_operator.py for tasks to queue
[2021-04-03 15:44:48,520] {logging_mixin.py:104} INFO - [2021-04-03 15:44:48,520] {dagbag.py:448} INFO - Filling up the DagBag from /home/airflow/.local/lib/python3.6/site-packages/airflow/example_dags/example_branch_operator.py
[2021-04-03 15:44:48,528] {scheduler_job.py:639} INFO - DAG(s) dict_keys(['example_branch_operator']) retrieved from /home/airflow/.local/lib/python3.6/site-packages/airflow/example_dags/example_branch_operator.py
[2021-04-03 15:44:48,538] {logging_mixin.py:104} INFO - [2021-04-03 15:44:48,538] {dag.py:1818} INFO - Sync 1 DAGs
[2021-04-03 15:44:48,548] {logging_mixin.py:104} INFO - [2021-04-03 15:44:48,548] {dag.py:2273} INFO - Setting next_dagrun for example_branch_operator to 2021-04-01 00:00:00+00:00
[2021-04-03 15:44:48,554] {scheduler_job.py:190} INFO - Processing /home/airflow/.local/lib/python3.6/site-packages/airflow/example_dags/example_branch_operator.py took 0.035 seconds
[2021-04-03 15:45:19,119] {scheduler_job.py:182} INFO - Started process (PID=1291) to work on /home/airflow/.local/lib/python3.6/site-packages/airflow/example_dags/example_branch_operator.py
[2021-04-03 15:45:19,120] {scheduler_job.py:629} INFO - Processing file /home/airflow/.local/lib/python3.6/site-packages/airflow/example_dags/example_branch_operator.py for tasks to queue
[2021-04-03 15:45:19,120] {logging_mixin.py:104} INFO - [2021-04-03 15:45:19,120] {dagbag.py:448} INFO - Filling up the DagBag from /home/airflow/.local/lib/python3.6/site-packages/airflow/example_dags/example_branch_operator.py
[2021-04-03 15:45:19,127] {scheduler_job.py:639} INFO - DAG(s) dict_keys(['example_branch_operator']) retrieved from /home/airflow/.local/lib/python3.6/site-packages/airflow/example_dags/example_branch_operator.py
[2021-04-03 15:45:19,138] {logging_mixin.py:104} INFO - [2021-04-03 15:45:19,138] {dag.py:1818} INFO - Sync 1 DAGs
[2021-04-03 15:45:19,148] {logging_mixin.py:104} INFO - [2021-04-03 15:45:19,148] {dag.py:2273} INFO - Setting next_dagrun for example_branch_operator to 2021-04-01 00:00:00+00:00
[2021-04-03 15:45:19,154] {scheduler_job.py:190} INFO - Processing /home/airflow/.local/lib/python3.6/site-packages/airflow/example_dags/example_branch_operator.py took 0.036 seconds
[2021-04-03 15:45:49,701] {scheduler_job.py:182} INFO - Started process (PID=1317) to work on /home/airflow/.local/lib/python3.6/site-packages/airflow/example_dags/example_branch_operator.py
[2021-04-03 15:45:49,701] {scheduler_job.py:629} INFO - Processing file /home/airflow/.local/lib/python3.6/site-packages/airflow/example_dags/example_branch_operator.py for tasks to queue
[2021-04-03 15:45:49,701] {logging_mixin.py:104} INFO - [2021-04-03 15:45:49,701] {dagbag.py:448} INFO - Filling up the DagBag from /home/airflow/.local/lib/python3.6/site-packages/airflow/example_dags/example_branch_operator.py
[2021-04-03 15:45:49,709] {scheduler_job.py:639} INFO - DAG(s) dict_keys(['example_branch_operator']) retrieved from /home/airflow/.local/lib/python3.6/site-packages/airflow/example_dags/example_branch_operator.py
[2021-04-03 15:45:49,719] {logging_mixin.py:104} INFO - [2021-04-03 15:45:49,719] {dag.py:1818} INFO - Sync 1 DAGs
[2021-04-03 15:45:49,729] {logging_mixin.py:104} INFO - [2021-04-03 15:45:49,729] {dag.py:2273} INFO - Setting next_dagrun for example_branch_operator to 2021-04-01 00:00:00+00:00
[2021-04-03 15:45:49,735] {scheduler_job.py:190} INFO - Processing /home/airflow/.local/lib/python3.6/site-packages/airflow/example_dags/example_branch_operator.py took 0.035 seconds
[2021-04-03 15:46:20,265] {scheduler_job.py:182} INFO - Started process (PID=1343) to work on /home/airflow/.local/lib/python3.6/site-packages/airflow/example_dags/example_branch_operator.py
[2021-04-03 15:46:20,266] {scheduler_job.py:629} INFO - Processing file /home/airflow/.local/lib/python3.6/site-packages/airflow/example_dags/example_branch_operator.py for tasks to queue
[2021-04-03 15:46:20,266] {logging_mixin.py:104} INFO - [2021-04-03 15:46:20,266] {dagbag.py:448} INFO - Filling up the DagBag from /home/airflow/.local/lib/python3.6/site-packages/airflow/example_dags/example_branch_operator.py
[2021-04-03 15:46:20,273] {scheduler_job.py:639} INFO - DAG(s) dict_keys(['example_branch_operator']) retrieved from /home/airflow/.local/lib/python3.6/site-packages/airflow/example_dags/example_branch_operator.py
[2021-04-03 15:46:20,284] {logging_mixin.py:104} INFO - [2021-04-03 15:46:20,284] {dag.py:1818} INFO - Sync 1 DAGs
[2021-04-03 15:46:20,294] {logging_mixin.py:104} INFO - [2021-04-03 15:46:20,294] {dag.py:2273} INFO - Setting next_dagrun for example_branch_operator to 2021-04-01 00:00:00+00:00
[2021-04-03 15:46:20,301] {scheduler_job.py:190} INFO - Processing /home/airflow/.local/lib/python3.6/site-packages/airflow/example_dags/example_branch_operator.py took 0.037 seconds
[2021-04-03 15:46:50,851] {scheduler_job.py:182} INFO - Started process (PID=1369) to work on /home/airflow/.local/lib/python3.6/site-packages/airflow/example_dags/example_branch_operator.py
[2021-04-03 15:46:50,852] {scheduler_job.py:629} INFO - Processing file /home/airflow/.local/lib/python3.6/site-packages/airflow/example_dags/example_branch_operator.py for tasks to queue
[2021-04-03 15:46:50,852] {logging_mixin.py:104} INFO - [2021-04-03 15:46:50,852] {dagbag.py:448} INFO - Filling up the DagBag from /home/airflow/.local/lib/python3.6/site-packages/airflow/example_dags/example_branch_operator.py
[2021-04-03 15:46:50,859] {scheduler_job.py:639} INFO - DAG(s) dict_keys(['example_branch_operator']) retrieved from /home/airflow/.local/lib/python3.6/site-packages/airflow/example_dags/example_branch_operator.py
[2021-04-03 15:46:50,869] {logging_mixin.py:104} INFO - [2021-04-03 15:46:50,869] {dag.py:1818} INFO - Sync 1 DAGs
[2021-04-03 15:46:50,880] {logging_mixin.py:104} INFO - [2021-04-03 15:46:50,880] {dag.py:2273} INFO - Setting next_dagrun for example_branch_operator to 2021-04-01 00:00:00+00:00
[2021-04-03 15:46:50,886] {scheduler_job.py:190} INFO - Processing /home/airflow/.local/lib/python3.6/site-packages/airflow/example_dags/example_branch_operator.py took 0.036 seconds
[2021-04-03 15:47:21,410] {scheduler_job.py:182} INFO - Started process (PID=1395) to work on /home/airflow/.local/lib/python3.6/site-packages/airflow/example_dags/example_branch_operator.py
[2021-04-03 15:47:21,411] {scheduler_job.py:629} INFO - Processing file /home/airflow/.local/lib/python3.6/site-packages/airflow/example_dags/example_branch_operator.py for tasks to queue
[2021-04-03 15:47:21,411] {logging_mixin.py:104} INFO - [2021-04-03 15:47:21,411] {dagbag.py:448} INFO - Filling up the DagBag from /home/airflow/.local/lib/python3.6/site-packages/airflow/example_dags/example_branch_operator.py
[2021-04-03 15:47:21,418] {scheduler_job.py:639} INFO - DAG(s) dict_keys(['example_branch_operator']) retrieved from /home/airflow/.local/lib/python3.6/site-packages/airflow/example_dags/example_branch_operator.py
[2021-04-03 15:47:21,428] {logging_mixin.py:104} INFO - [2021-04-03 15:47:21,428] {dag.py:1818} INFO - Sync 1 DAGs
[2021-04-03 15:47:21,439] {logging_mixin.py:104} INFO - [2021-04-03 15:47:21,439] {dag.py:2273} INFO - Setting next_dagrun for example_branch_operator to 2021-04-01 00:00:00+00:00
[2021-04-03 15:47:21,445] {scheduler_job.py:190} INFO - Processing /home/airflow/.local/lib/python3.6/site-packages/airflow/example_dags/example_branch_operator.py took 0.036 seconds
[2021-04-03 15:47:52,014] {scheduler_job.py:182} INFO - Started process (PID=1421) to work on /home/airflow/.local/lib/python3.6/site-packages/airflow/example_dags/example_branch_operator.py
[2021-04-03 15:47:52,014] {scheduler_job.py:629} INFO - Processing file /home/airflow/.local/lib/python3.6/site-packages/airflow/example_dags/example_branch_operator.py for tasks to queue
[2021-04-03 15:47:52,015] {logging_mixin.py:104} INFO - [2021-04-03 15:47:52,015] {dagbag.py:448} INFO - Filling up the DagBag from /home/airflow/.local/lib/python3.6/site-packages/airflow/example_dags/example_branch_operator.py
[2021-04-03 15:47:52,022] {scheduler_job.py:639} INFO - DAG(s) dict_keys(['example_branch_operator']) retrieved from /home/airflow/.local/lib/python3.6/site-packages/airflow/example_dags/example_branch_operator.py
[2021-04-03 15:47:52,032] {logging_mixin.py:104} INFO - [2021-04-03 15:47:52,032] {dag.py:1818} INFO - Sync 1 DAGs
[2021-04-03 15:47:52,043] {logging_mixin.py:104} INFO - [2021-04-03 15:47:52,043] {dag.py:2273} INFO - Setting next_dagrun for example_branch_operator to 2021-04-01 00:00:00+00:00
[2021-04-03 15:47:52,049] {scheduler_job.py:190} INFO - Processing /home/airflow/.local/lib/python3.6/site-packages/airflow/example_dags/example_branch_operator.py took 0.036 seconds
