[2021-04-03 12:21:06,760] {scheduler_job.py:182} INFO - Started process (PID=57) to work on /home/airflow/.local/lib/python3.6/site-packages/airflow/example_dags/example_dag_decorator.py
[2021-04-03 12:21:06,761] {scheduler_job.py:629} INFO - Processing file /home/airflow/.local/lib/python3.6/site-packages/airflow/example_dags/example_dag_decorator.py for tasks to queue
[2021-04-03 12:21:06,761] {logging_mixin.py:104} INFO - [2021-04-03 12:21:06,761] {dagbag.py:448} INFO - Filling up the DagBag from /home/airflow/.local/lib/python3.6/site-packages/airflow/example_dags/example_dag_decorator.py
[2021-04-03 12:21:06,769] {scheduler_job.py:639} INFO - DAG(s) dict_keys(['example_dag_decorator']) retrieved from /home/airflow/.local/lib/python3.6/site-packages/airflow/example_dags/example_dag_decorator.py
[2021-04-03 12:21:06,781] {logging_mixin.py:104} INFO - [2021-04-03 12:21:06,781] {dag.py:1818} INFO - Sync 1 DAGs
[2021-04-03 12:21:06,788] {logging_mixin.py:104} INFO - [2021-04-03 12:21:06,788] {dag.py:2273} INFO - Setting next_dagrun for example_dag_decorator to None
[2021-04-03 12:21:06,795] {scheduler_job.py:190} INFO - Processing /home/airflow/.local/lib/python3.6/site-packages/airflow/example_dags/example_dag_decorator.py took 0.036 seconds
[2021-04-03 15:21:21,080] {scheduler_job.py:182} INFO - Started process (PID=83) to work on /home/airflow/.local/lib/python3.6/site-packages/airflow/example_dags/example_dag_decorator.py
[2021-04-03 15:21:21,080] {scheduler_job.py:629} INFO - Processing file /home/airflow/.local/lib/python3.6/site-packages/airflow/example_dags/example_dag_decorator.py for tasks to queue
[2021-04-03 15:21:21,081] {logging_mixin.py:104} INFO - [2021-04-03 15:21:21,081] {dagbag.py:448} INFO - Filling up the DagBag from /home/airflow/.local/lib/python3.6/site-packages/airflow/example_dags/example_dag_decorator.py
[2021-04-03 15:21:21,090] {scheduler_job.py:639} INFO - DAG(s) dict_keys(['example_dag_decorator']) retrieved from /home/airflow/.local/lib/python3.6/site-packages/airflow/example_dags/example_dag_decorator.py
[2021-04-03 15:21:21,102] {logging_mixin.py:104} INFO - [2021-04-03 15:21:21,102] {dag.py:1818} INFO - Sync 1 DAGs
[2021-04-03 15:21:21,111] {logging_mixin.py:104} INFO - [2021-04-03 15:21:21,111] {dag.py:2273} INFO - Setting next_dagrun for example_dag_decorator to None
[2021-04-03 15:21:21,119] {scheduler_job.py:190} INFO - Processing /home/airflow/.local/lib/python3.6/site-packages/airflow/example_dags/example_dag_decorator.py took 0.041 seconds
[2021-04-03 15:21:51,721] {scheduler_job.py:182} INFO - Started process (PID=109) to work on /home/airflow/.local/lib/python3.6/site-packages/airflow/example_dags/example_dag_decorator.py
[2021-04-03 15:21:51,721] {scheduler_job.py:629} INFO - Processing file /home/airflow/.local/lib/python3.6/site-packages/airflow/example_dags/example_dag_decorator.py for tasks to queue
[2021-04-03 15:21:51,722] {logging_mixin.py:104} INFO - [2021-04-03 15:21:51,722] {dagbag.py:448} INFO - Filling up the DagBag from /home/airflow/.local/lib/python3.6/site-packages/airflow/example_dags/example_dag_decorator.py
[2021-04-03 15:21:51,730] {scheduler_job.py:639} INFO - DAG(s) dict_keys(['example_dag_decorator']) retrieved from /home/airflow/.local/lib/python3.6/site-packages/airflow/example_dags/example_dag_decorator.py
[2021-04-03 15:21:51,741] {logging_mixin.py:104} INFO - [2021-04-03 15:21:51,741] {dag.py:1818} INFO - Sync 1 DAGs
[2021-04-03 15:21:51,748] {logging_mixin.py:104} INFO - [2021-04-03 15:21:51,748] {dag.py:2273} INFO - Setting next_dagrun for example_dag_decorator to None
[2021-04-03 15:21:51,754] {scheduler_job.py:190} INFO - Processing /home/airflow/.local/lib/python3.6/site-packages/airflow/example_dags/example_dag_decorator.py took 0.035 seconds
[2021-04-03 15:22:22,299] {scheduler_job.py:182} INFO - Started process (PID=135) to work on /home/airflow/.local/lib/python3.6/site-packages/airflow/example_dags/example_dag_decorator.py
[2021-04-03 15:22:22,299] {scheduler_job.py:629} INFO - Processing file /home/airflow/.local/lib/python3.6/site-packages/airflow/example_dags/example_dag_decorator.py for tasks to queue
[2021-04-03 15:22:22,299] {logging_mixin.py:104} INFO - [2021-04-03 15:22:22,299] {dagbag.py:448} INFO - Filling up the DagBag from /home/airflow/.local/lib/python3.6/site-packages/airflow/example_dags/example_dag_decorator.py
[2021-04-03 15:22:22,307] {scheduler_job.py:639} INFO - DAG(s) dict_keys(['example_dag_decorator']) retrieved from /home/airflow/.local/lib/python3.6/site-packages/airflow/example_dags/example_dag_decorator.py
[2021-04-03 15:22:22,317] {logging_mixin.py:104} INFO - [2021-04-03 15:22:22,317] {dag.py:1818} INFO - Sync 1 DAGs
[2021-04-03 15:22:22,324] {logging_mixin.py:104} INFO - [2021-04-03 15:22:22,324] {dag.py:2273} INFO - Setting next_dagrun for example_dag_decorator to None
[2021-04-03 15:22:22,330] {scheduler_job.py:190} INFO - Processing /home/airflow/.local/lib/python3.6/site-packages/airflow/example_dags/example_dag_decorator.py took 0.033 seconds
[2021-04-03 15:22:52,902] {scheduler_job.py:182} INFO - Started process (PID=161) to work on /home/airflow/.local/lib/python3.6/site-packages/airflow/example_dags/example_dag_decorator.py
[2021-04-03 15:22:52,903] {scheduler_job.py:629} INFO - Processing file /home/airflow/.local/lib/python3.6/site-packages/airflow/example_dags/example_dag_decorator.py for tasks to queue
[2021-04-03 15:22:52,903] {logging_mixin.py:104} INFO - [2021-04-03 15:22:52,903] {dagbag.py:448} INFO - Filling up the DagBag from /home/airflow/.local/lib/python3.6/site-packages/airflow/example_dags/example_dag_decorator.py
[2021-04-03 15:22:52,910] {scheduler_job.py:639} INFO - DAG(s) dict_keys(['example_dag_decorator']) retrieved from /home/airflow/.local/lib/python3.6/site-packages/airflow/example_dags/example_dag_decorator.py
[2021-04-03 15:22:52,921] {logging_mixin.py:104} INFO - [2021-04-03 15:22:52,921] {dag.py:1818} INFO - Sync 1 DAGs
[2021-04-03 15:22:52,928] {logging_mixin.py:104} INFO - [2021-04-03 15:22:52,928] {dag.py:2273} INFO - Setting next_dagrun for example_dag_decorator to None
[2021-04-03 15:22:52,935] {scheduler_job.py:190} INFO - Processing /home/airflow/.local/lib/python3.6/site-packages/airflow/example_dags/example_dag_decorator.py took 0.034 seconds
[2021-04-03 15:23:23,515] {scheduler_job.py:182} INFO - Started process (PID=187) to work on /home/airflow/.local/lib/python3.6/site-packages/airflow/example_dags/example_dag_decorator.py
[2021-04-03 15:23:23,516] {scheduler_job.py:629} INFO - Processing file /home/airflow/.local/lib/python3.6/site-packages/airflow/example_dags/example_dag_decorator.py for tasks to queue
[2021-04-03 15:23:23,516] {logging_mixin.py:104} INFO - [2021-04-03 15:23:23,516] {dagbag.py:448} INFO - Filling up the DagBag from /home/airflow/.local/lib/python3.6/site-packages/airflow/example_dags/example_dag_decorator.py
[2021-04-03 15:23:23,523] {scheduler_job.py:639} INFO - DAG(s) dict_keys(['example_dag_decorator']) retrieved from /home/airflow/.local/lib/python3.6/site-packages/airflow/example_dags/example_dag_decorator.py
[2021-04-03 15:23:23,534] {logging_mixin.py:104} INFO - [2021-04-03 15:23:23,534] {dag.py:1818} INFO - Sync 1 DAGs
[2021-04-03 15:23:23,541] {logging_mixin.py:104} INFO - [2021-04-03 15:23:23,541] {dag.py:2273} INFO - Setting next_dagrun for example_dag_decorator to None
[2021-04-03 15:23:23,548] {scheduler_job.py:190} INFO - Processing /home/airflow/.local/lib/python3.6/site-packages/airflow/example_dags/example_dag_decorator.py took 0.035 seconds
[2021-04-03 15:23:54,064] {scheduler_job.py:182} INFO - Started process (PID=213) to work on /home/airflow/.local/lib/python3.6/site-packages/airflow/example_dags/example_dag_decorator.py
[2021-04-03 15:23:54,065] {scheduler_job.py:629} INFO - Processing file /home/airflow/.local/lib/python3.6/site-packages/airflow/example_dags/example_dag_decorator.py for tasks to queue
[2021-04-03 15:23:54,065] {logging_mixin.py:104} INFO - [2021-04-03 15:23:54,065] {dagbag.py:448} INFO - Filling up the DagBag from /home/airflow/.local/lib/python3.6/site-packages/airflow/example_dags/example_dag_decorator.py
[2021-04-03 15:23:54,072] {scheduler_job.py:639} INFO - DAG(s) dict_keys(['example_dag_decorator']) retrieved from /home/airflow/.local/lib/python3.6/site-packages/airflow/example_dags/example_dag_decorator.py
[2021-04-03 15:23:54,084] {logging_mixin.py:104} INFO - [2021-04-03 15:23:54,084] {dag.py:1818} INFO - Sync 1 DAGs
[2021-04-03 15:23:54,091] {logging_mixin.py:104} INFO - [2021-04-03 15:23:54,091] {dag.py:2273} INFO - Setting next_dagrun for example_dag_decorator to None
[2021-04-03 15:23:54,100] {scheduler_job.py:190} INFO - Processing /home/airflow/.local/lib/python3.6/site-packages/airflow/example_dags/example_dag_decorator.py took 0.037 seconds
[2021-04-03 15:24:24,642] {scheduler_job.py:182} INFO - Started process (PID=239) to work on /home/airflow/.local/lib/python3.6/site-packages/airflow/example_dags/example_dag_decorator.py
[2021-04-03 15:24:24,643] {scheduler_job.py:629} INFO - Processing file /home/airflow/.local/lib/python3.6/site-packages/airflow/example_dags/example_dag_decorator.py for tasks to queue
[2021-04-03 15:24:24,643] {logging_mixin.py:104} INFO - [2021-04-03 15:24:24,643] {dagbag.py:448} INFO - Filling up the DagBag from /home/airflow/.local/lib/python3.6/site-packages/airflow/example_dags/example_dag_decorator.py
[2021-04-03 15:24:24,650] {scheduler_job.py:639} INFO - DAG(s) dict_keys(['example_dag_decorator']) retrieved from /home/airflow/.local/lib/python3.6/site-packages/airflow/example_dags/example_dag_decorator.py
[2021-04-03 15:24:24,660] {logging_mixin.py:104} INFO - [2021-04-03 15:24:24,660] {dag.py:1818} INFO - Sync 1 DAGs
[2021-04-03 15:24:24,667] {logging_mixin.py:104} INFO - [2021-04-03 15:24:24,667] {dag.py:2273} INFO - Setting next_dagrun for example_dag_decorator to None
[2021-04-03 15:24:24,675] {scheduler_job.py:190} INFO - Processing /home/airflow/.local/lib/python3.6/site-packages/airflow/example_dags/example_dag_decorator.py took 0.034 seconds
[2021-04-03 15:24:55,220] {scheduler_job.py:182} INFO - Started process (PID=265) to work on /home/airflow/.local/lib/python3.6/site-packages/airflow/example_dags/example_dag_decorator.py
[2021-04-03 15:24:55,220] {scheduler_job.py:629} INFO - Processing file /home/airflow/.local/lib/python3.6/site-packages/airflow/example_dags/example_dag_decorator.py for tasks to queue
[2021-04-03 15:24:55,220] {logging_mixin.py:104} INFO - [2021-04-03 15:24:55,220] {dagbag.py:448} INFO - Filling up the DagBag from /home/airflow/.local/lib/python3.6/site-packages/airflow/example_dags/example_dag_decorator.py
[2021-04-03 15:24:55,228] {scheduler_job.py:639} INFO - DAG(s) dict_keys(['example_dag_decorator']) retrieved from /home/airflow/.local/lib/python3.6/site-packages/airflow/example_dags/example_dag_decorator.py
[2021-04-03 15:24:55,238] {logging_mixin.py:104} INFO - [2021-04-03 15:24:55,238] {dag.py:1818} INFO - Sync 1 DAGs
[2021-04-03 15:24:55,246] {logging_mixin.py:104} INFO - [2021-04-03 15:24:55,246] {dag.py:2273} INFO - Setting next_dagrun for example_dag_decorator to None
[2021-04-03 15:24:55,253] {scheduler_job.py:190} INFO - Processing /home/airflow/.local/lib/python3.6/site-packages/airflow/example_dags/example_dag_decorator.py took 0.034 seconds
[2021-04-03 15:25:25,801] {scheduler_job.py:182} INFO - Started process (PID=291) to work on /home/airflow/.local/lib/python3.6/site-packages/airflow/example_dags/example_dag_decorator.py
[2021-04-03 15:25:25,801] {scheduler_job.py:629} INFO - Processing file /home/airflow/.local/lib/python3.6/site-packages/airflow/example_dags/example_dag_decorator.py for tasks to queue
[2021-04-03 15:25:25,801] {logging_mixin.py:104} INFO - [2021-04-03 15:25:25,801] {dagbag.py:448} INFO - Filling up the DagBag from /home/airflow/.local/lib/python3.6/site-packages/airflow/example_dags/example_dag_decorator.py
[2021-04-03 15:25:25,809] {scheduler_job.py:639} INFO - DAG(s) dict_keys(['example_dag_decorator']) retrieved from /home/airflow/.local/lib/python3.6/site-packages/airflow/example_dags/example_dag_decorator.py
[2021-04-03 15:25:25,819] {logging_mixin.py:104} INFO - [2021-04-03 15:25:25,819] {dag.py:1818} INFO - Sync 1 DAGs
[2021-04-03 15:25:25,826] {logging_mixin.py:104} INFO - [2021-04-03 15:25:25,826] {dag.py:2273} INFO - Setting next_dagrun for example_dag_decorator to None
[2021-04-03 15:25:25,833] {scheduler_job.py:190} INFO - Processing /home/airflow/.local/lib/python3.6/site-packages/airflow/example_dags/example_dag_decorator.py took 0.034 seconds
[2021-04-03 15:25:56,388] {scheduler_job.py:182} INFO - Started process (PID=317) to work on /home/airflow/.local/lib/python3.6/site-packages/airflow/example_dags/example_dag_decorator.py
[2021-04-03 15:25:56,389] {scheduler_job.py:629} INFO - Processing file /home/airflow/.local/lib/python3.6/site-packages/airflow/example_dags/example_dag_decorator.py for tasks to queue
[2021-04-03 15:25:56,389] {logging_mixin.py:104} INFO - [2021-04-03 15:25:56,389] {dagbag.py:448} INFO - Filling up the DagBag from /home/airflow/.local/lib/python3.6/site-packages/airflow/example_dags/example_dag_decorator.py
[2021-04-03 15:25:56,396] {scheduler_job.py:639} INFO - DAG(s) dict_keys(['example_dag_decorator']) retrieved from /home/airflow/.local/lib/python3.6/site-packages/airflow/example_dags/example_dag_decorator.py
[2021-04-03 15:25:56,407] {logging_mixin.py:104} INFO - [2021-04-03 15:25:56,407] {dag.py:1818} INFO - Sync 1 DAGs
[2021-04-03 15:25:56,415] {logging_mixin.py:104} INFO - [2021-04-03 15:25:56,415] {dag.py:2273} INFO - Setting next_dagrun for example_dag_decorator to None
[2021-04-03 15:25:56,422] {scheduler_job.py:190} INFO - Processing /home/airflow/.local/lib/python3.6/site-packages/airflow/example_dags/example_dag_decorator.py took 0.035 seconds
[2021-04-03 15:26:26,968] {scheduler_job.py:182} INFO - Started process (PID=343) to work on /home/airflow/.local/lib/python3.6/site-packages/airflow/example_dags/example_dag_decorator.py
[2021-04-03 15:26:26,969] {scheduler_job.py:629} INFO - Processing file /home/airflow/.local/lib/python3.6/site-packages/airflow/example_dags/example_dag_decorator.py for tasks to queue
[2021-04-03 15:26:26,969] {logging_mixin.py:104} INFO - [2021-04-03 15:26:26,969] {dagbag.py:448} INFO - Filling up the DagBag from /home/airflow/.local/lib/python3.6/site-packages/airflow/example_dags/example_dag_decorator.py
[2021-04-03 15:26:26,976] {scheduler_job.py:639} INFO - DAG(s) dict_keys(['example_dag_decorator']) retrieved from /home/airflow/.local/lib/python3.6/site-packages/airflow/example_dags/example_dag_decorator.py
[2021-04-03 15:26:26,987] {logging_mixin.py:104} INFO - [2021-04-03 15:26:26,987] {dag.py:1818} INFO - Sync 1 DAGs
[2021-04-03 15:26:26,995] {logging_mixin.py:104} INFO - [2021-04-03 15:26:26,995] {dag.py:2273} INFO - Setting next_dagrun for example_dag_decorator to None
[2021-04-03 15:26:27,001] {scheduler_job.py:190} INFO - Processing /home/airflow/.local/lib/python3.6/site-packages/airflow/example_dags/example_dag_decorator.py took 0.035 seconds
[2021-04-03 15:26:57,548] {scheduler_job.py:182} INFO - Started process (PID=369) to work on /home/airflow/.local/lib/python3.6/site-packages/airflow/example_dags/example_dag_decorator.py
[2021-04-03 15:26:57,548] {scheduler_job.py:629} INFO - Processing file /home/airflow/.local/lib/python3.6/site-packages/airflow/example_dags/example_dag_decorator.py for tasks to queue
[2021-04-03 15:26:57,549] {logging_mixin.py:104} INFO - [2021-04-03 15:26:57,549] {dagbag.py:448} INFO - Filling up the DagBag from /home/airflow/.local/lib/python3.6/site-packages/airflow/example_dags/example_dag_decorator.py
[2021-04-03 15:26:57,556] {scheduler_job.py:639} INFO - DAG(s) dict_keys(['example_dag_decorator']) retrieved from /home/airflow/.local/lib/python3.6/site-packages/airflow/example_dags/example_dag_decorator.py
[2021-04-03 15:26:57,567] {logging_mixin.py:104} INFO - [2021-04-03 15:26:57,567] {dag.py:1818} INFO - Sync 1 DAGs
[2021-04-03 15:26:57,575] {logging_mixin.py:104} INFO - [2021-04-03 15:26:57,575] {dag.py:2273} INFO - Setting next_dagrun for example_dag_decorator to None
[2021-04-03 15:26:57,581] {scheduler_job.py:190} INFO - Processing /home/airflow/.local/lib/python3.6/site-packages/airflow/example_dags/example_dag_decorator.py took 0.034 seconds
[2021-04-03 15:27:28,170] {scheduler_job.py:182} INFO - Started process (PID=395) to work on /home/airflow/.local/lib/python3.6/site-packages/airflow/example_dags/example_dag_decorator.py
[2021-04-03 15:27:28,171] {scheduler_job.py:629} INFO - Processing file /home/airflow/.local/lib/python3.6/site-packages/airflow/example_dags/example_dag_decorator.py for tasks to queue
[2021-04-03 15:27:28,171] {logging_mixin.py:104} INFO - [2021-04-03 15:27:28,171] {dagbag.py:448} INFO - Filling up the DagBag from /home/airflow/.local/lib/python3.6/site-packages/airflow/example_dags/example_dag_decorator.py
[2021-04-03 15:27:28,178] {scheduler_job.py:639} INFO - DAG(s) dict_keys(['example_dag_decorator']) retrieved from /home/airflow/.local/lib/python3.6/site-packages/airflow/example_dags/example_dag_decorator.py
[2021-04-03 15:27:28,189] {logging_mixin.py:104} INFO - [2021-04-03 15:27:28,189] {dag.py:1818} INFO - Sync 1 DAGs
[2021-04-03 15:27:28,196] {logging_mixin.py:104} INFO - [2021-04-03 15:27:28,196] {dag.py:2273} INFO - Setting next_dagrun for example_dag_decorator to None
[2021-04-03 15:27:28,204] {scheduler_job.py:190} INFO - Processing /home/airflow/.local/lib/python3.6/site-packages/airflow/example_dags/example_dag_decorator.py took 0.035 seconds
[2021-04-03 15:27:58,752] {scheduler_job.py:182} INFO - Started process (PID=421) to work on /home/airflow/.local/lib/python3.6/site-packages/airflow/example_dags/example_dag_decorator.py
[2021-04-03 15:27:58,753] {scheduler_job.py:629} INFO - Processing file /home/airflow/.local/lib/python3.6/site-packages/airflow/example_dags/example_dag_decorator.py for tasks to queue
[2021-04-03 15:27:58,753] {logging_mixin.py:104} INFO - [2021-04-03 15:27:58,753] {dagbag.py:448} INFO - Filling up the DagBag from /home/airflow/.local/lib/python3.6/site-packages/airflow/example_dags/example_dag_decorator.py
[2021-04-03 15:27:58,760] {scheduler_job.py:639} INFO - DAG(s) dict_keys(['example_dag_decorator']) retrieved from /home/airflow/.local/lib/python3.6/site-packages/airflow/example_dags/example_dag_decorator.py
[2021-04-03 15:27:58,771] {logging_mixin.py:104} INFO - [2021-04-03 15:27:58,771] {dag.py:1818} INFO - Sync 1 DAGs
[2021-04-03 15:27:58,778] {logging_mixin.py:104} INFO - [2021-04-03 15:27:58,778] {dag.py:2273} INFO - Setting next_dagrun for example_dag_decorator to None
[2021-04-03 15:27:58,786] {scheduler_job.py:190} INFO - Processing /home/airflow/.local/lib/python3.6/site-packages/airflow/example_dags/example_dag_decorator.py took 0.035 seconds
[2021-04-03 15:28:29,345] {scheduler_job.py:182} INFO - Started process (PID=447) to work on /home/airflow/.local/lib/python3.6/site-packages/airflow/example_dags/example_dag_decorator.py
[2021-04-03 15:28:29,345] {scheduler_job.py:629} INFO - Processing file /home/airflow/.local/lib/python3.6/site-packages/airflow/example_dags/example_dag_decorator.py for tasks to queue
[2021-04-03 15:28:29,346] {logging_mixin.py:104} INFO - [2021-04-03 15:28:29,346] {dagbag.py:448} INFO - Filling up the DagBag from /home/airflow/.local/lib/python3.6/site-packages/airflow/example_dags/example_dag_decorator.py
[2021-04-03 15:28:29,353] {scheduler_job.py:639} INFO - DAG(s) dict_keys(['example_dag_decorator']) retrieved from /home/airflow/.local/lib/python3.6/site-packages/airflow/example_dags/example_dag_decorator.py
[2021-04-03 15:28:29,364] {logging_mixin.py:104} INFO - [2021-04-03 15:28:29,364] {dag.py:1818} INFO - Sync 1 DAGs
[2021-04-03 15:28:29,371] {logging_mixin.py:104} INFO - [2021-04-03 15:28:29,371] {dag.py:2273} INFO - Setting next_dagrun for example_dag_decorator to None
[2021-04-03 15:28:29,377] {scheduler_job.py:190} INFO - Processing /home/airflow/.local/lib/python3.6/site-packages/airflow/example_dags/example_dag_decorator.py took 0.034 seconds
[2021-04-03 15:28:59,912] {scheduler_job.py:182} INFO - Started process (PID=473) to work on /home/airflow/.local/lib/python3.6/site-packages/airflow/example_dags/example_dag_decorator.py
[2021-04-03 15:28:59,912] {scheduler_job.py:629} INFO - Processing file /home/airflow/.local/lib/python3.6/site-packages/airflow/example_dags/example_dag_decorator.py for tasks to queue
[2021-04-03 15:28:59,912] {logging_mixin.py:104} INFO - [2021-04-03 15:28:59,912] {dagbag.py:448} INFO - Filling up the DagBag from /home/airflow/.local/lib/python3.6/site-packages/airflow/example_dags/example_dag_decorator.py
[2021-04-03 15:28:59,920] {scheduler_job.py:639} INFO - DAG(s) dict_keys(['example_dag_decorator']) retrieved from /home/airflow/.local/lib/python3.6/site-packages/airflow/example_dags/example_dag_decorator.py
[2021-04-03 15:28:59,931] {logging_mixin.py:104} INFO - [2021-04-03 15:28:59,931] {dag.py:1818} INFO - Sync 1 DAGs
[2021-04-03 15:28:59,938] {logging_mixin.py:104} INFO - [2021-04-03 15:28:59,938] {dag.py:2273} INFO - Setting next_dagrun for example_dag_decorator to None
[2021-04-03 15:28:59,946] {scheduler_job.py:190} INFO - Processing /home/airflow/.local/lib/python3.6/site-packages/airflow/example_dags/example_dag_decorator.py took 0.035 seconds
[2021-04-03 15:29:30,484] {scheduler_job.py:182} INFO - Started process (PID=499) to work on /home/airflow/.local/lib/python3.6/site-packages/airflow/example_dags/example_dag_decorator.py
[2021-04-03 15:29:30,484] {scheduler_job.py:629} INFO - Processing file /home/airflow/.local/lib/python3.6/site-packages/airflow/example_dags/example_dag_decorator.py for tasks to queue
[2021-04-03 15:29:30,485] {logging_mixin.py:104} INFO - [2021-04-03 15:29:30,484] {dagbag.py:448} INFO - Filling up the DagBag from /home/airflow/.local/lib/python3.6/site-packages/airflow/example_dags/example_dag_decorator.py
[2021-04-03 15:29:30,492] {scheduler_job.py:639} INFO - DAG(s) dict_keys(['example_dag_decorator']) retrieved from /home/airflow/.local/lib/python3.6/site-packages/airflow/example_dags/example_dag_decorator.py
[2021-04-03 15:29:30,503] {logging_mixin.py:104} INFO - [2021-04-03 15:29:30,503] {dag.py:1818} INFO - Sync 1 DAGs
[2021-04-03 15:29:30,510] {logging_mixin.py:104} INFO - [2021-04-03 15:29:30,510] {dag.py:2273} INFO - Setting next_dagrun for example_dag_decorator to None
[2021-04-03 15:29:30,516] {scheduler_job.py:190} INFO - Processing /home/airflow/.local/lib/python3.6/site-packages/airflow/example_dags/example_dag_decorator.py took 0.034 seconds
[2021-04-03 15:30:01,144] {scheduler_job.py:182} INFO - Started process (PID=525) to work on /home/airflow/.local/lib/python3.6/site-packages/airflow/example_dags/example_dag_decorator.py
[2021-04-03 15:30:01,145] {scheduler_job.py:629} INFO - Processing file /home/airflow/.local/lib/python3.6/site-packages/airflow/example_dags/example_dag_decorator.py for tasks to queue
[2021-04-03 15:30:01,145] {logging_mixin.py:104} INFO - [2021-04-03 15:30:01,145] {dagbag.py:448} INFO - Filling up the DagBag from /home/airflow/.local/lib/python3.6/site-packages/airflow/example_dags/example_dag_decorator.py
[2021-04-03 15:30:01,153] {scheduler_job.py:639} INFO - DAG(s) dict_keys(['example_dag_decorator']) retrieved from /home/airflow/.local/lib/python3.6/site-packages/airflow/example_dags/example_dag_decorator.py
[2021-04-03 15:30:01,165] {logging_mixin.py:104} INFO - [2021-04-03 15:30:01,165] {dag.py:1818} INFO - Sync 1 DAGs
[2021-04-03 15:30:01,172] {logging_mixin.py:104} INFO - [2021-04-03 15:30:01,172] {dag.py:2273} INFO - Setting next_dagrun for example_dag_decorator to None
[2021-04-03 15:30:01,179] {scheduler_job.py:190} INFO - Processing /home/airflow/.local/lib/python3.6/site-packages/airflow/example_dags/example_dag_decorator.py took 0.036 seconds
[2021-04-03 15:30:31,769] {scheduler_job.py:182} INFO - Started process (PID=551) to work on /home/airflow/.local/lib/python3.6/site-packages/airflow/example_dags/example_dag_decorator.py
[2021-04-03 15:30:31,769] {scheduler_job.py:629} INFO - Processing file /home/airflow/.local/lib/python3.6/site-packages/airflow/example_dags/example_dag_decorator.py for tasks to queue
[2021-04-03 15:30:31,770] {logging_mixin.py:104} INFO - [2021-04-03 15:30:31,770] {dagbag.py:448} INFO - Filling up the DagBag from /home/airflow/.local/lib/python3.6/site-packages/airflow/example_dags/example_dag_decorator.py
[2021-04-03 15:30:31,778] {scheduler_job.py:639} INFO - DAG(s) dict_keys(['example_dag_decorator']) retrieved from /home/airflow/.local/lib/python3.6/site-packages/airflow/example_dags/example_dag_decorator.py
[2021-04-03 15:30:31,791] {logging_mixin.py:104} INFO - [2021-04-03 15:30:31,791] {dag.py:1818} INFO - Sync 1 DAGs
[2021-04-03 15:30:31,798] {logging_mixin.py:104} INFO - [2021-04-03 15:30:31,798] {dag.py:2273} INFO - Setting next_dagrun for example_dag_decorator to None
[2021-04-03 15:30:31,805] {scheduler_job.py:190} INFO - Processing /home/airflow/.local/lib/python3.6/site-packages/airflow/example_dags/example_dag_decorator.py took 0.039 seconds
[2021-04-03 15:31:02,383] {scheduler_job.py:182} INFO - Started process (PID=577) to work on /home/airflow/.local/lib/python3.6/site-packages/airflow/example_dags/example_dag_decorator.py
[2021-04-03 15:31:02,383] {scheduler_job.py:629} INFO - Processing file /home/airflow/.local/lib/python3.6/site-packages/airflow/example_dags/example_dag_decorator.py for tasks to queue
[2021-04-03 15:31:02,384] {logging_mixin.py:104} INFO - [2021-04-03 15:31:02,384] {dagbag.py:448} INFO - Filling up the DagBag from /home/airflow/.local/lib/python3.6/site-packages/airflow/example_dags/example_dag_decorator.py
[2021-04-03 15:31:02,390] {scheduler_job.py:639} INFO - DAG(s) dict_keys(['example_dag_decorator']) retrieved from /home/airflow/.local/lib/python3.6/site-packages/airflow/example_dags/example_dag_decorator.py
[2021-04-03 15:31:02,402] {logging_mixin.py:104} INFO - [2021-04-03 15:31:02,402] {dag.py:1818} INFO - Sync 1 DAGs
[2021-04-03 15:31:02,409] {logging_mixin.py:104} INFO - [2021-04-03 15:31:02,408] {dag.py:2273} INFO - Setting next_dagrun for example_dag_decorator to None
[2021-04-03 15:31:02,416] {scheduler_job.py:190} INFO - Processing /home/airflow/.local/lib/python3.6/site-packages/airflow/example_dags/example_dag_decorator.py took 0.034 seconds
[2021-04-03 15:31:32,978] {scheduler_job.py:182} INFO - Started process (PID=603) to work on /home/airflow/.local/lib/python3.6/site-packages/airflow/example_dags/example_dag_decorator.py
[2021-04-03 15:31:32,979] {scheduler_job.py:629} INFO - Processing file /home/airflow/.local/lib/python3.6/site-packages/airflow/example_dags/example_dag_decorator.py for tasks to queue
[2021-04-03 15:31:32,979] {logging_mixin.py:104} INFO - [2021-04-03 15:31:32,979] {dagbag.py:448} INFO - Filling up the DagBag from /home/airflow/.local/lib/python3.6/site-packages/airflow/example_dags/example_dag_decorator.py
[2021-04-03 15:31:32,987] {scheduler_job.py:639} INFO - DAG(s) dict_keys(['example_dag_decorator']) retrieved from /home/airflow/.local/lib/python3.6/site-packages/airflow/example_dags/example_dag_decorator.py
[2021-04-03 15:31:32,998] {logging_mixin.py:104} INFO - [2021-04-03 15:31:32,998] {dag.py:1818} INFO - Sync 1 DAGs
[2021-04-03 15:31:33,005] {logging_mixin.py:104} INFO - [2021-04-03 15:31:33,005] {dag.py:2273} INFO - Setting next_dagrun for example_dag_decorator to None
[2021-04-03 15:31:33,012] {scheduler_job.py:190} INFO - Processing /home/airflow/.local/lib/python3.6/site-packages/airflow/example_dags/example_dag_decorator.py took 0.035 seconds
[2021-04-03 15:32:03,579] {scheduler_job.py:182} INFO - Started process (PID=629) to work on /home/airflow/.local/lib/python3.6/site-packages/airflow/example_dags/example_dag_decorator.py
[2021-04-03 15:32:03,579] {scheduler_job.py:629} INFO - Processing file /home/airflow/.local/lib/python3.6/site-packages/airflow/example_dags/example_dag_decorator.py for tasks to queue
[2021-04-03 15:32:03,580] {logging_mixin.py:104} INFO - [2021-04-03 15:32:03,580] {dagbag.py:448} INFO - Filling up the DagBag from /home/airflow/.local/lib/python3.6/site-packages/airflow/example_dags/example_dag_decorator.py
[2021-04-03 15:32:03,588] {scheduler_job.py:639} INFO - DAG(s) dict_keys(['example_dag_decorator']) retrieved from /home/airflow/.local/lib/python3.6/site-packages/airflow/example_dags/example_dag_decorator.py
[2021-04-03 15:32:03,599] {logging_mixin.py:104} INFO - [2021-04-03 15:32:03,599] {dag.py:1818} INFO - Sync 1 DAGs
[2021-04-03 15:32:03,606] {logging_mixin.py:104} INFO - [2021-04-03 15:32:03,606] {dag.py:2273} INFO - Setting next_dagrun for example_dag_decorator to None
[2021-04-03 15:32:03,613] {scheduler_job.py:190} INFO - Processing /home/airflow/.local/lib/python3.6/site-packages/airflow/example_dags/example_dag_decorator.py took 0.035 seconds
[2021-04-03 15:32:34,203] {scheduler_job.py:182} INFO - Started process (PID=655) to work on /home/airflow/.local/lib/python3.6/site-packages/airflow/example_dags/example_dag_decorator.py
[2021-04-03 15:32:34,204] {scheduler_job.py:629} INFO - Processing file /home/airflow/.local/lib/python3.6/site-packages/airflow/example_dags/example_dag_decorator.py for tasks to queue
[2021-04-03 15:32:34,204] {logging_mixin.py:104} INFO - [2021-04-03 15:32:34,204] {dagbag.py:448} INFO - Filling up the DagBag from /home/airflow/.local/lib/python3.6/site-packages/airflow/example_dags/example_dag_decorator.py
[2021-04-03 15:32:34,212] {scheduler_job.py:639} INFO - DAG(s) dict_keys(['example_dag_decorator']) retrieved from /home/airflow/.local/lib/python3.6/site-packages/airflow/example_dags/example_dag_decorator.py
[2021-04-03 15:32:34,223] {logging_mixin.py:104} INFO - [2021-04-03 15:32:34,222] {dag.py:1818} INFO - Sync 1 DAGs
[2021-04-03 15:32:34,229] {logging_mixin.py:104} INFO - [2021-04-03 15:32:34,229] {dag.py:2273} INFO - Setting next_dagrun for example_dag_decorator to None
[2021-04-03 15:32:34,236] {scheduler_job.py:190} INFO - Processing /home/airflow/.local/lib/python3.6/site-packages/airflow/example_dags/example_dag_decorator.py took 0.034 seconds
[2021-04-03 15:33:04,856] {scheduler_job.py:182} INFO - Started process (PID=681) to work on /home/airflow/.local/lib/python3.6/site-packages/airflow/example_dags/example_dag_decorator.py
[2021-04-03 15:33:04,857] {scheduler_job.py:629} INFO - Processing file /home/airflow/.local/lib/python3.6/site-packages/airflow/example_dags/example_dag_decorator.py for tasks to queue
[2021-04-03 15:33:04,857] {logging_mixin.py:104} INFO - [2021-04-03 15:33:04,857] {dagbag.py:448} INFO - Filling up the DagBag from /home/airflow/.local/lib/python3.6/site-packages/airflow/example_dags/example_dag_decorator.py
[2021-04-03 15:33:04,865] {scheduler_job.py:639} INFO - DAG(s) dict_keys(['example_dag_decorator']) retrieved from /home/airflow/.local/lib/python3.6/site-packages/airflow/example_dags/example_dag_decorator.py
[2021-04-03 15:33:04,876] {logging_mixin.py:104} INFO - [2021-04-03 15:33:04,876] {dag.py:1818} INFO - Sync 1 DAGs
[2021-04-03 15:33:04,882] {logging_mixin.py:104} INFO - [2021-04-03 15:33:04,882] {dag.py:2273} INFO - Setting next_dagrun for example_dag_decorator to None
[2021-04-03 15:33:04,889] {scheduler_job.py:190} INFO - Processing /home/airflow/.local/lib/python3.6/site-packages/airflow/example_dags/example_dag_decorator.py took 0.034 seconds
[2021-04-03 15:33:35,438] {scheduler_job.py:182} INFO - Started process (PID=707) to work on /home/airflow/.local/lib/python3.6/site-packages/airflow/example_dags/example_dag_decorator.py
[2021-04-03 15:33:35,438] {scheduler_job.py:629} INFO - Processing file /home/airflow/.local/lib/python3.6/site-packages/airflow/example_dags/example_dag_decorator.py for tasks to queue
[2021-04-03 15:33:35,439] {logging_mixin.py:104} INFO - [2021-04-03 15:33:35,439] {dagbag.py:448} INFO - Filling up the DagBag from /home/airflow/.local/lib/python3.6/site-packages/airflow/example_dags/example_dag_decorator.py
[2021-04-03 15:33:35,446] {scheduler_job.py:639} INFO - DAG(s) dict_keys(['example_dag_decorator']) retrieved from /home/airflow/.local/lib/python3.6/site-packages/airflow/example_dags/example_dag_decorator.py
[2021-04-03 15:33:35,457] {logging_mixin.py:104} INFO - [2021-04-03 15:33:35,457] {dag.py:1818} INFO - Sync 1 DAGs
[2021-04-03 15:33:35,464] {logging_mixin.py:104} INFO - [2021-04-03 15:33:35,464] {dag.py:2273} INFO - Setting next_dagrun for example_dag_decorator to None
[2021-04-03 15:33:35,471] {scheduler_job.py:190} INFO - Processing /home/airflow/.local/lib/python3.6/site-packages/airflow/example_dags/example_dag_decorator.py took 0.035 seconds
[2021-04-03 15:34:06,013] {scheduler_job.py:182} INFO - Started process (PID=733) to work on /home/airflow/.local/lib/python3.6/site-packages/airflow/example_dags/example_dag_decorator.py
[2021-04-03 15:34:06,014] {scheduler_job.py:629} INFO - Processing file /home/airflow/.local/lib/python3.6/site-packages/airflow/example_dags/example_dag_decorator.py for tasks to queue
[2021-04-03 15:34:06,014] {logging_mixin.py:104} INFO - [2021-04-03 15:34:06,014] {dagbag.py:448} INFO - Filling up the DagBag from /home/airflow/.local/lib/python3.6/site-packages/airflow/example_dags/example_dag_decorator.py
[2021-04-03 15:34:06,022] {scheduler_job.py:639} INFO - DAG(s) dict_keys(['example_dag_decorator']) retrieved from /home/airflow/.local/lib/python3.6/site-packages/airflow/example_dags/example_dag_decorator.py
[2021-04-03 15:34:06,032] {logging_mixin.py:104} INFO - [2021-04-03 15:34:06,032] {dag.py:1818} INFO - Sync 1 DAGs
[2021-04-03 15:34:06,039] {logging_mixin.py:104} INFO - [2021-04-03 15:34:06,039] {dag.py:2273} INFO - Setting next_dagrun for example_dag_decorator to None
[2021-04-03 15:34:06,047] {scheduler_job.py:190} INFO - Processing /home/airflow/.local/lib/python3.6/site-packages/airflow/example_dags/example_dag_decorator.py took 0.035 seconds
[2021-04-03 15:34:36,609] {scheduler_job.py:182} INFO - Started process (PID=759) to work on /home/airflow/.local/lib/python3.6/site-packages/airflow/example_dags/example_dag_decorator.py
[2021-04-03 15:34:36,609] {scheduler_job.py:629} INFO - Processing file /home/airflow/.local/lib/python3.6/site-packages/airflow/example_dags/example_dag_decorator.py for tasks to queue
[2021-04-03 15:34:36,609] {logging_mixin.py:104} INFO - [2021-04-03 15:34:36,609] {dagbag.py:448} INFO - Filling up the DagBag from /home/airflow/.local/lib/python3.6/site-packages/airflow/example_dags/example_dag_decorator.py
[2021-04-03 15:34:36,617] {scheduler_job.py:639} INFO - DAG(s) dict_keys(['example_dag_decorator']) retrieved from /home/airflow/.local/lib/python3.6/site-packages/airflow/example_dags/example_dag_decorator.py
[2021-04-03 15:34:36,628] {logging_mixin.py:104} INFO - [2021-04-03 15:34:36,628] {dag.py:1818} INFO - Sync 1 DAGs
[2021-04-03 15:34:36,635] {logging_mixin.py:104} INFO - [2021-04-03 15:34:36,635] {dag.py:2273} INFO - Setting next_dagrun for example_dag_decorator to None
[2021-04-03 15:34:36,641] {scheduler_job.py:190} INFO - Processing /home/airflow/.local/lib/python3.6/site-packages/airflow/example_dags/example_dag_decorator.py took 0.034 seconds
[2021-04-03 15:35:07,212] {scheduler_job.py:182} INFO - Started process (PID=785) to work on /home/airflow/.local/lib/python3.6/site-packages/airflow/example_dags/example_dag_decorator.py
[2021-04-03 15:35:07,212] {scheduler_job.py:629} INFO - Processing file /home/airflow/.local/lib/python3.6/site-packages/airflow/example_dags/example_dag_decorator.py for tasks to queue
[2021-04-03 15:35:07,212] {logging_mixin.py:104} INFO - [2021-04-03 15:35:07,212] {dagbag.py:448} INFO - Filling up the DagBag from /home/airflow/.local/lib/python3.6/site-packages/airflow/example_dags/example_dag_decorator.py
[2021-04-03 15:35:07,220] {scheduler_job.py:639} INFO - DAG(s) dict_keys(['example_dag_decorator']) retrieved from /home/airflow/.local/lib/python3.6/site-packages/airflow/example_dags/example_dag_decorator.py
[2021-04-03 15:35:07,231] {logging_mixin.py:104} INFO - [2021-04-03 15:35:07,231] {dag.py:1818} INFO - Sync 1 DAGs
[2021-04-03 15:35:07,238] {logging_mixin.py:104} INFO - [2021-04-03 15:35:07,238] {dag.py:2273} INFO - Setting next_dagrun for example_dag_decorator to None
[2021-04-03 15:35:07,244] {scheduler_job.py:190} INFO - Processing /home/airflow/.local/lib/python3.6/site-packages/airflow/example_dags/example_dag_decorator.py took 0.033 seconds
[2021-04-03 15:35:37,793] {scheduler_job.py:182} INFO - Started process (PID=811) to work on /home/airflow/.local/lib/python3.6/site-packages/airflow/example_dags/example_dag_decorator.py
[2021-04-03 15:35:37,793] {scheduler_job.py:629} INFO - Processing file /home/airflow/.local/lib/python3.6/site-packages/airflow/example_dags/example_dag_decorator.py for tasks to queue
[2021-04-03 15:35:37,793] {logging_mixin.py:104} INFO - [2021-04-03 15:35:37,793] {dagbag.py:448} INFO - Filling up the DagBag from /home/airflow/.local/lib/python3.6/site-packages/airflow/example_dags/example_dag_decorator.py
[2021-04-03 15:35:37,801] {scheduler_job.py:639} INFO - DAG(s) dict_keys(['example_dag_decorator']) retrieved from /home/airflow/.local/lib/python3.6/site-packages/airflow/example_dags/example_dag_decorator.py
[2021-04-03 15:35:37,812] {logging_mixin.py:104} INFO - [2021-04-03 15:35:37,812] {dag.py:1818} INFO - Sync 1 DAGs
[2021-04-03 15:35:37,819] {logging_mixin.py:104} INFO - [2021-04-03 15:35:37,819] {dag.py:2273} INFO - Setting next_dagrun for example_dag_decorator to None
[2021-04-03 15:35:37,826] {scheduler_job.py:190} INFO - Processing /home/airflow/.local/lib/python3.6/site-packages/airflow/example_dags/example_dag_decorator.py took 0.035 seconds
[2021-04-03 15:36:08,382] {scheduler_job.py:182} INFO - Started process (PID=837) to work on /home/airflow/.local/lib/python3.6/site-packages/airflow/example_dags/example_dag_decorator.py
[2021-04-03 15:36:08,382] {scheduler_job.py:629} INFO - Processing file /home/airflow/.local/lib/python3.6/site-packages/airflow/example_dags/example_dag_decorator.py for tasks to queue
[2021-04-03 15:36:08,382] {logging_mixin.py:104} INFO - [2021-04-03 15:36:08,382] {dagbag.py:448} INFO - Filling up the DagBag from /home/airflow/.local/lib/python3.6/site-packages/airflow/example_dags/example_dag_decorator.py
[2021-04-03 15:36:08,390] {scheduler_job.py:639} INFO - DAG(s) dict_keys(['example_dag_decorator']) retrieved from /home/airflow/.local/lib/python3.6/site-packages/airflow/example_dags/example_dag_decorator.py
[2021-04-03 15:36:08,401] {logging_mixin.py:104} INFO - [2021-04-03 15:36:08,401] {dag.py:1818} INFO - Sync 1 DAGs
[2021-04-03 15:36:08,408] {logging_mixin.py:104} INFO - [2021-04-03 15:36:08,408] {dag.py:2273} INFO - Setting next_dagrun for example_dag_decorator to None
[2021-04-03 15:36:08,415] {scheduler_job.py:190} INFO - Processing /home/airflow/.local/lib/python3.6/site-packages/airflow/example_dags/example_dag_decorator.py took 0.035 seconds
[2021-04-03 15:36:39,007] {scheduler_job.py:182} INFO - Started process (PID=863) to work on /home/airflow/.local/lib/python3.6/site-packages/airflow/example_dags/example_dag_decorator.py
[2021-04-03 15:36:39,007] {scheduler_job.py:629} INFO - Processing file /home/airflow/.local/lib/python3.6/site-packages/airflow/example_dags/example_dag_decorator.py for tasks to queue
[2021-04-03 15:36:39,007] {logging_mixin.py:104} INFO - [2021-04-03 15:36:39,007] {dagbag.py:448} INFO - Filling up the DagBag from /home/airflow/.local/lib/python3.6/site-packages/airflow/example_dags/example_dag_decorator.py
[2021-04-03 15:36:39,015] {scheduler_job.py:639} INFO - DAG(s) dict_keys(['example_dag_decorator']) retrieved from /home/airflow/.local/lib/python3.6/site-packages/airflow/example_dags/example_dag_decorator.py
[2021-04-03 15:36:39,025] {logging_mixin.py:104} INFO - [2021-04-03 15:36:39,025] {dag.py:1818} INFO - Sync 1 DAGs
[2021-04-03 15:36:39,032] {logging_mixin.py:104} INFO - [2021-04-03 15:36:39,032] {dag.py:2273} INFO - Setting next_dagrun for example_dag_decorator to None
[2021-04-03 15:36:39,039] {scheduler_job.py:190} INFO - Processing /home/airflow/.local/lib/python3.6/site-packages/airflow/example_dags/example_dag_decorator.py took 0.034 seconds
[2021-04-03 15:37:09,585] {scheduler_job.py:182} INFO - Started process (PID=889) to work on /home/airflow/.local/lib/python3.6/site-packages/airflow/example_dags/example_dag_decorator.py
[2021-04-03 15:37:09,586] {scheduler_job.py:629} INFO - Processing file /home/airflow/.local/lib/python3.6/site-packages/airflow/example_dags/example_dag_decorator.py for tasks to queue
[2021-04-03 15:37:09,586] {logging_mixin.py:104} INFO - [2021-04-03 15:37:09,586] {dagbag.py:448} INFO - Filling up the DagBag from /home/airflow/.local/lib/python3.6/site-packages/airflow/example_dags/example_dag_decorator.py
[2021-04-03 15:37:09,593] {scheduler_job.py:639} INFO - DAG(s) dict_keys(['example_dag_decorator']) retrieved from /home/airflow/.local/lib/python3.6/site-packages/airflow/example_dags/example_dag_decorator.py
[2021-04-03 15:37:09,604] {logging_mixin.py:104} INFO - [2021-04-03 15:37:09,604] {dag.py:1818} INFO - Sync 1 DAGs
[2021-04-03 15:37:09,611] {logging_mixin.py:104} INFO - [2021-04-03 15:37:09,611] {dag.py:2273} INFO - Setting next_dagrun for example_dag_decorator to None
[2021-04-03 15:37:09,618] {scheduler_job.py:190} INFO - Processing /home/airflow/.local/lib/python3.6/site-packages/airflow/example_dags/example_dag_decorator.py took 0.034 seconds
[2021-04-03 15:37:40,172] {scheduler_job.py:182} INFO - Started process (PID=915) to work on /home/airflow/.local/lib/python3.6/site-packages/airflow/example_dags/example_dag_decorator.py
[2021-04-03 15:37:40,173] {scheduler_job.py:629} INFO - Processing file /home/airflow/.local/lib/python3.6/site-packages/airflow/example_dags/example_dag_decorator.py for tasks to queue
[2021-04-03 15:37:40,173] {logging_mixin.py:104} INFO - [2021-04-03 15:37:40,173] {dagbag.py:448} INFO - Filling up the DagBag from /home/airflow/.local/lib/python3.6/site-packages/airflow/example_dags/example_dag_decorator.py
[2021-04-03 15:37:40,180] {scheduler_job.py:639} INFO - DAG(s) dict_keys(['example_dag_decorator']) retrieved from /home/airflow/.local/lib/python3.6/site-packages/airflow/example_dags/example_dag_decorator.py
[2021-04-03 15:37:40,191] {logging_mixin.py:104} INFO - [2021-04-03 15:37:40,191] {dag.py:1818} INFO - Sync 1 DAGs
[2021-04-03 15:37:40,198] {logging_mixin.py:104} INFO - [2021-04-03 15:37:40,198] {dag.py:2273} INFO - Setting next_dagrun for example_dag_decorator to None
[2021-04-03 15:37:40,205] {scheduler_job.py:190} INFO - Processing /home/airflow/.local/lib/python3.6/site-packages/airflow/example_dags/example_dag_decorator.py took 0.034 seconds
[2021-04-03 15:38:10,735] {scheduler_job.py:182} INFO - Started process (PID=941) to work on /home/airflow/.local/lib/python3.6/site-packages/airflow/example_dags/example_dag_decorator.py
[2021-04-03 15:38:10,736] {scheduler_job.py:629} INFO - Processing file /home/airflow/.local/lib/python3.6/site-packages/airflow/example_dags/example_dag_decorator.py for tasks to queue
[2021-04-03 15:38:10,736] {logging_mixin.py:104} INFO - [2021-04-03 15:38:10,736] {dagbag.py:448} INFO - Filling up the DagBag from /home/airflow/.local/lib/python3.6/site-packages/airflow/example_dags/example_dag_decorator.py
[2021-04-03 15:38:10,743] {scheduler_job.py:639} INFO - DAG(s) dict_keys(['example_dag_decorator']) retrieved from /home/airflow/.local/lib/python3.6/site-packages/airflow/example_dags/example_dag_decorator.py
[2021-04-03 15:38:10,754] {logging_mixin.py:104} INFO - [2021-04-03 15:38:10,754] {dag.py:1818} INFO - Sync 1 DAGs
[2021-04-03 15:38:10,761] {logging_mixin.py:104} INFO - [2021-04-03 15:38:10,761] {dag.py:2273} INFO - Setting next_dagrun for example_dag_decorator to None
[2021-04-03 15:38:10,767] {scheduler_job.py:190} INFO - Processing /home/airflow/.local/lib/python3.6/site-packages/airflow/example_dags/example_dag_decorator.py took 0.033 seconds
[2021-04-03 15:38:41,353] {scheduler_job.py:182} INFO - Started process (PID=967) to work on /home/airflow/.local/lib/python3.6/site-packages/airflow/example_dags/example_dag_decorator.py
[2021-04-03 15:38:41,354] {scheduler_job.py:629} INFO - Processing file /home/airflow/.local/lib/python3.6/site-packages/airflow/example_dags/example_dag_decorator.py for tasks to queue
[2021-04-03 15:38:41,354] {logging_mixin.py:104} INFO - [2021-04-03 15:38:41,354] {dagbag.py:448} INFO - Filling up the DagBag from /home/airflow/.local/lib/python3.6/site-packages/airflow/example_dags/example_dag_decorator.py
[2021-04-03 15:38:41,361] {scheduler_job.py:639} INFO - DAG(s) dict_keys(['example_dag_decorator']) retrieved from /home/airflow/.local/lib/python3.6/site-packages/airflow/example_dags/example_dag_decorator.py
[2021-04-03 15:38:41,372] {logging_mixin.py:104} INFO - [2021-04-03 15:38:41,372] {dag.py:1818} INFO - Sync 1 DAGs
[2021-04-03 15:38:41,379] {logging_mixin.py:104} INFO - [2021-04-03 15:38:41,379] {dag.py:2273} INFO - Setting next_dagrun for example_dag_decorator to None
[2021-04-03 15:38:41,386] {scheduler_job.py:190} INFO - Processing /home/airflow/.local/lib/python3.6/site-packages/airflow/example_dags/example_dag_decorator.py took 0.034 seconds
[2021-04-03 15:39:11,957] {scheduler_job.py:182} INFO - Started process (PID=993) to work on /home/airflow/.local/lib/python3.6/site-packages/airflow/example_dags/example_dag_decorator.py
[2021-04-03 15:39:11,957] {scheduler_job.py:629} INFO - Processing file /home/airflow/.local/lib/python3.6/site-packages/airflow/example_dags/example_dag_decorator.py for tasks to queue
[2021-04-03 15:39:11,957] {logging_mixin.py:104} INFO - [2021-04-03 15:39:11,957] {dagbag.py:448} INFO - Filling up the DagBag from /home/airflow/.local/lib/python3.6/site-packages/airflow/example_dags/example_dag_decorator.py
[2021-04-03 15:39:11,965] {scheduler_job.py:639} INFO - DAG(s) dict_keys(['example_dag_decorator']) retrieved from /home/airflow/.local/lib/python3.6/site-packages/airflow/example_dags/example_dag_decorator.py
[2021-04-03 15:39:11,976] {logging_mixin.py:104} INFO - [2021-04-03 15:39:11,976] {dag.py:1818} INFO - Sync 1 DAGs
[2021-04-03 15:39:11,983] {logging_mixin.py:104} INFO - [2021-04-03 15:39:11,982] {dag.py:2273} INFO - Setting next_dagrun for example_dag_decorator to None
[2021-04-03 15:39:11,989] {scheduler_job.py:190} INFO - Processing /home/airflow/.local/lib/python3.6/site-packages/airflow/example_dags/example_dag_decorator.py took 0.033 seconds
[2021-04-03 15:39:42,595] {scheduler_job.py:182} INFO - Started process (PID=1019) to work on /home/airflow/.local/lib/python3.6/site-packages/airflow/example_dags/example_dag_decorator.py
[2021-04-03 15:39:42,595] {scheduler_job.py:629} INFO - Processing file /home/airflow/.local/lib/python3.6/site-packages/airflow/example_dags/example_dag_decorator.py for tasks to queue
[2021-04-03 15:39:42,595] {logging_mixin.py:104} INFO - [2021-04-03 15:39:42,595] {dagbag.py:448} INFO - Filling up the DagBag from /home/airflow/.local/lib/python3.6/site-packages/airflow/example_dags/example_dag_decorator.py
[2021-04-03 15:39:42,603] {scheduler_job.py:639} INFO - DAG(s) dict_keys(['example_dag_decorator']) retrieved from /home/airflow/.local/lib/python3.6/site-packages/airflow/example_dags/example_dag_decorator.py
[2021-04-03 15:39:42,613] {logging_mixin.py:104} INFO - [2021-04-03 15:39:42,613] {dag.py:1818} INFO - Sync 1 DAGs
[2021-04-03 15:39:42,620] {logging_mixin.py:104} INFO - [2021-04-03 15:39:42,620] {dag.py:2273} INFO - Setting next_dagrun for example_dag_decorator to None
[2021-04-03 15:39:42,627] {scheduler_job.py:190} INFO - Processing /home/airflow/.local/lib/python3.6/site-packages/airflow/example_dags/example_dag_decorator.py took 0.034 seconds
[2021-04-03 15:40:13,291] {scheduler_job.py:182} INFO - Started process (PID=1045) to work on /home/airflow/.local/lib/python3.6/site-packages/airflow/example_dags/example_dag_decorator.py
[2021-04-03 15:40:13,291] {scheduler_job.py:629} INFO - Processing file /home/airflow/.local/lib/python3.6/site-packages/airflow/example_dags/example_dag_decorator.py for tasks to queue
[2021-04-03 15:40:13,291] {logging_mixin.py:104} INFO - [2021-04-03 15:40:13,291] {dagbag.py:448} INFO - Filling up the DagBag from /home/airflow/.local/lib/python3.6/site-packages/airflow/example_dags/example_dag_decorator.py
[2021-04-03 15:40:13,299] {scheduler_job.py:639} INFO - DAG(s) dict_keys(['example_dag_decorator']) retrieved from /home/airflow/.local/lib/python3.6/site-packages/airflow/example_dags/example_dag_decorator.py
[2021-04-03 15:40:13,309] {logging_mixin.py:104} INFO - [2021-04-03 15:40:13,309] {dag.py:1818} INFO - Sync 1 DAGs
[2021-04-03 15:40:13,316] {logging_mixin.py:104} INFO - [2021-04-03 15:40:13,316] {dag.py:2273} INFO - Setting next_dagrun for example_dag_decorator to None
[2021-04-03 15:40:13,322] {scheduler_job.py:190} INFO - Processing /home/airflow/.local/lib/python3.6/site-packages/airflow/example_dags/example_dag_decorator.py took 0.033 seconds
[2021-04-03 15:40:43,883] {scheduler_job.py:182} INFO - Started process (PID=1071) to work on /home/airflow/.local/lib/python3.6/site-packages/airflow/example_dags/example_dag_decorator.py
[2021-04-03 15:40:43,884] {scheduler_job.py:629} INFO - Processing file /home/airflow/.local/lib/python3.6/site-packages/airflow/example_dags/example_dag_decorator.py for tasks to queue
[2021-04-03 15:40:43,884] {logging_mixin.py:104} INFO - [2021-04-03 15:40:43,884] {dagbag.py:448} INFO - Filling up the DagBag from /home/airflow/.local/lib/python3.6/site-packages/airflow/example_dags/example_dag_decorator.py
[2021-04-03 15:40:43,891] {scheduler_job.py:639} INFO - DAG(s) dict_keys(['example_dag_decorator']) retrieved from /home/airflow/.local/lib/python3.6/site-packages/airflow/example_dags/example_dag_decorator.py
[2021-04-03 15:40:43,902] {logging_mixin.py:104} INFO - [2021-04-03 15:40:43,902] {dag.py:1818} INFO - Sync 1 DAGs
[2021-04-03 15:40:43,909] {logging_mixin.py:104} INFO - [2021-04-03 15:40:43,909] {dag.py:2273} INFO - Setting next_dagrun for example_dag_decorator to None
[2021-04-03 15:40:43,916] {scheduler_job.py:190} INFO - Processing /home/airflow/.local/lib/python3.6/site-packages/airflow/example_dags/example_dag_decorator.py took 0.034 seconds
[2021-04-03 15:41:14,493] {scheduler_job.py:182} INFO - Started process (PID=1097) to work on /home/airflow/.local/lib/python3.6/site-packages/airflow/example_dags/example_dag_decorator.py
[2021-04-03 15:41:14,494] {scheduler_job.py:629} INFO - Processing file /home/airflow/.local/lib/python3.6/site-packages/airflow/example_dags/example_dag_decorator.py for tasks to queue
[2021-04-03 15:41:14,494] {logging_mixin.py:104} INFO - [2021-04-03 15:41:14,494] {dagbag.py:448} INFO - Filling up the DagBag from /home/airflow/.local/lib/python3.6/site-packages/airflow/example_dags/example_dag_decorator.py
[2021-04-03 15:41:14,501] {scheduler_job.py:639} INFO - DAG(s) dict_keys(['example_dag_decorator']) retrieved from /home/airflow/.local/lib/python3.6/site-packages/airflow/example_dags/example_dag_decorator.py
[2021-04-03 15:41:14,512] {logging_mixin.py:104} INFO - [2021-04-03 15:41:14,512] {dag.py:1818} INFO - Sync 1 DAGs
[2021-04-03 15:41:14,519] {logging_mixin.py:104} INFO - [2021-04-03 15:41:14,519] {dag.py:2273} INFO - Setting next_dagrun for example_dag_decorator to None
[2021-04-03 15:41:14,525] {scheduler_job.py:190} INFO - Processing /home/airflow/.local/lib/python3.6/site-packages/airflow/example_dags/example_dag_decorator.py took 0.033 seconds
[2021-04-03 15:41:45,159] {scheduler_job.py:182} INFO - Started process (PID=1123) to work on /home/airflow/.local/lib/python3.6/site-packages/airflow/example_dags/example_dag_decorator.py
[2021-04-03 15:41:45,159] {scheduler_job.py:629} INFO - Processing file /home/airflow/.local/lib/python3.6/site-packages/airflow/example_dags/example_dag_decorator.py for tasks to queue
[2021-04-03 15:41:45,160] {logging_mixin.py:104} INFO - [2021-04-03 15:41:45,160] {dagbag.py:448} INFO - Filling up the DagBag from /home/airflow/.local/lib/python3.6/site-packages/airflow/example_dags/example_dag_decorator.py
[2021-04-03 15:41:45,167] {scheduler_job.py:639} INFO - DAG(s) dict_keys(['example_dag_decorator']) retrieved from /home/airflow/.local/lib/python3.6/site-packages/airflow/example_dags/example_dag_decorator.py
[2021-04-03 15:41:45,179] {logging_mixin.py:104} INFO - [2021-04-03 15:41:45,179] {dag.py:1818} INFO - Sync 1 DAGs
[2021-04-03 15:41:45,188] {logging_mixin.py:104} INFO - [2021-04-03 15:41:45,188] {dag.py:2273} INFO - Setting next_dagrun for example_dag_decorator to None
[2021-04-03 15:41:45,194] {scheduler_job.py:190} INFO - Processing /home/airflow/.local/lib/python3.6/site-packages/airflow/example_dags/example_dag_decorator.py took 0.036 seconds
[2021-04-03 15:42:15,782] {scheduler_job.py:182} INFO - Started process (PID=1149) to work on /home/airflow/.local/lib/python3.6/site-packages/airflow/example_dags/example_dag_decorator.py
[2021-04-03 15:42:15,783] {scheduler_job.py:629} INFO - Processing file /home/airflow/.local/lib/python3.6/site-packages/airflow/example_dags/example_dag_decorator.py for tasks to queue
[2021-04-03 15:42:15,783] {logging_mixin.py:104} INFO - [2021-04-03 15:42:15,783] {dagbag.py:448} INFO - Filling up the DagBag from /home/airflow/.local/lib/python3.6/site-packages/airflow/example_dags/example_dag_decorator.py
[2021-04-03 15:42:15,790] {scheduler_job.py:639} INFO - DAG(s) dict_keys(['example_dag_decorator']) retrieved from /home/airflow/.local/lib/python3.6/site-packages/airflow/example_dags/example_dag_decorator.py
[2021-04-03 15:42:15,801] {logging_mixin.py:104} INFO - [2021-04-03 15:42:15,801] {dag.py:1818} INFO - Sync 1 DAGs
[2021-04-03 15:42:15,808] {logging_mixin.py:104} INFO - [2021-04-03 15:42:15,808] {dag.py:2273} INFO - Setting next_dagrun for example_dag_decorator to None
[2021-04-03 15:42:15,815] {scheduler_job.py:190} INFO - Processing /home/airflow/.local/lib/python3.6/site-packages/airflow/example_dags/example_dag_decorator.py took 0.034 seconds
[2021-04-03 15:42:46,436] {scheduler_job.py:182} INFO - Started process (PID=1175) to work on /home/airflow/.local/lib/python3.6/site-packages/airflow/example_dags/example_dag_decorator.py
[2021-04-03 15:42:46,436] {scheduler_job.py:629} INFO - Processing file /home/airflow/.local/lib/python3.6/site-packages/airflow/example_dags/example_dag_decorator.py for tasks to queue
[2021-04-03 15:42:46,436] {logging_mixin.py:104} INFO - [2021-04-03 15:42:46,436] {dagbag.py:448} INFO - Filling up the DagBag from /home/airflow/.local/lib/python3.6/site-packages/airflow/example_dags/example_dag_decorator.py
[2021-04-03 15:42:46,444] {scheduler_job.py:639} INFO - DAG(s) dict_keys(['example_dag_decorator']) retrieved from /home/airflow/.local/lib/python3.6/site-packages/airflow/example_dags/example_dag_decorator.py
[2021-04-03 15:42:46,454] {logging_mixin.py:104} INFO - [2021-04-03 15:42:46,454] {dag.py:1818} INFO - Sync 1 DAGs
[2021-04-03 15:42:46,461] {logging_mixin.py:104} INFO - [2021-04-03 15:42:46,461] {dag.py:2273} INFO - Setting next_dagrun for example_dag_decorator to None
[2021-04-03 15:42:46,468] {scheduler_job.py:190} INFO - Processing /home/airflow/.local/lib/python3.6/site-packages/airflow/example_dags/example_dag_decorator.py took 0.034 seconds
[2021-04-03 15:43:17,024] {scheduler_job.py:182} INFO - Started process (PID=1201) to work on /home/airflow/.local/lib/python3.6/site-packages/airflow/example_dags/example_dag_decorator.py
[2021-04-03 15:43:17,024] {scheduler_job.py:629} INFO - Processing file /home/airflow/.local/lib/python3.6/site-packages/airflow/example_dags/example_dag_decorator.py for tasks to queue
[2021-04-03 15:43:17,024] {logging_mixin.py:104} INFO - [2021-04-03 15:43:17,024] {dagbag.py:448} INFO - Filling up the DagBag from /home/airflow/.local/lib/python3.6/site-packages/airflow/example_dags/example_dag_decorator.py
[2021-04-03 15:43:17,031] {scheduler_job.py:639} INFO - DAG(s) dict_keys(['example_dag_decorator']) retrieved from /home/airflow/.local/lib/python3.6/site-packages/airflow/example_dags/example_dag_decorator.py
[2021-04-03 15:43:17,042] {logging_mixin.py:104} INFO - [2021-04-03 15:43:17,042] {dag.py:1818} INFO - Sync 1 DAGs
[2021-04-03 15:43:17,049] {logging_mixin.py:104} INFO - [2021-04-03 15:43:17,049] {dag.py:2273} INFO - Setting next_dagrun for example_dag_decorator to None
[2021-04-03 15:43:17,055] {scheduler_job.py:190} INFO - Processing /home/airflow/.local/lib/python3.6/site-packages/airflow/example_dags/example_dag_decorator.py took 0.033 seconds
[2021-04-03 15:43:47,613] {scheduler_job.py:182} INFO - Started process (PID=1227) to work on /home/airflow/.local/lib/python3.6/site-packages/airflow/example_dags/example_dag_decorator.py
[2021-04-03 15:43:47,613] {scheduler_job.py:629} INFO - Processing file /home/airflow/.local/lib/python3.6/site-packages/airflow/example_dags/example_dag_decorator.py for tasks to queue
[2021-04-03 15:43:47,614] {logging_mixin.py:104} INFO - [2021-04-03 15:43:47,613] {dagbag.py:448} INFO - Filling up the DagBag from /home/airflow/.local/lib/python3.6/site-packages/airflow/example_dags/example_dag_decorator.py
[2021-04-03 15:43:47,621] {scheduler_job.py:639} INFO - DAG(s) dict_keys(['example_dag_decorator']) retrieved from /home/airflow/.local/lib/python3.6/site-packages/airflow/example_dags/example_dag_decorator.py
[2021-04-03 15:43:47,632] {logging_mixin.py:104} INFO - [2021-04-03 15:43:47,632] {dag.py:1818} INFO - Sync 1 DAGs
[2021-04-03 15:43:47,638] {logging_mixin.py:104} INFO - [2021-04-03 15:43:47,638] {dag.py:2273} INFO - Setting next_dagrun for example_dag_decorator to None
[2021-04-03 15:43:47,645] {scheduler_job.py:190} INFO - Processing /home/airflow/.local/lib/python3.6/site-packages/airflow/example_dags/example_dag_decorator.py took 0.033 seconds
[2021-04-03 15:44:18,220] {scheduler_job.py:182} INFO - Started process (PID=1253) to work on /home/airflow/.local/lib/python3.6/site-packages/airflow/example_dags/example_dag_decorator.py
[2021-04-03 15:44:18,220] {scheduler_job.py:629} INFO - Processing file /home/airflow/.local/lib/python3.6/site-packages/airflow/example_dags/example_dag_decorator.py for tasks to queue
[2021-04-03 15:44:18,221] {logging_mixin.py:104} INFO - [2021-04-03 15:44:18,220] {dagbag.py:448} INFO - Filling up the DagBag from /home/airflow/.local/lib/python3.6/site-packages/airflow/example_dags/example_dag_decorator.py
[2021-04-03 15:44:18,228] {scheduler_job.py:639} INFO - DAG(s) dict_keys(['example_dag_decorator']) retrieved from /home/airflow/.local/lib/python3.6/site-packages/airflow/example_dags/example_dag_decorator.py
[2021-04-03 15:44:18,238] {logging_mixin.py:104} INFO - [2021-04-03 15:44:18,238] {dag.py:1818} INFO - Sync 1 DAGs
[2021-04-03 15:44:18,245] {logging_mixin.py:104} INFO - [2021-04-03 15:44:18,245] {dag.py:2273} INFO - Setting next_dagrun for example_dag_decorator to None
[2021-04-03 15:44:18,252] {scheduler_job.py:190} INFO - Processing /home/airflow/.local/lib/python3.6/site-packages/airflow/example_dags/example_dag_decorator.py took 0.034 seconds
[2021-04-03 15:44:48,810] {scheduler_job.py:182} INFO - Started process (PID=1279) to work on /home/airflow/.local/lib/python3.6/site-packages/airflow/example_dags/example_dag_decorator.py
[2021-04-03 15:44:48,811] {scheduler_job.py:629} INFO - Processing file /home/airflow/.local/lib/python3.6/site-packages/airflow/example_dags/example_dag_decorator.py for tasks to queue
[2021-04-03 15:44:48,811] {logging_mixin.py:104} INFO - [2021-04-03 15:44:48,811] {dagbag.py:448} INFO - Filling up the DagBag from /home/airflow/.local/lib/python3.6/site-packages/airflow/example_dags/example_dag_decorator.py
[2021-04-03 15:44:48,819] {scheduler_job.py:639} INFO - DAG(s) dict_keys(['example_dag_decorator']) retrieved from /home/airflow/.local/lib/python3.6/site-packages/airflow/example_dags/example_dag_decorator.py
[2021-04-03 15:44:48,831] {logging_mixin.py:104} INFO - [2021-04-03 15:44:48,831] {dag.py:1818} INFO - Sync 1 DAGs
[2021-04-03 15:44:48,838] {logging_mixin.py:104} INFO - [2021-04-03 15:44:48,837] {dag.py:2273} INFO - Setting next_dagrun for example_dag_decorator to None
[2021-04-03 15:44:48,845] {scheduler_job.py:190} INFO - Processing /home/airflow/.local/lib/python3.6/site-packages/airflow/example_dags/example_dag_decorator.py took 0.036 seconds
[2021-04-03 15:45:19,388] {scheduler_job.py:182} INFO - Started process (PID=1305) to work on /home/airflow/.local/lib/python3.6/site-packages/airflow/example_dags/example_dag_decorator.py
[2021-04-03 15:45:19,388] {scheduler_job.py:629} INFO - Processing file /home/airflow/.local/lib/python3.6/site-packages/airflow/example_dags/example_dag_decorator.py for tasks to queue
[2021-04-03 15:45:19,389] {logging_mixin.py:104} INFO - [2021-04-03 15:45:19,389] {dagbag.py:448} INFO - Filling up the DagBag from /home/airflow/.local/lib/python3.6/site-packages/airflow/example_dags/example_dag_decorator.py
[2021-04-03 15:45:19,396] {scheduler_job.py:639} INFO - DAG(s) dict_keys(['example_dag_decorator']) retrieved from /home/airflow/.local/lib/python3.6/site-packages/airflow/example_dags/example_dag_decorator.py
[2021-04-03 15:45:19,407] {logging_mixin.py:104} INFO - [2021-04-03 15:45:19,407] {dag.py:1818} INFO - Sync 1 DAGs
[2021-04-03 15:45:19,414] {logging_mixin.py:104} INFO - [2021-04-03 15:45:19,414] {dag.py:2273} INFO - Setting next_dagrun for example_dag_decorator to None
[2021-04-03 15:45:19,420] {scheduler_job.py:190} INFO - Processing /home/airflow/.local/lib/python3.6/site-packages/airflow/example_dags/example_dag_decorator.py took 0.033 seconds
[2021-04-03 15:45:49,964] {scheduler_job.py:182} INFO - Started process (PID=1331) to work on /home/airflow/.local/lib/python3.6/site-packages/airflow/example_dags/example_dag_decorator.py
[2021-04-03 15:45:49,964] {scheduler_job.py:629} INFO - Processing file /home/airflow/.local/lib/python3.6/site-packages/airflow/example_dags/example_dag_decorator.py for tasks to queue
[2021-04-03 15:45:49,965] {logging_mixin.py:104} INFO - [2021-04-03 15:45:49,965] {dagbag.py:448} INFO - Filling up the DagBag from /home/airflow/.local/lib/python3.6/site-packages/airflow/example_dags/example_dag_decorator.py
[2021-04-03 15:45:49,972] {scheduler_job.py:639} INFO - DAG(s) dict_keys(['example_dag_decorator']) retrieved from /home/airflow/.local/lib/python3.6/site-packages/airflow/example_dags/example_dag_decorator.py
[2021-04-03 15:45:49,983] {logging_mixin.py:104} INFO - [2021-04-03 15:45:49,983] {dag.py:1818} INFO - Sync 1 DAGs
[2021-04-03 15:45:49,990] {logging_mixin.py:104} INFO - [2021-04-03 15:45:49,990] {dag.py:2273} INFO - Setting next_dagrun for example_dag_decorator to None
[2021-04-03 15:45:49,997] {scheduler_job.py:190} INFO - Processing /home/airflow/.local/lib/python3.6/site-packages/airflow/example_dags/example_dag_decorator.py took 0.034 seconds
[2021-04-03 15:46:20,535] {scheduler_job.py:182} INFO - Started process (PID=1357) to work on /home/airflow/.local/lib/python3.6/site-packages/airflow/example_dags/example_dag_decorator.py
[2021-04-03 15:46:20,535] {scheduler_job.py:629} INFO - Processing file /home/airflow/.local/lib/python3.6/site-packages/airflow/example_dags/example_dag_decorator.py for tasks to queue
[2021-04-03 15:46:20,536] {logging_mixin.py:104} INFO - [2021-04-03 15:46:20,535] {dagbag.py:448} INFO - Filling up the DagBag from /home/airflow/.local/lib/python3.6/site-packages/airflow/example_dags/example_dag_decorator.py
[2021-04-03 15:46:20,542] {scheduler_job.py:639} INFO - DAG(s) dict_keys(['example_dag_decorator']) retrieved from /home/airflow/.local/lib/python3.6/site-packages/airflow/example_dags/example_dag_decorator.py
[2021-04-03 15:46:20,553] {logging_mixin.py:104} INFO - [2021-04-03 15:46:20,553] {dag.py:1818} INFO - Sync 1 DAGs
[2021-04-03 15:46:20,560] {logging_mixin.py:104} INFO - [2021-04-03 15:46:20,560] {dag.py:2273} INFO - Setting next_dagrun for example_dag_decorator to None
[2021-04-03 15:46:20,566] {scheduler_job.py:190} INFO - Processing /home/airflow/.local/lib/python3.6/site-packages/airflow/example_dags/example_dag_decorator.py took 0.033 seconds
[2021-04-03 15:46:51,124] {scheduler_job.py:182} INFO - Started process (PID=1383) to work on /home/airflow/.local/lib/python3.6/site-packages/airflow/example_dags/example_dag_decorator.py
[2021-04-03 15:46:51,125] {scheduler_job.py:629} INFO - Processing file /home/airflow/.local/lib/python3.6/site-packages/airflow/example_dags/example_dag_decorator.py for tasks to queue
[2021-04-03 15:46:51,125] {logging_mixin.py:104} INFO - [2021-04-03 15:46:51,125] {dagbag.py:448} INFO - Filling up the DagBag from /home/airflow/.local/lib/python3.6/site-packages/airflow/example_dags/example_dag_decorator.py
[2021-04-03 15:46:51,132] {scheduler_job.py:639} INFO - DAG(s) dict_keys(['example_dag_decorator']) retrieved from /home/airflow/.local/lib/python3.6/site-packages/airflow/example_dags/example_dag_decorator.py
[2021-04-03 15:46:51,143] {logging_mixin.py:104} INFO - [2021-04-03 15:46:51,143] {dag.py:1818} INFO - Sync 1 DAGs
[2021-04-03 15:46:51,150] {logging_mixin.py:104} INFO - [2021-04-03 15:46:51,150] {dag.py:2273} INFO - Setting next_dagrun for example_dag_decorator to None
[2021-04-03 15:46:51,156] {scheduler_job.py:190} INFO - Processing /home/airflow/.local/lib/python3.6/site-packages/airflow/example_dags/example_dag_decorator.py took 0.033 seconds
[2021-04-03 15:47:21,676] {scheduler_job.py:182} INFO - Started process (PID=1409) to work on /home/airflow/.local/lib/python3.6/site-packages/airflow/example_dags/example_dag_decorator.py
[2021-04-03 15:47:21,676] {scheduler_job.py:629} INFO - Processing file /home/airflow/.local/lib/python3.6/site-packages/airflow/example_dags/example_dag_decorator.py for tasks to queue
[2021-04-03 15:47:21,676] {logging_mixin.py:104} INFO - [2021-04-03 15:47:21,676] {dagbag.py:448} INFO - Filling up the DagBag from /home/airflow/.local/lib/python3.6/site-packages/airflow/example_dags/example_dag_decorator.py
[2021-04-03 15:47:21,683] {scheduler_job.py:639} INFO - DAG(s) dict_keys(['example_dag_decorator']) retrieved from /home/airflow/.local/lib/python3.6/site-packages/airflow/example_dags/example_dag_decorator.py
[2021-04-03 15:47:21,694] {logging_mixin.py:104} INFO - [2021-04-03 15:47:21,694] {dag.py:1818} INFO - Sync 1 DAGs
[2021-04-03 15:47:21,702] {logging_mixin.py:104} INFO - [2021-04-03 15:47:21,701] {dag.py:2273} INFO - Setting next_dagrun for example_dag_decorator to None
[2021-04-03 15:47:21,708] {scheduler_job.py:190} INFO - Processing /home/airflow/.local/lib/python3.6/site-packages/airflow/example_dags/example_dag_decorator.py took 0.034 seconds
[2021-04-03 15:47:52,280] {scheduler_job.py:182} INFO - Started process (PID=1435) to work on /home/airflow/.local/lib/python3.6/site-packages/airflow/example_dags/example_dag_decorator.py
[2021-04-03 15:47:52,281] {scheduler_job.py:629} INFO - Processing file /home/airflow/.local/lib/python3.6/site-packages/airflow/example_dags/example_dag_decorator.py for tasks to queue
[2021-04-03 15:47:52,281] {logging_mixin.py:104} INFO - [2021-04-03 15:47:52,281] {dagbag.py:448} INFO - Filling up the DagBag from /home/airflow/.local/lib/python3.6/site-packages/airflow/example_dags/example_dag_decorator.py
[2021-04-03 15:47:52,288] {scheduler_job.py:639} INFO - DAG(s) dict_keys(['example_dag_decorator']) retrieved from /home/airflow/.local/lib/python3.6/site-packages/airflow/example_dags/example_dag_decorator.py
[2021-04-03 15:47:52,299] {logging_mixin.py:104} INFO - [2021-04-03 15:47:52,299] {dag.py:1818} INFO - Sync 1 DAGs
[2021-04-03 15:47:52,306] {logging_mixin.py:104} INFO - [2021-04-03 15:47:52,306] {dag.py:2273} INFO - Setting next_dagrun for example_dag_decorator to None
[2021-04-03 15:47:52,312] {scheduler_job.py:190} INFO - Processing /home/airflow/.local/lib/python3.6/site-packages/airflow/example_dags/example_dag_decorator.py took 0.033 seconds
