[2021-04-03 12:21:06,558] {scheduler_job.py:182} INFO - Started process (PID=48) to work on /home/airflow/.local/lib/python3.6/site-packages/airflow/example_dags/example_bash_operator.py
[2021-04-03 12:21:06,559] {scheduler_job.py:629} INFO - Processing file /home/airflow/.local/lib/python3.6/site-packages/airflow/example_dags/example_bash_operator.py for tasks to queue
[2021-04-03 12:21:06,559] {logging_mixin.py:104} INFO - [2021-04-03 12:21:06,559] {dagbag.py:448} INFO - Filling up the DagBag from /home/airflow/.local/lib/python3.6/site-packages/airflow/example_dags/example_bash_operator.py
[2021-04-03 12:21:06,565] {scheduler_job.py:639} INFO - DAG(s) dict_keys(['example_bash_operator']) retrieved from /home/airflow/.local/lib/python3.6/site-packages/airflow/example_dags/example_bash_operator.py
[2021-04-03 12:21:06,577] {logging_mixin.py:104} INFO - [2021-04-03 12:21:06,577] {dag.py:1818} INFO - Sync 1 DAGs
[2021-04-03 12:21:06,588] {logging_mixin.py:104} INFO - [2021-04-03 12:21:06,588] {dag.py:2273} INFO - Setting next_dagrun for example_bash_operator to 2021-04-01 00:00:00+00:00
[2021-04-03 12:21:06,596] {scheduler_job.py:190} INFO - Processing /home/airflow/.local/lib/python3.6/site-packages/airflow/example_dags/example_bash_operator.py took 0.039 seconds
[2021-04-03 15:21:20,865] {scheduler_job.py:182} INFO - Started process (PID=74) to work on /home/airflow/.local/lib/python3.6/site-packages/airflow/example_dags/example_bash_operator.py
[2021-04-03 15:21:20,866] {scheduler_job.py:629} INFO - Processing file /home/airflow/.local/lib/python3.6/site-packages/airflow/example_dags/example_bash_operator.py for tasks to queue
[2021-04-03 15:21:20,866] {logging_mixin.py:104} INFO - [2021-04-03 15:21:20,866] {dagbag.py:448} INFO - Filling up the DagBag from /home/airflow/.local/lib/python3.6/site-packages/airflow/example_dags/example_bash_operator.py
[2021-04-03 15:21:20,872] {scheduler_job.py:639} INFO - DAG(s) dict_keys(['example_bash_operator']) retrieved from /home/airflow/.local/lib/python3.6/site-packages/airflow/example_dags/example_bash_operator.py
[2021-04-03 15:21:20,882] {logging_mixin.py:104} INFO - [2021-04-03 15:21:20,882] {dag.py:1818} INFO - Sync 1 DAGs
[2021-04-03 15:21:20,893] {logging_mixin.py:104} INFO - [2021-04-03 15:21:20,893] {dag.py:2273} INFO - Setting next_dagrun for example_bash_operator to 2021-04-01 00:00:00+00:00
[2021-04-03 15:21:20,899] {scheduler_job.py:190} INFO - Processing /home/airflow/.local/lib/python3.6/site-packages/airflow/example_dags/example_bash_operator.py took 0.034 seconds
[2021-04-03 15:21:51,538] {scheduler_job.py:182} INFO - Started process (PID=100) to work on /home/airflow/.local/lib/python3.6/site-packages/airflow/example_dags/example_bash_operator.py
[2021-04-03 15:21:51,538] {scheduler_job.py:629} INFO - Processing file /home/airflow/.local/lib/python3.6/site-packages/airflow/example_dags/example_bash_operator.py for tasks to queue
[2021-04-03 15:21:51,538] {logging_mixin.py:104} INFO - [2021-04-03 15:21:51,538] {dagbag.py:448} INFO - Filling up the DagBag from /home/airflow/.local/lib/python3.6/site-packages/airflow/example_dags/example_bash_operator.py
[2021-04-03 15:21:51,545] {scheduler_job.py:639} INFO - DAG(s) dict_keys(['example_bash_operator']) retrieved from /home/airflow/.local/lib/python3.6/site-packages/airflow/example_dags/example_bash_operator.py
[2021-04-03 15:21:51,555] {logging_mixin.py:104} INFO - [2021-04-03 15:21:51,555] {dag.py:1818} INFO - Sync 1 DAGs
[2021-04-03 15:21:51,567] {logging_mixin.py:104} INFO - [2021-04-03 15:21:51,567] {dag.py:2273} INFO - Setting next_dagrun for example_bash_operator to 2021-04-01 00:00:00+00:00
[2021-04-03 15:21:51,573] {scheduler_job.py:190} INFO - Processing /home/airflow/.local/lib/python3.6/site-packages/airflow/example_dags/example_bash_operator.py took 0.037 seconds
[2021-04-03 15:22:22,122] {scheduler_job.py:182} INFO - Started process (PID=126) to work on /home/airflow/.local/lib/python3.6/site-packages/airflow/example_dags/example_bash_operator.py
[2021-04-03 15:22:22,123] {scheduler_job.py:629} INFO - Processing file /home/airflow/.local/lib/python3.6/site-packages/airflow/example_dags/example_bash_operator.py for tasks to queue
[2021-04-03 15:22:22,123] {logging_mixin.py:104} INFO - [2021-04-03 15:22:22,123] {dagbag.py:448} INFO - Filling up the DagBag from /home/airflow/.local/lib/python3.6/site-packages/airflow/example_dags/example_bash_operator.py
[2021-04-03 15:22:22,129] {scheduler_job.py:639} INFO - DAG(s) dict_keys(['example_bash_operator']) retrieved from /home/airflow/.local/lib/python3.6/site-packages/airflow/example_dags/example_bash_operator.py
[2021-04-03 15:22:22,139] {logging_mixin.py:104} INFO - [2021-04-03 15:22:22,138] {dag.py:1818} INFO - Sync 1 DAGs
[2021-04-03 15:22:22,150] {logging_mixin.py:104} INFO - [2021-04-03 15:22:22,150] {dag.py:2273} INFO - Setting next_dagrun for example_bash_operator to 2021-04-01 00:00:00+00:00
[2021-04-03 15:22:22,156] {scheduler_job.py:190} INFO - Processing /home/airflow/.local/lib/python3.6/site-packages/airflow/example_dags/example_bash_operator.py took 0.035 seconds
[2021-04-03 15:22:52,684] {scheduler_job.py:182} INFO - Started process (PID=152) to work on /home/airflow/.local/lib/python3.6/site-packages/airflow/example_dags/example_bash_operator.py
[2021-04-03 15:22:52,684] {scheduler_job.py:629} INFO - Processing file /home/airflow/.local/lib/python3.6/site-packages/airflow/example_dags/example_bash_operator.py for tasks to queue
[2021-04-03 15:22:52,685] {logging_mixin.py:104} INFO - [2021-04-03 15:22:52,685] {dagbag.py:448} INFO - Filling up the DagBag from /home/airflow/.local/lib/python3.6/site-packages/airflow/example_dags/example_bash_operator.py
[2021-04-03 15:22:52,690] {scheduler_job.py:639} INFO - DAG(s) dict_keys(['example_bash_operator']) retrieved from /home/airflow/.local/lib/python3.6/site-packages/airflow/example_dags/example_bash_operator.py
[2021-04-03 15:22:52,700] {logging_mixin.py:104} INFO - [2021-04-03 15:22:52,700] {dag.py:1818} INFO - Sync 1 DAGs
[2021-04-03 15:22:52,710] {logging_mixin.py:104} INFO - [2021-04-03 15:22:52,710] {dag.py:2273} INFO - Setting next_dagrun for example_bash_operator to 2021-04-01 00:00:00+00:00
[2021-04-03 15:22:52,716] {scheduler_job.py:190} INFO - Processing /home/airflow/.local/lib/python3.6/site-packages/airflow/example_dags/example_bash_operator.py took 0.034 seconds
[2021-04-03 15:23:23,331] {scheduler_job.py:182} INFO - Started process (PID=178) to work on /home/airflow/.local/lib/python3.6/site-packages/airflow/example_dags/example_bash_operator.py
[2021-04-03 15:23:23,332] {scheduler_job.py:629} INFO - Processing file /home/airflow/.local/lib/python3.6/site-packages/airflow/example_dags/example_bash_operator.py for tasks to queue
[2021-04-03 15:23:23,332] {logging_mixin.py:104} INFO - [2021-04-03 15:23:23,332] {dagbag.py:448} INFO - Filling up the DagBag from /home/airflow/.local/lib/python3.6/site-packages/airflow/example_dags/example_bash_operator.py
[2021-04-03 15:23:23,338] {scheduler_job.py:639} INFO - DAG(s) dict_keys(['example_bash_operator']) retrieved from /home/airflow/.local/lib/python3.6/site-packages/airflow/example_dags/example_bash_operator.py
[2021-04-03 15:23:23,347] {logging_mixin.py:104} INFO - [2021-04-03 15:23:23,347] {dag.py:1818} INFO - Sync 1 DAGs
[2021-04-03 15:23:23,357] {logging_mixin.py:104} INFO - [2021-04-03 15:23:23,357] {dag.py:2273} INFO - Setting next_dagrun for example_bash_operator to 2021-04-01 00:00:00+00:00
[2021-04-03 15:23:23,363] {scheduler_job.py:190} INFO - Processing /home/airflow/.local/lib/python3.6/site-packages/airflow/example_dags/example_bash_operator.py took 0.033 seconds
[2021-04-03 15:23:53,873] {scheduler_job.py:182} INFO - Started process (PID=204) to work on /home/airflow/.local/lib/python3.6/site-packages/airflow/example_dags/example_bash_operator.py
[2021-04-03 15:23:53,873] {scheduler_job.py:629} INFO - Processing file /home/airflow/.local/lib/python3.6/site-packages/airflow/example_dags/example_bash_operator.py for tasks to queue
[2021-04-03 15:23:53,874] {logging_mixin.py:104} INFO - [2021-04-03 15:23:53,874] {dagbag.py:448} INFO - Filling up the DagBag from /home/airflow/.local/lib/python3.6/site-packages/airflow/example_dags/example_bash_operator.py
[2021-04-03 15:23:53,880] {scheduler_job.py:639} INFO - DAG(s) dict_keys(['example_bash_operator']) retrieved from /home/airflow/.local/lib/python3.6/site-packages/airflow/example_dags/example_bash_operator.py
[2021-04-03 15:23:53,890] {logging_mixin.py:104} INFO - [2021-04-03 15:23:53,890] {dag.py:1818} INFO - Sync 1 DAGs
[2021-04-03 15:23:53,900] {logging_mixin.py:104} INFO - [2021-04-03 15:23:53,900] {dag.py:2273} INFO - Setting next_dagrun for example_bash_operator to 2021-04-01 00:00:00+00:00
[2021-04-03 15:23:53,906] {scheduler_job.py:190} INFO - Processing /home/airflow/.local/lib/python3.6/site-packages/airflow/example_dags/example_bash_operator.py took 0.035 seconds
[2021-04-03 15:24:24,486] {scheduler_job.py:182} INFO - Started process (PID=230) to work on /home/airflow/.local/lib/python3.6/site-packages/airflow/example_dags/example_bash_operator.py
[2021-04-03 15:24:24,486] {scheduler_job.py:629} INFO - Processing file /home/airflow/.local/lib/python3.6/site-packages/airflow/example_dags/example_bash_operator.py for tasks to queue
[2021-04-03 15:24:24,486] {logging_mixin.py:104} INFO - [2021-04-03 15:24:24,486] {dagbag.py:448} INFO - Filling up the DagBag from /home/airflow/.local/lib/python3.6/site-packages/airflow/example_dags/example_bash_operator.py
[2021-04-03 15:24:24,492] {scheduler_job.py:639} INFO - DAG(s) dict_keys(['example_bash_operator']) retrieved from /home/airflow/.local/lib/python3.6/site-packages/airflow/example_dags/example_bash_operator.py
[2021-04-03 15:24:24,502] {logging_mixin.py:104} INFO - [2021-04-03 15:24:24,502] {dag.py:1818} INFO - Sync 1 DAGs
[2021-04-03 15:24:24,513] {logging_mixin.py:104} INFO - [2021-04-03 15:24:24,513] {dag.py:2273} INFO - Setting next_dagrun for example_bash_operator to 2021-04-01 00:00:00+00:00
[2021-04-03 15:24:24,519] {scheduler_job.py:190} INFO - Processing /home/airflow/.local/lib/python3.6/site-packages/airflow/example_dags/example_bash_operator.py took 0.035 seconds
[2021-04-03 15:24:55,034] {scheduler_job.py:182} INFO - Started process (PID=256) to work on /home/airflow/.local/lib/python3.6/site-packages/airflow/example_dags/example_bash_operator.py
[2021-04-03 15:24:55,035] {scheduler_job.py:629} INFO - Processing file /home/airflow/.local/lib/python3.6/site-packages/airflow/example_dags/example_bash_operator.py for tasks to queue
[2021-04-03 15:24:55,035] {logging_mixin.py:104} INFO - [2021-04-03 15:24:55,035] {dagbag.py:448} INFO - Filling up the DagBag from /home/airflow/.local/lib/python3.6/site-packages/airflow/example_dags/example_bash_operator.py
[2021-04-03 15:24:55,041] {scheduler_job.py:639} INFO - DAG(s) dict_keys(['example_bash_operator']) retrieved from /home/airflow/.local/lib/python3.6/site-packages/airflow/example_dags/example_bash_operator.py
[2021-04-03 15:24:55,051] {logging_mixin.py:104} INFO - [2021-04-03 15:24:55,051] {dag.py:1818} INFO - Sync 1 DAGs
[2021-04-03 15:24:55,062] {logging_mixin.py:104} INFO - [2021-04-03 15:24:55,061] {dag.py:2273} INFO - Setting next_dagrun for example_bash_operator to 2021-04-01 00:00:00+00:00
[2021-04-03 15:24:55,067] {scheduler_job.py:190} INFO - Processing /home/airflow/.local/lib/python3.6/site-packages/airflow/example_dags/example_bash_operator.py took 0.034 seconds
[2021-04-03 15:25:25,614] {scheduler_job.py:182} INFO - Started process (PID=282) to work on /home/airflow/.local/lib/python3.6/site-packages/airflow/example_dags/example_bash_operator.py
[2021-04-03 15:25:25,614] {scheduler_job.py:629} INFO - Processing file /home/airflow/.local/lib/python3.6/site-packages/airflow/example_dags/example_bash_operator.py for tasks to queue
[2021-04-03 15:25:25,614] {logging_mixin.py:104} INFO - [2021-04-03 15:25:25,614] {dagbag.py:448} INFO - Filling up the DagBag from /home/airflow/.local/lib/python3.6/site-packages/airflow/example_dags/example_bash_operator.py
[2021-04-03 15:25:25,620] {scheduler_job.py:639} INFO - DAG(s) dict_keys(['example_bash_operator']) retrieved from /home/airflow/.local/lib/python3.6/site-packages/airflow/example_dags/example_bash_operator.py
[2021-04-03 15:25:25,630] {logging_mixin.py:104} INFO - [2021-04-03 15:25:25,630] {dag.py:1818} INFO - Sync 1 DAGs
[2021-04-03 15:25:25,640] {logging_mixin.py:104} INFO - [2021-04-03 15:25:25,640] {dag.py:2273} INFO - Setting next_dagrun for example_bash_operator to 2021-04-01 00:00:00+00:00
[2021-04-03 15:25:25,645] {scheduler_job.py:190} INFO - Processing /home/airflow/.local/lib/python3.6/site-packages/airflow/example_dags/example_bash_operator.py took 0.033 seconds
[2021-04-03 15:25:56,208] {scheduler_job.py:182} INFO - Started process (PID=308) to work on /home/airflow/.local/lib/python3.6/site-packages/airflow/example_dags/example_bash_operator.py
[2021-04-03 15:25:56,209] {scheduler_job.py:629} INFO - Processing file /home/airflow/.local/lib/python3.6/site-packages/airflow/example_dags/example_bash_operator.py for tasks to queue
[2021-04-03 15:25:56,209] {logging_mixin.py:104} INFO - [2021-04-03 15:25:56,209] {dagbag.py:448} INFO - Filling up the DagBag from /home/airflow/.local/lib/python3.6/site-packages/airflow/example_dags/example_bash_operator.py
[2021-04-03 15:25:56,215] {scheduler_job.py:639} INFO - DAG(s) dict_keys(['example_bash_operator']) retrieved from /home/airflow/.local/lib/python3.6/site-packages/airflow/example_dags/example_bash_operator.py
[2021-04-03 15:25:56,225] {logging_mixin.py:104} INFO - [2021-04-03 15:25:56,225] {dag.py:1818} INFO - Sync 1 DAGs
[2021-04-03 15:25:56,235] {logging_mixin.py:104} INFO - [2021-04-03 15:25:56,235] {dag.py:2273} INFO - Setting next_dagrun for example_bash_operator to 2021-04-01 00:00:00+00:00
[2021-04-03 15:25:56,241] {scheduler_job.py:190} INFO - Processing /home/airflow/.local/lib/python3.6/site-packages/airflow/example_dags/example_bash_operator.py took 0.034 seconds
[2021-04-03 15:26:26,789] {scheduler_job.py:182} INFO - Started process (PID=334) to work on /home/airflow/.local/lib/python3.6/site-packages/airflow/example_dags/example_bash_operator.py
[2021-04-03 15:26:26,790] {scheduler_job.py:629} INFO - Processing file /home/airflow/.local/lib/python3.6/site-packages/airflow/example_dags/example_bash_operator.py for tasks to queue
[2021-04-03 15:26:26,790] {logging_mixin.py:104} INFO - [2021-04-03 15:26:26,790] {dagbag.py:448} INFO - Filling up the DagBag from /home/airflow/.local/lib/python3.6/site-packages/airflow/example_dags/example_bash_operator.py
[2021-04-03 15:26:26,796] {scheduler_job.py:639} INFO - DAG(s) dict_keys(['example_bash_operator']) retrieved from /home/airflow/.local/lib/python3.6/site-packages/airflow/example_dags/example_bash_operator.py
[2021-04-03 15:26:26,806] {logging_mixin.py:104} INFO - [2021-04-03 15:26:26,806] {dag.py:1818} INFO - Sync 1 DAGs
[2021-04-03 15:26:26,817] {logging_mixin.py:104} INFO - [2021-04-03 15:26:26,817] {dag.py:2273} INFO - Setting next_dagrun for example_bash_operator to 2021-04-01 00:00:00+00:00
[2021-04-03 15:26:26,824] {scheduler_job.py:190} INFO - Processing /home/airflow/.local/lib/python3.6/site-packages/airflow/example_dags/example_bash_operator.py took 0.035 seconds
[2021-04-03 15:26:57,363] {scheduler_job.py:182} INFO - Started process (PID=360) to work on /home/airflow/.local/lib/python3.6/site-packages/airflow/example_dags/example_bash_operator.py
[2021-04-03 15:26:57,364] {scheduler_job.py:629} INFO - Processing file /home/airflow/.local/lib/python3.6/site-packages/airflow/example_dags/example_bash_operator.py for tasks to queue
[2021-04-03 15:26:57,364] {logging_mixin.py:104} INFO - [2021-04-03 15:26:57,364] {dagbag.py:448} INFO - Filling up the DagBag from /home/airflow/.local/lib/python3.6/site-packages/airflow/example_dags/example_bash_operator.py
[2021-04-03 15:26:57,370] {scheduler_job.py:639} INFO - DAG(s) dict_keys(['example_bash_operator']) retrieved from /home/airflow/.local/lib/python3.6/site-packages/airflow/example_dags/example_bash_operator.py
[2021-04-03 15:26:57,380] {logging_mixin.py:104} INFO - [2021-04-03 15:26:57,380] {dag.py:1818} INFO - Sync 1 DAGs
[2021-04-03 15:26:57,390] {logging_mixin.py:104} INFO - [2021-04-03 15:26:57,390] {dag.py:2273} INFO - Setting next_dagrun for example_bash_operator to 2021-04-01 00:00:00+00:00
[2021-04-03 15:26:57,398] {scheduler_job.py:190} INFO - Processing /home/airflow/.local/lib/python3.6/site-packages/airflow/example_dags/example_bash_operator.py took 0.036 seconds
[2021-04-03 15:27:27,999] {scheduler_job.py:182} INFO - Started process (PID=386) to work on /home/airflow/.local/lib/python3.6/site-packages/airflow/example_dags/example_bash_operator.py
[2021-04-03 15:27:28,000] {scheduler_job.py:629} INFO - Processing file /home/airflow/.local/lib/python3.6/site-packages/airflow/example_dags/example_bash_operator.py for tasks to queue
[2021-04-03 15:27:28,000] {logging_mixin.py:104} INFO - [2021-04-03 15:27:28,000] {dagbag.py:448} INFO - Filling up the DagBag from /home/airflow/.local/lib/python3.6/site-packages/airflow/example_dags/example_bash_operator.py
[2021-04-03 15:27:28,006] {scheduler_job.py:639} INFO - DAG(s) dict_keys(['example_bash_operator']) retrieved from /home/airflow/.local/lib/python3.6/site-packages/airflow/example_dags/example_bash_operator.py
[2021-04-03 15:27:28,016] {logging_mixin.py:104} INFO - [2021-04-03 15:27:28,016] {dag.py:1818} INFO - Sync 1 DAGs
[2021-04-03 15:27:28,026] {logging_mixin.py:104} INFO - [2021-04-03 15:27:28,026] {dag.py:2273} INFO - Setting next_dagrun for example_bash_operator to 2021-04-01 00:00:00+00:00
[2021-04-03 15:27:28,034] {scheduler_job.py:190} INFO - Processing /home/airflow/.local/lib/python3.6/site-packages/airflow/example_dags/example_bash_operator.py took 0.036 seconds
[2021-04-03 15:27:58,570] {scheduler_job.py:182} INFO - Started process (PID=412) to work on /home/airflow/.local/lib/python3.6/site-packages/airflow/example_dags/example_bash_operator.py
[2021-04-03 15:27:58,571] {scheduler_job.py:629} INFO - Processing file /home/airflow/.local/lib/python3.6/site-packages/airflow/example_dags/example_bash_operator.py for tasks to queue
[2021-04-03 15:27:58,571] {logging_mixin.py:104} INFO - [2021-04-03 15:27:58,571] {dagbag.py:448} INFO - Filling up the DagBag from /home/airflow/.local/lib/python3.6/site-packages/airflow/example_dags/example_bash_operator.py
[2021-04-03 15:27:58,577] {scheduler_job.py:639} INFO - DAG(s) dict_keys(['example_bash_operator']) retrieved from /home/airflow/.local/lib/python3.6/site-packages/airflow/example_dags/example_bash_operator.py
[2021-04-03 15:27:58,587] {logging_mixin.py:104} INFO - [2021-04-03 15:27:58,587] {dag.py:1818} INFO - Sync 1 DAGs
[2021-04-03 15:27:58,598] {logging_mixin.py:104} INFO - [2021-04-03 15:27:58,598] {dag.py:2273} INFO - Setting next_dagrun for example_bash_operator to 2021-04-01 00:00:00+00:00
[2021-04-03 15:27:58,604] {scheduler_job.py:190} INFO - Processing /home/airflow/.local/lib/python3.6/site-packages/airflow/example_dags/example_bash_operator.py took 0.035 seconds
[2021-04-03 15:28:29,158] {scheduler_job.py:182} INFO - Started process (PID=438) to work on /home/airflow/.local/lib/python3.6/site-packages/airflow/example_dags/example_bash_operator.py
[2021-04-03 15:28:29,159] {scheduler_job.py:629} INFO - Processing file /home/airflow/.local/lib/python3.6/site-packages/airflow/example_dags/example_bash_operator.py for tasks to queue
[2021-04-03 15:28:29,159] {logging_mixin.py:104} INFO - [2021-04-03 15:28:29,159] {dagbag.py:448} INFO - Filling up the DagBag from /home/airflow/.local/lib/python3.6/site-packages/airflow/example_dags/example_bash_operator.py
[2021-04-03 15:28:29,165] {scheduler_job.py:639} INFO - DAG(s) dict_keys(['example_bash_operator']) retrieved from /home/airflow/.local/lib/python3.6/site-packages/airflow/example_dags/example_bash_operator.py
[2021-04-03 15:28:29,174] {logging_mixin.py:104} INFO - [2021-04-03 15:28:29,174] {dag.py:1818} INFO - Sync 1 DAGs
[2021-04-03 15:28:29,186] {logging_mixin.py:104} INFO - [2021-04-03 15:28:29,186] {dag.py:2273} INFO - Setting next_dagrun for example_bash_operator to 2021-04-01 00:00:00+00:00
[2021-04-03 15:28:29,191] {scheduler_job.py:190} INFO - Processing /home/airflow/.local/lib/python3.6/site-packages/airflow/example_dags/example_bash_operator.py took 0.034 seconds
[2021-04-03 15:28:59,734] {scheduler_job.py:182} INFO - Started process (PID=464) to work on /home/airflow/.local/lib/python3.6/site-packages/airflow/example_dags/example_bash_operator.py
[2021-04-03 15:28:59,735] {scheduler_job.py:629} INFO - Processing file /home/airflow/.local/lib/python3.6/site-packages/airflow/example_dags/example_bash_operator.py for tasks to queue
[2021-04-03 15:28:59,735] {logging_mixin.py:104} INFO - [2021-04-03 15:28:59,735] {dagbag.py:448} INFO - Filling up the DagBag from /home/airflow/.local/lib/python3.6/site-packages/airflow/example_dags/example_bash_operator.py
[2021-04-03 15:28:59,741] {scheduler_job.py:639} INFO - DAG(s) dict_keys(['example_bash_operator']) retrieved from /home/airflow/.local/lib/python3.6/site-packages/airflow/example_dags/example_bash_operator.py
[2021-04-03 15:28:59,751] {logging_mixin.py:104} INFO - [2021-04-03 15:28:59,751] {dag.py:1818} INFO - Sync 1 DAGs
[2021-04-03 15:28:59,762] {logging_mixin.py:104} INFO - [2021-04-03 15:28:59,762] {dag.py:2273} INFO - Setting next_dagrun for example_bash_operator to 2021-04-01 00:00:00+00:00
[2021-04-03 15:28:59,768] {scheduler_job.py:190} INFO - Processing /home/airflow/.local/lib/python3.6/site-packages/airflow/example_dags/example_bash_operator.py took 0.035 seconds
[2021-04-03 15:29:30,304] {scheduler_job.py:182} INFO - Started process (PID=490) to work on /home/airflow/.local/lib/python3.6/site-packages/airflow/example_dags/example_bash_operator.py
[2021-04-03 15:29:30,304] {scheduler_job.py:629} INFO - Processing file /home/airflow/.local/lib/python3.6/site-packages/airflow/example_dags/example_bash_operator.py for tasks to queue
[2021-04-03 15:29:30,304] {logging_mixin.py:104} INFO - [2021-04-03 15:29:30,304] {dagbag.py:448} INFO - Filling up the DagBag from /home/airflow/.local/lib/python3.6/site-packages/airflow/example_dags/example_bash_operator.py
[2021-04-03 15:29:30,310] {scheduler_job.py:639} INFO - DAG(s) dict_keys(['example_bash_operator']) retrieved from /home/airflow/.local/lib/python3.6/site-packages/airflow/example_dags/example_bash_operator.py
[2021-04-03 15:29:30,320] {logging_mixin.py:104} INFO - [2021-04-03 15:29:30,320] {dag.py:1818} INFO - Sync 1 DAGs
[2021-04-03 15:29:30,332] {logging_mixin.py:104} INFO - [2021-04-03 15:29:30,332] {dag.py:2273} INFO - Setting next_dagrun for example_bash_operator to 2021-04-01 00:00:00+00:00
[2021-04-03 15:29:30,338] {scheduler_job.py:190} INFO - Processing /home/airflow/.local/lib/python3.6/site-packages/airflow/example_dags/example_bash_operator.py took 0.036 seconds
[2021-04-03 15:30:00,943] {scheduler_job.py:182} INFO - Started process (PID=516) to work on /home/airflow/.local/lib/python3.6/site-packages/airflow/example_dags/example_bash_operator.py
[2021-04-03 15:30:00,943] {scheduler_job.py:629} INFO - Processing file /home/airflow/.local/lib/python3.6/site-packages/airflow/example_dags/example_bash_operator.py for tasks to queue
[2021-04-03 15:30:00,944] {logging_mixin.py:104} INFO - [2021-04-03 15:30:00,944] {dagbag.py:448} INFO - Filling up the DagBag from /home/airflow/.local/lib/python3.6/site-packages/airflow/example_dags/example_bash_operator.py
[2021-04-03 15:30:00,950] {scheduler_job.py:639} INFO - DAG(s) dict_keys(['example_bash_operator']) retrieved from /home/airflow/.local/lib/python3.6/site-packages/airflow/example_dags/example_bash_operator.py
[2021-04-03 15:30:00,960] {logging_mixin.py:104} INFO - [2021-04-03 15:30:00,960] {dag.py:1818} INFO - Sync 1 DAGs
[2021-04-03 15:30:00,971] {logging_mixin.py:104} INFO - [2021-04-03 15:30:00,971] {dag.py:2273} INFO - Setting next_dagrun for example_bash_operator to 2021-04-01 00:00:00+00:00
[2021-04-03 15:30:00,978] {scheduler_job.py:190} INFO - Processing /home/airflow/.local/lib/python3.6/site-packages/airflow/example_dags/example_bash_operator.py took 0.036 seconds
[2021-04-03 15:30:31,578] {scheduler_job.py:182} INFO - Started process (PID=542) to work on /home/airflow/.local/lib/python3.6/site-packages/airflow/example_dags/example_bash_operator.py
[2021-04-03 15:30:31,578] {scheduler_job.py:629} INFO - Processing file /home/airflow/.local/lib/python3.6/site-packages/airflow/example_dags/example_bash_operator.py for tasks to queue
[2021-04-03 15:30:31,579] {logging_mixin.py:104} INFO - [2021-04-03 15:30:31,579] {dagbag.py:448} INFO - Filling up the DagBag from /home/airflow/.local/lib/python3.6/site-packages/airflow/example_dags/example_bash_operator.py
[2021-04-03 15:30:31,585] {scheduler_job.py:639} INFO - DAG(s) dict_keys(['example_bash_operator']) retrieved from /home/airflow/.local/lib/python3.6/site-packages/airflow/example_dags/example_bash_operator.py
[2021-04-03 15:30:31,595] {logging_mixin.py:104} INFO - [2021-04-03 15:30:31,594] {dag.py:1818} INFO - Sync 1 DAGs
[2021-04-03 15:30:31,606] {logging_mixin.py:104} INFO - [2021-04-03 15:30:31,606] {dag.py:2273} INFO - Setting next_dagrun for example_bash_operator to 2021-04-01 00:00:00+00:00
[2021-04-03 15:30:31,613] {scheduler_job.py:190} INFO - Processing /home/airflow/.local/lib/python3.6/site-packages/airflow/example_dags/example_bash_operator.py took 0.037 seconds
[2021-04-03 15:31:02,187] {scheduler_job.py:182} INFO - Started process (PID=568) to work on /home/airflow/.local/lib/python3.6/site-packages/airflow/example_dags/example_bash_operator.py
[2021-04-03 15:31:02,188] {scheduler_job.py:629} INFO - Processing file /home/airflow/.local/lib/python3.6/site-packages/airflow/example_dags/example_bash_operator.py for tasks to queue
[2021-04-03 15:31:02,188] {logging_mixin.py:104} INFO - [2021-04-03 15:31:02,188] {dagbag.py:448} INFO - Filling up the DagBag from /home/airflow/.local/lib/python3.6/site-packages/airflow/example_dags/example_bash_operator.py
[2021-04-03 15:31:02,194] {scheduler_job.py:639} INFO - DAG(s) dict_keys(['example_bash_operator']) retrieved from /home/airflow/.local/lib/python3.6/site-packages/airflow/example_dags/example_bash_operator.py
[2021-04-03 15:31:02,203] {logging_mixin.py:104} INFO - [2021-04-03 15:31:02,203] {dag.py:1818} INFO - Sync 1 DAGs
[2021-04-03 15:31:02,214] {logging_mixin.py:104} INFO - [2021-04-03 15:31:02,214] {dag.py:2273} INFO - Setting next_dagrun for example_bash_operator to 2021-04-01 00:00:00+00:00
[2021-04-03 15:31:02,221] {scheduler_job.py:190} INFO - Processing /home/airflow/.local/lib/python3.6/site-packages/airflow/example_dags/example_bash_operator.py took 0.035 seconds
[2021-04-03 15:31:32,799] {scheduler_job.py:182} INFO - Started process (PID=594) to work on /home/airflow/.local/lib/python3.6/site-packages/airflow/example_dags/example_bash_operator.py
[2021-04-03 15:31:32,800] {scheduler_job.py:629} INFO - Processing file /home/airflow/.local/lib/python3.6/site-packages/airflow/example_dags/example_bash_operator.py for tasks to queue
[2021-04-03 15:31:32,800] {logging_mixin.py:104} INFO - [2021-04-03 15:31:32,800] {dagbag.py:448} INFO - Filling up the DagBag from /home/airflow/.local/lib/python3.6/site-packages/airflow/example_dags/example_bash_operator.py
[2021-04-03 15:31:32,806] {scheduler_job.py:639} INFO - DAG(s) dict_keys(['example_bash_operator']) retrieved from /home/airflow/.local/lib/python3.6/site-packages/airflow/example_dags/example_bash_operator.py
[2021-04-03 15:31:32,817] {logging_mixin.py:104} INFO - [2021-04-03 15:31:32,816] {dag.py:1818} INFO - Sync 1 DAGs
[2021-04-03 15:31:32,828] {logging_mixin.py:104} INFO - [2021-04-03 15:31:32,828] {dag.py:2273} INFO - Setting next_dagrun for example_bash_operator to 2021-04-01 00:00:00+00:00
[2021-04-03 15:31:32,833] {scheduler_job.py:190} INFO - Processing /home/airflow/.local/lib/python3.6/site-packages/airflow/example_dags/example_bash_operator.py took 0.035 seconds
[2021-04-03 15:32:03,393] {scheduler_job.py:182} INFO - Started process (PID=620) to work on /home/airflow/.local/lib/python3.6/site-packages/airflow/example_dags/example_bash_operator.py
[2021-04-03 15:32:03,394] {scheduler_job.py:629} INFO - Processing file /home/airflow/.local/lib/python3.6/site-packages/airflow/example_dags/example_bash_operator.py for tasks to queue
[2021-04-03 15:32:03,394] {logging_mixin.py:104} INFO - [2021-04-03 15:32:03,394] {dagbag.py:448} INFO - Filling up the DagBag from /home/airflow/.local/lib/python3.6/site-packages/airflow/example_dags/example_bash_operator.py
[2021-04-03 15:32:03,400] {scheduler_job.py:639} INFO - DAG(s) dict_keys(['example_bash_operator']) retrieved from /home/airflow/.local/lib/python3.6/site-packages/airflow/example_dags/example_bash_operator.py
[2021-04-03 15:32:03,411] {logging_mixin.py:104} INFO - [2021-04-03 15:32:03,411] {dag.py:1818} INFO - Sync 1 DAGs
[2021-04-03 15:32:03,422] {logging_mixin.py:104} INFO - [2021-04-03 15:32:03,422] {dag.py:2273} INFO - Setting next_dagrun for example_bash_operator to 2021-04-01 00:00:00+00:00
[2021-04-03 15:32:03,428] {scheduler_job.py:190} INFO - Processing /home/airflow/.local/lib/python3.6/site-packages/airflow/example_dags/example_bash_operator.py took 0.036 seconds
[2021-04-03 15:32:34,032] {scheduler_job.py:182} INFO - Started process (PID=646) to work on /home/airflow/.local/lib/python3.6/site-packages/airflow/example_dags/example_bash_operator.py
[2021-04-03 15:32:34,033] {scheduler_job.py:629} INFO - Processing file /home/airflow/.local/lib/python3.6/site-packages/airflow/example_dags/example_bash_operator.py for tasks to queue
[2021-04-03 15:32:34,033] {logging_mixin.py:104} INFO - [2021-04-03 15:32:34,033] {dagbag.py:448} INFO - Filling up the DagBag from /home/airflow/.local/lib/python3.6/site-packages/airflow/example_dags/example_bash_operator.py
[2021-04-03 15:32:34,039] {scheduler_job.py:639} INFO - DAG(s) dict_keys(['example_bash_operator']) retrieved from /home/airflow/.local/lib/python3.6/site-packages/airflow/example_dags/example_bash_operator.py
[2021-04-03 15:32:34,050] {logging_mixin.py:104} INFO - [2021-04-03 15:32:34,050] {dag.py:1818} INFO - Sync 1 DAGs
[2021-04-03 15:32:34,061] {logging_mixin.py:104} INFO - [2021-04-03 15:32:34,061] {dag.py:2273} INFO - Setting next_dagrun for example_bash_operator to 2021-04-01 00:00:00+00:00
[2021-04-03 15:32:34,068] {scheduler_job.py:190} INFO - Processing /home/airflow/.local/lib/python3.6/site-packages/airflow/example_dags/example_bash_operator.py took 0.037 seconds
[2021-04-03 15:33:04,689] {scheduler_job.py:182} INFO - Started process (PID=672) to work on /home/airflow/.local/lib/python3.6/site-packages/airflow/example_dags/example_bash_operator.py
[2021-04-03 15:33:04,689] {scheduler_job.py:629} INFO - Processing file /home/airflow/.local/lib/python3.6/site-packages/airflow/example_dags/example_bash_operator.py for tasks to queue
[2021-04-03 15:33:04,690] {logging_mixin.py:104} INFO - [2021-04-03 15:33:04,690] {dagbag.py:448} INFO - Filling up the DagBag from /home/airflow/.local/lib/python3.6/site-packages/airflow/example_dags/example_bash_operator.py
[2021-04-03 15:33:04,696] {scheduler_job.py:639} INFO - DAG(s) dict_keys(['example_bash_operator']) retrieved from /home/airflow/.local/lib/python3.6/site-packages/airflow/example_dags/example_bash_operator.py
[2021-04-03 15:33:04,706] {logging_mixin.py:104} INFO - [2021-04-03 15:33:04,706] {dag.py:1818} INFO - Sync 1 DAGs
[2021-04-03 15:33:04,717] {logging_mixin.py:104} INFO - [2021-04-03 15:33:04,717] {dag.py:2273} INFO - Setting next_dagrun for example_bash_operator to 2021-04-01 00:00:00+00:00
[2021-04-03 15:33:04,723] {scheduler_job.py:190} INFO - Processing /home/airflow/.local/lib/python3.6/site-packages/airflow/example_dags/example_bash_operator.py took 0.035 seconds
[2021-04-03 15:33:35,258] {scheduler_job.py:182} INFO - Started process (PID=698) to work on /home/airflow/.local/lib/python3.6/site-packages/airflow/example_dags/example_bash_operator.py
[2021-04-03 15:33:35,258] {scheduler_job.py:629} INFO - Processing file /home/airflow/.local/lib/python3.6/site-packages/airflow/example_dags/example_bash_operator.py for tasks to queue
[2021-04-03 15:33:35,259] {logging_mixin.py:104} INFO - [2021-04-03 15:33:35,259] {dagbag.py:448} INFO - Filling up the DagBag from /home/airflow/.local/lib/python3.6/site-packages/airflow/example_dags/example_bash_operator.py
[2021-04-03 15:33:35,265] {scheduler_job.py:639} INFO - DAG(s) dict_keys(['example_bash_operator']) retrieved from /home/airflow/.local/lib/python3.6/site-packages/airflow/example_dags/example_bash_operator.py
[2021-04-03 15:33:35,275] {logging_mixin.py:104} INFO - [2021-04-03 15:33:35,275] {dag.py:1818} INFO - Sync 1 DAGs
[2021-04-03 15:33:35,285] {logging_mixin.py:104} INFO - [2021-04-03 15:33:35,285] {dag.py:2273} INFO - Setting next_dagrun for example_bash_operator to 2021-04-01 00:00:00+00:00
[2021-04-03 15:33:35,291] {scheduler_job.py:190} INFO - Processing /home/airflow/.local/lib/python3.6/site-packages/airflow/example_dags/example_bash_operator.py took 0.034 seconds
[2021-04-03 15:34:05,836] {scheduler_job.py:182} INFO - Started process (PID=724) to work on /home/airflow/.local/lib/python3.6/site-packages/airflow/example_dags/example_bash_operator.py
[2021-04-03 15:34:05,836] {scheduler_job.py:629} INFO - Processing file /home/airflow/.local/lib/python3.6/site-packages/airflow/example_dags/example_bash_operator.py for tasks to queue
[2021-04-03 15:34:05,836] {logging_mixin.py:104} INFO - [2021-04-03 15:34:05,836] {dagbag.py:448} INFO - Filling up the DagBag from /home/airflow/.local/lib/python3.6/site-packages/airflow/example_dags/example_bash_operator.py
[2021-04-03 15:34:05,843] {scheduler_job.py:639} INFO - DAG(s) dict_keys(['example_bash_operator']) retrieved from /home/airflow/.local/lib/python3.6/site-packages/airflow/example_dags/example_bash_operator.py
[2021-04-03 15:34:05,853] {logging_mixin.py:104} INFO - [2021-04-03 15:34:05,853] {dag.py:1818} INFO - Sync 1 DAGs
[2021-04-03 15:34:05,864] {logging_mixin.py:104} INFO - [2021-04-03 15:34:05,864] {dag.py:2273} INFO - Setting next_dagrun for example_bash_operator to 2021-04-01 00:00:00+00:00
[2021-04-03 15:34:05,869] {scheduler_job.py:190} INFO - Processing /home/airflow/.local/lib/python3.6/site-packages/airflow/example_dags/example_bash_operator.py took 0.035 seconds
[2021-04-03 15:34:36,430] {scheduler_job.py:182} INFO - Started process (PID=750) to work on /home/airflow/.local/lib/python3.6/site-packages/airflow/example_dags/example_bash_operator.py
[2021-04-03 15:34:36,430] {scheduler_job.py:629} INFO - Processing file /home/airflow/.local/lib/python3.6/site-packages/airflow/example_dags/example_bash_operator.py for tasks to queue
[2021-04-03 15:34:36,431] {logging_mixin.py:104} INFO - [2021-04-03 15:34:36,431] {dagbag.py:448} INFO - Filling up the DagBag from /home/airflow/.local/lib/python3.6/site-packages/airflow/example_dags/example_bash_operator.py
[2021-04-03 15:34:36,437] {scheduler_job.py:639} INFO - DAG(s) dict_keys(['example_bash_operator']) retrieved from /home/airflow/.local/lib/python3.6/site-packages/airflow/example_dags/example_bash_operator.py
[2021-04-03 15:34:36,447] {logging_mixin.py:104} INFO - [2021-04-03 15:34:36,447] {dag.py:1818} INFO - Sync 1 DAGs
[2021-04-03 15:34:36,458] {logging_mixin.py:104} INFO - [2021-04-03 15:34:36,458] {dag.py:2273} INFO - Setting next_dagrun for example_bash_operator to 2021-04-01 00:00:00+00:00
[2021-04-03 15:34:36,464] {scheduler_job.py:190} INFO - Processing /home/airflow/.local/lib/python3.6/site-packages/airflow/example_dags/example_bash_operator.py took 0.036 seconds
[2021-04-03 15:35:07,024] {scheduler_job.py:182} INFO - Started process (PID=776) to work on /home/airflow/.local/lib/python3.6/site-packages/airflow/example_dags/example_bash_operator.py
[2021-04-03 15:35:07,025] {scheduler_job.py:629} INFO - Processing file /home/airflow/.local/lib/python3.6/site-packages/airflow/example_dags/example_bash_operator.py for tasks to queue
[2021-04-03 15:35:07,025] {logging_mixin.py:104} INFO - [2021-04-03 15:35:07,025] {dagbag.py:448} INFO - Filling up the DagBag from /home/airflow/.local/lib/python3.6/site-packages/airflow/example_dags/example_bash_operator.py
[2021-04-03 15:35:07,031] {scheduler_job.py:639} INFO - DAG(s) dict_keys(['example_bash_operator']) retrieved from /home/airflow/.local/lib/python3.6/site-packages/airflow/example_dags/example_bash_operator.py
[2021-04-03 15:35:07,041] {logging_mixin.py:104} INFO - [2021-04-03 15:35:07,041] {dag.py:1818} INFO - Sync 1 DAGs
[2021-04-03 15:35:07,052] {logging_mixin.py:104} INFO - [2021-04-03 15:35:07,052] {dag.py:2273} INFO - Setting next_dagrun for example_bash_operator to 2021-04-01 00:00:00+00:00
[2021-04-03 15:35:07,058] {scheduler_job.py:190} INFO - Processing /home/airflow/.local/lib/python3.6/site-packages/airflow/example_dags/example_bash_operator.py took 0.036 seconds
[2021-04-03 15:35:37,608] {scheduler_job.py:182} INFO - Started process (PID=802) to work on /home/airflow/.local/lib/python3.6/site-packages/airflow/example_dags/example_bash_operator.py
[2021-04-03 15:35:37,608] {scheduler_job.py:629} INFO - Processing file /home/airflow/.local/lib/python3.6/site-packages/airflow/example_dags/example_bash_operator.py for tasks to queue
[2021-04-03 15:35:37,608] {logging_mixin.py:104} INFO - [2021-04-03 15:35:37,608] {dagbag.py:448} INFO - Filling up the DagBag from /home/airflow/.local/lib/python3.6/site-packages/airflow/example_dags/example_bash_operator.py
[2021-04-03 15:35:37,615] {scheduler_job.py:639} INFO - DAG(s) dict_keys(['example_bash_operator']) retrieved from /home/airflow/.local/lib/python3.6/site-packages/airflow/example_dags/example_bash_operator.py
[2021-04-03 15:35:37,625] {logging_mixin.py:104} INFO - [2021-04-03 15:35:37,625] {dag.py:1818} INFO - Sync 1 DAGs
[2021-04-03 15:35:37,635] {logging_mixin.py:104} INFO - [2021-04-03 15:35:37,635] {dag.py:2273} INFO - Setting next_dagrun for example_bash_operator to 2021-04-01 00:00:00+00:00
[2021-04-03 15:35:37,642] {scheduler_job.py:190} INFO - Processing /home/airflow/.local/lib/python3.6/site-packages/airflow/example_dags/example_bash_operator.py took 0.036 seconds
[2021-04-03 15:36:08,201] {scheduler_job.py:182} INFO - Started process (PID=828) to work on /home/airflow/.local/lib/python3.6/site-packages/airflow/example_dags/example_bash_operator.py
[2021-04-03 15:36:08,201] {scheduler_job.py:629} INFO - Processing file /home/airflow/.local/lib/python3.6/site-packages/airflow/example_dags/example_bash_operator.py for tasks to queue
[2021-04-03 15:36:08,202] {logging_mixin.py:104} INFO - [2021-04-03 15:36:08,202] {dagbag.py:448} INFO - Filling up the DagBag from /home/airflow/.local/lib/python3.6/site-packages/airflow/example_dags/example_bash_operator.py
[2021-04-03 15:36:08,208] {scheduler_job.py:639} INFO - DAG(s) dict_keys(['example_bash_operator']) retrieved from /home/airflow/.local/lib/python3.6/site-packages/airflow/example_dags/example_bash_operator.py
[2021-04-03 15:36:08,218] {logging_mixin.py:104} INFO - [2021-04-03 15:36:08,218] {dag.py:1818} INFO - Sync 1 DAGs
[2021-04-03 15:36:08,229] {logging_mixin.py:104} INFO - [2021-04-03 15:36:08,228] {dag.py:2273} INFO - Setting next_dagrun for example_bash_operator to 2021-04-01 00:00:00+00:00
[2021-04-03 15:36:08,234] {scheduler_job.py:190} INFO - Processing /home/airflow/.local/lib/python3.6/site-packages/airflow/example_dags/example_bash_operator.py took 0.035 seconds
[2021-04-03 15:36:38,843] {scheduler_job.py:182} INFO - Started process (PID=854) to work on /home/airflow/.local/lib/python3.6/site-packages/airflow/example_dags/example_bash_operator.py
[2021-04-03 15:36:38,844] {scheduler_job.py:629} INFO - Processing file /home/airflow/.local/lib/python3.6/site-packages/airflow/example_dags/example_bash_operator.py for tasks to queue
[2021-04-03 15:36:38,844] {logging_mixin.py:104} INFO - [2021-04-03 15:36:38,844] {dagbag.py:448} INFO - Filling up the DagBag from /home/airflow/.local/lib/python3.6/site-packages/airflow/example_dags/example_bash_operator.py
[2021-04-03 15:36:38,850] {scheduler_job.py:639} INFO - DAG(s) dict_keys(['example_bash_operator']) retrieved from /home/airflow/.local/lib/python3.6/site-packages/airflow/example_dags/example_bash_operator.py
[2021-04-03 15:36:38,860] {logging_mixin.py:104} INFO - [2021-04-03 15:36:38,860] {dag.py:1818} INFO - Sync 1 DAGs
[2021-04-03 15:36:38,870] {logging_mixin.py:104} INFO - [2021-04-03 15:36:38,870] {dag.py:2273} INFO - Setting next_dagrun for example_bash_operator to 2021-04-01 00:00:00+00:00
[2021-04-03 15:36:38,877] {scheduler_job.py:190} INFO - Processing /home/airflow/.local/lib/python3.6/site-packages/airflow/example_dags/example_bash_operator.py took 0.035 seconds
[2021-04-03 15:37:09,409] {scheduler_job.py:182} INFO - Started process (PID=880) to work on /home/airflow/.local/lib/python3.6/site-packages/airflow/example_dags/example_bash_operator.py
[2021-04-03 15:37:09,409] {scheduler_job.py:629} INFO - Processing file /home/airflow/.local/lib/python3.6/site-packages/airflow/example_dags/example_bash_operator.py for tasks to queue
[2021-04-03 15:37:09,409] {logging_mixin.py:104} INFO - [2021-04-03 15:37:09,409] {dagbag.py:448} INFO - Filling up the DagBag from /home/airflow/.local/lib/python3.6/site-packages/airflow/example_dags/example_bash_operator.py
[2021-04-03 15:37:09,415] {scheduler_job.py:639} INFO - DAG(s) dict_keys(['example_bash_operator']) retrieved from /home/airflow/.local/lib/python3.6/site-packages/airflow/example_dags/example_bash_operator.py
[2021-04-03 15:37:09,425] {logging_mixin.py:104} INFO - [2021-04-03 15:37:09,425] {dag.py:1818} INFO - Sync 1 DAGs
[2021-04-03 15:37:09,436] {logging_mixin.py:104} INFO - [2021-04-03 15:37:09,436] {dag.py:2273} INFO - Setting next_dagrun for example_bash_operator to 2021-04-01 00:00:00+00:00
[2021-04-03 15:37:09,442] {scheduler_job.py:190} INFO - Processing /home/airflow/.local/lib/python3.6/site-packages/airflow/example_dags/example_bash_operator.py took 0.035 seconds
[2021-04-03 15:37:39,996] {scheduler_job.py:182} INFO - Started process (PID=906) to work on /home/airflow/.local/lib/python3.6/site-packages/airflow/example_dags/example_bash_operator.py
[2021-04-03 15:37:39,997] {scheduler_job.py:629} INFO - Processing file /home/airflow/.local/lib/python3.6/site-packages/airflow/example_dags/example_bash_operator.py for tasks to queue
[2021-04-03 15:37:39,997] {logging_mixin.py:104} INFO - [2021-04-03 15:37:39,997] {dagbag.py:448} INFO - Filling up the DagBag from /home/airflow/.local/lib/python3.6/site-packages/airflow/example_dags/example_bash_operator.py
[2021-04-03 15:37:40,003] {scheduler_job.py:639} INFO - DAG(s) dict_keys(['example_bash_operator']) retrieved from /home/airflow/.local/lib/python3.6/site-packages/airflow/example_dags/example_bash_operator.py
[2021-04-03 15:37:40,013] {logging_mixin.py:104} INFO - [2021-04-03 15:37:40,013] {dag.py:1818} INFO - Sync 1 DAGs
[2021-04-03 15:37:40,024] {logging_mixin.py:104} INFO - [2021-04-03 15:37:40,024] {dag.py:2273} INFO - Setting next_dagrun for example_bash_operator to 2021-04-01 00:00:00+00:00
[2021-04-03 15:37:40,029] {scheduler_job.py:190} INFO - Processing /home/airflow/.local/lib/python3.6/site-packages/airflow/example_dags/example_bash_operator.py took 0.034 seconds
[2021-04-03 15:38:10,559] {scheduler_job.py:182} INFO - Started process (PID=932) to work on /home/airflow/.local/lib/python3.6/site-packages/airflow/example_dags/example_bash_operator.py
[2021-04-03 15:38:10,559] {scheduler_job.py:629} INFO - Processing file /home/airflow/.local/lib/python3.6/site-packages/airflow/example_dags/example_bash_operator.py for tasks to queue
[2021-04-03 15:38:10,559] {logging_mixin.py:104} INFO - [2021-04-03 15:38:10,559] {dagbag.py:448} INFO - Filling up the DagBag from /home/airflow/.local/lib/python3.6/site-packages/airflow/example_dags/example_bash_operator.py
[2021-04-03 15:38:10,565] {scheduler_job.py:639} INFO - DAG(s) dict_keys(['example_bash_operator']) retrieved from /home/airflow/.local/lib/python3.6/site-packages/airflow/example_dags/example_bash_operator.py
[2021-04-03 15:38:10,575] {logging_mixin.py:104} INFO - [2021-04-03 15:38:10,575] {dag.py:1818} INFO - Sync 1 DAGs
[2021-04-03 15:38:10,586] {logging_mixin.py:104} INFO - [2021-04-03 15:38:10,586] {dag.py:2273} INFO - Setting next_dagrun for example_bash_operator to 2021-04-01 00:00:00+00:00
[2021-04-03 15:38:10,592] {scheduler_job.py:190} INFO - Processing /home/airflow/.local/lib/python3.6/site-packages/airflow/example_dags/example_bash_operator.py took 0.035 seconds
[2021-04-03 15:38:41,168] {scheduler_job.py:182} INFO - Started process (PID=958) to work on /home/airflow/.local/lib/python3.6/site-packages/airflow/example_dags/example_bash_operator.py
[2021-04-03 15:38:41,169] {scheduler_job.py:629} INFO - Processing file /home/airflow/.local/lib/python3.6/site-packages/airflow/example_dags/example_bash_operator.py for tasks to queue
[2021-04-03 15:38:41,169] {logging_mixin.py:104} INFO - [2021-04-03 15:38:41,169] {dagbag.py:448} INFO - Filling up the DagBag from /home/airflow/.local/lib/python3.6/site-packages/airflow/example_dags/example_bash_operator.py
[2021-04-03 15:38:41,175] {scheduler_job.py:639} INFO - DAG(s) dict_keys(['example_bash_operator']) retrieved from /home/airflow/.local/lib/python3.6/site-packages/airflow/example_dags/example_bash_operator.py
[2021-04-03 15:38:41,184] {logging_mixin.py:104} INFO - [2021-04-03 15:38:41,184] {dag.py:1818} INFO - Sync 1 DAGs
[2021-04-03 15:38:41,195] {logging_mixin.py:104} INFO - [2021-04-03 15:38:41,195] {dag.py:2273} INFO - Setting next_dagrun for example_bash_operator to 2021-04-01 00:00:00+00:00
[2021-04-03 15:38:41,201] {scheduler_job.py:190} INFO - Processing /home/airflow/.local/lib/python3.6/site-packages/airflow/example_dags/example_bash_operator.py took 0.034 seconds
[2021-04-03 15:39:11,775] {scheduler_job.py:182} INFO - Started process (PID=984) to work on /home/airflow/.local/lib/python3.6/site-packages/airflow/example_dags/example_bash_operator.py
[2021-04-03 15:39:11,775] {scheduler_job.py:629} INFO - Processing file /home/airflow/.local/lib/python3.6/site-packages/airflow/example_dags/example_bash_operator.py for tasks to queue
[2021-04-03 15:39:11,775] {logging_mixin.py:104} INFO - [2021-04-03 15:39:11,775] {dagbag.py:448} INFO - Filling up the DagBag from /home/airflow/.local/lib/python3.6/site-packages/airflow/example_dags/example_bash_operator.py
[2021-04-03 15:39:11,781] {scheduler_job.py:639} INFO - DAG(s) dict_keys(['example_bash_operator']) retrieved from /home/airflow/.local/lib/python3.6/site-packages/airflow/example_dags/example_bash_operator.py
[2021-04-03 15:39:11,791] {logging_mixin.py:104} INFO - [2021-04-03 15:39:11,791] {dag.py:1818} INFO - Sync 1 DAGs
[2021-04-03 15:39:11,801] {logging_mixin.py:104} INFO - [2021-04-03 15:39:11,801] {dag.py:2273} INFO - Setting next_dagrun for example_bash_operator to 2021-04-01 00:00:00+00:00
[2021-04-03 15:39:11,807] {scheduler_job.py:190} INFO - Processing /home/airflow/.local/lib/python3.6/site-packages/airflow/example_dags/example_bash_operator.py took 0.034 seconds
[2021-04-03 15:39:42,428] {scheduler_job.py:182} INFO - Started process (PID=1010) to work on /home/airflow/.local/lib/python3.6/site-packages/airflow/example_dags/example_bash_operator.py
[2021-04-03 15:39:42,429] {scheduler_job.py:629} INFO - Processing file /home/airflow/.local/lib/python3.6/site-packages/airflow/example_dags/example_bash_operator.py for tasks to queue
[2021-04-03 15:39:42,429] {logging_mixin.py:104} INFO - [2021-04-03 15:39:42,429] {dagbag.py:448} INFO - Filling up the DagBag from /home/airflow/.local/lib/python3.6/site-packages/airflow/example_dags/example_bash_operator.py
[2021-04-03 15:39:42,435] {scheduler_job.py:639} INFO - DAG(s) dict_keys(['example_bash_operator']) retrieved from /home/airflow/.local/lib/python3.6/site-packages/airflow/example_dags/example_bash_operator.py
[2021-04-03 15:39:42,445] {logging_mixin.py:104} INFO - [2021-04-03 15:39:42,445] {dag.py:1818} INFO - Sync 1 DAGs
[2021-04-03 15:39:42,456] {logging_mixin.py:104} INFO - [2021-04-03 15:39:42,456] {dag.py:2273} INFO - Setting next_dagrun for example_bash_operator to 2021-04-01 00:00:00+00:00
[2021-04-03 15:39:42,462] {scheduler_job.py:190} INFO - Processing /home/airflow/.local/lib/python3.6/site-packages/airflow/example_dags/example_bash_operator.py took 0.035 seconds
[2021-04-03 15:40:13,036] {scheduler_job.py:182} INFO - Started process (PID=1036) to work on /home/airflow/.local/lib/python3.6/site-packages/airflow/example_dags/example_bash_operator.py
[2021-04-03 15:40:13,036] {scheduler_job.py:629} INFO - Processing file /home/airflow/.local/lib/python3.6/site-packages/airflow/example_dags/example_bash_operator.py for tasks to queue
[2021-04-03 15:40:13,037] {logging_mixin.py:104} INFO - [2021-04-03 15:40:13,037] {dagbag.py:448} INFO - Filling up the DagBag from /home/airflow/.local/lib/python3.6/site-packages/airflow/example_dags/example_bash_operator.py
[2021-04-03 15:40:13,043] {scheduler_job.py:639} INFO - DAG(s) dict_keys(['example_bash_operator']) retrieved from /home/airflow/.local/lib/python3.6/site-packages/airflow/example_dags/example_bash_operator.py
[2021-04-03 15:40:13,052] {logging_mixin.py:104} INFO - [2021-04-03 15:40:13,052] {dag.py:1818} INFO - Sync 1 DAGs
[2021-04-03 15:40:13,063] {logging_mixin.py:104} INFO - [2021-04-03 15:40:13,063] {dag.py:2273} INFO - Setting next_dagrun for example_bash_operator to 2021-04-01 00:00:00+00:00
[2021-04-03 15:40:13,069] {scheduler_job.py:190} INFO - Processing /home/airflow/.local/lib/python3.6/site-packages/airflow/example_dags/example_bash_operator.py took 0.035 seconds
[2021-04-03 15:40:43,707] {scheduler_job.py:182} INFO - Started process (PID=1062) to work on /home/airflow/.local/lib/python3.6/site-packages/airflow/example_dags/example_bash_operator.py
[2021-04-03 15:40:43,708] {scheduler_job.py:629} INFO - Processing file /home/airflow/.local/lib/python3.6/site-packages/airflow/example_dags/example_bash_operator.py for tasks to queue
[2021-04-03 15:40:43,708] {logging_mixin.py:104} INFO - [2021-04-03 15:40:43,708] {dagbag.py:448} INFO - Filling up the DagBag from /home/airflow/.local/lib/python3.6/site-packages/airflow/example_dags/example_bash_operator.py
[2021-04-03 15:40:43,714] {scheduler_job.py:639} INFO - DAG(s) dict_keys(['example_bash_operator']) retrieved from /home/airflow/.local/lib/python3.6/site-packages/airflow/example_dags/example_bash_operator.py
[2021-04-03 15:40:43,724] {logging_mixin.py:104} INFO - [2021-04-03 15:40:43,724] {dag.py:1818} INFO - Sync 1 DAGs
[2021-04-03 15:40:43,735] {logging_mixin.py:104} INFO - [2021-04-03 15:40:43,735] {dag.py:2273} INFO - Setting next_dagrun for example_bash_operator to 2021-04-01 00:00:00+00:00
[2021-04-03 15:40:43,740] {scheduler_job.py:190} INFO - Processing /home/airflow/.local/lib/python3.6/site-packages/airflow/example_dags/example_bash_operator.py took 0.034 seconds
[2021-04-03 15:41:14,311] {scheduler_job.py:182} INFO - Started process (PID=1088) to work on /home/airflow/.local/lib/python3.6/site-packages/airflow/example_dags/example_bash_operator.py
[2021-04-03 15:41:14,311] {scheduler_job.py:629} INFO - Processing file /home/airflow/.local/lib/python3.6/site-packages/airflow/example_dags/example_bash_operator.py for tasks to queue
[2021-04-03 15:41:14,311] {logging_mixin.py:104} INFO - [2021-04-03 15:41:14,311] {dagbag.py:448} INFO - Filling up the DagBag from /home/airflow/.local/lib/python3.6/site-packages/airflow/example_dags/example_bash_operator.py
[2021-04-03 15:41:14,317] {scheduler_job.py:639} INFO - DAG(s) dict_keys(['example_bash_operator']) retrieved from /home/airflow/.local/lib/python3.6/site-packages/airflow/example_dags/example_bash_operator.py
[2021-04-03 15:41:14,327] {logging_mixin.py:104} INFO - [2021-04-03 15:41:14,327] {dag.py:1818} INFO - Sync 1 DAGs
[2021-04-03 15:41:14,337] {logging_mixin.py:104} INFO - [2021-04-03 15:41:14,337] {dag.py:2273} INFO - Setting next_dagrun for example_bash_operator to 2021-04-01 00:00:00+00:00
[2021-04-03 15:41:14,344] {scheduler_job.py:190} INFO - Processing /home/airflow/.local/lib/python3.6/site-packages/airflow/example_dags/example_bash_operator.py took 0.034 seconds
[2021-04-03 15:41:44,977] {scheduler_job.py:182} INFO - Started process (PID=1114) to work on /home/airflow/.local/lib/python3.6/site-packages/airflow/example_dags/example_bash_operator.py
[2021-04-03 15:41:44,977] {scheduler_job.py:629} INFO - Processing file /home/airflow/.local/lib/python3.6/site-packages/airflow/example_dags/example_bash_operator.py for tasks to queue
[2021-04-03 15:41:44,977] {logging_mixin.py:104} INFO - [2021-04-03 15:41:44,977] {dagbag.py:448} INFO - Filling up the DagBag from /home/airflow/.local/lib/python3.6/site-packages/airflow/example_dags/example_bash_operator.py
[2021-04-03 15:41:44,983] {scheduler_job.py:639} INFO - DAG(s) dict_keys(['example_bash_operator']) retrieved from /home/airflow/.local/lib/python3.6/site-packages/airflow/example_dags/example_bash_operator.py
[2021-04-03 15:41:44,993] {logging_mixin.py:104} INFO - [2021-04-03 15:41:44,993] {dag.py:1818} INFO - Sync 1 DAGs
[2021-04-03 15:41:45,003] {logging_mixin.py:104} INFO - [2021-04-03 15:41:45,003] {dag.py:2273} INFO - Setting next_dagrun for example_bash_operator to 2021-04-01 00:00:00+00:00
[2021-04-03 15:41:45,009] {scheduler_job.py:190} INFO - Processing /home/airflow/.local/lib/python3.6/site-packages/airflow/example_dags/example_bash_operator.py took 0.034 seconds
[2021-04-03 15:42:15,617] {scheduler_job.py:182} INFO - Started process (PID=1140) to work on /home/airflow/.local/lib/python3.6/site-packages/airflow/example_dags/example_bash_operator.py
[2021-04-03 15:42:15,617] {scheduler_job.py:629} INFO - Processing file /home/airflow/.local/lib/python3.6/site-packages/airflow/example_dags/example_bash_operator.py for tasks to queue
[2021-04-03 15:42:15,617] {logging_mixin.py:104} INFO - [2021-04-03 15:42:15,617] {dagbag.py:448} INFO - Filling up the DagBag from /home/airflow/.local/lib/python3.6/site-packages/airflow/example_dags/example_bash_operator.py
[2021-04-03 15:42:15,623] {scheduler_job.py:639} INFO - DAG(s) dict_keys(['example_bash_operator']) retrieved from /home/airflow/.local/lib/python3.6/site-packages/airflow/example_dags/example_bash_operator.py
[2021-04-03 15:42:15,633] {logging_mixin.py:104} INFO - [2021-04-03 15:42:15,633] {dag.py:1818} INFO - Sync 1 DAGs
[2021-04-03 15:42:15,644] {logging_mixin.py:104} INFO - [2021-04-03 15:42:15,644] {dag.py:2273} INFO - Setting next_dagrun for example_bash_operator to 2021-04-01 00:00:00+00:00
[2021-04-03 15:42:15,650] {scheduler_job.py:190} INFO - Processing /home/airflow/.local/lib/python3.6/site-packages/airflow/example_dags/example_bash_operator.py took 0.035 seconds
[2021-04-03 15:42:46,269] {scheduler_job.py:182} INFO - Started process (PID=1166) to work on /home/airflow/.local/lib/python3.6/site-packages/airflow/example_dags/example_bash_operator.py
[2021-04-03 15:42:46,269] {scheduler_job.py:629} INFO - Processing file /home/airflow/.local/lib/python3.6/site-packages/airflow/example_dags/example_bash_operator.py for tasks to queue
[2021-04-03 15:42:46,269] {logging_mixin.py:104} INFO - [2021-04-03 15:42:46,269] {dagbag.py:448} INFO - Filling up the DagBag from /home/airflow/.local/lib/python3.6/site-packages/airflow/example_dags/example_bash_operator.py
[2021-04-03 15:42:46,275] {scheduler_job.py:639} INFO - DAG(s) dict_keys(['example_bash_operator']) retrieved from /home/airflow/.local/lib/python3.6/site-packages/airflow/example_dags/example_bash_operator.py
[2021-04-03 15:42:46,285] {logging_mixin.py:104} INFO - [2021-04-03 15:42:46,285] {dag.py:1818} INFO - Sync 1 DAGs
[2021-04-03 15:42:46,296] {logging_mixin.py:104} INFO - [2021-04-03 15:42:46,296] {dag.py:2273} INFO - Setting next_dagrun for example_bash_operator to 2021-04-01 00:00:00+00:00
[2021-04-03 15:42:46,301] {scheduler_job.py:190} INFO - Processing /home/airflow/.local/lib/python3.6/site-packages/airflow/example_dags/example_bash_operator.py took 0.034 seconds
[2021-04-03 15:43:16,838] {scheduler_job.py:182} INFO - Started process (PID=1192) to work on /home/airflow/.local/lib/python3.6/site-packages/airflow/example_dags/example_bash_operator.py
[2021-04-03 15:43:16,839] {scheduler_job.py:629} INFO - Processing file /home/airflow/.local/lib/python3.6/site-packages/airflow/example_dags/example_bash_operator.py for tasks to queue
[2021-04-03 15:43:16,839] {logging_mixin.py:104} INFO - [2021-04-03 15:43:16,839] {dagbag.py:448} INFO - Filling up the DagBag from /home/airflow/.local/lib/python3.6/site-packages/airflow/example_dags/example_bash_operator.py
[2021-04-03 15:43:16,845] {scheduler_job.py:639} INFO - DAG(s) dict_keys(['example_bash_operator']) retrieved from /home/airflow/.local/lib/python3.6/site-packages/airflow/example_dags/example_bash_operator.py
[2021-04-03 15:43:16,855] {logging_mixin.py:104} INFO - [2021-04-03 15:43:16,855] {dag.py:1818} INFO - Sync 1 DAGs
[2021-04-03 15:43:16,865] {logging_mixin.py:104} INFO - [2021-04-03 15:43:16,865] {dag.py:2273} INFO - Setting next_dagrun for example_bash_operator to 2021-04-01 00:00:00+00:00
[2021-04-03 15:43:16,872] {scheduler_job.py:190} INFO - Processing /home/airflow/.local/lib/python3.6/site-packages/airflow/example_dags/example_bash_operator.py took 0.035 seconds
[2021-04-03 15:43:47,426] {scheduler_job.py:182} INFO - Started process (PID=1218) to work on /home/airflow/.local/lib/python3.6/site-packages/airflow/example_dags/example_bash_operator.py
[2021-04-03 15:43:47,426] {scheduler_job.py:629} INFO - Processing file /home/airflow/.local/lib/python3.6/site-packages/airflow/example_dags/example_bash_operator.py for tasks to queue
[2021-04-03 15:43:47,426] {logging_mixin.py:104} INFO - [2021-04-03 15:43:47,426] {dagbag.py:448} INFO - Filling up the DagBag from /home/airflow/.local/lib/python3.6/site-packages/airflow/example_dags/example_bash_operator.py
[2021-04-03 15:43:47,432] {scheduler_job.py:639} INFO - DAG(s) dict_keys(['example_bash_operator']) retrieved from /home/airflow/.local/lib/python3.6/site-packages/airflow/example_dags/example_bash_operator.py
[2021-04-03 15:43:47,442] {logging_mixin.py:104} INFO - [2021-04-03 15:43:47,442] {dag.py:1818} INFO - Sync 1 DAGs
[2021-04-03 15:43:47,453] {logging_mixin.py:104} INFO - [2021-04-03 15:43:47,453] {dag.py:2273} INFO - Setting next_dagrun for example_bash_operator to 2021-04-01 00:00:00+00:00
[2021-04-03 15:43:47,458] {scheduler_job.py:190} INFO - Processing /home/airflow/.local/lib/python3.6/site-packages/airflow/example_dags/example_bash_operator.py took 0.034 seconds
[2021-04-03 15:44:18,056] {scheduler_job.py:182} INFO - Started process (PID=1244) to work on /home/airflow/.local/lib/python3.6/site-packages/airflow/example_dags/example_bash_operator.py
[2021-04-03 15:44:18,056] {scheduler_job.py:629} INFO - Processing file /home/airflow/.local/lib/python3.6/site-packages/airflow/example_dags/example_bash_operator.py for tasks to queue
[2021-04-03 15:44:18,057] {logging_mixin.py:104} INFO - [2021-04-03 15:44:18,056] {dagbag.py:448} INFO - Filling up the DagBag from /home/airflow/.local/lib/python3.6/site-packages/airflow/example_dags/example_bash_operator.py
[2021-04-03 15:44:18,062] {scheduler_job.py:639} INFO - DAG(s) dict_keys(['example_bash_operator']) retrieved from /home/airflow/.local/lib/python3.6/site-packages/airflow/example_dags/example_bash_operator.py
[2021-04-03 15:44:18,072] {logging_mixin.py:104} INFO - [2021-04-03 15:44:18,072] {dag.py:1818} INFO - Sync 1 DAGs
[2021-04-03 15:44:18,083] {logging_mixin.py:104} INFO - [2021-04-03 15:44:18,083] {dag.py:2273} INFO - Setting next_dagrun for example_bash_operator to 2021-04-01 00:00:00+00:00
[2021-04-03 15:44:18,089] {scheduler_job.py:190} INFO - Processing /home/airflow/.local/lib/python3.6/site-packages/airflow/example_dags/example_bash_operator.py took 0.035 seconds
[2021-04-03 15:44:48,604] {scheduler_job.py:182} INFO - Started process (PID=1270) to work on /home/airflow/.local/lib/python3.6/site-packages/airflow/example_dags/example_bash_operator.py
[2021-04-03 15:44:48,604] {scheduler_job.py:629} INFO - Processing file /home/airflow/.local/lib/python3.6/site-packages/airflow/example_dags/example_bash_operator.py for tasks to queue
[2021-04-03 15:44:48,604] {logging_mixin.py:104} INFO - [2021-04-03 15:44:48,604] {dagbag.py:448} INFO - Filling up the DagBag from /home/airflow/.local/lib/python3.6/site-packages/airflow/example_dags/example_bash_operator.py
[2021-04-03 15:44:48,610] {scheduler_job.py:639} INFO - DAG(s) dict_keys(['example_bash_operator']) retrieved from /home/airflow/.local/lib/python3.6/site-packages/airflow/example_dags/example_bash_operator.py
[2021-04-03 15:44:48,620] {logging_mixin.py:104} INFO - [2021-04-03 15:44:48,620] {dag.py:1818} INFO - Sync 1 DAGs
[2021-04-03 15:44:48,630] {logging_mixin.py:104} INFO - [2021-04-03 15:44:48,630] {dag.py:2273} INFO - Setting next_dagrun for example_bash_operator to 2021-04-01 00:00:00+00:00
[2021-04-03 15:44:48,636] {scheduler_job.py:190} INFO - Processing /home/airflow/.local/lib/python3.6/site-packages/airflow/example_dags/example_bash_operator.py took 0.034 seconds
[2021-04-03 15:45:19,203] {scheduler_job.py:182} INFO - Started process (PID=1296) to work on /home/airflow/.local/lib/python3.6/site-packages/airflow/example_dags/example_bash_operator.py
[2021-04-03 15:45:19,204] {scheduler_job.py:629} INFO - Processing file /home/airflow/.local/lib/python3.6/site-packages/airflow/example_dags/example_bash_operator.py for tasks to queue
[2021-04-03 15:45:19,204] {logging_mixin.py:104} INFO - [2021-04-03 15:45:19,204] {dagbag.py:448} INFO - Filling up the DagBag from /home/airflow/.local/lib/python3.6/site-packages/airflow/example_dags/example_bash_operator.py
[2021-04-03 15:45:19,210] {scheduler_job.py:639} INFO - DAG(s) dict_keys(['example_bash_operator']) retrieved from /home/airflow/.local/lib/python3.6/site-packages/airflow/example_dags/example_bash_operator.py
[2021-04-03 15:45:19,220] {logging_mixin.py:104} INFO - [2021-04-03 15:45:19,220] {dag.py:1818} INFO - Sync 1 DAGs
[2021-04-03 15:45:19,230] {logging_mixin.py:104} INFO - [2021-04-03 15:45:19,230] {dag.py:2273} INFO - Setting next_dagrun for example_bash_operator to 2021-04-01 00:00:00+00:00
[2021-04-03 15:45:19,236] {scheduler_job.py:190} INFO - Processing /home/airflow/.local/lib/python3.6/site-packages/airflow/example_dags/example_bash_operator.py took 0.034 seconds
[2021-04-03 15:45:49,789] {scheduler_job.py:182} INFO - Started process (PID=1322) to work on /home/airflow/.local/lib/python3.6/site-packages/airflow/example_dags/example_bash_operator.py
[2021-04-03 15:45:49,789] {scheduler_job.py:629} INFO - Processing file /home/airflow/.local/lib/python3.6/site-packages/airflow/example_dags/example_bash_operator.py for tasks to queue
[2021-04-03 15:45:49,790] {logging_mixin.py:104} INFO - [2021-04-03 15:45:49,790] {dagbag.py:448} INFO - Filling up the DagBag from /home/airflow/.local/lib/python3.6/site-packages/airflow/example_dags/example_bash_operator.py
[2021-04-03 15:45:49,796] {scheduler_job.py:639} INFO - DAG(s) dict_keys(['example_bash_operator']) retrieved from /home/airflow/.local/lib/python3.6/site-packages/airflow/example_dags/example_bash_operator.py
[2021-04-03 15:45:49,805] {logging_mixin.py:104} INFO - [2021-04-03 15:45:49,805] {dag.py:1818} INFO - Sync 1 DAGs
[2021-04-03 15:45:49,816] {logging_mixin.py:104} INFO - [2021-04-03 15:45:49,816] {dag.py:2273} INFO - Setting next_dagrun for example_bash_operator to 2021-04-01 00:00:00+00:00
[2021-04-03 15:45:49,822] {scheduler_job.py:190} INFO - Processing /home/airflow/.local/lib/python3.6/site-packages/airflow/example_dags/example_bash_operator.py took 0.034 seconds
[2021-04-03 15:46:20,356] {scheduler_job.py:182} INFO - Started process (PID=1348) to work on /home/airflow/.local/lib/python3.6/site-packages/airflow/example_dags/example_bash_operator.py
[2021-04-03 15:46:20,357] {scheduler_job.py:629} INFO - Processing file /home/airflow/.local/lib/python3.6/site-packages/airflow/example_dags/example_bash_operator.py for tasks to queue
[2021-04-03 15:46:20,357] {logging_mixin.py:104} INFO - [2021-04-03 15:46:20,357] {dagbag.py:448} INFO - Filling up the DagBag from /home/airflow/.local/lib/python3.6/site-packages/airflow/example_dags/example_bash_operator.py
[2021-04-03 15:46:20,363] {scheduler_job.py:639} INFO - DAG(s) dict_keys(['example_bash_operator']) retrieved from /home/airflow/.local/lib/python3.6/site-packages/airflow/example_dags/example_bash_operator.py
[2021-04-03 15:46:20,373] {logging_mixin.py:104} INFO - [2021-04-03 15:46:20,373] {dag.py:1818} INFO - Sync 1 DAGs
[2021-04-03 15:46:20,384] {logging_mixin.py:104} INFO - [2021-04-03 15:46:20,384] {dag.py:2273} INFO - Setting next_dagrun for example_bash_operator to 2021-04-01 00:00:00+00:00
[2021-04-03 15:46:20,390] {scheduler_job.py:190} INFO - Processing /home/airflow/.local/lib/python3.6/site-packages/airflow/example_dags/example_bash_operator.py took 0.035 seconds
[2021-04-03 15:46:50,936] {scheduler_job.py:182} INFO - Started process (PID=1374) to work on /home/airflow/.local/lib/python3.6/site-packages/airflow/example_dags/example_bash_operator.py
[2021-04-03 15:46:50,936] {scheduler_job.py:629} INFO - Processing file /home/airflow/.local/lib/python3.6/site-packages/airflow/example_dags/example_bash_operator.py for tasks to queue
[2021-04-03 15:46:50,937] {logging_mixin.py:104} INFO - [2021-04-03 15:46:50,937] {dagbag.py:448} INFO - Filling up the DagBag from /home/airflow/.local/lib/python3.6/site-packages/airflow/example_dags/example_bash_operator.py
[2021-04-03 15:46:50,943] {scheduler_job.py:639} INFO - DAG(s) dict_keys(['example_bash_operator']) retrieved from /home/airflow/.local/lib/python3.6/site-packages/airflow/example_dags/example_bash_operator.py
[2021-04-03 15:46:50,953] {logging_mixin.py:104} INFO - [2021-04-03 15:46:50,953] {dag.py:1818} INFO - Sync 1 DAGs
[2021-04-03 15:46:50,963] {logging_mixin.py:104} INFO - [2021-04-03 15:46:50,963] {dag.py:2273} INFO - Setting next_dagrun for example_bash_operator to 2021-04-01 00:00:00+00:00
[2021-04-03 15:46:50,970] {scheduler_job.py:190} INFO - Processing /home/airflow/.local/lib/python3.6/site-packages/airflow/example_dags/example_bash_operator.py took 0.035 seconds
[2021-04-03 15:47:21,499] {scheduler_job.py:182} INFO - Started process (PID=1400) to work on /home/airflow/.local/lib/python3.6/site-packages/airflow/example_dags/example_bash_operator.py
[2021-04-03 15:47:21,500] {scheduler_job.py:629} INFO - Processing file /home/airflow/.local/lib/python3.6/site-packages/airflow/example_dags/example_bash_operator.py for tasks to queue
[2021-04-03 15:47:21,500] {logging_mixin.py:104} INFO - [2021-04-03 15:47:21,500] {dagbag.py:448} INFO - Filling up the DagBag from /home/airflow/.local/lib/python3.6/site-packages/airflow/example_dags/example_bash_operator.py
[2021-04-03 15:47:21,506] {scheduler_job.py:639} INFO - DAG(s) dict_keys(['example_bash_operator']) retrieved from /home/airflow/.local/lib/python3.6/site-packages/airflow/example_dags/example_bash_operator.py
[2021-04-03 15:47:21,515] {logging_mixin.py:104} INFO - [2021-04-03 15:47:21,515] {dag.py:1818} INFO - Sync 1 DAGs
[2021-04-03 15:47:21,526] {logging_mixin.py:104} INFO - [2021-04-03 15:47:21,526] {dag.py:2273} INFO - Setting next_dagrun for example_bash_operator to 2021-04-01 00:00:00+00:00
[2021-04-03 15:47:21,532] {scheduler_job.py:190} INFO - Processing /home/airflow/.local/lib/python3.6/site-packages/airflow/example_dags/example_bash_operator.py took 0.035 seconds
[2021-04-03 15:47:52,094] {scheduler_job.py:182} INFO - Started process (PID=1426) to work on /home/airflow/.local/lib/python3.6/site-packages/airflow/example_dags/example_bash_operator.py
[2021-04-03 15:47:52,094] {scheduler_job.py:629} INFO - Processing file /home/airflow/.local/lib/python3.6/site-packages/airflow/example_dags/example_bash_operator.py for tasks to queue
[2021-04-03 15:47:52,094] {logging_mixin.py:104} INFO - [2021-04-03 15:47:52,094] {dagbag.py:448} INFO - Filling up the DagBag from /home/airflow/.local/lib/python3.6/site-packages/airflow/example_dags/example_bash_operator.py
[2021-04-03 15:47:52,100] {scheduler_job.py:639} INFO - DAG(s) dict_keys(['example_bash_operator']) retrieved from /home/airflow/.local/lib/python3.6/site-packages/airflow/example_dags/example_bash_operator.py
[2021-04-03 15:47:52,110] {logging_mixin.py:104} INFO - [2021-04-03 15:47:52,110] {dag.py:1818} INFO - Sync 1 DAGs
[2021-04-03 15:47:52,120] {logging_mixin.py:104} INFO - [2021-04-03 15:47:52,120] {dag.py:2273} INFO - Setting next_dagrun for example_bash_operator to 2021-04-01 00:00:00+00:00
[2021-04-03 15:47:52,127] {scheduler_job.py:190} INFO - Processing /home/airflow/.local/lib/python3.6/site-packages/airflow/example_dags/example_bash_operator.py took 0.034 seconds
