[2021-04-03 12:21:06,305] {scheduler_job.py:182} INFO - Started process (PID=36) to work on /home/airflow/.local/lib/python3.6/site-packages/airflow/example_dags/example_complex.py
[2021-04-03 12:21:06,306] {scheduler_job.py:629} INFO - Processing file /home/airflow/.local/lib/python3.6/site-packages/airflow/example_dags/example_complex.py for tasks to queue
[2021-04-03 12:21:06,306] {logging_mixin.py:104} INFO - [2021-04-03 12:21:06,306] {dagbag.py:448} INFO - Filling up the DagBag from /home/airflow/.local/lib/python3.6/site-packages/airflow/example_dags/example_complex.py
[2021-04-03 12:21:06,315] {scheduler_job.py:639} INFO - DAG(s) dict_keys(['example_complex']) retrieved from /home/airflow/.local/lib/python3.6/site-packages/airflow/example_dags/example_complex.py
[2021-04-03 12:21:06,330] {logging_mixin.py:104} INFO - [2021-04-03 12:21:06,330] {dag.py:1818} INFO - Sync 1 DAGs
[2021-04-03 12:21:06,338] {logging_mixin.py:104} INFO - [2021-04-03 12:21:06,338] {dag.py:2273} INFO - Setting next_dagrun for example_complex to None
[2021-04-03 12:21:06,347] {scheduler_job.py:190} INFO - Processing /home/airflow/.local/lib/python3.6/site-packages/airflow/example_dags/example_complex.py took 0.043 seconds
[2021-04-03 15:21:20,634] {scheduler_job.py:182} INFO - Started process (PID=62) to work on /home/airflow/.local/lib/python3.6/site-packages/airflow/example_dags/example_complex.py
[2021-04-03 15:21:20,635] {scheduler_job.py:629} INFO - Processing file /home/airflow/.local/lib/python3.6/site-packages/airflow/example_dags/example_complex.py for tasks to queue
[2021-04-03 15:21:20,635] {logging_mixin.py:104} INFO - [2021-04-03 15:21:20,635] {dagbag.py:448} INFO - Filling up the DagBag from /home/airflow/.local/lib/python3.6/site-packages/airflow/example_dags/example_complex.py
[2021-04-03 15:21:20,644] {scheduler_job.py:639} INFO - DAG(s) dict_keys(['example_complex']) retrieved from /home/airflow/.local/lib/python3.6/site-packages/airflow/example_dags/example_complex.py
[2021-04-03 15:21:20,656] {logging_mixin.py:104} INFO - [2021-04-03 15:21:20,656] {dag.py:1818} INFO - Sync 1 DAGs
[2021-04-03 15:21:20,662] {logging_mixin.py:104} INFO - [2021-04-03 15:21:20,662] {dag.py:2273} INFO - Setting next_dagrun for example_complex to None
[2021-04-03 15:21:20,668] {scheduler_job.py:190} INFO - Processing /home/airflow/.local/lib/python3.6/site-packages/airflow/example_dags/example_complex.py took 0.036 seconds
[2021-04-03 15:21:51,313] {scheduler_job.py:182} INFO - Started process (PID=88) to work on /home/airflow/.local/lib/python3.6/site-packages/airflow/example_dags/example_complex.py
[2021-04-03 15:21:51,313] {scheduler_job.py:629} INFO - Processing file /home/airflow/.local/lib/python3.6/site-packages/airflow/example_dags/example_complex.py for tasks to queue
[2021-04-03 15:21:51,314] {logging_mixin.py:104} INFO - [2021-04-03 15:21:51,313] {dagbag.py:448} INFO - Filling up the DagBag from /home/airflow/.local/lib/python3.6/site-packages/airflow/example_dags/example_complex.py
[2021-04-03 15:21:51,323] {scheduler_job.py:639} INFO - DAG(s) dict_keys(['example_complex']) retrieved from /home/airflow/.local/lib/python3.6/site-packages/airflow/example_dags/example_complex.py
[2021-04-03 15:21:51,336] {logging_mixin.py:104} INFO - [2021-04-03 15:21:51,336] {dag.py:1818} INFO - Sync 1 DAGs
[2021-04-03 15:21:51,343] {logging_mixin.py:104} INFO - [2021-04-03 15:21:51,343] {dag.py:2273} INFO - Setting next_dagrun for example_complex to None
[2021-04-03 15:21:51,349] {scheduler_job.py:190} INFO - Processing /home/airflow/.local/lib/python3.6/site-packages/airflow/example_dags/example_complex.py took 0.038 seconds
[2021-04-03 15:22:21,899] {scheduler_job.py:182} INFO - Started process (PID=114) to work on /home/airflow/.local/lib/python3.6/site-packages/airflow/example_dags/example_complex.py
[2021-04-03 15:22:21,899] {scheduler_job.py:629} INFO - Processing file /home/airflow/.local/lib/python3.6/site-packages/airflow/example_dags/example_complex.py for tasks to queue
[2021-04-03 15:22:21,899] {logging_mixin.py:104} INFO - [2021-04-03 15:22:21,899] {dagbag.py:448} INFO - Filling up the DagBag from /home/airflow/.local/lib/python3.6/site-packages/airflow/example_dags/example_complex.py
[2021-04-03 15:22:21,908] {scheduler_job.py:639} INFO - DAG(s) dict_keys(['example_complex']) retrieved from /home/airflow/.local/lib/python3.6/site-packages/airflow/example_dags/example_complex.py
[2021-04-03 15:22:21,920] {logging_mixin.py:104} INFO - [2021-04-03 15:22:21,920] {dag.py:1818} INFO - Sync 1 DAGs
[2021-04-03 15:22:21,927] {logging_mixin.py:104} INFO - [2021-04-03 15:22:21,927] {dag.py:2273} INFO - Setting next_dagrun for example_complex to None
[2021-04-03 15:22:21,933] {scheduler_job.py:190} INFO - Processing /home/airflow/.local/lib/python3.6/site-packages/airflow/example_dags/example_complex.py took 0.036 seconds
[2021-04-03 15:22:52,468] {scheduler_job.py:182} INFO - Started process (PID=140) to work on /home/airflow/.local/lib/python3.6/site-packages/airflow/example_dags/example_complex.py
[2021-04-03 15:22:52,469] {scheduler_job.py:629} INFO - Processing file /home/airflow/.local/lib/python3.6/site-packages/airflow/example_dags/example_complex.py for tasks to queue
[2021-04-03 15:22:52,469] {logging_mixin.py:104} INFO - [2021-04-03 15:22:52,469] {dagbag.py:448} INFO - Filling up the DagBag from /home/airflow/.local/lib/python3.6/site-packages/airflow/example_dags/example_complex.py
[2021-04-03 15:22:52,478] {scheduler_job.py:639} INFO - DAG(s) dict_keys(['example_complex']) retrieved from /home/airflow/.local/lib/python3.6/site-packages/airflow/example_dags/example_complex.py
[2021-04-03 15:22:52,490] {logging_mixin.py:104} INFO - [2021-04-03 15:22:52,490] {dag.py:1818} INFO - Sync 1 DAGs
[2021-04-03 15:22:52,497] {logging_mixin.py:104} INFO - [2021-04-03 15:22:52,497] {dag.py:2273} INFO - Setting next_dagrun for example_complex to None
[2021-04-03 15:22:52,503] {scheduler_job.py:190} INFO - Processing /home/airflow/.local/lib/python3.6/site-packages/airflow/example_dags/example_complex.py took 0.036 seconds
[2021-04-03 15:23:23,102] {scheduler_job.py:182} INFO - Started process (PID=166) to work on /home/airflow/.local/lib/python3.6/site-packages/airflow/example_dags/example_complex.py
[2021-04-03 15:23:23,103] {scheduler_job.py:629} INFO - Processing file /home/airflow/.local/lib/python3.6/site-packages/airflow/example_dags/example_complex.py for tasks to queue
[2021-04-03 15:23:23,103] {logging_mixin.py:104} INFO - [2021-04-03 15:23:23,103] {dagbag.py:448} INFO - Filling up the DagBag from /home/airflow/.local/lib/python3.6/site-packages/airflow/example_dags/example_complex.py
[2021-04-03 15:23:23,113] {scheduler_job.py:639} INFO - DAG(s) dict_keys(['example_complex']) retrieved from /home/airflow/.local/lib/python3.6/site-packages/airflow/example_dags/example_complex.py
[2021-04-03 15:23:23,128] {logging_mixin.py:104} INFO - [2021-04-03 15:23:23,128] {dag.py:1818} INFO - Sync 1 DAGs
[2021-04-03 15:23:23,136] {logging_mixin.py:104} INFO - [2021-04-03 15:23:23,136] {dag.py:2273} INFO - Setting next_dagrun for example_complex to None
[2021-04-03 15:23:23,143] {scheduler_job.py:190} INFO - Processing /home/airflow/.local/lib/python3.6/site-packages/airflow/example_dags/example_complex.py took 0.042 seconds
[2021-04-03 15:23:53,649] {scheduler_job.py:182} INFO - Started process (PID=192) to work on /home/airflow/.local/lib/python3.6/site-packages/airflow/example_dags/example_complex.py
[2021-04-03 15:23:53,649] {scheduler_job.py:629} INFO - Processing file /home/airflow/.local/lib/python3.6/site-packages/airflow/example_dags/example_complex.py for tasks to queue
[2021-04-03 15:23:53,650] {logging_mixin.py:104} INFO - [2021-04-03 15:23:53,650] {dagbag.py:448} INFO - Filling up the DagBag from /home/airflow/.local/lib/python3.6/site-packages/airflow/example_dags/example_complex.py
[2021-04-03 15:23:53,658] {scheduler_job.py:639} INFO - DAG(s) dict_keys(['example_complex']) retrieved from /home/airflow/.local/lib/python3.6/site-packages/airflow/example_dags/example_complex.py
[2021-04-03 15:23:53,671] {logging_mixin.py:104} INFO - [2021-04-03 15:23:53,671] {dag.py:1818} INFO - Sync 1 DAGs
[2021-04-03 15:23:53,679] {logging_mixin.py:104} INFO - [2021-04-03 15:23:53,679] {dag.py:2273} INFO - Setting next_dagrun for example_complex to None
[2021-04-03 15:23:53,687] {scheduler_job.py:190} INFO - Processing /home/airflow/.local/lib/python3.6/site-packages/airflow/example_dags/example_complex.py took 0.039 seconds
[2021-04-03 15:24:24,259] {scheduler_job.py:182} INFO - Started process (PID=218) to work on /home/airflow/.local/lib/python3.6/site-packages/airflow/example_dags/example_complex.py
[2021-04-03 15:24:24,260] {scheduler_job.py:629} INFO - Processing file /home/airflow/.local/lib/python3.6/site-packages/airflow/example_dags/example_complex.py for tasks to queue
[2021-04-03 15:24:24,260] {logging_mixin.py:104} INFO - [2021-04-03 15:24:24,260] {dagbag.py:448} INFO - Filling up the DagBag from /home/airflow/.local/lib/python3.6/site-packages/airflow/example_dags/example_complex.py
[2021-04-03 15:24:24,269] {scheduler_job.py:639} INFO - DAG(s) dict_keys(['example_complex']) retrieved from /home/airflow/.local/lib/python3.6/site-packages/airflow/example_dags/example_complex.py
[2021-04-03 15:24:24,281] {logging_mixin.py:104} INFO - [2021-04-03 15:24:24,281] {dag.py:1818} INFO - Sync 1 DAGs
[2021-04-03 15:24:24,287] {logging_mixin.py:104} INFO - [2021-04-03 15:24:24,287] {dag.py:2273} INFO - Setting next_dagrun for example_complex to None
[2021-04-03 15:24:24,294] {scheduler_job.py:190} INFO - Processing /home/airflow/.local/lib/python3.6/site-packages/airflow/example_dags/example_complex.py took 0.036 seconds
[2021-04-03 15:24:54,818] {scheduler_job.py:182} INFO - Started process (PID=244) to work on /home/airflow/.local/lib/python3.6/site-packages/airflow/example_dags/example_complex.py
[2021-04-03 15:24:54,819] {scheduler_job.py:629} INFO - Processing file /home/airflow/.local/lib/python3.6/site-packages/airflow/example_dags/example_complex.py for tasks to queue
[2021-04-03 15:24:54,819] {logging_mixin.py:104} INFO - [2021-04-03 15:24:54,819] {dagbag.py:448} INFO - Filling up the DagBag from /home/airflow/.local/lib/python3.6/site-packages/airflow/example_dags/example_complex.py
[2021-04-03 15:24:54,828] {scheduler_job.py:639} INFO - DAG(s) dict_keys(['example_complex']) retrieved from /home/airflow/.local/lib/python3.6/site-packages/airflow/example_dags/example_complex.py
[2021-04-03 15:24:54,840] {logging_mixin.py:104} INFO - [2021-04-03 15:24:54,840] {dag.py:1818} INFO - Sync 1 DAGs
[2021-04-03 15:24:54,846] {logging_mixin.py:104} INFO - [2021-04-03 15:24:54,846] {dag.py:2273} INFO - Setting next_dagrun for example_complex to None
[2021-04-03 15:24:54,854] {scheduler_job.py:190} INFO - Processing /home/airflow/.local/lib/python3.6/site-packages/airflow/example_dags/example_complex.py took 0.037 seconds
[2021-04-03 15:25:25,403] {scheduler_job.py:182} INFO - Started process (PID=270) to work on /home/airflow/.local/lib/python3.6/site-packages/airflow/example_dags/example_complex.py
[2021-04-03 15:25:25,403] {scheduler_job.py:629} INFO - Processing file /home/airflow/.local/lib/python3.6/site-packages/airflow/example_dags/example_complex.py for tasks to queue
[2021-04-03 15:25:25,404] {logging_mixin.py:104} INFO - [2021-04-03 15:25:25,404] {dagbag.py:448} INFO - Filling up the DagBag from /home/airflow/.local/lib/python3.6/site-packages/airflow/example_dags/example_complex.py
[2021-04-03 15:25:25,412] {scheduler_job.py:639} INFO - DAG(s) dict_keys(['example_complex']) retrieved from /home/airflow/.local/lib/python3.6/site-packages/airflow/example_dags/example_complex.py
[2021-04-03 15:25:25,424] {logging_mixin.py:104} INFO - [2021-04-03 15:25:25,424] {dag.py:1818} INFO - Sync 1 DAGs
[2021-04-03 15:25:25,432] {logging_mixin.py:104} INFO - [2021-04-03 15:25:25,432] {dag.py:2273} INFO - Setting next_dagrun for example_complex to None
[2021-04-03 15:25:25,438] {scheduler_job.py:190} INFO - Processing /home/airflow/.local/lib/python3.6/site-packages/airflow/example_dags/example_complex.py took 0.036 seconds
[2021-04-03 15:25:55,984] {scheduler_job.py:182} INFO - Started process (PID=296) to work on /home/airflow/.local/lib/python3.6/site-packages/airflow/example_dags/example_complex.py
[2021-04-03 15:25:55,985] {scheduler_job.py:629} INFO - Processing file /home/airflow/.local/lib/python3.6/site-packages/airflow/example_dags/example_complex.py for tasks to queue
[2021-04-03 15:25:55,985] {logging_mixin.py:104} INFO - [2021-04-03 15:25:55,985] {dagbag.py:448} INFO - Filling up the DagBag from /home/airflow/.local/lib/python3.6/site-packages/airflow/example_dags/example_complex.py
[2021-04-03 15:25:55,994] {scheduler_job.py:639} INFO - DAG(s) dict_keys(['example_complex']) retrieved from /home/airflow/.local/lib/python3.6/site-packages/airflow/example_dags/example_complex.py
[2021-04-03 15:25:56,006] {logging_mixin.py:104} INFO - [2021-04-03 15:25:56,006] {dag.py:1818} INFO - Sync 1 DAGs
[2021-04-03 15:25:56,014] {logging_mixin.py:104} INFO - [2021-04-03 15:25:56,013] {dag.py:2273} INFO - Setting next_dagrun for example_complex to None
[2021-04-03 15:25:56,020] {scheduler_job.py:190} INFO - Processing /home/airflow/.local/lib/python3.6/site-packages/airflow/example_dags/example_complex.py took 0.037 seconds
[2021-04-03 15:26:26,567] {scheduler_job.py:182} INFO - Started process (PID=322) to work on /home/airflow/.local/lib/python3.6/site-packages/airflow/example_dags/example_complex.py
[2021-04-03 15:26:26,567] {scheduler_job.py:629} INFO - Processing file /home/airflow/.local/lib/python3.6/site-packages/airflow/example_dags/example_complex.py for tasks to queue
[2021-04-03 15:26:26,567] {logging_mixin.py:104} INFO - [2021-04-03 15:26:26,567] {dagbag.py:448} INFO - Filling up the DagBag from /home/airflow/.local/lib/python3.6/site-packages/airflow/example_dags/example_complex.py
[2021-04-03 15:26:26,576] {scheduler_job.py:639} INFO - DAG(s) dict_keys(['example_complex']) retrieved from /home/airflow/.local/lib/python3.6/site-packages/airflow/example_dags/example_complex.py
[2021-04-03 15:26:26,588] {logging_mixin.py:104} INFO - [2021-04-03 15:26:26,588] {dag.py:1818} INFO - Sync 1 DAGs
[2021-04-03 15:26:26,595] {logging_mixin.py:104} INFO - [2021-04-03 15:26:26,595] {dag.py:2273} INFO - Setting next_dagrun for example_complex to None
[2021-04-03 15:26:26,602] {scheduler_job.py:190} INFO - Processing /home/airflow/.local/lib/python3.6/site-packages/airflow/example_dags/example_complex.py took 0.036 seconds
[2021-04-03 15:26:57,138] {scheduler_job.py:182} INFO - Started process (PID=348) to work on /home/airflow/.local/lib/python3.6/site-packages/airflow/example_dags/example_complex.py
[2021-04-03 15:26:57,139] {scheduler_job.py:629} INFO - Processing file /home/airflow/.local/lib/python3.6/site-packages/airflow/example_dags/example_complex.py for tasks to queue
[2021-04-03 15:26:57,139] {logging_mixin.py:104} INFO - [2021-04-03 15:26:57,139] {dagbag.py:448} INFO - Filling up the DagBag from /home/airflow/.local/lib/python3.6/site-packages/airflow/example_dags/example_complex.py
[2021-04-03 15:26:57,148] {scheduler_job.py:639} INFO - DAG(s) dict_keys(['example_complex']) retrieved from /home/airflow/.local/lib/python3.6/site-packages/airflow/example_dags/example_complex.py
[2021-04-03 15:26:57,160] {logging_mixin.py:104} INFO - [2021-04-03 15:26:57,160] {dag.py:1818} INFO - Sync 1 DAGs
[2021-04-03 15:26:57,167] {logging_mixin.py:104} INFO - [2021-04-03 15:26:57,167] {dag.py:2273} INFO - Setting next_dagrun for example_complex to None
[2021-04-03 15:26:57,173] {scheduler_job.py:190} INFO - Processing /home/airflow/.local/lib/python3.6/site-packages/airflow/example_dags/example_complex.py took 0.036 seconds
[2021-04-03 15:27:27,773] {scheduler_job.py:182} INFO - Started process (PID=374) to work on /home/airflow/.local/lib/python3.6/site-packages/airflow/example_dags/example_complex.py
[2021-04-03 15:27:27,773] {scheduler_job.py:629} INFO - Processing file /home/airflow/.local/lib/python3.6/site-packages/airflow/example_dags/example_complex.py for tasks to queue
[2021-04-03 15:27:27,773] {logging_mixin.py:104} INFO - [2021-04-03 15:27:27,773] {dagbag.py:448} INFO - Filling up the DagBag from /home/airflow/.local/lib/python3.6/site-packages/airflow/example_dags/example_complex.py
[2021-04-03 15:27:27,782] {scheduler_job.py:639} INFO - DAG(s) dict_keys(['example_complex']) retrieved from /home/airflow/.local/lib/python3.6/site-packages/airflow/example_dags/example_complex.py
[2021-04-03 15:27:27,794] {logging_mixin.py:104} INFO - [2021-04-03 15:27:27,794] {dag.py:1818} INFO - Sync 1 DAGs
[2021-04-03 15:27:27,801] {logging_mixin.py:104} INFO - [2021-04-03 15:27:27,801] {dag.py:2273} INFO - Setting next_dagrun for example_complex to None
[2021-04-03 15:27:27,807] {scheduler_job.py:190} INFO - Processing /home/airflow/.local/lib/python3.6/site-packages/airflow/example_dags/example_complex.py took 0.036 seconds
[2021-04-03 15:27:58,350] {scheduler_job.py:182} INFO - Started process (PID=400) to work on /home/airflow/.local/lib/python3.6/site-packages/airflow/example_dags/example_complex.py
[2021-04-03 15:27:58,351] {scheduler_job.py:629} INFO - Processing file /home/airflow/.local/lib/python3.6/site-packages/airflow/example_dags/example_complex.py for tasks to queue
[2021-04-03 15:27:58,351] {logging_mixin.py:104} INFO - [2021-04-03 15:27:58,351] {dagbag.py:448} INFO - Filling up the DagBag from /home/airflow/.local/lib/python3.6/site-packages/airflow/example_dags/example_complex.py
[2021-04-03 15:27:58,360] {scheduler_job.py:639} INFO - DAG(s) dict_keys(['example_complex']) retrieved from /home/airflow/.local/lib/python3.6/site-packages/airflow/example_dags/example_complex.py
[2021-04-03 15:27:58,373] {logging_mixin.py:104} INFO - [2021-04-03 15:27:58,373] {dag.py:1818} INFO - Sync 1 DAGs
[2021-04-03 15:27:58,380] {logging_mixin.py:104} INFO - [2021-04-03 15:27:58,379] {dag.py:2273} INFO - Setting next_dagrun for example_complex to None
[2021-04-03 15:27:58,386] {scheduler_job.py:190} INFO - Processing /home/airflow/.local/lib/python3.6/site-packages/airflow/example_dags/example_complex.py took 0.037 seconds
[2021-04-03 15:28:28,932] {scheduler_job.py:182} INFO - Started process (PID=426) to work on /home/airflow/.local/lib/python3.6/site-packages/airflow/example_dags/example_complex.py
[2021-04-03 15:28:28,933] {scheduler_job.py:629} INFO - Processing file /home/airflow/.local/lib/python3.6/site-packages/airflow/example_dags/example_complex.py for tasks to queue
[2021-04-03 15:28:28,933] {logging_mixin.py:104} INFO - [2021-04-03 15:28:28,933] {dagbag.py:448} INFO - Filling up the DagBag from /home/airflow/.local/lib/python3.6/site-packages/airflow/example_dags/example_complex.py
[2021-04-03 15:28:28,941] {scheduler_job.py:639} INFO - DAG(s) dict_keys(['example_complex']) retrieved from /home/airflow/.local/lib/python3.6/site-packages/airflow/example_dags/example_complex.py
[2021-04-03 15:28:28,954] {logging_mixin.py:104} INFO - [2021-04-03 15:28:28,954] {dag.py:1818} INFO - Sync 1 DAGs
[2021-04-03 15:28:28,961] {logging_mixin.py:104} INFO - [2021-04-03 15:28:28,961] {dag.py:2273} INFO - Setting next_dagrun for example_complex to None
[2021-04-03 15:28:28,968] {scheduler_job.py:190} INFO - Processing /home/airflow/.local/lib/python3.6/site-packages/airflow/example_dags/example_complex.py took 0.037 seconds
[2021-04-03 15:28:59,509] {scheduler_job.py:182} INFO - Started process (PID=452) to work on /home/airflow/.local/lib/python3.6/site-packages/airflow/example_dags/example_complex.py
[2021-04-03 15:28:59,510] {scheduler_job.py:629} INFO - Processing file /home/airflow/.local/lib/python3.6/site-packages/airflow/example_dags/example_complex.py for tasks to queue
[2021-04-03 15:28:59,510] {logging_mixin.py:104} INFO - [2021-04-03 15:28:59,510] {dagbag.py:448} INFO - Filling up the DagBag from /home/airflow/.local/lib/python3.6/site-packages/airflow/example_dags/example_complex.py
[2021-04-03 15:28:59,519] {scheduler_job.py:639} INFO - DAG(s) dict_keys(['example_complex']) retrieved from /home/airflow/.local/lib/python3.6/site-packages/airflow/example_dags/example_complex.py
[2021-04-03 15:28:59,531] {logging_mixin.py:104} INFO - [2021-04-03 15:28:59,531] {dag.py:1818} INFO - Sync 1 DAGs
[2021-04-03 15:28:59,538] {logging_mixin.py:104} INFO - [2021-04-03 15:28:59,538] {dag.py:2273} INFO - Setting next_dagrun for example_complex to None
[2021-04-03 15:28:59,545] {scheduler_job.py:190} INFO - Processing /home/airflow/.local/lib/python3.6/site-packages/airflow/example_dags/example_complex.py took 0.037 seconds
[2021-04-03 15:29:30,076] {scheduler_job.py:182} INFO - Started process (PID=478) to work on /home/airflow/.local/lib/python3.6/site-packages/airflow/example_dags/example_complex.py
[2021-04-03 15:29:30,077] {scheduler_job.py:629} INFO - Processing file /home/airflow/.local/lib/python3.6/site-packages/airflow/example_dags/example_complex.py for tasks to queue
[2021-04-03 15:29:30,077] {logging_mixin.py:104} INFO - [2021-04-03 15:29:30,077] {dagbag.py:448} INFO - Filling up the DagBag from /home/airflow/.local/lib/python3.6/site-packages/airflow/example_dags/example_complex.py
[2021-04-03 15:29:30,086] {scheduler_job.py:639} INFO - DAG(s) dict_keys(['example_complex']) retrieved from /home/airflow/.local/lib/python3.6/site-packages/airflow/example_dags/example_complex.py
[2021-04-03 15:29:30,099] {logging_mixin.py:104} INFO - [2021-04-03 15:29:30,099] {dag.py:1818} INFO - Sync 1 DAGs
[2021-04-03 15:29:30,106] {logging_mixin.py:104} INFO - [2021-04-03 15:29:30,106] {dag.py:2273} INFO - Setting next_dagrun for example_complex to None
[2021-04-03 15:29:30,113] {scheduler_job.py:190} INFO - Processing /home/airflow/.local/lib/python3.6/site-packages/airflow/example_dags/example_complex.py took 0.038 seconds
[2021-04-03 15:30:00,698] {scheduler_job.py:182} INFO - Started process (PID=504) to work on /home/airflow/.local/lib/python3.6/site-packages/airflow/example_dags/example_complex.py
[2021-04-03 15:30:00,699] {scheduler_job.py:629} INFO - Processing file /home/airflow/.local/lib/python3.6/site-packages/airflow/example_dags/example_complex.py for tasks to queue
[2021-04-03 15:30:00,699] {logging_mixin.py:104} INFO - [2021-04-03 15:30:00,699] {dagbag.py:448} INFO - Filling up the DagBag from /home/airflow/.local/lib/python3.6/site-packages/airflow/example_dags/example_complex.py
[2021-04-03 15:30:00,707] {scheduler_job.py:639} INFO - DAG(s) dict_keys(['example_complex']) retrieved from /home/airflow/.local/lib/python3.6/site-packages/airflow/example_dags/example_complex.py
[2021-04-03 15:30:00,720] {logging_mixin.py:104} INFO - [2021-04-03 15:30:00,720] {dag.py:1818} INFO - Sync 1 DAGs
[2021-04-03 15:30:00,727] {logging_mixin.py:104} INFO - [2021-04-03 15:30:00,727] {dag.py:2273} INFO - Setting next_dagrun for example_complex to None
[2021-04-03 15:30:00,732] {scheduler_job.py:190} INFO - Processing /home/airflow/.local/lib/python3.6/site-packages/airflow/example_dags/example_complex.py took 0.036 seconds
[2021-04-03 15:30:31,335] {scheduler_job.py:182} INFO - Started process (PID=530) to work on /home/airflow/.local/lib/python3.6/site-packages/airflow/example_dags/example_complex.py
[2021-04-03 15:30:31,335] {scheduler_job.py:629} INFO - Processing file /home/airflow/.local/lib/python3.6/site-packages/airflow/example_dags/example_complex.py for tasks to queue
[2021-04-03 15:30:31,336] {logging_mixin.py:104} INFO - [2021-04-03 15:30:31,336] {dagbag.py:448} INFO - Filling up the DagBag from /home/airflow/.local/lib/python3.6/site-packages/airflow/example_dags/example_complex.py
[2021-04-03 15:30:31,344] {scheduler_job.py:639} INFO - DAG(s) dict_keys(['example_complex']) retrieved from /home/airflow/.local/lib/python3.6/site-packages/airflow/example_dags/example_complex.py
[2021-04-03 15:30:31,357] {logging_mixin.py:104} INFO - [2021-04-03 15:30:31,357] {dag.py:1818} INFO - Sync 1 DAGs
[2021-04-03 15:30:31,364] {logging_mixin.py:104} INFO - [2021-04-03 15:30:31,364] {dag.py:2273} INFO - Setting next_dagrun for example_complex to None
[2021-04-03 15:30:31,371] {scheduler_job.py:190} INFO - Processing /home/airflow/.local/lib/python3.6/site-packages/airflow/example_dags/example_complex.py took 0.037 seconds
[2021-04-03 15:31:01,986] {scheduler_job.py:182} INFO - Started process (PID=556) to work on /home/airflow/.local/lib/python3.6/site-packages/airflow/example_dags/example_complex.py
[2021-04-03 15:31:01,987] {scheduler_job.py:629} INFO - Processing file /home/airflow/.local/lib/python3.6/site-packages/airflow/example_dags/example_complex.py for tasks to queue
[2021-04-03 15:31:01,987] {logging_mixin.py:104} INFO - [2021-04-03 15:31:01,987] {dagbag.py:448} INFO - Filling up the DagBag from /home/airflow/.local/lib/python3.6/site-packages/airflow/example_dags/example_complex.py
[2021-04-03 15:31:01,996] {scheduler_job.py:639} INFO - DAG(s) dict_keys(['example_complex']) retrieved from /home/airflow/.local/lib/python3.6/site-packages/airflow/example_dags/example_complex.py
[2021-04-03 15:31:02,008] {logging_mixin.py:104} INFO - [2021-04-03 15:31:02,008] {dag.py:1818} INFO - Sync 1 DAGs
[2021-04-03 15:31:02,015] {logging_mixin.py:104} INFO - [2021-04-03 15:31:02,015] {dag.py:2273} INFO - Setting next_dagrun for example_complex to None
[2021-04-03 15:31:02,021] {scheduler_job.py:190} INFO - Processing /home/airflow/.local/lib/python3.6/site-packages/airflow/example_dags/example_complex.py took 0.037 seconds
[2021-04-03 15:31:32,576] {scheduler_job.py:182} INFO - Started process (PID=582) to work on /home/airflow/.local/lib/python3.6/site-packages/airflow/example_dags/example_complex.py
[2021-04-03 15:31:32,576] {scheduler_job.py:629} INFO - Processing file /home/airflow/.local/lib/python3.6/site-packages/airflow/example_dags/example_complex.py for tasks to queue
[2021-04-03 15:31:32,576] {logging_mixin.py:104} INFO - [2021-04-03 15:31:32,576] {dagbag.py:448} INFO - Filling up the DagBag from /home/airflow/.local/lib/python3.6/site-packages/airflow/example_dags/example_complex.py
[2021-04-03 15:31:32,586] {scheduler_job.py:639} INFO - DAG(s) dict_keys(['example_complex']) retrieved from /home/airflow/.local/lib/python3.6/site-packages/airflow/example_dags/example_complex.py
[2021-04-03 15:31:32,598] {logging_mixin.py:104} INFO - [2021-04-03 15:31:32,598] {dag.py:1818} INFO - Sync 1 DAGs
[2021-04-03 15:31:32,605] {logging_mixin.py:104} INFO - [2021-04-03 15:31:32,605] {dag.py:2273} INFO - Setting next_dagrun for example_complex to None
[2021-04-03 15:31:32,611] {scheduler_job.py:190} INFO - Processing /home/airflow/.local/lib/python3.6/site-packages/airflow/example_dags/example_complex.py took 0.037 seconds
[2021-04-03 15:32:03,171] {scheduler_job.py:182} INFO - Started process (PID=608) to work on /home/airflow/.local/lib/python3.6/site-packages/airflow/example_dags/example_complex.py
[2021-04-03 15:32:03,171] {scheduler_job.py:629} INFO - Processing file /home/airflow/.local/lib/python3.6/site-packages/airflow/example_dags/example_complex.py for tasks to queue
[2021-04-03 15:32:03,171] {logging_mixin.py:104} INFO - [2021-04-03 15:32:03,171] {dagbag.py:448} INFO - Filling up the DagBag from /home/airflow/.local/lib/python3.6/site-packages/airflow/example_dags/example_complex.py
[2021-04-03 15:32:03,181] {scheduler_job.py:639} INFO - DAG(s) dict_keys(['example_complex']) retrieved from /home/airflow/.local/lib/python3.6/site-packages/airflow/example_dags/example_complex.py
[2021-04-03 15:32:03,193] {logging_mixin.py:104} INFO - [2021-04-03 15:32:03,193] {dag.py:1818} INFO - Sync 1 DAGs
[2021-04-03 15:32:03,200] {logging_mixin.py:104} INFO - [2021-04-03 15:32:03,200] {dag.py:2273} INFO - Setting next_dagrun for example_complex to None
[2021-04-03 15:32:03,205] {scheduler_job.py:190} INFO - Processing /home/airflow/.local/lib/python3.6/site-packages/airflow/example_dags/example_complex.py took 0.036 seconds
[2021-04-03 15:32:33,796] {scheduler_job.py:182} INFO - Started process (PID=634) to work on /home/airflow/.local/lib/python3.6/site-packages/airflow/example_dags/example_complex.py
[2021-04-03 15:32:33,796] {scheduler_job.py:629} INFO - Processing file /home/airflow/.local/lib/python3.6/site-packages/airflow/example_dags/example_complex.py for tasks to queue
[2021-04-03 15:32:33,796] {logging_mixin.py:104} INFO - [2021-04-03 15:32:33,796] {dagbag.py:448} INFO - Filling up the DagBag from /home/airflow/.local/lib/python3.6/site-packages/airflow/example_dags/example_complex.py
[2021-04-03 15:32:33,806] {scheduler_job.py:639} INFO - DAG(s) dict_keys(['example_complex']) retrieved from /home/airflow/.local/lib/python3.6/site-packages/airflow/example_dags/example_complex.py
[2021-04-03 15:32:33,818] {logging_mixin.py:104} INFO - [2021-04-03 15:32:33,818] {dag.py:1818} INFO - Sync 1 DAGs
[2021-04-03 15:32:33,826] {logging_mixin.py:104} INFO - [2021-04-03 15:32:33,825] {dag.py:2273} INFO - Setting next_dagrun for example_complex to None
[2021-04-03 15:32:33,831] {scheduler_job.py:190} INFO - Processing /home/airflow/.local/lib/python3.6/site-packages/airflow/example_dags/example_complex.py took 0.037 seconds
[2021-04-03 15:33:04,427] {scheduler_job.py:182} INFO - Started process (PID=660) to work on /home/airflow/.local/lib/python3.6/site-packages/airflow/example_dags/example_complex.py
[2021-04-03 15:33:04,428] {scheduler_job.py:629} INFO - Processing file /home/airflow/.local/lib/python3.6/site-packages/airflow/example_dags/example_complex.py for tasks to queue
[2021-04-03 15:33:04,428] {logging_mixin.py:104} INFO - [2021-04-03 15:33:04,428] {dagbag.py:448} INFO - Filling up the DagBag from /home/airflow/.local/lib/python3.6/site-packages/airflow/example_dags/example_complex.py
[2021-04-03 15:33:04,437] {scheduler_job.py:639} INFO - DAG(s) dict_keys(['example_complex']) retrieved from /home/airflow/.local/lib/python3.6/site-packages/airflow/example_dags/example_complex.py
[2021-04-03 15:33:04,449] {logging_mixin.py:104} INFO - [2021-04-03 15:33:04,449] {dag.py:1818} INFO - Sync 1 DAGs
[2021-04-03 15:33:04,456] {logging_mixin.py:104} INFO - [2021-04-03 15:33:04,456] {dag.py:2273} INFO - Setting next_dagrun for example_complex to None
[2021-04-03 15:33:04,461] {scheduler_job.py:190} INFO - Processing /home/airflow/.local/lib/python3.6/site-packages/airflow/example_dags/example_complex.py took 0.036 seconds
[2021-04-03 15:33:35,035] {scheduler_job.py:182} INFO - Started process (PID=686) to work on /home/airflow/.local/lib/python3.6/site-packages/airflow/example_dags/example_complex.py
[2021-04-03 15:33:35,036] {scheduler_job.py:629} INFO - Processing file /home/airflow/.local/lib/python3.6/site-packages/airflow/example_dags/example_complex.py for tasks to queue
[2021-04-03 15:33:35,036] {logging_mixin.py:104} INFO - [2021-04-03 15:33:35,036] {dagbag.py:448} INFO - Filling up the DagBag from /home/airflow/.local/lib/python3.6/site-packages/airflow/example_dags/example_complex.py
[2021-04-03 15:33:35,045] {scheduler_job.py:639} INFO - DAG(s) dict_keys(['example_complex']) retrieved from /home/airflow/.local/lib/python3.6/site-packages/airflow/example_dags/example_complex.py
[2021-04-03 15:33:35,058] {logging_mixin.py:104} INFO - [2021-04-03 15:33:35,057] {dag.py:1818} INFO - Sync 1 DAGs
[2021-04-03 15:33:35,064] {logging_mixin.py:104} INFO - [2021-04-03 15:33:35,064] {dag.py:2273} INFO - Setting next_dagrun for example_complex to None
[2021-04-03 15:33:35,071] {scheduler_job.py:190} INFO - Processing /home/airflow/.local/lib/python3.6/site-packages/airflow/example_dags/example_complex.py took 0.036 seconds
[2021-04-03 15:34:05,616] {scheduler_job.py:182} INFO - Started process (PID=712) to work on /home/airflow/.local/lib/python3.6/site-packages/airflow/example_dags/example_complex.py
[2021-04-03 15:34:05,617] {scheduler_job.py:629} INFO - Processing file /home/airflow/.local/lib/python3.6/site-packages/airflow/example_dags/example_complex.py for tasks to queue
[2021-04-03 15:34:05,617] {logging_mixin.py:104} INFO - [2021-04-03 15:34:05,617] {dagbag.py:448} INFO - Filling up the DagBag from /home/airflow/.local/lib/python3.6/site-packages/airflow/example_dags/example_complex.py
[2021-04-03 15:34:05,626] {scheduler_job.py:639} INFO - DAG(s) dict_keys(['example_complex']) retrieved from /home/airflow/.local/lib/python3.6/site-packages/airflow/example_dags/example_complex.py
[2021-04-03 15:34:05,638] {logging_mixin.py:104} INFO - [2021-04-03 15:34:05,638] {dag.py:1818} INFO - Sync 1 DAGs
[2021-04-03 15:34:05,645] {logging_mixin.py:104} INFO - [2021-04-03 15:34:05,645] {dag.py:2273} INFO - Setting next_dagrun for example_complex to None
[2021-04-03 15:34:05,651] {scheduler_job.py:190} INFO - Processing /home/airflow/.local/lib/python3.6/site-packages/airflow/example_dags/example_complex.py took 0.036 seconds
[2021-04-03 15:34:36,208] {scheduler_job.py:182} INFO - Started process (PID=738) to work on /home/airflow/.local/lib/python3.6/site-packages/airflow/example_dags/example_complex.py
[2021-04-03 15:34:36,208] {scheduler_job.py:629} INFO - Processing file /home/airflow/.local/lib/python3.6/site-packages/airflow/example_dags/example_complex.py for tasks to queue
[2021-04-03 15:34:36,209] {logging_mixin.py:104} INFO - [2021-04-03 15:34:36,209] {dagbag.py:448} INFO - Filling up the DagBag from /home/airflow/.local/lib/python3.6/site-packages/airflow/example_dags/example_complex.py
[2021-04-03 15:34:36,218] {scheduler_job.py:639} INFO - DAG(s) dict_keys(['example_complex']) retrieved from /home/airflow/.local/lib/python3.6/site-packages/airflow/example_dags/example_complex.py
[2021-04-03 15:34:36,230] {logging_mixin.py:104} INFO - [2021-04-03 15:34:36,230] {dag.py:1818} INFO - Sync 1 DAGs
[2021-04-03 15:34:36,236] {logging_mixin.py:104} INFO - [2021-04-03 15:34:36,236] {dag.py:2273} INFO - Setting next_dagrun for example_complex to None
[2021-04-03 15:34:36,242] {scheduler_job.py:190} INFO - Processing /home/airflow/.local/lib/python3.6/site-packages/airflow/example_dags/example_complex.py took 0.035 seconds
[2021-04-03 15:35:06,801] {scheduler_job.py:182} INFO - Started process (PID=764) to work on /home/airflow/.local/lib/python3.6/site-packages/airflow/example_dags/example_complex.py
[2021-04-03 15:35:06,802] {scheduler_job.py:629} INFO - Processing file /home/airflow/.local/lib/python3.6/site-packages/airflow/example_dags/example_complex.py for tasks to queue
[2021-04-03 15:35:06,802] {logging_mixin.py:104} INFO - [2021-04-03 15:35:06,802] {dagbag.py:448} INFO - Filling up the DagBag from /home/airflow/.local/lib/python3.6/site-packages/airflow/example_dags/example_complex.py
[2021-04-03 15:35:06,811] {scheduler_job.py:639} INFO - DAG(s) dict_keys(['example_complex']) retrieved from /home/airflow/.local/lib/python3.6/site-packages/airflow/example_dags/example_complex.py
[2021-04-03 15:35:06,823] {logging_mixin.py:104} INFO - [2021-04-03 15:35:06,823] {dag.py:1818} INFO - Sync 1 DAGs
[2021-04-03 15:35:06,830] {logging_mixin.py:104} INFO - [2021-04-03 15:35:06,830] {dag.py:2273} INFO - Setting next_dagrun for example_complex to None
[2021-04-03 15:35:06,836] {scheduler_job.py:190} INFO - Processing /home/airflow/.local/lib/python3.6/site-packages/airflow/example_dags/example_complex.py took 0.037 seconds
[2021-04-03 15:35:37,389] {scheduler_job.py:182} INFO - Started process (PID=790) to work on /home/airflow/.local/lib/python3.6/site-packages/airflow/example_dags/example_complex.py
[2021-04-03 15:35:37,390] {scheduler_job.py:629} INFO - Processing file /home/airflow/.local/lib/python3.6/site-packages/airflow/example_dags/example_complex.py for tasks to queue
[2021-04-03 15:35:37,390] {logging_mixin.py:104} INFO - [2021-04-03 15:35:37,390] {dagbag.py:448} INFO - Filling up the DagBag from /home/airflow/.local/lib/python3.6/site-packages/airflow/example_dags/example_complex.py
[2021-04-03 15:35:37,399] {scheduler_job.py:639} INFO - DAG(s) dict_keys(['example_complex']) retrieved from /home/airflow/.local/lib/python3.6/site-packages/airflow/example_dags/example_complex.py
[2021-04-03 15:35:37,411] {logging_mixin.py:104} INFO - [2021-04-03 15:35:37,411] {dag.py:1818} INFO - Sync 1 DAGs
[2021-04-03 15:35:37,418] {logging_mixin.py:104} INFO - [2021-04-03 15:35:37,418] {dag.py:2273} INFO - Setting next_dagrun for example_complex to None
[2021-04-03 15:35:37,423] {scheduler_job.py:190} INFO - Processing /home/airflow/.local/lib/python3.6/site-packages/airflow/example_dags/example_complex.py took 0.036 seconds
[2021-04-03 15:36:07,981] {scheduler_job.py:182} INFO - Started process (PID=816) to work on /home/airflow/.local/lib/python3.6/site-packages/airflow/example_dags/example_complex.py
[2021-04-03 15:36:07,981] {scheduler_job.py:629} INFO - Processing file /home/airflow/.local/lib/python3.6/site-packages/airflow/example_dags/example_complex.py for tasks to queue
[2021-04-03 15:36:07,982] {logging_mixin.py:104} INFO - [2021-04-03 15:36:07,982] {dagbag.py:448} INFO - Filling up the DagBag from /home/airflow/.local/lib/python3.6/site-packages/airflow/example_dags/example_complex.py
[2021-04-03 15:36:07,991] {scheduler_job.py:639} INFO - DAG(s) dict_keys(['example_complex']) retrieved from /home/airflow/.local/lib/python3.6/site-packages/airflow/example_dags/example_complex.py
[2021-04-03 15:36:08,003] {logging_mixin.py:104} INFO - [2021-04-03 15:36:08,003] {dag.py:1818} INFO - Sync 1 DAGs
[2021-04-03 15:36:08,009] {logging_mixin.py:104} INFO - [2021-04-03 15:36:08,009] {dag.py:2273} INFO - Setting next_dagrun for example_complex to None
[2021-04-03 15:36:08,016] {scheduler_job.py:190} INFO - Processing /home/airflow/.local/lib/python3.6/site-packages/airflow/example_dags/example_complex.py took 0.036 seconds
[2021-04-03 15:36:38,619] {scheduler_job.py:182} INFO - Started process (PID=842) to work on /home/airflow/.local/lib/python3.6/site-packages/airflow/example_dags/example_complex.py
[2021-04-03 15:36:38,619] {scheduler_job.py:629} INFO - Processing file /home/airflow/.local/lib/python3.6/site-packages/airflow/example_dags/example_complex.py for tasks to queue
[2021-04-03 15:36:38,620] {logging_mixin.py:104} INFO - [2021-04-03 15:36:38,620] {dagbag.py:448} INFO - Filling up the DagBag from /home/airflow/.local/lib/python3.6/site-packages/airflow/example_dags/example_complex.py
[2021-04-03 15:36:38,628] {scheduler_job.py:639} INFO - DAG(s) dict_keys(['example_complex']) retrieved from /home/airflow/.local/lib/python3.6/site-packages/airflow/example_dags/example_complex.py
[2021-04-03 15:36:38,640] {logging_mixin.py:104} INFO - [2021-04-03 15:36:38,640] {dag.py:1818} INFO - Sync 1 DAGs
[2021-04-03 15:36:38,647] {logging_mixin.py:104} INFO - [2021-04-03 15:36:38,647] {dag.py:2273} INFO - Setting next_dagrun for example_complex to None
[2021-04-03 15:36:38,653] {scheduler_job.py:190} INFO - Processing /home/airflow/.local/lib/python3.6/site-packages/airflow/example_dags/example_complex.py took 0.035 seconds
[2021-04-03 15:37:09,189] {scheduler_job.py:182} INFO - Started process (PID=868) to work on /home/airflow/.local/lib/python3.6/site-packages/airflow/example_dags/example_complex.py
[2021-04-03 15:37:09,190] {scheduler_job.py:629} INFO - Processing file /home/airflow/.local/lib/python3.6/site-packages/airflow/example_dags/example_complex.py for tasks to queue
[2021-04-03 15:37:09,190] {logging_mixin.py:104} INFO - [2021-04-03 15:37:09,190] {dagbag.py:448} INFO - Filling up the DagBag from /home/airflow/.local/lib/python3.6/site-packages/airflow/example_dags/example_complex.py
[2021-04-03 15:37:09,199] {scheduler_job.py:639} INFO - DAG(s) dict_keys(['example_complex']) retrieved from /home/airflow/.local/lib/python3.6/site-packages/airflow/example_dags/example_complex.py
[2021-04-03 15:37:09,211] {logging_mixin.py:104} INFO - [2021-04-03 15:37:09,211] {dag.py:1818} INFO - Sync 1 DAGs
[2021-04-03 15:37:09,218] {logging_mixin.py:104} INFO - [2021-04-03 15:37:09,218] {dag.py:2273} INFO - Setting next_dagrun for example_complex to None
[2021-04-03 15:37:09,224] {scheduler_job.py:190} INFO - Processing /home/airflow/.local/lib/python3.6/site-packages/airflow/example_dags/example_complex.py took 0.036 seconds
[2021-04-03 15:37:39,776] {scheduler_job.py:182} INFO - Started process (PID=894) to work on /home/airflow/.local/lib/python3.6/site-packages/airflow/example_dags/example_complex.py
[2021-04-03 15:37:39,777] {scheduler_job.py:629} INFO - Processing file /home/airflow/.local/lib/python3.6/site-packages/airflow/example_dags/example_complex.py for tasks to queue
[2021-04-03 15:37:39,777] {logging_mixin.py:104} INFO - [2021-04-03 15:37:39,777] {dagbag.py:448} INFO - Filling up the DagBag from /home/airflow/.local/lib/python3.6/site-packages/airflow/example_dags/example_complex.py
[2021-04-03 15:37:39,786] {scheduler_job.py:639} INFO - DAG(s) dict_keys(['example_complex']) retrieved from /home/airflow/.local/lib/python3.6/site-packages/airflow/example_dags/example_complex.py
[2021-04-03 15:37:39,798] {logging_mixin.py:104} INFO - [2021-04-03 15:37:39,798] {dag.py:1818} INFO - Sync 1 DAGs
[2021-04-03 15:37:39,804] {logging_mixin.py:104} INFO - [2021-04-03 15:37:39,804] {dag.py:2273} INFO - Setting next_dagrun for example_complex to None
[2021-04-03 15:37:39,811] {scheduler_job.py:190} INFO - Processing /home/airflow/.local/lib/python3.6/site-packages/airflow/example_dags/example_complex.py took 0.036 seconds
[2021-04-03 15:38:10,339] {scheduler_job.py:182} INFO - Started process (PID=920) to work on /home/airflow/.local/lib/python3.6/site-packages/airflow/example_dags/example_complex.py
[2021-04-03 15:38:10,339] {scheduler_job.py:629} INFO - Processing file /home/airflow/.local/lib/python3.6/site-packages/airflow/example_dags/example_complex.py for tasks to queue
[2021-04-03 15:38:10,339] {logging_mixin.py:104} INFO - [2021-04-03 15:38:10,339] {dagbag.py:448} INFO - Filling up the DagBag from /home/airflow/.local/lib/python3.6/site-packages/airflow/example_dags/example_complex.py
[2021-04-03 15:38:10,348] {scheduler_job.py:639} INFO - DAG(s) dict_keys(['example_complex']) retrieved from /home/airflow/.local/lib/python3.6/site-packages/airflow/example_dags/example_complex.py
[2021-04-03 15:38:10,360] {logging_mixin.py:104} INFO - [2021-04-03 15:38:10,360] {dag.py:1818} INFO - Sync 1 DAGs
[2021-04-03 15:38:10,367] {logging_mixin.py:104} INFO - [2021-04-03 15:38:10,367] {dag.py:2273} INFO - Setting next_dagrun for example_complex to None
[2021-04-03 15:38:10,374] {scheduler_job.py:190} INFO - Processing /home/airflow/.local/lib/python3.6/site-packages/airflow/example_dags/example_complex.py took 0.036 seconds
[2021-04-03 15:38:40,972] {scheduler_job.py:182} INFO - Started process (PID=946) to work on /home/airflow/.local/lib/python3.6/site-packages/airflow/example_dags/example_complex.py
[2021-04-03 15:38:40,973] {scheduler_job.py:629} INFO - Processing file /home/airflow/.local/lib/python3.6/site-packages/airflow/example_dags/example_complex.py for tasks to queue
[2021-04-03 15:38:40,973] {logging_mixin.py:104} INFO - [2021-04-03 15:38:40,973] {dagbag.py:448} INFO - Filling up the DagBag from /home/airflow/.local/lib/python3.6/site-packages/airflow/example_dags/example_complex.py
[2021-04-03 15:38:40,983] {scheduler_job.py:639} INFO - DAG(s) dict_keys(['example_complex']) retrieved from /home/airflow/.local/lib/python3.6/site-packages/airflow/example_dags/example_complex.py
[2021-04-03 15:38:40,995] {logging_mixin.py:104} INFO - [2021-04-03 15:38:40,995] {dag.py:1818} INFO - Sync 1 DAGs
[2021-04-03 15:38:41,001] {logging_mixin.py:104} INFO - [2021-04-03 15:38:41,001] {dag.py:2273} INFO - Setting next_dagrun for example_complex to None
[2021-04-03 15:38:41,007] {scheduler_job.py:190} INFO - Processing /home/airflow/.local/lib/python3.6/site-packages/airflow/example_dags/example_complex.py took 0.036 seconds
[2021-04-03 15:39:11,578] {scheduler_job.py:182} INFO - Started process (PID=972) to work on /home/airflow/.local/lib/python3.6/site-packages/airflow/example_dags/example_complex.py
[2021-04-03 15:39:11,579] {scheduler_job.py:629} INFO - Processing file /home/airflow/.local/lib/python3.6/site-packages/airflow/example_dags/example_complex.py for tasks to queue
[2021-04-03 15:39:11,579] {logging_mixin.py:104} INFO - [2021-04-03 15:39:11,579] {dagbag.py:448} INFO - Filling up the DagBag from /home/airflow/.local/lib/python3.6/site-packages/airflow/example_dags/example_complex.py
[2021-04-03 15:39:11,588] {scheduler_job.py:639} INFO - DAG(s) dict_keys(['example_complex']) retrieved from /home/airflow/.local/lib/python3.6/site-packages/airflow/example_dags/example_complex.py
[2021-04-03 15:39:11,600] {logging_mixin.py:104} INFO - [2021-04-03 15:39:11,600] {dag.py:1818} INFO - Sync 1 DAGs
[2021-04-03 15:39:11,606] {logging_mixin.py:104} INFO - [2021-04-03 15:39:11,606] {dag.py:2273} INFO - Setting next_dagrun for example_complex to None
[2021-04-03 15:39:11,613] {scheduler_job.py:190} INFO - Processing /home/airflow/.local/lib/python3.6/site-packages/airflow/example_dags/example_complex.py took 0.036 seconds
[2021-04-03 15:39:42,179] {scheduler_job.py:182} INFO - Started process (PID=998) to work on /home/airflow/.local/lib/python3.6/site-packages/airflow/example_dags/example_complex.py
[2021-04-03 15:39:42,180] {scheduler_job.py:629} INFO - Processing file /home/airflow/.local/lib/python3.6/site-packages/airflow/example_dags/example_complex.py for tasks to queue
[2021-04-03 15:39:42,180] {logging_mixin.py:104} INFO - [2021-04-03 15:39:42,180] {dagbag.py:448} INFO - Filling up the DagBag from /home/airflow/.local/lib/python3.6/site-packages/airflow/example_dags/example_complex.py
[2021-04-03 15:39:42,188] {scheduler_job.py:639} INFO - DAG(s) dict_keys(['example_complex']) retrieved from /home/airflow/.local/lib/python3.6/site-packages/airflow/example_dags/example_complex.py
[2021-04-03 15:39:42,200] {logging_mixin.py:104} INFO - [2021-04-03 15:39:42,200] {dag.py:1818} INFO - Sync 1 DAGs
[2021-04-03 15:39:42,207] {logging_mixin.py:104} INFO - [2021-04-03 15:39:42,207] {dag.py:2273} INFO - Setting next_dagrun for example_complex to None
[2021-04-03 15:39:42,213] {scheduler_job.py:190} INFO - Processing /home/airflow/.local/lib/python3.6/site-packages/airflow/example_dags/example_complex.py took 0.035 seconds
[2021-04-03 15:40:12,810] {scheduler_job.py:182} INFO - Started process (PID=1024) to work on /home/airflow/.local/lib/python3.6/site-packages/airflow/example_dags/example_complex.py
[2021-04-03 15:40:12,811] {scheduler_job.py:629} INFO - Processing file /home/airflow/.local/lib/python3.6/site-packages/airflow/example_dags/example_complex.py for tasks to queue
[2021-04-03 15:40:12,811] {logging_mixin.py:104} INFO - [2021-04-03 15:40:12,811] {dagbag.py:448} INFO - Filling up the DagBag from /home/airflow/.local/lib/python3.6/site-packages/airflow/example_dags/example_complex.py
[2021-04-03 15:40:12,820] {scheduler_job.py:639} INFO - DAG(s) dict_keys(['example_complex']) retrieved from /home/airflow/.local/lib/python3.6/site-packages/airflow/example_dags/example_complex.py
[2021-04-03 15:40:12,832] {logging_mixin.py:104} INFO - [2021-04-03 15:40:12,832] {dag.py:1818} INFO - Sync 1 DAGs
[2021-04-03 15:40:12,839] {logging_mixin.py:104} INFO - [2021-04-03 15:40:12,839] {dag.py:2273} INFO - Setting next_dagrun for example_complex to None
[2021-04-03 15:40:12,845] {scheduler_job.py:190} INFO - Processing /home/airflow/.local/lib/python3.6/site-packages/airflow/example_dags/example_complex.py took 0.035 seconds
[2021-04-03 15:40:43,467] {scheduler_job.py:182} INFO - Started process (PID=1050) to work on /home/airflow/.local/lib/python3.6/site-packages/airflow/example_dags/example_complex.py
[2021-04-03 15:40:43,468] {scheduler_job.py:629} INFO - Processing file /home/airflow/.local/lib/python3.6/site-packages/airflow/example_dags/example_complex.py for tasks to queue
[2021-04-03 15:40:43,468] {logging_mixin.py:104} INFO - [2021-04-03 15:40:43,468] {dagbag.py:448} INFO - Filling up the DagBag from /home/airflow/.local/lib/python3.6/site-packages/airflow/example_dags/example_complex.py
[2021-04-03 15:40:43,477] {scheduler_job.py:639} INFO - DAG(s) dict_keys(['example_complex']) retrieved from /home/airflow/.local/lib/python3.6/site-packages/airflow/example_dags/example_complex.py
[2021-04-03 15:40:43,489] {logging_mixin.py:104} INFO - [2021-04-03 15:40:43,489] {dag.py:1818} INFO - Sync 1 DAGs
[2021-04-03 15:40:43,496] {logging_mixin.py:104} INFO - [2021-04-03 15:40:43,496] {dag.py:2273} INFO - Setting next_dagrun for example_complex to None
[2021-04-03 15:40:43,503] {scheduler_job.py:190} INFO - Processing /home/airflow/.local/lib/python3.6/site-packages/airflow/example_dags/example_complex.py took 0.037 seconds
[2021-04-03 15:41:14,113] {scheduler_job.py:182} INFO - Started process (PID=1076) to work on /home/airflow/.local/lib/python3.6/site-packages/airflow/example_dags/example_complex.py
[2021-04-03 15:41:14,113] {scheduler_job.py:629} INFO - Processing file /home/airflow/.local/lib/python3.6/site-packages/airflow/example_dags/example_complex.py for tasks to queue
[2021-04-03 15:41:14,113] {logging_mixin.py:104} INFO - [2021-04-03 15:41:14,113] {dagbag.py:448} INFO - Filling up the DagBag from /home/airflow/.local/lib/python3.6/site-packages/airflow/example_dags/example_complex.py
[2021-04-03 15:41:14,122] {scheduler_job.py:639} INFO - DAG(s) dict_keys(['example_complex']) retrieved from /home/airflow/.local/lib/python3.6/site-packages/airflow/example_dags/example_complex.py
[2021-04-03 15:41:14,134] {logging_mixin.py:104} INFO - [2021-04-03 15:41:14,134] {dag.py:1818} INFO - Sync 1 DAGs
[2021-04-03 15:41:14,141] {logging_mixin.py:104} INFO - [2021-04-03 15:41:14,141] {dag.py:2273} INFO - Setting next_dagrun for example_complex to None
[2021-04-03 15:41:14,148] {scheduler_job.py:190} INFO - Processing /home/airflow/.local/lib/python3.6/site-packages/airflow/example_dags/example_complex.py took 0.036 seconds
[2021-04-03 15:41:44,781] {scheduler_job.py:182} INFO - Started process (PID=1102) to work on /home/airflow/.local/lib/python3.6/site-packages/airflow/example_dags/example_complex.py
[2021-04-03 15:41:44,781] {scheduler_job.py:629} INFO - Processing file /home/airflow/.local/lib/python3.6/site-packages/airflow/example_dags/example_complex.py for tasks to queue
[2021-04-03 15:41:44,781] {logging_mixin.py:104} INFO - [2021-04-03 15:41:44,781] {dagbag.py:448} INFO - Filling up the DagBag from /home/airflow/.local/lib/python3.6/site-packages/airflow/example_dags/example_complex.py
[2021-04-03 15:41:44,790] {scheduler_job.py:639} INFO - DAG(s) dict_keys(['example_complex']) retrieved from /home/airflow/.local/lib/python3.6/site-packages/airflow/example_dags/example_complex.py
[2021-04-03 15:41:44,802] {logging_mixin.py:104} INFO - [2021-04-03 15:41:44,802] {dag.py:1818} INFO - Sync 1 DAGs
[2021-04-03 15:41:44,809] {logging_mixin.py:104} INFO - [2021-04-03 15:41:44,809] {dag.py:2273} INFO - Setting next_dagrun for example_complex to None
[2021-04-03 15:41:44,815] {scheduler_job.py:190} INFO - Processing /home/airflow/.local/lib/python3.6/site-packages/airflow/example_dags/example_complex.py took 0.035 seconds
[2021-04-03 15:42:15,391] {scheduler_job.py:182} INFO - Started process (PID=1128) to work on /home/airflow/.local/lib/python3.6/site-packages/airflow/example_dags/example_complex.py
[2021-04-03 15:42:15,391] {scheduler_job.py:629} INFO - Processing file /home/airflow/.local/lib/python3.6/site-packages/airflow/example_dags/example_complex.py for tasks to queue
[2021-04-03 15:42:15,391] {logging_mixin.py:104} INFO - [2021-04-03 15:42:15,391] {dagbag.py:448} INFO - Filling up the DagBag from /home/airflow/.local/lib/python3.6/site-packages/airflow/example_dags/example_complex.py
[2021-04-03 15:42:15,400] {scheduler_job.py:639} INFO - DAG(s) dict_keys(['example_complex']) retrieved from /home/airflow/.local/lib/python3.6/site-packages/airflow/example_dags/example_complex.py
[2021-04-03 15:42:15,412] {logging_mixin.py:104} INFO - [2021-04-03 15:42:15,412] {dag.py:1818} INFO - Sync 1 DAGs
[2021-04-03 15:42:15,419] {logging_mixin.py:104} INFO - [2021-04-03 15:42:15,419] {dag.py:2273} INFO - Setting next_dagrun for example_complex to None
[2021-04-03 15:42:15,425] {scheduler_job.py:190} INFO - Processing /home/airflow/.local/lib/python3.6/site-packages/airflow/example_dags/example_complex.py took 0.035 seconds
[2021-04-03 15:42:46,002] {scheduler_job.py:182} INFO - Started process (PID=1154) to work on /home/airflow/.local/lib/python3.6/site-packages/airflow/example_dags/example_complex.py
[2021-04-03 15:42:46,002] {scheduler_job.py:629} INFO - Processing file /home/airflow/.local/lib/python3.6/site-packages/airflow/example_dags/example_complex.py for tasks to queue
[2021-04-03 15:42:46,003] {logging_mixin.py:104} INFO - [2021-04-03 15:42:46,003] {dagbag.py:448} INFO - Filling up the DagBag from /home/airflow/.local/lib/python3.6/site-packages/airflow/example_dags/example_complex.py
[2021-04-03 15:42:46,012] {scheduler_job.py:639} INFO - DAG(s) dict_keys(['example_complex']) retrieved from /home/airflow/.local/lib/python3.6/site-packages/airflow/example_dags/example_complex.py
[2021-04-03 15:42:46,024] {logging_mixin.py:104} INFO - [2021-04-03 15:42:46,024] {dag.py:1818} INFO - Sync 1 DAGs
[2021-04-03 15:42:46,031] {logging_mixin.py:104} INFO - [2021-04-03 15:42:46,030] {dag.py:2273} INFO - Setting next_dagrun for example_complex to None
[2021-04-03 15:42:46,036] {scheduler_job.py:190} INFO - Processing /home/airflow/.local/lib/python3.6/site-packages/airflow/example_dags/example_complex.py took 0.036 seconds
[2021-04-03 15:43:16,643] {scheduler_job.py:182} INFO - Started process (PID=1180) to work on /home/airflow/.local/lib/python3.6/site-packages/airflow/example_dags/example_complex.py
[2021-04-03 15:43:16,643] {scheduler_job.py:629} INFO - Processing file /home/airflow/.local/lib/python3.6/site-packages/airflow/example_dags/example_complex.py for tasks to queue
[2021-04-03 15:43:16,644] {logging_mixin.py:104} INFO - [2021-04-03 15:43:16,644] {dagbag.py:448} INFO - Filling up the DagBag from /home/airflow/.local/lib/python3.6/site-packages/airflow/example_dags/example_complex.py
[2021-04-03 15:43:16,652] {scheduler_job.py:639} INFO - DAG(s) dict_keys(['example_complex']) retrieved from /home/airflow/.local/lib/python3.6/site-packages/airflow/example_dags/example_complex.py
[2021-04-03 15:43:16,665] {logging_mixin.py:104} INFO - [2021-04-03 15:43:16,665] {dag.py:1818} INFO - Sync 1 DAGs
[2021-04-03 15:43:16,671] {logging_mixin.py:104} INFO - [2021-04-03 15:43:16,671] {dag.py:2273} INFO - Setting next_dagrun for example_complex to None
[2021-04-03 15:43:16,677] {scheduler_job.py:190} INFO - Processing /home/airflow/.local/lib/python3.6/site-packages/airflow/example_dags/example_complex.py took 0.035 seconds
[2021-04-03 15:43:47,208] {scheduler_job.py:182} INFO - Started process (PID=1206) to work on /home/airflow/.local/lib/python3.6/site-packages/airflow/example_dags/example_complex.py
[2021-04-03 15:43:47,208] {scheduler_job.py:629} INFO - Processing file /home/airflow/.local/lib/python3.6/site-packages/airflow/example_dags/example_complex.py for tasks to queue
[2021-04-03 15:43:47,208] {logging_mixin.py:104} INFO - [2021-04-03 15:43:47,208] {dagbag.py:448} INFO - Filling up the DagBag from /home/airflow/.local/lib/python3.6/site-packages/airflow/example_dags/example_complex.py
[2021-04-03 15:43:47,217] {scheduler_job.py:639} INFO - DAG(s) dict_keys(['example_complex']) retrieved from /home/airflow/.local/lib/python3.6/site-packages/airflow/example_dags/example_complex.py
[2021-04-03 15:43:47,229] {logging_mixin.py:104} INFO - [2021-04-03 15:43:47,229] {dag.py:1818} INFO - Sync 1 DAGs
[2021-04-03 15:43:47,236] {logging_mixin.py:104} INFO - [2021-04-03 15:43:47,236] {dag.py:2273} INFO - Setting next_dagrun for example_complex to None
[2021-04-03 15:43:47,243] {scheduler_job.py:190} INFO - Processing /home/airflow/.local/lib/python3.6/site-packages/airflow/example_dags/example_complex.py took 0.036 seconds
[2021-04-03 15:44:17,833] {scheduler_job.py:182} INFO - Started process (PID=1232) to work on /home/airflow/.local/lib/python3.6/site-packages/airflow/example_dags/example_complex.py
[2021-04-03 15:44:17,833] {scheduler_job.py:629} INFO - Processing file /home/airflow/.local/lib/python3.6/site-packages/airflow/example_dags/example_complex.py for tasks to queue
[2021-04-03 15:44:17,834] {logging_mixin.py:104} INFO - [2021-04-03 15:44:17,833] {dagbag.py:448} INFO - Filling up the DagBag from /home/airflow/.local/lib/python3.6/site-packages/airflow/example_dags/example_complex.py
[2021-04-03 15:44:17,842] {scheduler_job.py:639} INFO - DAG(s) dict_keys(['example_complex']) retrieved from /home/airflow/.local/lib/python3.6/site-packages/airflow/example_dags/example_complex.py
[2021-04-03 15:44:17,854] {logging_mixin.py:104} INFO - [2021-04-03 15:44:17,854] {dag.py:1818} INFO - Sync 1 DAGs
[2021-04-03 15:44:17,861] {logging_mixin.py:104} INFO - [2021-04-03 15:44:17,861] {dag.py:2273} INFO - Setting next_dagrun for example_complex to None
[2021-04-03 15:44:17,867] {scheduler_job.py:190} INFO - Processing /home/airflow/.local/lib/python3.6/site-packages/airflow/example_dags/example_complex.py took 0.035 seconds
[2021-04-03 15:44:48,386] {scheduler_job.py:182} INFO - Started process (PID=1258) to work on /home/airflow/.local/lib/python3.6/site-packages/airflow/example_dags/example_complex.py
[2021-04-03 15:44:48,387] {scheduler_job.py:629} INFO - Processing file /home/airflow/.local/lib/python3.6/site-packages/airflow/example_dags/example_complex.py for tasks to queue
[2021-04-03 15:44:48,387] {logging_mixin.py:104} INFO - [2021-04-03 15:44:48,387] {dagbag.py:448} INFO - Filling up the DagBag from /home/airflow/.local/lib/python3.6/site-packages/airflow/example_dags/example_complex.py
[2021-04-03 15:44:48,395] {scheduler_job.py:639} INFO - DAG(s) dict_keys(['example_complex']) retrieved from /home/airflow/.local/lib/python3.6/site-packages/airflow/example_dags/example_complex.py
[2021-04-03 15:44:48,408] {logging_mixin.py:104} INFO - [2021-04-03 15:44:48,408] {dag.py:1818} INFO - Sync 1 DAGs
[2021-04-03 15:44:48,415] {logging_mixin.py:104} INFO - [2021-04-03 15:44:48,415] {dag.py:2273} INFO - Setting next_dagrun for example_complex to None
[2021-04-03 15:44:48,422] {scheduler_job.py:190} INFO - Processing /home/airflow/.local/lib/python3.6/site-packages/airflow/example_dags/example_complex.py took 0.037 seconds
[2021-04-03 15:45:18,988] {scheduler_job.py:182} INFO - Started process (PID=1284) to work on /home/airflow/.local/lib/python3.6/site-packages/airflow/example_dags/example_complex.py
[2021-04-03 15:45:18,988] {scheduler_job.py:629} INFO - Processing file /home/airflow/.local/lib/python3.6/site-packages/airflow/example_dags/example_complex.py for tasks to queue
[2021-04-03 15:45:18,988] {logging_mixin.py:104} INFO - [2021-04-03 15:45:18,988] {dagbag.py:448} INFO - Filling up the DagBag from /home/airflow/.local/lib/python3.6/site-packages/airflow/example_dags/example_complex.py
[2021-04-03 15:45:18,997] {scheduler_job.py:639} INFO - DAG(s) dict_keys(['example_complex']) retrieved from /home/airflow/.local/lib/python3.6/site-packages/airflow/example_dags/example_complex.py
[2021-04-03 15:45:19,009] {logging_mixin.py:104} INFO - [2021-04-03 15:45:19,009] {dag.py:1818} INFO - Sync 1 DAGs
[2021-04-03 15:45:19,016] {logging_mixin.py:104} INFO - [2021-04-03 15:45:19,016] {dag.py:2273} INFO - Setting next_dagrun for example_complex to None
[2021-04-03 15:45:19,023] {scheduler_job.py:190} INFO - Processing /home/airflow/.local/lib/python3.6/site-packages/airflow/example_dags/example_complex.py took 0.036 seconds
[2021-04-03 15:45:49,571] {scheduler_job.py:182} INFO - Started process (PID=1310) to work on /home/airflow/.local/lib/python3.6/site-packages/airflow/example_dags/example_complex.py
[2021-04-03 15:45:49,571] {scheduler_job.py:629} INFO - Processing file /home/airflow/.local/lib/python3.6/site-packages/airflow/example_dags/example_complex.py for tasks to queue
[2021-04-03 15:45:49,572] {logging_mixin.py:104} INFO - [2021-04-03 15:45:49,572] {dagbag.py:448} INFO - Filling up the DagBag from /home/airflow/.local/lib/python3.6/site-packages/airflow/example_dags/example_complex.py
[2021-04-03 15:45:49,580] {scheduler_job.py:639} INFO - DAG(s) dict_keys(['example_complex']) retrieved from /home/airflow/.local/lib/python3.6/site-packages/airflow/example_dags/example_complex.py
[2021-04-03 15:45:49,593] {logging_mixin.py:104} INFO - [2021-04-03 15:45:49,593] {dag.py:1818} INFO - Sync 1 DAGs
[2021-04-03 15:45:49,600] {logging_mixin.py:104} INFO - [2021-04-03 15:45:49,600] {dag.py:2273} INFO - Setting next_dagrun for example_complex to None
[2021-04-03 15:45:49,606] {scheduler_job.py:190} INFO - Processing /home/airflow/.local/lib/python3.6/site-packages/airflow/example_dags/example_complex.py took 0.037 seconds
[2021-04-03 15:46:20,135] {scheduler_job.py:182} INFO - Started process (PID=1336) to work on /home/airflow/.local/lib/python3.6/site-packages/airflow/example_dags/example_complex.py
[2021-04-03 15:46:20,135] {scheduler_job.py:629} INFO - Processing file /home/airflow/.local/lib/python3.6/site-packages/airflow/example_dags/example_complex.py for tasks to queue
[2021-04-03 15:46:20,136] {logging_mixin.py:104} INFO - [2021-04-03 15:46:20,136] {dagbag.py:448} INFO - Filling up the DagBag from /home/airflow/.local/lib/python3.6/site-packages/airflow/example_dags/example_complex.py
[2021-04-03 15:46:20,144] {scheduler_job.py:639} INFO - DAG(s) dict_keys(['example_complex']) retrieved from /home/airflow/.local/lib/python3.6/site-packages/airflow/example_dags/example_complex.py
[2021-04-03 15:46:20,156] {logging_mixin.py:104} INFO - [2021-04-03 15:46:20,156] {dag.py:1818} INFO - Sync 1 DAGs
[2021-04-03 15:46:20,163] {logging_mixin.py:104} INFO - [2021-04-03 15:46:20,163] {dag.py:2273} INFO - Setting next_dagrun for example_complex to None
[2021-04-03 15:46:20,169] {scheduler_job.py:190} INFO - Processing /home/airflow/.local/lib/python3.6/site-packages/airflow/example_dags/example_complex.py took 0.036 seconds
[2021-04-03 15:46:50,720] {scheduler_job.py:182} INFO - Started process (PID=1362) to work on /home/airflow/.local/lib/python3.6/site-packages/airflow/example_dags/example_complex.py
[2021-04-03 15:46:50,720] {scheduler_job.py:629} INFO - Processing file /home/airflow/.local/lib/python3.6/site-packages/airflow/example_dags/example_complex.py for tasks to queue
[2021-04-03 15:46:50,720] {logging_mixin.py:104} INFO - [2021-04-03 15:46:50,720] {dagbag.py:448} INFO - Filling up the DagBag from /home/airflow/.local/lib/python3.6/site-packages/airflow/example_dags/example_complex.py
[2021-04-03 15:46:50,729] {scheduler_job.py:639} INFO - DAG(s) dict_keys(['example_complex']) retrieved from /home/airflow/.local/lib/python3.6/site-packages/airflow/example_dags/example_complex.py
[2021-04-03 15:46:50,741] {logging_mixin.py:104} INFO - [2021-04-03 15:46:50,741] {dag.py:1818} INFO - Sync 1 DAGs
[2021-04-03 15:46:50,748] {logging_mixin.py:104} INFO - [2021-04-03 15:46:50,748] {dag.py:2273} INFO - Setting next_dagrun for example_complex to None
[2021-04-03 15:46:50,755] {scheduler_job.py:190} INFO - Processing /home/airflow/.local/lib/python3.6/site-packages/airflow/example_dags/example_complex.py took 0.036 seconds
[2021-04-03 15:47:21,279] {scheduler_job.py:182} INFO - Started process (PID=1388) to work on /home/airflow/.local/lib/python3.6/site-packages/airflow/example_dags/example_complex.py
[2021-04-03 15:47:21,279] {scheduler_job.py:629} INFO - Processing file /home/airflow/.local/lib/python3.6/site-packages/airflow/example_dags/example_complex.py for tasks to queue
[2021-04-03 15:47:21,280] {logging_mixin.py:104} INFO - [2021-04-03 15:47:21,280] {dagbag.py:448} INFO - Filling up the DagBag from /home/airflow/.local/lib/python3.6/site-packages/airflow/example_dags/example_complex.py
[2021-04-03 15:47:21,288] {scheduler_job.py:639} INFO - DAG(s) dict_keys(['example_complex']) retrieved from /home/airflow/.local/lib/python3.6/site-packages/airflow/example_dags/example_complex.py
[2021-04-03 15:47:21,300] {logging_mixin.py:104} INFO - [2021-04-03 15:47:21,300] {dag.py:1818} INFO - Sync 1 DAGs
[2021-04-03 15:47:21,307] {logging_mixin.py:104} INFO - [2021-04-03 15:47:21,307] {dag.py:2273} INFO - Setting next_dagrun for example_complex to None
[2021-04-03 15:47:21,313] {scheduler_job.py:190} INFO - Processing /home/airflow/.local/lib/python3.6/site-packages/airflow/example_dags/example_complex.py took 0.036 seconds
[2021-04-03 15:47:51,897] {scheduler_job.py:182} INFO - Started process (PID=1414) to work on /home/airflow/.local/lib/python3.6/site-packages/airflow/example_dags/example_complex.py
[2021-04-03 15:47:51,898] {scheduler_job.py:629} INFO - Processing file /home/airflow/.local/lib/python3.6/site-packages/airflow/example_dags/example_complex.py for tasks to queue
[2021-04-03 15:47:51,898] {logging_mixin.py:104} INFO - [2021-04-03 15:47:51,898] {dagbag.py:448} INFO - Filling up the DagBag from /home/airflow/.local/lib/python3.6/site-packages/airflow/example_dags/example_complex.py
[2021-04-03 15:47:51,906] {scheduler_job.py:639} INFO - DAG(s) dict_keys(['example_complex']) retrieved from /home/airflow/.local/lib/python3.6/site-packages/airflow/example_dags/example_complex.py
[2021-04-03 15:47:51,919] {logging_mixin.py:104} INFO - [2021-04-03 15:47:51,918] {dag.py:1818} INFO - Sync 1 DAGs
[2021-04-03 15:47:51,925] {logging_mixin.py:104} INFO - [2021-04-03 15:47:51,925] {dag.py:2273} INFO - Setting next_dagrun for example_complex to None
[2021-04-03 15:47:51,932] {scheduler_job.py:190} INFO - Processing /home/airflow/.local/lib/python3.6/site-packages/airflow/example_dags/example_complex.py took 0.036 seconds
