[2021-04-03 12:21:06,731] {scheduler_job.py:182} INFO - Started process (PID=56) to work on /home/airflow/.local/lib/python3.6/site-packages/airflow/example_dags/example_nested_branch_dag.py
[2021-04-03 12:21:06,732] {scheduler_job.py:629} INFO - Processing file /home/airflow/.local/lib/python3.6/site-packages/airflow/example_dags/example_nested_branch_dag.py for tasks to queue
[2021-04-03 12:21:06,732] {logging_mixin.py:104} INFO - [2021-04-03 12:21:06,732] {dagbag.py:448} INFO - Filling up the DagBag from /home/airflow/.local/lib/python3.6/site-packages/airflow/example_dags/example_nested_branch_dag.py
[2021-04-03 12:21:06,739] {scheduler_job.py:639} INFO - DAG(s) dict_keys(['example_nested_branch_dag']) retrieved from /home/airflow/.local/lib/python3.6/site-packages/airflow/example_dags/example_nested_branch_dag.py
[2021-04-03 12:21:06,751] {logging_mixin.py:104} INFO - [2021-04-03 12:21:06,751] {dag.py:1818} INFO - Sync 1 DAGs
[2021-04-03 12:21:06,763] {logging_mixin.py:104} INFO - [2021-04-03 12:21:06,762] {dag.py:2273} INFO - Setting next_dagrun for example_nested_branch_dag to 2021-04-01 00:00:00+00:00
[2021-04-03 12:21:06,770] {scheduler_job.py:190} INFO - Processing /home/airflow/.local/lib/python3.6/site-packages/airflow/example_dags/example_nested_branch_dag.py took 0.040 seconds
[2021-04-03 15:21:21,053] {scheduler_job.py:182} INFO - Started process (PID=82) to work on /home/airflow/.local/lib/python3.6/site-packages/airflow/example_dags/example_nested_branch_dag.py
[2021-04-03 15:21:21,054] {scheduler_job.py:629} INFO - Processing file /home/airflow/.local/lib/python3.6/site-packages/airflow/example_dags/example_nested_branch_dag.py for tasks to queue
[2021-04-03 15:21:21,054] {logging_mixin.py:104} INFO - [2021-04-03 15:21:21,054] {dagbag.py:448} INFO - Filling up the DagBag from /home/airflow/.local/lib/python3.6/site-packages/airflow/example_dags/example_nested_branch_dag.py
[2021-04-03 15:21:21,065] {scheduler_job.py:639} INFO - DAG(s) dict_keys(['example_nested_branch_dag']) retrieved from /home/airflow/.local/lib/python3.6/site-packages/airflow/example_dags/example_nested_branch_dag.py
[2021-04-03 15:21:21,080] {logging_mixin.py:104} INFO - [2021-04-03 15:21:21,080] {dag.py:1818} INFO - Sync 1 DAGs
[2021-04-03 15:21:21,097] {logging_mixin.py:104} INFO - [2021-04-03 15:21:21,097] {dag.py:2273} INFO - Setting next_dagrun for example_nested_branch_dag to 2021-04-01 00:00:00+00:00
[2021-04-03 15:21:21,105] {scheduler_job.py:190} INFO - Processing /home/airflow/.local/lib/python3.6/site-packages/airflow/example_dags/example_nested_branch_dag.py took 0.054 seconds
[2021-04-03 15:21:51,702] {scheduler_job.py:182} INFO - Started process (PID=108) to work on /home/airflow/.local/lib/python3.6/site-packages/airflow/example_dags/example_nested_branch_dag.py
[2021-04-03 15:21:51,703] {scheduler_job.py:629} INFO - Processing file /home/airflow/.local/lib/python3.6/site-packages/airflow/example_dags/example_nested_branch_dag.py for tasks to queue
[2021-04-03 15:21:51,703] {logging_mixin.py:104} INFO - [2021-04-03 15:21:51,703] {dagbag.py:448} INFO - Filling up the DagBag from /home/airflow/.local/lib/python3.6/site-packages/airflow/example_dags/example_nested_branch_dag.py
[2021-04-03 15:21:51,711] {scheduler_job.py:639} INFO - DAG(s) dict_keys(['example_nested_branch_dag']) retrieved from /home/airflow/.local/lib/python3.6/site-packages/airflow/example_dags/example_nested_branch_dag.py
[2021-04-03 15:21:51,721] {logging_mixin.py:104} INFO - [2021-04-03 15:21:51,721] {dag.py:1818} INFO - Sync 1 DAGs
[2021-04-03 15:21:51,734] {logging_mixin.py:104} INFO - [2021-04-03 15:21:51,734] {dag.py:2273} INFO - Setting next_dagrun for example_nested_branch_dag to 2021-04-01 00:00:00+00:00
[2021-04-03 15:21:51,739] {scheduler_job.py:190} INFO - Processing /home/airflow/.local/lib/python3.6/site-packages/airflow/example_dags/example_nested_branch_dag.py took 0.038 seconds
[2021-04-03 15:22:22,274] {scheduler_job.py:182} INFO - Started process (PID=134) to work on /home/airflow/.local/lib/python3.6/site-packages/airflow/example_dags/example_nested_branch_dag.py
[2021-04-03 15:22:22,275] {scheduler_job.py:629} INFO - Processing file /home/airflow/.local/lib/python3.6/site-packages/airflow/example_dags/example_nested_branch_dag.py for tasks to queue
[2021-04-03 15:22:22,275] {logging_mixin.py:104} INFO - [2021-04-03 15:22:22,275] {dagbag.py:448} INFO - Filling up the DagBag from /home/airflow/.local/lib/python3.6/site-packages/airflow/example_dags/example_nested_branch_dag.py
[2021-04-03 15:22:22,282] {scheduler_job.py:639} INFO - DAG(s) dict_keys(['example_nested_branch_dag']) retrieved from /home/airflow/.local/lib/python3.6/site-packages/airflow/example_dags/example_nested_branch_dag.py
[2021-04-03 15:22:22,292] {logging_mixin.py:104} INFO - [2021-04-03 15:22:22,292] {dag.py:1818} INFO - Sync 1 DAGs
[2021-04-03 15:22:22,302] {logging_mixin.py:104} INFO - [2021-04-03 15:22:22,302] {dag.py:2273} INFO - Setting next_dagrun for example_nested_branch_dag to 2021-04-01 00:00:00+00:00
[2021-04-03 15:22:22,308] {scheduler_job.py:190} INFO - Processing /home/airflow/.local/lib/python3.6/site-packages/airflow/example_dags/example_nested_branch_dag.py took 0.035 seconds
[2021-04-03 15:22:52,868] {scheduler_job.py:182} INFO - Started process (PID=160) to work on /home/airflow/.local/lib/python3.6/site-packages/airflow/example_dags/example_nested_branch_dag.py
[2021-04-03 15:22:52,869] {scheduler_job.py:629} INFO - Processing file /home/airflow/.local/lib/python3.6/site-packages/airflow/example_dags/example_nested_branch_dag.py for tasks to queue
[2021-04-03 15:22:52,869] {logging_mixin.py:104} INFO - [2021-04-03 15:22:52,869] {dagbag.py:448} INFO - Filling up the DagBag from /home/airflow/.local/lib/python3.6/site-packages/airflow/example_dags/example_nested_branch_dag.py
[2021-04-03 15:22:52,876] {scheduler_job.py:639} INFO - DAG(s) dict_keys(['example_nested_branch_dag']) retrieved from /home/airflow/.local/lib/python3.6/site-packages/airflow/example_dags/example_nested_branch_dag.py
[2021-04-03 15:22:52,885] {logging_mixin.py:104} INFO - [2021-04-03 15:22:52,885] {dag.py:1818} INFO - Sync 1 DAGs
[2021-04-03 15:22:52,896] {logging_mixin.py:104} INFO - [2021-04-03 15:22:52,895] {dag.py:2273} INFO - Setting next_dagrun for example_nested_branch_dag to 2021-04-01 00:00:00+00:00
[2021-04-03 15:22:52,901] {scheduler_job.py:190} INFO - Processing /home/airflow/.local/lib/python3.6/site-packages/airflow/example_dags/example_nested_branch_dag.py took 0.034 seconds
[2021-04-03 15:23:23,489] {scheduler_job.py:182} INFO - Started process (PID=186) to work on /home/airflow/.local/lib/python3.6/site-packages/airflow/example_dags/example_nested_branch_dag.py
[2021-04-03 15:23:23,489] {scheduler_job.py:629} INFO - Processing file /home/airflow/.local/lib/python3.6/site-packages/airflow/example_dags/example_nested_branch_dag.py for tasks to queue
[2021-04-03 15:23:23,489] {logging_mixin.py:104} INFO - [2021-04-03 15:23:23,489] {dagbag.py:448} INFO - Filling up the DagBag from /home/airflow/.local/lib/python3.6/site-packages/airflow/example_dags/example_nested_branch_dag.py
[2021-04-03 15:23:23,496] {scheduler_job.py:639} INFO - DAG(s) dict_keys(['example_nested_branch_dag']) retrieved from /home/airflow/.local/lib/python3.6/site-packages/airflow/example_dags/example_nested_branch_dag.py
[2021-04-03 15:23:23,506] {logging_mixin.py:104} INFO - [2021-04-03 15:23:23,506] {dag.py:1818} INFO - Sync 1 DAGs
[2021-04-03 15:23:23,517] {logging_mixin.py:104} INFO - [2021-04-03 15:23:23,517] {dag.py:2273} INFO - Setting next_dagrun for example_nested_branch_dag to 2021-04-01 00:00:00+00:00
[2021-04-03 15:23:23,523] {scheduler_job.py:190} INFO - Processing /home/airflow/.local/lib/python3.6/site-packages/airflow/example_dags/example_nested_branch_dag.py took 0.036 seconds
[2021-04-03 15:23:54,055] {scheduler_job.py:182} INFO - Started process (PID=212) to work on /home/airflow/.local/lib/python3.6/site-packages/airflow/example_dags/example_nested_branch_dag.py
[2021-04-03 15:23:54,055] {scheduler_job.py:629} INFO - Processing file /home/airflow/.local/lib/python3.6/site-packages/airflow/example_dags/example_nested_branch_dag.py for tasks to queue
[2021-04-03 15:23:54,056] {logging_mixin.py:104} INFO - [2021-04-03 15:23:54,056] {dagbag.py:448} INFO - Filling up the DagBag from /home/airflow/.local/lib/python3.6/site-packages/airflow/example_dags/example_nested_branch_dag.py
[2021-04-03 15:23:54,063] {scheduler_job.py:639} INFO - DAG(s) dict_keys(['example_nested_branch_dag']) retrieved from /home/airflow/.local/lib/python3.6/site-packages/airflow/example_dags/example_nested_branch_dag.py
[2021-04-03 15:23:54,074] {logging_mixin.py:104} INFO - [2021-04-03 15:23:54,074] {dag.py:1818} INFO - Sync 1 DAGs
[2021-04-03 15:23:54,085] {logging_mixin.py:104} INFO - [2021-04-03 15:23:54,085] {dag.py:2273} INFO - Setting next_dagrun for example_nested_branch_dag to 2021-04-01 00:00:00+00:00
[2021-04-03 15:23:54,091] {scheduler_job.py:190} INFO - Processing /home/airflow/.local/lib/python3.6/site-packages/airflow/example_dags/example_nested_branch_dag.py took 0.038 seconds
[2021-04-03 15:24:24,640] {scheduler_job.py:182} INFO - Started process (PID=238) to work on /home/airflow/.local/lib/python3.6/site-packages/airflow/example_dags/example_nested_branch_dag.py
[2021-04-03 15:24:24,641] {scheduler_job.py:629} INFO - Processing file /home/airflow/.local/lib/python3.6/site-packages/airflow/example_dags/example_nested_branch_dag.py for tasks to queue
[2021-04-03 15:24:24,641] {logging_mixin.py:104} INFO - [2021-04-03 15:24:24,641] {dagbag.py:448} INFO - Filling up the DagBag from /home/airflow/.local/lib/python3.6/site-packages/airflow/example_dags/example_nested_branch_dag.py
[2021-04-03 15:24:24,648] {scheduler_job.py:639} INFO - DAG(s) dict_keys(['example_nested_branch_dag']) retrieved from /home/airflow/.local/lib/python3.6/site-packages/airflow/example_dags/example_nested_branch_dag.py
[2021-04-03 15:24:24,658] {logging_mixin.py:104} INFO - [2021-04-03 15:24:24,658] {dag.py:1818} INFO - Sync 1 DAGs
[2021-04-03 15:24:24,669] {logging_mixin.py:104} INFO - [2021-04-03 15:24:24,669] {dag.py:2273} INFO - Setting next_dagrun for example_nested_branch_dag to 2021-04-01 00:00:00+00:00
[2021-04-03 15:24:24,677] {scheduler_job.py:190} INFO - Processing /home/airflow/.local/lib/python3.6/site-packages/airflow/example_dags/example_nested_branch_dag.py took 0.038 seconds
[2021-04-03 15:24:55,211] {scheduler_job.py:182} INFO - Started process (PID=264) to work on /home/airflow/.local/lib/python3.6/site-packages/airflow/example_dags/example_nested_branch_dag.py
[2021-04-03 15:24:55,212] {scheduler_job.py:629} INFO - Processing file /home/airflow/.local/lib/python3.6/site-packages/airflow/example_dags/example_nested_branch_dag.py for tasks to queue
[2021-04-03 15:24:55,212] {logging_mixin.py:104} INFO - [2021-04-03 15:24:55,212] {dagbag.py:448} INFO - Filling up the DagBag from /home/airflow/.local/lib/python3.6/site-packages/airflow/example_dags/example_nested_branch_dag.py
[2021-04-03 15:24:55,219] {scheduler_job.py:639} INFO - DAG(s) dict_keys(['example_nested_branch_dag']) retrieved from /home/airflow/.local/lib/python3.6/site-packages/airflow/example_dags/example_nested_branch_dag.py
[2021-04-03 15:24:55,229] {logging_mixin.py:104} INFO - [2021-04-03 15:24:55,229] {dag.py:1818} INFO - Sync 1 DAGs
[2021-04-03 15:24:55,240] {logging_mixin.py:104} INFO - [2021-04-03 15:24:55,240] {dag.py:2273} INFO - Setting next_dagrun for example_nested_branch_dag to 2021-04-01 00:00:00+00:00
[2021-04-03 15:24:55,246] {scheduler_job.py:190} INFO - Processing /home/airflow/.local/lib/python3.6/site-packages/airflow/example_dags/example_nested_branch_dag.py took 0.036 seconds
[2021-04-03 15:25:25,792] {scheduler_job.py:182} INFO - Started process (PID=290) to work on /home/airflow/.local/lib/python3.6/site-packages/airflow/example_dags/example_nested_branch_dag.py
[2021-04-03 15:25:25,793] {scheduler_job.py:629} INFO - Processing file /home/airflow/.local/lib/python3.6/site-packages/airflow/example_dags/example_nested_branch_dag.py for tasks to queue
[2021-04-03 15:25:25,793] {logging_mixin.py:104} INFO - [2021-04-03 15:25:25,793] {dagbag.py:448} INFO - Filling up the DagBag from /home/airflow/.local/lib/python3.6/site-packages/airflow/example_dags/example_nested_branch_dag.py
[2021-04-03 15:25:25,800] {scheduler_job.py:639} INFO - DAG(s) dict_keys(['example_nested_branch_dag']) retrieved from /home/airflow/.local/lib/python3.6/site-packages/airflow/example_dags/example_nested_branch_dag.py
[2021-04-03 15:25:25,811] {logging_mixin.py:104} INFO - [2021-04-03 15:25:25,810] {dag.py:1818} INFO - Sync 1 DAGs
[2021-04-03 15:25:25,821] {logging_mixin.py:104} INFO - [2021-04-03 15:25:25,821] {dag.py:2273} INFO - Setting next_dagrun for example_nested_branch_dag to 2021-04-01 00:00:00+00:00
[2021-04-03 15:25:25,827] {scheduler_job.py:190} INFO - Processing /home/airflow/.local/lib/python3.6/site-packages/airflow/example_dags/example_nested_branch_dag.py took 0.036 seconds
[2021-04-03 15:25:56,361] {scheduler_job.py:182} INFO - Started process (PID=316) to work on /home/airflow/.local/lib/python3.6/site-packages/airflow/example_dags/example_nested_branch_dag.py
[2021-04-03 15:25:56,361] {scheduler_job.py:629} INFO - Processing file /home/airflow/.local/lib/python3.6/site-packages/airflow/example_dags/example_nested_branch_dag.py for tasks to queue
[2021-04-03 15:25:56,362] {logging_mixin.py:104} INFO - [2021-04-03 15:25:56,362] {dagbag.py:448} INFO - Filling up the DagBag from /home/airflow/.local/lib/python3.6/site-packages/airflow/example_dags/example_nested_branch_dag.py
[2021-04-03 15:25:56,368] {scheduler_job.py:639} INFO - DAG(s) dict_keys(['example_nested_branch_dag']) retrieved from /home/airflow/.local/lib/python3.6/site-packages/airflow/example_dags/example_nested_branch_dag.py
[2021-04-03 15:25:56,378] {logging_mixin.py:104} INFO - [2021-04-03 15:25:56,378] {dag.py:1818} INFO - Sync 1 DAGs
[2021-04-03 15:25:56,389] {logging_mixin.py:104} INFO - [2021-04-03 15:25:56,389] {dag.py:2273} INFO - Setting next_dagrun for example_nested_branch_dag to 2021-04-01 00:00:00+00:00
[2021-04-03 15:25:56,396] {scheduler_job.py:190} INFO - Processing /home/airflow/.local/lib/python3.6/site-packages/airflow/example_dags/example_nested_branch_dag.py took 0.037 seconds
[2021-04-03 15:26:26,945] {scheduler_job.py:182} INFO - Started process (PID=342) to work on /home/airflow/.local/lib/python3.6/site-packages/airflow/example_dags/example_nested_branch_dag.py
[2021-04-03 15:26:26,945] {scheduler_job.py:629} INFO - Processing file /home/airflow/.local/lib/python3.6/site-packages/airflow/example_dags/example_nested_branch_dag.py for tasks to queue
[2021-04-03 15:26:26,946] {logging_mixin.py:104} INFO - [2021-04-03 15:26:26,946] {dagbag.py:448} INFO - Filling up the DagBag from /home/airflow/.local/lib/python3.6/site-packages/airflow/example_dags/example_nested_branch_dag.py
[2021-04-03 15:26:26,953] {scheduler_job.py:639} INFO - DAG(s) dict_keys(['example_nested_branch_dag']) retrieved from /home/airflow/.local/lib/python3.6/site-packages/airflow/example_dags/example_nested_branch_dag.py
[2021-04-03 15:26:26,962] {logging_mixin.py:104} INFO - [2021-04-03 15:26:26,962] {dag.py:1818} INFO - Sync 1 DAGs
[2021-04-03 15:26:26,974] {logging_mixin.py:104} INFO - [2021-04-03 15:26:26,974] {dag.py:2273} INFO - Setting next_dagrun for example_nested_branch_dag to 2021-04-01 00:00:00+00:00
[2021-04-03 15:26:26,979] {scheduler_job.py:190} INFO - Processing /home/airflow/.local/lib/python3.6/site-packages/airflow/example_dags/example_nested_branch_dag.py took 0.035 seconds
[2021-04-03 15:26:57,519] {scheduler_job.py:182} INFO - Started process (PID=368) to work on /home/airflow/.local/lib/python3.6/site-packages/airflow/example_dags/example_nested_branch_dag.py
[2021-04-03 15:26:57,520] {scheduler_job.py:629} INFO - Processing file /home/airflow/.local/lib/python3.6/site-packages/airflow/example_dags/example_nested_branch_dag.py for tasks to queue
[2021-04-03 15:26:57,520] {logging_mixin.py:104} INFO - [2021-04-03 15:26:57,520] {dagbag.py:448} INFO - Filling up the DagBag from /home/airflow/.local/lib/python3.6/site-packages/airflow/example_dags/example_nested_branch_dag.py
[2021-04-03 15:26:57,527] {scheduler_job.py:639} INFO - DAG(s) dict_keys(['example_nested_branch_dag']) retrieved from /home/airflow/.local/lib/python3.6/site-packages/airflow/example_dags/example_nested_branch_dag.py
[2021-04-03 15:26:57,537] {logging_mixin.py:104} INFO - [2021-04-03 15:26:57,537] {dag.py:1818} INFO - Sync 1 DAGs
[2021-04-03 15:26:57,548] {logging_mixin.py:104} INFO - [2021-04-03 15:26:57,548] {dag.py:2273} INFO - Setting next_dagrun for example_nested_branch_dag to 2021-04-01 00:00:00+00:00
[2021-04-03 15:26:57,554] {scheduler_job.py:190} INFO - Processing /home/airflow/.local/lib/python3.6/site-packages/airflow/example_dags/example_nested_branch_dag.py took 0.035 seconds
[2021-04-03 15:27:28,160] {scheduler_job.py:182} INFO - Started process (PID=394) to work on /home/airflow/.local/lib/python3.6/site-packages/airflow/example_dags/example_nested_branch_dag.py
[2021-04-03 15:27:28,160] {scheduler_job.py:629} INFO - Processing file /home/airflow/.local/lib/python3.6/site-packages/airflow/example_dags/example_nested_branch_dag.py for tasks to queue
[2021-04-03 15:27:28,161] {logging_mixin.py:104} INFO - [2021-04-03 15:27:28,160] {dagbag.py:448} INFO - Filling up the DagBag from /home/airflow/.local/lib/python3.6/site-packages/airflow/example_dags/example_nested_branch_dag.py
[2021-04-03 15:27:28,168] {scheduler_job.py:639} INFO - DAG(s) dict_keys(['example_nested_branch_dag']) retrieved from /home/airflow/.local/lib/python3.6/site-packages/airflow/example_dags/example_nested_branch_dag.py
[2021-04-03 15:27:28,177] {logging_mixin.py:104} INFO - [2021-04-03 15:27:28,177] {dag.py:1818} INFO - Sync 1 DAGs
[2021-04-03 15:27:28,189] {logging_mixin.py:104} INFO - [2021-04-03 15:27:28,189] {dag.py:2273} INFO - Setting next_dagrun for example_nested_branch_dag to 2021-04-01 00:00:00+00:00
[2021-04-03 15:27:28,195] {scheduler_job.py:190} INFO - Processing /home/airflow/.local/lib/python3.6/site-packages/airflow/example_dags/example_nested_branch_dag.py took 0.037 seconds
[2021-04-03 15:27:58,726] {scheduler_job.py:182} INFO - Started process (PID=420) to work on /home/airflow/.local/lib/python3.6/site-packages/airflow/example_dags/example_nested_branch_dag.py
[2021-04-03 15:27:58,727] {scheduler_job.py:629} INFO - Processing file /home/airflow/.local/lib/python3.6/site-packages/airflow/example_dags/example_nested_branch_dag.py for tasks to queue
[2021-04-03 15:27:58,727] {logging_mixin.py:104} INFO - [2021-04-03 15:27:58,727] {dagbag.py:448} INFO - Filling up the DagBag from /home/airflow/.local/lib/python3.6/site-packages/airflow/example_dags/example_nested_branch_dag.py
[2021-04-03 15:27:58,734] {scheduler_job.py:639} INFO - DAG(s) dict_keys(['example_nested_branch_dag']) retrieved from /home/airflow/.local/lib/python3.6/site-packages/airflow/example_dags/example_nested_branch_dag.py
[2021-04-03 15:27:58,744] {logging_mixin.py:104} INFO - [2021-04-03 15:27:58,744] {dag.py:1818} INFO - Sync 1 DAGs
[2021-04-03 15:27:58,755] {logging_mixin.py:104} INFO - [2021-04-03 15:27:58,755] {dag.py:2273} INFO - Setting next_dagrun for example_nested_branch_dag to 2021-04-01 00:00:00+00:00
[2021-04-03 15:27:58,762] {scheduler_job.py:190} INFO - Processing /home/airflow/.local/lib/python3.6/site-packages/airflow/example_dags/example_nested_branch_dag.py took 0.038 seconds
[2021-04-03 15:28:29,336] {scheduler_job.py:182} INFO - Started process (PID=446) to work on /home/airflow/.local/lib/python3.6/site-packages/airflow/example_dags/example_nested_branch_dag.py
[2021-04-03 15:28:29,337] {scheduler_job.py:629} INFO - Processing file /home/airflow/.local/lib/python3.6/site-packages/airflow/example_dags/example_nested_branch_dag.py for tasks to queue
[2021-04-03 15:28:29,337] {logging_mixin.py:104} INFO - [2021-04-03 15:28:29,337] {dagbag.py:448} INFO - Filling up the DagBag from /home/airflow/.local/lib/python3.6/site-packages/airflow/example_dags/example_nested_branch_dag.py
[2021-04-03 15:28:29,344] {scheduler_job.py:639} INFO - DAG(s) dict_keys(['example_nested_branch_dag']) retrieved from /home/airflow/.local/lib/python3.6/site-packages/airflow/example_dags/example_nested_branch_dag.py
[2021-04-03 15:28:29,354] {logging_mixin.py:104} INFO - [2021-04-03 15:28:29,354] {dag.py:1818} INFO - Sync 1 DAGs
[2021-04-03 15:28:29,365] {logging_mixin.py:104} INFO - [2021-04-03 15:28:29,365] {dag.py:2273} INFO - Setting next_dagrun for example_nested_branch_dag to 2021-04-01 00:00:00+00:00
[2021-04-03 15:28:29,371] {scheduler_job.py:190} INFO - Processing /home/airflow/.local/lib/python3.6/site-packages/airflow/example_dags/example_nested_branch_dag.py took 0.036 seconds
[2021-04-03 15:28:59,892] {scheduler_job.py:182} INFO - Started process (PID=472) to work on /home/airflow/.local/lib/python3.6/site-packages/airflow/example_dags/example_nested_branch_dag.py
[2021-04-03 15:28:59,892] {scheduler_job.py:629} INFO - Processing file /home/airflow/.local/lib/python3.6/site-packages/airflow/example_dags/example_nested_branch_dag.py for tasks to queue
[2021-04-03 15:28:59,892] {logging_mixin.py:104} INFO - [2021-04-03 15:28:59,892] {dagbag.py:448} INFO - Filling up the DagBag from /home/airflow/.local/lib/python3.6/site-packages/airflow/example_dags/example_nested_branch_dag.py
[2021-04-03 15:28:59,899] {scheduler_job.py:639} INFO - DAG(s) dict_keys(['example_nested_branch_dag']) retrieved from /home/airflow/.local/lib/python3.6/site-packages/airflow/example_dags/example_nested_branch_dag.py
[2021-04-03 15:28:59,909] {logging_mixin.py:104} INFO - [2021-04-03 15:28:59,909] {dag.py:1818} INFO - Sync 1 DAGs
[2021-04-03 15:28:59,921] {logging_mixin.py:104} INFO - [2021-04-03 15:28:59,921] {dag.py:2273} INFO - Setting next_dagrun for example_nested_branch_dag to 2021-04-01 00:00:00+00:00
[2021-04-03 15:28:59,928] {scheduler_job.py:190} INFO - Processing /home/airflow/.local/lib/python3.6/site-packages/airflow/example_dags/example_nested_branch_dag.py took 0.038 seconds
[2021-04-03 15:29:30,459] {scheduler_job.py:182} INFO - Started process (PID=498) to work on /home/airflow/.local/lib/python3.6/site-packages/airflow/example_dags/example_nested_branch_dag.py
[2021-04-03 15:29:30,460] {scheduler_job.py:629} INFO - Processing file /home/airflow/.local/lib/python3.6/site-packages/airflow/example_dags/example_nested_branch_dag.py for tasks to queue
[2021-04-03 15:29:30,460] {logging_mixin.py:104} INFO - [2021-04-03 15:29:30,460] {dagbag.py:448} INFO - Filling up the DagBag from /home/airflow/.local/lib/python3.6/site-packages/airflow/example_dags/example_nested_branch_dag.py
[2021-04-03 15:29:30,467] {scheduler_job.py:639} INFO - DAG(s) dict_keys(['example_nested_branch_dag']) retrieved from /home/airflow/.local/lib/python3.6/site-packages/airflow/example_dags/example_nested_branch_dag.py
[2021-04-03 15:29:30,477] {logging_mixin.py:104} INFO - [2021-04-03 15:29:30,477] {dag.py:1818} INFO - Sync 1 DAGs
[2021-04-03 15:29:30,489] {logging_mixin.py:104} INFO - [2021-04-03 15:29:30,489] {dag.py:2273} INFO - Setting next_dagrun for example_nested_branch_dag to 2021-04-01 00:00:00+00:00
[2021-04-03 15:29:30,494] {scheduler_job.py:190} INFO - Processing /home/airflow/.local/lib/python3.6/site-packages/airflow/example_dags/example_nested_branch_dag.py took 0.036 seconds
[2021-04-03 15:30:01,121] {scheduler_job.py:182} INFO - Started process (PID=524) to work on /home/airflow/.local/lib/python3.6/site-packages/airflow/example_dags/example_nested_branch_dag.py
[2021-04-03 15:30:01,121] {scheduler_job.py:629} INFO - Processing file /home/airflow/.local/lib/python3.6/site-packages/airflow/example_dags/example_nested_branch_dag.py for tasks to queue
[2021-04-03 15:30:01,122] {logging_mixin.py:104} INFO - [2021-04-03 15:30:01,121] {dagbag.py:448} INFO - Filling up the DagBag from /home/airflow/.local/lib/python3.6/site-packages/airflow/example_dags/example_nested_branch_dag.py
[2021-04-03 15:30:01,129] {scheduler_job.py:639} INFO - DAG(s) dict_keys(['example_nested_branch_dag']) retrieved from /home/airflow/.local/lib/python3.6/site-packages/airflow/example_dags/example_nested_branch_dag.py
[2021-04-03 15:30:01,140] {logging_mixin.py:104} INFO - [2021-04-03 15:30:01,140] {dag.py:1818} INFO - Sync 1 DAGs
[2021-04-03 15:30:01,151] {logging_mixin.py:104} INFO - [2021-04-03 15:30:01,151] {dag.py:2273} INFO - Setting next_dagrun for example_nested_branch_dag to 2021-04-01 00:00:00+00:00
[2021-04-03 15:30:01,158] {scheduler_job.py:190} INFO - Processing /home/airflow/.local/lib/python3.6/site-packages/airflow/example_dags/example_nested_branch_dag.py took 0.039 seconds
[2021-04-03 15:30:31,736] {scheduler_job.py:182} INFO - Started process (PID=550) to work on /home/airflow/.local/lib/python3.6/site-packages/airflow/example_dags/example_nested_branch_dag.py
[2021-04-03 15:30:31,736] {scheduler_job.py:629} INFO - Processing file /home/airflow/.local/lib/python3.6/site-packages/airflow/example_dags/example_nested_branch_dag.py for tasks to queue
[2021-04-03 15:30:31,737] {logging_mixin.py:104} INFO - [2021-04-03 15:30:31,737] {dagbag.py:448} INFO - Filling up the DagBag from /home/airflow/.local/lib/python3.6/site-packages/airflow/example_dags/example_nested_branch_dag.py
[2021-04-03 15:30:31,744] {scheduler_job.py:639} INFO - DAG(s) dict_keys(['example_nested_branch_dag']) retrieved from /home/airflow/.local/lib/python3.6/site-packages/airflow/example_dags/example_nested_branch_dag.py
[2021-04-03 15:30:31,756] {logging_mixin.py:104} INFO - [2021-04-03 15:30:31,756] {dag.py:1818} INFO - Sync 1 DAGs
[2021-04-03 15:30:31,769] {logging_mixin.py:104} INFO - [2021-04-03 15:30:31,769] {dag.py:2273} INFO - Setting next_dagrun for example_nested_branch_dag to 2021-04-01 00:00:00+00:00
[2021-04-03 15:30:31,776] {scheduler_job.py:190} INFO - Processing /home/airflow/.local/lib/python3.6/site-packages/airflow/example_dags/example_nested_branch_dag.py took 0.041 seconds
[2021-04-03 15:31:02,373] {scheduler_job.py:182} INFO - Started process (PID=576) to work on /home/airflow/.local/lib/python3.6/site-packages/airflow/example_dags/example_nested_branch_dag.py
[2021-04-03 15:31:02,374] {scheduler_job.py:629} INFO - Processing file /home/airflow/.local/lib/python3.6/site-packages/airflow/example_dags/example_nested_branch_dag.py for tasks to queue
[2021-04-03 15:31:02,374] {logging_mixin.py:104} INFO - [2021-04-03 15:31:02,374] {dagbag.py:448} INFO - Filling up the DagBag from /home/airflow/.local/lib/python3.6/site-packages/airflow/example_dags/example_nested_branch_dag.py
[2021-04-03 15:31:02,381] {scheduler_job.py:639} INFO - DAG(s) dict_keys(['example_nested_branch_dag']) retrieved from /home/airflow/.local/lib/python3.6/site-packages/airflow/example_dags/example_nested_branch_dag.py
[2021-04-03 15:31:02,392] {logging_mixin.py:104} INFO - [2021-04-03 15:31:02,392] {dag.py:1818} INFO - Sync 1 DAGs
[2021-04-03 15:31:02,402] {logging_mixin.py:104} INFO - [2021-04-03 15:31:02,402] {dag.py:2273} INFO - Setting next_dagrun for example_nested_branch_dag to 2021-04-01 00:00:00+00:00
[2021-04-03 15:31:02,409] {scheduler_job.py:190} INFO - Processing /home/airflow/.local/lib/python3.6/site-packages/airflow/example_dags/example_nested_branch_dag.py took 0.036 seconds
[2021-04-03 15:31:32,955] {scheduler_job.py:182} INFO - Started process (PID=602) to work on /home/airflow/.local/lib/python3.6/site-packages/airflow/example_dags/example_nested_branch_dag.py
[2021-04-03 15:31:32,955] {scheduler_job.py:629} INFO - Processing file /home/airflow/.local/lib/python3.6/site-packages/airflow/example_dags/example_nested_branch_dag.py for tasks to queue
[2021-04-03 15:31:32,955] {logging_mixin.py:104} INFO - [2021-04-03 15:31:32,955] {dagbag.py:448} INFO - Filling up the DagBag from /home/airflow/.local/lib/python3.6/site-packages/airflow/example_dags/example_nested_branch_dag.py
[2021-04-03 15:31:32,962] {scheduler_job.py:639} INFO - DAG(s) dict_keys(['example_nested_branch_dag']) retrieved from /home/airflow/.local/lib/python3.6/site-packages/airflow/example_dags/example_nested_branch_dag.py
[2021-04-03 15:31:32,973] {logging_mixin.py:104} INFO - [2021-04-03 15:31:32,973] {dag.py:1818} INFO - Sync 1 DAGs
[2021-04-03 15:31:32,983] {logging_mixin.py:104} INFO - [2021-04-03 15:31:32,983] {dag.py:2273} INFO - Setting next_dagrun for example_nested_branch_dag to 2021-04-01 00:00:00+00:00
[2021-04-03 15:31:32,989] {scheduler_job.py:190} INFO - Processing /home/airflow/.local/lib/python3.6/site-packages/airflow/example_dags/example_nested_branch_dag.py took 0.036 seconds
[2021-04-03 15:32:03,553] {scheduler_job.py:182} INFO - Started process (PID=628) to work on /home/airflow/.local/lib/python3.6/site-packages/airflow/example_dags/example_nested_branch_dag.py
[2021-04-03 15:32:03,553] {scheduler_job.py:629} INFO - Processing file /home/airflow/.local/lib/python3.6/site-packages/airflow/example_dags/example_nested_branch_dag.py for tasks to queue
[2021-04-03 15:32:03,554] {logging_mixin.py:104} INFO - [2021-04-03 15:32:03,554] {dagbag.py:448} INFO - Filling up the DagBag from /home/airflow/.local/lib/python3.6/site-packages/airflow/example_dags/example_nested_branch_dag.py
[2021-04-03 15:32:03,562] {scheduler_job.py:639} INFO - DAG(s) dict_keys(['example_nested_branch_dag']) retrieved from /home/airflow/.local/lib/python3.6/site-packages/airflow/example_dags/example_nested_branch_dag.py
[2021-04-03 15:32:03,572] {logging_mixin.py:104} INFO - [2021-04-03 15:32:03,572] {dag.py:1818} INFO - Sync 1 DAGs
[2021-04-03 15:32:03,582] {logging_mixin.py:104} INFO - [2021-04-03 15:32:03,582] {dag.py:2273} INFO - Setting next_dagrun for example_nested_branch_dag to 2021-04-01 00:00:00+00:00
[2021-04-03 15:32:03,589] {scheduler_job.py:190} INFO - Processing /home/airflow/.local/lib/python3.6/site-packages/airflow/example_dags/example_nested_branch_dag.py took 0.037 seconds
[2021-04-03 15:32:34,196] {scheduler_job.py:182} INFO - Started process (PID=654) to work on /home/airflow/.local/lib/python3.6/site-packages/airflow/example_dags/example_nested_branch_dag.py
[2021-04-03 15:32:34,196] {scheduler_job.py:629} INFO - Processing file /home/airflow/.local/lib/python3.6/site-packages/airflow/example_dags/example_nested_branch_dag.py for tasks to queue
[2021-04-03 15:32:34,197] {logging_mixin.py:104} INFO - [2021-04-03 15:32:34,197] {dagbag.py:448} INFO - Filling up the DagBag from /home/airflow/.local/lib/python3.6/site-packages/airflow/example_dags/example_nested_branch_dag.py
[2021-04-03 15:32:34,205] {scheduler_job.py:639} INFO - DAG(s) dict_keys(['example_nested_branch_dag']) retrieved from /home/airflow/.local/lib/python3.6/site-packages/airflow/example_dags/example_nested_branch_dag.py
[2021-04-03 15:32:34,215] {logging_mixin.py:104} INFO - [2021-04-03 15:32:34,215] {dag.py:1818} INFO - Sync 1 DAGs
[2021-04-03 15:32:34,225] {logging_mixin.py:104} INFO - [2021-04-03 15:32:34,225] {dag.py:2273} INFO - Setting next_dagrun for example_nested_branch_dag to 2021-04-01 00:00:00+00:00
[2021-04-03 15:32:34,231] {scheduler_job.py:190} INFO - Processing /home/airflow/.local/lib/python3.6/site-packages/airflow/example_dags/example_nested_branch_dag.py took 0.037 seconds
[2021-04-03 15:33:04,849] {scheduler_job.py:182} INFO - Started process (PID=680) to work on /home/airflow/.local/lib/python3.6/site-packages/airflow/example_dags/example_nested_branch_dag.py
[2021-04-03 15:33:04,849] {scheduler_job.py:629} INFO - Processing file /home/airflow/.local/lib/python3.6/site-packages/airflow/example_dags/example_nested_branch_dag.py for tasks to queue
[2021-04-03 15:33:04,849] {logging_mixin.py:104} INFO - [2021-04-03 15:33:04,849] {dagbag.py:448} INFO - Filling up the DagBag from /home/airflow/.local/lib/python3.6/site-packages/airflow/example_dags/example_nested_branch_dag.py
[2021-04-03 15:33:04,857] {scheduler_job.py:639} INFO - DAG(s) dict_keys(['example_nested_branch_dag']) retrieved from /home/airflow/.local/lib/python3.6/site-packages/airflow/example_dags/example_nested_branch_dag.py
[2021-04-03 15:33:04,868] {logging_mixin.py:104} INFO - [2021-04-03 15:33:04,867] {dag.py:1818} INFO - Sync 1 DAGs
[2021-04-03 15:33:04,878] {logging_mixin.py:104} INFO - [2021-04-03 15:33:04,878] {dag.py:2273} INFO - Setting next_dagrun for example_nested_branch_dag to 2021-04-01 00:00:00+00:00
[2021-04-03 15:33:04,884] {scheduler_job.py:190} INFO - Processing /home/airflow/.local/lib/python3.6/site-packages/airflow/example_dags/example_nested_branch_dag.py took 0.037 seconds
[2021-04-03 15:33:35,412] {scheduler_job.py:182} INFO - Started process (PID=706) to work on /home/airflow/.local/lib/python3.6/site-packages/airflow/example_dags/example_nested_branch_dag.py
[2021-04-03 15:33:35,412] {scheduler_job.py:629} INFO - Processing file /home/airflow/.local/lib/python3.6/site-packages/airflow/example_dags/example_nested_branch_dag.py for tasks to queue
[2021-04-03 15:33:35,413] {logging_mixin.py:104} INFO - [2021-04-03 15:33:35,413] {dagbag.py:448} INFO - Filling up the DagBag from /home/airflow/.local/lib/python3.6/site-packages/airflow/example_dags/example_nested_branch_dag.py
[2021-04-03 15:33:35,420] {scheduler_job.py:639} INFO - DAG(s) dict_keys(['example_nested_branch_dag']) retrieved from /home/airflow/.local/lib/python3.6/site-packages/airflow/example_dags/example_nested_branch_dag.py
[2021-04-03 15:33:35,430] {logging_mixin.py:104} INFO - [2021-04-03 15:33:35,430] {dag.py:1818} INFO - Sync 1 DAGs
[2021-04-03 15:33:35,440] {logging_mixin.py:104} INFO - [2021-04-03 15:33:35,440] {dag.py:2273} INFO - Setting next_dagrun for example_nested_branch_dag to 2021-04-01 00:00:00+00:00
[2021-04-03 15:33:35,447] {scheduler_job.py:190} INFO - Processing /home/airflow/.local/lib/python3.6/site-packages/airflow/example_dags/example_nested_branch_dag.py took 0.036 seconds
[2021-04-03 15:34:05,990] {scheduler_job.py:182} INFO - Started process (PID=732) to work on /home/airflow/.local/lib/python3.6/site-packages/airflow/example_dags/example_nested_branch_dag.py
[2021-04-03 15:34:05,991] {scheduler_job.py:629} INFO - Processing file /home/airflow/.local/lib/python3.6/site-packages/airflow/example_dags/example_nested_branch_dag.py for tasks to queue
[2021-04-03 15:34:05,991] {logging_mixin.py:104} INFO - [2021-04-03 15:34:05,991] {dagbag.py:448} INFO - Filling up the DagBag from /home/airflow/.local/lib/python3.6/site-packages/airflow/example_dags/example_nested_branch_dag.py
[2021-04-03 15:34:05,999] {scheduler_job.py:639} INFO - DAG(s) dict_keys(['example_nested_branch_dag']) retrieved from /home/airflow/.local/lib/python3.6/site-packages/airflow/example_dags/example_nested_branch_dag.py
[2021-04-03 15:34:06,009] {logging_mixin.py:104} INFO - [2021-04-03 15:34:06,009] {dag.py:1818} INFO - Sync 1 DAGs
[2021-04-03 15:34:06,019] {logging_mixin.py:104} INFO - [2021-04-03 15:34:06,019] {dag.py:2273} INFO - Setting next_dagrun for example_nested_branch_dag to 2021-04-01 00:00:00+00:00
[2021-04-03 15:34:06,026] {scheduler_job.py:190} INFO - Processing /home/airflow/.local/lib/python3.6/site-packages/airflow/example_dags/example_nested_branch_dag.py took 0.037 seconds
[2021-04-03 15:34:36,588] {scheduler_job.py:182} INFO - Started process (PID=758) to work on /home/airflow/.local/lib/python3.6/site-packages/airflow/example_dags/example_nested_branch_dag.py
[2021-04-03 15:34:36,588] {scheduler_job.py:629} INFO - Processing file /home/airflow/.local/lib/python3.6/site-packages/airflow/example_dags/example_nested_branch_dag.py for tasks to queue
[2021-04-03 15:34:36,589] {logging_mixin.py:104} INFO - [2021-04-03 15:34:36,589] {dagbag.py:448} INFO - Filling up the DagBag from /home/airflow/.local/lib/python3.6/site-packages/airflow/example_dags/example_nested_branch_dag.py
[2021-04-03 15:34:36,596] {scheduler_job.py:639} INFO - DAG(s) dict_keys(['example_nested_branch_dag']) retrieved from /home/airflow/.local/lib/python3.6/site-packages/airflow/example_dags/example_nested_branch_dag.py
[2021-04-03 15:34:36,606] {logging_mixin.py:104} INFO - [2021-04-03 15:34:36,606] {dag.py:1818} INFO - Sync 1 DAGs
[2021-04-03 15:34:36,617] {logging_mixin.py:104} INFO - [2021-04-03 15:34:36,617] {dag.py:2273} INFO - Setting next_dagrun for example_nested_branch_dag to 2021-04-01 00:00:00+00:00
[2021-04-03 15:34:36,622] {scheduler_job.py:190} INFO - Processing /home/airflow/.local/lib/python3.6/site-packages/airflow/example_dags/example_nested_branch_dag.py took 0.036 seconds
[2021-04-03 15:35:07,203] {scheduler_job.py:182} INFO - Started process (PID=784) to work on /home/airflow/.local/lib/python3.6/site-packages/airflow/example_dags/example_nested_branch_dag.py
[2021-04-03 15:35:07,204] {scheduler_job.py:629} INFO - Processing file /home/airflow/.local/lib/python3.6/site-packages/airflow/example_dags/example_nested_branch_dag.py for tasks to queue
[2021-04-03 15:35:07,204] {logging_mixin.py:104} INFO - [2021-04-03 15:35:07,204] {dagbag.py:448} INFO - Filling up the DagBag from /home/airflow/.local/lib/python3.6/site-packages/airflow/example_dags/example_nested_branch_dag.py
[2021-04-03 15:35:07,212] {scheduler_job.py:639} INFO - DAG(s) dict_keys(['example_nested_branch_dag']) retrieved from /home/airflow/.local/lib/python3.6/site-packages/airflow/example_dags/example_nested_branch_dag.py
[2021-04-03 15:35:07,222] {logging_mixin.py:104} INFO - [2021-04-03 15:35:07,222] {dag.py:1818} INFO - Sync 1 DAGs
[2021-04-03 15:35:07,232] {logging_mixin.py:104} INFO - [2021-04-03 15:35:07,232] {dag.py:2273} INFO - Setting next_dagrun for example_nested_branch_dag to 2021-04-01 00:00:00+00:00
[2021-04-03 15:35:07,238] {scheduler_job.py:190} INFO - Processing /home/airflow/.local/lib/python3.6/site-packages/airflow/example_dags/example_nested_branch_dag.py took 0.035 seconds
[2021-04-03 15:35:37,764] {scheduler_job.py:182} INFO - Started process (PID=810) to work on /home/airflow/.local/lib/python3.6/site-packages/airflow/example_dags/example_nested_branch_dag.py
[2021-04-03 15:35:37,765] {scheduler_job.py:629} INFO - Processing file /home/airflow/.local/lib/python3.6/site-packages/airflow/example_dags/example_nested_branch_dag.py for tasks to queue
[2021-04-03 15:35:37,765] {logging_mixin.py:104} INFO - [2021-04-03 15:35:37,765] {dagbag.py:448} INFO - Filling up the DagBag from /home/airflow/.local/lib/python3.6/site-packages/airflow/example_dags/example_nested_branch_dag.py
[2021-04-03 15:35:37,773] {scheduler_job.py:639} INFO - DAG(s) dict_keys(['example_nested_branch_dag']) retrieved from /home/airflow/.local/lib/python3.6/site-packages/airflow/example_dags/example_nested_branch_dag.py
[2021-04-03 15:35:37,783] {logging_mixin.py:104} INFO - [2021-04-03 15:35:37,783] {dag.py:1818} INFO - Sync 1 DAGs
[2021-04-03 15:35:37,793] {logging_mixin.py:104} INFO - [2021-04-03 15:35:37,793] {dag.py:2273} INFO - Setting next_dagrun for example_nested_branch_dag to 2021-04-01 00:00:00+00:00
[2021-04-03 15:35:37,800] {scheduler_job.py:190} INFO - Processing /home/airflow/.local/lib/python3.6/site-packages/airflow/example_dags/example_nested_branch_dag.py took 0.037 seconds
[2021-04-03 15:36:08,354] {scheduler_job.py:182} INFO - Started process (PID=836) to work on /home/airflow/.local/lib/python3.6/site-packages/airflow/example_dags/example_nested_branch_dag.py
[2021-04-03 15:36:08,354] {scheduler_job.py:629} INFO - Processing file /home/airflow/.local/lib/python3.6/site-packages/airflow/example_dags/example_nested_branch_dag.py for tasks to queue
[2021-04-03 15:36:08,354] {logging_mixin.py:104} INFO - [2021-04-03 15:36:08,354] {dagbag.py:448} INFO - Filling up the DagBag from /home/airflow/.local/lib/python3.6/site-packages/airflow/example_dags/example_nested_branch_dag.py
[2021-04-03 15:36:08,362] {scheduler_job.py:639} INFO - DAG(s) dict_keys(['example_nested_branch_dag']) retrieved from /home/airflow/.local/lib/python3.6/site-packages/airflow/example_dags/example_nested_branch_dag.py
[2021-04-03 15:36:08,372] {logging_mixin.py:104} INFO - [2021-04-03 15:36:08,372] {dag.py:1818} INFO - Sync 1 DAGs
[2021-04-03 15:36:08,382] {logging_mixin.py:104} INFO - [2021-04-03 15:36:08,382] {dag.py:2273} INFO - Setting next_dagrun for example_nested_branch_dag to 2021-04-01 00:00:00+00:00
[2021-04-03 15:36:08,388] {scheduler_job.py:190} INFO - Processing /home/airflow/.local/lib/python3.6/site-packages/airflow/example_dags/example_nested_branch_dag.py took 0.036 seconds
[2021-04-03 15:36:38,999] {scheduler_job.py:182} INFO - Started process (PID=862) to work on /home/airflow/.local/lib/python3.6/site-packages/airflow/example_dags/example_nested_branch_dag.py
[2021-04-03 15:36:39,000] {scheduler_job.py:629} INFO - Processing file /home/airflow/.local/lib/python3.6/site-packages/airflow/example_dags/example_nested_branch_dag.py for tasks to queue
[2021-04-03 15:36:39,000] {logging_mixin.py:104} INFO - [2021-04-03 15:36:39,000] {dagbag.py:448} INFO - Filling up the DagBag from /home/airflow/.local/lib/python3.6/site-packages/airflow/example_dags/example_nested_branch_dag.py
[2021-04-03 15:36:39,007] {scheduler_job.py:639} INFO - DAG(s) dict_keys(['example_nested_branch_dag']) retrieved from /home/airflow/.local/lib/python3.6/site-packages/airflow/example_dags/example_nested_branch_dag.py
[2021-04-03 15:36:39,017] {logging_mixin.py:104} INFO - [2021-04-03 15:36:39,017] {dag.py:1818} INFO - Sync 1 DAGs
[2021-04-03 15:36:39,028] {logging_mixin.py:104} INFO - [2021-04-03 15:36:39,028] {dag.py:2273} INFO - Setting next_dagrun for example_nested_branch_dag to 2021-04-01 00:00:00+00:00
[2021-04-03 15:36:39,034] {scheduler_job.py:190} INFO - Processing /home/airflow/.local/lib/python3.6/site-packages/airflow/example_dags/example_nested_branch_dag.py took 0.036 seconds
[2021-04-03 15:37:09,561] {scheduler_job.py:182} INFO - Started process (PID=888) to work on /home/airflow/.local/lib/python3.6/site-packages/airflow/example_dags/example_nested_branch_dag.py
[2021-04-03 15:37:09,562] {scheduler_job.py:629} INFO - Processing file /home/airflow/.local/lib/python3.6/site-packages/airflow/example_dags/example_nested_branch_dag.py for tasks to queue
[2021-04-03 15:37:09,562] {logging_mixin.py:104} INFO - [2021-04-03 15:37:09,562] {dagbag.py:448} INFO - Filling up the DagBag from /home/airflow/.local/lib/python3.6/site-packages/airflow/example_dags/example_nested_branch_dag.py
[2021-04-03 15:37:09,569] {scheduler_job.py:639} INFO - DAG(s) dict_keys(['example_nested_branch_dag']) retrieved from /home/airflow/.local/lib/python3.6/site-packages/airflow/example_dags/example_nested_branch_dag.py
[2021-04-03 15:37:09,579] {logging_mixin.py:104} INFO - [2021-04-03 15:37:09,579] {dag.py:1818} INFO - Sync 1 DAGs
[2021-04-03 15:37:09,590] {logging_mixin.py:104} INFO - [2021-04-03 15:37:09,590] {dag.py:2273} INFO - Setting next_dagrun for example_nested_branch_dag to 2021-04-01 00:00:00+00:00
[2021-04-03 15:37:09,596] {scheduler_job.py:190} INFO - Processing /home/airflow/.local/lib/python3.6/site-packages/airflow/example_dags/example_nested_branch_dag.py took 0.036 seconds
[2021-04-03 15:37:40,149] {scheduler_job.py:182} INFO - Started process (PID=914) to work on /home/airflow/.local/lib/python3.6/site-packages/airflow/example_dags/example_nested_branch_dag.py
[2021-04-03 15:37:40,149] {scheduler_job.py:629} INFO - Processing file /home/airflow/.local/lib/python3.6/site-packages/airflow/example_dags/example_nested_branch_dag.py for tasks to queue
[2021-04-03 15:37:40,149] {logging_mixin.py:104} INFO - [2021-04-03 15:37:40,149] {dagbag.py:448} INFO - Filling up the DagBag from /home/airflow/.local/lib/python3.6/site-packages/airflow/example_dags/example_nested_branch_dag.py
[2021-04-03 15:37:40,157] {scheduler_job.py:639} INFO - DAG(s) dict_keys(['example_nested_branch_dag']) retrieved from /home/airflow/.local/lib/python3.6/site-packages/airflow/example_dags/example_nested_branch_dag.py
[2021-04-03 15:37:40,166] {logging_mixin.py:104} INFO - [2021-04-03 15:37:40,166] {dag.py:1818} INFO - Sync 1 DAGs
[2021-04-03 15:37:40,177] {logging_mixin.py:104} INFO - [2021-04-03 15:37:40,177] {dag.py:2273} INFO - Setting next_dagrun for example_nested_branch_dag to 2021-04-01 00:00:00+00:00
[2021-04-03 15:37:40,183] {scheduler_job.py:190} INFO - Processing /home/airflow/.local/lib/python3.6/site-packages/airflow/example_dags/example_nested_branch_dag.py took 0.035 seconds
[2021-04-03 15:38:10,710] {scheduler_job.py:182} INFO - Started process (PID=940) to work on /home/airflow/.local/lib/python3.6/site-packages/airflow/example_dags/example_nested_branch_dag.py
[2021-04-03 15:38:10,710] {scheduler_job.py:629} INFO - Processing file /home/airflow/.local/lib/python3.6/site-packages/airflow/example_dags/example_nested_branch_dag.py for tasks to queue
[2021-04-03 15:38:10,710] {logging_mixin.py:104} INFO - [2021-04-03 15:38:10,710] {dagbag.py:448} INFO - Filling up the DagBag from /home/airflow/.local/lib/python3.6/site-packages/airflow/example_dags/example_nested_branch_dag.py
[2021-04-03 15:38:10,718] {scheduler_job.py:639} INFO - DAG(s) dict_keys(['example_nested_branch_dag']) retrieved from /home/airflow/.local/lib/python3.6/site-packages/airflow/example_dags/example_nested_branch_dag.py
[2021-04-03 15:38:10,727] {logging_mixin.py:104} INFO - [2021-04-03 15:38:10,727] {dag.py:1818} INFO - Sync 1 DAGs
[2021-04-03 15:38:10,738] {logging_mixin.py:104} INFO - [2021-04-03 15:38:10,738] {dag.py:2273} INFO - Setting next_dagrun for example_nested_branch_dag to 2021-04-01 00:00:00+00:00
[2021-04-03 15:38:10,744] {scheduler_job.py:190} INFO - Processing /home/airflow/.local/lib/python3.6/site-packages/airflow/example_dags/example_nested_branch_dag.py took 0.035 seconds
[2021-04-03 15:38:41,327] {scheduler_job.py:182} INFO - Started process (PID=966) to work on /home/airflow/.local/lib/python3.6/site-packages/airflow/example_dags/example_nested_branch_dag.py
[2021-04-03 15:38:41,327] {scheduler_job.py:629} INFO - Processing file /home/airflow/.local/lib/python3.6/site-packages/airflow/example_dags/example_nested_branch_dag.py for tasks to queue
[2021-04-03 15:38:41,328] {logging_mixin.py:104} INFO - [2021-04-03 15:38:41,327] {dagbag.py:448} INFO - Filling up the DagBag from /home/airflow/.local/lib/python3.6/site-packages/airflow/example_dags/example_nested_branch_dag.py
[2021-04-03 15:38:41,334] {scheduler_job.py:639} INFO - DAG(s) dict_keys(['example_nested_branch_dag']) retrieved from /home/airflow/.local/lib/python3.6/site-packages/airflow/example_dags/example_nested_branch_dag.py
[2021-04-03 15:38:41,344] {logging_mixin.py:104} INFO - [2021-04-03 15:38:41,344] {dag.py:1818} INFO - Sync 1 DAGs
[2021-04-03 15:38:41,355] {logging_mixin.py:104} INFO - [2021-04-03 15:38:41,355] {dag.py:2273} INFO - Setting next_dagrun for example_nested_branch_dag to 2021-04-01 00:00:00+00:00
[2021-04-03 15:38:41,361] {scheduler_job.py:190} INFO - Processing /home/airflow/.local/lib/python3.6/site-packages/airflow/example_dags/example_nested_branch_dag.py took 0.036 seconds
[2021-04-03 15:39:11,932] {scheduler_job.py:182} INFO - Started process (PID=992) to work on /home/airflow/.local/lib/python3.6/site-packages/airflow/example_dags/example_nested_branch_dag.py
[2021-04-03 15:39:11,933] {scheduler_job.py:629} INFO - Processing file /home/airflow/.local/lib/python3.6/site-packages/airflow/example_dags/example_nested_branch_dag.py for tasks to queue
[2021-04-03 15:39:11,933] {logging_mixin.py:104} INFO - [2021-04-03 15:39:11,933] {dagbag.py:448} INFO - Filling up the DagBag from /home/airflow/.local/lib/python3.6/site-packages/airflow/example_dags/example_nested_branch_dag.py
[2021-04-03 15:39:11,940] {scheduler_job.py:639} INFO - DAG(s) dict_keys(['example_nested_branch_dag']) retrieved from /home/airflow/.local/lib/python3.6/site-packages/airflow/example_dags/example_nested_branch_dag.py
[2021-04-03 15:39:11,950] {logging_mixin.py:104} INFO - [2021-04-03 15:39:11,950] {dag.py:1818} INFO - Sync 1 DAGs
[2021-04-03 15:39:11,961] {logging_mixin.py:104} INFO - [2021-04-03 15:39:11,961] {dag.py:2273} INFO - Setting next_dagrun for example_nested_branch_dag to 2021-04-01 00:00:00+00:00
[2021-04-03 15:39:11,966] {scheduler_job.py:190} INFO - Processing /home/airflow/.local/lib/python3.6/site-packages/airflow/example_dags/example_nested_branch_dag.py took 0.035 seconds
[2021-04-03 15:39:42,585] {scheduler_job.py:182} INFO - Started process (PID=1018) to work on /home/airflow/.local/lib/python3.6/site-packages/airflow/example_dags/example_nested_branch_dag.py
[2021-04-03 15:39:42,586] {scheduler_job.py:629} INFO - Processing file /home/airflow/.local/lib/python3.6/site-packages/airflow/example_dags/example_nested_branch_dag.py for tasks to queue
[2021-04-03 15:39:42,586] {logging_mixin.py:104} INFO - [2021-04-03 15:39:42,586] {dagbag.py:448} INFO - Filling up the DagBag from /home/airflow/.local/lib/python3.6/site-packages/airflow/example_dags/example_nested_branch_dag.py
[2021-04-03 15:39:42,593] {scheduler_job.py:639} INFO - DAG(s) dict_keys(['example_nested_branch_dag']) retrieved from /home/airflow/.local/lib/python3.6/site-packages/airflow/example_dags/example_nested_branch_dag.py
[2021-04-03 15:39:42,604] {logging_mixin.py:104} INFO - [2021-04-03 15:39:42,603] {dag.py:1818} INFO - Sync 1 DAGs
[2021-04-03 15:39:42,614] {logging_mixin.py:104} INFO - [2021-04-03 15:39:42,614] {dag.py:2273} INFO - Setting next_dagrun for example_nested_branch_dag to 2021-04-01 00:00:00+00:00
[2021-04-03 15:39:42,620] {scheduler_job.py:190} INFO - Processing /home/airflow/.local/lib/python3.6/site-packages/airflow/example_dags/example_nested_branch_dag.py took 0.036 seconds
[2021-04-03 15:40:13,284] {scheduler_job.py:182} INFO - Started process (PID=1044) to work on /home/airflow/.local/lib/python3.6/site-packages/airflow/example_dags/example_nested_branch_dag.py
[2021-04-03 15:40:13,284] {scheduler_job.py:629} INFO - Processing file /home/airflow/.local/lib/python3.6/site-packages/airflow/example_dags/example_nested_branch_dag.py for tasks to queue
[2021-04-03 15:40:13,284] {logging_mixin.py:104} INFO - [2021-04-03 15:40:13,284] {dagbag.py:448} INFO - Filling up the DagBag from /home/airflow/.local/lib/python3.6/site-packages/airflow/example_dags/example_nested_branch_dag.py
[2021-04-03 15:40:13,292] {scheduler_job.py:639} INFO - DAG(s) dict_keys(['example_nested_branch_dag']) retrieved from /home/airflow/.local/lib/python3.6/site-packages/airflow/example_dags/example_nested_branch_dag.py
[2021-04-03 15:40:13,302] {logging_mixin.py:104} INFO - [2021-04-03 15:40:13,302] {dag.py:1818} INFO - Sync 1 DAGs
[2021-04-03 15:40:13,312] {logging_mixin.py:104} INFO - [2021-04-03 15:40:13,312] {dag.py:2273} INFO - Setting next_dagrun for example_nested_branch_dag to 2021-04-01 00:00:00+00:00
[2021-04-03 15:40:13,318] {scheduler_job.py:190} INFO - Processing /home/airflow/.local/lib/python3.6/site-packages/airflow/example_dags/example_nested_branch_dag.py took 0.036 seconds
[2021-04-03 15:40:43,863] {scheduler_job.py:182} INFO - Started process (PID=1070) to work on /home/airflow/.local/lib/python3.6/site-packages/airflow/example_dags/example_nested_branch_dag.py
[2021-04-03 15:40:43,863] {scheduler_job.py:629} INFO - Processing file /home/airflow/.local/lib/python3.6/site-packages/airflow/example_dags/example_nested_branch_dag.py for tasks to queue
[2021-04-03 15:40:43,864] {logging_mixin.py:104} INFO - [2021-04-03 15:40:43,864] {dagbag.py:448} INFO - Filling up the DagBag from /home/airflow/.local/lib/python3.6/site-packages/airflow/example_dags/example_nested_branch_dag.py
[2021-04-03 15:40:43,871] {scheduler_job.py:639} INFO - DAG(s) dict_keys(['example_nested_branch_dag']) retrieved from /home/airflow/.local/lib/python3.6/site-packages/airflow/example_dags/example_nested_branch_dag.py
[2021-04-03 15:40:43,881] {logging_mixin.py:104} INFO - [2021-04-03 15:40:43,881] {dag.py:1818} INFO - Sync 1 DAGs
[2021-04-03 15:40:43,892] {logging_mixin.py:104} INFO - [2021-04-03 15:40:43,892] {dag.py:2273} INFO - Setting next_dagrun for example_nested_branch_dag to 2021-04-01 00:00:00+00:00
[2021-04-03 15:40:43,898] {scheduler_job.py:190} INFO - Processing /home/airflow/.local/lib/python3.6/site-packages/airflow/example_dags/example_nested_branch_dag.py took 0.036 seconds
[2021-04-03 15:41:14,468] {scheduler_job.py:182} INFO - Started process (PID=1096) to work on /home/airflow/.local/lib/python3.6/site-packages/airflow/example_dags/example_nested_branch_dag.py
[2021-04-03 15:41:14,468] {scheduler_job.py:629} INFO - Processing file /home/airflow/.local/lib/python3.6/site-packages/airflow/example_dags/example_nested_branch_dag.py for tasks to queue
[2021-04-03 15:41:14,468] {logging_mixin.py:104} INFO - [2021-04-03 15:41:14,468] {dagbag.py:448} INFO - Filling up the DagBag from /home/airflow/.local/lib/python3.6/site-packages/airflow/example_dags/example_nested_branch_dag.py
[2021-04-03 15:41:14,476] {scheduler_job.py:639} INFO - DAG(s) dict_keys(['example_nested_branch_dag']) retrieved from /home/airflow/.local/lib/python3.6/site-packages/airflow/example_dags/example_nested_branch_dag.py
[2021-04-03 15:41:14,486] {logging_mixin.py:104} INFO - [2021-04-03 15:41:14,486] {dag.py:1818} INFO - Sync 1 DAGs
[2021-04-03 15:41:14,497] {logging_mixin.py:104} INFO - [2021-04-03 15:41:14,496] {dag.py:2273} INFO - Setting next_dagrun for example_nested_branch_dag to 2021-04-01 00:00:00+00:00
[2021-04-03 15:41:14,502] {scheduler_job.py:190} INFO - Processing /home/airflow/.local/lib/python3.6/site-packages/airflow/example_dags/example_nested_branch_dag.py took 0.036 seconds
[2021-04-03 15:41:45,135] {scheduler_job.py:182} INFO - Started process (PID=1122) to work on /home/airflow/.local/lib/python3.6/site-packages/airflow/example_dags/example_nested_branch_dag.py
[2021-04-03 15:41:45,136] {scheduler_job.py:629} INFO - Processing file /home/airflow/.local/lib/python3.6/site-packages/airflow/example_dags/example_nested_branch_dag.py for tasks to queue
[2021-04-03 15:41:45,136] {logging_mixin.py:104} INFO - [2021-04-03 15:41:45,136] {dagbag.py:448} INFO - Filling up the DagBag from /home/airflow/.local/lib/python3.6/site-packages/airflow/example_dags/example_nested_branch_dag.py
[2021-04-03 15:41:45,143] {scheduler_job.py:639} INFO - DAG(s) dict_keys(['example_nested_branch_dag']) retrieved from /home/airflow/.local/lib/python3.6/site-packages/airflow/example_dags/example_nested_branch_dag.py
[2021-04-03 15:41:45,153] {logging_mixin.py:104} INFO - [2021-04-03 15:41:45,153] {dag.py:1818} INFO - Sync 1 DAGs
[2021-04-03 15:41:45,163] {logging_mixin.py:104} INFO - [2021-04-03 15:41:45,163] {dag.py:2273} INFO - Setting next_dagrun for example_nested_branch_dag to 2021-04-01 00:00:00+00:00
[2021-04-03 15:41:45,169] {scheduler_job.py:190} INFO - Processing /home/airflow/.local/lib/python3.6/site-packages/airflow/example_dags/example_nested_branch_dag.py took 0.035 seconds
[2021-04-03 15:42:15,773] {scheduler_job.py:182} INFO - Started process (PID=1148) to work on /home/airflow/.local/lib/python3.6/site-packages/airflow/example_dags/example_nested_branch_dag.py
[2021-04-03 15:42:15,774] {scheduler_job.py:629} INFO - Processing file /home/airflow/.local/lib/python3.6/site-packages/airflow/example_dags/example_nested_branch_dag.py for tasks to queue
[2021-04-03 15:42:15,774] {logging_mixin.py:104} INFO - [2021-04-03 15:42:15,774] {dagbag.py:448} INFO - Filling up the DagBag from /home/airflow/.local/lib/python3.6/site-packages/airflow/example_dags/example_nested_branch_dag.py
[2021-04-03 15:42:15,781] {scheduler_job.py:639} INFO - DAG(s) dict_keys(['example_nested_branch_dag']) retrieved from /home/airflow/.local/lib/python3.6/site-packages/airflow/example_dags/example_nested_branch_dag.py
[2021-04-03 15:42:15,791] {logging_mixin.py:104} INFO - [2021-04-03 15:42:15,791] {dag.py:1818} INFO - Sync 1 DAGs
[2021-04-03 15:42:15,802] {logging_mixin.py:104} INFO - [2021-04-03 15:42:15,802] {dag.py:2273} INFO - Setting next_dagrun for example_nested_branch_dag to 2021-04-01 00:00:00+00:00
[2021-04-03 15:42:15,808] {scheduler_job.py:190} INFO - Processing /home/airflow/.local/lib/python3.6/site-packages/airflow/example_dags/example_nested_branch_dag.py took 0.036 seconds
[2021-04-03 15:42:46,423] {scheduler_job.py:182} INFO - Started process (PID=1174) to work on /home/airflow/.local/lib/python3.6/site-packages/airflow/example_dags/example_nested_branch_dag.py
[2021-04-03 15:42:46,424] {scheduler_job.py:629} INFO - Processing file /home/airflow/.local/lib/python3.6/site-packages/airflow/example_dags/example_nested_branch_dag.py for tasks to queue
[2021-04-03 15:42:46,424] {logging_mixin.py:104} INFO - [2021-04-03 15:42:46,424] {dagbag.py:448} INFO - Filling up the DagBag from /home/airflow/.local/lib/python3.6/site-packages/airflow/example_dags/example_nested_branch_dag.py
[2021-04-03 15:42:46,431] {scheduler_job.py:639} INFO - DAG(s) dict_keys(['example_nested_branch_dag']) retrieved from /home/airflow/.local/lib/python3.6/site-packages/airflow/example_dags/example_nested_branch_dag.py
[2021-04-03 15:42:46,441] {logging_mixin.py:104} INFO - [2021-04-03 15:42:46,441] {dag.py:1818} INFO - Sync 1 DAGs
[2021-04-03 15:42:46,452] {logging_mixin.py:104} INFO - [2021-04-03 15:42:46,452] {dag.py:2273} INFO - Setting next_dagrun for example_nested_branch_dag to 2021-04-01 00:00:00+00:00
[2021-04-03 15:42:46,458] {scheduler_job.py:190} INFO - Processing /home/airflow/.local/lib/python3.6/site-packages/airflow/example_dags/example_nested_branch_dag.py took 0.036 seconds
[2021-04-03 15:43:16,996] {scheduler_job.py:182} INFO - Started process (PID=1200) to work on /home/airflow/.local/lib/python3.6/site-packages/airflow/example_dags/example_nested_branch_dag.py
[2021-04-03 15:43:16,997] {scheduler_job.py:629} INFO - Processing file /home/airflow/.local/lib/python3.6/site-packages/airflow/example_dags/example_nested_branch_dag.py for tasks to queue
[2021-04-03 15:43:16,997] {logging_mixin.py:104} INFO - [2021-04-03 15:43:16,997] {dagbag.py:448} INFO - Filling up the DagBag from /home/airflow/.local/lib/python3.6/site-packages/airflow/example_dags/example_nested_branch_dag.py
[2021-04-03 15:43:17,004] {scheduler_job.py:639} INFO - DAG(s) dict_keys(['example_nested_branch_dag']) retrieved from /home/airflow/.local/lib/python3.6/site-packages/airflow/example_dags/example_nested_branch_dag.py
[2021-04-03 15:43:17,013] {logging_mixin.py:104} INFO - [2021-04-03 15:43:17,013] {dag.py:1818} INFO - Sync 1 DAGs
[2021-04-03 15:43:17,024] {logging_mixin.py:104} INFO - [2021-04-03 15:43:17,024] {dag.py:2273} INFO - Setting next_dagrun for example_nested_branch_dag to 2021-04-01 00:00:00+00:00
[2021-04-03 15:43:17,030] {scheduler_job.py:190} INFO - Processing /home/airflow/.local/lib/python3.6/site-packages/airflow/example_dags/example_nested_branch_dag.py took 0.035 seconds
[2021-04-03 15:43:47,604] {scheduler_job.py:182} INFO - Started process (PID=1226) to work on /home/airflow/.local/lib/python3.6/site-packages/airflow/example_dags/example_nested_branch_dag.py
[2021-04-03 15:43:47,605] {scheduler_job.py:629} INFO - Processing file /home/airflow/.local/lib/python3.6/site-packages/airflow/example_dags/example_nested_branch_dag.py for tasks to queue
[2021-04-03 15:43:47,605] {logging_mixin.py:104} INFO - [2021-04-03 15:43:47,605] {dagbag.py:448} INFO - Filling up the DagBag from /home/airflow/.local/lib/python3.6/site-packages/airflow/example_dags/example_nested_branch_dag.py
[2021-04-03 15:43:47,612] {scheduler_job.py:639} INFO - DAG(s) dict_keys(['example_nested_branch_dag']) retrieved from /home/airflow/.local/lib/python3.6/site-packages/airflow/example_dags/example_nested_branch_dag.py
[2021-04-03 15:43:47,622] {logging_mixin.py:104} INFO - [2021-04-03 15:43:47,622] {dag.py:1818} INFO - Sync 1 DAGs
[2021-04-03 15:43:47,632] {logging_mixin.py:104} INFO - [2021-04-03 15:43:47,632] {dag.py:2273} INFO - Setting next_dagrun for example_nested_branch_dag to 2021-04-01 00:00:00+00:00
[2021-04-03 15:43:47,638] {scheduler_job.py:190} INFO - Processing /home/airflow/.local/lib/python3.6/site-packages/airflow/example_dags/example_nested_branch_dag.py took 0.035 seconds
[2021-04-03 15:44:18,213] {scheduler_job.py:182} INFO - Started process (PID=1252) to work on /home/airflow/.local/lib/python3.6/site-packages/airflow/example_dags/example_nested_branch_dag.py
[2021-04-03 15:44:18,213] {scheduler_job.py:629} INFO - Processing file /home/airflow/.local/lib/python3.6/site-packages/airflow/example_dags/example_nested_branch_dag.py for tasks to queue
[2021-04-03 15:44:18,213] {logging_mixin.py:104} INFO - [2021-04-03 15:44:18,213] {dagbag.py:448} INFO - Filling up the DagBag from /home/airflow/.local/lib/python3.6/site-packages/airflow/example_dags/example_nested_branch_dag.py
[2021-04-03 15:44:18,221] {scheduler_job.py:639} INFO - DAG(s) dict_keys(['example_nested_branch_dag']) retrieved from /home/airflow/.local/lib/python3.6/site-packages/airflow/example_dags/example_nested_branch_dag.py
[2021-04-03 15:44:18,231] {logging_mixin.py:104} INFO - [2021-04-03 15:44:18,231] {dag.py:1818} INFO - Sync 1 DAGs
[2021-04-03 15:44:18,241] {logging_mixin.py:104} INFO - [2021-04-03 15:44:18,241] {dag.py:2273} INFO - Setting next_dagrun for example_nested_branch_dag to 2021-04-01 00:00:00+00:00
[2021-04-03 15:44:18,248] {scheduler_job.py:190} INFO - Processing /home/airflow/.local/lib/python3.6/site-packages/airflow/example_dags/example_nested_branch_dag.py took 0.036 seconds
[2021-04-03 15:44:48,800] {scheduler_job.py:182} INFO - Started process (PID=1278) to work on /home/airflow/.local/lib/python3.6/site-packages/airflow/example_dags/example_nested_branch_dag.py
[2021-04-03 15:44:48,801] {scheduler_job.py:629} INFO - Processing file /home/airflow/.local/lib/python3.6/site-packages/airflow/example_dags/example_nested_branch_dag.py for tasks to queue
[2021-04-03 15:44:48,801] {logging_mixin.py:104} INFO - [2021-04-03 15:44:48,801] {dagbag.py:448} INFO - Filling up the DagBag from /home/airflow/.local/lib/python3.6/site-packages/airflow/example_dags/example_nested_branch_dag.py
[2021-04-03 15:44:48,809] {scheduler_job.py:639} INFO - DAG(s) dict_keys(['example_nested_branch_dag']) retrieved from /home/airflow/.local/lib/python3.6/site-packages/airflow/example_dags/example_nested_branch_dag.py
[2021-04-03 15:44:48,820] {logging_mixin.py:104} INFO - [2021-04-03 15:44:48,820] {dag.py:1818} INFO - Sync 1 DAGs
[2021-04-03 15:44:48,832] {logging_mixin.py:104} INFO - [2021-04-03 15:44:48,832] {dag.py:2273} INFO - Setting next_dagrun for example_nested_branch_dag to 2021-04-01 00:00:00+00:00
[2021-04-03 15:44:48,838] {scheduler_job.py:190} INFO - Processing /home/airflow/.local/lib/python3.6/site-packages/airflow/example_dags/example_nested_branch_dag.py took 0.039 seconds
[2021-04-03 15:45:19,380] {scheduler_job.py:182} INFO - Started process (PID=1304) to work on /home/airflow/.local/lib/python3.6/site-packages/airflow/example_dags/example_nested_branch_dag.py
[2021-04-03 15:45:19,380] {scheduler_job.py:629} INFO - Processing file /home/airflow/.local/lib/python3.6/site-packages/airflow/example_dags/example_nested_branch_dag.py for tasks to queue
[2021-04-03 15:45:19,380] {logging_mixin.py:104} INFO - [2021-04-03 15:45:19,380] {dagbag.py:448} INFO - Filling up the DagBag from /home/airflow/.local/lib/python3.6/site-packages/airflow/example_dags/example_nested_branch_dag.py
[2021-04-03 15:45:19,387] {scheduler_job.py:639} INFO - DAG(s) dict_keys(['example_nested_branch_dag']) retrieved from /home/airflow/.local/lib/python3.6/site-packages/airflow/example_dags/example_nested_branch_dag.py
[2021-04-03 15:45:19,398] {logging_mixin.py:104} INFO - [2021-04-03 15:45:19,398] {dag.py:1818} INFO - Sync 1 DAGs
[2021-04-03 15:45:19,408] {logging_mixin.py:104} INFO - [2021-04-03 15:45:19,408] {dag.py:2273} INFO - Setting next_dagrun for example_nested_branch_dag to 2021-04-01 00:00:00+00:00
[2021-04-03 15:45:19,413] {scheduler_job.py:190} INFO - Processing /home/airflow/.local/lib/python3.6/site-packages/airflow/example_dags/example_nested_branch_dag.py took 0.035 seconds
[2021-04-03 15:45:49,941] {scheduler_job.py:182} INFO - Started process (PID=1330) to work on /home/airflow/.local/lib/python3.6/site-packages/airflow/example_dags/example_nested_branch_dag.py
[2021-04-03 15:45:49,942] {scheduler_job.py:629} INFO - Processing file /home/airflow/.local/lib/python3.6/site-packages/airflow/example_dags/example_nested_branch_dag.py for tasks to queue
[2021-04-03 15:45:49,942] {logging_mixin.py:104} INFO - [2021-04-03 15:45:49,942] {dagbag.py:448} INFO - Filling up the DagBag from /home/airflow/.local/lib/python3.6/site-packages/airflow/example_dags/example_nested_branch_dag.py
[2021-04-03 15:45:49,949] {scheduler_job.py:639} INFO - DAG(s) dict_keys(['example_nested_branch_dag']) retrieved from /home/airflow/.local/lib/python3.6/site-packages/airflow/example_dags/example_nested_branch_dag.py
[2021-04-03 15:45:49,959] {logging_mixin.py:104} INFO - [2021-04-03 15:45:49,959] {dag.py:1818} INFO - Sync 1 DAGs
[2021-04-03 15:45:49,970] {logging_mixin.py:104} INFO - [2021-04-03 15:45:49,970] {dag.py:2273} INFO - Setting next_dagrun for example_nested_branch_dag to 2021-04-01 00:00:00+00:00
[2021-04-03 15:45:49,977] {scheduler_job.py:190} INFO - Processing /home/airflow/.local/lib/python3.6/site-packages/airflow/example_dags/example_nested_branch_dag.py took 0.037 seconds
[2021-04-03 15:46:20,510] {scheduler_job.py:182} INFO - Started process (PID=1356) to work on /home/airflow/.local/lib/python3.6/site-packages/airflow/example_dags/example_nested_branch_dag.py
[2021-04-03 15:46:20,510] {scheduler_job.py:629} INFO - Processing file /home/airflow/.local/lib/python3.6/site-packages/airflow/example_dags/example_nested_branch_dag.py for tasks to queue
[2021-04-03 15:46:20,511] {logging_mixin.py:104} INFO - [2021-04-03 15:46:20,511] {dagbag.py:448} INFO - Filling up the DagBag from /home/airflow/.local/lib/python3.6/site-packages/airflow/example_dags/example_nested_branch_dag.py
[2021-04-03 15:46:20,518] {scheduler_job.py:639} INFO - DAG(s) dict_keys(['example_nested_branch_dag']) retrieved from /home/airflow/.local/lib/python3.6/site-packages/airflow/example_dags/example_nested_branch_dag.py
[2021-04-03 15:46:20,528] {logging_mixin.py:104} INFO - [2021-04-03 15:46:20,528] {dag.py:1818} INFO - Sync 1 DAGs
[2021-04-03 15:46:20,538] {logging_mixin.py:104} INFO - [2021-04-03 15:46:20,538] {dag.py:2273} INFO - Setting next_dagrun for example_nested_branch_dag to 2021-04-01 00:00:00+00:00
[2021-04-03 15:46:20,544] {scheduler_job.py:190} INFO - Processing /home/airflow/.local/lib/python3.6/site-packages/airflow/example_dags/example_nested_branch_dag.py took 0.035 seconds
[2021-04-03 15:46:51,116] {scheduler_job.py:182} INFO - Started process (PID=1382) to work on /home/airflow/.local/lib/python3.6/site-packages/airflow/example_dags/example_nested_branch_dag.py
[2021-04-03 15:46:51,116] {scheduler_job.py:629} INFO - Processing file /home/airflow/.local/lib/python3.6/site-packages/airflow/example_dags/example_nested_branch_dag.py for tasks to queue
[2021-04-03 15:46:51,117] {logging_mixin.py:104} INFO - [2021-04-03 15:46:51,117] {dagbag.py:448} INFO - Filling up the DagBag from /home/airflow/.local/lib/python3.6/site-packages/airflow/example_dags/example_nested_branch_dag.py
[2021-04-03 15:46:51,124] {scheduler_job.py:639} INFO - DAG(s) dict_keys(['example_nested_branch_dag']) retrieved from /home/airflow/.local/lib/python3.6/site-packages/airflow/example_dags/example_nested_branch_dag.py
[2021-04-03 15:46:51,134] {logging_mixin.py:104} INFO - [2021-04-03 15:46:51,134] {dag.py:1818} INFO - Sync 1 DAGs
[2021-04-03 15:46:51,145] {logging_mixin.py:104} INFO - [2021-04-03 15:46:51,145] {dag.py:2273} INFO - Setting next_dagrun for example_nested_branch_dag to 2021-04-01 00:00:00+00:00
[2021-04-03 15:46:51,150] {scheduler_job.py:190} INFO - Processing /home/airflow/.local/lib/python3.6/site-packages/airflow/example_dags/example_nested_branch_dag.py took 0.036 seconds
[2021-04-03 15:47:21,650] {scheduler_job.py:182} INFO - Started process (PID=1408) to work on /home/airflow/.local/lib/python3.6/site-packages/airflow/example_dags/example_nested_branch_dag.py
[2021-04-03 15:47:21,651] {scheduler_job.py:629} INFO - Processing file /home/airflow/.local/lib/python3.6/site-packages/airflow/example_dags/example_nested_branch_dag.py for tasks to queue
[2021-04-03 15:47:21,651] {logging_mixin.py:104} INFO - [2021-04-03 15:47:21,651] {dagbag.py:448} INFO - Filling up the DagBag from /home/airflow/.local/lib/python3.6/site-packages/airflow/example_dags/example_nested_branch_dag.py
[2021-04-03 15:47:21,658] {scheduler_job.py:639} INFO - DAG(s) dict_keys(['example_nested_branch_dag']) retrieved from /home/airflow/.local/lib/python3.6/site-packages/airflow/example_dags/example_nested_branch_dag.py
[2021-04-03 15:47:21,668] {logging_mixin.py:104} INFO - [2021-04-03 15:47:21,668] {dag.py:1818} INFO - Sync 1 DAGs
[2021-04-03 15:47:21,678] {logging_mixin.py:104} INFO - [2021-04-03 15:47:21,678] {dag.py:2273} INFO - Setting next_dagrun for example_nested_branch_dag to 2021-04-01 00:00:00+00:00
[2021-04-03 15:47:21,684] {scheduler_job.py:190} INFO - Processing /home/airflow/.local/lib/python3.6/site-packages/airflow/example_dags/example_nested_branch_dag.py took 0.035 seconds
[2021-04-03 15:47:52,255] {scheduler_job.py:182} INFO - Started process (PID=1434) to work on /home/airflow/.local/lib/python3.6/site-packages/airflow/example_dags/example_nested_branch_dag.py
[2021-04-03 15:47:52,255] {scheduler_job.py:629} INFO - Processing file /home/airflow/.local/lib/python3.6/site-packages/airflow/example_dags/example_nested_branch_dag.py for tasks to queue
[2021-04-03 15:47:52,255] {logging_mixin.py:104} INFO - [2021-04-03 15:47:52,255] {dagbag.py:448} INFO - Filling up the DagBag from /home/airflow/.local/lib/python3.6/site-packages/airflow/example_dags/example_nested_branch_dag.py
[2021-04-03 15:47:52,263] {scheduler_job.py:639} INFO - DAG(s) dict_keys(['example_nested_branch_dag']) retrieved from /home/airflow/.local/lib/python3.6/site-packages/airflow/example_dags/example_nested_branch_dag.py
[2021-04-03 15:47:52,273] {logging_mixin.py:104} INFO - [2021-04-03 15:47:52,273] {dag.py:1818} INFO - Sync 1 DAGs
[2021-04-03 15:47:52,283] {logging_mixin.py:104} INFO - [2021-04-03 15:47:52,283] {dag.py:2273} INFO - Setting next_dagrun for example_nested_branch_dag to 2021-04-01 00:00:00+00:00
[2021-04-03 15:47:52,289] {scheduler_job.py:190} INFO - Processing /home/airflow/.local/lib/python3.6/site-packages/airflow/example_dags/example_nested_branch_dag.py took 0.035 seconds
