[2021-04-03 12:21:06,505] {scheduler_job.py:182} INFO - Started process (PID=45) to work on /home/airflow/.local/lib/python3.6/site-packages/airflow/example_dags/example_xcom.py
[2021-04-03 12:21:06,506] {scheduler_job.py:629} INFO - Processing file /home/airflow/.local/lib/python3.6/site-packages/airflow/example_dags/example_xcom.py for tasks to queue
[2021-04-03 12:21:06,506] {logging_mixin.py:104} INFO - [2021-04-03 12:21:06,506] {dagbag.py:448} INFO - Filling up the DagBag from /home/airflow/.local/lib/python3.6/site-packages/airflow/example_dags/example_xcom.py
[2021-04-03 12:21:06,512] {scheduler_job.py:639} INFO - DAG(s) dict_keys(['example_xcom']) retrieved from /home/airflow/.local/lib/python3.6/site-packages/airflow/example_dags/example_xcom.py
[2021-04-03 12:21:06,525] {logging_mixin.py:104} INFO - [2021-04-03 12:21:06,525] {dag.py:1818} INFO - Sync 1 DAGs
[2021-04-03 12:21:06,533] {logging_mixin.py:104} INFO - [2021-04-03 12:21:06,533] {dag.py:2273} INFO - Setting next_dagrun for example_xcom to 2021-04-01 00:00:00+00:00
[2021-04-03 12:21:06,540] {scheduler_job.py:190} INFO - Processing /home/airflow/.local/lib/python3.6/site-packages/airflow/example_dags/example_xcom.py took 0.036 seconds
[2021-04-03 15:21:20,794] {scheduler_job.py:182} INFO - Started process (PID=71) to work on /home/airflow/.local/lib/python3.6/site-packages/airflow/example_dags/example_xcom.py
[2021-04-03 15:21:20,795] {scheduler_job.py:629} INFO - Processing file /home/airflow/.local/lib/python3.6/site-packages/airflow/example_dags/example_xcom.py for tasks to queue
[2021-04-03 15:21:20,795] {logging_mixin.py:104} INFO - [2021-04-03 15:21:20,795] {dagbag.py:448} INFO - Filling up the DagBag from /home/airflow/.local/lib/python3.6/site-packages/airflow/example_dags/example_xcom.py
[2021-04-03 15:21:20,800] {scheduler_job.py:639} INFO - DAG(s) dict_keys(['example_xcom']) retrieved from /home/airflow/.local/lib/python3.6/site-packages/airflow/example_dags/example_xcom.py
[2021-04-03 15:21:20,810] {logging_mixin.py:104} INFO - [2021-04-03 15:21:20,810] {dag.py:1818} INFO - Sync 1 DAGs
[2021-04-03 15:21:20,818] {logging_mixin.py:104} INFO - [2021-04-03 15:21:20,818] {dag.py:2273} INFO - Setting next_dagrun for example_xcom to 2021-04-01 00:00:00+00:00
[2021-04-03 15:21:20,824] {scheduler_job.py:190} INFO - Processing /home/airflow/.local/lib/python3.6/site-packages/airflow/example_dags/example_xcom.py took 0.031 seconds
[2021-04-03 15:21:51,488] {scheduler_job.py:182} INFO - Started process (PID=97) to work on /home/airflow/.local/lib/python3.6/site-packages/airflow/example_dags/example_xcom.py
[2021-04-03 15:21:51,488] {scheduler_job.py:629} INFO - Processing file /home/airflow/.local/lib/python3.6/site-packages/airflow/example_dags/example_xcom.py for tasks to queue
[2021-04-03 15:21:51,488] {logging_mixin.py:104} INFO - [2021-04-03 15:21:51,488] {dagbag.py:448} INFO - Filling up the DagBag from /home/airflow/.local/lib/python3.6/site-packages/airflow/example_dags/example_xcom.py
[2021-04-03 15:21:51,494] {scheduler_job.py:639} INFO - DAG(s) dict_keys(['example_xcom']) retrieved from /home/airflow/.local/lib/python3.6/site-packages/airflow/example_dags/example_xcom.py
[2021-04-03 15:21:51,503] {logging_mixin.py:104} INFO - [2021-04-03 15:21:51,503] {dag.py:1818} INFO - Sync 1 DAGs
[2021-04-03 15:21:51,511] {logging_mixin.py:104} INFO - [2021-04-03 15:21:51,511] {dag.py:2273} INFO - Setting next_dagrun for example_xcom to 2021-04-01 00:00:00+00:00
[2021-04-03 15:21:51,517] {scheduler_job.py:190} INFO - Processing /home/airflow/.local/lib/python3.6/site-packages/airflow/example_dags/example_xcom.py took 0.030 seconds
[2021-04-03 15:22:22,075] {scheduler_job.py:182} INFO - Started process (PID=123) to work on /home/airflow/.local/lib/python3.6/site-packages/airflow/example_dags/example_xcom.py
[2021-04-03 15:22:22,075] {scheduler_job.py:629} INFO - Processing file /home/airflow/.local/lib/python3.6/site-packages/airflow/example_dags/example_xcom.py for tasks to queue
[2021-04-03 15:22:22,076] {logging_mixin.py:104} INFO - [2021-04-03 15:22:22,076] {dagbag.py:448} INFO - Filling up the DagBag from /home/airflow/.local/lib/python3.6/site-packages/airflow/example_dags/example_xcom.py
[2021-04-03 15:22:22,081] {scheduler_job.py:639} INFO - DAG(s) dict_keys(['example_xcom']) retrieved from /home/airflow/.local/lib/python3.6/site-packages/airflow/example_dags/example_xcom.py
[2021-04-03 15:22:22,091] {logging_mixin.py:104} INFO - [2021-04-03 15:22:22,091] {dag.py:1818} INFO - Sync 1 DAGs
[2021-04-03 15:22:22,098] {logging_mixin.py:104} INFO - [2021-04-03 15:22:22,098] {dag.py:2273} INFO - Setting next_dagrun for example_xcom to 2021-04-01 00:00:00+00:00
[2021-04-03 15:22:22,104] {scheduler_job.py:190} INFO - Processing /home/airflow/.local/lib/python3.6/site-packages/airflow/example_dags/example_xcom.py took 0.030 seconds
[2021-04-03 15:22:52,641] {scheduler_job.py:182} INFO - Started process (PID=149) to work on /home/airflow/.local/lib/python3.6/site-packages/airflow/example_dags/example_xcom.py
[2021-04-03 15:22:52,642] {scheduler_job.py:629} INFO - Processing file /home/airflow/.local/lib/python3.6/site-packages/airflow/example_dags/example_xcom.py for tasks to queue
[2021-04-03 15:22:52,642] {logging_mixin.py:104} INFO - [2021-04-03 15:22:52,642] {dagbag.py:448} INFO - Filling up the DagBag from /home/airflow/.local/lib/python3.6/site-packages/airflow/example_dags/example_xcom.py
[2021-04-03 15:22:52,647] {scheduler_job.py:639} INFO - DAG(s) dict_keys(['example_xcom']) retrieved from /home/airflow/.local/lib/python3.6/site-packages/airflow/example_dags/example_xcom.py
[2021-04-03 15:22:52,657] {logging_mixin.py:104} INFO - [2021-04-03 15:22:52,657] {dag.py:1818} INFO - Sync 1 DAGs
[2021-04-03 15:22:52,664] {logging_mixin.py:104} INFO - [2021-04-03 15:22:52,664] {dag.py:2273} INFO - Setting next_dagrun for example_xcom to 2021-04-01 00:00:00+00:00
[2021-04-03 15:22:52,669] {scheduler_job.py:190} INFO - Processing /home/airflow/.local/lib/python3.6/site-packages/airflow/example_dags/example_xcom.py took 0.030 seconds
[2021-04-03 15:23:23,264] {scheduler_job.py:182} INFO - Started process (PID=175) to work on /home/airflow/.local/lib/python3.6/site-packages/airflow/example_dags/example_xcom.py
[2021-04-03 15:23:23,264] {scheduler_job.py:629} INFO - Processing file /home/airflow/.local/lib/python3.6/site-packages/airflow/example_dags/example_xcom.py for tasks to queue
[2021-04-03 15:23:23,264] {logging_mixin.py:104} INFO - [2021-04-03 15:23:23,264] {dagbag.py:448} INFO - Filling up the DagBag from /home/airflow/.local/lib/python3.6/site-packages/airflow/example_dags/example_xcom.py
[2021-04-03 15:23:23,270] {scheduler_job.py:639} INFO - DAG(s) dict_keys(['example_xcom']) retrieved from /home/airflow/.local/lib/python3.6/site-packages/airflow/example_dags/example_xcom.py
[2021-04-03 15:23:23,279] {logging_mixin.py:104} INFO - [2021-04-03 15:23:23,279] {dag.py:1818} INFO - Sync 1 DAGs
[2021-04-03 15:23:23,286] {logging_mixin.py:104} INFO - [2021-04-03 15:23:23,286] {dag.py:2273} INFO - Setting next_dagrun for example_xcom to 2021-04-01 00:00:00+00:00
[2021-04-03 15:23:23,291] {scheduler_job.py:190} INFO - Processing /home/airflow/.local/lib/python3.6/site-packages/airflow/example_dags/example_xcom.py took 0.029 seconds
[2021-04-03 15:23:53,830] {scheduler_job.py:182} INFO - Started process (PID=201) to work on /home/airflow/.local/lib/python3.6/site-packages/airflow/example_dags/example_xcom.py
[2021-04-03 15:23:53,830] {scheduler_job.py:629} INFO - Processing file /home/airflow/.local/lib/python3.6/site-packages/airflow/example_dags/example_xcom.py for tasks to queue
[2021-04-03 15:23:53,830] {logging_mixin.py:104} INFO - [2021-04-03 15:23:53,830] {dagbag.py:448} INFO - Filling up the DagBag from /home/airflow/.local/lib/python3.6/site-packages/airflow/example_dags/example_xcom.py
[2021-04-03 15:23:53,836] {scheduler_job.py:639} INFO - DAG(s) dict_keys(['example_xcom']) retrieved from /home/airflow/.local/lib/python3.6/site-packages/airflow/example_dags/example_xcom.py
[2021-04-03 15:23:53,845] {logging_mixin.py:104} INFO - [2021-04-03 15:23:53,845] {dag.py:1818} INFO - Sync 1 DAGs
[2021-04-03 15:23:53,852] {logging_mixin.py:104} INFO - [2021-04-03 15:23:53,852] {dag.py:2273} INFO - Setting next_dagrun for example_xcom to 2021-04-01 00:00:00+00:00
[2021-04-03 15:23:53,858] {scheduler_job.py:190} INFO - Processing /home/airflow/.local/lib/python3.6/site-packages/airflow/example_dags/example_xcom.py took 0.030 seconds
[2021-04-03 15:24:24,417] {scheduler_job.py:182} INFO - Started process (PID=227) to work on /home/airflow/.local/lib/python3.6/site-packages/airflow/example_dags/example_xcom.py
[2021-04-03 15:24:24,418] {scheduler_job.py:629} INFO - Processing file /home/airflow/.local/lib/python3.6/site-packages/airflow/example_dags/example_xcom.py for tasks to queue
[2021-04-03 15:24:24,418] {logging_mixin.py:104} INFO - [2021-04-03 15:24:24,418] {dagbag.py:448} INFO - Filling up the DagBag from /home/airflow/.local/lib/python3.6/site-packages/airflow/example_dags/example_xcom.py
[2021-04-03 15:24:24,423] {scheduler_job.py:639} INFO - DAG(s) dict_keys(['example_xcom']) retrieved from /home/airflow/.local/lib/python3.6/site-packages/airflow/example_dags/example_xcom.py
[2021-04-03 15:24:24,433] {logging_mixin.py:104} INFO - [2021-04-03 15:24:24,433] {dag.py:1818} INFO - Sync 1 DAGs
[2021-04-03 15:24:24,439] {logging_mixin.py:104} INFO - [2021-04-03 15:24:24,439] {dag.py:2273} INFO - Setting next_dagrun for example_xcom to 2021-04-01 00:00:00+00:00
[2021-04-03 15:24:24,445] {scheduler_job.py:190} INFO - Processing /home/airflow/.local/lib/python3.6/site-packages/airflow/example_dags/example_xcom.py took 0.030 seconds
[2021-04-03 15:24:54,991] {scheduler_job.py:182} INFO - Started process (PID=253) to work on /home/airflow/.local/lib/python3.6/site-packages/airflow/example_dags/example_xcom.py
[2021-04-03 15:24:54,992] {scheduler_job.py:629} INFO - Processing file /home/airflow/.local/lib/python3.6/site-packages/airflow/example_dags/example_xcom.py for tasks to queue
[2021-04-03 15:24:54,992] {logging_mixin.py:104} INFO - [2021-04-03 15:24:54,992] {dagbag.py:448} INFO - Filling up the DagBag from /home/airflow/.local/lib/python3.6/site-packages/airflow/example_dags/example_xcom.py
[2021-04-03 15:24:54,997] {scheduler_job.py:639} INFO - DAG(s) dict_keys(['example_xcom']) retrieved from /home/airflow/.local/lib/python3.6/site-packages/airflow/example_dags/example_xcom.py
[2021-04-03 15:24:55,007] {logging_mixin.py:104} INFO - [2021-04-03 15:24:55,007] {dag.py:1818} INFO - Sync 1 DAGs
[2021-04-03 15:24:55,014] {logging_mixin.py:104} INFO - [2021-04-03 15:24:55,014] {dag.py:2273} INFO - Setting next_dagrun for example_xcom to 2021-04-01 00:00:00+00:00
[2021-04-03 15:24:55,020] {scheduler_job.py:190} INFO - Processing /home/airflow/.local/lib/python3.6/site-packages/airflow/example_dags/example_xcom.py took 0.030 seconds
[2021-04-03 15:25:25,575] {scheduler_job.py:182} INFO - Started process (PID=279) to work on /home/airflow/.local/lib/python3.6/site-packages/airflow/example_dags/example_xcom.py
[2021-04-03 15:25:25,575] {scheduler_job.py:629} INFO - Processing file /home/airflow/.local/lib/python3.6/site-packages/airflow/example_dags/example_xcom.py for tasks to queue
[2021-04-03 15:25:25,576] {logging_mixin.py:104} INFO - [2021-04-03 15:25:25,576] {dagbag.py:448} INFO - Filling up the DagBag from /home/airflow/.local/lib/python3.6/site-packages/airflow/example_dags/example_xcom.py
[2021-04-03 15:25:25,581] {scheduler_job.py:639} INFO - DAG(s) dict_keys(['example_xcom']) retrieved from /home/airflow/.local/lib/python3.6/site-packages/airflow/example_dags/example_xcom.py
[2021-04-03 15:25:25,591] {logging_mixin.py:104} INFO - [2021-04-03 15:25:25,591] {dag.py:1818} INFO - Sync 1 DAGs
[2021-04-03 15:25:25,598] {logging_mixin.py:104} INFO - [2021-04-03 15:25:25,598] {dag.py:2273} INFO - Setting next_dagrun for example_xcom to 2021-04-01 00:00:00+00:00
[2021-04-03 15:25:25,603] {scheduler_job.py:190} INFO - Processing /home/airflow/.local/lib/python3.6/site-packages/airflow/example_dags/example_xcom.py took 0.029 seconds
[2021-04-03 15:25:56,159] {scheduler_job.py:182} INFO - Started process (PID=305) to work on /home/airflow/.local/lib/python3.6/site-packages/airflow/example_dags/example_xcom.py
[2021-04-03 15:25:56,159] {scheduler_job.py:629} INFO - Processing file /home/airflow/.local/lib/python3.6/site-packages/airflow/example_dags/example_xcom.py for tasks to queue
[2021-04-03 15:25:56,160] {logging_mixin.py:104} INFO - [2021-04-03 15:25:56,160] {dagbag.py:448} INFO - Filling up the DagBag from /home/airflow/.local/lib/python3.6/site-packages/airflow/example_dags/example_xcom.py
[2021-04-03 15:25:56,165] {scheduler_job.py:639} INFO - DAG(s) dict_keys(['example_xcom']) retrieved from /home/airflow/.local/lib/python3.6/site-packages/airflow/example_dags/example_xcom.py
[2021-04-03 15:25:56,174] {logging_mixin.py:104} INFO - [2021-04-03 15:25:56,174] {dag.py:1818} INFO - Sync 1 DAGs
[2021-04-03 15:25:56,182] {logging_mixin.py:104} INFO - [2021-04-03 15:25:56,181] {dag.py:2273} INFO - Setting next_dagrun for example_xcom to 2021-04-01 00:00:00+00:00
[2021-04-03 15:25:56,187] {scheduler_job.py:190} INFO - Processing /home/airflow/.local/lib/python3.6/site-packages/airflow/example_dags/example_xcom.py took 0.030 seconds
[2021-04-03 15:26:26,742] {scheduler_job.py:182} INFO - Started process (PID=331) to work on /home/airflow/.local/lib/python3.6/site-packages/airflow/example_dags/example_xcom.py
[2021-04-03 15:26:26,742] {scheduler_job.py:629} INFO - Processing file /home/airflow/.local/lib/python3.6/site-packages/airflow/example_dags/example_xcom.py for tasks to queue
[2021-04-03 15:26:26,742] {logging_mixin.py:104} INFO - [2021-04-03 15:26:26,742] {dagbag.py:448} INFO - Filling up the DagBag from /home/airflow/.local/lib/python3.6/site-packages/airflow/example_dags/example_xcom.py
[2021-04-03 15:26:26,748] {scheduler_job.py:639} INFO - DAG(s) dict_keys(['example_xcom']) retrieved from /home/airflow/.local/lib/python3.6/site-packages/airflow/example_dags/example_xcom.py
[2021-04-03 15:26:26,757] {logging_mixin.py:104} INFO - [2021-04-03 15:26:26,757] {dag.py:1818} INFO - Sync 1 DAGs
[2021-04-03 15:26:26,764] {logging_mixin.py:104} INFO - [2021-04-03 15:26:26,764] {dag.py:2273} INFO - Setting next_dagrun for example_xcom to 2021-04-01 00:00:00+00:00
[2021-04-03 15:26:26,771] {scheduler_job.py:190} INFO - Processing /home/airflow/.local/lib/python3.6/site-packages/airflow/example_dags/example_xcom.py took 0.030 seconds
[2021-04-03 15:26:57,314] {scheduler_job.py:182} INFO - Started process (PID=357) to work on /home/airflow/.local/lib/python3.6/site-packages/airflow/example_dags/example_xcom.py
[2021-04-03 15:26:57,314] {scheduler_job.py:629} INFO - Processing file /home/airflow/.local/lib/python3.6/site-packages/airflow/example_dags/example_xcom.py for tasks to queue
[2021-04-03 15:26:57,315] {logging_mixin.py:104} INFO - [2021-04-03 15:26:57,315] {dagbag.py:448} INFO - Filling up the DagBag from /home/airflow/.local/lib/python3.6/site-packages/airflow/example_dags/example_xcom.py
[2021-04-03 15:26:57,320] {scheduler_job.py:639} INFO - DAG(s) dict_keys(['example_xcom']) retrieved from /home/airflow/.local/lib/python3.6/site-packages/airflow/example_dags/example_xcom.py
[2021-04-03 15:26:57,330] {logging_mixin.py:104} INFO - [2021-04-03 15:26:57,330] {dag.py:1818} INFO - Sync 1 DAGs
[2021-04-03 15:26:57,338] {logging_mixin.py:104} INFO - [2021-04-03 15:26:57,337] {dag.py:2273} INFO - Setting next_dagrun for example_xcom to 2021-04-01 00:00:00+00:00
[2021-04-03 15:26:57,347] {scheduler_job.py:190} INFO - Processing /home/airflow/.local/lib/python3.6/site-packages/airflow/example_dags/example_xcom.py took 0.034 seconds
[2021-04-03 15:27:27,929] {scheduler_job.py:182} INFO - Started process (PID=383) to work on /home/airflow/.local/lib/python3.6/site-packages/airflow/example_dags/example_xcom.py
[2021-04-03 15:27:27,930] {scheduler_job.py:629} INFO - Processing file /home/airflow/.local/lib/python3.6/site-packages/airflow/example_dags/example_xcom.py for tasks to queue
[2021-04-03 15:27:27,930] {logging_mixin.py:104} INFO - [2021-04-03 15:27:27,930] {dagbag.py:448} INFO - Filling up the DagBag from /home/airflow/.local/lib/python3.6/site-packages/airflow/example_dags/example_xcom.py
[2021-04-03 15:27:27,935] {scheduler_job.py:639} INFO - DAG(s) dict_keys(['example_xcom']) retrieved from /home/airflow/.local/lib/python3.6/site-packages/airflow/example_dags/example_xcom.py
[2021-04-03 15:27:27,945] {logging_mixin.py:104} INFO - [2021-04-03 15:27:27,945] {dag.py:1818} INFO - Sync 1 DAGs
[2021-04-03 15:27:27,953] {logging_mixin.py:104} INFO - [2021-04-03 15:27:27,953] {dag.py:2273} INFO - Setting next_dagrun for example_xcom to 2021-04-01 00:00:00+00:00
[2021-04-03 15:27:27,958] {scheduler_job.py:190} INFO - Processing /home/airflow/.local/lib/python3.6/site-packages/airflow/example_dags/example_xcom.py took 0.030 seconds
[2021-04-03 15:27:58,524] {scheduler_job.py:182} INFO - Started process (PID=409) to work on /home/airflow/.local/lib/python3.6/site-packages/airflow/example_dags/example_xcom.py
[2021-04-03 15:27:58,525] {scheduler_job.py:629} INFO - Processing file /home/airflow/.local/lib/python3.6/site-packages/airflow/example_dags/example_xcom.py for tasks to queue
[2021-04-03 15:27:58,525] {logging_mixin.py:104} INFO - [2021-04-03 15:27:58,525] {dagbag.py:448} INFO - Filling up the DagBag from /home/airflow/.local/lib/python3.6/site-packages/airflow/example_dags/example_xcom.py
[2021-04-03 15:27:58,531] {scheduler_job.py:639} INFO - DAG(s) dict_keys(['example_xcom']) retrieved from /home/airflow/.local/lib/python3.6/site-packages/airflow/example_dags/example_xcom.py
[2021-04-03 15:27:58,540] {logging_mixin.py:104} INFO - [2021-04-03 15:27:58,540] {dag.py:1818} INFO - Sync 1 DAGs
[2021-04-03 15:27:58,548] {logging_mixin.py:104} INFO - [2021-04-03 15:27:58,548] {dag.py:2273} INFO - Setting next_dagrun for example_xcom to 2021-04-01 00:00:00+00:00
[2021-04-03 15:27:58,553] {scheduler_job.py:190} INFO - Processing /home/airflow/.local/lib/python3.6/site-packages/airflow/example_dags/example_xcom.py took 0.030 seconds
[2021-04-03 15:28:29,110] {scheduler_job.py:182} INFO - Started process (PID=435) to work on /home/airflow/.local/lib/python3.6/site-packages/airflow/example_dags/example_xcom.py
[2021-04-03 15:28:29,111] {scheduler_job.py:629} INFO - Processing file /home/airflow/.local/lib/python3.6/site-packages/airflow/example_dags/example_xcom.py for tasks to queue
[2021-04-03 15:28:29,111] {logging_mixin.py:104} INFO - [2021-04-03 15:28:29,111] {dagbag.py:448} INFO - Filling up the DagBag from /home/airflow/.local/lib/python3.6/site-packages/airflow/example_dags/example_xcom.py
[2021-04-03 15:28:29,116] {scheduler_job.py:639} INFO - DAG(s) dict_keys(['example_xcom']) retrieved from /home/airflow/.local/lib/python3.6/site-packages/airflow/example_dags/example_xcom.py
[2021-04-03 15:28:29,126] {logging_mixin.py:104} INFO - [2021-04-03 15:28:29,126] {dag.py:1818} INFO - Sync 1 DAGs
[2021-04-03 15:28:29,134] {logging_mixin.py:104} INFO - [2021-04-03 15:28:29,134] {dag.py:2273} INFO - Setting next_dagrun for example_xcom to 2021-04-01 00:00:00+00:00
[2021-04-03 15:28:29,141] {scheduler_job.py:190} INFO - Processing /home/airflow/.local/lib/python3.6/site-packages/airflow/example_dags/example_xcom.py took 0.031 seconds
[2021-04-03 15:28:59,686] {scheduler_job.py:182} INFO - Started process (PID=461) to work on /home/airflow/.local/lib/python3.6/site-packages/airflow/example_dags/example_xcom.py
[2021-04-03 15:28:59,686] {scheduler_job.py:629} INFO - Processing file /home/airflow/.local/lib/python3.6/site-packages/airflow/example_dags/example_xcom.py for tasks to queue
[2021-04-03 15:28:59,687] {logging_mixin.py:104} INFO - [2021-04-03 15:28:59,687] {dagbag.py:448} INFO - Filling up the DagBag from /home/airflow/.local/lib/python3.6/site-packages/airflow/example_dags/example_xcom.py
[2021-04-03 15:28:59,692] {scheduler_job.py:639} INFO - DAG(s) dict_keys(['example_xcom']) retrieved from /home/airflow/.local/lib/python3.6/site-packages/airflow/example_dags/example_xcom.py
[2021-04-03 15:28:59,702] {logging_mixin.py:104} INFO - [2021-04-03 15:28:59,702] {dag.py:1818} INFO - Sync 1 DAGs
[2021-04-03 15:28:59,709] {logging_mixin.py:104} INFO - [2021-04-03 15:28:59,709] {dag.py:2273} INFO - Setting next_dagrun for example_xcom to 2021-04-01 00:00:00+00:00
[2021-04-03 15:28:59,715] {scheduler_job.py:190} INFO - Processing /home/airflow/.local/lib/python3.6/site-packages/airflow/example_dags/example_xcom.py took 0.030 seconds
[2021-04-03 15:29:30,255] {scheduler_job.py:182} INFO - Started process (PID=487) to work on /home/airflow/.local/lib/python3.6/site-packages/airflow/example_dags/example_xcom.py
[2021-04-03 15:29:30,256] {scheduler_job.py:629} INFO - Processing file /home/airflow/.local/lib/python3.6/site-packages/airflow/example_dags/example_xcom.py for tasks to queue
[2021-04-03 15:29:30,256] {logging_mixin.py:104} INFO - [2021-04-03 15:29:30,256] {dagbag.py:448} INFO - Filling up the DagBag from /home/airflow/.local/lib/python3.6/site-packages/airflow/example_dags/example_xcom.py
[2021-04-03 15:29:30,261] {scheduler_job.py:639} INFO - DAG(s) dict_keys(['example_xcom']) retrieved from /home/airflow/.local/lib/python3.6/site-packages/airflow/example_dags/example_xcom.py
[2021-04-03 15:29:30,271] {logging_mixin.py:104} INFO - [2021-04-03 15:29:30,271] {dag.py:1818} INFO - Sync 1 DAGs
[2021-04-03 15:29:30,279] {logging_mixin.py:104} INFO - [2021-04-03 15:29:30,279] {dag.py:2273} INFO - Setting next_dagrun for example_xcom to 2021-04-01 00:00:00+00:00
[2021-04-03 15:29:30,285] {scheduler_job.py:190} INFO - Processing /home/airflow/.local/lib/python3.6/site-packages/airflow/example_dags/example_xcom.py took 0.032 seconds
[2021-04-03 15:30:00,873] {scheduler_job.py:182} INFO - Started process (PID=513) to work on /home/airflow/.local/lib/python3.6/site-packages/airflow/example_dags/example_xcom.py
[2021-04-03 15:30:00,873] {scheduler_job.py:629} INFO - Processing file /home/airflow/.local/lib/python3.6/site-packages/airflow/example_dags/example_xcom.py for tasks to queue
[2021-04-03 15:30:00,874] {logging_mixin.py:104} INFO - [2021-04-03 15:30:00,874] {dagbag.py:448} INFO - Filling up the DagBag from /home/airflow/.local/lib/python3.6/site-packages/airflow/example_dags/example_xcom.py
[2021-04-03 15:30:00,879] {scheduler_job.py:639} INFO - DAG(s) dict_keys(['example_xcom']) retrieved from /home/airflow/.local/lib/python3.6/site-packages/airflow/example_dags/example_xcom.py
[2021-04-03 15:30:00,889] {logging_mixin.py:104} INFO - [2021-04-03 15:30:00,889] {dag.py:1818} INFO - Sync 1 DAGs
[2021-04-03 15:30:00,896] {logging_mixin.py:104} INFO - [2021-04-03 15:30:00,896] {dag.py:2273} INFO - Setting next_dagrun for example_xcom to 2021-04-01 00:00:00+00:00
[2021-04-03 15:30:00,902] {scheduler_job.py:190} INFO - Processing /home/airflow/.local/lib/python3.6/site-packages/airflow/example_dags/example_xcom.py took 0.030 seconds
[2021-04-03 15:30:31,530] {scheduler_job.py:182} INFO - Started process (PID=539) to work on /home/airflow/.local/lib/python3.6/site-packages/airflow/example_dags/example_xcom.py
[2021-04-03 15:30:31,531] {scheduler_job.py:629} INFO - Processing file /home/airflow/.local/lib/python3.6/site-packages/airflow/example_dags/example_xcom.py for tasks to queue
[2021-04-03 15:30:31,531] {logging_mixin.py:104} INFO - [2021-04-03 15:30:31,531] {dagbag.py:448} INFO - Filling up the DagBag from /home/airflow/.local/lib/python3.6/site-packages/airflow/example_dags/example_xcom.py
[2021-04-03 15:30:31,536] {scheduler_job.py:639} INFO - DAG(s) dict_keys(['example_xcom']) retrieved from /home/airflow/.local/lib/python3.6/site-packages/airflow/example_dags/example_xcom.py
[2021-04-03 15:30:31,546] {logging_mixin.py:104} INFO - [2021-04-03 15:30:31,546] {dag.py:1818} INFO - Sync 1 DAGs
[2021-04-03 15:30:31,554] {logging_mixin.py:104} INFO - [2021-04-03 15:30:31,554] {dag.py:2273} INFO - Setting next_dagrun for example_xcom to 2021-04-01 00:00:00+00:00
[2021-04-03 15:30:31,560] {scheduler_job.py:190} INFO - Processing /home/airflow/.local/lib/python3.6/site-packages/airflow/example_dags/example_xcom.py took 0.032 seconds
[2021-04-03 15:31:02,148] {scheduler_job.py:182} INFO - Started process (PID=565) to work on /home/airflow/.local/lib/python3.6/site-packages/airflow/example_dags/example_xcom.py
[2021-04-03 15:31:02,149] {scheduler_job.py:629} INFO - Processing file /home/airflow/.local/lib/python3.6/site-packages/airflow/example_dags/example_xcom.py for tasks to queue
[2021-04-03 15:31:02,149] {logging_mixin.py:104} INFO - [2021-04-03 15:31:02,149] {dagbag.py:448} INFO - Filling up the DagBag from /home/airflow/.local/lib/python3.6/site-packages/airflow/example_dags/example_xcom.py
[2021-04-03 15:31:02,154] {scheduler_job.py:639} INFO - DAG(s) dict_keys(['example_xcom']) retrieved from /home/airflow/.local/lib/python3.6/site-packages/airflow/example_dags/example_xcom.py
[2021-04-03 15:31:02,165] {logging_mixin.py:104} INFO - [2021-04-03 15:31:02,165] {dag.py:1818} INFO - Sync 1 DAGs
[2021-04-03 15:31:02,171] {logging_mixin.py:104} INFO - [2021-04-03 15:31:02,171] {dag.py:2273} INFO - Setting next_dagrun for example_xcom to 2021-04-01 00:00:00+00:00
[2021-04-03 15:31:02,177] {scheduler_job.py:190} INFO - Processing /home/airflow/.local/lib/python3.6/site-packages/airflow/example_dags/example_xcom.py took 0.031 seconds
[2021-04-03 15:31:32,752] {scheduler_job.py:182} INFO - Started process (PID=591) to work on /home/airflow/.local/lib/python3.6/site-packages/airflow/example_dags/example_xcom.py
[2021-04-03 15:31:32,753] {scheduler_job.py:629} INFO - Processing file /home/airflow/.local/lib/python3.6/site-packages/airflow/example_dags/example_xcom.py for tasks to queue
[2021-04-03 15:31:32,753] {logging_mixin.py:104} INFO - [2021-04-03 15:31:32,753] {dagbag.py:448} INFO - Filling up the DagBag from /home/airflow/.local/lib/python3.6/site-packages/airflow/example_dags/example_xcom.py
[2021-04-03 15:31:32,758] {scheduler_job.py:639} INFO - DAG(s) dict_keys(['example_xcom']) retrieved from /home/airflow/.local/lib/python3.6/site-packages/airflow/example_dags/example_xcom.py
[2021-04-03 15:31:32,768] {logging_mixin.py:104} INFO - [2021-04-03 15:31:32,768] {dag.py:1818} INFO - Sync 1 DAGs
[2021-04-03 15:31:32,775] {logging_mixin.py:104} INFO - [2021-04-03 15:31:32,775] {dag.py:2273} INFO - Setting next_dagrun for example_xcom to 2021-04-01 00:00:00+00:00
[2021-04-03 15:31:32,782] {scheduler_job.py:190} INFO - Processing /home/airflow/.local/lib/python3.6/site-packages/airflow/example_dags/example_xcom.py took 0.031 seconds
[2021-04-03 15:32:03,344] {scheduler_job.py:182} INFO - Started process (PID=617) to work on /home/airflow/.local/lib/python3.6/site-packages/airflow/example_dags/example_xcom.py
[2021-04-03 15:32:03,345] {scheduler_job.py:629} INFO - Processing file /home/airflow/.local/lib/python3.6/site-packages/airflow/example_dags/example_xcom.py for tasks to queue
[2021-04-03 15:32:03,345] {logging_mixin.py:104} INFO - [2021-04-03 15:32:03,345] {dagbag.py:448} INFO - Filling up the DagBag from /home/airflow/.local/lib/python3.6/site-packages/airflow/example_dags/example_xcom.py
[2021-04-03 15:32:03,350] {scheduler_job.py:639} INFO - DAG(s) dict_keys(['example_xcom']) retrieved from /home/airflow/.local/lib/python3.6/site-packages/airflow/example_dags/example_xcom.py
[2021-04-03 15:32:03,361] {logging_mixin.py:104} INFO - [2021-04-03 15:32:03,361] {dag.py:1818} INFO - Sync 1 DAGs
[2021-04-03 15:32:03,368] {logging_mixin.py:104} INFO - [2021-04-03 15:32:03,368] {dag.py:2273} INFO - Setting next_dagrun for example_xcom to 2021-04-01 00:00:00+00:00
[2021-04-03 15:32:03,374] {scheduler_job.py:190} INFO - Processing /home/airflow/.local/lib/python3.6/site-packages/airflow/example_dags/example_xcom.py took 0.031 seconds
[2021-04-03 15:32:33,958] {scheduler_job.py:182} INFO - Started process (PID=643) to work on /home/airflow/.local/lib/python3.6/site-packages/airflow/example_dags/example_xcom.py
[2021-04-03 15:32:33,958] {scheduler_job.py:629} INFO - Processing file /home/airflow/.local/lib/python3.6/site-packages/airflow/example_dags/example_xcom.py for tasks to queue
[2021-04-03 15:32:33,959] {logging_mixin.py:104} INFO - [2021-04-03 15:32:33,959] {dagbag.py:448} INFO - Filling up the DagBag from /home/airflow/.local/lib/python3.6/site-packages/airflow/example_dags/example_xcom.py
[2021-04-03 15:32:33,964] {scheduler_job.py:639} INFO - DAG(s) dict_keys(['example_xcom']) retrieved from /home/airflow/.local/lib/python3.6/site-packages/airflow/example_dags/example_xcom.py
[2021-04-03 15:32:33,975] {logging_mixin.py:104} INFO - [2021-04-03 15:32:33,975] {dag.py:1818} INFO - Sync 1 DAGs
[2021-04-03 15:32:33,982] {logging_mixin.py:104} INFO - [2021-04-03 15:32:33,982] {dag.py:2273} INFO - Setting next_dagrun for example_xcom to 2021-04-01 00:00:00+00:00
[2021-04-03 15:32:33,989] {scheduler_job.py:190} INFO - Processing /home/airflow/.local/lib/python3.6/site-packages/airflow/example_dags/example_xcom.py took 0.032 seconds
[2021-04-03 15:33:04,605] {scheduler_job.py:182} INFO - Started process (PID=669) to work on /home/airflow/.local/lib/python3.6/site-packages/airflow/example_dags/example_xcom.py
[2021-04-03 15:33:04,606] {scheduler_job.py:629} INFO - Processing file /home/airflow/.local/lib/python3.6/site-packages/airflow/example_dags/example_xcom.py for tasks to queue
[2021-04-03 15:33:04,607] {logging_mixin.py:104} INFO - [2021-04-03 15:33:04,607] {dagbag.py:448} INFO - Filling up the DagBag from /home/airflow/.local/lib/python3.6/site-packages/airflow/example_dags/example_xcom.py
[2021-04-03 15:33:04,619] {scheduler_job.py:639} INFO - DAG(s) dict_keys(['example_xcom']) retrieved from /home/airflow/.local/lib/python3.6/site-packages/airflow/example_dags/example_xcom.py
[2021-04-03 15:33:04,633] {logging_mixin.py:104} INFO - [2021-04-03 15:33:04,632] {dag.py:1818} INFO - Sync 1 DAGs
[2021-04-03 15:33:04,641] {logging_mixin.py:104} INFO - [2021-04-03 15:33:04,640] {dag.py:2273} INFO - Setting next_dagrun for example_xcom to 2021-04-01 00:00:00+00:00
[2021-04-03 15:33:04,647] {scheduler_job.py:190} INFO - Processing /home/airflow/.local/lib/python3.6/site-packages/airflow/example_dags/example_xcom.py took 0.045 seconds
[2021-04-03 15:33:35,210] {scheduler_job.py:182} INFO - Started process (PID=695) to work on /home/airflow/.local/lib/python3.6/site-packages/airflow/example_dags/example_xcom.py
[2021-04-03 15:33:35,211] {scheduler_job.py:629} INFO - Processing file /home/airflow/.local/lib/python3.6/site-packages/airflow/example_dags/example_xcom.py for tasks to queue
[2021-04-03 15:33:35,211] {logging_mixin.py:104} INFO - [2021-04-03 15:33:35,211] {dagbag.py:448} INFO - Filling up the DagBag from /home/airflow/.local/lib/python3.6/site-packages/airflow/example_dags/example_xcom.py
[2021-04-03 15:33:35,217] {scheduler_job.py:639} INFO - DAG(s) dict_keys(['example_xcom']) retrieved from /home/airflow/.local/lib/python3.6/site-packages/airflow/example_dags/example_xcom.py
[2021-04-03 15:33:35,227] {logging_mixin.py:104} INFO - [2021-04-03 15:33:35,227] {dag.py:1818} INFO - Sync 1 DAGs
[2021-04-03 15:33:35,234] {logging_mixin.py:104} INFO - [2021-04-03 15:33:35,234] {dag.py:2273} INFO - Setting next_dagrun for example_xcom to 2021-04-01 00:00:00+00:00
[2021-04-03 15:33:35,240] {scheduler_job.py:190} INFO - Processing /home/airflow/.local/lib/python3.6/site-packages/airflow/example_dags/example_xcom.py took 0.031 seconds
[2021-04-03 15:34:05,789] {scheduler_job.py:182} INFO - Started process (PID=721) to work on /home/airflow/.local/lib/python3.6/site-packages/airflow/example_dags/example_xcom.py
[2021-04-03 15:34:05,790] {scheduler_job.py:629} INFO - Processing file /home/airflow/.local/lib/python3.6/site-packages/airflow/example_dags/example_xcom.py for tasks to queue
[2021-04-03 15:34:05,790] {logging_mixin.py:104} INFO - [2021-04-03 15:34:05,790] {dagbag.py:448} INFO - Filling up the DagBag from /home/airflow/.local/lib/python3.6/site-packages/airflow/example_dags/example_xcom.py
[2021-04-03 15:34:05,796] {scheduler_job.py:639} INFO - DAG(s) dict_keys(['example_xcom']) retrieved from /home/airflow/.local/lib/python3.6/site-packages/airflow/example_dags/example_xcom.py
[2021-04-03 15:34:05,806] {logging_mixin.py:104} INFO - [2021-04-03 15:34:05,806] {dag.py:1818} INFO - Sync 1 DAGs
[2021-04-03 15:34:05,813] {logging_mixin.py:104} INFO - [2021-04-03 15:34:05,812] {dag.py:2273} INFO - Setting next_dagrun for example_xcom to 2021-04-01 00:00:00+00:00
[2021-04-03 15:34:05,818] {scheduler_job.py:190} INFO - Processing /home/airflow/.local/lib/python3.6/site-packages/airflow/example_dags/example_xcom.py took 0.030 seconds
[2021-04-03 15:34:36,381] {scheduler_job.py:182} INFO - Started process (PID=747) to work on /home/airflow/.local/lib/python3.6/site-packages/airflow/example_dags/example_xcom.py
[2021-04-03 15:34:36,381] {scheduler_job.py:629} INFO - Processing file /home/airflow/.local/lib/python3.6/site-packages/airflow/example_dags/example_xcom.py for tasks to queue
[2021-04-03 15:34:36,382] {logging_mixin.py:104} INFO - [2021-04-03 15:34:36,382] {dagbag.py:448} INFO - Filling up the DagBag from /home/airflow/.local/lib/python3.6/site-packages/airflow/example_dags/example_xcom.py
[2021-04-03 15:34:36,388] {scheduler_job.py:639} INFO - DAG(s) dict_keys(['example_xcom']) retrieved from /home/airflow/.local/lib/python3.6/site-packages/airflow/example_dags/example_xcom.py
[2021-04-03 15:34:36,397] {logging_mixin.py:104} INFO - [2021-04-03 15:34:36,397] {dag.py:1818} INFO - Sync 1 DAGs
[2021-04-03 15:34:36,404] {logging_mixin.py:104} INFO - [2021-04-03 15:34:36,404] {dag.py:2273} INFO - Setting next_dagrun for example_xcom to 2021-04-01 00:00:00+00:00
[2021-04-03 15:34:36,410] {scheduler_job.py:190} INFO - Processing /home/airflow/.local/lib/python3.6/site-packages/airflow/example_dags/example_xcom.py took 0.031 seconds
[2021-04-03 15:35:06,978] {scheduler_job.py:182} INFO - Started process (PID=773) to work on /home/airflow/.local/lib/python3.6/site-packages/airflow/example_dags/example_xcom.py
[2021-04-03 15:35:06,979] {scheduler_job.py:629} INFO - Processing file /home/airflow/.local/lib/python3.6/site-packages/airflow/example_dags/example_xcom.py for tasks to queue
[2021-04-03 15:35:06,979] {logging_mixin.py:104} INFO - [2021-04-03 15:35:06,979] {dagbag.py:448} INFO - Filling up the DagBag from /home/airflow/.local/lib/python3.6/site-packages/airflow/example_dags/example_xcom.py
[2021-04-03 15:35:06,985] {scheduler_job.py:639} INFO - DAG(s) dict_keys(['example_xcom']) retrieved from /home/airflow/.local/lib/python3.6/site-packages/airflow/example_dags/example_xcom.py
[2021-04-03 15:35:06,995] {logging_mixin.py:104} INFO - [2021-04-03 15:35:06,995] {dag.py:1818} INFO - Sync 1 DAGs
[2021-04-03 15:35:07,002] {logging_mixin.py:104} INFO - [2021-04-03 15:35:07,002] {dag.py:2273} INFO - Setting next_dagrun for example_xcom to 2021-04-01 00:00:00+00:00
[2021-04-03 15:35:07,008] {scheduler_job.py:190} INFO - Processing /home/airflow/.local/lib/python3.6/site-packages/airflow/example_dags/example_xcom.py took 0.031 seconds
[2021-04-03 15:35:37,561] {scheduler_job.py:182} INFO - Started process (PID=799) to work on /home/airflow/.local/lib/python3.6/site-packages/airflow/example_dags/example_xcom.py
[2021-04-03 15:35:37,562] {scheduler_job.py:629} INFO - Processing file /home/airflow/.local/lib/python3.6/site-packages/airflow/example_dags/example_xcom.py for tasks to queue
[2021-04-03 15:35:37,562] {logging_mixin.py:104} INFO - [2021-04-03 15:35:37,562] {dagbag.py:448} INFO - Filling up the DagBag from /home/airflow/.local/lib/python3.6/site-packages/airflow/example_dags/example_xcom.py
[2021-04-03 15:35:37,568] {scheduler_job.py:639} INFO - DAG(s) dict_keys(['example_xcom']) retrieved from /home/airflow/.local/lib/python3.6/site-packages/airflow/example_dags/example_xcom.py
[2021-04-03 15:35:37,578] {logging_mixin.py:104} INFO - [2021-04-03 15:35:37,578] {dag.py:1818} INFO - Sync 1 DAGs
[2021-04-03 15:35:37,585] {logging_mixin.py:104} INFO - [2021-04-03 15:35:37,585] {dag.py:2273} INFO - Setting next_dagrun for example_xcom to 2021-04-01 00:00:00+00:00
[2021-04-03 15:35:37,591] {scheduler_job.py:190} INFO - Processing /home/airflow/.local/lib/python3.6/site-packages/airflow/example_dags/example_xcom.py took 0.031 seconds
[2021-04-03 15:36:08,156] {scheduler_job.py:182} INFO - Started process (PID=825) to work on /home/airflow/.local/lib/python3.6/site-packages/airflow/example_dags/example_xcom.py
[2021-04-03 15:36:08,156] {scheduler_job.py:629} INFO - Processing file /home/airflow/.local/lib/python3.6/site-packages/airflow/example_dags/example_xcom.py for tasks to queue
[2021-04-03 15:36:08,157] {logging_mixin.py:104} INFO - [2021-04-03 15:36:08,157] {dagbag.py:448} INFO - Filling up the DagBag from /home/airflow/.local/lib/python3.6/site-packages/airflow/example_dags/example_xcom.py
[2021-04-03 15:36:08,163] {scheduler_job.py:639} INFO - DAG(s) dict_keys(['example_xcom']) retrieved from /home/airflow/.local/lib/python3.6/site-packages/airflow/example_dags/example_xcom.py
[2021-04-03 15:36:08,172] {logging_mixin.py:104} INFO - [2021-04-03 15:36:08,172] {dag.py:1818} INFO - Sync 1 DAGs
[2021-04-03 15:36:08,179] {logging_mixin.py:104} INFO - [2021-04-03 15:36:08,179] {dag.py:2273} INFO - Setting next_dagrun for example_xcom to 2021-04-01 00:00:00+00:00
[2021-04-03 15:36:08,184] {scheduler_job.py:190} INFO - Processing /home/airflow/.local/lib/python3.6/site-packages/airflow/example_dags/example_xcom.py took 0.030 seconds
[2021-04-03 15:36:38,774] {scheduler_job.py:182} INFO - Started process (PID=851) to work on /home/airflow/.local/lib/python3.6/site-packages/airflow/example_dags/example_xcom.py
[2021-04-03 15:36:38,774] {scheduler_job.py:629} INFO - Processing file /home/airflow/.local/lib/python3.6/site-packages/airflow/example_dags/example_xcom.py for tasks to queue
[2021-04-03 15:36:38,775] {logging_mixin.py:104} INFO - [2021-04-03 15:36:38,775] {dagbag.py:448} INFO - Filling up the DagBag from /home/airflow/.local/lib/python3.6/site-packages/airflow/example_dags/example_xcom.py
[2021-04-03 15:36:38,780] {scheduler_job.py:639} INFO - DAG(s) dict_keys(['example_xcom']) retrieved from /home/airflow/.local/lib/python3.6/site-packages/airflow/example_dags/example_xcom.py
[2021-04-03 15:36:38,790] {logging_mixin.py:104} INFO - [2021-04-03 15:36:38,789] {dag.py:1818} INFO - Sync 1 DAGs
[2021-04-03 15:36:38,796] {logging_mixin.py:104} INFO - [2021-04-03 15:36:38,796] {dag.py:2273} INFO - Setting next_dagrun for example_xcom to 2021-04-01 00:00:00+00:00
[2021-04-03 15:36:38,802] {scheduler_job.py:190} INFO - Processing /home/airflow/.local/lib/python3.6/site-packages/airflow/example_dags/example_xcom.py took 0.029 seconds
[2021-04-03 15:37:09,363] {scheduler_job.py:182} INFO - Started process (PID=877) to work on /home/airflow/.local/lib/python3.6/site-packages/airflow/example_dags/example_xcom.py
[2021-04-03 15:37:09,364] {scheduler_job.py:629} INFO - Processing file /home/airflow/.local/lib/python3.6/site-packages/airflow/example_dags/example_xcom.py for tasks to queue
[2021-04-03 15:37:09,364] {logging_mixin.py:104} INFO - [2021-04-03 15:37:09,364] {dagbag.py:448} INFO - Filling up the DagBag from /home/airflow/.local/lib/python3.6/site-packages/airflow/example_dags/example_xcom.py
[2021-04-03 15:37:09,369] {scheduler_job.py:639} INFO - DAG(s) dict_keys(['example_xcom']) retrieved from /home/airflow/.local/lib/python3.6/site-packages/airflow/example_dags/example_xcom.py
[2021-04-03 15:37:09,379] {logging_mixin.py:104} INFO - [2021-04-03 15:37:09,379] {dag.py:1818} INFO - Sync 1 DAGs
[2021-04-03 15:37:09,386] {logging_mixin.py:104} INFO - [2021-04-03 15:37:09,386] {dag.py:2273} INFO - Setting next_dagrun for example_xcom to 2021-04-01 00:00:00+00:00
[2021-04-03 15:37:09,391] {scheduler_job.py:190} INFO - Processing /home/airflow/.local/lib/python3.6/site-packages/airflow/example_dags/example_xcom.py took 0.029 seconds
[2021-04-03 15:37:39,950] {scheduler_job.py:182} INFO - Started process (PID=903) to work on /home/airflow/.local/lib/python3.6/site-packages/airflow/example_dags/example_xcom.py
[2021-04-03 15:37:39,950] {scheduler_job.py:629} INFO - Processing file /home/airflow/.local/lib/python3.6/site-packages/airflow/example_dags/example_xcom.py for tasks to queue
[2021-04-03 15:37:39,950] {logging_mixin.py:104} INFO - [2021-04-03 15:37:39,950] {dagbag.py:448} INFO - Filling up the DagBag from /home/airflow/.local/lib/python3.6/site-packages/airflow/example_dags/example_xcom.py
[2021-04-03 15:37:39,956] {scheduler_job.py:639} INFO - DAG(s) dict_keys(['example_xcom']) retrieved from /home/airflow/.local/lib/python3.6/site-packages/airflow/example_dags/example_xcom.py
[2021-04-03 15:37:39,965] {logging_mixin.py:104} INFO - [2021-04-03 15:37:39,965] {dag.py:1818} INFO - Sync 1 DAGs
[2021-04-03 15:37:39,972] {logging_mixin.py:104} INFO - [2021-04-03 15:37:39,972] {dag.py:2273} INFO - Setting next_dagrun for example_xcom to 2021-04-01 00:00:00+00:00
[2021-04-03 15:37:39,978] {scheduler_job.py:190} INFO - Processing /home/airflow/.local/lib/python3.6/site-packages/airflow/example_dags/example_xcom.py took 0.030 seconds
[2021-04-03 15:38:10,512] {scheduler_job.py:182} INFO - Started process (PID=929) to work on /home/airflow/.local/lib/python3.6/site-packages/airflow/example_dags/example_xcom.py
[2021-04-03 15:38:10,513] {scheduler_job.py:629} INFO - Processing file /home/airflow/.local/lib/python3.6/site-packages/airflow/example_dags/example_xcom.py for tasks to queue
[2021-04-03 15:38:10,513] {logging_mixin.py:104} INFO - [2021-04-03 15:38:10,513] {dagbag.py:448} INFO - Filling up the DagBag from /home/airflow/.local/lib/python3.6/site-packages/airflow/example_dags/example_xcom.py
[2021-04-03 15:38:10,519] {scheduler_job.py:639} INFO - DAG(s) dict_keys(['example_xcom']) retrieved from /home/airflow/.local/lib/python3.6/site-packages/airflow/example_dags/example_xcom.py
[2021-04-03 15:38:10,528] {logging_mixin.py:104} INFO - [2021-04-03 15:38:10,528] {dag.py:1818} INFO - Sync 1 DAGs
[2021-04-03 15:38:10,535] {logging_mixin.py:104} INFO - [2021-04-03 15:38:10,535] {dag.py:2273} INFO - Setting next_dagrun for example_xcom to 2021-04-01 00:00:00+00:00
[2021-04-03 15:38:10,542] {scheduler_job.py:190} INFO - Processing /home/airflow/.local/lib/python3.6/site-packages/airflow/example_dags/example_xcom.py took 0.031 seconds
[2021-04-03 15:38:41,131] {scheduler_job.py:182} INFO - Started process (PID=955) to work on /home/airflow/.local/lib/python3.6/site-packages/airflow/example_dags/example_xcom.py
[2021-04-03 15:38:41,131] {scheduler_job.py:629} INFO - Processing file /home/airflow/.local/lib/python3.6/site-packages/airflow/example_dags/example_xcom.py for tasks to queue
[2021-04-03 15:38:41,132] {logging_mixin.py:104} INFO - [2021-04-03 15:38:41,132] {dagbag.py:448} INFO - Filling up the DagBag from /home/airflow/.local/lib/python3.6/site-packages/airflow/example_dags/example_xcom.py
[2021-04-03 15:38:41,137] {scheduler_job.py:639} INFO - DAG(s) dict_keys(['example_xcom']) retrieved from /home/airflow/.local/lib/python3.6/site-packages/airflow/example_dags/example_xcom.py
[2021-04-03 15:38:41,147] {logging_mixin.py:104} INFO - [2021-04-03 15:38:41,147] {dag.py:1818} INFO - Sync 1 DAGs
[2021-04-03 15:38:41,154] {logging_mixin.py:104} INFO - [2021-04-03 15:38:41,154] {dag.py:2273} INFO - Setting next_dagrun for example_xcom to 2021-04-01 00:00:00+00:00
[2021-04-03 15:38:41,160] {scheduler_job.py:190} INFO - Processing /home/airflow/.local/lib/python3.6/site-packages/airflow/example_dags/example_xcom.py took 0.030 seconds
[2021-04-03 15:39:11,736] {scheduler_job.py:182} INFO - Started process (PID=981) to work on /home/airflow/.local/lib/python3.6/site-packages/airflow/example_dags/example_xcom.py
[2021-04-03 15:39:11,737] {scheduler_job.py:629} INFO - Processing file /home/airflow/.local/lib/python3.6/site-packages/airflow/example_dags/example_xcom.py for tasks to queue
[2021-04-03 15:39:11,737] {logging_mixin.py:104} INFO - [2021-04-03 15:39:11,737] {dagbag.py:448} INFO - Filling up the DagBag from /home/airflow/.local/lib/python3.6/site-packages/airflow/example_dags/example_xcom.py
[2021-04-03 15:39:11,742] {scheduler_job.py:639} INFO - DAG(s) dict_keys(['example_xcom']) retrieved from /home/airflow/.local/lib/python3.6/site-packages/airflow/example_dags/example_xcom.py
[2021-04-03 15:39:11,753] {logging_mixin.py:104} INFO - [2021-04-03 15:39:11,753] {dag.py:1818} INFO - Sync 1 DAGs
[2021-04-03 15:39:11,760] {logging_mixin.py:104} INFO - [2021-04-03 15:39:11,760] {dag.py:2273} INFO - Setting next_dagrun for example_xcom to 2021-04-01 00:00:00+00:00
[2021-04-03 15:39:11,766] {scheduler_job.py:190} INFO - Processing /home/airflow/.local/lib/python3.6/site-packages/airflow/example_dags/example_xcom.py took 0.031 seconds
[2021-04-03 15:39:42,352] {scheduler_job.py:182} INFO - Started process (PID=1007) to work on /home/airflow/.local/lib/python3.6/site-packages/airflow/example_dags/example_xcom.py
[2021-04-03 15:39:42,352] {scheduler_job.py:629} INFO - Processing file /home/airflow/.local/lib/python3.6/site-packages/airflow/example_dags/example_xcom.py for tasks to queue
[2021-04-03 15:39:42,353] {logging_mixin.py:104} INFO - [2021-04-03 15:39:42,353] {dagbag.py:448} INFO - Filling up the DagBag from /home/airflow/.local/lib/python3.6/site-packages/airflow/example_dags/example_xcom.py
[2021-04-03 15:39:42,362] {scheduler_job.py:639} INFO - DAG(s) dict_keys(['example_xcom']) retrieved from /home/airflow/.local/lib/python3.6/site-packages/airflow/example_dags/example_xcom.py
[2021-04-03 15:39:42,374] {logging_mixin.py:104} INFO - [2021-04-03 15:39:42,374] {dag.py:1818} INFO - Sync 1 DAGs
[2021-04-03 15:39:42,382] {logging_mixin.py:104} INFO - [2021-04-03 15:39:42,382] {dag.py:2273} INFO - Setting next_dagrun for example_xcom to 2021-04-01 00:00:00+00:00
[2021-04-03 15:39:42,387] {scheduler_job.py:190} INFO - Processing /home/airflow/.local/lib/python3.6/site-packages/airflow/example_dags/example_xcom.py took 0.039 seconds
[2021-04-03 15:40:12,967] {scheduler_job.py:182} INFO - Started process (PID=1033) to work on /home/airflow/.local/lib/python3.6/site-packages/airflow/example_dags/example_xcom.py
[2021-04-03 15:40:12,967] {scheduler_job.py:629} INFO - Processing file /home/airflow/.local/lib/python3.6/site-packages/airflow/example_dags/example_xcom.py for tasks to queue
[2021-04-03 15:40:12,968] {logging_mixin.py:104} INFO - [2021-04-03 15:40:12,968] {dagbag.py:448} INFO - Filling up the DagBag from /home/airflow/.local/lib/python3.6/site-packages/airflow/example_dags/example_xcom.py
[2021-04-03 15:40:12,973] {scheduler_job.py:639} INFO - DAG(s) dict_keys(['example_xcom']) retrieved from /home/airflow/.local/lib/python3.6/site-packages/airflow/example_dags/example_xcom.py
[2021-04-03 15:40:12,983] {logging_mixin.py:104} INFO - [2021-04-03 15:40:12,983] {dag.py:1818} INFO - Sync 1 DAGs
[2021-04-03 15:40:12,990] {logging_mixin.py:104} INFO - [2021-04-03 15:40:12,990] {dag.py:2273} INFO - Setting next_dagrun for example_xcom to 2021-04-01 00:00:00+00:00
[2021-04-03 15:40:12,995] {scheduler_job.py:190} INFO - Processing /home/airflow/.local/lib/python3.6/site-packages/airflow/example_dags/example_xcom.py took 0.029 seconds
[2021-04-03 15:40:43,657] {scheduler_job.py:182} INFO - Started process (PID=1059) to work on /home/airflow/.local/lib/python3.6/site-packages/airflow/example_dags/example_xcom.py
[2021-04-03 15:40:43,658] {scheduler_job.py:629} INFO - Processing file /home/airflow/.local/lib/python3.6/site-packages/airflow/example_dags/example_xcom.py for tasks to queue
[2021-04-03 15:40:43,658] {logging_mixin.py:104} INFO - [2021-04-03 15:40:43,658] {dagbag.py:448} INFO - Filling up the DagBag from /home/airflow/.local/lib/python3.6/site-packages/airflow/example_dags/example_xcom.py
[2021-04-03 15:40:43,663] {scheduler_job.py:639} INFO - DAG(s) dict_keys(['example_xcom']) retrieved from /home/airflow/.local/lib/python3.6/site-packages/airflow/example_dags/example_xcom.py
[2021-04-03 15:40:43,673] {logging_mixin.py:104} INFO - [2021-04-03 15:40:43,673] {dag.py:1818} INFO - Sync 1 DAGs
[2021-04-03 15:40:43,680] {logging_mixin.py:104} INFO - [2021-04-03 15:40:43,680] {dag.py:2273} INFO - Setting next_dagrun for example_xcom to 2021-04-01 00:00:00+00:00
[2021-04-03 15:40:43,685] {scheduler_job.py:190} INFO - Processing /home/airflow/.local/lib/python3.6/site-packages/airflow/example_dags/example_xcom.py took 0.029 seconds
[2021-04-03 15:41:14,272] {scheduler_job.py:182} INFO - Started process (PID=1085) to work on /home/airflow/.local/lib/python3.6/site-packages/airflow/example_dags/example_xcom.py
[2021-04-03 15:41:14,273] {scheduler_job.py:629} INFO - Processing file /home/airflow/.local/lib/python3.6/site-packages/airflow/example_dags/example_xcom.py for tasks to queue
[2021-04-03 15:41:14,273] {logging_mixin.py:104} INFO - [2021-04-03 15:41:14,273] {dagbag.py:448} INFO - Filling up the DagBag from /home/airflow/.local/lib/python3.6/site-packages/airflow/example_dags/example_xcom.py
[2021-04-03 15:41:14,279] {scheduler_job.py:639} INFO - DAG(s) dict_keys(['example_xcom']) retrieved from /home/airflow/.local/lib/python3.6/site-packages/airflow/example_dags/example_xcom.py
[2021-04-03 15:41:14,288] {logging_mixin.py:104} INFO - [2021-04-03 15:41:14,288] {dag.py:1818} INFO - Sync 1 DAGs
[2021-04-03 15:41:14,295] {logging_mixin.py:104} INFO - [2021-04-03 15:41:14,295] {dag.py:2273} INFO - Setting next_dagrun for example_xcom to 2021-04-01 00:00:00+00:00
[2021-04-03 15:41:14,302] {scheduler_job.py:190} INFO - Processing /home/airflow/.local/lib/python3.6/site-packages/airflow/example_dags/example_xcom.py took 0.031 seconds
[2021-04-03 15:41:44,939] {scheduler_job.py:182} INFO - Started process (PID=1111) to work on /home/airflow/.local/lib/python3.6/site-packages/airflow/example_dags/example_xcom.py
[2021-04-03 15:41:44,939] {scheduler_job.py:629} INFO - Processing file /home/airflow/.local/lib/python3.6/site-packages/airflow/example_dags/example_xcom.py for tasks to queue
[2021-04-03 15:41:44,939] {logging_mixin.py:104} INFO - [2021-04-03 15:41:44,939] {dagbag.py:448} INFO - Filling up the DagBag from /home/airflow/.local/lib/python3.6/site-packages/airflow/example_dags/example_xcom.py
[2021-04-03 15:41:44,945] {scheduler_job.py:639} INFO - DAG(s) dict_keys(['example_xcom']) retrieved from /home/airflow/.local/lib/python3.6/site-packages/airflow/example_dags/example_xcom.py
[2021-04-03 15:41:44,954] {logging_mixin.py:104} INFO - [2021-04-03 15:41:44,954] {dag.py:1818} INFO - Sync 1 DAGs
[2021-04-03 15:41:44,961] {logging_mixin.py:104} INFO - [2021-04-03 15:41:44,961] {dag.py:2273} INFO - Setting next_dagrun for example_xcom to 2021-04-01 00:00:00+00:00
[2021-04-03 15:41:44,967] {scheduler_job.py:190} INFO - Processing /home/airflow/.local/lib/python3.6/site-packages/airflow/example_dags/example_xcom.py took 0.030 seconds
[2021-04-03 15:42:15,546] {scheduler_job.py:182} INFO - Started process (PID=1137) to work on /home/airflow/.local/lib/python3.6/site-packages/airflow/example_dags/example_xcom.py
[2021-04-03 15:42:15,547] {scheduler_job.py:629} INFO - Processing file /home/airflow/.local/lib/python3.6/site-packages/airflow/example_dags/example_xcom.py for tasks to queue
[2021-04-03 15:42:15,547] {logging_mixin.py:104} INFO - [2021-04-03 15:42:15,547] {dagbag.py:448} INFO - Filling up the DagBag from /home/airflow/.local/lib/python3.6/site-packages/airflow/example_dags/example_xcom.py
[2021-04-03 15:42:15,552] {scheduler_job.py:639} INFO - DAG(s) dict_keys(['example_xcom']) retrieved from /home/airflow/.local/lib/python3.6/site-packages/airflow/example_dags/example_xcom.py
[2021-04-03 15:42:15,562] {logging_mixin.py:104} INFO - [2021-04-03 15:42:15,562] {dag.py:1818} INFO - Sync 1 DAGs
[2021-04-03 15:42:15,569] {logging_mixin.py:104} INFO - [2021-04-03 15:42:15,569] {dag.py:2273} INFO - Setting next_dagrun for example_xcom to 2021-04-01 00:00:00+00:00
[2021-04-03 15:42:15,575] {scheduler_job.py:190} INFO - Processing /home/airflow/.local/lib/python3.6/site-packages/airflow/example_dags/example_xcom.py took 0.030 seconds
[2021-04-03 15:42:46,173] {scheduler_job.py:182} INFO - Started process (PID=1163) to work on /home/airflow/.local/lib/python3.6/site-packages/airflow/example_dags/example_xcom.py
[2021-04-03 15:42:46,174] {scheduler_job.py:629} INFO - Processing file /home/airflow/.local/lib/python3.6/site-packages/airflow/example_dags/example_xcom.py for tasks to queue
[2021-04-03 15:42:46,174] {logging_mixin.py:104} INFO - [2021-04-03 15:42:46,174] {dagbag.py:448} INFO - Filling up the DagBag from /home/airflow/.local/lib/python3.6/site-packages/airflow/example_dags/example_xcom.py
[2021-04-03 15:42:46,186] {scheduler_job.py:639} INFO - DAG(s) dict_keys(['example_xcom']) retrieved from /home/airflow/.local/lib/python3.6/site-packages/airflow/example_dags/example_xcom.py
[2021-04-03 15:42:46,208] {logging_mixin.py:104} INFO - [2021-04-03 15:42:46,208] {dag.py:1818} INFO - Sync 1 DAGs
[2021-04-03 15:42:46,220] {logging_mixin.py:104} INFO - [2021-04-03 15:42:46,220] {dag.py:2273} INFO - Setting next_dagrun for example_xcom to 2021-04-01 00:00:00+00:00
[2021-04-03 15:42:46,227] {scheduler_job.py:190} INFO - Processing /home/airflow/.local/lib/python3.6/site-packages/airflow/example_dags/example_xcom.py took 0.057 seconds
[2021-04-03 15:43:16,798] {scheduler_job.py:182} INFO - Started process (PID=1189) to work on /home/airflow/.local/lib/python3.6/site-packages/airflow/example_dags/example_xcom.py
[2021-04-03 15:43:16,799] {scheduler_job.py:629} INFO - Processing file /home/airflow/.local/lib/python3.6/site-packages/airflow/example_dags/example_xcom.py for tasks to queue
[2021-04-03 15:43:16,799] {logging_mixin.py:104} INFO - [2021-04-03 15:43:16,799] {dagbag.py:448} INFO - Filling up the DagBag from /home/airflow/.local/lib/python3.6/site-packages/airflow/example_dags/example_xcom.py
[2021-04-03 15:43:16,804] {scheduler_job.py:639} INFO - DAG(s) dict_keys(['example_xcom']) retrieved from /home/airflow/.local/lib/python3.6/site-packages/airflow/example_dags/example_xcom.py
[2021-04-03 15:43:16,814] {logging_mixin.py:104} INFO - [2021-04-03 15:43:16,814] {dag.py:1818} INFO - Sync 1 DAGs
[2021-04-03 15:43:16,821] {logging_mixin.py:104} INFO - [2021-04-03 15:43:16,821] {dag.py:2273} INFO - Setting next_dagrun for example_xcom to 2021-04-01 00:00:00+00:00
[2021-04-03 15:43:16,827] {scheduler_job.py:190} INFO - Processing /home/airflow/.local/lib/python3.6/site-packages/airflow/example_dags/example_xcom.py took 0.030 seconds
[2021-04-03 15:43:47,381] {scheduler_job.py:182} INFO - Started process (PID=1215) to work on /home/airflow/.local/lib/python3.6/site-packages/airflow/example_dags/example_xcom.py
[2021-04-03 15:43:47,382] {scheduler_job.py:629} INFO - Processing file /home/airflow/.local/lib/python3.6/site-packages/airflow/example_dags/example_xcom.py for tasks to queue
[2021-04-03 15:43:47,382] {logging_mixin.py:104} INFO - [2021-04-03 15:43:47,382] {dagbag.py:448} INFO - Filling up the DagBag from /home/airflow/.local/lib/python3.6/site-packages/airflow/example_dags/example_xcom.py
[2021-04-03 15:43:47,387] {scheduler_job.py:639} INFO - DAG(s) dict_keys(['example_xcom']) retrieved from /home/airflow/.local/lib/python3.6/site-packages/airflow/example_dags/example_xcom.py
[2021-04-03 15:43:47,397] {logging_mixin.py:104} INFO - [2021-04-03 15:43:47,397] {dag.py:1818} INFO - Sync 1 DAGs
[2021-04-03 15:43:47,404] {logging_mixin.py:104} INFO - [2021-04-03 15:43:47,404] {dag.py:2273} INFO - Setting next_dagrun for example_xcom to 2021-04-01 00:00:00+00:00
[2021-04-03 15:43:47,410] {scheduler_job.py:190} INFO - Processing /home/airflow/.local/lib/python3.6/site-packages/airflow/example_dags/example_xcom.py took 0.030 seconds
[2021-04-03 15:44:17,988] {scheduler_job.py:182} INFO - Started process (PID=1241) to work on /home/airflow/.local/lib/python3.6/site-packages/airflow/example_dags/example_xcom.py
[2021-04-03 15:44:17,988] {scheduler_job.py:629} INFO - Processing file /home/airflow/.local/lib/python3.6/site-packages/airflow/example_dags/example_xcom.py for tasks to queue
[2021-04-03 15:44:17,989] {logging_mixin.py:104} INFO - [2021-04-03 15:44:17,989] {dagbag.py:448} INFO - Filling up the DagBag from /home/airflow/.local/lib/python3.6/site-packages/airflow/example_dags/example_xcom.py
[2021-04-03 15:44:17,994] {scheduler_job.py:639} INFO - DAG(s) dict_keys(['example_xcom']) retrieved from /home/airflow/.local/lib/python3.6/site-packages/airflow/example_dags/example_xcom.py
[2021-04-03 15:44:18,004] {logging_mixin.py:104} INFO - [2021-04-03 15:44:18,004] {dag.py:1818} INFO - Sync 1 DAGs
[2021-04-03 15:44:18,010] {logging_mixin.py:104} INFO - [2021-04-03 15:44:18,010] {dag.py:2273} INFO - Setting next_dagrun for example_xcom to 2021-04-01 00:00:00+00:00
[2021-04-03 15:44:18,016] {scheduler_job.py:190} INFO - Processing /home/airflow/.local/lib/python3.6/site-packages/airflow/example_dags/example_xcom.py took 0.029 seconds
[2021-04-03 15:44:48,560] {scheduler_job.py:182} INFO - Started process (PID=1267) to work on /home/airflow/.local/lib/python3.6/site-packages/airflow/example_dags/example_xcom.py
[2021-04-03 15:44:48,560] {scheduler_job.py:629} INFO - Processing file /home/airflow/.local/lib/python3.6/site-packages/airflow/example_dags/example_xcom.py for tasks to queue
[2021-04-03 15:44:48,561] {logging_mixin.py:104} INFO - [2021-04-03 15:44:48,561] {dagbag.py:448} INFO - Filling up the DagBag from /home/airflow/.local/lib/python3.6/site-packages/airflow/example_dags/example_xcom.py
[2021-04-03 15:44:48,566] {scheduler_job.py:639} INFO - DAG(s) dict_keys(['example_xcom']) retrieved from /home/airflow/.local/lib/python3.6/site-packages/airflow/example_dags/example_xcom.py
[2021-04-03 15:44:48,576] {logging_mixin.py:104} INFO - [2021-04-03 15:44:48,576] {dag.py:1818} INFO - Sync 1 DAGs
[2021-04-03 15:44:48,582] {logging_mixin.py:104} INFO - [2021-04-03 15:44:48,582] {dag.py:2273} INFO - Setting next_dagrun for example_xcom to 2021-04-01 00:00:00+00:00
[2021-04-03 15:44:48,588] {scheduler_job.py:190} INFO - Processing /home/airflow/.local/lib/python3.6/site-packages/airflow/example_dags/example_xcom.py took 0.029 seconds
[2021-04-03 15:45:19,160] {scheduler_job.py:182} INFO - Started process (PID=1293) to work on /home/airflow/.local/lib/python3.6/site-packages/airflow/example_dags/example_xcom.py
[2021-04-03 15:45:19,161] {scheduler_job.py:629} INFO - Processing file /home/airflow/.local/lib/python3.6/site-packages/airflow/example_dags/example_xcom.py for tasks to queue
[2021-04-03 15:45:19,161] {logging_mixin.py:104} INFO - [2021-04-03 15:45:19,161] {dagbag.py:448} INFO - Filling up the DagBag from /home/airflow/.local/lib/python3.6/site-packages/airflow/example_dags/example_xcom.py
[2021-04-03 15:45:19,166] {scheduler_job.py:639} INFO - DAG(s) dict_keys(['example_xcom']) retrieved from /home/airflow/.local/lib/python3.6/site-packages/airflow/example_dags/example_xcom.py
[2021-04-03 15:45:19,176] {logging_mixin.py:104} INFO - [2021-04-03 15:45:19,176] {dag.py:1818} INFO - Sync 1 DAGs
[2021-04-03 15:45:19,183] {logging_mixin.py:104} INFO - [2021-04-03 15:45:19,183] {dag.py:2273} INFO - Setting next_dagrun for example_xcom to 2021-04-01 00:00:00+00:00
[2021-04-03 15:45:19,188] {scheduler_job.py:190} INFO - Processing /home/airflow/.local/lib/python3.6/site-packages/airflow/example_dags/example_xcom.py took 0.030 seconds
[2021-04-03 15:45:49,741] {scheduler_job.py:182} INFO - Started process (PID=1319) to work on /home/airflow/.local/lib/python3.6/site-packages/airflow/example_dags/example_xcom.py
[2021-04-03 15:45:49,741] {scheduler_job.py:629} INFO - Processing file /home/airflow/.local/lib/python3.6/site-packages/airflow/example_dags/example_xcom.py for tasks to queue
[2021-04-03 15:45:49,741] {logging_mixin.py:104} INFO - [2021-04-03 15:45:49,741] {dagbag.py:448} INFO - Filling up the DagBag from /home/airflow/.local/lib/python3.6/site-packages/airflow/example_dags/example_xcom.py
[2021-04-03 15:45:49,747] {scheduler_job.py:639} INFO - DAG(s) dict_keys(['example_xcom']) retrieved from /home/airflow/.local/lib/python3.6/site-packages/airflow/example_dags/example_xcom.py
[2021-04-03 15:45:49,756] {logging_mixin.py:104} INFO - [2021-04-03 15:45:49,756] {dag.py:1818} INFO - Sync 1 DAGs
[2021-04-03 15:45:49,763] {logging_mixin.py:104} INFO - [2021-04-03 15:45:49,763] {dag.py:2273} INFO - Setting next_dagrun for example_xcom to 2021-04-01 00:00:00+00:00
[2021-04-03 15:45:49,769] {scheduler_job.py:190} INFO - Processing /home/airflow/.local/lib/python3.6/site-packages/airflow/example_dags/example_xcom.py took 0.029 seconds
[2021-04-03 15:46:20,307] {scheduler_job.py:182} INFO - Started process (PID=1345) to work on /home/airflow/.local/lib/python3.6/site-packages/airflow/example_dags/example_xcom.py
[2021-04-03 15:46:20,308] {scheduler_job.py:629} INFO - Processing file /home/airflow/.local/lib/python3.6/site-packages/airflow/example_dags/example_xcom.py for tasks to queue
[2021-04-03 15:46:20,308] {logging_mixin.py:104} INFO - [2021-04-03 15:46:20,308] {dagbag.py:448} INFO - Filling up the DagBag from /home/airflow/.local/lib/python3.6/site-packages/airflow/example_dags/example_xcom.py
[2021-04-03 15:46:20,313] {scheduler_job.py:639} INFO - DAG(s) dict_keys(['example_xcom']) retrieved from /home/airflow/.local/lib/python3.6/site-packages/airflow/example_dags/example_xcom.py
[2021-04-03 15:46:20,323] {logging_mixin.py:104} INFO - [2021-04-03 15:46:20,323] {dag.py:1818} INFO - Sync 1 DAGs
[2021-04-03 15:46:20,330] {logging_mixin.py:104} INFO - [2021-04-03 15:46:20,330] {dag.py:2273} INFO - Setting next_dagrun for example_xcom to 2021-04-01 00:00:00+00:00
[2021-04-03 15:46:20,336] {scheduler_job.py:190} INFO - Processing /home/airflow/.local/lib/python3.6/site-packages/airflow/example_dags/example_xcom.py took 0.030 seconds
[2021-04-03 15:46:50,893] {scheduler_job.py:182} INFO - Started process (PID=1371) to work on /home/airflow/.local/lib/python3.6/site-packages/airflow/example_dags/example_xcom.py
[2021-04-03 15:46:50,893] {scheduler_job.py:629} INFO - Processing file /home/airflow/.local/lib/python3.6/site-packages/airflow/example_dags/example_xcom.py for tasks to queue
[2021-04-03 15:46:50,893] {logging_mixin.py:104} INFO - [2021-04-03 15:46:50,893] {dagbag.py:448} INFO - Filling up the DagBag from /home/airflow/.local/lib/python3.6/site-packages/airflow/example_dags/example_xcom.py
[2021-04-03 15:46:50,899] {scheduler_job.py:639} INFO - DAG(s) dict_keys(['example_xcom']) retrieved from /home/airflow/.local/lib/python3.6/site-packages/airflow/example_dags/example_xcom.py
[2021-04-03 15:46:50,909] {logging_mixin.py:104} INFO - [2021-04-03 15:46:50,908] {dag.py:1818} INFO - Sync 1 DAGs
[2021-04-03 15:46:50,916] {logging_mixin.py:104} INFO - [2021-04-03 15:46:50,915] {dag.py:2273} INFO - Setting next_dagrun for example_xcom to 2021-04-01 00:00:00+00:00
[2021-04-03 15:46:50,922] {scheduler_job.py:190} INFO - Processing /home/airflow/.local/lib/python3.6/site-packages/airflow/example_dags/example_xcom.py took 0.031 seconds
[2021-04-03 15:47:21,451] {scheduler_job.py:182} INFO - Started process (PID=1397) to work on /home/airflow/.local/lib/python3.6/site-packages/airflow/example_dags/example_xcom.py
[2021-04-03 15:47:21,452] {scheduler_job.py:629} INFO - Processing file /home/airflow/.local/lib/python3.6/site-packages/airflow/example_dags/example_xcom.py for tasks to queue
[2021-04-03 15:47:21,452] {logging_mixin.py:104} INFO - [2021-04-03 15:47:21,452] {dagbag.py:448} INFO - Filling up the DagBag from /home/airflow/.local/lib/python3.6/site-packages/airflow/example_dags/example_xcom.py
[2021-04-03 15:47:21,457] {scheduler_job.py:639} INFO - DAG(s) dict_keys(['example_xcom']) retrieved from /home/airflow/.local/lib/python3.6/site-packages/airflow/example_dags/example_xcom.py
[2021-04-03 15:47:21,467] {logging_mixin.py:104} INFO - [2021-04-03 15:47:21,467] {dag.py:1818} INFO - Sync 1 DAGs
[2021-04-03 15:47:21,474] {logging_mixin.py:104} INFO - [2021-04-03 15:47:21,474] {dag.py:2273} INFO - Setting next_dagrun for example_xcom to 2021-04-01 00:00:00+00:00
[2021-04-03 15:47:21,480] {scheduler_job.py:190} INFO - Processing /home/airflow/.local/lib/python3.6/site-packages/airflow/example_dags/example_xcom.py took 0.030 seconds
[2021-04-03 15:47:52,055] {scheduler_job.py:182} INFO - Started process (PID=1423) to work on /home/airflow/.local/lib/python3.6/site-packages/airflow/example_dags/example_xcom.py
[2021-04-03 15:47:52,056] {scheduler_job.py:629} INFO - Processing file /home/airflow/.local/lib/python3.6/site-packages/airflow/example_dags/example_xcom.py for tasks to queue
[2021-04-03 15:47:52,056] {logging_mixin.py:104} INFO - [2021-04-03 15:47:52,056] {dagbag.py:448} INFO - Filling up the DagBag from /home/airflow/.local/lib/python3.6/site-packages/airflow/example_dags/example_xcom.py
[2021-04-03 15:47:52,062] {scheduler_job.py:639} INFO - DAG(s) dict_keys(['example_xcom']) retrieved from /home/airflow/.local/lib/python3.6/site-packages/airflow/example_dags/example_xcom.py
[2021-04-03 15:47:52,071] {logging_mixin.py:104} INFO - [2021-04-03 15:47:52,071] {dag.py:1818} INFO - Sync 1 DAGs
[2021-04-03 15:47:52,078] {logging_mixin.py:104} INFO - [2021-04-03 15:47:52,078] {dag.py:2273} INFO - Setting next_dagrun for example_xcom to 2021-04-01 00:00:00+00:00
[2021-04-03 15:47:52,085] {scheduler_job.py:190} INFO - Processing /home/airflow/.local/lib/python3.6/site-packages/airflow/example_dags/example_xcom.py took 0.031 seconds
