[2021-04-03 12:21:06,777] {scheduler_job.py:182} INFO - Started process (PID=58) to work on /home/airflow/.local/lib/python3.6/site-packages/airflow/example_dags/tutorial.py
[2021-04-03 12:21:06,778] {scheduler_job.py:629} INFO - Processing file /home/airflow/.local/lib/python3.6/site-packages/airflow/example_dags/tutorial.py for tasks to queue
[2021-04-03 12:21:06,778] {logging_mixin.py:104} INFO - [2021-04-03 12:21:06,778] {dagbag.py:448} INFO - Filling up the DagBag from /home/airflow/.local/lib/python3.6/site-packages/airflow/example_dags/tutorial.py
[2021-04-03 12:21:06,782] {scheduler_job.py:639} INFO - DAG(s) dict_keys(['tutorial']) retrieved from /home/airflow/.local/lib/python3.6/site-packages/airflow/example_dags/tutorial.py
[2021-04-03 12:21:06,794] {logging_mixin.py:104} INFO - [2021-04-03 12:21:06,794] {dag.py:1818} INFO - Sync 1 DAGs
[2021-04-03 12:21:06,802] {logging_mixin.py:104} INFO - [2021-04-03 12:21:06,802] {dag.py:2273} INFO - Setting next_dagrun for tutorial to 2021-04-01 00:00:00+00:00
[2021-04-03 12:21:06,809] {scheduler_job.py:190} INFO - Processing /home/airflow/.local/lib/python3.6/site-packages/airflow/example_dags/tutorial.py took 0.033 seconds
[2021-04-03 15:21:21,114] {scheduler_job.py:182} INFO - Started process (PID=84) to work on /home/airflow/.local/lib/python3.6/site-packages/airflow/example_dags/tutorial.py
[2021-04-03 15:21:21,115] {scheduler_job.py:629} INFO - Processing file /home/airflow/.local/lib/python3.6/site-packages/airflow/example_dags/tutorial.py for tasks to queue
[2021-04-03 15:21:21,115] {logging_mixin.py:104} INFO - [2021-04-03 15:21:21,115] {dagbag.py:448} INFO - Filling up the DagBag from /home/airflow/.local/lib/python3.6/site-packages/airflow/example_dags/tutorial.py
[2021-04-03 15:21:21,120] {scheduler_job.py:639} INFO - DAG(s) dict_keys(['tutorial']) retrieved from /home/airflow/.local/lib/python3.6/site-packages/airflow/example_dags/tutorial.py
[2021-04-03 15:21:21,131] {logging_mixin.py:104} INFO - [2021-04-03 15:21:21,131] {dag.py:1818} INFO - Sync 1 DAGs
[2021-04-03 15:21:21,140] {logging_mixin.py:104} INFO - [2021-04-03 15:21:21,140] {dag.py:2273} INFO - Setting next_dagrun for tutorial to 2021-04-01 00:00:00+00:00
[2021-04-03 15:21:21,147] {scheduler_job.py:190} INFO - Processing /home/airflow/.local/lib/python3.6/site-packages/airflow/example_dags/tutorial.py took 0.034 seconds
[2021-04-03 15:21:51,746] {scheduler_job.py:182} INFO - Started process (PID=110) to work on /home/airflow/.local/lib/python3.6/site-packages/airflow/example_dags/tutorial.py
[2021-04-03 15:21:51,746] {scheduler_job.py:629} INFO - Processing file /home/airflow/.local/lib/python3.6/site-packages/airflow/example_dags/tutorial.py for tasks to queue
[2021-04-03 15:21:51,747] {logging_mixin.py:104} INFO - [2021-04-03 15:21:51,746] {dagbag.py:448} INFO - Filling up the DagBag from /home/airflow/.local/lib/python3.6/site-packages/airflow/example_dags/tutorial.py
[2021-04-03 15:21:51,751] {scheduler_job.py:639} INFO - DAG(s) dict_keys(['tutorial']) retrieved from /home/airflow/.local/lib/python3.6/site-packages/airflow/example_dags/tutorial.py
[2021-04-03 15:21:51,761] {logging_mixin.py:104} INFO - [2021-04-03 15:21:51,761] {dag.py:1818} INFO - Sync 1 DAGs
[2021-04-03 15:21:51,769] {logging_mixin.py:104} INFO - [2021-04-03 15:21:51,769] {dag.py:2273} INFO - Setting next_dagrun for tutorial to 2021-04-01 00:00:00+00:00
[2021-04-03 15:21:51,774] {scheduler_job.py:190} INFO - Processing /home/airflow/.local/lib/python3.6/site-packages/airflow/example_dags/tutorial.py took 0.030 seconds
[2021-04-03 15:22:22,314] {scheduler_job.py:182} INFO - Started process (PID=136) to work on /home/airflow/.local/lib/python3.6/site-packages/airflow/example_dags/tutorial.py
[2021-04-03 15:22:22,315] {scheduler_job.py:629} INFO - Processing file /home/airflow/.local/lib/python3.6/site-packages/airflow/example_dags/tutorial.py for tasks to queue
[2021-04-03 15:22:22,315] {logging_mixin.py:104} INFO - [2021-04-03 15:22:22,315] {dagbag.py:448} INFO - Filling up the DagBag from /home/airflow/.local/lib/python3.6/site-packages/airflow/example_dags/tutorial.py
[2021-04-03 15:22:22,319] {scheduler_job.py:639} INFO - DAG(s) dict_keys(['tutorial']) retrieved from /home/airflow/.local/lib/python3.6/site-packages/airflow/example_dags/tutorial.py
[2021-04-03 15:22:22,329] {logging_mixin.py:104} INFO - [2021-04-03 15:22:22,329] {dag.py:1818} INFO - Sync 1 DAGs
[2021-04-03 15:22:22,336] {logging_mixin.py:104} INFO - [2021-04-03 15:22:22,336] {dag.py:2273} INFO - Setting next_dagrun for tutorial to 2021-04-01 00:00:00+00:00
[2021-04-03 15:22:22,341] {scheduler_job.py:190} INFO - Processing /home/airflow/.local/lib/python3.6/site-packages/airflow/example_dags/tutorial.py took 0.028 seconds
[2021-04-03 15:22:52,907] {scheduler_job.py:182} INFO - Started process (PID=162) to work on /home/airflow/.local/lib/python3.6/site-packages/airflow/example_dags/tutorial.py
[2021-04-03 15:22:52,908] {scheduler_job.py:629} INFO - Processing file /home/airflow/.local/lib/python3.6/site-packages/airflow/example_dags/tutorial.py for tasks to queue
[2021-04-03 15:22:52,908] {logging_mixin.py:104} INFO - [2021-04-03 15:22:52,908] {dagbag.py:448} INFO - Filling up the DagBag from /home/airflow/.local/lib/python3.6/site-packages/airflow/example_dags/tutorial.py
[2021-04-03 15:22:52,912] {scheduler_job.py:639} INFO - DAG(s) dict_keys(['tutorial']) retrieved from /home/airflow/.local/lib/python3.6/site-packages/airflow/example_dags/tutorial.py
[2021-04-03 15:22:52,921] {logging_mixin.py:104} INFO - [2021-04-03 15:22:52,921] {dag.py:1818} INFO - Sync 1 DAGs
[2021-04-03 15:22:52,928] {logging_mixin.py:104} INFO - [2021-04-03 15:22:52,928] {dag.py:2273} INFO - Setting next_dagrun for tutorial to 2021-04-01 00:00:00+00:00
[2021-04-03 15:22:52,933] {scheduler_job.py:190} INFO - Processing /home/airflow/.local/lib/python3.6/site-packages/airflow/example_dags/tutorial.py took 0.028 seconds
[2021-04-03 15:23:23,530] {scheduler_job.py:182} INFO - Started process (PID=188) to work on /home/airflow/.local/lib/python3.6/site-packages/airflow/example_dags/tutorial.py
[2021-04-03 15:23:23,530] {scheduler_job.py:629} INFO - Processing file /home/airflow/.local/lib/python3.6/site-packages/airflow/example_dags/tutorial.py for tasks to queue
[2021-04-03 15:23:23,530] {logging_mixin.py:104} INFO - [2021-04-03 15:23:23,530] {dagbag.py:448} INFO - Filling up the DagBag from /home/airflow/.local/lib/python3.6/site-packages/airflow/example_dags/tutorial.py
[2021-04-03 15:23:23,535] {scheduler_job.py:639} INFO - DAG(s) dict_keys(['tutorial']) retrieved from /home/airflow/.local/lib/python3.6/site-packages/airflow/example_dags/tutorial.py
[2021-04-03 15:23:23,544] {logging_mixin.py:104} INFO - [2021-04-03 15:23:23,544] {dag.py:1818} INFO - Sync 1 DAGs
[2021-04-03 15:23:23,551] {logging_mixin.py:104} INFO - [2021-04-03 15:23:23,551] {dag.py:2273} INFO - Setting next_dagrun for tutorial to 2021-04-01 00:00:00+00:00
[2021-04-03 15:23:23,557] {scheduler_job.py:190} INFO - Processing /home/airflow/.local/lib/python3.6/site-packages/airflow/example_dags/tutorial.py took 0.029 seconds
[2021-04-03 15:23:54,098] {scheduler_job.py:182} INFO - Started process (PID=214) to work on /home/airflow/.local/lib/python3.6/site-packages/airflow/example_dags/tutorial.py
[2021-04-03 15:23:54,099] {scheduler_job.py:629} INFO - Processing file /home/airflow/.local/lib/python3.6/site-packages/airflow/example_dags/tutorial.py for tasks to queue
[2021-04-03 15:23:54,099] {logging_mixin.py:104} INFO - [2021-04-03 15:23:54,099] {dagbag.py:448} INFO - Filling up the DagBag from /home/airflow/.local/lib/python3.6/site-packages/airflow/example_dags/tutorial.py
[2021-04-03 15:23:54,103] {scheduler_job.py:639} INFO - DAG(s) dict_keys(['tutorial']) retrieved from /home/airflow/.local/lib/python3.6/site-packages/airflow/example_dags/tutorial.py
[2021-04-03 15:23:54,114] {logging_mixin.py:104} INFO - [2021-04-03 15:23:54,114] {dag.py:1818} INFO - Sync 1 DAGs
[2021-04-03 15:23:54,121] {logging_mixin.py:104} INFO - [2021-04-03 15:23:54,121] {dag.py:2273} INFO - Setting next_dagrun for tutorial to 2021-04-01 00:00:00+00:00
[2021-04-03 15:23:54,128] {scheduler_job.py:190} INFO - Processing /home/airflow/.local/lib/python3.6/site-packages/airflow/example_dags/tutorial.py took 0.031 seconds
[2021-04-03 15:24:24,681] {scheduler_job.py:182} INFO - Started process (PID=240) to work on /home/airflow/.local/lib/python3.6/site-packages/airflow/example_dags/tutorial.py
[2021-04-03 15:24:24,681] {scheduler_job.py:629} INFO - Processing file /home/airflow/.local/lib/python3.6/site-packages/airflow/example_dags/tutorial.py for tasks to queue
[2021-04-03 15:24:24,681] {logging_mixin.py:104} INFO - [2021-04-03 15:24:24,681] {dagbag.py:448} INFO - Filling up the DagBag from /home/airflow/.local/lib/python3.6/site-packages/airflow/example_dags/tutorial.py
[2021-04-03 15:24:24,686] {scheduler_job.py:639} INFO - DAG(s) dict_keys(['tutorial']) retrieved from /home/airflow/.local/lib/python3.6/site-packages/airflow/example_dags/tutorial.py
[2021-04-03 15:24:24,695] {logging_mixin.py:104} INFO - [2021-04-03 15:24:24,695] {dag.py:1818} INFO - Sync 1 DAGs
[2021-04-03 15:24:24,702] {logging_mixin.py:104} INFO - [2021-04-03 15:24:24,702] {dag.py:2273} INFO - Setting next_dagrun for tutorial to 2021-04-01 00:00:00+00:00
[2021-04-03 15:24:24,708] {scheduler_job.py:190} INFO - Processing /home/airflow/.local/lib/python3.6/site-packages/airflow/example_dags/tutorial.py took 0.028 seconds
[2021-04-03 15:24:55,252] {scheduler_job.py:182} INFO - Started process (PID=266) to work on /home/airflow/.local/lib/python3.6/site-packages/airflow/example_dags/tutorial.py
[2021-04-03 15:24:55,253] {scheduler_job.py:629} INFO - Processing file /home/airflow/.local/lib/python3.6/site-packages/airflow/example_dags/tutorial.py for tasks to queue
[2021-04-03 15:24:55,253] {logging_mixin.py:104} INFO - [2021-04-03 15:24:55,253] {dagbag.py:448} INFO - Filling up the DagBag from /home/airflow/.local/lib/python3.6/site-packages/airflow/example_dags/tutorial.py
[2021-04-03 15:24:55,257] {scheduler_job.py:639} INFO - DAG(s) dict_keys(['tutorial']) retrieved from /home/airflow/.local/lib/python3.6/site-packages/airflow/example_dags/tutorial.py
[2021-04-03 15:24:55,267] {logging_mixin.py:104} INFO - [2021-04-03 15:24:55,267] {dag.py:1818} INFO - Sync 1 DAGs
[2021-04-03 15:24:55,274] {logging_mixin.py:104} INFO - [2021-04-03 15:24:55,274] {dag.py:2273} INFO - Setting next_dagrun for tutorial to 2021-04-01 00:00:00+00:00
[2021-04-03 15:24:55,285] {scheduler_job.py:190} INFO - Processing /home/airflow/.local/lib/python3.6/site-packages/airflow/example_dags/tutorial.py took 0.034 seconds
[2021-04-03 15:25:25,833] {scheduler_job.py:182} INFO - Started process (PID=292) to work on /home/airflow/.local/lib/python3.6/site-packages/airflow/example_dags/tutorial.py
[2021-04-03 15:25:25,834] {scheduler_job.py:629} INFO - Processing file /home/airflow/.local/lib/python3.6/site-packages/airflow/example_dags/tutorial.py for tasks to queue
[2021-04-03 15:25:25,834] {logging_mixin.py:104} INFO - [2021-04-03 15:25:25,834] {dagbag.py:448} INFO - Filling up the DagBag from /home/airflow/.local/lib/python3.6/site-packages/airflow/example_dags/tutorial.py
[2021-04-03 15:25:25,838] {scheduler_job.py:639} INFO - DAG(s) dict_keys(['tutorial']) retrieved from /home/airflow/.local/lib/python3.6/site-packages/airflow/example_dags/tutorial.py
[2021-04-03 15:25:25,848] {logging_mixin.py:104} INFO - [2021-04-03 15:25:25,848] {dag.py:1818} INFO - Sync 1 DAGs
[2021-04-03 15:25:25,855] {logging_mixin.py:104} INFO - [2021-04-03 15:25:25,855] {dag.py:2273} INFO - Setting next_dagrun for tutorial to 2021-04-01 00:00:00+00:00
[2021-04-03 15:25:25,861] {scheduler_job.py:190} INFO - Processing /home/airflow/.local/lib/python3.6/site-packages/airflow/example_dags/tutorial.py took 0.029 seconds
[2021-04-03 15:25:56,403] {scheduler_job.py:182} INFO - Started process (PID=318) to work on /home/airflow/.local/lib/python3.6/site-packages/airflow/example_dags/tutorial.py
[2021-04-03 15:25:56,403] {scheduler_job.py:629} INFO - Processing file /home/airflow/.local/lib/python3.6/site-packages/airflow/example_dags/tutorial.py for tasks to queue
[2021-04-03 15:25:56,403] {logging_mixin.py:104} INFO - [2021-04-03 15:25:56,403] {dagbag.py:448} INFO - Filling up the DagBag from /home/airflow/.local/lib/python3.6/site-packages/airflow/example_dags/tutorial.py
[2021-04-03 15:25:56,407] {scheduler_job.py:639} INFO - DAG(s) dict_keys(['tutorial']) retrieved from /home/airflow/.local/lib/python3.6/site-packages/airflow/example_dags/tutorial.py
[2021-04-03 15:25:56,417] {logging_mixin.py:104} INFO - [2021-04-03 15:25:56,417] {dag.py:1818} INFO - Sync 1 DAGs
[2021-04-03 15:25:56,424] {logging_mixin.py:104} INFO - [2021-04-03 15:25:56,424] {dag.py:2273} INFO - Setting next_dagrun for tutorial to 2021-04-01 00:00:00+00:00
[2021-04-03 15:25:56,431] {scheduler_job.py:190} INFO - Processing /home/airflow/.local/lib/python3.6/site-packages/airflow/example_dags/tutorial.py took 0.030 seconds
[2021-04-03 15:26:26,985] {scheduler_job.py:182} INFO - Started process (PID=344) to work on /home/airflow/.local/lib/python3.6/site-packages/airflow/example_dags/tutorial.py
[2021-04-03 15:26:26,986] {scheduler_job.py:629} INFO - Processing file /home/airflow/.local/lib/python3.6/site-packages/airflow/example_dags/tutorial.py for tasks to queue
[2021-04-03 15:26:26,986] {logging_mixin.py:104} INFO - [2021-04-03 15:26:26,986] {dagbag.py:448} INFO - Filling up the DagBag from /home/airflow/.local/lib/python3.6/site-packages/airflow/example_dags/tutorial.py
[2021-04-03 15:26:26,990] {scheduler_job.py:639} INFO - DAG(s) dict_keys(['tutorial']) retrieved from /home/airflow/.local/lib/python3.6/site-packages/airflow/example_dags/tutorial.py
[2021-04-03 15:26:27,000] {logging_mixin.py:104} INFO - [2021-04-03 15:26:27,000] {dag.py:1818} INFO - Sync 1 DAGs
[2021-04-03 15:26:27,007] {logging_mixin.py:104} INFO - [2021-04-03 15:26:27,007] {dag.py:2273} INFO - Setting next_dagrun for tutorial to 2021-04-01 00:00:00+00:00
[2021-04-03 15:26:27,012] {scheduler_job.py:190} INFO - Processing /home/airflow/.local/lib/python3.6/site-packages/airflow/example_dags/tutorial.py took 0.028 seconds
[2021-04-03 15:26:57,560] {scheduler_job.py:182} INFO - Started process (PID=370) to work on /home/airflow/.local/lib/python3.6/site-packages/airflow/example_dags/tutorial.py
[2021-04-03 15:26:57,560] {scheduler_job.py:629} INFO - Processing file /home/airflow/.local/lib/python3.6/site-packages/airflow/example_dags/tutorial.py for tasks to queue
[2021-04-03 15:26:57,561] {logging_mixin.py:104} INFO - [2021-04-03 15:26:57,561] {dagbag.py:448} INFO - Filling up the DagBag from /home/airflow/.local/lib/python3.6/site-packages/airflow/example_dags/tutorial.py
[2021-04-03 15:26:57,565] {scheduler_job.py:639} INFO - DAG(s) dict_keys(['tutorial']) retrieved from /home/airflow/.local/lib/python3.6/site-packages/airflow/example_dags/tutorial.py
[2021-04-03 15:26:57,575] {logging_mixin.py:104} INFO - [2021-04-03 15:26:57,575] {dag.py:1818} INFO - Sync 1 DAGs
[2021-04-03 15:26:57,582] {logging_mixin.py:104} INFO - [2021-04-03 15:26:57,582] {dag.py:2273} INFO - Setting next_dagrun for tutorial to 2021-04-01 00:00:00+00:00
[2021-04-03 15:26:57,587] {scheduler_job.py:190} INFO - Processing /home/airflow/.local/lib/python3.6/site-packages/airflow/example_dags/tutorial.py took 0.029 seconds
[2021-04-03 15:27:28,202] {scheduler_job.py:182} INFO - Started process (PID=396) to work on /home/airflow/.local/lib/python3.6/site-packages/airflow/example_dags/tutorial.py
[2021-04-03 15:27:28,202] {scheduler_job.py:629} INFO - Processing file /home/airflow/.local/lib/python3.6/site-packages/airflow/example_dags/tutorial.py for tasks to queue
[2021-04-03 15:27:28,202] {logging_mixin.py:104} INFO - [2021-04-03 15:27:28,202] {dagbag.py:448} INFO - Filling up the DagBag from /home/airflow/.local/lib/python3.6/site-packages/airflow/example_dags/tutorial.py
[2021-04-03 15:27:28,207] {scheduler_job.py:639} INFO - DAG(s) dict_keys(['tutorial']) retrieved from /home/airflow/.local/lib/python3.6/site-packages/airflow/example_dags/tutorial.py
[2021-04-03 15:27:28,216] {logging_mixin.py:104} INFO - [2021-04-03 15:27:28,216] {dag.py:1818} INFO - Sync 1 DAGs
[2021-04-03 15:27:28,223] {logging_mixin.py:104} INFO - [2021-04-03 15:27:28,223] {dag.py:2273} INFO - Setting next_dagrun for tutorial to 2021-04-01 00:00:00+00:00
[2021-04-03 15:27:28,230] {scheduler_job.py:190} INFO - Processing /home/airflow/.local/lib/python3.6/site-packages/airflow/example_dags/tutorial.py took 0.029 seconds
[2021-04-03 15:27:58,768] {scheduler_job.py:182} INFO - Started process (PID=422) to work on /home/airflow/.local/lib/python3.6/site-packages/airflow/example_dags/tutorial.py
[2021-04-03 15:27:58,769] {scheduler_job.py:629} INFO - Processing file /home/airflow/.local/lib/python3.6/site-packages/airflow/example_dags/tutorial.py for tasks to queue
[2021-04-03 15:27:58,769] {logging_mixin.py:104} INFO - [2021-04-03 15:27:58,769] {dagbag.py:448} INFO - Filling up the DagBag from /home/airflow/.local/lib/python3.6/site-packages/airflow/example_dags/tutorial.py
[2021-04-03 15:27:58,773] {scheduler_job.py:639} INFO - DAG(s) dict_keys(['tutorial']) retrieved from /home/airflow/.local/lib/python3.6/site-packages/airflow/example_dags/tutorial.py
[2021-04-03 15:27:58,783] {logging_mixin.py:104} INFO - [2021-04-03 15:27:58,783] {dag.py:1818} INFO - Sync 1 DAGs
[2021-04-03 15:27:58,790] {logging_mixin.py:104} INFO - [2021-04-03 15:27:58,790] {dag.py:2273} INFO - Setting next_dagrun for tutorial to 2021-04-01 00:00:00+00:00
[2021-04-03 15:27:58,798] {scheduler_job.py:190} INFO - Processing /home/airflow/.local/lib/python3.6/site-packages/airflow/example_dags/tutorial.py took 0.031 seconds
[2021-04-03 15:28:29,377] {scheduler_job.py:182} INFO - Started process (PID=448) to work on /home/airflow/.local/lib/python3.6/site-packages/airflow/example_dags/tutorial.py
[2021-04-03 15:28:29,377] {scheduler_job.py:629} INFO - Processing file /home/airflow/.local/lib/python3.6/site-packages/airflow/example_dags/tutorial.py for tasks to queue
[2021-04-03 15:28:29,377] {logging_mixin.py:104} INFO - [2021-04-03 15:28:29,377] {dagbag.py:448} INFO - Filling up the DagBag from /home/airflow/.local/lib/python3.6/site-packages/airflow/example_dags/tutorial.py
[2021-04-03 15:28:29,382] {scheduler_job.py:639} INFO - DAG(s) dict_keys(['tutorial']) retrieved from /home/airflow/.local/lib/python3.6/site-packages/airflow/example_dags/tutorial.py
[2021-04-03 15:28:29,391] {logging_mixin.py:104} INFO - [2021-04-03 15:28:29,391] {dag.py:1818} INFO - Sync 1 DAGs
[2021-04-03 15:28:29,399] {logging_mixin.py:104} INFO - [2021-04-03 15:28:29,399] {dag.py:2273} INFO - Setting next_dagrun for tutorial to 2021-04-01 00:00:00+00:00
[2021-04-03 15:28:29,409] {scheduler_job.py:190} INFO - Processing /home/airflow/.local/lib/python3.6/site-packages/airflow/example_dags/tutorial.py took 0.033 seconds
[2021-04-03 15:28:59,934] {scheduler_job.py:182} INFO - Started process (PID=474) to work on /home/airflow/.local/lib/python3.6/site-packages/airflow/example_dags/tutorial.py
[2021-04-03 15:28:59,934] {scheduler_job.py:629} INFO - Processing file /home/airflow/.local/lib/python3.6/site-packages/airflow/example_dags/tutorial.py for tasks to queue
[2021-04-03 15:28:59,935] {logging_mixin.py:104} INFO - [2021-04-03 15:28:59,935] {dagbag.py:448} INFO - Filling up the DagBag from /home/airflow/.local/lib/python3.6/site-packages/airflow/example_dags/tutorial.py
[2021-04-03 15:28:59,939] {scheduler_job.py:639} INFO - DAG(s) dict_keys(['tutorial']) retrieved from /home/airflow/.local/lib/python3.6/site-packages/airflow/example_dags/tutorial.py
[2021-04-03 15:28:59,949] {logging_mixin.py:104} INFO - [2021-04-03 15:28:59,949] {dag.py:1818} INFO - Sync 1 DAGs
[2021-04-03 15:28:59,956] {logging_mixin.py:104} INFO - [2021-04-03 15:28:59,956] {dag.py:2273} INFO - Setting next_dagrun for tutorial to 2021-04-01 00:00:00+00:00
[2021-04-03 15:28:59,963] {scheduler_job.py:190} INFO - Processing /home/airflow/.local/lib/python3.6/site-packages/airflow/example_dags/tutorial.py took 0.030 seconds
[2021-04-03 15:29:30,501] {scheduler_job.py:182} INFO - Started process (PID=500) to work on /home/airflow/.local/lib/python3.6/site-packages/airflow/example_dags/tutorial.py
[2021-04-03 15:29:30,501] {scheduler_job.py:629} INFO - Processing file /home/airflow/.local/lib/python3.6/site-packages/airflow/example_dags/tutorial.py for tasks to queue
[2021-04-03 15:29:30,501] {logging_mixin.py:104} INFO - [2021-04-03 15:29:30,501] {dagbag.py:448} INFO - Filling up the DagBag from /home/airflow/.local/lib/python3.6/site-packages/airflow/example_dags/tutorial.py
[2021-04-03 15:29:30,506] {scheduler_job.py:639} INFO - DAG(s) dict_keys(['tutorial']) retrieved from /home/airflow/.local/lib/python3.6/site-packages/airflow/example_dags/tutorial.py
[2021-04-03 15:29:30,515] {logging_mixin.py:104} INFO - [2021-04-03 15:29:30,515] {dag.py:1818} INFO - Sync 1 DAGs
[2021-04-03 15:29:30,523] {logging_mixin.py:104} INFO - [2021-04-03 15:29:30,523] {dag.py:2273} INFO - Setting next_dagrun for tutorial to 2021-04-01 00:00:00+00:00
[2021-04-03 15:29:30,528] {scheduler_job.py:190} INFO - Processing /home/airflow/.local/lib/python3.6/site-packages/airflow/example_dags/tutorial.py took 0.029 seconds
[2021-04-03 15:30:01,165] {scheduler_job.py:182} INFO - Started process (PID=526) to work on /home/airflow/.local/lib/python3.6/site-packages/airflow/example_dags/tutorial.py
[2021-04-03 15:30:01,165] {scheduler_job.py:629} INFO - Processing file /home/airflow/.local/lib/python3.6/site-packages/airflow/example_dags/tutorial.py for tasks to queue
[2021-04-03 15:30:01,165] {logging_mixin.py:104} INFO - [2021-04-03 15:30:01,165] {dagbag.py:448} INFO - Filling up the DagBag from /home/airflow/.local/lib/python3.6/site-packages/airflow/example_dags/tutorial.py
[2021-04-03 15:30:01,170] {scheduler_job.py:639} INFO - DAG(s) dict_keys(['tutorial']) retrieved from /home/airflow/.local/lib/python3.6/site-packages/airflow/example_dags/tutorial.py
[2021-04-03 15:30:01,179] {logging_mixin.py:104} INFO - [2021-04-03 15:30:01,179] {dag.py:1818} INFO - Sync 1 DAGs
[2021-04-03 15:30:01,187] {logging_mixin.py:104} INFO - [2021-04-03 15:30:01,187] {dag.py:2273} INFO - Setting next_dagrun for tutorial to 2021-04-01 00:00:00+00:00
[2021-04-03 15:30:01,192] {scheduler_job.py:190} INFO - Processing /home/airflow/.local/lib/python3.6/site-packages/airflow/example_dags/tutorial.py took 0.029 seconds
[2021-04-03 15:30:31,783] {scheduler_job.py:182} INFO - Started process (PID=552) to work on /home/airflow/.local/lib/python3.6/site-packages/airflow/example_dags/tutorial.py
[2021-04-03 15:30:31,784] {scheduler_job.py:629} INFO - Processing file /home/airflow/.local/lib/python3.6/site-packages/airflow/example_dags/tutorial.py for tasks to queue
[2021-04-03 15:30:31,784] {logging_mixin.py:104} INFO - [2021-04-03 15:30:31,784] {dagbag.py:448} INFO - Filling up the DagBag from /home/airflow/.local/lib/python3.6/site-packages/airflow/example_dags/tutorial.py
[2021-04-03 15:30:31,789] {scheduler_job.py:639} INFO - DAG(s) dict_keys(['tutorial']) retrieved from /home/airflow/.local/lib/python3.6/site-packages/airflow/example_dags/tutorial.py
[2021-04-03 15:30:31,798] {logging_mixin.py:104} INFO - [2021-04-03 15:30:31,798] {dag.py:1818} INFO - Sync 1 DAGs
[2021-04-03 15:30:31,806] {logging_mixin.py:104} INFO - [2021-04-03 15:30:31,806] {dag.py:2273} INFO - Setting next_dagrun for tutorial to 2021-04-01 00:00:00+00:00
[2021-04-03 15:30:31,816] {scheduler_job.py:190} INFO - Processing /home/airflow/.local/lib/python3.6/site-packages/airflow/example_dags/tutorial.py took 0.034 seconds
[2021-04-03 15:31:02,415] {scheduler_job.py:182} INFO - Started process (PID=578) to work on /home/airflow/.local/lib/python3.6/site-packages/airflow/example_dags/tutorial.py
[2021-04-03 15:31:02,416] {scheduler_job.py:629} INFO - Processing file /home/airflow/.local/lib/python3.6/site-packages/airflow/example_dags/tutorial.py for tasks to queue
[2021-04-03 15:31:02,416] {logging_mixin.py:104} INFO - [2021-04-03 15:31:02,416] {dagbag.py:448} INFO - Filling up the DagBag from /home/airflow/.local/lib/python3.6/site-packages/airflow/example_dags/tutorial.py
[2021-04-03 15:31:02,420] {scheduler_job.py:639} INFO - DAG(s) dict_keys(['tutorial']) retrieved from /home/airflow/.local/lib/python3.6/site-packages/airflow/example_dags/tutorial.py
[2021-04-03 15:31:02,430] {logging_mixin.py:104} INFO - [2021-04-03 15:31:02,430] {dag.py:1818} INFO - Sync 1 DAGs
[2021-04-03 15:31:02,437] {logging_mixin.py:104} INFO - [2021-04-03 15:31:02,437] {dag.py:2273} INFO - Setting next_dagrun for tutorial to 2021-04-01 00:00:00+00:00
[2021-04-03 15:31:02,444] {scheduler_job.py:190} INFO - Processing /home/airflow/.local/lib/python3.6/site-packages/airflow/example_dags/tutorial.py took 0.030 seconds
[2021-04-03 15:31:32,995] {scheduler_job.py:182} INFO - Started process (PID=604) to work on /home/airflow/.local/lib/python3.6/site-packages/airflow/example_dags/tutorial.py
[2021-04-03 15:31:32,996] {scheduler_job.py:629} INFO - Processing file /home/airflow/.local/lib/python3.6/site-packages/airflow/example_dags/tutorial.py for tasks to queue
[2021-04-03 15:31:32,996] {logging_mixin.py:104} INFO - [2021-04-03 15:31:32,996] {dagbag.py:448} INFO - Filling up the DagBag from /home/airflow/.local/lib/python3.6/site-packages/airflow/example_dags/tutorial.py
[2021-04-03 15:31:33,000] {scheduler_job.py:639} INFO - DAG(s) dict_keys(['tutorial']) retrieved from /home/airflow/.local/lib/python3.6/site-packages/airflow/example_dags/tutorial.py
[2021-04-03 15:31:33,011] {logging_mixin.py:104} INFO - [2021-04-03 15:31:33,011] {dag.py:1818} INFO - Sync 1 DAGs
[2021-04-03 15:31:33,018] {logging_mixin.py:104} INFO - [2021-04-03 15:31:33,018] {dag.py:2273} INFO - Setting next_dagrun for tutorial to 2021-04-01 00:00:00+00:00
[2021-04-03 15:31:33,023] {scheduler_job.py:190} INFO - Processing /home/airflow/.local/lib/python3.6/site-packages/airflow/example_dags/tutorial.py took 0.029 seconds
[2021-04-03 15:32:03,595] {scheduler_job.py:182} INFO - Started process (PID=630) to work on /home/airflow/.local/lib/python3.6/site-packages/airflow/example_dags/tutorial.py
[2021-04-03 15:32:03,596] {scheduler_job.py:629} INFO - Processing file /home/airflow/.local/lib/python3.6/site-packages/airflow/example_dags/tutorial.py for tasks to queue
[2021-04-03 15:32:03,596] {logging_mixin.py:104} INFO - [2021-04-03 15:32:03,596] {dagbag.py:448} INFO - Filling up the DagBag from /home/airflow/.local/lib/python3.6/site-packages/airflow/example_dags/tutorial.py
[2021-04-03 15:32:03,600] {scheduler_job.py:639} INFO - DAG(s) dict_keys(['tutorial']) retrieved from /home/airflow/.local/lib/python3.6/site-packages/airflow/example_dags/tutorial.py
[2021-04-03 15:32:03,611] {logging_mixin.py:104} INFO - [2021-04-03 15:32:03,611] {dag.py:1818} INFO - Sync 1 DAGs
[2021-04-03 15:32:03,618] {logging_mixin.py:104} INFO - [2021-04-03 15:32:03,618] {dag.py:2273} INFO - Setting next_dagrun for tutorial to 2021-04-01 00:00:00+00:00
[2021-04-03 15:32:03,624] {scheduler_job.py:190} INFO - Processing /home/airflow/.local/lib/python3.6/site-packages/airflow/example_dags/tutorial.py took 0.030 seconds
[2021-04-03 15:32:34,238] {scheduler_job.py:182} INFO - Started process (PID=656) to work on /home/airflow/.local/lib/python3.6/site-packages/airflow/example_dags/tutorial.py
[2021-04-03 15:32:34,238] {scheduler_job.py:629} INFO - Processing file /home/airflow/.local/lib/python3.6/site-packages/airflow/example_dags/tutorial.py for tasks to queue
[2021-04-03 15:32:34,238] {logging_mixin.py:104} INFO - [2021-04-03 15:32:34,238] {dagbag.py:448} INFO - Filling up the DagBag from /home/airflow/.local/lib/python3.6/site-packages/airflow/example_dags/tutorial.py
[2021-04-03 15:32:34,243] {scheduler_job.py:639} INFO - DAG(s) dict_keys(['tutorial']) retrieved from /home/airflow/.local/lib/python3.6/site-packages/airflow/example_dags/tutorial.py
[2021-04-03 15:32:34,253] {logging_mixin.py:104} INFO - [2021-04-03 15:32:34,253] {dag.py:1818} INFO - Sync 1 DAGs
[2021-04-03 15:32:34,260] {logging_mixin.py:104} INFO - [2021-04-03 15:32:34,260] {dag.py:2273} INFO - Setting next_dagrun for tutorial to 2021-04-01 00:00:00+00:00
[2021-04-03 15:32:34,266] {scheduler_job.py:190} INFO - Processing /home/airflow/.local/lib/python3.6/site-packages/airflow/example_dags/tutorial.py took 0.030 seconds
[2021-04-03 15:33:04,891] {scheduler_job.py:182} INFO - Started process (PID=682) to work on /home/airflow/.local/lib/python3.6/site-packages/airflow/example_dags/tutorial.py
[2021-04-03 15:33:04,891] {scheduler_job.py:629} INFO - Processing file /home/airflow/.local/lib/python3.6/site-packages/airflow/example_dags/tutorial.py for tasks to queue
[2021-04-03 15:33:04,891] {logging_mixin.py:104} INFO - [2021-04-03 15:33:04,891] {dagbag.py:448} INFO - Filling up the DagBag from /home/airflow/.local/lib/python3.6/site-packages/airflow/example_dags/tutorial.py
[2021-04-03 15:33:04,896] {scheduler_job.py:639} INFO - DAG(s) dict_keys(['tutorial']) retrieved from /home/airflow/.local/lib/python3.6/site-packages/airflow/example_dags/tutorial.py
[2021-04-03 15:33:04,906] {logging_mixin.py:104} INFO - [2021-04-03 15:33:04,906] {dag.py:1818} INFO - Sync 1 DAGs
[2021-04-03 15:33:04,913] {logging_mixin.py:104} INFO - [2021-04-03 15:33:04,913] {dag.py:2273} INFO - Setting next_dagrun for tutorial to 2021-04-01 00:00:00+00:00
[2021-04-03 15:33:04,919] {scheduler_job.py:190} INFO - Processing /home/airflow/.local/lib/python3.6/site-packages/airflow/example_dags/tutorial.py took 0.030 seconds
[2021-04-03 15:33:35,453] {scheduler_job.py:182} INFO - Started process (PID=708) to work on /home/airflow/.local/lib/python3.6/site-packages/airflow/example_dags/tutorial.py
[2021-04-03 15:33:35,454] {scheduler_job.py:629} INFO - Processing file /home/airflow/.local/lib/python3.6/site-packages/airflow/example_dags/tutorial.py for tasks to queue
[2021-04-03 15:33:35,454] {logging_mixin.py:104} INFO - [2021-04-03 15:33:35,454] {dagbag.py:448} INFO - Filling up the DagBag from /home/airflow/.local/lib/python3.6/site-packages/airflow/example_dags/tutorial.py
[2021-04-03 15:33:35,458] {scheduler_job.py:639} INFO - DAG(s) dict_keys(['tutorial']) retrieved from /home/airflow/.local/lib/python3.6/site-packages/airflow/example_dags/tutorial.py
[2021-04-03 15:33:35,469] {logging_mixin.py:104} INFO - [2021-04-03 15:33:35,469] {dag.py:1818} INFO - Sync 1 DAGs
[2021-04-03 15:33:35,476] {logging_mixin.py:104} INFO - [2021-04-03 15:33:35,475] {dag.py:2273} INFO - Setting next_dagrun for tutorial to 2021-04-01 00:00:00+00:00
[2021-04-03 15:33:35,482] {scheduler_job.py:190} INFO - Processing /home/airflow/.local/lib/python3.6/site-packages/airflow/example_dags/tutorial.py took 0.030 seconds
[2021-04-03 15:34:06,032] {scheduler_job.py:182} INFO - Started process (PID=734) to work on /home/airflow/.local/lib/python3.6/site-packages/airflow/example_dags/tutorial.py
[2021-04-03 15:34:06,032] {scheduler_job.py:629} INFO - Processing file /home/airflow/.local/lib/python3.6/site-packages/airflow/example_dags/tutorial.py for tasks to queue
[2021-04-03 15:34:06,033] {logging_mixin.py:104} INFO - [2021-04-03 15:34:06,033] {dagbag.py:448} INFO - Filling up the DagBag from /home/airflow/.local/lib/python3.6/site-packages/airflow/example_dags/tutorial.py
[2021-04-03 15:34:06,038] {scheduler_job.py:639} INFO - DAG(s) dict_keys(['tutorial']) retrieved from /home/airflow/.local/lib/python3.6/site-packages/airflow/example_dags/tutorial.py
[2021-04-03 15:34:06,047] {logging_mixin.py:104} INFO - [2021-04-03 15:34:06,047] {dag.py:1818} INFO - Sync 1 DAGs
[2021-04-03 15:34:06,054] {logging_mixin.py:104} INFO - [2021-04-03 15:34:06,054] {dag.py:2273} INFO - Setting next_dagrun for tutorial to 2021-04-01 00:00:00+00:00
[2021-04-03 15:34:06,060] {scheduler_job.py:190} INFO - Processing /home/airflow/.local/lib/python3.6/site-packages/airflow/example_dags/tutorial.py took 0.029 seconds
[2021-04-03 15:34:36,629] {scheduler_job.py:182} INFO - Started process (PID=760) to work on /home/airflow/.local/lib/python3.6/site-packages/airflow/example_dags/tutorial.py
[2021-04-03 15:34:36,629] {scheduler_job.py:629} INFO - Processing file /home/airflow/.local/lib/python3.6/site-packages/airflow/example_dags/tutorial.py for tasks to queue
[2021-04-03 15:34:36,629] {logging_mixin.py:104} INFO - [2021-04-03 15:34:36,629] {dagbag.py:448} INFO - Filling up the DagBag from /home/airflow/.local/lib/python3.6/site-packages/airflow/example_dags/tutorial.py
[2021-04-03 15:34:36,635] {scheduler_job.py:639} INFO - DAG(s) dict_keys(['tutorial']) retrieved from /home/airflow/.local/lib/python3.6/site-packages/airflow/example_dags/tutorial.py
[2021-04-03 15:34:36,644] {logging_mixin.py:104} INFO - [2021-04-03 15:34:36,644] {dag.py:1818} INFO - Sync 1 DAGs
[2021-04-03 15:34:36,651] {logging_mixin.py:104} INFO - [2021-04-03 15:34:36,651] {dag.py:2273} INFO - Setting next_dagrun for tutorial to 2021-04-01 00:00:00+00:00
[2021-04-03 15:34:36,656] {scheduler_job.py:190} INFO - Processing /home/airflow/.local/lib/python3.6/site-packages/airflow/example_dags/tutorial.py took 0.029 seconds
[2021-04-03 15:35:07,244] {scheduler_job.py:182} INFO - Started process (PID=786) to work on /home/airflow/.local/lib/python3.6/site-packages/airflow/example_dags/tutorial.py
[2021-04-03 15:35:07,244] {scheduler_job.py:629} INFO - Processing file /home/airflow/.local/lib/python3.6/site-packages/airflow/example_dags/tutorial.py for tasks to queue
[2021-04-03 15:35:07,245] {logging_mixin.py:104} INFO - [2021-04-03 15:35:07,245] {dagbag.py:448} INFO - Filling up the DagBag from /home/airflow/.local/lib/python3.6/site-packages/airflow/example_dags/tutorial.py
[2021-04-03 15:35:07,250] {scheduler_job.py:639} INFO - DAG(s) dict_keys(['tutorial']) retrieved from /home/airflow/.local/lib/python3.6/site-packages/airflow/example_dags/tutorial.py
[2021-04-03 15:35:07,259] {logging_mixin.py:104} INFO - [2021-04-03 15:35:07,259] {dag.py:1818} INFO - Sync 1 DAGs
[2021-04-03 15:35:07,266] {logging_mixin.py:104} INFO - [2021-04-03 15:35:07,266] {dag.py:2273} INFO - Setting next_dagrun for tutorial to 2021-04-01 00:00:00+00:00
[2021-04-03 15:35:07,271] {scheduler_job.py:190} INFO - Processing /home/airflow/.local/lib/python3.6/site-packages/airflow/example_dags/tutorial.py took 0.029 seconds
[2021-04-03 15:35:37,806] {scheduler_job.py:182} INFO - Started process (PID=812) to work on /home/airflow/.local/lib/python3.6/site-packages/airflow/example_dags/tutorial.py
[2021-04-03 15:35:37,807] {scheduler_job.py:629} INFO - Processing file /home/airflow/.local/lib/python3.6/site-packages/airflow/example_dags/tutorial.py for tasks to queue
[2021-04-03 15:35:37,807] {logging_mixin.py:104} INFO - [2021-04-03 15:35:37,807] {dagbag.py:448} INFO - Filling up the DagBag from /home/airflow/.local/lib/python3.6/site-packages/airflow/example_dags/tutorial.py
[2021-04-03 15:35:37,812] {scheduler_job.py:639} INFO - DAG(s) dict_keys(['tutorial']) retrieved from /home/airflow/.local/lib/python3.6/site-packages/airflow/example_dags/tutorial.py
[2021-04-03 15:35:37,822] {logging_mixin.py:104} INFO - [2021-04-03 15:35:37,821] {dag.py:1818} INFO - Sync 1 DAGs
[2021-04-03 15:35:37,828] {logging_mixin.py:104} INFO - [2021-04-03 15:35:37,828] {dag.py:2273} INFO - Setting next_dagrun for tutorial to 2021-04-01 00:00:00+00:00
[2021-04-03 15:35:37,838] {scheduler_job.py:190} INFO - Processing /home/airflow/.local/lib/python3.6/site-packages/airflow/example_dags/tutorial.py took 0.033 seconds
[2021-04-03 15:36:08,395] {scheduler_job.py:182} INFO - Started process (PID=838) to work on /home/airflow/.local/lib/python3.6/site-packages/airflow/example_dags/tutorial.py
[2021-04-03 15:36:08,395] {scheduler_job.py:629} INFO - Processing file /home/airflow/.local/lib/python3.6/site-packages/airflow/example_dags/tutorial.py for tasks to queue
[2021-04-03 15:36:08,395] {logging_mixin.py:104} INFO - [2021-04-03 15:36:08,395] {dagbag.py:448} INFO - Filling up the DagBag from /home/airflow/.local/lib/python3.6/site-packages/airflow/example_dags/tutorial.py
[2021-04-03 15:36:08,401] {scheduler_job.py:639} INFO - DAG(s) dict_keys(['tutorial']) retrieved from /home/airflow/.local/lib/python3.6/site-packages/airflow/example_dags/tutorial.py
[2021-04-03 15:36:08,410] {logging_mixin.py:104} INFO - [2021-04-03 15:36:08,410] {dag.py:1818} INFO - Sync 1 DAGs
[2021-04-03 15:36:08,417] {logging_mixin.py:104} INFO - [2021-04-03 15:36:08,417] {dag.py:2273} INFO - Setting next_dagrun for tutorial to 2021-04-01 00:00:00+00:00
[2021-04-03 15:36:08,429] {scheduler_job.py:190} INFO - Processing /home/airflow/.local/lib/python3.6/site-packages/airflow/example_dags/tutorial.py took 0.035 seconds
[2021-04-03 15:36:39,040] {scheduler_job.py:182} INFO - Started process (PID=864) to work on /home/airflow/.local/lib/python3.6/site-packages/airflow/example_dags/tutorial.py
[2021-04-03 15:36:39,041] {scheduler_job.py:629} INFO - Processing file /home/airflow/.local/lib/python3.6/site-packages/airflow/example_dags/tutorial.py for tasks to queue
[2021-04-03 15:36:39,041] {logging_mixin.py:104} INFO - [2021-04-03 15:36:39,041] {dagbag.py:448} INFO - Filling up the DagBag from /home/airflow/.local/lib/python3.6/site-packages/airflow/example_dags/tutorial.py
[2021-04-03 15:36:39,045] {scheduler_job.py:639} INFO - DAG(s) dict_keys(['tutorial']) retrieved from /home/airflow/.local/lib/python3.6/site-packages/airflow/example_dags/tutorial.py
[2021-04-03 15:36:39,055] {logging_mixin.py:104} INFO - [2021-04-03 15:36:39,055] {dag.py:1818} INFO - Sync 1 DAGs
[2021-04-03 15:36:39,062] {logging_mixin.py:104} INFO - [2021-04-03 15:36:39,062] {dag.py:2273} INFO - Setting next_dagrun for tutorial to 2021-04-01 00:00:00+00:00
[2021-04-03 15:36:39,068] {scheduler_job.py:190} INFO - Processing /home/airflow/.local/lib/python3.6/site-packages/airflow/example_dags/tutorial.py took 0.029 seconds
[2021-04-03 15:37:09,602] {scheduler_job.py:182} INFO - Started process (PID=890) to work on /home/airflow/.local/lib/python3.6/site-packages/airflow/example_dags/tutorial.py
[2021-04-03 15:37:09,603] {scheduler_job.py:629} INFO - Processing file /home/airflow/.local/lib/python3.6/site-packages/airflow/example_dags/tutorial.py for tasks to queue
[2021-04-03 15:37:09,603] {logging_mixin.py:104} INFO - [2021-04-03 15:37:09,603] {dagbag.py:448} INFO - Filling up the DagBag from /home/airflow/.local/lib/python3.6/site-packages/airflow/example_dags/tutorial.py
[2021-04-03 15:37:09,607] {scheduler_job.py:639} INFO - DAG(s) dict_keys(['tutorial']) retrieved from /home/airflow/.local/lib/python3.6/site-packages/airflow/example_dags/tutorial.py
[2021-04-03 15:37:09,617] {logging_mixin.py:104} INFO - [2021-04-03 15:37:09,617] {dag.py:1818} INFO - Sync 1 DAGs
[2021-04-03 15:37:09,624] {logging_mixin.py:104} INFO - [2021-04-03 15:37:09,624] {dag.py:2273} INFO - Setting next_dagrun for tutorial to 2021-04-01 00:00:00+00:00
[2021-04-03 15:37:09,630] {scheduler_job.py:190} INFO - Processing /home/airflow/.local/lib/python3.6/site-packages/airflow/example_dags/tutorial.py took 0.029 seconds
[2021-04-03 15:37:40,189] {scheduler_job.py:182} INFO - Started process (PID=916) to work on /home/airflow/.local/lib/python3.6/site-packages/airflow/example_dags/tutorial.py
[2021-04-03 15:37:40,190] {scheduler_job.py:629} INFO - Processing file /home/airflow/.local/lib/python3.6/site-packages/airflow/example_dags/tutorial.py for tasks to queue
[2021-04-03 15:37:40,190] {logging_mixin.py:104} INFO - [2021-04-03 15:37:40,190] {dagbag.py:448} INFO - Filling up the DagBag from /home/airflow/.local/lib/python3.6/site-packages/airflow/example_dags/tutorial.py
[2021-04-03 15:37:40,194] {scheduler_job.py:639} INFO - DAG(s) dict_keys(['tutorial']) retrieved from /home/airflow/.local/lib/python3.6/site-packages/airflow/example_dags/tutorial.py
[2021-04-03 15:37:40,204] {logging_mixin.py:104} INFO - [2021-04-03 15:37:40,204] {dag.py:1818} INFO - Sync 1 DAGs
[2021-04-03 15:37:40,211] {logging_mixin.py:104} INFO - [2021-04-03 15:37:40,211] {dag.py:2273} INFO - Setting next_dagrun for tutorial to 2021-04-01 00:00:00+00:00
[2021-04-03 15:37:40,216] {scheduler_job.py:190} INFO - Processing /home/airflow/.local/lib/python3.6/site-packages/airflow/example_dags/tutorial.py took 0.028 seconds
[2021-04-03 15:38:10,750] {scheduler_job.py:182} INFO - Started process (PID=942) to work on /home/airflow/.local/lib/python3.6/site-packages/airflow/example_dags/tutorial.py
[2021-04-03 15:38:10,751] {scheduler_job.py:629} INFO - Processing file /home/airflow/.local/lib/python3.6/site-packages/airflow/example_dags/tutorial.py for tasks to queue
[2021-04-03 15:38:10,751] {logging_mixin.py:104} INFO - [2021-04-03 15:38:10,751] {dagbag.py:448} INFO - Filling up the DagBag from /home/airflow/.local/lib/python3.6/site-packages/airflow/example_dags/tutorial.py
[2021-04-03 15:38:10,755] {scheduler_job.py:639} INFO - DAG(s) dict_keys(['tutorial']) retrieved from /home/airflow/.local/lib/python3.6/site-packages/airflow/example_dags/tutorial.py
[2021-04-03 15:38:10,765] {logging_mixin.py:104} INFO - [2021-04-03 15:38:10,765] {dag.py:1818} INFO - Sync 1 DAGs
[2021-04-03 15:38:10,772] {logging_mixin.py:104} INFO - [2021-04-03 15:38:10,772] {dag.py:2273} INFO - Setting next_dagrun for tutorial to 2021-04-01 00:00:00+00:00
[2021-04-03 15:38:10,777] {scheduler_job.py:190} INFO - Processing /home/airflow/.local/lib/python3.6/site-packages/airflow/example_dags/tutorial.py took 0.029 seconds
[2021-04-03 15:38:41,368] {scheduler_job.py:182} INFO - Started process (PID=968) to work on /home/airflow/.local/lib/python3.6/site-packages/airflow/example_dags/tutorial.py
[2021-04-03 15:38:41,369] {scheduler_job.py:629} INFO - Processing file /home/airflow/.local/lib/python3.6/site-packages/airflow/example_dags/tutorial.py for tasks to queue
[2021-04-03 15:38:41,369] {logging_mixin.py:104} INFO - [2021-04-03 15:38:41,369] {dagbag.py:448} INFO - Filling up the DagBag from /home/airflow/.local/lib/python3.6/site-packages/airflow/example_dags/tutorial.py
[2021-04-03 15:38:41,373] {scheduler_job.py:639} INFO - DAG(s) dict_keys(['tutorial']) retrieved from /home/airflow/.local/lib/python3.6/site-packages/airflow/example_dags/tutorial.py
[2021-04-03 15:38:41,383] {logging_mixin.py:104} INFO - [2021-04-03 15:38:41,383] {dag.py:1818} INFO - Sync 1 DAGs
[2021-04-03 15:38:41,390] {logging_mixin.py:104} INFO - [2021-04-03 15:38:41,390] {dag.py:2273} INFO - Setting next_dagrun for tutorial to 2021-04-01 00:00:00+00:00
[2021-04-03 15:38:41,395] {scheduler_job.py:190} INFO - Processing /home/airflow/.local/lib/python3.6/site-packages/airflow/example_dags/tutorial.py took 0.029 seconds
[2021-04-03 15:39:11,973] {scheduler_job.py:182} INFO - Started process (PID=994) to work on /home/airflow/.local/lib/python3.6/site-packages/airflow/example_dags/tutorial.py
[2021-04-03 15:39:11,973] {scheduler_job.py:629} INFO - Processing file /home/airflow/.local/lib/python3.6/site-packages/airflow/example_dags/tutorial.py for tasks to queue
[2021-04-03 15:39:11,973] {logging_mixin.py:104} INFO - [2021-04-03 15:39:11,973] {dagbag.py:448} INFO - Filling up the DagBag from /home/airflow/.local/lib/python3.6/site-packages/airflow/example_dags/tutorial.py
[2021-04-03 15:39:11,978] {scheduler_job.py:639} INFO - DAG(s) dict_keys(['tutorial']) retrieved from /home/airflow/.local/lib/python3.6/site-packages/airflow/example_dags/tutorial.py
[2021-04-03 15:39:11,988] {logging_mixin.py:104} INFO - [2021-04-03 15:39:11,988] {dag.py:1818} INFO - Sync 1 DAGs
[2021-04-03 15:39:11,995] {logging_mixin.py:104} INFO - [2021-04-03 15:39:11,994] {dag.py:2273} INFO - Setting next_dagrun for tutorial to 2021-04-01 00:00:00+00:00
[2021-04-03 15:39:12,000] {scheduler_job.py:190} INFO - Processing /home/airflow/.local/lib/python3.6/site-packages/airflow/example_dags/tutorial.py took 0.029 seconds
[2021-04-03 15:39:42,627] {scheduler_job.py:182} INFO - Started process (PID=1020) to work on /home/airflow/.local/lib/python3.6/site-packages/airflow/example_dags/tutorial.py
[2021-04-03 15:39:42,627] {scheduler_job.py:629} INFO - Processing file /home/airflow/.local/lib/python3.6/site-packages/airflow/example_dags/tutorial.py for tasks to queue
[2021-04-03 15:39:42,627] {logging_mixin.py:104} INFO - [2021-04-03 15:39:42,627] {dagbag.py:448} INFO - Filling up the DagBag from /home/airflow/.local/lib/python3.6/site-packages/airflow/example_dags/tutorial.py
[2021-04-03 15:39:42,632] {scheduler_job.py:639} INFO - DAG(s) dict_keys(['tutorial']) retrieved from /home/airflow/.local/lib/python3.6/site-packages/airflow/example_dags/tutorial.py
[2021-04-03 15:39:42,642] {logging_mixin.py:104} INFO - [2021-04-03 15:39:42,642] {dag.py:1818} INFO - Sync 1 DAGs
[2021-04-03 15:39:42,648] {logging_mixin.py:104} INFO - [2021-04-03 15:39:42,648] {dag.py:2273} INFO - Setting next_dagrun for tutorial to 2021-04-01 00:00:00+00:00
[2021-04-03 15:39:42,655] {scheduler_job.py:190} INFO - Processing /home/airflow/.local/lib/python3.6/site-packages/airflow/example_dags/tutorial.py took 0.029 seconds
[2021-04-03 15:40:13,324] {scheduler_job.py:182} INFO - Started process (PID=1046) to work on /home/airflow/.local/lib/python3.6/site-packages/airflow/example_dags/tutorial.py
[2021-04-03 15:40:13,325] {scheduler_job.py:629} INFO - Processing file /home/airflow/.local/lib/python3.6/site-packages/airflow/example_dags/tutorial.py for tasks to queue
[2021-04-03 15:40:13,325] {logging_mixin.py:104} INFO - [2021-04-03 15:40:13,325] {dagbag.py:448} INFO - Filling up the DagBag from /home/airflow/.local/lib/python3.6/site-packages/airflow/example_dags/tutorial.py
[2021-04-03 15:40:13,329] {scheduler_job.py:639} INFO - DAG(s) dict_keys(['tutorial']) retrieved from /home/airflow/.local/lib/python3.6/site-packages/airflow/example_dags/tutorial.py
[2021-04-03 15:40:13,339] {logging_mixin.py:104} INFO - [2021-04-03 15:40:13,339] {dag.py:1818} INFO - Sync 1 DAGs
[2021-04-03 15:40:13,346] {logging_mixin.py:104} INFO - [2021-04-03 15:40:13,346] {dag.py:2273} INFO - Setting next_dagrun for tutorial to 2021-04-01 00:00:00+00:00
[2021-04-03 15:40:13,351] {scheduler_job.py:190} INFO - Processing /home/airflow/.local/lib/python3.6/site-packages/airflow/example_dags/tutorial.py took 0.028 seconds
[2021-04-03 15:40:43,904] {scheduler_job.py:182} INFO - Started process (PID=1072) to work on /home/airflow/.local/lib/python3.6/site-packages/airflow/example_dags/tutorial.py
[2021-04-03 15:40:43,905] {scheduler_job.py:629} INFO - Processing file /home/airflow/.local/lib/python3.6/site-packages/airflow/example_dags/tutorial.py for tasks to queue
[2021-04-03 15:40:43,905] {logging_mixin.py:104} INFO - [2021-04-03 15:40:43,905] {dagbag.py:448} INFO - Filling up the DagBag from /home/airflow/.local/lib/python3.6/site-packages/airflow/example_dags/tutorial.py
[2021-04-03 15:40:43,909] {scheduler_job.py:639} INFO - DAG(s) dict_keys(['tutorial']) retrieved from /home/airflow/.local/lib/python3.6/site-packages/airflow/example_dags/tutorial.py
[2021-04-03 15:40:43,919] {logging_mixin.py:104} INFO - [2021-04-03 15:40:43,919] {dag.py:1818} INFO - Sync 1 DAGs
[2021-04-03 15:40:43,926] {logging_mixin.py:104} INFO - [2021-04-03 15:40:43,926] {dag.py:2273} INFO - Setting next_dagrun for tutorial to 2021-04-01 00:00:00+00:00
[2021-04-03 15:40:43,933] {scheduler_job.py:190} INFO - Processing /home/airflow/.local/lib/python3.6/site-packages/airflow/example_dags/tutorial.py took 0.030 seconds
[2021-04-03 15:41:14,509] {scheduler_job.py:182} INFO - Started process (PID=1098) to work on /home/airflow/.local/lib/python3.6/site-packages/airflow/example_dags/tutorial.py
[2021-04-03 15:41:14,509] {scheduler_job.py:629} INFO - Processing file /home/airflow/.local/lib/python3.6/site-packages/airflow/example_dags/tutorial.py for tasks to queue
[2021-04-03 15:41:14,509] {logging_mixin.py:104} INFO - [2021-04-03 15:41:14,509] {dagbag.py:448} INFO - Filling up the DagBag from /home/airflow/.local/lib/python3.6/site-packages/airflow/example_dags/tutorial.py
[2021-04-03 15:41:14,514] {scheduler_job.py:639} INFO - DAG(s) dict_keys(['tutorial']) retrieved from /home/airflow/.local/lib/python3.6/site-packages/airflow/example_dags/tutorial.py
[2021-04-03 15:41:14,524] {logging_mixin.py:104} INFO - [2021-04-03 15:41:14,524] {dag.py:1818} INFO - Sync 1 DAGs
[2021-04-03 15:41:14,531] {logging_mixin.py:104} INFO - [2021-04-03 15:41:14,531] {dag.py:2273} INFO - Setting next_dagrun for tutorial to 2021-04-01 00:00:00+00:00
[2021-04-03 15:41:14,541] {scheduler_job.py:190} INFO - Processing /home/airflow/.local/lib/python3.6/site-packages/airflow/example_dags/tutorial.py took 0.034 seconds
[2021-04-03 15:41:45,175] {scheduler_job.py:182} INFO - Started process (PID=1124) to work on /home/airflow/.local/lib/python3.6/site-packages/airflow/example_dags/tutorial.py
[2021-04-03 15:41:45,176] {scheduler_job.py:629} INFO - Processing file /home/airflow/.local/lib/python3.6/site-packages/airflow/example_dags/tutorial.py for tasks to queue
[2021-04-03 15:41:45,176] {logging_mixin.py:104} INFO - [2021-04-03 15:41:45,176] {dagbag.py:448} INFO - Filling up the DagBag from /home/airflow/.local/lib/python3.6/site-packages/airflow/example_dags/tutorial.py
[2021-04-03 15:41:45,181] {scheduler_job.py:639} INFO - DAG(s) dict_keys(['tutorial']) retrieved from /home/airflow/.local/lib/python3.6/site-packages/airflow/example_dags/tutorial.py
[2021-04-03 15:41:45,190] {logging_mixin.py:104} INFO - [2021-04-03 15:41:45,190] {dag.py:1818} INFO - Sync 1 DAGs
[2021-04-03 15:41:45,197] {logging_mixin.py:104} INFO - [2021-04-03 15:41:45,197] {dag.py:2273} INFO - Setting next_dagrun for tutorial to 2021-04-01 00:00:00+00:00
[2021-04-03 15:41:45,203] {scheduler_job.py:190} INFO - Processing /home/airflow/.local/lib/python3.6/site-packages/airflow/example_dags/tutorial.py took 0.028 seconds
[2021-04-03 15:42:15,815] {scheduler_job.py:182} INFO - Started process (PID=1150) to work on /home/airflow/.local/lib/python3.6/site-packages/airflow/example_dags/tutorial.py
[2021-04-03 15:42:15,815] {scheduler_job.py:629} INFO - Processing file /home/airflow/.local/lib/python3.6/site-packages/airflow/example_dags/tutorial.py for tasks to queue
[2021-04-03 15:42:15,815] {logging_mixin.py:104} INFO - [2021-04-03 15:42:15,815] {dagbag.py:448} INFO - Filling up the DagBag from /home/airflow/.local/lib/python3.6/site-packages/airflow/example_dags/tutorial.py
[2021-04-03 15:42:15,820] {scheduler_job.py:639} INFO - DAG(s) dict_keys(['tutorial']) retrieved from /home/airflow/.local/lib/python3.6/site-packages/airflow/example_dags/tutorial.py
[2021-04-03 15:42:15,829] {logging_mixin.py:104} INFO - [2021-04-03 15:42:15,829] {dag.py:1818} INFO - Sync 1 DAGs
[2021-04-03 15:42:15,836] {logging_mixin.py:104} INFO - [2021-04-03 15:42:15,836] {dag.py:2273} INFO - Setting next_dagrun for tutorial to 2021-04-01 00:00:00+00:00
[2021-04-03 15:42:15,842] {scheduler_job.py:190} INFO - Processing /home/airflow/.local/lib/python3.6/site-packages/airflow/example_dags/tutorial.py took 0.029 seconds
[2021-04-03 15:42:46,464] {scheduler_job.py:182} INFO - Started process (PID=1176) to work on /home/airflow/.local/lib/python3.6/site-packages/airflow/example_dags/tutorial.py
[2021-04-03 15:42:46,465] {scheduler_job.py:629} INFO - Processing file /home/airflow/.local/lib/python3.6/site-packages/airflow/example_dags/tutorial.py for tasks to queue
[2021-04-03 15:42:46,465] {logging_mixin.py:104} INFO - [2021-04-03 15:42:46,465] {dagbag.py:448} INFO - Filling up the DagBag from /home/airflow/.local/lib/python3.6/site-packages/airflow/example_dags/tutorial.py
[2021-04-03 15:42:46,469] {scheduler_job.py:639} INFO - DAG(s) dict_keys(['tutorial']) retrieved from /home/airflow/.local/lib/python3.6/site-packages/airflow/example_dags/tutorial.py
[2021-04-03 15:42:46,479] {logging_mixin.py:104} INFO - [2021-04-03 15:42:46,479] {dag.py:1818} INFO - Sync 1 DAGs
[2021-04-03 15:42:46,486] {logging_mixin.py:104} INFO - [2021-04-03 15:42:46,486] {dag.py:2273} INFO - Setting next_dagrun for tutorial to 2021-04-01 00:00:00+00:00
[2021-04-03 15:42:46,492] {scheduler_job.py:190} INFO - Processing /home/airflow/.local/lib/python3.6/site-packages/airflow/example_dags/tutorial.py took 0.029 seconds
[2021-04-03 15:43:17,036] {scheduler_job.py:182} INFO - Started process (PID=1202) to work on /home/airflow/.local/lib/python3.6/site-packages/airflow/example_dags/tutorial.py
[2021-04-03 15:43:17,037] {scheduler_job.py:629} INFO - Processing file /home/airflow/.local/lib/python3.6/site-packages/airflow/example_dags/tutorial.py for tasks to queue
[2021-04-03 15:43:17,037] {logging_mixin.py:104} INFO - [2021-04-03 15:43:17,037] {dagbag.py:448} INFO - Filling up the DagBag from /home/airflow/.local/lib/python3.6/site-packages/airflow/example_dags/tutorial.py
[2021-04-03 15:43:17,042] {scheduler_job.py:639} INFO - DAG(s) dict_keys(['tutorial']) retrieved from /home/airflow/.local/lib/python3.6/site-packages/airflow/example_dags/tutorial.py
[2021-04-03 15:43:17,052] {logging_mixin.py:104} INFO - [2021-04-03 15:43:17,051] {dag.py:1818} INFO - Sync 1 DAGs
[2021-04-03 15:43:17,058] {logging_mixin.py:104} INFO - [2021-04-03 15:43:17,058] {dag.py:2273} INFO - Setting next_dagrun for tutorial to 2021-04-01 00:00:00+00:00
[2021-04-03 15:43:17,064] {scheduler_job.py:190} INFO - Processing /home/airflow/.local/lib/python3.6/site-packages/airflow/example_dags/tutorial.py took 0.029 seconds
[2021-04-03 15:43:47,644] {scheduler_job.py:182} INFO - Started process (PID=1228) to work on /home/airflow/.local/lib/python3.6/site-packages/airflow/example_dags/tutorial.py
[2021-04-03 15:43:47,644] {scheduler_job.py:629} INFO - Processing file /home/airflow/.local/lib/python3.6/site-packages/airflow/example_dags/tutorial.py for tasks to queue
[2021-04-03 15:43:47,645] {logging_mixin.py:104} INFO - [2021-04-03 15:43:47,645] {dagbag.py:448} INFO - Filling up the DagBag from /home/airflow/.local/lib/python3.6/site-packages/airflow/example_dags/tutorial.py
[2021-04-03 15:43:47,649] {scheduler_job.py:639} INFO - DAG(s) dict_keys(['tutorial']) retrieved from /home/airflow/.local/lib/python3.6/site-packages/airflow/example_dags/tutorial.py
[2021-04-03 15:43:47,659] {logging_mixin.py:104} INFO - [2021-04-03 15:43:47,658] {dag.py:1818} INFO - Sync 1 DAGs
[2021-04-03 15:43:47,665] {logging_mixin.py:104} INFO - [2021-04-03 15:43:47,665] {dag.py:2273} INFO - Setting next_dagrun for tutorial to 2021-04-01 00:00:00+00:00
[2021-04-03 15:43:47,671] {scheduler_job.py:190} INFO - Processing /home/airflow/.local/lib/python3.6/site-packages/airflow/example_dags/tutorial.py took 0.028 seconds
[2021-04-03 15:44:18,254] {scheduler_job.py:182} INFO - Started process (PID=1254) to work on /home/airflow/.local/lib/python3.6/site-packages/airflow/example_dags/tutorial.py
[2021-04-03 15:44:18,254] {scheduler_job.py:629} INFO - Processing file /home/airflow/.local/lib/python3.6/site-packages/airflow/example_dags/tutorial.py for tasks to queue
[2021-04-03 15:44:18,255] {logging_mixin.py:104} INFO - [2021-04-03 15:44:18,254] {dagbag.py:448} INFO - Filling up the DagBag from /home/airflow/.local/lib/python3.6/site-packages/airflow/example_dags/tutorial.py
[2021-04-03 15:44:18,259] {scheduler_job.py:639} INFO - DAG(s) dict_keys(['tutorial']) retrieved from /home/airflow/.local/lib/python3.6/site-packages/airflow/example_dags/tutorial.py
[2021-04-03 15:44:18,268] {logging_mixin.py:104} INFO - [2021-04-03 15:44:18,268] {dag.py:1818} INFO - Sync 1 DAGs
[2021-04-03 15:44:18,275] {logging_mixin.py:104} INFO - [2021-04-03 15:44:18,275] {dag.py:2273} INFO - Setting next_dagrun for tutorial to 2021-04-01 00:00:00+00:00
[2021-04-03 15:44:18,284] {scheduler_job.py:190} INFO - Processing /home/airflow/.local/lib/python3.6/site-packages/airflow/example_dags/tutorial.py took 0.031 seconds
[2021-04-03 15:44:48,844] {scheduler_job.py:182} INFO - Started process (PID=1280) to work on /home/airflow/.local/lib/python3.6/site-packages/airflow/example_dags/tutorial.py
[2021-04-03 15:44:48,845] {scheduler_job.py:629} INFO - Processing file /home/airflow/.local/lib/python3.6/site-packages/airflow/example_dags/tutorial.py for tasks to queue
[2021-04-03 15:44:48,845] {logging_mixin.py:104} INFO - [2021-04-03 15:44:48,845] {dagbag.py:448} INFO - Filling up the DagBag from /home/airflow/.local/lib/python3.6/site-packages/airflow/example_dags/tutorial.py
[2021-04-03 15:44:48,849] {scheduler_job.py:639} INFO - DAG(s) dict_keys(['tutorial']) retrieved from /home/airflow/.local/lib/python3.6/site-packages/airflow/example_dags/tutorial.py
[2021-04-03 15:44:48,859] {logging_mixin.py:104} INFO - [2021-04-03 15:44:48,859] {dag.py:1818} INFO - Sync 1 DAGs
[2021-04-03 15:44:48,866] {logging_mixin.py:104} INFO - [2021-04-03 15:44:48,866] {dag.py:2273} INFO - Setting next_dagrun for tutorial to 2021-04-01 00:00:00+00:00
[2021-04-03 15:44:48,872] {scheduler_job.py:190} INFO - Processing /home/airflow/.local/lib/python3.6/site-packages/airflow/example_dags/tutorial.py took 0.029 seconds
[2021-04-03 15:45:19,420] {scheduler_job.py:182} INFO - Started process (PID=1306) to work on /home/airflow/.local/lib/python3.6/site-packages/airflow/example_dags/tutorial.py
[2021-04-03 15:45:19,420] {scheduler_job.py:629} INFO - Processing file /home/airflow/.local/lib/python3.6/site-packages/airflow/example_dags/tutorial.py for tasks to queue
[2021-04-03 15:45:19,420] {logging_mixin.py:104} INFO - [2021-04-03 15:45:19,420] {dagbag.py:448} INFO - Filling up the DagBag from /home/airflow/.local/lib/python3.6/site-packages/airflow/example_dags/tutorial.py
[2021-04-03 15:45:19,425] {scheduler_job.py:639} INFO - DAG(s) dict_keys(['tutorial']) retrieved from /home/airflow/.local/lib/python3.6/site-packages/airflow/example_dags/tutorial.py
[2021-04-03 15:45:19,434] {logging_mixin.py:104} INFO - [2021-04-03 15:45:19,434] {dag.py:1818} INFO - Sync 1 DAGs
[2021-04-03 15:45:19,441] {logging_mixin.py:104} INFO - [2021-04-03 15:45:19,441] {dag.py:2273} INFO - Setting next_dagrun for tutorial to 2021-04-01 00:00:00+00:00
[2021-04-03 15:45:19,447] {scheduler_job.py:190} INFO - Processing /home/airflow/.local/lib/python3.6/site-packages/airflow/example_dags/tutorial.py took 0.029 seconds
[2021-04-03 15:45:49,983] {scheduler_job.py:182} INFO - Started process (PID=1332) to work on /home/airflow/.local/lib/python3.6/site-packages/airflow/example_dags/tutorial.py
[2021-04-03 15:45:49,983] {scheduler_job.py:629} INFO - Processing file /home/airflow/.local/lib/python3.6/site-packages/airflow/example_dags/tutorial.py for tasks to queue
[2021-04-03 15:45:49,984] {logging_mixin.py:104} INFO - [2021-04-03 15:45:49,984] {dagbag.py:448} INFO - Filling up the DagBag from /home/airflow/.local/lib/python3.6/site-packages/airflow/example_dags/tutorial.py
[2021-04-03 15:45:49,988] {scheduler_job.py:639} INFO - DAG(s) dict_keys(['tutorial']) retrieved from /home/airflow/.local/lib/python3.6/site-packages/airflow/example_dags/tutorial.py
[2021-04-03 15:45:49,998] {logging_mixin.py:104} INFO - [2021-04-03 15:45:49,998] {dag.py:1818} INFO - Sync 1 DAGs
[2021-04-03 15:45:50,005] {logging_mixin.py:104} INFO - [2021-04-03 15:45:50,005] {dag.py:2273} INFO - Setting next_dagrun for tutorial to 2021-04-01 00:00:00+00:00
[2021-04-03 15:45:50,011] {scheduler_job.py:190} INFO - Processing /home/airflow/.local/lib/python3.6/site-packages/airflow/example_dags/tutorial.py took 0.029 seconds
[2021-04-03 15:46:20,550] {scheduler_job.py:182} INFO - Started process (PID=1358) to work on /home/airflow/.local/lib/python3.6/site-packages/airflow/example_dags/tutorial.py
[2021-04-03 15:46:20,551] {scheduler_job.py:629} INFO - Processing file /home/airflow/.local/lib/python3.6/site-packages/airflow/example_dags/tutorial.py for tasks to queue
[2021-04-03 15:46:20,551] {logging_mixin.py:104} INFO - [2021-04-03 15:46:20,551] {dagbag.py:448} INFO - Filling up the DagBag from /home/airflow/.local/lib/python3.6/site-packages/airflow/example_dags/tutorial.py
[2021-04-03 15:46:20,555] {scheduler_job.py:639} INFO - DAG(s) dict_keys(['tutorial']) retrieved from /home/airflow/.local/lib/python3.6/site-packages/airflow/example_dags/tutorial.py
[2021-04-03 15:46:20,565] {logging_mixin.py:104} INFO - [2021-04-03 15:46:20,565] {dag.py:1818} INFO - Sync 1 DAGs
[2021-04-03 15:46:20,572] {logging_mixin.py:104} INFO - [2021-04-03 15:46:20,572] {dag.py:2273} INFO - Setting next_dagrun for tutorial to 2021-04-01 00:00:00+00:00
[2021-04-03 15:46:20,578] {scheduler_job.py:190} INFO - Processing /home/airflow/.local/lib/python3.6/site-packages/airflow/example_dags/tutorial.py took 0.029 seconds
[2021-04-03 15:46:51,157] {scheduler_job.py:182} INFO - Started process (PID=1384) to work on /home/airflow/.local/lib/python3.6/site-packages/airflow/example_dags/tutorial.py
[2021-04-03 15:46:51,157] {scheduler_job.py:629} INFO - Processing file /home/airflow/.local/lib/python3.6/site-packages/airflow/example_dags/tutorial.py for tasks to queue
[2021-04-03 15:46:51,158] {logging_mixin.py:104} INFO - [2021-04-03 15:46:51,158] {dagbag.py:448} INFO - Filling up the DagBag from /home/airflow/.local/lib/python3.6/site-packages/airflow/example_dags/tutorial.py
[2021-04-03 15:46:51,162] {scheduler_job.py:639} INFO - DAG(s) dict_keys(['tutorial']) retrieved from /home/airflow/.local/lib/python3.6/site-packages/airflow/example_dags/tutorial.py
[2021-04-03 15:46:51,172] {logging_mixin.py:104} INFO - [2021-04-03 15:46:51,172] {dag.py:1818} INFO - Sync 1 DAGs
[2021-04-03 15:46:51,178] {logging_mixin.py:104} INFO - [2021-04-03 15:46:51,178] {dag.py:2273} INFO - Setting next_dagrun for tutorial to 2021-04-01 00:00:00+00:00
[2021-04-03 15:46:51,189] {scheduler_job.py:190} INFO - Processing /home/airflow/.local/lib/python3.6/site-packages/airflow/example_dags/tutorial.py took 0.033 seconds
[2021-04-03 15:47:21,690] {scheduler_job.py:182} INFO - Started process (PID=1410) to work on /home/airflow/.local/lib/python3.6/site-packages/airflow/example_dags/tutorial.py
[2021-04-03 15:47:21,691] {scheduler_job.py:629} INFO - Processing file /home/airflow/.local/lib/python3.6/site-packages/airflow/example_dags/tutorial.py for tasks to queue
[2021-04-03 15:47:21,691] {logging_mixin.py:104} INFO - [2021-04-03 15:47:21,691] {dagbag.py:448} INFO - Filling up the DagBag from /home/airflow/.local/lib/python3.6/site-packages/airflow/example_dags/tutorial.py
[2021-04-03 15:47:21,695] {scheduler_job.py:639} INFO - DAG(s) dict_keys(['tutorial']) retrieved from /home/airflow/.local/lib/python3.6/site-packages/airflow/example_dags/tutorial.py
[2021-04-03 15:47:21,705] {logging_mixin.py:104} INFO - [2021-04-03 15:47:21,705] {dag.py:1818} INFO - Sync 1 DAGs
[2021-04-03 15:47:21,712] {logging_mixin.py:104} INFO - [2021-04-03 15:47:21,712] {dag.py:2273} INFO - Setting next_dagrun for tutorial to 2021-04-01 00:00:00+00:00
[2021-04-03 15:47:21,717] {scheduler_job.py:190} INFO - Processing /home/airflow/.local/lib/python3.6/site-packages/airflow/example_dags/tutorial.py took 0.028 seconds
[2021-04-03 15:47:52,295] {scheduler_job.py:182} INFO - Started process (PID=1436) to work on /home/airflow/.local/lib/python3.6/site-packages/airflow/example_dags/tutorial.py
[2021-04-03 15:47:52,295] {scheduler_job.py:629} INFO - Processing file /home/airflow/.local/lib/python3.6/site-packages/airflow/example_dags/tutorial.py for tasks to queue
[2021-04-03 15:47:52,296] {logging_mixin.py:104} INFO - [2021-04-03 15:47:52,296] {dagbag.py:448} INFO - Filling up the DagBag from /home/airflow/.local/lib/python3.6/site-packages/airflow/example_dags/tutorial.py
[2021-04-03 15:47:52,300] {scheduler_job.py:639} INFO - DAG(s) dict_keys(['tutorial']) retrieved from /home/airflow/.local/lib/python3.6/site-packages/airflow/example_dags/tutorial.py
[2021-04-03 15:47:52,310] {logging_mixin.py:104} INFO - [2021-04-03 15:47:52,310] {dag.py:1818} INFO - Sync 1 DAGs
[2021-04-03 15:47:52,317] {logging_mixin.py:104} INFO - [2021-04-03 15:47:52,317] {dag.py:2273} INFO - Setting next_dagrun for tutorial to 2021-04-01 00:00:00+00:00
[2021-04-03 15:47:52,322] {scheduler_job.py:190} INFO - Processing /home/airflow/.local/lib/python3.6/site-packages/airflow/example_dags/tutorial.py took 0.028 seconds
