[2021-03-31 23:58:29,672] {scheduler_job.py:182} INFO - Started process (PID=44) to work on /home/airflow/.local/lib/python3.6/site-packages/airflow/example_dags/example_subdag_operator.py
[2021-03-31 23:58:29,673] {scheduler_job.py:629} INFO - Processing file /home/airflow/.local/lib/python3.6/site-packages/airflow/example_dags/example_subdag_operator.py for tasks to queue
[2021-03-31 23:58:29,673] {logging_mixin.py:104} INFO - [2021-03-31 23:58:29,673] {dagbag.py:448} INFO - Filling up the DagBag from /home/airflow/.local/lib/python3.6/site-packages/airflow/example_dags/example_subdag_operator.py
[2021-03-31 23:58:29,688] {scheduler_job.py:639} INFO - DAG(s) dict_keys(['example_subdag_operator.section-1', 'example_subdag_operator.section-2', 'example_subdag_operator']) retrieved from /home/airflow/.local/lib/python3.6/site-packages/airflow/example_dags/example_subdag_operator.py
[2021-03-31 23:58:29,696] {logging_mixin.py:104} INFO - [2021-03-31 23:58:29,696] {dag.py:1818} INFO - Sync 3 DAGs
[2021-03-31 23:58:29,701] {logging_mixin.py:104} INFO - [2021-03-31 23:58:29,701] {dag.py:1837} INFO - Creating ORM DAG for example_subdag_operator.section-2
[2021-03-31 23:58:29,702] {logging_mixin.py:104} INFO - [2021-03-31 23:58:29,702] {dag.py:1837} INFO - Creating ORM DAG for example_subdag_operator.section-1
[2021-03-31 23:58:29,702] {logging_mixin.py:104} INFO - [2021-03-31 23:58:29,702] {dag.py:1837} INFO - Creating ORM DAG for example_subdag_operator
[2021-03-31 23:58:29,705] {logging_mixin.py:104} INFO - [2021-03-31 23:58:29,705] {dag.py:2273} INFO - Setting next_dagrun for example_subdag_operator to 2021-03-29 00:00:00+00:00
[2021-03-31 23:58:29,705] {logging_mixin.py:104} INFO - [2021-03-31 23:58:29,705] {dag.py:2273} INFO - Setting next_dagrun for example_subdag_operator.section-1 to None
[2021-03-31 23:58:29,705] {logging_mixin.py:104} INFO - [2021-03-31 23:58:29,705] {dag.py:2273} INFO - Setting next_dagrun for example_subdag_operator.section-2 to None
[2021-03-31 23:58:29,713] {logging_mixin.py:104} INFO - [2021-03-31 23:58:29,712] {dag.py:1818} INFO - Sync 2 DAGs
[2021-03-31 23:58:29,717] {logging_mixin.py:104} INFO - [2021-03-31 23:58:29,716] {dag.py:2273} INFO - Setting next_dagrun for example_subdag_operator.section-1 to None
[2021-03-31 23:58:29,717] {logging_mixin.py:104} INFO - [2021-03-31 23:58:29,717] {dag.py:2273} INFO - Setting next_dagrun for example_subdag_operator.section-2 to None
[2021-03-31 23:58:29,721] {scheduler_job.py:190} INFO - Processing /home/airflow/.local/lib/python3.6/site-packages/airflow/example_dags/example_subdag_operator.py took 0.050 seconds
[2021-03-31 23:59:00,404] {scheduler_job.py:182} INFO - Started process (PID=70) to work on /home/airflow/.local/lib/python3.6/site-packages/airflow/example_dags/example_subdag_operator.py
[2021-03-31 23:59:00,405] {scheduler_job.py:629} INFO - Processing file /home/airflow/.local/lib/python3.6/site-packages/airflow/example_dags/example_subdag_operator.py for tasks to queue
[2021-03-31 23:59:00,405] {logging_mixin.py:104} INFO - [2021-03-31 23:59:00,405] {dagbag.py:448} INFO - Filling up the DagBag from /home/airflow/.local/lib/python3.6/site-packages/airflow/example_dags/example_subdag_operator.py
[2021-03-31 23:59:00,420] {scheduler_job.py:639} INFO - DAG(s) dict_keys(['example_subdag_operator.section-1', 'example_subdag_operator.section-2', 'example_subdag_operator']) retrieved from /home/airflow/.local/lib/python3.6/site-packages/airflow/example_dags/example_subdag_operator.py
[2021-03-31 23:59:00,426] {logging_mixin.py:104} INFO - [2021-03-31 23:59:00,426] {dag.py:1818} INFO - Sync 3 DAGs
[2021-03-31 23:59:00,434] {logging_mixin.py:104} INFO - [2021-03-31 23:59:00,434] {dag.py:2273} INFO - Setting next_dagrun for example_subdag_operator to 2021-03-29 00:00:00+00:00
[2021-03-31 23:59:00,434] {logging_mixin.py:104} INFO - [2021-03-31 23:59:00,434] {dag.py:2273} INFO - Setting next_dagrun for example_subdag_operator.section-1 to None
[2021-03-31 23:59:00,434] {logging_mixin.py:104} INFO - [2021-03-31 23:59:00,434] {dag.py:2273} INFO - Setting next_dagrun for example_subdag_operator.section-2 to None
[2021-03-31 23:59:00,440] {logging_mixin.py:104} INFO - [2021-03-31 23:59:00,439] {dag.py:1818} INFO - Sync 2 DAGs
[2021-03-31 23:59:00,443] {logging_mixin.py:104} INFO - [2021-03-31 23:59:00,443] {dag.py:2273} INFO - Setting next_dagrun for example_subdag_operator.section-1 to None
[2021-03-31 23:59:00,443] {logging_mixin.py:104} INFO - [2021-03-31 23:59:00,443] {dag.py:2273} INFO - Setting next_dagrun for example_subdag_operator.section-2 to None
[2021-03-31 23:59:00,448] {scheduler_job.py:190} INFO - Processing /home/airflow/.local/lib/python3.6/site-packages/airflow/example_dags/example_subdag_operator.py took 0.045 seconds
[2021-03-31 23:59:31,033] {scheduler_job.py:182} INFO - Started process (PID=96) to work on /home/airflow/.local/lib/python3.6/site-packages/airflow/example_dags/example_subdag_operator.py
[2021-03-31 23:59:31,033] {scheduler_job.py:629} INFO - Processing file /home/airflow/.local/lib/python3.6/site-packages/airflow/example_dags/example_subdag_operator.py for tasks to queue
[2021-03-31 23:59:31,034] {logging_mixin.py:104} INFO - [2021-03-31 23:59:31,034] {dagbag.py:448} INFO - Filling up the DagBag from /home/airflow/.local/lib/python3.6/site-packages/airflow/example_dags/example_subdag_operator.py
[2021-03-31 23:59:31,048] {scheduler_job.py:639} INFO - DAG(s) dict_keys(['example_subdag_operator.section-1', 'example_subdag_operator.section-2', 'example_subdag_operator']) retrieved from /home/airflow/.local/lib/python3.6/site-packages/airflow/example_dags/example_subdag_operator.py
[2021-03-31 23:59:31,053] {logging_mixin.py:104} INFO - [2021-03-31 23:59:31,053] {dag.py:1818} INFO - Sync 3 DAGs
[2021-03-31 23:59:31,061] {logging_mixin.py:104} INFO - [2021-03-31 23:59:31,061] {dag.py:2273} INFO - Setting next_dagrun for example_subdag_operator to 2021-03-29 00:00:00+00:00
[2021-03-31 23:59:31,061] {logging_mixin.py:104} INFO - [2021-03-31 23:59:31,061] {dag.py:2273} INFO - Setting next_dagrun for example_subdag_operator.section-1 to None
[2021-03-31 23:59:31,061] {logging_mixin.py:104} INFO - [2021-03-31 23:59:31,061] {dag.py:2273} INFO - Setting next_dagrun for example_subdag_operator.section-2 to None
[2021-03-31 23:59:31,065] {logging_mixin.py:104} INFO - [2021-03-31 23:59:31,065] {dag.py:1818} INFO - Sync 2 DAGs
[2021-03-31 23:59:31,069] {logging_mixin.py:104} INFO - [2021-03-31 23:59:31,069] {dag.py:2273} INFO - Setting next_dagrun for example_subdag_operator.section-1 to None
[2021-03-31 23:59:31,069] {logging_mixin.py:104} INFO - [2021-03-31 23:59:31,069] {dag.py:2273} INFO - Setting next_dagrun for example_subdag_operator.section-2 to None
[2021-03-31 23:59:31,073] {scheduler_job.py:190} INFO - Processing /home/airflow/.local/lib/python3.6/site-packages/airflow/example_dags/example_subdag_operator.py took 0.042 seconds
