[2021-03-31 23:58:29,862] {scheduler_job.py:182} INFO - Started process (PID=52) to work on /home/airflow/.local/lib/python3.6/site-packages/airflow/example_dags/example_latest_only_with_trigger.py
[2021-03-31 23:58:29,863] {scheduler_job.py:629} INFO - Processing file /home/airflow/.local/lib/python3.6/site-packages/airflow/example_dags/example_latest_only_with_trigger.py for tasks to queue
[2021-03-31 23:58:29,863] {logging_mixin.py:104} INFO - [2021-03-31 23:58:29,863] {dagbag.py:448} INFO - Filling up the DagBag from /home/airflow/.local/lib/python3.6/site-packages/airflow/example_dags/example_latest_only_with_trigger.py
[2021-03-31 23:58:29,868] {scheduler_job.py:639} INFO - DAG(s) dict_keys(['latest_only_with_trigger']) retrieved from /home/airflow/.local/lib/python3.6/site-packages/airflow/example_dags/example_latest_only_with_trigger.py
[2021-03-31 23:58:29,880] {logging_mixin.py:104} INFO - [2021-03-31 23:58:29,880] {dag.py:1818} INFO - Sync 1 DAGs
[2021-03-31 23:58:29,885] {logging_mixin.py:104} INFO - [2021-03-31 23:58:29,885] {dag.py:1837} INFO - Creating ORM DAG for latest_only_with_trigger
[2021-03-31 23:58:29,888] {logging_mixin.py:104} INFO - [2021-03-31 23:58:29,888] {dag.py:2273} INFO - Setting next_dagrun for latest_only_with_trigger to 2021-03-29 00:00:00+00:00
[2021-03-31 23:58:29,897] {scheduler_job.py:190} INFO - Processing /home/airflow/.local/lib/python3.6/site-packages/airflow/example_dags/example_latest_only_with_trigger.py took 0.036 seconds
[2021-03-31 23:59:00,567] {scheduler_job.py:182} INFO - Started process (PID=78) to work on /home/airflow/.local/lib/python3.6/site-packages/airflow/example_dags/example_latest_only_with_trigger.py
[2021-03-31 23:59:00,568] {scheduler_job.py:629} INFO - Processing file /home/airflow/.local/lib/python3.6/site-packages/airflow/example_dags/example_latest_only_with_trigger.py for tasks to queue
[2021-03-31 23:59:00,568] {logging_mixin.py:104} INFO - [2021-03-31 23:59:00,568] {dagbag.py:448} INFO - Filling up the DagBag from /home/airflow/.local/lib/python3.6/site-packages/airflow/example_dags/example_latest_only_with_trigger.py
[2021-03-31 23:59:00,573] {scheduler_job.py:639} INFO - DAG(s) dict_keys(['latest_only_with_trigger']) retrieved from /home/airflow/.local/lib/python3.6/site-packages/airflow/example_dags/example_latest_only_with_trigger.py
[2021-03-31 23:59:00,583] {logging_mixin.py:104} INFO - [2021-03-31 23:59:00,583] {dag.py:1818} INFO - Sync 1 DAGs
[2021-03-31 23:59:00,591] {logging_mixin.py:104} INFO - [2021-03-31 23:59:00,591] {dag.py:2273} INFO - Setting next_dagrun for latest_only_with_trigger to 2021-03-29 00:00:00+00:00
[2021-03-31 23:59:00,596] {scheduler_job.py:190} INFO - Processing /home/airflow/.local/lib/python3.6/site-packages/airflow/example_dags/example_latest_only_with_trigger.py took 0.030 seconds
[2021-03-31 23:59:31,192] {scheduler_job.py:182} INFO - Started process (PID=104) to work on /home/airflow/.local/lib/python3.6/site-packages/airflow/example_dags/example_latest_only_with_trigger.py
[2021-03-31 23:59:31,193] {scheduler_job.py:629} INFO - Processing file /home/airflow/.local/lib/python3.6/site-packages/airflow/example_dags/example_latest_only_with_trigger.py for tasks to queue
[2021-03-31 23:59:31,193] {logging_mixin.py:104} INFO - [2021-03-31 23:59:31,193] {dagbag.py:448} INFO - Filling up the DagBag from /home/airflow/.local/lib/python3.6/site-packages/airflow/example_dags/example_latest_only_with_trigger.py
[2021-03-31 23:59:31,198] {scheduler_job.py:639} INFO - DAG(s) dict_keys(['latest_only_with_trigger']) retrieved from /home/airflow/.local/lib/python3.6/site-packages/airflow/example_dags/example_latest_only_with_trigger.py
[2021-03-31 23:59:31,209] {logging_mixin.py:104} INFO - [2021-03-31 23:59:31,209] {dag.py:1818} INFO - Sync 1 DAGs
[2021-03-31 23:59:31,216] {logging_mixin.py:104} INFO - [2021-03-31 23:59:31,216] {dag.py:2273} INFO - Setting next_dagrun for latest_only_with_trigger to 2021-03-29 00:00:00+00:00
[2021-03-31 23:59:31,223] {scheduler_job.py:190} INFO - Processing /home/airflow/.local/lib/python3.6/site-packages/airflow/example_dags/example_latest_only_with_trigger.py took 0.032 seconds
