[2021-03-31 23:58:29,950] {scheduler_job.py:182} INFO - Started process (PID=56) to work on /home/airflow/.local/lib/python3.6/site-packages/airflow/example_dags/example_trigger_target_dag.py
[2021-03-31 23:58:29,950] {scheduler_job.py:629} INFO - Processing file /home/airflow/.local/lib/python3.6/site-packages/airflow/example_dags/example_trigger_target_dag.py for tasks to queue
[2021-03-31 23:58:29,950] {logging_mixin.py:104} INFO - [2021-03-31 23:58:29,950] {dagbag.py:448} INFO - Filling up the DagBag from /home/airflow/.local/lib/python3.6/site-packages/airflow/example_dags/example_trigger_target_dag.py
[2021-03-31 23:58:29,957] {scheduler_job.py:639} INFO - DAG(s) dict_keys(['example_trigger_target_dag']) retrieved from /home/airflow/.local/lib/python3.6/site-packages/airflow/example_dags/example_trigger_target_dag.py
[2021-03-31 23:58:29,968] {logging_mixin.py:104} INFO - [2021-03-31 23:58:29,968] {dag.py:1818} INFO - Sync 1 DAGs
[2021-03-31 23:58:29,973] {logging_mixin.py:104} INFO - [2021-03-31 23:58:29,973] {dag.py:1837} INFO - Creating ORM DAG for example_trigger_target_dag
[2021-03-31 23:58:29,976] {logging_mixin.py:104} INFO - [2021-03-31 23:58:29,976] {dag.py:2273} INFO - Setting next_dagrun for example_trigger_target_dag to None
[2021-03-31 23:58:29,987] {scheduler_job.py:190} INFO - Processing /home/airflow/.local/lib/python3.6/site-packages/airflow/example_dags/example_trigger_target_dag.py took 0.039 seconds
[2021-03-31 23:59:00,638] {scheduler_job.py:182} INFO - Started process (PID=82) to work on /home/airflow/.local/lib/python3.6/site-packages/airflow/example_dags/example_trigger_target_dag.py
[2021-03-31 23:59:00,638] {scheduler_job.py:629} INFO - Processing file /home/airflow/.local/lib/python3.6/site-packages/airflow/example_dags/example_trigger_target_dag.py for tasks to queue
[2021-03-31 23:59:00,639] {logging_mixin.py:104} INFO - [2021-03-31 23:59:00,639] {dagbag.py:448} INFO - Filling up the DagBag from /home/airflow/.local/lib/python3.6/site-packages/airflow/example_dags/example_trigger_target_dag.py
[2021-03-31 23:59:00,644] {scheduler_job.py:639} INFO - DAG(s) dict_keys(['example_trigger_target_dag']) retrieved from /home/airflow/.local/lib/python3.6/site-packages/airflow/example_dags/example_trigger_target_dag.py
[2021-03-31 23:59:00,654] {logging_mixin.py:104} INFO - [2021-03-31 23:59:00,654] {dag.py:1818} INFO - Sync 1 DAGs
[2021-03-31 23:59:00,661] {logging_mixin.py:104} INFO - [2021-03-31 23:59:00,661] {dag.py:2273} INFO - Setting next_dagrun for example_trigger_target_dag to None
[2021-03-31 23:59:00,666] {scheduler_job.py:190} INFO - Processing /home/airflow/.local/lib/python3.6/site-packages/airflow/example_dags/example_trigger_target_dag.py took 0.030 seconds
[2021-03-31 23:59:31,269] {scheduler_job.py:182} INFO - Started process (PID=108) to work on /home/airflow/.local/lib/python3.6/site-packages/airflow/example_dags/example_trigger_target_dag.py
[2021-03-31 23:59:31,269] {scheduler_job.py:629} INFO - Processing file /home/airflow/.local/lib/python3.6/site-packages/airflow/example_dags/example_trigger_target_dag.py for tasks to queue
[2021-03-31 23:59:31,270] {logging_mixin.py:104} INFO - [2021-03-31 23:59:31,270] {dagbag.py:448} INFO - Filling up the DagBag from /home/airflow/.local/lib/python3.6/site-packages/airflow/example_dags/example_trigger_target_dag.py
[2021-03-31 23:59:31,276] {scheduler_job.py:639} INFO - DAG(s) dict_keys(['example_trigger_target_dag']) retrieved from /home/airflow/.local/lib/python3.6/site-packages/airflow/example_dags/example_trigger_target_dag.py
[2021-03-31 23:59:31,286] {logging_mixin.py:104} INFO - [2021-03-31 23:59:31,286] {dag.py:1818} INFO - Sync 1 DAGs
[2021-03-31 23:59:31,293] {logging_mixin.py:104} INFO - [2021-03-31 23:59:31,293] {dag.py:2273} INFO - Setting next_dagrun for example_trigger_target_dag to None
[2021-03-31 23:59:31,300] {scheduler_job.py:190} INFO - Processing /home/airflow/.local/lib/python3.6/site-packages/airflow/example_dags/example_trigger_target_dag.py took 0.032 seconds
