[2021-03-31 23:58:29,895] {scheduler_job.py:182} INFO - Started process (PID=53) to work on /home/airflow/.local/lib/python3.6/site-packages/airflow/example_dags/example_short_circuit_operator.py
[2021-03-31 23:58:29,895] {scheduler_job.py:629} INFO - Processing file /home/airflow/.local/lib/python3.6/site-packages/airflow/example_dags/example_short_circuit_operator.py for tasks to queue
[2021-03-31 23:58:29,896] {logging_mixin.py:104} INFO - [2021-03-31 23:58:29,896] {dagbag.py:448} INFO - Filling up the DagBag from /home/airflow/.local/lib/python3.6/site-packages/airflow/example_dags/example_short_circuit_operator.py
[2021-03-31 23:58:29,902] {scheduler_job.py:639} INFO - DAG(s) dict_keys(['example_short_circuit_operator']) retrieved from /home/airflow/.local/lib/python3.6/site-packages/airflow/example_dags/example_short_circuit_operator.py
[2021-03-31 23:58:29,915] {logging_mixin.py:104} INFO - [2021-03-31 23:58:29,915] {dag.py:1818} INFO - Sync 1 DAGs
[2021-03-31 23:58:29,920] {logging_mixin.py:104} INFO - [2021-03-31 23:58:29,920] {dag.py:1837} INFO - Creating ORM DAG for example_short_circuit_operator
[2021-03-31 23:58:29,923] {logging_mixin.py:104} INFO - [2021-03-31 23:58:29,923] {dag.py:2273} INFO - Setting next_dagrun for example_short_circuit_operator to 2021-03-29 00:00:00+00:00
[2021-03-31 23:58:29,931] {scheduler_job.py:190} INFO - Processing /home/airflow/.local/lib/python3.6/site-packages/airflow/example_dags/example_short_circuit_operator.py took 0.038 seconds
[2021-03-31 23:59:00,599] {scheduler_job.py:182} INFO - Started process (PID=79) to work on /home/airflow/.local/lib/python3.6/site-packages/airflow/example_dags/example_short_circuit_operator.py
[2021-03-31 23:59:00,599] {scheduler_job.py:629} INFO - Processing file /home/airflow/.local/lib/python3.6/site-packages/airflow/example_dags/example_short_circuit_operator.py for tasks to queue
[2021-03-31 23:59:00,599] {logging_mixin.py:104} INFO - [2021-03-31 23:59:00,599] {dagbag.py:448} INFO - Filling up the DagBag from /home/airflow/.local/lib/python3.6/site-packages/airflow/example_dags/example_short_circuit_operator.py
[2021-03-31 23:59:00,606] {scheduler_job.py:639} INFO - DAG(s) dict_keys(['example_short_circuit_operator']) retrieved from /home/airflow/.local/lib/python3.6/site-packages/airflow/example_dags/example_short_circuit_operator.py
[2021-03-31 23:59:00,616] {logging_mixin.py:104} INFO - [2021-03-31 23:59:00,616] {dag.py:1818} INFO - Sync 1 DAGs
[2021-03-31 23:59:00,624] {logging_mixin.py:104} INFO - [2021-03-31 23:59:00,623] {dag.py:2273} INFO - Setting next_dagrun for example_short_circuit_operator to 2021-03-29 00:00:00+00:00
[2021-03-31 23:59:00,629] {scheduler_job.py:190} INFO - Processing /home/airflow/.local/lib/python3.6/site-packages/airflow/example_dags/example_short_circuit_operator.py took 0.032 seconds
[2021-03-31 23:59:31,212] {scheduler_job.py:182} INFO - Started process (PID=105) to work on /home/airflow/.local/lib/python3.6/site-packages/airflow/example_dags/example_short_circuit_operator.py
[2021-03-31 23:59:31,212] {scheduler_job.py:629} INFO - Processing file /home/airflow/.local/lib/python3.6/site-packages/airflow/example_dags/example_short_circuit_operator.py for tasks to queue
[2021-03-31 23:59:31,212] {logging_mixin.py:104} INFO - [2021-03-31 23:59:31,212] {dagbag.py:448} INFO - Filling up the DagBag from /home/airflow/.local/lib/python3.6/site-packages/airflow/example_dags/example_short_circuit_operator.py
[2021-03-31 23:59:31,219] {scheduler_job.py:639} INFO - DAG(s) dict_keys(['example_short_circuit_operator']) retrieved from /home/airflow/.local/lib/python3.6/site-packages/airflow/example_dags/example_short_circuit_operator.py
[2021-03-31 23:59:31,229] {logging_mixin.py:104} INFO - [2021-03-31 23:59:31,229] {dag.py:1818} INFO - Sync 1 DAGs
[2021-03-31 23:59:31,237] {logging_mixin.py:104} INFO - [2021-03-31 23:59:31,237] {dag.py:2273} INFO - Setting next_dagrun for example_short_circuit_operator to 2021-03-29 00:00:00+00:00
[2021-03-31 23:59:31,243] {scheduler_job.py:190} INFO - Processing /home/airflow/.local/lib/python3.6/site-packages/airflow/example_dags/example_short_circuit_operator.py took 0.033 seconds
