[2021-03-31 23:58:29,398] {scheduler_job.py:182} INFO - Started process (PID=35) to work on /home/airflow/.local/lib/python3.6/site-packages/airflow/example_dags/example_branch_operator.py
[2021-03-31 23:58:29,399] {scheduler_job.py:629} INFO - Processing file /home/airflow/.local/lib/python3.6/site-packages/airflow/example_dags/example_branch_operator.py for tasks to queue
[2021-03-31 23:58:29,399] {logging_mixin.py:104} INFO - [2021-03-31 23:58:29,399] {dagbag.py:448} INFO - Filling up the DagBag from /home/airflow/.local/lib/python3.6/site-packages/airflow/example_dags/example_branch_operator.py
[2021-03-31 23:58:29,413] {scheduler_job.py:639} INFO - DAG(s) dict_keys(['example_branch_operator']) retrieved from /home/airflow/.local/lib/python3.6/site-packages/airflow/example_dags/example_branch_operator.py
[2021-03-31 23:58:29,425] {logging_mixin.py:104} INFO - [2021-03-31 23:58:29,425] {dag.py:1818} INFO - Sync 1 DAGs
[2021-03-31 23:58:29,431] {logging_mixin.py:104} INFO - [2021-03-31 23:58:29,431] {dag.py:1837} INFO - Creating ORM DAG for example_branch_operator
[2021-03-31 23:58:29,437] {logging_mixin.py:104} INFO - [2021-03-31 23:58:29,437] {dag.py:2273} INFO - Setting next_dagrun for example_branch_operator to 2021-03-29 00:00:00+00:00
[2021-03-31 23:58:29,449] {scheduler_job.py:190} INFO - Processing /home/airflow/.local/lib/python3.6/site-packages/airflow/example_dags/example_branch_operator.py took 0.052 seconds
[2021-03-31 23:59:00,226] {scheduler_job.py:182} INFO - Started process (PID=61) to work on /home/airflow/.local/lib/python3.6/site-packages/airflow/example_dags/example_branch_operator.py
[2021-03-31 23:59:00,228] {scheduler_job.py:629} INFO - Processing file /home/airflow/.local/lib/python3.6/site-packages/airflow/example_dags/example_branch_operator.py for tasks to queue
[2021-03-31 23:59:00,229] {logging_mixin.py:104} INFO - [2021-03-31 23:59:00,229] {dagbag.py:448} INFO - Filling up the DagBag from /home/airflow/.local/lib/python3.6/site-packages/airflow/example_dags/example_branch_operator.py
[2021-03-31 23:59:00,247] {scheduler_job.py:639} INFO - DAG(s) dict_keys(['example_branch_operator']) retrieved from /home/airflow/.local/lib/python3.6/site-packages/airflow/example_dags/example_branch_operator.py
[2021-03-31 23:59:00,262] {logging_mixin.py:104} INFO - [2021-03-31 23:59:00,262] {dag.py:1818} INFO - Sync 1 DAGs
[2021-03-31 23:59:00,274] {logging_mixin.py:104} INFO - [2021-03-31 23:59:00,274] {dag.py:2273} INFO - Setting next_dagrun for example_branch_operator to 2021-03-29 00:00:00+00:00
[2021-03-31 23:59:00,280] {scheduler_job.py:190} INFO - Processing /home/airflow/.local/lib/python3.6/site-packages/airflow/example_dags/example_branch_operator.py took 0.061 seconds
[2021-03-31 23:59:30,860] {scheduler_job.py:182} INFO - Started process (PID=87) to work on /home/airflow/.local/lib/python3.6/site-packages/airflow/example_dags/example_branch_operator.py
[2021-03-31 23:59:30,862] {scheduler_job.py:629} INFO - Processing file /home/airflow/.local/lib/python3.6/site-packages/airflow/example_dags/example_branch_operator.py for tasks to queue
[2021-03-31 23:59:30,862] {logging_mixin.py:104} INFO - [2021-03-31 23:59:30,862] {dagbag.py:448} INFO - Filling up the DagBag from /home/airflow/.local/lib/python3.6/site-packages/airflow/example_dags/example_branch_operator.py
[2021-03-31 23:59:30,879] {scheduler_job.py:639} INFO - DAG(s) dict_keys(['example_branch_operator']) retrieved from /home/airflow/.local/lib/python3.6/site-packages/airflow/example_dags/example_branch_operator.py
[2021-03-31 23:59:30,893] {logging_mixin.py:104} INFO - [2021-03-31 23:59:30,893] {dag.py:1818} INFO - Sync 1 DAGs
[2021-03-31 23:59:30,905] {logging_mixin.py:104} INFO - [2021-03-31 23:59:30,905] {dag.py:2273} INFO - Setting next_dagrun for example_branch_operator to 2021-03-29 00:00:00+00:00
[2021-03-31 23:59:30,911] {scheduler_job.py:190} INFO - Processing /home/airflow/.local/lib/python3.6/site-packages/airflow/example_dags/example_branch_operator.py took 0.056 seconds
