[2021-03-31 23:58:29,847] {scheduler_job.py:182} INFO - Started process (PID=51) to work on /home/airflow/.local/lib/python3.6/site-packages/airflow/example_dags/example_dag_decorator.py
[2021-03-31 23:58:29,847] {scheduler_job.py:629} INFO - Processing file /home/airflow/.local/lib/python3.6/site-packages/airflow/example_dags/example_dag_decorator.py for tasks to queue
[2021-03-31 23:58:29,847] {logging_mixin.py:104} INFO - [2021-03-31 23:58:29,847] {dagbag.py:448} INFO - Filling up the DagBag from /home/airflow/.local/lib/python3.6/site-packages/airflow/example_dags/example_dag_decorator.py
[2021-03-31 23:58:29,859] {scheduler_job.py:639} INFO - DAG(s) dict_keys(['example_dag_decorator']) retrieved from /home/airflow/.local/lib/python3.6/site-packages/airflow/example_dags/example_dag_decorator.py
[2021-03-31 23:58:29,871] {logging_mixin.py:104} INFO - [2021-03-31 23:58:29,871] {dag.py:1818} INFO - Sync 1 DAGs
[2021-03-31 23:58:29,876] {logging_mixin.py:104} INFO - [2021-03-31 23:58:29,876] {dag.py:1837} INFO - Creating ORM DAG for example_dag_decorator
[2021-03-31 23:58:29,878] {logging_mixin.py:104} INFO - [2021-03-31 23:58:29,878] {dag.py:2273} INFO - Setting next_dagrun for example_dag_decorator to None
[2021-03-31 23:58:29,887] {scheduler_job.py:190} INFO - Processing /home/airflow/.local/lib/python3.6/site-packages/airflow/example_dags/example_dag_decorator.py took 0.042 seconds
[2021-03-31 23:59:00,559] {scheduler_job.py:182} INFO - Started process (PID=77) to work on /home/airflow/.local/lib/python3.6/site-packages/airflow/example_dags/example_dag_decorator.py
[2021-03-31 23:59:00,560] {scheduler_job.py:629} INFO - Processing file /home/airflow/.local/lib/python3.6/site-packages/airflow/example_dags/example_dag_decorator.py for tasks to queue
[2021-03-31 23:59:00,560] {logging_mixin.py:104} INFO - [2021-03-31 23:59:00,560] {dagbag.py:448} INFO - Filling up the DagBag from /home/airflow/.local/lib/python3.6/site-packages/airflow/example_dags/example_dag_decorator.py
[2021-03-31 23:59:00,567] {scheduler_job.py:639} INFO - DAG(s) dict_keys(['example_dag_decorator']) retrieved from /home/airflow/.local/lib/python3.6/site-packages/airflow/example_dags/example_dag_decorator.py
[2021-03-31 23:59:00,579] {logging_mixin.py:104} INFO - [2021-03-31 23:59:00,579] {dag.py:1818} INFO - Sync 1 DAGs
[2021-03-31 23:59:00,586] {logging_mixin.py:104} INFO - [2021-03-31 23:59:00,586] {dag.py:2273} INFO - Setting next_dagrun for example_dag_decorator to None
[2021-03-31 23:59:00,592] {scheduler_job.py:190} INFO - Processing /home/airflow/.local/lib/python3.6/site-packages/airflow/example_dags/example_dag_decorator.py took 0.034 seconds
[2021-03-31 23:59:31,170] {scheduler_job.py:182} INFO - Started process (PID=103) to work on /home/airflow/.local/lib/python3.6/site-packages/airflow/example_dags/example_dag_decorator.py
[2021-03-31 23:59:31,170] {scheduler_job.py:629} INFO - Processing file /home/airflow/.local/lib/python3.6/site-packages/airflow/example_dags/example_dag_decorator.py for tasks to queue
[2021-03-31 23:59:31,171] {logging_mixin.py:104} INFO - [2021-03-31 23:59:31,171] {dagbag.py:448} INFO - Filling up the DagBag from /home/airflow/.local/lib/python3.6/site-packages/airflow/example_dags/example_dag_decorator.py
[2021-03-31 23:59:31,178] {scheduler_job.py:639} INFO - DAG(s) dict_keys(['example_dag_decorator']) retrieved from /home/airflow/.local/lib/python3.6/site-packages/airflow/example_dags/example_dag_decorator.py
[2021-03-31 23:59:31,190] {logging_mixin.py:104} INFO - [2021-03-31 23:59:31,190] {dag.py:1818} INFO - Sync 1 DAGs
[2021-03-31 23:59:31,197] {logging_mixin.py:104} INFO - [2021-03-31 23:59:31,197] {dag.py:2273} INFO - Setting next_dagrun for example_dag_decorator to None
[2021-03-31 23:59:31,205] {scheduler_job.py:190} INFO - Processing /home/airflow/.local/lib/python3.6/site-packages/airflow/example_dags/example_dag_decorator.py took 0.036 seconds
