[2021-03-31 23:58:29,457] {scheduler_job.py:182} INFO - Started process (PID=37) to work on /home/airflow/.local/lib/python3.6/site-packages/airflow/example_dags/example_xcom.py
[2021-03-31 23:58:29,458] {scheduler_job.py:629} INFO - Processing file /home/airflow/.local/lib/python3.6/site-packages/airflow/example_dags/example_xcom.py for tasks to queue
[2021-03-31 23:58:29,458] {logging_mixin.py:104} INFO - [2021-03-31 23:58:29,458] {dagbag.py:448} INFO - Filling up the DagBag from /home/airflow/.local/lib/python3.6/site-packages/airflow/example_dags/example_xcom.py
[2021-03-31 23:58:29,464] {scheduler_job.py:639} INFO - DAG(s) dict_keys(['example_xcom']) retrieved from /home/airflow/.local/lib/python3.6/site-packages/airflow/example_dags/example_xcom.py
[2021-03-31 23:58:29,500] {logging_mixin.py:104} INFO - [2021-03-31 23:58:29,500] {dag.py:1818} INFO - Sync 1 DAGs
[2021-03-31 23:58:29,507] {logging_mixin.py:104} INFO - [2021-03-31 23:58:29,507] {dag.py:1837} INFO - Creating ORM DAG for example_xcom
[2021-03-31 23:58:29,511] {logging_mixin.py:104} INFO - [2021-03-31 23:58:29,511] {dag.py:2273} INFO - Setting next_dagrun for example_xcom to 2021-03-29 00:00:00+00:00
[2021-03-31 23:58:29,527] {scheduler_job.py:190} INFO - Processing /home/airflow/.local/lib/python3.6/site-packages/airflow/example_dags/example_xcom.py took 0.072 seconds
[2021-03-31 23:59:00,283] {scheduler_job.py:182} INFO - Started process (PID=63) to work on /home/airflow/.local/lib/python3.6/site-packages/airflow/example_dags/example_xcom.py
[2021-03-31 23:59:00,284] {scheduler_job.py:629} INFO - Processing file /home/airflow/.local/lib/python3.6/site-packages/airflow/example_dags/example_xcom.py for tasks to queue
[2021-03-31 23:59:00,284] {logging_mixin.py:104} INFO - [2021-03-31 23:59:00,284] {dagbag.py:448} INFO - Filling up the DagBag from /home/airflow/.local/lib/python3.6/site-packages/airflow/example_dags/example_xcom.py
[2021-03-31 23:59:00,290] {scheduler_job.py:639} INFO - DAG(s) dict_keys(['example_xcom']) retrieved from /home/airflow/.local/lib/python3.6/site-packages/airflow/example_dags/example_xcom.py
[2021-03-31 23:59:00,300] {logging_mixin.py:104} INFO - [2021-03-31 23:59:00,300] {dag.py:1818} INFO - Sync 1 DAGs
[2021-03-31 23:59:00,307] {logging_mixin.py:104} INFO - [2021-03-31 23:59:00,307] {dag.py:2273} INFO - Setting next_dagrun for example_xcom to 2021-03-29 00:00:00+00:00
[2021-03-31 23:59:00,313] {scheduler_job.py:190} INFO - Processing /home/airflow/.local/lib/python3.6/site-packages/airflow/example_dags/example_xcom.py took 0.030 seconds
[2021-03-31 23:59:30,915] {scheduler_job.py:182} INFO - Started process (PID=89) to work on /home/airflow/.local/lib/python3.6/site-packages/airflow/example_dags/example_xcom.py
[2021-03-31 23:59:30,915] {scheduler_job.py:629} INFO - Processing file /home/airflow/.local/lib/python3.6/site-packages/airflow/example_dags/example_xcom.py for tasks to queue
[2021-03-31 23:59:30,915] {logging_mixin.py:104} INFO - [2021-03-31 23:59:30,915] {dagbag.py:448} INFO - Filling up the DagBag from /home/airflow/.local/lib/python3.6/site-packages/airflow/example_dags/example_xcom.py
[2021-03-31 23:59:30,921] {scheduler_job.py:639} INFO - DAG(s) dict_keys(['example_xcom']) retrieved from /home/airflow/.local/lib/python3.6/site-packages/airflow/example_dags/example_xcom.py
[2021-03-31 23:59:30,931] {logging_mixin.py:104} INFO - [2021-03-31 23:59:30,931] {dag.py:1818} INFO - Sync 1 DAGs
[2021-03-31 23:59:30,938] {logging_mixin.py:104} INFO - [2021-03-31 23:59:30,938] {dag.py:2273} INFO - Setting next_dagrun for example_xcom to 2021-03-29 00:00:00+00:00
[2021-03-31 23:59:30,944] {scheduler_job.py:190} INFO - Processing /home/airflow/.local/lib/python3.6/site-packages/airflow/example_dags/example_xcom.py took 0.030 seconds
