[2021-03-31 23:58:29,617] {scheduler_job.py:182} INFO - Started process (PID=42) to work on /home/airflow/.local/lib/python3.6/site-packages/airflow/example_dags/example_branch_python_dop_operator_3.py
[2021-03-31 23:58:29,617] {scheduler_job.py:629} INFO - Processing file /home/airflow/.local/lib/python3.6/site-packages/airflow/example_dags/example_branch_python_dop_operator_3.py for tasks to queue
[2021-03-31 23:58:29,617] {logging_mixin.py:104} INFO - [2021-03-31 23:58:29,617] {dagbag.py:448} INFO - Filling up the DagBag from /home/airflow/.local/lib/python3.6/site-packages/airflow/example_dags/example_branch_python_dop_operator_3.py
[2021-03-31 23:58:29,625] {scheduler_job.py:639} INFO - DAG(s) dict_keys(['example_branch_dop_operator_v3']) retrieved from /home/airflow/.local/lib/python3.6/site-packages/airflow/example_dags/example_branch_python_dop_operator_3.py
[2021-03-31 23:58:29,637] {logging_mixin.py:104} INFO - [2021-03-31 23:58:29,637] {dag.py:1818} INFO - Sync 1 DAGs
[2021-03-31 23:58:29,642] {logging_mixin.py:104} INFO - [2021-03-31 23:58:29,642] {dag.py:1837} INFO - Creating ORM DAG for example_branch_dop_operator_v3
[2021-03-31 23:58:29,655] {logging_mixin.py:104} INFO - [2021-03-31 23:58:29,655] {dag.py:2273} INFO - Setting next_dagrun for example_branch_dop_operator_v3 to 2021-03-29 00:00:00+00:00
[2021-03-31 23:58:29,664] {scheduler_job.py:190} INFO - Processing /home/airflow/.local/lib/python3.6/site-packages/airflow/example_dags/example_branch_python_dop_operator_3.py took 0.049 seconds
[2021-03-31 23:59:00,356] {scheduler_job.py:182} INFO - Started process (PID=68) to work on /home/airflow/.local/lib/python3.6/site-packages/airflow/example_dags/example_branch_python_dop_operator_3.py
[2021-03-31 23:59:00,357] {scheduler_job.py:629} INFO - Processing file /home/airflow/.local/lib/python3.6/site-packages/airflow/example_dags/example_branch_python_dop_operator_3.py for tasks to queue
[2021-03-31 23:59:00,357] {logging_mixin.py:104} INFO - [2021-03-31 23:59:00,357] {dagbag.py:448} INFO - Filling up the DagBag from /home/airflow/.local/lib/python3.6/site-packages/airflow/example_dags/example_branch_python_dop_operator_3.py
[2021-03-31 23:59:00,364] {scheduler_job.py:639} INFO - DAG(s) dict_keys(['example_branch_dop_operator_v3']) retrieved from /home/airflow/.local/lib/python3.6/site-packages/airflow/example_dags/example_branch_python_dop_operator_3.py
[2021-03-31 23:59:00,375] {logging_mixin.py:104} INFO - [2021-03-31 23:59:00,375] {dag.py:1818} INFO - Sync 1 DAGs
[2021-03-31 23:59:00,391] {logging_mixin.py:104} INFO - [2021-03-31 23:59:00,391] {dag.py:2273} INFO - Setting next_dagrun for example_branch_dop_operator_v3 to 2021-03-29 00:00:00+00:00
[2021-03-31 23:59:00,397] {scheduler_job.py:190} INFO - Processing /home/airflow/.local/lib/python3.6/site-packages/airflow/example_dags/example_branch_python_dop_operator_3.py took 0.042 seconds
[2021-03-31 23:59:30,988] {scheduler_job.py:182} INFO - Started process (PID=94) to work on /home/airflow/.local/lib/python3.6/site-packages/airflow/example_dags/example_branch_python_dop_operator_3.py
[2021-03-31 23:59:30,988] {scheduler_job.py:629} INFO - Processing file /home/airflow/.local/lib/python3.6/site-packages/airflow/example_dags/example_branch_python_dop_operator_3.py for tasks to queue
[2021-03-31 23:59:30,988] {logging_mixin.py:104} INFO - [2021-03-31 23:59:30,988] {dagbag.py:448} INFO - Filling up the DagBag from /home/airflow/.local/lib/python3.6/site-packages/airflow/example_dags/example_branch_python_dop_operator_3.py
[2021-03-31 23:59:30,995] {scheduler_job.py:639} INFO - DAG(s) dict_keys(['example_branch_dop_operator_v3']) retrieved from /home/airflow/.local/lib/python3.6/site-packages/airflow/example_dags/example_branch_python_dop_operator_3.py
[2021-03-31 23:59:31,005] {logging_mixin.py:104} INFO - [2021-03-31 23:59:31,005] {dag.py:1818} INFO - Sync 1 DAGs
[2021-03-31 23:59:31,021] {logging_mixin.py:104} INFO - [2021-03-31 23:59:31,021] {dag.py:2273} INFO - Setting next_dagrun for example_branch_dop_operator_v3 to 2021-03-29 00:00:00+00:00
[2021-03-31 23:59:31,026] {scheduler_job.py:190} INFO - Processing /home/airflow/.local/lib/python3.6/site-packages/airflow/example_dags/example_branch_python_dop_operator_3.py took 0.040 seconds
