[2021-03-31 23:58:29,998] {scheduler_job.py:182} INFO - Started process (PID=57) to work on /home/airflow/.local/lib/python3.6/site-packages/airflow/example_dags/example_python_operator.py
[2021-03-31 23:58:29,998] {scheduler_job.py:629} INFO - Processing file /home/airflow/.local/lib/python3.6/site-packages/airflow/example_dags/example_python_operator.py for tasks to queue
[2021-03-31 23:58:29,999] {logging_mixin.py:104} INFO - [2021-03-31 23:58:29,998] {dagbag.py:448} INFO - Filling up the DagBag from /home/airflow/.local/lib/python3.6/site-packages/airflow/example_dags/example_python_operator.py
[2021-03-31 23:58:30,008] {scheduler_job.py:639} INFO - DAG(s) dict_keys(['example_python_operator']) retrieved from /home/airflow/.local/lib/python3.6/site-packages/airflow/example_dags/example_python_operator.py
[2021-03-31 23:58:30,023] {logging_mixin.py:104} INFO - [2021-03-31 23:58:30,023] {dag.py:1818} INFO - Sync 1 DAGs
[2021-03-31 23:58:30,031] {logging_mixin.py:104} INFO - [2021-03-31 23:58:30,031] {dag.py:1837} INFO - Creating ORM DAG for example_python_operator
[2021-03-31 23:58:30,035] {logging_mixin.py:104} INFO - [2021-03-31 23:58:30,035] {dag.py:2273} INFO - Setting next_dagrun for example_python_operator to None
[2021-03-31 23:58:30,047] {scheduler_job.py:190} INFO - Processing /home/airflow/.local/lib/python3.6/site-packages/airflow/example_dags/example_python_operator.py took 0.051 seconds
[2021-03-31 23:59:00,673] {scheduler_job.py:182} INFO - Started process (PID=83) to work on /home/airflow/.local/lib/python3.6/site-packages/airflow/example_dags/example_python_operator.py
[2021-03-31 23:59:00,673] {scheduler_job.py:629} INFO - Processing file /home/airflow/.local/lib/python3.6/site-packages/airflow/example_dags/example_python_operator.py for tasks to queue
[2021-03-31 23:59:00,674] {logging_mixin.py:104} INFO - [2021-03-31 23:59:00,674] {dagbag.py:448} INFO - Filling up the DagBag from /home/airflow/.local/lib/python3.6/site-packages/airflow/example_dags/example_python_operator.py
[2021-03-31 23:59:00,680] {scheduler_job.py:639} INFO - DAG(s) dict_keys(['example_python_operator']) retrieved from /home/airflow/.local/lib/python3.6/site-packages/airflow/example_dags/example_python_operator.py
[2021-03-31 23:59:00,690] {logging_mixin.py:104} INFO - [2021-03-31 23:59:00,690] {dag.py:1818} INFO - Sync 1 DAGs
[2021-03-31 23:59:00,697] {logging_mixin.py:104} INFO - [2021-03-31 23:59:00,697] {dag.py:2273} INFO - Setting next_dagrun for example_python_operator to None
[2021-03-31 23:59:00,703] {scheduler_job.py:190} INFO - Processing /home/airflow/.local/lib/python3.6/site-packages/airflow/example_dags/example_python_operator.py took 0.031 seconds
[2021-03-31 23:59:31,298] {scheduler_job.py:182} INFO - Started process (PID=109) to work on /home/airflow/.local/lib/python3.6/site-packages/airflow/example_dags/example_python_operator.py
[2021-03-31 23:59:31,298] {scheduler_job.py:629} INFO - Processing file /home/airflow/.local/lib/python3.6/site-packages/airflow/example_dags/example_python_operator.py for tasks to queue
[2021-03-31 23:59:31,298] {logging_mixin.py:104} INFO - [2021-03-31 23:59:31,298] {dagbag.py:448} INFO - Filling up the DagBag from /home/airflow/.local/lib/python3.6/site-packages/airflow/example_dags/example_python_operator.py
[2021-03-31 23:59:31,305] {scheduler_job.py:639} INFO - DAG(s) dict_keys(['example_python_operator']) retrieved from /home/airflow/.local/lib/python3.6/site-packages/airflow/example_dags/example_python_operator.py
[2021-03-31 23:59:31,316] {logging_mixin.py:104} INFO - [2021-03-31 23:59:31,315] {dag.py:1818} INFO - Sync 1 DAGs
[2021-03-31 23:59:31,323] {logging_mixin.py:104} INFO - [2021-03-31 23:59:31,323] {dag.py:2273} INFO - Setting next_dagrun for example_python_operator to None
[2021-03-31 23:59:31,330] {scheduler_job.py:190} INFO - Processing /home/airflow/.local/lib/python3.6/site-packages/airflow/example_dags/example_python_operator.py took 0.033 seconds
