[2021-03-31 23:58:29,750] {scheduler_job.py:182} INFO - Started process (PID=47) to work on /home/airflow/.local/lib/python3.6/site-packages/airflow/example_dags/example_external_task_marker_dag.py
[2021-03-31 23:58:29,750] {scheduler_job.py:629} INFO - Processing file /home/airflow/.local/lib/python3.6/site-packages/airflow/example_dags/example_external_task_marker_dag.py for tasks to queue
[2021-03-31 23:58:29,751] {logging_mixin.py:104} INFO - [2021-03-31 23:58:29,751] {dagbag.py:448} INFO - Filling up the DagBag from /home/airflow/.local/lib/python3.6/site-packages/airflow/example_dags/example_external_task_marker_dag.py
[2021-03-31 23:58:29,758] {scheduler_job.py:639} INFO - DAG(s) dict_keys(['example_external_task_marker_parent', 'example_external_task_marker_child']) retrieved from /home/airflow/.local/lib/python3.6/site-packages/airflow/example_dags/example_external_task_marker_dag.py
[2021-03-31 23:58:29,772] {logging_mixin.py:104} INFO - [2021-03-31 23:58:29,772] {dag.py:1818} INFO - Sync 2 DAGs
[2021-03-31 23:58:29,777] {logging_mixin.py:104} INFO - [2021-03-31 23:58:29,777] {dag.py:1837} INFO - Creating ORM DAG for example_external_task_marker_parent
[2021-03-31 23:58:29,777] {logging_mixin.py:104} INFO - [2021-03-31 23:58:29,777] {dag.py:1837} INFO - Creating ORM DAG for example_external_task_marker_child
[2021-03-31 23:58:29,780] {logging_mixin.py:104} INFO - [2021-03-31 23:58:29,780] {dag.py:2273} INFO - Setting next_dagrun for example_external_task_marker_child to None
[2021-03-31 23:58:29,780] {logging_mixin.py:104} INFO - [2021-03-31 23:58:29,780] {dag.py:2273} INFO - Setting next_dagrun for example_external_task_marker_parent to None
[2021-03-31 23:58:29,789] {scheduler_job.py:190} INFO - Processing /home/airflow/.local/lib/python3.6/site-packages/airflow/example_dags/example_external_task_marker_dag.py took 0.041 seconds
[2021-03-31 23:59:00,476] {scheduler_job.py:182} INFO - Started process (PID=73) to work on /home/airflow/.local/lib/python3.6/site-packages/airflow/example_dags/example_external_task_marker_dag.py
[2021-03-31 23:59:00,476] {scheduler_job.py:629} INFO - Processing file /home/airflow/.local/lib/python3.6/site-packages/airflow/example_dags/example_external_task_marker_dag.py for tasks to queue
[2021-03-31 23:59:00,476] {logging_mixin.py:104} INFO - [2021-03-31 23:59:00,476] {dagbag.py:448} INFO - Filling up the DagBag from /home/airflow/.local/lib/python3.6/site-packages/airflow/example_dags/example_external_task_marker_dag.py
[2021-03-31 23:59:00,482] {scheduler_job.py:639} INFO - DAG(s) dict_keys(['example_external_task_marker_parent', 'example_external_task_marker_child']) retrieved from /home/airflow/.local/lib/python3.6/site-packages/airflow/example_dags/example_external_task_marker_dag.py
[2021-03-31 23:59:00,495] {logging_mixin.py:104} INFO - [2021-03-31 23:59:00,495] {dag.py:1818} INFO - Sync 2 DAGs
[2021-03-31 23:59:00,503] {logging_mixin.py:104} INFO - [2021-03-31 23:59:00,503] {dag.py:2273} INFO - Setting next_dagrun for example_external_task_marker_child to None
[2021-03-31 23:59:00,504] {logging_mixin.py:104} INFO - [2021-03-31 23:59:00,503] {dag.py:2273} INFO - Setting next_dagrun for example_external_task_marker_parent to None
[2021-03-31 23:59:00,510] {scheduler_job.py:190} INFO - Processing /home/airflow/.local/lib/python3.6/site-packages/airflow/example_dags/example_external_task_marker_dag.py took 0.036 seconds
[2021-03-31 23:59:31,089] {scheduler_job.py:182} INFO - Started process (PID=99) to work on /home/airflow/.local/lib/python3.6/site-packages/airflow/example_dags/example_external_task_marker_dag.py
[2021-03-31 23:59:31,090] {scheduler_job.py:629} INFO - Processing file /home/airflow/.local/lib/python3.6/site-packages/airflow/example_dags/example_external_task_marker_dag.py for tasks to queue
[2021-03-31 23:59:31,090] {logging_mixin.py:104} INFO - [2021-03-31 23:59:31,090] {dagbag.py:448} INFO - Filling up the DagBag from /home/airflow/.local/lib/python3.6/site-packages/airflow/example_dags/example_external_task_marker_dag.py
[2021-03-31 23:59:31,096] {scheduler_job.py:639} INFO - DAG(s) dict_keys(['example_external_task_marker_parent', 'example_external_task_marker_child']) retrieved from /home/airflow/.local/lib/python3.6/site-packages/airflow/example_dags/example_external_task_marker_dag.py
[2021-03-31 23:59:31,107] {logging_mixin.py:104} INFO - [2021-03-31 23:59:31,107] {dag.py:1818} INFO - Sync 2 DAGs
[2021-03-31 23:59:31,114] {logging_mixin.py:104} INFO - [2021-03-31 23:59:31,114] {dag.py:2273} INFO - Setting next_dagrun for example_external_task_marker_child to None
[2021-03-31 23:59:31,115] {logging_mixin.py:104} INFO - [2021-03-31 23:59:31,115] {dag.py:2273} INFO - Setting next_dagrun for example_external_task_marker_parent to None
[2021-03-31 23:59:31,121] {scheduler_job.py:190} INFO - Processing /home/airflow/.local/lib/python3.6/site-packages/airflow/example_dags/example_external_task_marker_dag.py took 0.033 seconds
