[2021-03-31 23:58:29,905] {scheduler_job.py:182} INFO - Started process (PID=54) to work on /home/airflow/.local/lib/python3.6/site-packages/airflow/example_dags/example_kubernetes_executor.py
[2021-03-31 23:58:29,905] {scheduler_job.py:629} INFO - Processing file /home/airflow/.local/lib/python3.6/site-packages/airflow/example_dags/example_kubernetes_executor.py for tasks to queue
[2021-03-31 23:58:29,905] {logging_mixin.py:104} INFO - [2021-03-31 23:58:29,905] {dagbag.py:448} INFO - Filling up the DagBag from /home/airflow/.local/lib/python3.6/site-packages/airflow/example_dags/example_kubernetes_executor.py
[2021-03-31 23:58:29,912] {scheduler_job.py:639} INFO - DAG(s) dict_keys(['example_kubernetes_executor']) retrieved from /home/airflow/.local/lib/python3.6/site-packages/airflow/example_dags/example_kubernetes_executor.py
[2021-03-31 23:58:29,924] {logging_mixin.py:104} INFO - [2021-03-31 23:58:29,924] {dag.py:1818} INFO - Sync 1 DAGs
[2021-03-31 23:58:29,929] {logging_mixin.py:104} INFO - [2021-03-31 23:58:29,929] {dag.py:1837} INFO - Creating ORM DAG for example_kubernetes_executor
[2021-03-31 23:58:29,932] {logging_mixin.py:104} INFO - [2021-03-31 23:58:29,932] {dag.py:2273} INFO - Setting next_dagrun for example_kubernetes_executor to None
[2021-03-31 23:58:29,942] {scheduler_job.py:190} INFO - Processing /home/airflow/.local/lib/python3.6/site-packages/airflow/example_dags/example_kubernetes_executor.py took 0.039 seconds
[2021-03-31 23:59:00,603] {scheduler_job.py:182} INFO - Started process (PID=80) to work on /home/airflow/.local/lib/python3.6/site-packages/airflow/example_dags/example_kubernetes_executor.py
[2021-03-31 23:59:00,603] {scheduler_job.py:629} INFO - Processing file /home/airflow/.local/lib/python3.6/site-packages/airflow/example_dags/example_kubernetes_executor.py for tasks to queue
[2021-03-31 23:59:00,604] {logging_mixin.py:104} INFO - [2021-03-31 23:59:00,604] {dagbag.py:448} INFO - Filling up the DagBag from /home/airflow/.local/lib/python3.6/site-packages/airflow/example_dags/example_kubernetes_executor.py
[2021-03-31 23:59:00,609] {scheduler_job.py:639} INFO - DAG(s) dict_keys(['example_kubernetes_executor']) retrieved from /home/airflow/.local/lib/python3.6/site-packages/airflow/example_dags/example_kubernetes_executor.py
[2021-03-31 23:59:00,619] {logging_mixin.py:104} INFO - [2021-03-31 23:59:00,619] {dag.py:1818} INFO - Sync 1 DAGs
[2021-03-31 23:59:00,626] {logging_mixin.py:104} INFO - [2021-03-31 23:59:00,626] {dag.py:2273} INFO - Setting next_dagrun for example_kubernetes_executor to None
[2021-03-31 23:59:00,632] {scheduler_job.py:190} INFO - Processing /home/airflow/.local/lib/python3.6/site-packages/airflow/example_dags/example_kubernetes_executor.py took 0.030 seconds
[2021-03-31 23:59:31,230] {scheduler_job.py:182} INFO - Started process (PID=106) to work on /home/airflow/.local/lib/python3.6/site-packages/airflow/example_dags/example_kubernetes_executor.py
[2021-03-31 23:59:31,231] {scheduler_job.py:629} INFO - Processing file /home/airflow/.local/lib/python3.6/site-packages/airflow/example_dags/example_kubernetes_executor.py for tasks to queue
[2021-03-31 23:59:31,231] {logging_mixin.py:104} INFO - [2021-03-31 23:59:31,231] {dagbag.py:448} INFO - Filling up the DagBag from /home/airflow/.local/lib/python3.6/site-packages/airflow/example_dags/example_kubernetes_executor.py
[2021-03-31 23:59:31,237] {scheduler_job.py:639} INFO - DAG(s) dict_keys(['example_kubernetes_executor']) retrieved from /home/airflow/.local/lib/python3.6/site-packages/airflow/example_dags/example_kubernetes_executor.py
[2021-03-31 23:59:31,247] {logging_mixin.py:104} INFO - [2021-03-31 23:59:31,247] {dag.py:1818} INFO - Sync 1 DAGs
[2021-03-31 23:59:31,255] {logging_mixin.py:104} INFO - [2021-03-31 23:59:31,255] {dag.py:2273} INFO - Setting next_dagrun for example_kubernetes_executor to None
[2021-03-31 23:59:31,262] {scheduler_job.py:190} INFO - Processing /home/airflow/.local/lib/python3.6/site-packages/airflow/example_dags/example_kubernetes_executor.py took 0.033 seconds
