[2021-03-31 23:58:29,729] {scheduler_job.py:182} INFO - Started process (PID=46) to work on /home/airflow/.local/lib/python3.6/site-packages/airflow/example_dags/example_latest_only.py
[2021-03-31 23:58:29,729] {scheduler_job.py:629} INFO - Processing file /home/airflow/.local/lib/python3.6/site-packages/airflow/example_dags/example_latest_only.py for tasks to queue
[2021-03-31 23:58:29,730] {logging_mixin.py:104} INFO - [2021-03-31 23:58:29,729] {dagbag.py:448} INFO - Filling up the DagBag from /home/airflow/.local/lib/python3.6/site-packages/airflow/example_dags/example_latest_only.py
[2021-03-31 23:58:29,735] {scheduler_job.py:639} INFO - DAG(s) dict_keys(['latest_only']) retrieved from /home/airflow/.local/lib/python3.6/site-packages/airflow/example_dags/example_latest_only.py
[2021-03-31 23:58:29,748] {logging_mixin.py:104} INFO - [2021-03-31 23:58:29,747] {dag.py:1818} INFO - Sync 1 DAGs
[2021-03-31 23:58:29,753] {logging_mixin.py:104} INFO - [2021-03-31 23:58:29,753] {dag.py:1837} INFO - Creating ORM DAG for latest_only
[2021-03-31 23:58:29,756] {logging_mixin.py:104} INFO - [2021-03-31 23:58:29,756] {dag.py:2273} INFO - Setting next_dagrun for latest_only to 2021-03-29 00:00:00+00:00
[2021-03-31 23:58:29,765] {scheduler_job.py:190} INFO - Processing /home/airflow/.local/lib/python3.6/site-packages/airflow/example_dags/example_latest_only.py took 0.037 seconds
[2021-03-31 23:59:00,455] {scheduler_job.py:182} INFO - Started process (PID=72) to work on /home/airflow/.local/lib/python3.6/site-packages/airflow/example_dags/example_latest_only.py
[2021-03-31 23:59:00,456] {scheduler_job.py:629} INFO - Processing file /home/airflow/.local/lib/python3.6/site-packages/airflow/example_dags/example_latest_only.py for tasks to queue
[2021-03-31 23:59:00,456] {logging_mixin.py:104} INFO - [2021-03-31 23:59:00,456] {dagbag.py:448} INFO - Filling up the DagBag from /home/airflow/.local/lib/python3.6/site-packages/airflow/example_dags/example_latest_only.py
[2021-03-31 23:59:00,461] {scheduler_job.py:639} INFO - DAG(s) dict_keys(['latest_only']) retrieved from /home/airflow/.local/lib/python3.6/site-packages/airflow/example_dags/example_latest_only.py
[2021-03-31 23:59:00,470] {logging_mixin.py:104} INFO - [2021-03-31 23:59:00,470] {dag.py:1818} INFO - Sync 1 DAGs
[2021-03-31 23:59:00,478] {logging_mixin.py:104} INFO - [2021-03-31 23:59:00,478] {dag.py:2273} INFO - Setting next_dagrun for latest_only to 2021-03-29 00:00:00+00:00
[2021-03-31 23:59:00,485] {scheduler_job.py:190} INFO - Processing /home/airflow/.local/lib/python3.6/site-packages/airflow/example_dags/example_latest_only.py took 0.032 seconds
[2021-03-31 23:59:31,080] {scheduler_job.py:182} INFO - Started process (PID=98) to work on /home/airflow/.local/lib/python3.6/site-packages/airflow/example_dags/example_latest_only.py
[2021-03-31 23:59:31,080] {scheduler_job.py:629} INFO - Processing file /home/airflow/.local/lib/python3.6/site-packages/airflow/example_dags/example_latest_only.py for tasks to queue
[2021-03-31 23:59:31,081] {logging_mixin.py:104} INFO - [2021-03-31 23:59:31,081] {dagbag.py:448} INFO - Filling up the DagBag from /home/airflow/.local/lib/python3.6/site-packages/airflow/example_dags/example_latest_only.py
[2021-03-31 23:59:31,086] {scheduler_job.py:639} INFO - DAG(s) dict_keys(['latest_only']) retrieved from /home/airflow/.local/lib/python3.6/site-packages/airflow/example_dags/example_latest_only.py
[2021-03-31 23:59:31,096] {logging_mixin.py:104} INFO - [2021-03-31 23:59:31,096] {dag.py:1818} INFO - Sync 1 DAGs
[2021-03-31 23:59:31,104] {logging_mixin.py:104} INFO - [2021-03-31 23:59:31,104] {dag.py:2273} INFO - Setting next_dagrun for latest_only to 2021-03-29 00:00:00+00:00
[2021-03-31 23:59:31,110] {scheduler_job.py:190} INFO - Processing /home/airflow/.local/lib/python3.6/site-packages/airflow/example_dags/example_latest_only.py took 0.032 seconds
